[35m[1mConsolidate compiler generated dependencies of target image_projection_node[0m
[ 25%] Built target lidar_data_node
[ 50%] Built target show_map_node
[ 62%] [32mBuilding CXX object CMakeFiles/image_projection_node.dir/src/ImageProjection.cpp.o[0m
[ 87%] Built target front_end_node
[100%] [32m[1mLinking CXX executable image_projection_node[0m
[100%] Built target image_projection_node
-- Install configuration: ""
-- Up-to-date: /home/evan/code/ndt-loc/install/map/lib/map/lidar_data_node
-- Installing: /home/evan/code/ndt-loc/install/map/lib/map/image_projection_node
-- Set runtime path of "/home/evan/code/ndt-loc/install/map/lib/map/image_projection_node" to ""
-- Up-to-date: /home/evan/code/ndt-loc/install/map/lib/map/front_end_node
-- Up-to-date: /home/evan/code/ndt-loc/install/map/lib/map/show_map_node
-- Up-to-date: /home/evan/code/ndt-loc/install/map/share/ament_index/resource_index/package_run_dependencies/map
-- Up-to-date: /home/evan/code/ndt-loc/install/map/share/ament_index/resource_index/parent_prefix_path/map
-- Up-to-date: /home/evan/code/ndt-loc/install/map/share/map/environment/ament_prefix_path.sh
-- Up-to-date: /home/evan/code/ndt-loc/install/map/share/map/environment/ament_prefix_path.dsv
-- Up-to-date: /home/evan/code/ndt-loc/install/map/share/map/environment/path.sh
-- Up-to-date: /home/evan/code/ndt-loc/install/map/share/map/environment/path.dsv
-- Up-to-date: /home/evan/code/ndt-loc/install/map/share/map/local_setup.bash
-- Up-to-date: /home/evan/code/ndt-loc/install/map/share/map/local_setup.sh
-- Up-to-date: /home/evan/code/ndt-loc/install/map/share/map/local_setup.zsh
-- Up-to-date: /home/evan/code/ndt-loc/install/map/share/map/local_setup.dsv
-- Installing: /home/evan/code/ndt-loc/install/map/share/map/package.dsv
-- Up-to-date: /home/evan/code/ndt-loc/install/map/share/ament_index/resource_index/packages/map
-- Up-to-date: /home/evan/code/ndt-loc/install/map/share/map/cmake/ament_cmake_export_include_directories-extras.cmake
-- Up-to-date: /home/evan/code/ndt-loc/install/map/share/map/cmake/mapConfig.cmake
-- Up-to-date: /home/evan/code/ndt-loc/install/map/share/map/cmake/mapConfig-version.cmake
-- Up-to-date: /home/evan/code/ndt-loc/install/map/share/map/package.xml
