[35m[1mConsolidate compiler generated dependencies of target lidar_data_node[0m
[ 50%] [32mBuilding CXX object CMakeFiles/lidar_data_node.dir/src/LidarData.cpp.o[0m
In file included from [01m[K/opt/ros/humble/include/rclcpp/rclcpp/logging.hpp:24[m[K,
                 from [01m[K/opt/ros/humble/include/rclcpp/rclcpp/client.hpp:40[m[K,
                 from [01m[K/opt/ros/humble/include/rclcpp/rclcpp/callback_group.hpp:24[m[K,
                 from [01m[K/opt/ros/humble/include/rclcpp/rclcpp/any_executable.hpp:20[m[K,
                 from [01m[K/opt/ros/humble/include/rclcpp/rclcpp/memory_strategy.hpp:25[m[K,
                 from [01m[K/opt/ros/humble/include/rclcpp/rclcpp/memory_strategies.hpp:18[m[K,
                 from [01m[K/opt/ros/humble/include/rclcpp/rclcpp/executor_options.hpp:20[m[K,
                 from [01m[K/opt/ros/humble/include/rclcpp/rclcpp/executor.hpp:37[m[K,
                 from [01m[K/opt/ros/humble/include/rclcpp/rclcpp/executors/multi_threaded_executor.hpp:25[m[K,
                 from [01m[K/opt/ros/humble/include/rclcpp/rclcpp/executors.hpp:21[m[K,
                 from [01m[K/opt/ros/humble/include/rclcpp/rclcpp/rclcpp.hpp:155[m[K,
                 from [01m[K/home/evan/code/ndt-loc/src/data-publisher/include/data-publisher/LidarData.h:9[m[K,
                 from [01m[K/home/evan/code/ndt-loc/src/data-publisher/src/LidarData.cpp:1[m[K:
[01m[K/home/evan/code/ndt-loc/src/data-publisher/src/LidarData.cpp:[m[K In member function ‘[01m[Kvoid DATA::LidarData::PublishCloud()[m[K’:
[01m[K/home/evan/code/ndt-loc/src/data-publisher/src/LidarData.cpp:70:39:[m[K [01;35m[Kwarning: [m[Kformat ‘[01m[K%d[m[K’ expects argument of type ‘[01m[Kint[m[K’, but argument 5 has type ‘[01m[Kstd::size_t[m[K’ {aka ‘[01m[Klong unsigned int[m[K’} [[01;35m[K]8;;https://gcc.gnu.org/onlinedocs/gcc/Warning-Options.html#index-Wformat=-Wformat=]8;;[m[K]
   70 |     RCLCPP_INFO(this -> get_logger(), [01;35m[K"%d"[m[K, [32m[K_laser_data -> size()[m[K);
      |                                       [01;35m[K^~~~[m[K  [32m[K~~~~~~~~~~~~~~~~~~~~~[m[K
      |                                                                [32m[K|[m[K
      |                                                                [32m[Kstd::size_t {aka long unsigned int}[m[K
[01m[K/home/evan/code/ndt-loc/src/data-publisher/src/LidarData.cpp:70:41:[m[K [01;36m[Knote: [m[Kformat string is defined here
   70 |     RCLCPP_INFO(this -> get_logger(), "[01;36m[K%d[m[K", _laser_data -> size());
      |                                        [01;36m[K~^[m[K
      |                                         [01;36m[K|[m[K
      |                                         [01;36m[Kint[m[K
      |                                        [32m[K%ld[m[K
[100%] [32m[1mLinking CXX executable lidar_data_node[0m
[100%] Built target lidar_data_node
-- Install configuration: ""
-- Installing: /home/evan/code/ndt-loc/install/data-publisher/lib/data-publisher/lidar_data_node
-- Set runtime path of "/home/evan/code/ndt-loc/install/data-publisher/lib/data-publisher/lidar_data_node" to ""
-- Up-to-date: /home/evan/code/ndt-loc/install/data-publisher/share/ament_index/resource_index/package_run_dependencies/data-publisher
-- Up-to-date: /home/evan/code/ndt-loc/install/data-publisher/share/ament_index/resource_index/parent_prefix_path/data-publisher
-- Up-to-date: /home/evan/code/ndt-loc/install/data-publisher/share/data-publisher/environment/ament_prefix_path.sh
-- Up-to-date: /home/evan/code/ndt-loc/install/data-publisher/share/data-publisher/environment/ament_prefix_path.dsv
-- Up-to-date: /home/evan/code/ndt-loc/install/data-publisher/share/data-publisher/environment/path.sh
-- Up-to-date: /home/evan/code/ndt-loc/install/data-publisher/share/data-publisher/environment/path.dsv
-- Up-to-date: /home/evan/code/ndt-loc/install/data-publisher/share/data-publisher/local_setup.bash
-- Up-to-date: /home/evan/code/ndt-loc/install/data-publisher/share/data-publisher/local_setup.sh
-- Up-to-date: /home/evan/code/ndt-loc/install/data-publisher/share/data-publisher/local_setup.zsh
-- Up-to-date: /home/evan/code/ndt-loc/install/data-publisher/share/data-publisher/local_setup.dsv
-- Installing: /home/evan/code/ndt-loc/install/data-publisher/share/data-publisher/package.dsv
-- Up-to-date: /home/evan/code/ndt-loc/install/data-publisher/share/ament_index/resource_index/packages/data-publisher
-- Up-to-date: /home/evan/code/ndt-loc/install/data-publisher/share/data-publisher/cmake/ament_cmake_export_include_directories-extras.cmake
-- Up-to-date: /home/evan/code/ndt-loc/install/data-publisher/share/data-publisher/cmake/data-publisherConfig.cmake
-- Up-to-date: /home/evan/code/ndt-loc/install/data-publisher/share/data-publisher/cmake/data-publisherConfig-version.cmake
-- Up-to-date: /home/evan/code/ndt-loc/install/data-publisher/share/data-publisher/package.xml
