[0.020s] Invoking command in '/home/evan/code/ndt-loc/build/data-publisher': CMAKE_PREFIX_PATH=${CMAKE_PREFIX_PATH}:/opt/ros/humble /usr/bin/cmake --build /home/evan/code/ndt-loc/build/data-publisher -- -j4 -l4
[0.083s] [35m[1mConsolidate compiler generated dependencies of target lidar_data_node[0m
[0.118s] [ 50%] [32mBuilding CXX object CMakeFiles/lidar_data_node.dir/src/LidarData.cpp.o[0m
[6.330s] In file included from [01m[K/opt/ros/humble/include/rclcpp/rclcpp/logging.hpp:24[m[K,
[6.330s]                  from [01m[K/opt/ros/humble/include/rclcpp/rclcpp/client.hpp:40[m[K,
[6.330s]                  from [01m[K/opt/ros/humble/include/rclcpp/rclcpp/callback_group.hpp:24[m[K,
[6.330s]                  from [01m[K/opt/ros/humble/include/rclcpp/rclcpp/any_executable.hpp:20[m[K,
[6.330s]                  from [01m[K/opt/ros/humble/include/rclcpp/rclcpp/memory_strategy.hpp:25[m[K,
[6.330s]                  from [01m[K/opt/ros/humble/include/rclcpp/rclcpp/memory_strategies.hpp:18[m[K,
[6.331s]                  from [01m[K/opt/ros/humble/include/rclcpp/rclcpp/executor_options.hpp:20[m[K,
[6.331s]                  from [01m[K/opt/ros/humble/include/rclcpp/rclcpp/executor.hpp:37[m[K,
[6.331s]                  from [01m[K/opt/ros/humble/include/rclcpp/rclcpp/executors/multi_threaded_executor.hpp:25[m[K,
[6.331s]                  from [01m[K/opt/ros/humble/include/rclcpp/rclcpp/executors.hpp:21[m[K,
[6.331s]                  from [01m[K/opt/ros/humble/include/rclcpp/rclcpp/rclcpp.hpp:155[m[K,
[6.331s]                  from [01m[K/home/evan/code/ndt-loc/src/data-publisher/include/data-publisher/LidarData.h:9[m[K,
[6.331s]                  from [01m[K/home/evan/code/ndt-loc/src/data-publisher/src/LidarData.cpp:1[m[K:
[6.331s] [01m[K/home/evan/code/ndt-loc/src/data-publisher/src/LidarData.cpp:[m[K In member function ‘[01m[Kvoid DATA::LidarData::PublishCloud()[m[K’:
[6.331s] [01m[K/home/evan/code/ndt-loc/src/data-publisher/src/LidarData.cpp:70:39:[m[K [01;35m[Kwarning: [m[Kformat ‘[01m[K%d[m[K’ expects argument of type ‘[01m[Kint[m[K’, but argument 5 has type ‘[01m[Kstd::size_t[m[K’ {aka ‘[01m[Klong unsigned int[m[K’} [[01;35m[K]8;;https://gcc.gnu.org/onlinedocs/gcc/Warning-Options.html#index-Wformat=-Wformat=]8;;[m[K]
[6.331s]    70 |     RCLCPP_INFO(this -> get_logger(), [01;35m[K"%d"[m[K, [32m[K_laser_data -> size()[m[K);
[6.331s]       |                                       [01;35m[K^~~~[m[K  [32m[K~~~~~~~~~~~~~~~~~~~~~[m[K
[6.331s]       |                                                                [32m[K|[m[K
[6.331s]       |                                                                [32m[Kstd::size_t {aka long unsigned int}[m[K
[6.331s] [01m[K/home/evan/code/ndt-loc/src/data-publisher/src/LidarData.cpp:70:41:[m[K [01;36m[Knote: [m[Kformat string is defined here
[6.331s]    70 |     RCLCPP_INFO(this -> get_logger(), "[01;36m[K%d[m[K", _laser_data -> size());
[6.332s]       |                                        [01;36m[K~^[m[K
[6.332s]       |                                         [01;36m[K|[m[K
[6.332s]       |                                         [01;36m[Kint[m[K
[6.332s]       |                                        [32m[K%ld[m[K
[9.242s] [100%] [32m[1mLinking CXX executable lidar_data_node[0m
[9.865s] [100%] Built target lidar_data_node
[9.890s] Invoked command in '/home/evan/code/ndt-loc/build/data-publisher' returned '0': CMAKE_PREFIX_PATH=${CMAKE_PREFIX_PATH}:/opt/ros/humble /usr/bin/cmake --build /home/evan/code/ndt-loc/build/data-publisher -- -j4 -l4
[9.932s] Invoking command in '/home/evan/code/ndt-loc/build/data-publisher': CMAKE_PREFIX_PATH=${CMAKE_PREFIX_PATH}:/opt/ros/humble /usr/bin/cmake --install /home/evan/code/ndt-loc/build/data-publisher
[9.941s] -- Install configuration: ""
[9.941s] -- Installing: /home/evan/code/ndt-loc/install/data-publisher/lib/data-publisher/lidar_data_node
[9.944s] -- Set runtime path of "/home/evan/code/ndt-loc/install/data-publisher/lib/data-publisher/lidar_data_node" to ""
[9.944s] -- Up-to-date: /home/evan/code/ndt-loc/install/data-publisher/share/ament_index/resource_index/package_run_dependencies/data-publisher
[9.944s] -- Up-to-date: /home/evan/code/ndt-loc/install/data-publisher/share/ament_index/resource_index/parent_prefix_path/data-publisher
[9.944s] -- Up-to-date: /home/evan/code/ndt-loc/install/data-publisher/share/data-publisher/environment/ament_prefix_path.sh
[9.944s] -- Up-to-date: /home/evan/code/ndt-loc/install/data-publisher/share/data-publisher/environment/ament_prefix_path.dsv
[9.944s] -- Up-to-date: /home/evan/code/ndt-loc/install/data-publisher/share/data-publisher/environment/path.sh
[9.944s] -- Up-to-date: /home/evan/code/ndt-loc/install/data-publisher/share/data-publisher/environment/path.dsv
[9.944s] -- Up-to-date: /home/evan/code/ndt-loc/install/data-publisher/share/data-publisher/local_setup.bash
[9.944s] -- Up-to-date: /home/evan/code/ndt-loc/install/data-publisher/share/data-publisher/local_setup.sh
[9.945s] -- Up-to-date: /home/evan/code/ndt-loc/install/data-publisher/share/data-publisher/local_setup.zsh
[9.945s] -- Up-to-date: /home/evan/code/ndt-loc/install/data-publisher/share/data-publisher/local_setup.dsv
[9.945s] -- Installing: /home/evan/code/ndt-loc/install/data-publisher/share/data-publisher/package.dsv
[9.945s] -- Up-to-date: /home/evan/code/ndt-loc/install/data-publisher/share/ament_index/resource_index/packages/data-publisher
[9.945s] -- Up-to-date: /home/evan/code/ndt-loc/install/data-publisher/share/data-publisher/cmake/ament_cmake_export_include_directories-extras.cmake
[9.945s] -- Up-to-date: /home/evan/code/ndt-loc/install/data-publisher/share/data-publisher/cmake/data-publisherConfig.cmake
[9.945s] -- Up-to-date: /home/evan/code/ndt-loc/install/data-publisher/share/data-publisher/cmake/data-publisherConfig-version.cmake
[9.945s] -- Up-to-date: /home/evan/code/ndt-loc/install/data-publisher/share/data-publisher/package.xml
[9.947s] Invoked command in '/home/evan/code/ndt-loc/build/data-publisher' returned '0': CMAKE_PREFIX_PATH=${CMAKE_PREFIX_PATH}:/opt/ros/humble /usr/bin/cmake --install /home/evan/code/ndt-loc/build/data-publisher
