[0.022s] Invoking command in '/home/evan/code/ndt-loc/build/map': CMAKE_PREFIX_PATH=${CMAKE_PREFIX_PATH}:/opt/ros/humble /usr/bin/cmake --build /home/evan/code/ndt-loc/build/map -- -j4 -l4
[0.077s] [35m[1mConsolidate compiler generated dependencies of target LidarData[0m
[0.122s] [ 50%] [32mBuilding CXX object CMakeFiles/LidarData.dir/src/LidarData.cpp.o[0m
[7.839s] [100%] [32m[1mLinking CXX executable LidarData[0m
[8.296s] [100%] Built target LidarData
[8.311s] Invoked command in '/home/evan/code/ndt-loc/build/map' returned '0': CMAKE_PREFIX_PATH=${CMAKE_PREFIX_PATH}:/opt/ros/humble /usr/bin/cmake --build /home/evan/code/ndt-loc/build/map -- -j4 -l4
[8.340s] Invoking command in '/home/evan/code/ndt-loc/build/map': CMAKE_PREFIX_PATH=${CMAKE_PREFIX_PATH}:/opt/ros/humble /usr/bin/cmake --install /home/evan/code/ndt-loc/build/map
[8.348s] -- Install configuration: ""
[8.349s] -- Up-to-date: /home/evan/code/ndt-loc/install/map/share/ament_index/resource_index/package_run_dependencies/map
[8.349s] -- Up-to-date: /home/evan/code/ndt-loc/install/map/share/ament_index/resource_index/parent_prefix_path/map
[8.349s] -- Up-to-date: /home/evan/code/ndt-loc/install/map/share/map/environment/ament_prefix_path.sh
[8.349s] -- Up-to-date: /home/evan/code/ndt-loc/install/map/share/map/environment/ament_prefix_path.dsv
[8.349s] -- Up-to-date: /home/evan/code/ndt-loc/install/map/share/map/environment/path.sh
[8.349s] -- Up-to-date: /home/evan/code/ndt-loc/install/map/share/map/environment/path.dsv
[8.349s] -- Up-to-date: /home/evan/code/ndt-loc/install/map/share/map/local_setup.bash
[8.349s] -- Up-to-date: /home/evan/code/ndt-loc/install/map/share/map/local_setup.sh
[8.349s] -- Up-to-date: /home/evan/code/ndt-loc/install/map/share/map/local_setup.zsh
[8.349s] -- Up-to-date: /home/evan/code/ndt-loc/install/map/share/map/local_setup.dsv
[8.349s] -- Installing: /home/evan/code/ndt-loc/install/map/share/map/package.dsv
[8.350s] -- Up-to-date: /home/evan/code/ndt-loc/install/map/share/ament_index/resource_index/packages/map
[8.350s] -- Up-to-date: /home/evan/code/ndt-loc/install/map/share/map/cmake/ament_cmake_export_include_directories-extras.cmake
[8.350s] -- Up-to-date: /home/evan/code/ndt-loc/install/map/share/map/cmake/mapConfig.cmake
[8.350s] -- Up-to-date: /home/evan/code/ndt-loc/install/map/share/map/cmake/mapConfig-version.cmake
[8.350s] -- Up-to-date: /home/evan/code/ndt-loc/install/map/share/map/package.xml
[8.353s] Invoked command in '/home/evan/code/ndt-loc/build/map' returned '0': CMAKE_PREFIX_PATH=${CMAKE_PREFIX_PATH}:/opt/ros/humble /usr/bin/cmake --install /home/evan/code/ndt-loc/build/map
