-- Found ament_cmake: 1.3.3 (/opt/ros/humble/share/ament_cmake/cmake)
-- Found rclcpp: 16.0.3 (/opt/ros/humble/share/rclcpp/cmake)
-- Found rosidl_generator_c: 3.1.4 (/opt/ros/humble/share/rosidl_generator_c/cmake)
-- Found rosidl_adapter: 3.1.4 (/opt/ros/humble/share/rosidl_adapter/cmake)
-- Found rosidl_generator_cpp: 3.1.4 (/opt/ros/humble/share/rosidl_generator_cpp/cmake)
-- Using all available rosidl_typesupport_c: rosidl_typesupport_fastrtps_c;rosidl_typesupport_introspection_c
-- Using all available rosidl_typesupport_cpp: rosidl_typesupport_fastrtps_cpp;rosidl_typesupport_introspection_cpp
-- Found rmw_implementation_cmake: 6.1.1 (/opt/ros/humble/share/rmw_implementation_cmake/cmake)
-- Found rmw_fastrtps_cpp: 6.2.2 (/opt/ros/humble/share/rmw_fastrtps_cpp/cmake)
-- Using RMW implementation 'rmw_fastrtps_cpp' as default
-- Found sensor_msgs: 4.2.3 (/opt/ros/humble/share/sensor_msgs/cmake)
-- Eigen found (include: /usr/include/eigen3, version: 3.4.0)
-- FLANN found (include: /usr/include, lib: /usr/lib/x86_64-linux-gnu/libflann_cpp.so)
-- OpenNI found (version: 1.5.4.0, include: /usr/include/ni, lib: /usr/lib/libOpenNI.so;libusb::libusb)
-- OpenNI2 found (version: 2.2.0.33, include: /usr/include/openni2, lib: /usr/lib/x86_64-linux-gnu/libOpenNI2.so;libusb::libusb)
[0m** WARNING ** io features related to pcap will be disabled[0m
-- Eigen found (include: /usr/include/eigen3, version: 3.4.0)
-- OpenNI found (version: 1.5.4.0, include: /usr/include/ni, lib: /usr/lib/libOpenNI.so;libusb::libusb)
-- OpenNI2 found (version: 2.2.0.33, include: /usr/include/openni2, lib: /usr/lib/x86_64-linux-gnu/libOpenNI2.so;libusb::libusb)
-- Found Qhull version 8.0.2
-- OpenNI found (version: 1.5.4.0, include: /usr/include/ni, lib: /usr/lib/libOpenNI.so;libusb::libusb)
-- looking for PCL_COMMON
-- looking for PCL_KDTREE
-- looking for PCL_OCTREE
-- looking for PCL_SEARCH
-- looking for PCL_SAMPLE_CONSENSUS
-- looking for PCL_FILTERS
-- looking for PCL_2D
-- looking for PCL_GEOMETRY
-- looking for PCL_IO
-- looking for PCL_FEATURES
-- looking for PCL_ML
-- looking for PCL_SEGMENTATION
-- looking for PCL_VISUALIZATION
-- looking for PCL_SURFACE
-- looking for PCL_REGISTRATION
-- looking for PCL_KEYPOINTS
-- looking for PCL_TRACKING
-- looking for PCL_RECOGNITION
-- looking for PCL_STEREO
-- looking for PCL_APPS
-- looking for PCL_IN_HAND_SCANNER
-- looking for PCL_MODELER
-- looking for PCL_POINT_CLOUD_EDITOR
-- looking for PCL_OUTOFCORE
-- looking for PCL_PEOPLE
-- Found pcl_conversions: 2.4.0 (/opt/ros/humble/share/pcl_conversions/cmake)
-- Configuring done
-- Generating done
-- Build files have been written to: /home/evan/code/ndt-loc/build/map
[35m[1mConsolidate compiler generated dependencies of target lidar_data_node[0m
[ 20%] Built target lidar_data_node
[35m[1mConsolidate compiler generated dependencies of target show_map_node[0m
[ 40%] Built target show_map_node
[ 50%] [32mBuilding CXX object CMakeFiles/mapping_node.dir/src/GroundTruth.cpp.o[0m
[01m[K/home/evan/code/ndt-loc/src/map/src/GroundTruth.cpp:[m[K In constructor ‘[01m[Kndtloc::pose::pose(std::string, std::string, std::string, std::string)[m[K’:
[01m[K/home/evan/code/ndt-loc/src/map/src/GroundTruth.cpp:13:58:[m[K [01;35m[Kwarning: [m[Kunused parameter ‘[01m[Kyaw[m[K’ [[01;35m[K]8;;https://gcc.gnu.org/onlinedocs/gcc/Warning-Options.html#index-Wunused-parameter-Wunused-parameter]8;;[m[K]
   13 |     pose(std::string _dix, std::string _diy, [01;35m[Kstd::string yaw[m[K, std::string _timestamping){
      |                                              [01;35m[K~~~~~~~~~~~~^~~[m[K
[01m[K/home/evan/code/ndt-loc/src/map/src/GroundTruth.cpp:[m[K In function ‘[01m[KEigen::Matrix4f TransMatrix(ndtloc::pose&)[m[K’:
[01m[K/home/evan/code/ndt-loc/src/map/src/GroundTruth.cpp:83:65:[m[K [01;31m[Kerror: [m[Kno matching function for call to ‘[01m[KEigen::AngleAxis<float>::AngleAxis(float&, const BasisReturnType (&)())[m[K’
   83 |     Eigen::AngleAxisf rot_z(cur_pose.yaw, Eigen::Vector3f::UnitZ[01;31m[K)[m[K;
      |                                                                 [01;31m[K^[m[K
In file included from [01m[K/usr/include/eigen3/Eigen/Geometry:43[m[K,
                 from [01m[K/usr/include/pcl-1.12/pcl/point_cloud.h:46[m[K,
                 from [01m[K/home/evan/code/ndt-loc/src/map/include/map/utilty.h:9[m[K,
                 from [01m[K/home/evan/code/ndt-loc/src/map/src/GroundTruth.cpp:3[m[K:
[01m[K/usr/include/eigen3/Eigen/src/Geometry/AngleAxis.h:139:37:[m[K [01;36m[Knote: [m[Kcandidate: ‘[01m[Ktemplate<class OtherScalarType> Eigen::AngleAxis<Scalar>::AngleAxis(const Eigen::AngleAxis<NewScalarType>&) [with OtherScalarType = OtherScalarType; _Scalar = float][m[K’
  139 |   EIGEN_DEVICE_FUNC inline explicit [01;36m[KAngleAxis[m[K(const AngleAxis<OtherScalarType>& other)
      |                                     [01;36m[K^~~~~~~~~[m[K
[01m[K/usr/include/eigen3/Eigen/src/Geometry/AngleAxis.h:139:37:[m[K [01;36m[Knote: [m[K  template argument deduction/substitution failed:
[01m[K/home/evan/code/ndt-loc/src/map/src/GroundTruth.cpp:83:65:[m[K [01;36m[Knote: [m[K  mismatched types ‘[01m[Kconst Eigen::AngleAxis<_Scalar>[m[K’ and ‘[01m[Kfloat[m[K’
   83 |     Eigen::AngleAxisf rot_z(cur_pose.yaw, Eigen::Vector3f::UnitZ[01;36m[K)[m[K;
      |                                                                 [01;36m[K^[m[K
In file included from [01m[K/usr/include/eigen3/Eigen/Geometry:43[m[K,
                 from [01m[K/usr/include/pcl-1.12/pcl/point_cloud.h:46[m[K,
                 from [01m[K/home/evan/code/ndt-loc/src/map/include/map/utilty.h:9[m[K,
                 from [01m[K/home/evan/code/ndt-loc/src/map/src/GroundTruth.cpp:3[m[K:
[01m[K/usr/include/eigen3/Eigen/src/Geometry/AngleAxis.h:88:37:[m[K [01;36m[Knote: [m[Kcandidate: ‘[01m[Ktemplate<class Derived> Eigen::AngleAxis<Scalar>::AngleAxis(const Eigen::MatrixBase<OtherDerived>&) [with Derived = Derived; _Scalar = float][m[K’
   88 |   EIGEN_DEVICE_FUNC inline explicit [01;36m[KAngleAxis[m[K(const MatrixBase<Derived>& m) { *this = m; }
      |                                     [01;36m[K^~~~~~~~~[m[K
[01m[K/usr/include/eigen3/Eigen/src/Geometry/AngleAxis.h:88:37:[m[K [01;36m[Knote: [m[K  template argument deduction/substitution failed:
[01m[K/home/evan/code/ndt-loc/src/map/src/GroundTruth.cpp:83:65:[m[K [01;36m[Knote: [m[K  mismatched types ‘[01m[Kconst Eigen::MatrixBase<Derived>[m[K’ and ‘[01m[Kfloat[m[K’
   83 |     Eigen::AngleAxisf rot_z(cur_pose.yaw, Eigen::Vector3f::UnitZ[01;36m[K)[m[K;
      |                                                                 [01;36m[K^[m[K
In file included from [01m[K/usr/include/eigen3/Eigen/Geometry:43[m[K,
                 from [01m[K/usr/include/pcl-1.12/pcl/point_cloud.h:46[m[K,
                 from [01m[K/home/evan/code/ndt-loc/src/map/include/map/utilty.h:9[m[K,
                 from [01m[K/home/evan/code/ndt-loc/src/map/src/GroundTruth.cpp:3[m[K:
[01m[K/usr/include/eigen3/Eigen/src/Geometry/AngleAxis.h:85:37:[m[K [01;36m[Knote: [m[Kcandidate: ‘[01m[Ktemplate<class QuatDerived> Eigen::AngleAxis<Scalar>::AngleAxis(const Eigen::QuaternionBase<OtherDerived>&) [with QuatDerived = QuatDerived; _Scalar = float][m[K’
   85 |   EIGEN_DEVICE_FUNC inline explicit [01;36m[KAngleAxis[m[K(const QuaternionBase<QuatDerived>& q) { *this = q; }
      |                                     [01;36m[K^~~~~~~~~[m[K
[01m[K/usr/include/eigen3/Eigen/src/Geometry/AngleAxis.h:85:37:[m[K [01;36m[Knote: [m[K  template argument deduction/substitution failed:
[01m[K/home/evan/code/ndt-loc/src/map/src/GroundTruth.cpp:83:65:[m[K [01;36m[Knote: [m[K  mismatched types ‘[01m[Kconst Eigen::QuaternionBase<Derived>[m[K’ and ‘[01m[Kfloat[m[K’
   83 |     Eigen::AngleAxisf rot_z(cur_pose.yaw, Eigen::Vector3f::UnitZ[01;36m[K)[m[K;
      |                                                                 [01;36m[K^[m[K
In file included from [01m[K/usr/include/eigen3/Eigen/Geometry:43[m[K,
                 from [01m[K/usr/include/pcl-1.12/pcl/point_cloud.h:46[m[K,
                 from [01m[K/home/evan/code/ndt-loc/src/map/include/map/utilty.h:9[m[K,
                 from [01m[K/home/evan/code/ndt-loc/src/map/src/GroundTruth.cpp:3[m[K:
[01m[K/usr/include/eigen3/Eigen/src/Geometry/AngleAxis.h:80:10:[m[K [01;36m[Knote: [m[Kcandidate: ‘[01m[Ktemplate<class Derived> Eigen::AngleAxis<Scalar>::AngleAxis(const Scalar&, const Eigen::MatrixBase<OtherDerived>&) [with Derived = Derived; _Scalar = float][m[K’
   80 |   inline [01;36m[KAngleAxis[m[K(const Scalar& angle, const MatrixBase<Derived>& axis) : m_axis(axis), m_angle(angle) {}
      |          [01;36m[K^~~~~~~~~[m[K
[01m[K/usr/include/eigen3/Eigen/src/Geometry/AngleAxis.h:80:10:[m[K [01;36m[Knote: [m[K  template argument deduction/substitution failed:
[01m[K/home/evan/code/ndt-loc/src/map/src/GroundTruth.cpp:83:65:[m[K [01;36m[Knote: [m[K  mismatched types ‘[01m[Kconst Eigen::MatrixBase<Derived>[m[K’ and ‘[01m[Kconst BasisReturnType()[m[K’ {aka ‘[01m[Kconst Eigen::Block<const Eigen::CwiseNullaryOp<Eigen::internal::scalar_identity_op<float>, Eigen::Matrix<float, 3, 3> >, 3, 1, false>()[m[K’}
   83 |     Eigen::AngleAxisf rot_z(cur_pose.yaw, Eigen::Vector3f::UnitZ[01;36m[K)[m[K;
      |                                                                 [01;36m[K^[m[K
In file included from [01m[K/usr/include/eigen3/Eigen/Geometry:43[m[K,
                 from [01m[K/usr/include/pcl-1.12/pcl/point_cloud.h:46[m[K,
                 from [01m[K/home/evan/code/ndt-loc/src/map/include/map/utilty.h:9[m[K,
                 from [01m[K/home/evan/code/ndt-loc/src/map/src/GroundTruth.cpp:3[m[K:
[01m[K/usr/include/eigen3/Eigen/src/Geometry/AngleAxis.h:72:21:[m[K [01;36m[Knote: [m[Kcandidate: ‘[01m[KEigen::AngleAxis<Scalar>::AngleAxis() [with _Scalar = float][m[K’
   72 |   EIGEN_DEVICE_FUNC [01;36m[KAngleAxis[m[K() {}
      |                     [01;36m[K^~~~~~~~~[m[K
[01m[K/usr/include/eigen3/Eigen/src/Geometry/AngleAxis.h:72:21:[m[K [01;36m[Knote: [m[K  candidate expects 0 arguments, 2 provided
[01m[K/usr/include/eigen3/Eigen/src/Geometry/AngleAxis.h:49:7:[m[K [01;36m[Knote: [m[Kcandidate: ‘[01m[KEigen::AngleAxis<float>::AngleAxis(const Eigen::AngleAxis<float>&)[m[K’
   49 | class [01;36m[KAngleAxis[m[K : public RotationBase<AngleAxis<_Scalar>,3>
      |       [01;36m[K^~~~~~~~~[m[K
[01m[K/usr/include/eigen3/Eigen/src/Geometry/AngleAxis.h:49:7:[m[K [01;36m[Knote: [m[K  candidate expects 1 argument, 2 provided
[01m[K/usr/include/eigen3/Eigen/src/Geometry/AngleAxis.h:49:7:[m[K [01;36m[Knote: [m[Kcandidate: ‘[01m[KEigen::AngleAxis<float>::AngleAxis(Eigen::AngleAxis<float>&&)[m[K’
[01m[K/usr/include/eigen3/Eigen/src/Geometry/AngleAxis.h:49:7:[m[K [01;36m[Knote: [m[K  candidate expects 1 argument, 2 provided
gmake[2]: *** [CMakeFiles/mapping_node.dir/build.make:76: CMakeFiles/mapping_node.dir/src/GroundTruth.cpp.o] Error 1
gmake[1]: *** [CMakeFiles/Makefile2:249: CMakeFiles/mapping_node.dir/all] Error 2
gmake: *** [Makefile:146: all] Error 2
