[0.031s] Invoking command in '/home/evan/code/ndt-loc/build/map': CMAKE_PREFIX_PATH=${CMAKE_PREFIX_PATH}:/opt/ros/humble /usr/bin/cmake --build /home/evan/code/ndt-loc/build/map -- -j4 -l4
[0.367s] -- Found ament_cmake: 1.3.3 (/opt/ros/humble/share/ament_cmake/cmake)
[1.196s] -- Found rclcpp: 16.0.3 (/opt/ros/humble/share/rclcpp/cmake)
[1.639s] -- Found rosidl_generator_c: 3.1.4 (/opt/ros/humble/share/rosidl_generator_c/cmake)
[1.671s] -- Found rosidl_adapter: 3.1.4 (/opt/ros/humble/share/rosidl_adapter/cmake)
[1.712s] -- Found rosidl_generator_cpp: 3.1.4 (/opt/ros/humble/share/rosidl_generator_cpp/cmake)
[1.803s] -- Using all available rosidl_typesupport_c: rosidl_typesupport_fastrtps_c;rosidl_typesupport_introspection_c
[1.950s] -- Using all available rosidl_typesupport_cpp: rosidl_typesupport_fastrtps_cpp;rosidl_typesupport_introspection_cpp
[2.300s] -- Found rmw_implementation_cmake: 6.1.1 (/opt/ros/humble/share/rmw_implementation_cmake/cmake)
[2.325s] -- Found rmw_fastrtps_cpp: 6.2.2 (/opt/ros/humble/share/rmw_fastrtps_cpp/cmake)
[3.199s] -- Using RMW implementation 'rmw_fastrtps_cpp' as default
[3.586s] -- Found sensor_msgs: 4.2.3 (/opt/ros/humble/share/sensor_msgs/cmake)
[3.988s] -- Eigen found (include: /usr/include/eigen3, version: 3.4.0)
[4.278s] -- FLANN found (include: /usr/include, lib: /usr/lib/x86_64-linux-gnu/libflann_cpp.so)
[15.058s] -- OpenNI found (version: 1.5.4.0, include: /usr/include/ni, lib: /usr/lib/libOpenNI.so;libusb::libusb)
[15.113s] -- OpenNI2 found (version: 2.2.0.33, include: /usr/include/openni2, lib: /usr/lib/x86_64-linux-gnu/libOpenNI2.so;libusb::libusb)
[15.114s] [0m** WARNING ** io features related to pcap will be disabled[0m
[15.300s] -- Eigen found (include: /usr/include/eigen3, version: 3.4.0)
[15.308s] -- OpenNI found (version: 1.5.4.0, include: /usr/include/ni, lib: /usr/lib/libOpenNI.so;libusb::libusb)
[15.315s] -- OpenNI2 found (version: 2.2.0.33, include: /usr/include/openni2, lib: /usr/lib/x86_64-linux-gnu/libOpenNI2.so;libusb::libusb)
[15.575s] -- Found Qhull version 8.0.2
[15.762s] -- OpenNI found (version: 1.5.4.0, include: /usr/include/ni, lib: /usr/lib/libOpenNI.so;libusb::libusb)
[15.919s] -- looking for PCL_COMMON
[15.920s] -- looking for PCL_KDTREE
[15.920s] -- looking for PCL_OCTREE
[15.921s] -- looking for PCL_SEARCH
[15.921s] -- looking for PCL_SAMPLE_CONSENSUS
[15.922s] -- looking for PCL_FILTERS
[15.922s] -- looking for PCL_2D
[15.922s] -- looking for PCL_GEOMETRY
[15.923s] -- looking for PCL_IO
[15.923s] -- looking for PCL_FEATURES
[15.924s] -- looking for PCL_ML
[15.924s] -- looking for PCL_SEGMENTATION
[15.925s] -- looking for PCL_VISUALIZATION
[15.925s] -- looking for PCL_SURFACE
[15.926s] -- looking for PCL_REGISTRATION
[15.927s] -- looking for PCL_KEYPOINTS
[15.927s] -- looking for PCL_TRACKING
[15.927s] -- looking for PCL_RECOGNITION
[15.928s] -- looking for PCL_STEREO
[15.929s] -- looking for PCL_APPS
[15.929s] -- looking for PCL_IN_HAND_SCANNER
[15.930s] -- looking for PCL_MODELER
[15.930s] -- looking for PCL_POINT_CLOUD_EDITOR
[15.931s] -- looking for PCL_OUTOFCORE
[15.931s] -- looking for PCL_PEOPLE
[16.032s] -- Found pcl_conversions: 2.4.0 (/opt/ros/humble/share/pcl_conversions/cmake)
[17.524s] -- Configuring done
[18.745s] -- Generating done
[18.761s] -- Build files have been written to: /home/evan/code/ndt-loc/build/map
[18.819s] [35m[1mConsolidate compiler generated dependencies of target lidar_data_node[0m
[18.861s] [ 20%] Built target lidar_data_node
[18.873s] [35m[1mConsolidate compiler generated dependencies of target show_map_node[0m
[18.917s] [ 40%] Built target show_map_node
[18.938s] [ 50%] [32mBuilding CXX object CMakeFiles/mapping_node.dir/src/GroundTruth.cpp.o[0m
[32.019s] [01m[K/home/evan/code/ndt-loc/src/map/src/GroundTruth.cpp:[m[K In constructor ‘[01m[Kndtloc::pose::pose(std::string, std::string, std::string, std::string)[m[K’:
[32.019s] [01m[K/home/evan/code/ndt-loc/src/map/src/GroundTruth.cpp:13:58:[m[K [01;35m[Kwarning: [m[Kunused parameter ‘[01m[Kyaw[m[K’ [[01;35m[K]8;;https://gcc.gnu.org/onlinedocs/gcc/Warning-Options.html#index-Wunused-parameter-Wunused-parameter]8;;[m[K]
[32.019s]    13 |     pose(std::string _dix, std::string _diy, [01;35m[Kstd::string yaw[m[K, std::string _timestamping){
[32.019s]       |                                              [01;35m[K~~~~~~~~~~~~^~~[m[K
[32.029s] [01m[K/home/evan/code/ndt-loc/src/map/src/GroundTruth.cpp:[m[K In function ‘[01m[KEigen::Matrix4f TransMatrix(ndtloc::pose&)[m[K’:
[32.030s] [01m[K/home/evan/code/ndt-loc/src/map/src/GroundTruth.cpp:83:65:[m[K [01;31m[Kerror: [m[Kno matching function for call to ‘[01m[KEigen::AngleAxis<float>::AngleAxis(float&, const BasisReturnType (&)())[m[K’
[32.030s]    83 |     Eigen::AngleAxisf rot_z(cur_pose.yaw, Eigen::Vector3f::UnitZ[01;31m[K)[m[K;
[32.030s]       |                                                                 [01;31m[K^[m[K
[32.030s] In file included from [01m[K/usr/include/eigen3/Eigen/Geometry:43[m[K,
[32.030s]                  from [01m[K/usr/include/pcl-1.12/pcl/point_cloud.h:46[m[K,
[32.030s]                  from [01m[K/home/evan/code/ndt-loc/src/map/include/map/utilty.h:9[m[K,
[32.030s]                  from [01m[K/home/evan/code/ndt-loc/src/map/src/GroundTruth.cpp:3[m[K:
[32.030s] [01m[K/usr/include/eigen3/Eigen/src/Geometry/AngleAxis.h:139:37:[m[K [01;36m[Knote: [m[Kcandidate: ‘[01m[Ktemplate<class OtherScalarType> Eigen::AngleAxis<Scalar>::AngleAxis(const Eigen::AngleAxis<NewScalarType>&) [with OtherScalarType = OtherScalarType; _Scalar = float][m[K’
[32.030s]   139 |   EIGEN_DEVICE_FUNC inline explicit [01;36m[KAngleAxis[m[K(const AngleAxis<OtherScalarType>& other)
[32.030s]       |                                     [01;36m[K^~~~~~~~~[m[K
[32.030s] [01m[K/usr/include/eigen3/Eigen/src/Geometry/AngleAxis.h:139:37:[m[K [01;36m[Knote: [m[K  template argument deduction/substitution failed:
[32.030s] [01m[K/home/evan/code/ndt-loc/src/map/src/GroundTruth.cpp:83:65:[m[K [01;36m[Knote: [m[K  mismatched types ‘[01m[Kconst Eigen::AngleAxis<_Scalar>[m[K’ and ‘[01m[Kfloat[m[K’
[32.030s]    83 |     Eigen::AngleAxisf rot_z(cur_pose.yaw, Eigen::Vector3f::UnitZ[01;36m[K)[m[K;
[32.030s]       |                                                                 [01;36m[K^[m[K
[32.031s] In file included from [01m[K/usr/include/eigen3/Eigen/Geometry:43[m[K,
[32.031s]                  from [01m[K/usr/include/pcl-1.12/pcl/point_cloud.h:46[m[K,
[32.031s]                  from [01m[K/home/evan/code/ndt-loc/src/map/include/map/utilty.h:9[m[K,
[32.031s]                  from [01m[K/home/evan/code/ndt-loc/src/map/src/GroundTruth.cpp:3[m[K:
[32.031s] [01m[K/usr/include/eigen3/Eigen/src/Geometry/AngleAxis.h:88:37:[m[K [01;36m[Knote: [m[Kcandidate: ‘[01m[Ktemplate<class Derived> Eigen::AngleAxis<Scalar>::AngleAxis(const Eigen::MatrixBase<OtherDerived>&) [with Derived = Derived; _Scalar = float][m[K’
[32.031s]    88 |   EIGEN_DEVICE_FUNC inline explicit [01;36m[KAngleAxis[m[K(const MatrixBase<Derived>& m) { *this = m; }
[32.031s]       |                                     [01;36m[K^~~~~~~~~[m[K
[32.031s] [01m[K/usr/include/eigen3/Eigen/src/Geometry/AngleAxis.h:88:37:[m[K [01;36m[Knote: [m[K  template argument deduction/substitution failed:
[32.031s] [01m[K/home/evan/code/ndt-loc/src/map/src/GroundTruth.cpp:83:65:[m[K [01;36m[Knote: [m[K  mismatched types ‘[01m[Kconst Eigen::MatrixBase<Derived>[m[K’ and ‘[01m[Kfloat[m[K’
[32.031s]    83 |     Eigen::AngleAxisf rot_z(cur_pose.yaw, Eigen::Vector3f::UnitZ[01;36m[K)[m[K;
[32.031s]       |                                                                 [01;36m[K^[m[K
[32.031s] In file included from [01m[K/usr/include/eigen3/Eigen/Geometry:43[m[K,
[32.031s]                  from [01m[K/usr/include/pcl-1.12/pcl/point_cloud.h:46[m[K,
[32.031s]                  from [01m[K/home/evan/code/ndt-loc/src/map/include/map/utilty.h:9[m[K,
[32.031s]                  from [01m[K/home/evan/code/ndt-loc/src/map/src/GroundTruth.cpp:3[m[K:
[32.032s] [01m[K/usr/include/eigen3/Eigen/src/Geometry/AngleAxis.h:85:37:[m[K [01;36m[Knote: [m[Kcandidate: ‘[01m[Ktemplate<class QuatDerived> Eigen::AngleAxis<Scalar>::AngleAxis(const Eigen::QuaternionBase<OtherDerived>&) [with QuatDerived = QuatDerived; _Scalar = float][m[K’
[32.032s]    85 |   EIGEN_DEVICE_FUNC inline explicit [01;36m[KAngleAxis[m[K(const QuaternionBase<QuatDerived>& q) { *this = q; }
[32.032s]       |                                     [01;36m[K^~~~~~~~~[m[K
[32.032s] [01m[K/usr/include/eigen3/Eigen/src/Geometry/AngleAxis.h:85:37:[m[K [01;36m[Knote: [m[K  template argument deduction/substitution failed:
[32.032s] [01m[K/home/evan/code/ndt-loc/src/map/src/GroundTruth.cpp:83:65:[m[K [01;36m[Knote: [m[K  mismatched types ‘[01m[Kconst Eigen::QuaternionBase<Derived>[m[K’ and ‘[01m[Kfloat[m[K’
[32.032s]    83 |     Eigen::AngleAxisf rot_z(cur_pose.yaw, Eigen::Vector3f::UnitZ[01;36m[K)[m[K;
[32.032s]       |                                                                 [01;36m[K^[m[K
[32.032s] In file included from [01m[K/usr/include/eigen3/Eigen/Geometry:43[m[K,
[32.032s]                  from [01m[K/usr/include/pcl-1.12/pcl/point_cloud.h:46[m[K,
[32.032s]                  from [01m[K/home/evan/code/ndt-loc/src/map/include/map/utilty.h:9[m[K,
[32.032s]                  from [01m[K/home/evan/code/ndt-loc/src/map/src/GroundTruth.cpp:3[m[K:
[32.032s] [01m[K/usr/include/eigen3/Eigen/src/Geometry/AngleAxis.h:80:10:[m[K [01;36m[Knote: [m[Kcandidate: ‘[01m[Ktemplate<class Derived> Eigen::AngleAxis<Scalar>::AngleAxis(const Scalar&, const Eigen::MatrixBase<OtherDerived>&) [with Derived = Derived; _Scalar = float][m[K’
[32.032s]    80 |   inline [01;36m[KAngleAxis[m[K(const Scalar& angle, const MatrixBase<Derived>& axis) : m_axis(axis), m_angle(angle) {}
[32.032s]       |          [01;36m[K^~~~~~~~~[m[K
[32.033s] [01m[K/usr/include/eigen3/Eigen/src/Geometry/AngleAxis.h:80:10:[m[K [01;36m[Knote: [m[K  template argument deduction/substitution failed:
[32.033s] [01m[K/home/evan/code/ndt-loc/src/map/src/GroundTruth.cpp:83:65:[m[K [01;36m[Knote: [m[K  mismatched types ‘[01m[Kconst Eigen::MatrixBase<Derived>[m[K’ and ‘[01m[Kconst BasisReturnType()[m[K’ {aka ‘[01m[Kconst Eigen::Block<const Eigen::CwiseNullaryOp<Eigen::internal::scalar_identity_op<float>, Eigen::Matrix<float, 3, 3> >, 3, 1, false>()[m[K’}
[32.033s]    83 |     Eigen::AngleAxisf rot_z(cur_pose.yaw, Eigen::Vector3f::UnitZ[01;36m[K)[m[K;
[32.033s]       |                                                                 [01;36m[K^[m[K
[32.033s] In file included from [01m[K/usr/include/eigen3/Eigen/Geometry:43[m[K,
[32.033s]                  from [01m[K/usr/include/pcl-1.12/pcl/point_cloud.h:46[m[K,
[32.033s]                  from [01m[K/home/evan/code/ndt-loc/src/map/include/map/utilty.h:9[m[K,
[32.033s]                  from [01m[K/home/evan/code/ndt-loc/src/map/src/GroundTruth.cpp:3[m[K:
[32.033s] [01m[K/usr/include/eigen3/Eigen/src/Geometry/AngleAxis.h:72:21:[m[K [01;36m[Knote: [m[Kcandidate: ‘[01m[KEigen::AngleAxis<Scalar>::AngleAxis() [with _Scalar = float][m[K’
[32.033s]    72 |   EIGEN_DEVICE_FUNC [01;36m[KAngleAxis[m[K() {}
[32.033s]       |                     [01;36m[K^~~~~~~~~[m[K
[32.033s] [01m[K/usr/include/eigen3/Eigen/src/Geometry/AngleAxis.h:72:21:[m[K [01;36m[Knote: [m[K  candidate expects 0 arguments, 2 provided
[32.033s] [01m[K/usr/include/eigen3/Eigen/src/Geometry/AngleAxis.h:49:7:[m[K [01;36m[Knote: [m[Kcandidate: ‘[01m[KEigen::AngleAxis<float>::AngleAxis(const Eigen::AngleAxis<float>&)[m[K’
[32.033s]    49 | class [01;36m[KAngleAxis[m[K : public RotationBase<AngleAxis<_Scalar>,3>
[32.033s]       |       [01;36m[K^~~~~~~~~[m[K
[32.034s] [01m[K/usr/include/eigen3/Eigen/src/Geometry/AngleAxis.h:49:7:[m[K [01;36m[Knote: [m[K  candidate expects 1 argument, 2 provided
[32.034s] [01m[K/usr/include/eigen3/Eigen/src/Geometry/AngleAxis.h:49:7:[m[K [01;36m[Knote: [m[Kcandidate: ‘[01m[KEigen::AngleAxis<float>::AngleAxis(Eigen::AngleAxis<float>&&)[m[K’
[32.034s] [01m[K/usr/include/eigen3/Eigen/src/Geometry/AngleAxis.h:49:7:[m[K [01;36m[Knote: [m[K  candidate expects 1 argument, 2 provided
[34.136s] gmake[2]: *** [CMakeFiles/mapping_node.dir/build.make:76: CMakeFiles/mapping_node.dir/src/GroundTruth.cpp.o] Error 1
[34.137s] gmake[1]: *** [CMakeFiles/Makefile2:249: CMakeFiles/mapping_node.dir/all] Error 2
[34.137s] gmake: *** [Makefile:146: all] Error 2
[34.139s] Invoked command in '/home/evan/code/ndt-loc/build/map' returned '2': CMAKE_PREFIX_PATH=${CMAKE_PREFIX_PATH}:/opt/ros/humble /usr/bin/cmake --build /home/evan/code/ndt-loc/build/map -- -j4 -l4
