[0.602s] Invoking command in '/home/evan/code/ndt-loc/build/a-loam': CMAKE_PREFIX_PATH=${CMAKE_PREFIX_PATH}:/opt/ros/humble /usr/bin/cmake --build /home/evan/code/ndt-loc/build/a-loam -- -j4 -l4
[0.646s] -- Found ament_cmake: 1.3.3 (/opt/ros/humble/share/ament_cmake/cmake)
[0.811s] -- Found rclcpp: 16.0.3 (/opt/ros/humble/share/rclcpp/cmake)
[0.848s] -- Found rosidl_generator_c: 3.1.4 (/opt/ros/humble/share/rosidl_generator_c/cmake)
[0.850s] -- Found rosidl_adapter: 3.1.4 (/opt/ros/humble/share/rosidl_adapter/cmake)
[0.858s] -- Found rosidl_generator_cpp: 3.1.4 (/opt/ros/humble/share/rosidl_generator_cpp/cmake)
[0.871s] -- Using all available rosidl_typesupport_c: rosidl_typesupport_fastrtps_c;rosidl_typesupport_introspection_c
[0.891s] -- Using all available rosidl_typesupport_cpp: rosidl_typesupport_fastrtps_cpp;rosidl_typesupport_introspection_cpp
[0.968s] -- Found rmw_implementation_cmake: 6.1.1 (/opt/ros/humble/share/rmw_implementation_cmake/cmake)
[0.970s] -- Found rmw_fastrtps_cpp: 6.2.2 (/opt/ros/humble/share/rmw_fastrtps_cpp/cmake)
[1.147s] -- Using RMW implementation 'rmw_fastrtps_cpp' as default
[1.345s] -- Found sensor_msgs: 4.2.3 (/opt/ros/humble/share/sensor_msgs/cmake)
[1.520s] -- Eigen found (include: /usr/include/eigen3, version: 3.4.0)
[1.557s] -- FLANN found (include: /usr/include, lib: /usr/lib/x86_64-linux-gnu/libflann_cpp.so)
[1.971s] -- OpenNI found (version: 1.5.4.0, include: /usr/include/ni, lib: /usr/lib/libOpenNI.so;libusb::libusb)
[1.980s] -- OpenNI2 found (version: 2.2.0.33, include: /usr/include/openni2, lib: /usr/lib/x86_64-linux-gnu/libOpenNI2.so;libusb::libusb)
[1.980s] [0m** WARNING ** io features related to pcap will be disabled[0m
[2.160s] -- Eigen found (include: /usr/include/eigen3, version: 3.4.0)
[2.168s] -- OpenNI found (version: 1.5.4.0, include: /usr/include/ni, lib: /usr/lib/libOpenNI.so;libusb::libusb)
[2.175s] -- OpenNI2 found (version: 2.2.0.33, include: /usr/include/openni2, lib: /usr/lib/x86_64-linux-gnu/libOpenNI2.so;libusb::libusb)
[2.341s] -- Found Qhull version 8.0.2
[2.524s] -- OpenNI found (version: 1.5.4.0, include: /usr/include/ni, lib: /usr/lib/libOpenNI.so;libusb::libusb)
[2.689s] -- looking for PCL_COMMON
[2.689s] -- looking for PCL_KDTREE
[2.690s] -- looking for PCL_OCTREE
[2.690s] -- looking for PCL_SEARCH
[2.691s] -- looking for PCL_SAMPLE_CONSENSUS
[2.691s] -- looking for PCL_FILTERS
[2.692s] -- looking for PCL_2D
[2.692s] -- looking for PCL_GEOMETRY
[2.693s] -- looking for PCL_IO
[2.693s] -- looking for PCL_FEATURES
[2.694s] -- looking for PCL_ML
[2.694s] -- looking for PCL_SEGMENTATION
[2.695s] -- looking for PCL_VISUALIZATION
[2.695s] -- looking for PCL_SURFACE
[2.696s] -- looking for PCL_REGISTRATION
[2.697s] -- looking for PCL_KEYPOINTS
[2.697s] -- looking for PCL_TRACKING
[2.698s] -- looking for PCL_RECOGNITION
[2.698s] -- looking for PCL_STEREO
[2.699s] -- looking for PCL_APPS
[2.700s] -- looking for PCL_IN_HAND_SCANNER
[2.701s] -- looking for PCL_MODELER
[2.702s] -- looking for PCL_POINT_CLOUD_EDITOR
[2.702s] -- looking for PCL_OUTOFCORE
[2.702s] -- looking for PCL_PEOPLE
[2.704s] -- Found pcl_conversions: 2.4.0 (/opt/ros/humble/share/pcl_conversions/cmake)
[3.036s] -- Configuring done
[3.081s] -- Generating done
[3.101s] -- Build files have been written to: /home/evan/code/ndt-loc/build/a-loam
[3.143s] [35m[1mConsolidate compiler generated dependencies of target scan_registration_node[0m
[3.176s] [ 33%] [32mBuilding CXX object CMakeFiles/scan_registration_node.dir/src/common.cpp.o[0m
[9.908s] [ 66%] [32m[1mLinking CXX executable scan_registration_node[0m
[11.291s] [100%] Built target scan_registration_node
[11.303s] Invoked command in '/home/evan/code/ndt-loc/build/a-loam' returned '0': CMAKE_PREFIX_PATH=${CMAKE_PREFIX_PATH}:/opt/ros/humble /usr/bin/cmake --build /home/evan/code/ndt-loc/build/a-loam -- -j4 -l4
[11.349s] Invoking command in '/home/evan/code/ndt-loc/build/a-loam': CMAKE_PREFIX_PATH=${CMAKE_PREFIX_PATH}:/opt/ros/humble /usr/bin/cmake --install /home/evan/code/ndt-loc/build/a-loam
[11.357s] -- Install configuration: ""
[11.358s] -- Installing: /home/evan/code/ndt-loc/install/a-loam/lib/a-loam/scan_registration_node
[11.362s] -- Set runtime path of "/home/evan/code/ndt-loc/install/a-loam/lib/a-loam/scan_registration_node" to ""
[11.362s] -- Installing: /home/evan/code/ndt-loc/install/a-loam/share/ament_index/resource_index/package_run_dependencies/a-loam
[11.363s] -- Installing: /home/evan/code/ndt-loc/install/a-loam/share/ament_index/resource_index/parent_prefix_path/a-loam
[11.363s] -- Installing: /home/evan/code/ndt-loc/install/a-loam/share/a-loam/environment/ament_prefix_path.sh
[11.363s] -- Installing: /home/evan/code/ndt-loc/install/a-loam/share/a-loam/environment/ament_prefix_path.dsv
[11.363s] -- Installing: /home/evan/code/ndt-loc/install/a-loam/share/a-loam/environment/path.sh
[11.363s] -- Installing: /home/evan/code/ndt-loc/install/a-loam/share/a-loam/environment/path.dsv
[11.363s] -- Installing: /home/evan/code/ndt-loc/install/a-loam/share/a-loam/local_setup.bash
[11.364s] -- Installing: /home/evan/code/ndt-loc/install/a-loam/share/a-loam/local_setup.sh
[11.364s] -- Installing: /home/evan/code/ndt-loc/install/a-loam/share/a-loam/local_setup.zsh
[11.364s] -- Installing: /home/evan/code/ndt-loc/install/a-loam/share/a-loam/local_setup.dsv
[11.364s] -- Installing: /home/evan/code/ndt-loc/install/a-loam/share/a-loam/package.dsv
[11.364s] -- Installing: /home/evan/code/ndt-loc/install/a-loam/share/ament_index/resource_index/packages/a-loam
[11.366s] -- Installing: /home/evan/code/ndt-loc/install/a-loam/share/a-loam/cmake/ament_cmake_export_include_directories-extras.cmake
[11.366s] -- Installing: /home/evan/code/ndt-loc/install/a-loam/share/a-loam/cmake/a-loamConfig.cmake
[11.366s] -- Installing: /home/evan/code/ndt-loc/install/a-loam/share/a-loam/cmake/a-loamConfig-version.cmake
[11.366s] -- Installing: /home/evan/code/ndt-loc/install/a-loam/share/a-loam/package.xml
[11.375s] Invoked command in '/home/evan/code/ndt-loc/build/a-loam' returned '0': CMAKE_PREFIX_PATH=${CMAKE_PREFIX_PATH}:/opt/ros/humble /usr/bin/cmake --install /home/evan/code/ndt-loc/build/a-loam
