[0.602s] Invoking command in '/home/evan/code/ndt-loc/build/map': CMAKE_PREFIX_PATH=${CMAKE_PREFIX_PATH}:/opt/ros/humble /usr/bin/cmake --build /home/evan/code/ndt-loc/build/map -- -j4 -l4
[5.501s] [35m[1mConsolidate compiler generated dependencies of target front_end_node[0m
[5.545s] [35m[1mConsolidate compiler generated dependencies of target image_projection_node[0m
[5.782s] [35m[1mConsolidate compiler generated dependencies of target lidar_data_node[0m
[5.935s] [ 12%] [32mBuilding CXX object CMakeFiles/image_projection_node.dir/src/ImageProjection.cpp.o[0m
[5.936s] [ 25%] [32mBuilding CXX object CMakeFiles/front_end_node.dir/src/FrontEnd.cpp.o[0m
[5.941s] [ 37%] [32mBuilding CXX object CMakeFiles/lidar_data_node.dir/src/LidarData.cpp.o[0m
[6.490s] [35m[1mConsolidate compiler generated dependencies of target show_map_node[0m
[6.572s] [ 50%] [32mBuilding CXX object CMakeFiles/show_map_node.dir/src/ShowMap.cpp.o[0m
[66.064s] [ 87%] [32m[1mLinking CXX executable image_projection_node[0m
[66.127s] [ 87%] [32m[1mLinking CXX executable show_map_node[0m
[66.128s] [ 87%] [32m[1mLinking CXX executable lidar_data_node[0m
[76.568s] [100%] [32m[1mLinking CXX executable front_end_node[0m
[83.085s] [100%] Built target image_projection_node
[83.144s] [100%] Built target lidar_data_node
[84.853s] [100%] Built target front_end_node
[85.570s] [100%] Built target show_map_node
[85.731s] Invoked command in '/home/evan/code/ndt-loc/build/map' returned '0': CMAKE_PREFIX_PATH=${CMAKE_PREFIX_PATH}:/opt/ros/humble /usr/bin/cmake --build /home/evan/code/ndt-loc/build/map -- -j4 -l4
[86.205s] Invoking command in '/home/evan/code/ndt-loc/build/map': CMAKE_PREFIX_PATH=${CMAKE_PREFIX_PATH}:/opt/ros/humble /usr/bin/cmake --install /home/evan/code/ndt-loc/build/map
[86.365s] -- Install configuration: ""
[86.444s] -- Installing: /home/evan/code/ndt-loc/install/map/lib/map/lidar_data_node
[86.492s] -- Set runtime path of "/home/evan/code/ndt-loc/install/map/lib/map/lidar_data_node" to ""
[86.540s] -- Installing: /home/evan/code/ndt-loc/install/map/lib/map/image_projection_node
[86.586s] -- Set runtime path of "/home/evan/code/ndt-loc/install/map/lib/map/image_projection_node" to ""
[86.648s] -- Installing: /home/evan/code/ndt-loc/install/map/lib/map/front_end_node
[86.700s] -- Set runtime path of "/home/evan/code/ndt-loc/install/map/lib/map/front_end_node" to ""
[86.783s] -- Installing: /home/evan/code/ndt-loc/install/map/lib/map/show_map_node
[86.812s] -- Set runtime path of "/home/evan/code/ndt-loc/install/map/lib/map/show_map_node" to ""
[86.812s] -- Up-to-date: /home/evan/code/ndt-loc/install/map/share/ament_index/resource_index/package_run_dependencies/map
[86.812s] -- Up-to-date: /home/evan/code/ndt-loc/install/map/share/ament_index/resource_index/parent_prefix_path/map
[86.813s] -- Up-to-date: /home/evan/code/ndt-loc/install/map/share/map/environment/ament_prefix_path.sh
[86.813s] -- Up-to-date: /home/evan/code/ndt-loc/install/map/share/map/environment/ament_prefix_path.dsv
[86.813s] -- Up-to-date: /home/evan/code/ndt-loc/install/map/share/map/environment/path.sh
[86.813s] -- Up-to-date: /home/evan/code/ndt-loc/install/map/share/map/environment/path.dsv
[86.813s] -- Up-to-date: /home/evan/code/ndt-loc/install/map/share/map/local_setup.bash
[86.813s] -- Up-to-date: /home/evan/code/ndt-loc/install/map/share/map/local_setup.sh
[86.814s] -- Up-to-date: /home/evan/code/ndt-loc/install/map/share/map/local_setup.zsh
[86.814s] -- Up-to-date: /home/evan/code/ndt-loc/install/map/share/map/local_setup.dsv
[86.814s] -- Installing: /home/evan/code/ndt-loc/install/map/share/map/package.dsv
[86.814s] -- Up-to-date: /home/evan/code/ndt-loc/install/map/share/ament_index/resource_index/packages/map
[86.815s] -- Up-to-date: /home/evan/code/ndt-loc/install/map/share/map/cmake/ament_cmake_export_include_directories-extras.cmake
[86.868s] -- Up-to-date: /home/evan/code/ndt-loc/install/map/share/map/cmake/mapConfig.cmake
[86.868s] -- Up-to-date: /home/evan/code/ndt-loc/install/map/share/map/cmake/mapConfig-version.cmake
[86.868s] -- Up-to-date: /home/evan/code/ndt-loc/install/map/share/map/package.xml
[86.905s] Invoked command in '/home/evan/code/ndt-loc/build/map' returned '0': CMAKE_PREFIX_PATH=${CMAKE_PREFIX_PATH}:/opt/ros/humble /usr/bin/cmake --install /home/evan/code/ndt-loc/build/map
