[0.019s] Invoking command in '/home/evan/code/ndt-loc/build/map': CMAKE_PREFIX_PATH=${CMAKE_PREFIX_PATH}:/opt/ros/humble /usr/bin/cmake --build /home/evan/code/ndt-loc/build/map -- -j4 -l4
[0.093s] [35m[1mConsolidate compiler generated dependencies of target show_map_node[0m
[0.137s] [ 25%] Built target lidar_data_node
[0.148s] [ 50%] Built target image_projection_node
[0.154s] [ 75%] Built target front_end_node
[0.158s] [ 87%] [32mBuilding CXX object CMakeFiles/show_map_node.dir/src/ShowMap.cpp.o[0m
[12.397s] [100%] [32m[1mLinking CXX executable show_map_node[0m
[13.172s] [100%] Built target show_map_node
[13.185s] Invoked command in '/home/evan/code/ndt-loc/build/map' returned '0': CMAKE_PREFIX_PATH=${CMAKE_PREFIX_PATH}:/opt/ros/humble /usr/bin/cmake --build /home/evan/code/ndt-loc/build/map -- -j4 -l4
[13.238s] Invoking command in '/home/evan/code/ndt-loc/build/map': CMAKE_PREFIX_PATH=${CMAKE_PREFIX_PATH}:/opt/ros/humble /usr/bin/cmake --install /home/evan/code/ndt-loc/build/map
[13.246s] -- Install configuration: ""
[13.246s] -- Up-to-date: /home/evan/code/ndt-loc/install/map/lib/map/lidar_data_node
[13.246s] -- Up-to-date: /home/evan/code/ndt-loc/install/map/lib/map/image_projection_node
[13.247s] -- Up-to-date: /home/evan/code/ndt-loc/install/map/lib/map/front_end_node
[13.247s] -- Installing: /home/evan/code/ndt-loc/install/map/lib/map/show_map_node
[13.248s] -- Set runtime path of "/home/evan/code/ndt-loc/install/map/lib/map/show_map_node" to ""
[13.248s] -- Up-to-date: /home/evan/code/ndt-loc/install/map/share/ament_index/resource_index/package_run_dependencies/map
[13.249s] -- Up-to-date: /home/evan/code/ndt-loc/install/map/share/ament_index/resource_index/parent_prefix_path/map
[13.249s] -- Up-to-date: /home/evan/code/ndt-loc/install/map/share/map/environment/ament_prefix_path.sh
[13.249s] -- Up-to-date: /home/evan/code/ndt-loc/install/map/share/map/environment/ament_prefix_path.dsv
[13.249s] -- Up-to-date: /home/evan/code/ndt-loc/install/map/share/map/environment/path.sh
[13.249s] -- Up-to-date: /home/evan/code/ndt-loc/install/map/share/map/environment/path.dsv
[13.249s] -- Up-to-date: /home/evan/code/ndt-loc/install/map/share/map/local_setup.bash
[13.249s] -- Up-to-date: /home/evan/code/ndt-loc/install/map/share/map/local_setup.sh
[13.249s] -- Up-to-date: /home/evan/code/ndt-loc/install/map/share/map/local_setup.zsh
[13.249s] -- Up-to-date: /home/evan/code/ndt-loc/install/map/share/map/local_setup.dsv
[13.249s] -- Installing: /home/evan/code/ndt-loc/install/map/share/map/package.dsv
[13.249s] -- Up-to-date: /home/evan/code/ndt-loc/install/map/share/ament_index/resource_index/packages/map
[13.250s] -- Up-to-date: /home/evan/code/ndt-loc/install/map/share/map/cmake/ament_cmake_export_include_directories-extras.cmake
[13.250s] -- Up-to-date: /home/evan/code/ndt-loc/install/map/share/map/cmake/mapConfig.cmake
[13.250s] -- Up-to-date: /home/evan/code/ndt-loc/install/map/share/map/cmake/mapConfig-version.cmake
[13.250s] -- Up-to-date: /home/evan/code/ndt-loc/install/map/share/map/package.xml
[13.252s] Invoked command in '/home/evan/code/ndt-loc/build/map' returned '0': CMAKE_PREFIX_PATH=${CMAKE_PREFIX_PATH}:/opt/ros/humble /usr/bin/cmake --install /home/evan/code/ndt-loc/build/map
