[0.157s] Invoking command in '/home/evan/code/ndt-loc/build/map': CMAKE_PREFIX_PATH=${CMAKE_PREFIX_PATH}:/opt/ros/humble /usr/bin/cmake --build /home/evan/code/ndt-loc/build/map -- -j4 -l4
[1.089s] [ 16%] [32mBuilding CXX object CMakeFiles/lidar_data_node.dir/src/LidarData.cpp.o[0m
[25.626s] [ 33%] [32m[1mLinking CXX executable lidar_data_node[0m
[31.578s] [ 33%] Built target lidar_data_node
[31.823s] [ 50%] [32mBuilding CXX object CMakeFiles/show_map_node.dir/src/ShowMap.cpp.o[0m
[31.878s] [35m[1mConsolidate compiler generated dependencies of target front_end_node[0m
[31.946s] [ 66%] [32mBuilding CXX object CMakeFiles/front_end_node.dir/src/FrontEnd.cpp.o[0m
[51.081s] [ 83%] [32m[1mLinking CXX executable show_map_node[0m
[52.834s] [ 83%] Built target show_map_node
[63.876s] [100%] [32m[1mLinking CXX executable front_end_node[0m
[66.452s] [100%] Built target front_end_node
[66.474s] Invoked command in '/home/evan/code/ndt-loc/build/map' returned '0': CMAKE_PREFIX_PATH=${CMAKE_PREFIX_PATH}:/opt/ros/humble /usr/bin/cmake --build /home/evan/code/ndt-loc/build/map -- -j4 -l4
[66.518s] Invoking command in '/home/evan/code/ndt-loc/build/map': CMAKE_PREFIX_PATH=${CMAKE_PREFIX_PATH}:/opt/ros/humble /usr/bin/cmake --install /home/evan/code/ndt-loc/build/map
[66.540s] -- Install configuration: ""
[66.541s] -- Installing: /home/evan/code/ndt-loc/install/map/lib/map/lidar_data_node
[66.547s] -- Set runtime path of "/home/evan/code/ndt-loc/install/map/lib/map/lidar_data_node" to ""
[66.547s] -- Installing: /home/evan/code/ndt-loc/install/map/lib/map/front_end_node
[66.559s] -- Set runtime path of "/home/evan/code/ndt-loc/install/map/lib/map/front_end_node" to ""
[66.559s] -- Installing: /home/evan/code/ndt-loc/install/map/lib/map/show_map_node
[66.564s] -- Set runtime path of "/home/evan/code/ndt-loc/install/map/lib/map/show_map_node" to ""
[66.564s] -- Up-to-date: /home/evan/code/ndt-loc/install/map/share/ament_index/resource_index/package_run_dependencies/map
[66.564s] -- Up-to-date: /home/evan/code/ndt-loc/install/map/share/ament_index/resource_index/parent_prefix_path/map
[66.564s] -- Up-to-date: /home/evan/code/ndt-loc/install/map/share/map/environment/ament_prefix_path.sh
[66.565s] -- Up-to-date: /home/evan/code/ndt-loc/install/map/share/map/environment/ament_prefix_path.dsv
[66.565s] -- Up-to-date: /home/evan/code/ndt-loc/install/map/share/map/environment/path.sh
[66.565s] -- Up-to-date: /home/evan/code/ndt-loc/install/map/share/map/environment/path.dsv
[66.565s] -- Up-to-date: /home/evan/code/ndt-loc/install/map/share/map/local_setup.bash
[66.565s] -- Up-to-date: /home/evan/code/ndt-loc/install/map/share/map/local_setup.sh
[66.565s] -- Up-to-date: /home/evan/code/ndt-loc/install/map/share/map/local_setup.zsh
[66.565s] -- Up-to-date: /home/evan/code/ndt-loc/install/map/share/map/local_setup.dsv
[66.565s] -- Installing: /home/evan/code/ndt-loc/install/map/share/map/package.dsv
[66.581s] -- Up-to-date: /home/evan/code/ndt-loc/install/map/share/ament_index/resource_index/packages/map
[66.581s] -- Up-to-date: /home/evan/code/ndt-loc/install/map/share/map/cmake/ament_cmake_export_include_directories-extras.cmake
[66.582s] -- Up-to-date: /home/evan/code/ndt-loc/install/map/share/map/cmake/mapConfig.cmake
[66.582s] -- Up-to-date: /home/evan/code/ndt-loc/install/map/share/map/cmake/mapConfig-version.cmake
[66.582s] -- Up-to-date: /home/evan/code/ndt-loc/install/map/share/map/package.xml
[66.592s] Invoked command in '/home/evan/code/ndt-loc/build/map' returned '0': CMAKE_PREFIX_PATH=${CMAKE_PREFIX_PATH}:/opt/ros/humble /usr/bin/cmake --install /home/evan/code/ndt-loc/build/map
