[0.014s] Invoking command in '/home/evan/code/ndt-loc/build/cloud_msgs': CMAKE_PREFIX_PATH=${CMAKE_PREFIX_PATH}:/opt/ros/humble /usr/bin/cmake /home/evan/code/ndt-loc/src/cloud_msgs -DCMAKE_INSTALL_PREFIX=/home/evan/code/ndt-loc/install/cloud_msgs
[0.026s] -- Found ament_cmake: 1.3.3 (/opt/ros/humble/share/ament_cmake/cmake)
[0.180s] -- Found std_msgs: 4.2.3 (/opt/ros/humble/share/std_msgs/cmake)
[0.208s] -- Found rosidl_generator_c: 3.1.4 (/opt/ros/humble/share/rosidl_generator_c/cmake)
[0.211s] -- Found rosidl_adapter: 3.1.4 (/opt/ros/humble/share/rosidl_adapter/cmake)
[0.218s] -- Found rosidl_generator_cpp: 3.1.4 (/opt/ros/humble/share/rosidl_generator_cpp/cmake)
[0.231s] -- Using all available rosidl_typesupport_c: rosidl_typesupport_fastrtps_c;rosidl_typesupport_introspection_c
[0.249s] -- Using all available rosidl_typesupport_cpp: rosidl_typesupport_fastrtps_cpp;rosidl_typesupport_introspection_cpp
[0.309s] -- Found rosidl_default_generators: 1.2.0 (/opt/ros/humble/share/rosidl_default_generators/cmake)
[0.317s] [31mCMake Error at /opt/ros/humble/share/rosidl_cmake/cmake/rosidl_generate_interfaces.cmake:93 (message):
[0.317s]   rosidl_generate_interfaces() the passed file 'msg/CloudInfo.msg' doesn't
[0.317s]   exist relative to the CMAKE_CURRENT_SOURCE_DIR
[0.317s]   '/home/evan/code/ndt-loc/src/cloud_msgs'
[0.317s] Call Stack (most recent call first):
[0.317s]   CMakeLists.txt:9 (rosidl_generate_interfaces)
[0.317s] 
[0.317s] [0m
[0.317s] -- Configuring incomplete, errors occurred!
[0.318s] See also "/home/evan/code/ndt-loc/build/cloud_msgs/CMakeFiles/CMakeOutput.log".
[0.322s] Invoked command in '/home/evan/code/ndt-loc/build/cloud_msgs' returned '1': CMAKE_PREFIX_PATH=${CMAKE_PREFIX_PATH}:/opt/ros/humble /usr/bin/cmake /home/evan/code/ndt-loc/src/cloud_msgs -DCMAKE_INSTALL_PREFIX=/home/evan/code/ndt-loc/install/cloud_msgs
