[0.026s] Invoking command in '/home/evan/code/ndt-loc/build/map': CMAKE_PREFIX_PATH=${CMAKE_PREFIX_PATH}:/opt/ros/humble /usr/bin/cmake --build /home/evan/code/ndt-loc/build/map -- -j4 -l4
[0.126s] [35m[1mConsolidate compiler generated dependencies of target front_end_node[0m
[0.179s] [ 33%] Built target lidar_data_node
[0.199s] [ 66%] Built target show_map_node
[0.250s] [ 83%] [32mBuilding CXX object CMakeFiles/front_end_node.dir/src/FrontEnd.cpp.o[0m
[30.926s] [100%] [32m[1mLinking CXX executable front_end_node[0m
[33.515s] [100%] Built target front_end_node
[33.530s] Invoked command in '/home/evan/code/ndt-loc/build/map' returned '0': CMAKE_PREFIX_PATH=${CMAKE_PREFIX_PATH}:/opt/ros/humble /usr/bin/cmake --build /home/evan/code/ndt-loc/build/map -- -j4 -l4
[33.568s] Invoking command in '/home/evan/code/ndt-loc/build/map': CMAKE_PREFIX_PATH=${CMAKE_PREFIX_PATH}:/opt/ros/humble /usr/bin/cmake --install /home/evan/code/ndt-loc/build/map
[33.575s] -- Install configuration: ""
[33.575s] -- Up-to-date: /home/evan/code/ndt-loc/install/map/lib/map/lidar_data_node
[33.575s] -- Installing: /home/evan/code/ndt-loc/install/map/lib/map/front_end_node
[33.588s] -- Set runtime path of "/home/evan/code/ndt-loc/install/map/lib/map/front_end_node" to ""
[33.588s] -- Up-to-date: /home/evan/code/ndt-loc/install/map/lib/map/show_map_node
[33.588s] -- Up-to-date: /home/evan/code/ndt-loc/install/map/share/ament_index/resource_index/package_run_dependencies/map
[33.588s] -- Up-to-date: /home/evan/code/ndt-loc/install/map/share/ament_index/resource_index/parent_prefix_path/map
[33.589s] -- Up-to-date: /home/evan/code/ndt-loc/install/map/share/map/environment/ament_prefix_path.sh
[33.589s] -- Up-to-date: /home/evan/code/ndt-loc/install/map/share/map/environment/ament_prefix_path.dsv
[33.589s] -- Up-to-date: /home/evan/code/ndt-loc/install/map/share/map/environment/path.sh
[33.589s] -- Up-to-date: /home/evan/code/ndt-loc/install/map/share/map/environment/path.dsv
[33.589s] -- Up-to-date: /home/evan/code/ndt-loc/install/map/share/map/local_setup.bash
[33.589s] -- Up-to-date: /home/evan/code/ndt-loc/install/map/share/map/local_setup.sh
[33.589s] -- Up-to-date: /home/evan/code/ndt-loc/install/map/share/map/local_setup.zsh
[33.589s] -- Up-to-date: /home/evan/code/ndt-loc/install/map/share/map/local_setup.dsv
[33.589s] -- Installing: /home/evan/code/ndt-loc/install/map/share/map/package.dsv
[33.590s] -- Up-to-date: /home/evan/code/ndt-loc/install/map/share/ament_index/resource_index/packages/map
[33.590s] -- Up-to-date: /home/evan/code/ndt-loc/install/map/share/map/cmake/ament_cmake_export_include_directories-extras.cmake
[33.590s] -- Up-to-date: /home/evan/code/ndt-loc/install/map/share/map/cmake/mapConfig.cmake
[33.590s] -- Up-to-date: /home/evan/code/ndt-loc/install/map/share/map/cmake/mapConfig-version.cmake
[33.590s] -- Up-to-date: /home/evan/code/ndt-loc/install/map/share/map/package.xml
[33.591s] Invoked command in '/home/evan/code/ndt-loc/build/map' returned '0': CMAKE_PREFIX_PATH=${CMAKE_PREFIX_PATH}:/opt/ros/humble /usr/bin/cmake --install /home/evan/code/ndt-loc/build/map
