[0.020s] Invoking command in '/home/evan/code/ndt-loc/build/data-publisher': CMAKE_PREFIX_PATH=${CMAKE_PREFIX_PATH}:/opt/ros/humble /usr/bin/cmake --build /home/evan/code/ndt-loc/build/data-publisher -- -j4 -l4
[0.074s] [35m[1mConsolidate compiler generated dependencies of target lidar_data_node[0m
[0.109s] [ 50%] [32mBuilding CXX object CMakeFiles/lidar_data_node.dir/src/LidarData.cpp.o[0m
[6.947s] In file included from [01m[K/usr/include/x86_64-linux-gnu/c++/11/bits/c++allocator.h:33[m[K,
[6.947s]                  from [01m[K/usr/include/c++/11/bits/allocator.h:46[m[K,
[6.947s]                  from [01m[K/usr/include/c++/11/string:41[m[K,
[6.947s]                  from [01m[K/home/evan/code/ndt-loc/src/data-publisher/include/data-publisher/LidarData.h:5[m[K,
[6.947s]                  from [01m[K/home/evan/code/ndt-loc/src/data-publisher/src/LidarData.cpp:1[m[K:
[6.947s] /usr/include/c++/11/ext/new_allocator.h: In instantiation of ‘[01m[Kvoid __gnu_cxx::new_allocator<_Tp>::construct(_Up*, _Args&& ...) [with _Up = DATA::LidarData; _Args = {const char (&)[16]}; _Tp = DATA::LidarData][m[K’:
[6.947s] [01m[K/usr/include/c++/11/bits/alloc_traits.h:516:17:[m[K   required from ‘[01m[Kstatic void std::allocator_traits<std::allocator<_CharT> >::construct(std::allocator_traits<std::allocator<_CharT> >::allocator_type&, _Up*, _Args&& ...) [with _Up = DATA::LidarData; _Args = {const char (&)[16]}; _Tp = DATA::LidarData; std::allocator_traits<std::allocator<_CharT> >::allocator_type = std::allocator<DATA::LidarData>][m[K’
[6.948s] [01m[K/usr/include/c++/11/bits/shared_ptr_base.h:519:39:[m[K   required from ‘[01m[Kstd::_Sp_counted_ptr_inplace<_Tp, _Alloc, _Lp>::_Sp_counted_ptr_inplace(_Alloc, _Args&& ...) [with _Args = {const char (&)[16]}; _Tp = DATA::LidarData; _Alloc = std::allocator<DATA::LidarData>; __gnu_cxx::_Lock_policy _Lp = __gnu_cxx::_S_atomic][m[K’
[6.948s] [01m[K/usr/include/c++/11/bits/shared_ptr_base.h:650:16:[m[K   required from ‘[01m[Kstd::__shared_count<_Lp>::__shared_count(_Tp*&, std::_Sp_alloc_shared_tag<_Alloc>, _Args&& ...) [with _Tp = DATA::LidarData; _Alloc = std::allocator<DATA::LidarData>; _Args = {const char (&)[16]}; __gnu_cxx::_Lock_policy _Lp = __gnu_cxx::_S_atomic][m[K’
[6.948s] [01m[K/usr/include/c++/11/bits/shared_ptr_base.h:1342:14:[m[K   required from ‘[01m[Kstd::__shared_ptr<_Tp, _Lp>::__shared_ptr(std::_Sp_alloc_shared_tag<_Tp>, _Args&& ...) [with _Alloc = std::allocator<DATA::LidarData>; _Args = {const char (&)[16]}; _Tp = DATA::LidarData; __gnu_cxx::_Lock_policy _Lp = __gnu_cxx::_S_atomic][m[K’
[6.948s] [01m[K/usr/include/c++/11/bits/shared_ptr.h:409:59:[m[K   required from ‘[01m[Kstd::shared_ptr<_Tp>::shared_ptr(std::_Sp_alloc_shared_tag<_Tp>, _Args&& ...) [with _Alloc = std::allocator<DATA::LidarData>; _Args = {const char (&)[16]}; _Tp = DATA::LidarData][m[K’
[6.948s] [01m[K/usr/include/c++/11/bits/shared_ptr.h:862:14:[m[K   required from ‘[01m[Kstd::shared_ptr<_Tp> std::allocate_shared(const _Alloc&, _Args&& ...) [with _Tp = DATA::LidarData; _Alloc = std::allocator<DATA::LidarData>; _Args = {const char (&)[16]}][m[K’
[6.948s] [01m[K/usr/include/c++/11/bits/shared_ptr.h:878:39:[m[K   required from ‘[01m[Kstd::shared_ptr<_Tp> std::make_shared(_Args&& ...) [with _Tp = DATA::LidarData; _Args = {const char (&)[16]}][m[K’
[6.948s] [01m[K/home/evan/code/ndt-loc/src/data-publisher/src/LidarData.cpp:77:50:[m[K   required from here
[6.948s] [01m[K/usr/include/c++/11/ext/new_allocator.h:162:11:[m[K [01;31m[Kerror: [m[Kno matching function for call to ‘[01m[KDATA::LidarData::LidarData(const char [16])[m[K’
[6.948s]   162 |         { [01;31m[K::new((void *)__p) _Up(std::forward<_Args>(__args)...)[m[K; }
[6.948s]       |           [01;31m[K^~~~~~~~~~~~~~~~~~~~~~~~~~~~~~~~~~~~~~~~~~~~~~~~~~~~~~[m[K
[6.948s] [01m[K/home/evan/code/ndt-loc/src/data-publisher/src/LidarData.cpp:6:1:[m[K [01;36m[Knote: [m[Kcandidate: ‘[01m[KDATA::LidarData::LidarData(const string&, const string&, const string&)[m[K’
[6.948s]     6 | [01;36m[KLidarData[m[K::LidarData(const std::string &name, const std::string &file_path, const std::string &file_time)
[6.948s]       | [01;36m[K^~~~~~~~~[m[K
[6.948s] [01m[K/home/evan/code/ndt-loc/src/data-publisher/src/LidarData.cpp:6:1:[m[K [01;36m[Knote: [m[K  candidate expects 3 arguments, 1 provided
[7.384s] gmake[2]: *** [CMakeFiles/lidar_data_node.dir/build.make:76: CMakeFiles/lidar_data_node.dir/src/LidarData.cpp.o] Error 1
[7.385s] gmake[1]: *** [CMakeFiles/Makefile2:137: CMakeFiles/lidar_data_node.dir/all] Error 2
[7.385s] gmake: *** [Makefile:146: all] Error 2
[7.388s] Invoked command in '/home/evan/code/ndt-loc/build/data-publisher' returned '2': CMAKE_PREFIX_PATH=${CMAKE_PREFIX_PATH}:/opt/ros/humble /usr/bin/cmake --build /home/evan/code/ndt-loc/build/data-publisher -- -j4 -l4
