[0.023s] Invoking command in '/home/evan/code/ndt-loc/build/map': CMAKE_PREFIX_PATH=${CMAKE_PREFIX_PATH}:/opt/ros/humble /usr/bin/cmake --build /home/evan/code/ndt-loc/build/map -- -j4 -l4
[0.253s] -- Found ament_cmake: 1.3.3 (/opt/ros/humble/share/ament_cmake/cmake)
[0.960s] -- Found rclcpp: 16.0.3 (/opt/ros/humble/share/rclcpp/cmake)
[1.242s] -- Found rosidl_generator_c: 3.1.4 (/opt/ros/humble/share/rosidl_generator_c/cmake)
[1.279s] -- Found rosidl_adapter: 3.1.4 (/opt/ros/humble/share/rosidl_adapter/cmake)
[1.361s] -- Found rosidl_generator_cpp: 3.1.4 (/opt/ros/humble/share/rosidl_generator_cpp/cmake)
[1.455s] -- Using all available rosidl_typesupport_c: rosidl_typesupport_fastrtps_c;rosidl_typesupport_introspection_c
[1.551s] -- Using all available rosidl_typesupport_cpp: rosidl_typesupport_fastrtps_cpp;rosidl_typesupport_introspection_cpp
[1.871s] -- Found rmw_implementation_cmake: 6.1.1 (/opt/ros/humble/share/rmw_implementation_cmake/cmake)
[1.917s] -- Found rmw_fastrtps_cpp: 6.2.2 (/opt/ros/humble/share/rmw_fastrtps_cpp/cmake)
[2.519s] -- Using RMW implementation 'rmw_fastrtps_cpp' as default
[2.915s] -- Found sensor_msgs: 4.2.3 (/opt/ros/humble/share/sensor_msgs/cmake)
[3.352s] -- Eigen found (include: /usr/include/eigen3, version: 3.4.0)
[3.514s] -- FLANN found (include: /usr/include, lib: /usr/lib/x86_64-linux-gnu/libflann_cpp.so)
[4.756s] -- OpenNI found (version: 1.5.4.0, include: /usr/include/ni, lib: /usr/lib/libOpenNI.so;libusb::libusb)
[4.769s] -- OpenNI2 found (version: 2.2.0.33, include: /usr/include/openni2, lib: /usr/lib/x86_64-linux-gnu/libOpenNI2.so;libusb::libusb)
[4.770s] [0m** WARNING ** io features related to pcap will be disabled[0m
[4.960s] -- Eigen found (include: /usr/include/eigen3, version: 3.4.0)
[4.969s] -- OpenNI found (version: 1.5.4.0, include: /usr/include/ni, lib: /usr/lib/libOpenNI.so;libusb::libusb)
[4.977s] -- OpenNI2 found (version: 2.2.0.33, include: /usr/include/openni2, lib: /usr/lib/x86_64-linux-gnu/libOpenNI2.so;libusb::libusb)
[5.171s] -- Found Qhull version 8.0.2
[5.355s] -- OpenNI found (version: 1.5.4.0, include: /usr/include/ni, lib: /usr/lib/libOpenNI.so;libusb::libusb)
[5.530s] -- looking for PCL_COMMON
[5.531s] -- looking for PCL_KDTREE
[5.531s] -- looking for PCL_OCTREE
[5.532s] -- looking for PCL_SEARCH
[5.533s] -- looking for PCL_SAMPLE_CONSENSUS
[5.533s] -- looking for PCL_FILTERS
[5.534s] -- looking for PCL_2D
[5.534s] -- looking for PCL_GEOMETRY
[5.535s] -- looking for PCL_IO
[5.535s] -- looking for PCL_FEATURES
[5.536s] -- looking for PCL_ML
[5.536s] -- looking for PCL_SEGMENTATION
[5.537s] -- looking for PCL_VISUALIZATION
[5.537s] -- looking for PCL_SURFACE
[5.538s] -- looking for PCL_REGISTRATION
[5.539s] -- looking for PCL_KEYPOINTS
[5.539s] -- looking for PCL_TRACKING
[5.540s] -- looking for PCL_RECOGNITION
[5.540s] -- looking for PCL_STEREO
[5.541s] -- looking for PCL_APPS
[5.542s] -- looking for PCL_IN_HAND_SCANNER
[5.542s] -- looking for PCL_MODELER
[5.542s] -- looking for PCL_POINT_CLOUD_EDITOR
[5.543s] -- looking for PCL_OUTOFCORE
[5.543s] -- looking for PCL_PEOPLE
[5.566s] -- Found pcl_conversions: 2.4.0 (/opt/ros/humble/share/pcl_conversions/cmake)
[6.107s] [31mCMake Error at /opt/ros/humble/share/ament_cmake_target_dependencies/cmake/ament_target_dependencies.cmake:77 (message):
[6.107s]   ament_target_dependencies() the passed package name 'image_projection_node'
[6.107s]   was not found before
[6.107s] Call Stack (most recent call first):
[6.107s]   CMakeLists.txt:66 (ament_target_dependencies)
[6.107s] 
[6.107s] [0m
[6.107s] -- Configuring incomplete, errors occurred!
[6.107s] See also "/home/evan/code/ndt-loc/build/map/CMakeFiles/CMakeOutput.log".
[6.123s] gmake: *** [Makefile:431: cmake_check_build_system] Error 1
[6.127s] Invoked command in '/home/evan/code/ndt-loc/build/map' returned '2': CMAKE_PREFIX_PATH=${CMAKE_PREFIX_PATH}:/opt/ros/humble /usr/bin/cmake --build /home/evan/code/ndt-loc/build/map -- -j4 -l4
