[6.576s] DEBUG:colcon:Command line arguments: ['/usr/bin/colcon', 'build']
[6.577s] DEBUG:colcon:Parsed command line arguments: Namespace(log_base=None, log_level=None, verb_name='build', build_base='build', install_base='install', merge_install=False, symlink_install=False, test_result_base=None, continue_on_error=False, executor='parallel', parallel_workers=4, event_handlers=None, ignore_user_meta=False, metas=['./colcon.meta'], base_paths=['.'], packages_ignore=None, packages_ignore_regex=None, paths=None, packages_up_to=None, packages_up_to_regex=None, packages_above=None, packages_above_and_dependencies=None, packages_above_depth=None, packages_select_by_dep=None, packages_skip_by_dep=None, packages_skip_up_to=None, packages_select_build_failed=False, packages_skip_build_finished=False, packages_select_test_failures=False, packages_skip_test_passed=False, packages_select=None, packages_skip=None, packages_select_regex=None, packages_skip_regex=None, packages_start=None, packages_end=None, allow_overriding=[], cmake_args=None, cmake_target=None, cmake_target_skip_unavailable=False, cmake_clean_cache=False, cmake_clean_first=False, cmake_force_configure=False, ament_cmake_args=None, catkin_cmake_args=None, catkin_skip_building_tests=False, verb_parser=<colcon_defaults.argument_parser.defaults.DefaultArgumentsDecorator object at 0x7f63d67aa320>, verb_extension=<colcon_core.verb.build.BuildVerb object at 0x7f63d704d7b0>, main=<bound method BuildVerb.main of <colcon_core.verb.build.BuildVerb object at 0x7f63d704d7b0>>)
[7.028s] Level 1:colcon.colcon_core.package_discovery:discover_packages(colcon_meta) check parameters
[7.029s] Level 1:colcon.colcon_core.package_discovery:discover_packages(recursive) check parameters
[7.029s] Level 1:colcon.colcon_core.package_discovery:discover_packages(ignore) check parameters
[7.029s] Level 1:colcon.colcon_core.package_discovery:discover_packages(path) check parameters
[7.029s] Level 1:colcon.colcon_core.package_discovery:discover_packages(colcon_meta) discover
[7.029s] Level 1:colcon.colcon_core.package_discovery:discover_packages(recursive) discover
[7.029s] INFO:colcon.colcon_core.package_discovery:Crawling recursively for packages in '/home/evan/code/ndt-loc'
[7.030s] Level 1:colcon.colcon_core.package_identification:_identify(.) by extensions ['ignore', 'ignore_ament_install']
[7.030s] Level 1:colcon.colcon_core.package_identification:_identify(.) by extension 'ignore'
[7.030s] Level 1:colcon.colcon_core.package_identification:_identify(.) by extension 'ignore_ament_install'
[7.030s] Level 1:colcon.colcon_core.package_identification:_identify(.) by extensions ['colcon_pkg']
[7.030s] Level 1:colcon.colcon_core.package_identification:_identify(.) by extension 'colcon_pkg'
[7.030s] Level 1:colcon.colcon_core.package_identification:_identify(.) by extensions ['colcon_meta']
[7.031s] Level 1:colcon.colcon_core.package_identification:_identify(.) by extension 'colcon_meta'
[7.031s] Level 1:colcon.colcon_core.package_identification:_identify(.) by extensions ['ros']
[7.031s] Level 1:colcon.colcon_core.package_identification:_identify(.) by extension 'ros'
[7.112s] Level 1:colcon.colcon_core.package_identification:_identify(.) by extensions ['cmake', 'python']
[7.112s] Level 1:colcon.colcon_core.package_identification:_identify(.) by extension 'cmake'
[7.113s] Level 1:colcon.colcon_core.package_identification:_identify(.) by extension 'python'
[7.113s] Level 1:colcon.colcon_core.package_identification:_identify(.) by extensions ['python_setup_py']
[7.113s] Level 1:colcon.colcon_core.package_identification:_identify(.) by extension 'python_setup_py'
[7.122s] Level 1:colcon.colcon_core.package_identification:_identify(build) by extensions ['ignore', 'ignore_ament_install']
[7.122s] Level 1:colcon.colcon_core.package_identification:_identify(build) by extension 'ignore'
[7.122s] Level 1:colcon.colcon_core.package_identification:_identify(build) ignored
[7.123s] Level 1:colcon.colcon_core.package_identification:_identify(install) by extensions ['ignore', 'ignore_ament_install']
[7.123s] Level 1:colcon.colcon_core.package_identification:_identify(install) by extension 'ignore'
[7.123s] Level 1:colcon.colcon_core.package_identification:_identify(install) ignored
[7.124s] Level 1:colcon.colcon_core.package_identification:_identify(log) by extensions ['ignore', 'ignore_ament_install']
[7.124s] Level 1:colcon.colcon_core.package_identification:_identify(log) by extension 'ignore'
[7.124s] Level 1:colcon.colcon_core.package_identification:_identify(log) ignored
[7.125s] Level 1:colcon.colcon_core.package_identification:_identify(src) by extensions ['ignore', 'ignore_ament_install']
[7.125s] Level 1:colcon.colcon_core.package_identification:_identify(src) by extension 'ignore'
[7.125s] Level 1:colcon.colcon_core.package_identification:_identify(src) by extension 'ignore_ament_install'
[7.125s] Level 1:colcon.colcon_core.package_identification:_identify(src) by extensions ['colcon_pkg']
[7.126s] Level 1:colcon.colcon_core.package_identification:_identify(src) by extension 'colcon_pkg'
[7.126s] Level 1:colcon.colcon_core.package_identification:_identify(src) by extensions ['colcon_meta']
[7.126s] Level 1:colcon.colcon_core.package_identification:_identify(src) by extension 'colcon_meta'
[7.126s] Level 1:colcon.colcon_core.package_identification:_identify(src) by extensions ['ros']
[7.126s] Level 1:colcon.colcon_core.package_identification:_identify(src) by extension 'ros'
[7.126s] Level 1:colcon.colcon_core.package_identification:_identify(src) by extensions ['cmake', 'python']
[7.126s] Level 1:colcon.colcon_core.package_identification:_identify(src) by extension 'cmake'
[7.127s] Level 1:colcon.colcon_core.package_identification:_identify(src) by extension 'python'
[7.127s] Level 1:colcon.colcon_core.package_identification:_identify(src) by extensions ['python_setup_py']
[7.127s] Level 1:colcon.colcon_core.package_identification:_identify(src) by extension 'python_setup_py'
[7.130s] Level 1:colcon.colcon_core.package_identification:_identify(src/cloud_msgs) by extensions ['ignore', 'ignore_ament_install']
[7.130s] Level 1:colcon.colcon_core.package_identification:_identify(src/cloud_msgs) by extension 'ignore'
[7.131s] Level 1:colcon.colcon_core.package_identification:_identify(src/cloud_msgs) by extension 'ignore_ament_install'
[7.131s] Level 1:colcon.colcon_core.package_identification:_identify(src/cloud_msgs) by extensions ['colcon_pkg']
[7.131s] Level 1:colcon.colcon_core.package_identification:_identify(src/cloud_msgs) by extension 'colcon_pkg'
[7.131s] Level 1:colcon.colcon_core.package_identification:_identify(src/cloud_msgs) by extensions ['colcon_meta']
[7.131s] Level 1:colcon.colcon_core.package_identification:_identify(src/cloud_msgs) by extension 'colcon_meta'
[7.131s] Level 1:colcon.colcon_core.package_identification:_identify(src/cloud_msgs) by extensions ['ros']
[7.132s] Level 1:colcon.colcon_core.package_identification:_identify(src/cloud_msgs) by extension 'ros'
[7.149s] DEBUG:colcon.colcon_core.package_identification:Package 'src/cloud_msgs' with type 'ros.ament_cmake' and name 'cloud_msgs'
[7.149s] Level 1:colcon.colcon_core.package_identification:_identify(src/map) by extensions ['ignore', 'ignore_ament_install']
[7.149s] Level 1:colcon.colcon_core.package_identification:_identify(src/map) by extension 'ignore'
[7.150s] Level 1:colcon.colcon_core.package_identification:_identify(src/map) by extension 'ignore_ament_install'
[7.150s] Level 1:colcon.colcon_core.package_identification:_identify(src/map) by extensions ['colcon_pkg']
[7.150s] Level 1:colcon.colcon_core.package_identification:_identify(src/map) by extension 'colcon_pkg'
[7.150s] Level 1:colcon.colcon_core.package_identification:_identify(src/map) by extensions ['colcon_meta']
[7.150s] Level 1:colcon.colcon_core.package_identification:_identify(src/map) by extension 'colcon_meta'
[7.150s] Level 1:colcon.colcon_core.package_identification:_identify(src/map) by extensions ['ros']
[7.151s] Level 1:colcon.colcon_core.package_identification:_identify(src/map) by extension 'ros'
[7.158s] DEBUG:colcon.colcon_core.package_identification:Package 'src/map' with type 'ros.ament_cmake' and name 'map'
[7.173s] Level 1:colcon.colcon_core.package_identification:_identify(src/ndt-lidar-radar) by extensions ['ignore', 'ignore_ament_install']
[7.174s] Level 1:colcon.colcon_core.package_identification:_identify(src/ndt-lidar-radar) by extension 'ignore'
[7.174s] Level 1:colcon.colcon_core.package_identification:_identify(src/ndt-lidar-radar) by extension 'ignore_ament_install'
[7.174s] Level 1:colcon.colcon_core.package_identification:_identify(src/ndt-lidar-radar) by extensions ['colcon_pkg']
[7.174s] Level 1:colcon.colcon_core.package_identification:_identify(src/ndt-lidar-radar) by extension 'colcon_pkg'
[7.174s] Level 1:colcon.colcon_core.package_identification:_identify(src/ndt-lidar-radar) by extensions ['colcon_meta']
[7.175s] Level 1:colcon.colcon_core.package_identification:_identify(src/ndt-lidar-radar) by extension 'colcon_meta'
[7.175s] Level 1:colcon.colcon_core.package_identification:_identify(src/ndt-lidar-radar) by extensions ['ros']
[7.175s] Level 1:colcon.colcon_core.package_identification:_identify(src/ndt-lidar-radar) by extension 'ros'
[7.187s] DEBUG:colcon.colcon_core.package_identification:Package 'src/ndt-lidar-radar' with type 'ros.ament_cmake' and name 'ndt-lidar-radar'
[7.196s] Level 1:colcon.colcon_core.package_identification:_identify(src/radar-data) by extensions ['ignore', 'ignore_ament_install']
[7.196s] Level 1:colcon.colcon_core.package_identification:_identify(src/radar-data) by extension 'ignore'
[7.196s] Level 1:colcon.colcon_core.package_identification:_identify(src/radar-data) by extension 'ignore_ament_install'
[7.197s] Level 1:colcon.colcon_core.package_identification:_identify(src/radar-data) by extensions ['colcon_pkg']
[7.197s] Level 1:colcon.colcon_core.package_identification:_identify(src/radar-data) by extension 'colcon_pkg'
[7.197s] Level 1:colcon.colcon_core.package_identification:_identify(src/radar-data) by extensions ['colcon_meta']
[7.197s] Level 1:colcon.colcon_core.package_identification:_identify(src/radar-data) by extension 'colcon_meta'
[7.197s] Level 1:colcon.colcon_core.package_identification:_identify(src/radar-data) by extensions ['ros']
[7.198s] Level 1:colcon.colcon_core.package_identification:_identify(src/radar-data) by extension 'ros'
[7.209s] DEBUG:colcon.colcon_core.package_identification:Package 'src/radar-data' with type 'ros.ament_cmake' and name 'radar-data'
[7.209s] Level 1:colcon.colcon_core.package_discovery:discover_packages(recursive) using defaults
[7.210s] Level 1:colcon.colcon_core.package_discovery:discover_packages(ignore) discover
[7.210s] Level 1:colcon.colcon_core.package_discovery:discover_packages(ignore) using defaults
[7.210s] Level 1:colcon.colcon_core.package_discovery:discover_packages(path) discover
[7.210s] Level 1:colcon.colcon_core.package_discovery:discover_packages(path) using defaults
[7.375s] Level 1:colcon.colcon_core.package_discovery:discover_packages(prefix_path) check parameters
[7.375s] Level 1:colcon.colcon_core.package_discovery:discover_packages(prefix_path) discover
[7.438s] DEBUG:colcon.colcon_installed_package_information.package_discovery:Found 1 installed packages in /home/evan/code/test/install
[7.440s] DEBUG:colcon.colcon_installed_package_information.package_discovery:Found 3 installed packages in /home/evan/code/ndt-loc/install
[7.442s] DEBUG:colcon.colcon_installed_package_information.package_discovery:Found 270 installed packages in /opt/ros/humble
[7.444s] Level 1:colcon.colcon_core.package_discovery:discover_packages(prefix_path) using defaults
[7.648s] Level 5:colcon.colcon_core.verb:set package 'cloud_msgs' build argument 'cmake_args' from command line to 'None'
[7.648s] Level 5:colcon.colcon_core.verb:set package 'cloud_msgs' build argument 'cmake_target' from command line to 'None'
[7.648s] Level 5:colcon.colcon_core.verb:set package 'cloud_msgs' build argument 'cmake_target_skip_unavailable' from command line to 'False'
[7.648s] Level 5:colcon.colcon_core.verb:set package 'cloud_msgs' build argument 'cmake_clean_cache' from command line to 'False'
[7.648s] Level 5:colcon.colcon_core.verb:set package 'cloud_msgs' build argument 'cmake_clean_first' from command line to 'False'
[7.649s] Level 5:colcon.colcon_core.verb:set package 'cloud_msgs' build argument 'cmake_force_configure' from command line to 'False'
[7.649s] Level 5:colcon.colcon_core.verb:set package 'cloud_msgs' build argument 'ament_cmake_args' from command line to 'None'
[7.649s] Level 5:colcon.colcon_core.verb:set package 'cloud_msgs' build argument 'catkin_cmake_args' from command line to 'None'
[7.649s] Level 5:colcon.colcon_core.verb:set package 'cloud_msgs' build argument 'catkin_skip_building_tests' from command line to 'False'
[7.649s] DEBUG:colcon.colcon_core.verb:Building package 'cloud_msgs' with the following arguments: {'ament_cmake_args': None, 'build_base': '/home/evan/code/ndt-loc/build/cloud_msgs', 'catkin_cmake_args': None, 'catkin_skip_building_tests': False, 'cmake_args': None, 'cmake_clean_cache': False, 'cmake_clean_first': False, 'cmake_force_configure': False, 'cmake_target': None, 'cmake_target_skip_unavailable': False, 'install_base': '/home/evan/code/ndt-loc/install/cloud_msgs', 'merge_install': False, 'path': '/home/evan/code/ndt-loc/src/cloud_msgs', 'symlink_install': False, 'test_result_base': None}
[7.650s] Level 5:colcon.colcon_core.verb:set package 'map' build argument 'cmake_args' from command line to 'None'
[7.650s] Level 5:colcon.colcon_core.verb:set package 'map' build argument 'cmake_target' from command line to 'None'
[7.650s] Level 5:colcon.colcon_core.verb:set package 'map' build argument 'cmake_target_skip_unavailable' from command line to 'False'
[7.650s] Level 5:colcon.colcon_core.verb:set package 'map' build argument 'cmake_clean_cache' from command line to 'False'
[7.650s] Level 5:colcon.colcon_core.verb:set package 'map' build argument 'cmake_clean_first' from command line to 'False'
[7.650s] Level 5:colcon.colcon_core.verb:set package 'map' build argument 'cmake_force_configure' from command line to 'False'
[7.650s] Level 5:colcon.colcon_core.verb:set package 'map' build argument 'ament_cmake_args' from command line to 'None'
[7.650s] Level 5:colcon.colcon_core.verb:set package 'map' build argument 'catkin_cmake_args' from command line to 'None'
[7.650s] Level 5:colcon.colcon_core.verb:set package 'map' build argument 'catkin_skip_building_tests' from command line to 'False'
[7.650s] DEBUG:colcon.colcon_core.verb:Building package 'map' with the following arguments: {'ament_cmake_args': None, 'build_base': '/home/evan/code/ndt-loc/build/map', 'catkin_cmake_args': None, 'catkin_skip_building_tests': False, 'cmake_args': None, 'cmake_clean_cache': False, 'cmake_clean_first': False, 'cmake_force_configure': False, 'cmake_target': None, 'cmake_target_skip_unavailable': False, 'install_base': '/home/evan/code/ndt-loc/install/map', 'merge_install': False, 'path': '/home/evan/code/ndt-loc/src/map', 'symlink_install': False, 'test_result_base': None}
[7.651s] Level 5:colcon.colcon_core.verb:set package 'ndt-lidar-radar' build argument 'cmake_args' from command line to 'None'
[7.651s] Level 5:colcon.colcon_core.verb:set package 'ndt-lidar-radar' build argument 'cmake_target' from command line to 'None'
[7.651s] Level 5:colcon.colcon_core.verb:set package 'ndt-lidar-radar' build argument 'cmake_target_skip_unavailable' from command line to 'False'
[7.651s] Level 5:colcon.colcon_core.verb:set package 'ndt-lidar-radar' build argument 'cmake_clean_cache' from command line to 'False'
[7.651s] Level 5:colcon.colcon_core.verb:set package 'ndt-lidar-radar' build argument 'cmake_clean_first' from command line to 'False'
[7.651s] Level 5:colcon.colcon_core.verb:set package 'ndt-lidar-radar' build argument 'cmake_force_configure' from command line to 'False'
[7.651s] Level 5:colcon.colcon_core.verb:set package 'ndt-lidar-radar' build argument 'ament_cmake_args' from command line to 'None'
[7.651s] Level 5:colcon.colcon_core.verb:set package 'ndt-lidar-radar' build argument 'catkin_cmake_args' from command line to 'None'
[7.651s] Level 5:colcon.colcon_core.verb:set package 'ndt-lidar-radar' build argument 'catkin_skip_building_tests' from command line to 'False'
[7.652s] DEBUG:colcon.colcon_core.verb:Building package 'ndt-lidar-radar' with the following arguments: {'ament_cmake_args': None, 'build_base': '/home/evan/code/ndt-loc/build/ndt-lidar-radar', 'catkin_cmake_args': None, 'catkin_skip_building_tests': False, 'cmake_args': None, 'cmake_clean_cache': False, 'cmake_clean_first': False, 'cmake_force_configure': False, 'cmake_target': None, 'cmake_target_skip_unavailable': False, 'install_base': '/home/evan/code/ndt-loc/install/ndt-lidar-radar', 'merge_install': False, 'path': '/home/evan/code/ndt-loc/src/ndt-lidar-radar', 'symlink_install': False, 'test_result_base': None}
[7.653s] Level 5:colcon.colcon_core.verb:set package 'radar-data' build argument 'cmake_args' from command line to 'None'
[7.653s] Level 5:colcon.colcon_core.verb:set package 'radar-data' build argument 'cmake_target' from command line to 'None'
[7.653s] Level 5:colcon.colcon_core.verb:set package 'radar-data' build argument 'cmake_target_skip_unavailable' from command line to 'False'
[7.653s] Level 5:colcon.colcon_core.verb:set package 'radar-data' build argument 'cmake_clean_cache' from command line to 'False'
[7.653s] Level 5:colcon.colcon_core.verb:set package 'radar-data' build argument 'cmake_clean_first' from command line to 'False'
[7.653s] Level 5:colcon.colcon_core.verb:set package 'radar-data' build argument 'cmake_force_configure' from command line to 'False'
[7.653s] Level 5:colcon.colcon_core.verb:set package 'radar-data' build argument 'ament_cmake_args' from command line to 'None'
[7.653s] Level 5:colcon.colcon_core.verb:set package 'radar-data' build argument 'catkin_cmake_args' from command line to 'None'
[7.653s] Level 5:colcon.colcon_core.verb:set package 'radar-data' build argument 'catkin_skip_building_tests' from command line to 'False'
[7.653s] DEBUG:colcon.colcon_core.verb:Building package 'radar-data' with the following arguments: {'ament_cmake_args': None, 'build_base': '/home/evan/code/ndt-loc/build/radar-data', 'catkin_cmake_args': None, 'catkin_skip_building_tests': False, 'cmake_args': None, 'cmake_clean_cache': False, 'cmake_clean_first': False, 'cmake_force_configure': False, 'cmake_target': None, 'cmake_target_skip_unavailable': False, 'install_base': '/home/evan/code/ndt-loc/install/radar-data', 'merge_install': False, 'path': '/home/evan/code/ndt-loc/src/radar-data', 'symlink_install': False, 'test_result_base': None}
[7.654s] INFO:colcon.colcon_core.executor:Executing jobs using 'parallel' executor
[7.658s] DEBUG:colcon.colcon_parallel_executor.executor.parallel:run_until_complete
[7.658s] INFO:colcon.colcon_ros.task.ament_cmake.build:Building ROS package in '/home/evan/code/ndt-loc/src/cloud_msgs' with build type 'ament_cmake'
[7.659s] INFO:colcon.colcon_cmake.task.cmake.build:Building CMake package in '/home/evan/code/ndt-loc/src/cloud_msgs'
[7.819s] INFO:colcon.colcon_core.plugin_system:Skipping extension 'colcon_core.shell.bat': Not used on non-Windows systems
[7.820s] INFO:colcon.colcon_core.shell:Skip shell extension 'powershell' for command environment: Not usable outside of PowerShell
[7.820s] DEBUG:colcon.colcon_core.shell:Skip shell extension 'dsv' for command environment
[8.010s] INFO:colcon.colcon_ros.task.ament_cmake.build:Building ROS package in '/home/evan/code/ndt-loc/src/map' with build type 'ament_cmake'
[8.012s] INFO:colcon.colcon_cmake.task.cmake.build:Building CMake package in '/home/evan/code/ndt-loc/src/map'
[8.016s] INFO:colcon.colcon_core.shell:Skip shell extension 'powershell' for command environment: Not usable outside of PowerShell
[8.016s] DEBUG:colcon.colcon_core.shell:Skip shell extension 'dsv' for command environment
[8.032s] INFO:colcon.colcon_ros.task.ament_cmake.build:Building ROS package in '/home/evan/code/ndt-loc/src/ndt-lidar-radar' with build type 'ament_cmake'
[8.033s] INFO:colcon.colcon_cmake.task.cmake.build:Building CMake package in '/home/evan/code/ndt-loc/src/ndt-lidar-radar'
[8.036s] INFO:colcon.colcon_core.shell:Skip shell extension 'powershell' for command environment: Not usable outside of PowerShell
[8.036s] DEBUG:colcon.colcon_core.shell:Skip shell extension 'dsv' for command environment
[8.045s] INFO:colcon.colcon_ros.task.ament_cmake.build:Building ROS package in '/home/evan/code/ndt-loc/src/radar-data' with build type 'ament_cmake'
[8.046s] INFO:colcon.colcon_cmake.task.cmake.build:Building CMake package in '/home/evan/code/ndt-loc/src/radar-data'
[8.047s] INFO:colcon.colcon_core.shell:Skip shell extension 'powershell' for command environment: Not usable outside of PowerShell
[8.048s] DEBUG:colcon.colcon_core.shell:Skip shell extension 'dsv' for command environment
[8.176s] DEBUG:colcon.colcon_core.event_handler.log_command:Invoking command in '/home/evan/code/ndt-loc/build/radar-data': CMAKE_PREFIX_PATH=${CMAKE_PREFIX_PATH}:/opt/ros/humble /usr/bin/cmake /home/evan/code/ndt-loc/src/radar-data -DCMAKE_INSTALL_PREFIX=/home/evan/code/ndt-loc/install/radar-data
[8.463s] DEBUG:colcon.colcon_core.event_handler.log_command:Invoking command in '/home/evan/code/ndt-loc/build/cloud_msgs': CMAKE_PREFIX_PATH=${CMAKE_PREFIX_PATH}:/opt/ros/humble /usr/bin/cmake --build /home/evan/code/ndt-loc/build/cloud_msgs -- -j4 -l4
[8.539s] DEBUG:colcon.colcon_core.event_handler.log_command:Invoking command in '/home/evan/code/ndt-loc/build/ndt-lidar-radar': CMAKE_PREFIX_PATH=${CMAKE_PREFIX_PATH}:/opt/ros/humble /usr/bin/cmake --build /home/evan/code/ndt-loc/build/ndt-lidar-radar -- -j4 -l4
[8.613s] DEBUG:colcon.colcon_core.event_handler.log_command:Invoking command in '/home/evan/code/ndt-loc/build/map': CMAKE_PREFIX_PATH=${CMAKE_PREFIX_PATH}:/opt/ros/humble /usr/bin/cmake --build /home/evan/code/ndt-loc/build/map -- -j4 -l4
[11.504s] DEBUG:colcon.colcon_core.event_handler.log_command:Invoked command in '/home/evan/code/ndt-loc/build/ndt-lidar-radar' returned '0': CMAKE_PREFIX_PATH=${CMAKE_PREFIX_PATH}:/opt/ros/humble /usr/bin/cmake --build /home/evan/code/ndt-loc/build/ndt-lidar-radar -- -j4 -l4
[11.547s] DEBUG:colcon.colcon_core.event_handler.log_command:Invoking command in '/home/evan/code/ndt-loc/build/ndt-lidar-radar': CMAKE_PREFIX_PATH=${CMAKE_PREFIX_PATH}:/opt/ros/humble /usr/bin/cmake --install /home/evan/code/ndt-loc/build/ndt-lidar-radar
[11.704s] Level 1:colcon.colcon_core.environment:create_environment_scripts_only(ndt-lidar-radar)
[11.707s] DEBUG:colcon.colcon_core.event_handler.log_command:Invoked command in '/home/evan/code/ndt-loc/build/ndt-lidar-radar' returned '0': CMAKE_PREFIX_PATH=${CMAKE_PREFIX_PATH}:/opt/ros/humble /usr/bin/cmake --install /home/evan/code/ndt-loc/build/ndt-lidar-radar
[13.170s] Level 1:colcon.colcon_core.environment:checking '/home/evan/code/ndt-loc/install/ndt-lidar-radar' for CMake module files
[13.186s] Level 1:colcon.colcon_core.environment:checking '/home/evan/code/ndt-loc/install/ndt-lidar-radar' for CMake config files
[13.211s] Level 1:colcon.colcon_core.shell:create_environment_hook('ndt-lidar-radar', 'cmake_prefix_path')
[13.216s] INFO:colcon.colcon_core.shell:Creating environment hook '/home/evan/code/ndt-loc/install/ndt-lidar-radar/share/ndt-lidar-radar/hook/cmake_prefix_path.ps1'
[13.683s] INFO:colcon.colcon_core.shell:Creating environment descriptor '/home/evan/code/ndt-loc/install/ndt-lidar-radar/share/ndt-lidar-radar/hook/cmake_prefix_path.dsv'
[13.715s] INFO:colcon.colcon_core.shell:Creating environment hook '/home/evan/code/ndt-loc/install/ndt-lidar-radar/share/ndt-lidar-radar/hook/cmake_prefix_path.sh'
[13.719s] Level 1:colcon.colcon_core.environment:checking '/home/evan/code/ndt-loc/install/ndt-lidar-radar/bin'
[13.720s] Level 1:colcon.colcon_core.environment:checking '/home/evan/code/ndt-loc/install/ndt-lidar-radar/lib/pkgconfig/ndt-lidar-radar.pc'
[13.720s] Level 1:colcon.colcon_core.environment:checking '/home/evan/code/ndt-loc/install/ndt-lidar-radar/lib/python3.10/site-packages'
[13.720s] Level 1:colcon.colcon_core.environment:checking '/home/evan/code/ndt-loc/install/ndt-lidar-radar/bin'
[13.722s] INFO:colcon.colcon_core.shell:Creating package script '/home/evan/code/ndt-loc/install/ndt-lidar-radar/share/ndt-lidar-radar/package.ps1'
[13.728s] INFO:colcon.colcon_core.shell:Creating package descriptor '/home/evan/code/ndt-loc/install/ndt-lidar-radar/share/ndt-lidar-radar/package.dsv'
[13.815s] INFO:colcon.colcon_core.shell:Creating package script '/home/evan/code/ndt-loc/install/ndt-lidar-radar/share/ndt-lidar-radar/package.sh'
[13.816s] INFO:colcon.colcon_core.shell:Creating package script '/home/evan/code/ndt-loc/install/ndt-lidar-radar/share/ndt-lidar-radar/package.bash'
[13.861s] INFO:colcon.colcon_core.shell:Creating package script '/home/evan/code/ndt-loc/install/ndt-lidar-radar/share/ndt-lidar-radar/package.zsh'
[13.966s] Level 1:colcon.colcon_core.environment:create_file_with_runtime_dependencies(/home/evan/code/ndt-loc/install/ndt-lidar-radar/share/colcon-core/packages/ndt-lidar-radar)
[13.991s] Level 1:colcon.colcon_core.environment:create_environment_scripts_only(ndt-lidar-radar)
[13.993s] Level 1:colcon.colcon_core.environment:checking '/home/evan/code/ndt-loc/install/ndt-lidar-radar' for CMake module files
[13.993s] Level 1:colcon.colcon_core.environment:checking '/home/evan/code/ndt-loc/install/ndt-lidar-radar' for CMake config files
[13.993s] Level 1:colcon.colcon_core.shell:create_environment_hook('ndt-lidar-radar', 'cmake_prefix_path')
[13.994s] INFO:colcon.colcon_core.shell:Creating environment hook '/home/evan/code/ndt-loc/install/ndt-lidar-radar/share/ndt-lidar-radar/hook/cmake_prefix_path.ps1'
[13.995s] INFO:colcon.colcon_core.shell:Creating environment descriptor '/home/evan/code/ndt-loc/install/ndt-lidar-radar/share/ndt-lidar-radar/hook/cmake_prefix_path.dsv'
[13.995s] INFO:colcon.colcon_core.shell:Creating environment hook '/home/evan/code/ndt-loc/install/ndt-lidar-radar/share/ndt-lidar-radar/hook/cmake_prefix_path.sh'
[13.996s] Level 1:colcon.colcon_core.environment:checking '/home/evan/code/ndt-loc/install/ndt-lidar-radar/bin'
[13.996s] Level 1:colcon.colcon_core.environment:checking '/home/evan/code/ndt-loc/install/ndt-lidar-radar/lib/pkgconfig/ndt-lidar-radar.pc'
[13.996s] Level 1:colcon.colcon_core.environment:checking '/home/evan/code/ndt-loc/install/ndt-lidar-radar/lib/python3.10/site-packages'
[13.996s] Level 1:colcon.colcon_core.environment:checking '/home/evan/code/ndt-loc/install/ndt-lidar-radar/bin'
[13.998s] INFO:colcon.colcon_core.shell:Creating package script '/home/evan/code/ndt-loc/install/ndt-lidar-radar/share/ndt-lidar-radar/package.ps1'
[13.999s] INFO:colcon.colcon_core.shell:Creating package descriptor '/home/evan/code/ndt-loc/install/ndt-lidar-radar/share/ndt-lidar-radar/package.dsv'
[13.999s] INFO:colcon.colcon_core.shell:Creating package script '/home/evan/code/ndt-loc/install/ndt-lidar-radar/share/ndt-lidar-radar/package.sh'
[14.000s] INFO:colcon.colcon_core.shell:Creating package script '/home/evan/code/ndt-loc/install/ndt-lidar-radar/share/ndt-lidar-radar/package.bash'
[14.000s] INFO:colcon.colcon_core.shell:Creating package script '/home/evan/code/ndt-loc/install/ndt-lidar-radar/share/ndt-lidar-radar/package.zsh'
[14.039s] Level 1:colcon.colcon_core.environment:create_file_with_runtime_dependencies(/home/evan/code/ndt-loc/install/ndt-lidar-radar/share/colcon-core/packages/ndt-lidar-radar)
[14.810s] DEBUG:colcon.colcon_core.event_handler.log_command:Invoked command in '/home/evan/code/ndt-loc/build/cloud_msgs' returned '0': CMAKE_PREFIX_PATH=${CMAKE_PREFIX_PATH}:/opt/ros/humble /usr/bin/cmake --build /home/evan/code/ndt-loc/build/cloud_msgs -- -j4 -l4
[14.907s] DEBUG:colcon.colcon_core.event_handler.log_command:Invoking command in '/home/evan/code/ndt-loc/build/cloud_msgs': CMAKE_PREFIX_PATH=${CMAKE_PREFIX_PATH}:/opt/ros/humble /usr/bin/cmake --install /home/evan/code/ndt-loc/build/cloud_msgs
[17.428s] Level 1:colcon.colcon_core.environment:create_environment_scripts_only(cloud_msgs)
[17.432s] Level 1:colcon.colcon_core.environment:checking '/home/evan/code/ndt-loc/install/cloud_msgs' for CMake module files
[17.432s] DEBUG:colcon.colcon_core.event_handler.log_command:Invoked command in '/home/evan/code/ndt-loc/build/cloud_msgs' returned '0': CMAKE_PREFIX_PATH=${CMAKE_PREFIX_PATH}:/opt/ros/humble /usr/bin/cmake --install /home/evan/code/ndt-loc/build/cloud_msgs
[17.471s] Level 1:colcon.colcon_core.environment:checking '/home/evan/code/ndt-loc/install/cloud_msgs' for CMake config files
[17.515s] Level 1:colcon.colcon_core.shell:create_environment_hook('cloud_msgs', 'cmake_prefix_path')
[17.517s] INFO:colcon.colcon_core.shell:Creating environment hook '/home/evan/code/ndt-loc/install/cloud_msgs/share/cloud_msgs/hook/cmake_prefix_path.ps1'
[17.517s] INFO:colcon.colcon_core.shell:Creating environment descriptor '/home/evan/code/ndt-loc/install/cloud_msgs/share/cloud_msgs/hook/cmake_prefix_path.dsv'
[17.518s] INFO:colcon.colcon_core.shell:Creating environment hook '/home/evan/code/ndt-loc/install/cloud_msgs/share/cloud_msgs/hook/cmake_prefix_path.sh'
[17.518s] Level 1:colcon.colcon_core.environment:checking '/home/evan/code/ndt-loc/install/cloud_msgs/lib'
[17.519s] Level 1:colcon.colcon_core.shell:create_environment_hook('cloud_msgs', 'ld_library_path_lib')
[17.520s] INFO:colcon.colcon_core.shell:Creating environment hook '/home/evan/code/ndt-loc/install/cloud_msgs/share/cloud_msgs/hook/ld_library_path_lib.ps1'
[17.521s] INFO:colcon.colcon_core.shell:Creating environment descriptor '/home/evan/code/ndt-loc/install/cloud_msgs/share/cloud_msgs/hook/ld_library_path_lib.dsv'
[17.527s] INFO:colcon.colcon_core.shell:Creating environment hook '/home/evan/code/ndt-loc/install/cloud_msgs/share/cloud_msgs/hook/ld_library_path_lib.sh'
[17.528s] Level 1:colcon.colcon_core.environment:checking '/home/evan/code/ndt-loc/install/cloud_msgs/bin'
[17.528s] Level 1:colcon.colcon_core.environment:checking '/home/evan/code/ndt-loc/install/cloud_msgs/lib/pkgconfig/cloud_msgs.pc'
[17.528s] Level 1:colcon.colcon_core.environment:checking '/home/evan/code/ndt-loc/install/cloud_msgs/lib/python3.10/site-packages'
[17.528s] Level 1:colcon.colcon_core.environment:checking '/home/evan/code/ndt-loc/install/cloud_msgs/bin'
[17.530s] INFO:colcon.colcon_core.shell:Creating package script '/home/evan/code/ndt-loc/install/cloud_msgs/share/cloud_msgs/package.ps1'
[17.530s] INFO:colcon.colcon_core.shell:Creating package descriptor '/home/evan/code/ndt-loc/install/cloud_msgs/share/cloud_msgs/package.dsv'
[17.531s] INFO:colcon.colcon_core.shell:Creating package script '/home/evan/code/ndt-loc/install/cloud_msgs/share/cloud_msgs/package.sh'
[17.540s] INFO:colcon.colcon_core.shell:Creating package script '/home/evan/code/ndt-loc/install/cloud_msgs/share/cloud_msgs/package.bash'
[17.588s] INFO:colcon.colcon_core.shell:Creating package script '/home/evan/code/ndt-loc/install/cloud_msgs/share/cloud_msgs/package.zsh'
[17.589s] Level 1:colcon.colcon_core.environment:create_file_with_runtime_dependencies(/home/evan/code/ndt-loc/install/cloud_msgs/share/colcon-core/packages/cloud_msgs)
[17.665s] Level 1:colcon.colcon_core.environment:create_environment_scripts_only(cloud_msgs)
[17.667s] Level 1:colcon.colcon_core.environment:checking '/home/evan/code/ndt-loc/install/cloud_msgs' for CMake module files
[17.667s] Level 1:colcon.colcon_core.environment:checking '/home/evan/code/ndt-loc/install/cloud_msgs' for CMake config files
[17.668s] Level 1:colcon.colcon_core.shell:create_environment_hook('cloud_msgs', 'cmake_prefix_path')
[17.669s] INFO:colcon.colcon_core.shell:Creating environment hook '/home/evan/code/ndt-loc/install/cloud_msgs/share/cloud_msgs/hook/cmake_prefix_path.ps1'
[17.670s] INFO:colcon.colcon_core.shell:Creating environment descriptor '/home/evan/code/ndt-loc/install/cloud_msgs/share/cloud_msgs/hook/cmake_prefix_path.dsv'
[17.670s] INFO:colcon.colcon_core.shell:Creating environment hook '/home/evan/code/ndt-loc/install/cloud_msgs/share/cloud_msgs/hook/cmake_prefix_path.sh'
[17.671s] Level 1:colcon.colcon_core.environment:checking '/home/evan/code/ndt-loc/install/cloud_msgs/lib'
[17.671s] Level 1:colcon.colcon_core.shell:create_environment_hook('cloud_msgs', 'ld_library_path_lib')
[17.673s] INFO:colcon.colcon_core.shell:Creating environment hook '/home/evan/code/ndt-loc/install/cloud_msgs/share/cloud_msgs/hook/ld_library_path_lib.ps1'
[17.674s] INFO:colcon.colcon_core.shell:Creating environment descriptor '/home/evan/code/ndt-loc/install/cloud_msgs/share/cloud_msgs/hook/ld_library_path_lib.dsv'
[17.674s] INFO:colcon.colcon_core.shell:Creating environment hook '/home/evan/code/ndt-loc/install/cloud_msgs/share/cloud_msgs/hook/ld_library_path_lib.sh'
[17.674s] Level 1:colcon.colcon_core.environment:checking '/home/evan/code/ndt-loc/install/cloud_msgs/bin'
[17.675s] Level 1:colcon.colcon_core.environment:checking '/home/evan/code/ndt-loc/install/cloud_msgs/lib/pkgconfig/cloud_msgs.pc'
[17.675s] Level 1:colcon.colcon_core.environment:checking '/home/evan/code/ndt-loc/install/cloud_msgs/lib/python3.10/site-packages'
[17.675s] Level 1:colcon.colcon_core.environment:checking '/home/evan/code/ndt-loc/install/cloud_msgs/bin'
[17.677s] INFO:colcon.colcon_core.shell:Creating package script '/home/evan/code/ndt-loc/install/cloud_msgs/share/cloud_msgs/package.ps1'
[17.677s] INFO:colcon.colcon_core.shell:Creating package descriptor '/home/evan/code/ndt-loc/install/cloud_msgs/share/cloud_msgs/package.dsv'
[17.697s] INFO:colcon.colcon_core.shell:Creating package script '/home/evan/code/ndt-loc/install/cloud_msgs/share/cloud_msgs/package.sh'
[17.698s] INFO:colcon.colcon_core.shell:Creating package script '/home/evan/code/ndt-loc/install/cloud_msgs/share/cloud_msgs/package.bash'
[17.698s] INFO:colcon.colcon_core.shell:Creating package script '/home/evan/code/ndt-loc/install/cloud_msgs/share/cloud_msgs/package.zsh'
[17.698s] Level 1:colcon.colcon_core.environment:create_file_with_runtime_dependencies(/home/evan/code/ndt-loc/install/cloud_msgs/share/colcon-core/packages/cloud_msgs)
[35.742s] DEBUG:colcon.colcon_core.event_handler.log_command:Invoked command in '/home/evan/code/ndt-loc/build/radar-data' returned '0': CMAKE_PREFIX_PATH=${CMAKE_PREFIX_PATH}:/opt/ros/humble /usr/bin/cmake /home/evan/code/ndt-loc/src/radar-data -DCMAKE_INSTALL_PREFIX=/home/evan/code/ndt-loc/install/radar-data
[35.749s] DEBUG:colcon.colcon_core.event_handler.log_command:Invoking command in '/home/evan/code/ndt-loc/build/radar-data': CMAKE_PREFIX_PATH=${CMAKE_PREFIX_PATH}:/opt/ros/humble /usr/bin/cmake --build /home/evan/code/ndt-loc/build/radar-data -- -j4 -l4
[35.889s] DEBUG:colcon.colcon_core.event_handler.log_command:Invoked command in '/home/evan/code/ndt-loc/build/radar-data' returned '0': CMAKE_PREFIX_PATH=${CMAKE_PREFIX_PATH}:/opt/ros/humble /usr/bin/cmake --build /home/evan/code/ndt-loc/build/radar-data -- -j4 -l4
[35.949s] DEBUG:colcon.colcon_core.event_handler.log_command:Invoking command in '/home/evan/code/ndt-loc/build/radar-data': CMAKE_PREFIX_PATH=${CMAKE_PREFIX_PATH}:/opt/ros/humble /usr/bin/cmake --install /home/evan/code/ndt-loc/build/radar-data
[35.969s] Level 1:colcon.colcon_core.environment:create_environment_scripts_only(radar-data)
[35.974s] Level 1:colcon.colcon_core.environment:checking '/home/evan/code/ndt-loc/install/radar-data' for CMake module files
[35.975s] DEBUG:colcon.colcon_core.event_handler.log_command:Invoked command in '/home/evan/code/ndt-loc/build/radar-data' returned '0': CMAKE_PREFIX_PATH=${CMAKE_PREFIX_PATH}:/opt/ros/humble /usr/bin/cmake --install /home/evan/code/ndt-loc/build/radar-data
[35.975s] Level 1:colcon.colcon_core.environment:checking '/home/evan/code/ndt-loc/install/radar-data' for CMake config files
[35.976s] Level 1:colcon.colcon_core.shell:create_environment_hook('radar-data', 'cmake_prefix_path')
[35.978s] INFO:colcon.colcon_core.shell:Creating environment hook '/home/evan/code/ndt-loc/install/radar-data/share/radar-data/hook/cmake_prefix_path.ps1'
[35.979s] INFO:colcon.colcon_core.shell:Creating environment descriptor '/home/evan/code/ndt-loc/install/radar-data/share/radar-data/hook/cmake_prefix_path.dsv'
[35.979s] INFO:colcon.colcon_core.shell:Creating environment hook '/home/evan/code/ndt-loc/install/radar-data/share/radar-data/hook/cmake_prefix_path.sh'
[35.980s] Level 1:colcon.colcon_core.environment:checking '/home/evan/code/ndt-loc/install/radar-data/bin'
[35.980s] Level 1:colcon.colcon_core.environment:checking '/home/evan/code/ndt-loc/install/radar-data/lib/pkgconfig/radar-data.pc'
[35.981s] Level 1:colcon.colcon_core.environment:checking '/home/evan/code/ndt-loc/install/radar-data/lib/python3.10/site-packages'
[35.981s] Level 1:colcon.colcon_core.environment:checking '/home/evan/code/ndt-loc/install/radar-data/bin'
[35.984s] INFO:colcon.colcon_core.shell:Creating package script '/home/evan/code/ndt-loc/install/radar-data/share/radar-data/package.ps1'
[35.985s] INFO:colcon.colcon_core.shell:Creating package descriptor '/home/evan/code/ndt-loc/install/radar-data/share/radar-data/package.dsv'
[35.986s] INFO:colcon.colcon_core.shell:Creating package script '/home/evan/code/ndt-loc/install/radar-data/share/radar-data/package.sh'
[35.986s] INFO:colcon.colcon_core.shell:Creating package script '/home/evan/code/ndt-loc/install/radar-data/share/radar-data/package.bash'
[35.987s] INFO:colcon.colcon_core.shell:Creating package script '/home/evan/code/ndt-loc/install/radar-data/share/radar-data/package.zsh'
[35.988s] Level 1:colcon.colcon_core.environment:create_file_with_runtime_dependencies(/home/evan/code/ndt-loc/install/radar-data/share/colcon-core/packages/radar-data)
[36.029s] Level 1:colcon.colcon_core.environment:create_environment_scripts_only(radar-data)
[36.033s] Level 1:colcon.colcon_core.environment:checking '/home/evan/code/ndt-loc/install/radar-data' for CMake module files
[36.034s] Level 1:colcon.colcon_core.environment:checking '/home/evan/code/ndt-loc/install/radar-data' for CMake config files
[36.034s] Level 1:colcon.colcon_core.shell:create_environment_hook('radar-data', 'cmake_prefix_path')
[36.037s] INFO:colcon.colcon_core.shell:Creating environment hook '/home/evan/code/ndt-loc/install/radar-data/share/radar-data/hook/cmake_prefix_path.ps1'
[36.038s] INFO:colcon.colcon_core.shell:Creating environment descriptor '/home/evan/code/ndt-loc/install/radar-data/share/radar-data/hook/cmake_prefix_path.dsv'
[36.039s] INFO:colcon.colcon_core.shell:Creating environment hook '/home/evan/code/ndt-loc/install/radar-data/share/radar-data/hook/cmake_prefix_path.sh'
[36.040s] Level 1:colcon.colcon_core.environment:checking '/home/evan/code/ndt-loc/install/radar-data/bin'
[36.040s] Level 1:colcon.colcon_core.environment:checking '/home/evan/code/ndt-loc/install/radar-data/lib/pkgconfig/radar-data.pc'
[36.040s] Level 1:colcon.colcon_core.environment:checking '/home/evan/code/ndt-loc/install/radar-data/lib/python3.10/site-packages'
[36.041s] Level 1:colcon.colcon_core.environment:checking '/home/evan/code/ndt-loc/install/radar-data/bin'
[36.045s] INFO:colcon.colcon_core.shell:Creating package script '/home/evan/code/ndt-loc/install/radar-data/share/radar-data/package.ps1'
[36.046s] INFO:colcon.colcon_core.shell:Creating package descriptor '/home/evan/code/ndt-loc/install/radar-data/share/radar-data/package.dsv'
[36.047s] INFO:colcon.colcon_core.shell:Creating package script '/home/evan/code/ndt-loc/install/radar-data/share/radar-data/package.sh'
[36.048s] INFO:colcon.colcon_core.shell:Creating package script '/home/evan/code/ndt-loc/install/radar-data/share/radar-data/package.bash'
[36.049s] INFO:colcon.colcon_core.shell:Creating package script '/home/evan/code/ndt-loc/install/radar-data/share/radar-data/package.zsh'
[36.050s] Level 1:colcon.colcon_core.environment:create_file_with_runtime_dependencies(/home/evan/code/ndt-loc/install/radar-data/share/colcon-core/packages/radar-data)
[93.741s] DEBUG:colcon.colcon_core.event_handler.log_command:Invoked command in '/home/evan/code/ndt-loc/build/map' returned '0': CMAKE_PREFIX_PATH=${CMAKE_PREFIX_PATH}:/opt/ros/humble /usr/bin/cmake --build /home/evan/code/ndt-loc/build/map -- -j4 -l4
[94.217s] DEBUG:colcon.colcon_core.event_handler.log_command:Invoking command in '/home/evan/code/ndt-loc/build/map': CMAKE_PREFIX_PATH=${CMAKE_PREFIX_PATH}:/opt/ros/humble /usr/bin/cmake --install /home/evan/code/ndt-loc/build/map
[94.904s] Level 1:colcon.colcon_core.environment:create_environment_scripts_only(map)
[94.916s] Level 1:colcon.colcon_core.environment:checking '/home/evan/code/ndt-loc/install/map' for CMake module files
[94.916s] DEBUG:colcon.colcon_core.event_handler.log_command:Invoked command in '/home/evan/code/ndt-loc/build/map' returned '0': CMAKE_PREFIX_PATH=${CMAKE_PREFIX_PATH}:/opt/ros/humble /usr/bin/cmake --install /home/evan/code/ndt-loc/build/map
[94.937s] Level 1:colcon.colcon_core.environment:checking '/home/evan/code/ndt-loc/install/map' for CMake config files
[94.938s] Level 1:colcon.colcon_core.shell:create_environment_hook('map', 'cmake_prefix_path')
[94.941s] INFO:colcon.colcon_core.shell:Creating environment hook '/home/evan/code/ndt-loc/install/map/share/map/hook/cmake_prefix_path.ps1'
[94.984s] INFO:colcon.colcon_core.shell:Creating environment descriptor '/home/evan/code/ndt-loc/install/map/share/map/hook/cmake_prefix_path.dsv'
[94.985s] INFO:colcon.colcon_core.shell:Creating environment hook '/home/evan/code/ndt-loc/install/map/share/map/hook/cmake_prefix_path.sh'
[94.986s] Level 1:colcon.colcon_core.environment:checking '/home/evan/code/ndt-loc/install/map/lib'
[94.986s] Level 1:colcon.colcon_core.environment:checking '/home/evan/code/ndt-loc/install/map/bin'
[94.986s] Level 1:colcon.colcon_core.environment:checking '/home/evan/code/ndt-loc/install/map/lib/pkgconfig/map.pc'
[94.987s] Level 1:colcon.colcon_core.environment:checking '/home/evan/code/ndt-loc/install/map/lib/python3.10/site-packages'
[94.988s] Level 1:colcon.colcon_core.environment:checking '/home/evan/code/ndt-loc/install/map/bin'
[94.991s] INFO:colcon.colcon_core.shell:Creating package script '/home/evan/code/ndt-loc/install/map/share/map/package.ps1'
[94.992s] INFO:colcon.colcon_core.shell:Creating package descriptor '/home/evan/code/ndt-loc/install/map/share/map/package.dsv'
[94.994s] INFO:colcon.colcon_core.shell:Creating package script '/home/evan/code/ndt-loc/install/map/share/map/package.sh'
[94.995s] INFO:colcon.colcon_core.shell:Creating package script '/home/evan/code/ndt-loc/install/map/share/map/package.bash'
[94.996s] INFO:colcon.colcon_core.shell:Creating package script '/home/evan/code/ndt-loc/install/map/share/map/package.zsh'
[94.996s] Level 1:colcon.colcon_core.environment:create_file_with_runtime_dependencies(/home/evan/code/ndt-loc/install/map/share/colcon-core/packages/map)
[95.073s] Level 1:colcon.colcon_core.environment:create_environment_scripts_only(map)
[95.076s] Level 1:colcon.colcon_core.environment:checking '/home/evan/code/ndt-loc/install/map' for CMake module files
[95.077s] Level 1:colcon.colcon_core.environment:checking '/home/evan/code/ndt-loc/install/map' for CMake config files
[95.078s] Level 1:colcon.colcon_core.shell:create_environment_hook('map', 'cmake_prefix_path')
[95.080s] INFO:colcon.colcon_core.shell:Creating environment hook '/home/evan/code/ndt-loc/install/map/share/map/hook/cmake_prefix_path.ps1'
[95.080s] INFO:colcon.colcon_core.shell:Creating environment descriptor '/home/evan/code/ndt-loc/install/map/share/map/hook/cmake_prefix_path.dsv'
[95.081s] INFO:colcon.colcon_core.shell:Creating environment hook '/home/evan/code/ndt-loc/install/map/share/map/hook/cmake_prefix_path.sh'
[95.082s] Level 1:colcon.colcon_core.environment:checking '/home/evan/code/ndt-loc/install/map/lib'
[95.082s] Level 1:colcon.colcon_core.environment:checking '/home/evan/code/ndt-loc/install/map/bin'
[95.082s] Level 1:colcon.colcon_core.environment:checking '/home/evan/code/ndt-loc/install/map/lib/pkgconfig/map.pc'
[95.082s] Level 1:colcon.colcon_core.environment:checking '/home/evan/code/ndt-loc/install/map/lib/python3.10/site-packages'
[95.083s] Level 1:colcon.colcon_core.environment:checking '/home/evan/code/ndt-loc/install/map/bin'
[95.085s] INFO:colcon.colcon_core.shell:Creating package script '/home/evan/code/ndt-loc/install/map/share/map/package.ps1'
[95.086s] INFO:colcon.colcon_core.shell:Creating package descriptor '/home/evan/code/ndt-loc/install/map/share/map/package.dsv'
[95.087s] INFO:colcon.colcon_core.shell:Creating package script '/home/evan/code/ndt-loc/install/map/share/map/package.sh'
[95.087s] INFO:colcon.colcon_core.shell:Creating package script '/home/evan/code/ndt-loc/install/map/share/map/package.bash'
[95.088s] INFO:colcon.colcon_core.shell:Creating package script '/home/evan/code/ndt-loc/install/map/share/map/package.zsh'
[95.088s] Level 1:colcon.colcon_core.environment:create_file_with_runtime_dependencies(/home/evan/code/ndt-loc/install/map/share/colcon-core/packages/map)
[95.089s] DEBUG:colcon.colcon_parallel_executor.executor.parallel:closing loop
[95.089s] DEBUG:colcon.colcon_parallel_executor.executor.parallel:loop closed
[95.090s] DEBUG:colcon.colcon_parallel_executor.executor.parallel:run_until_complete finished with '0'
[95.090s] DEBUG:colcon.colcon_core.event_reactor:joining thread
[95.828s] INFO:colcon.colcon_core.plugin_system:Skipping extension 'colcon_notification.desktop_notification.terminal_notifier': Not used on non-Darwin systems
[95.828s] INFO:colcon.colcon_core.plugin_system:Skipping extension 'colcon_notification.desktop_notification.win32': Not used on non-Windows systems
[95.828s] INFO:colcon.colcon_notification.desktop_notification:Sending desktop notification using 'notify2'
[96.245s] DEBUG:colcon.colcon_core.event_reactor:joined thread
[96.250s] INFO:colcon.colcon_core.shell:Creating prefix script '/home/evan/code/ndt-loc/install/local_setup.ps1'
[96.350s] INFO:colcon.colcon_core.shell:Creating prefix util module '/home/evan/code/ndt-loc/install/_local_setup_util_ps1.py'
[96.388s] INFO:colcon.colcon_core.shell:Creating prefix chain script '/home/evan/code/ndt-loc/install/setup.ps1'
[96.629s] INFO:colcon.colcon_core.shell:Creating prefix script '/home/evan/code/ndt-loc/install/local_setup.sh'
[96.642s] INFO:colcon.colcon_core.shell:Creating prefix util module '/home/evan/code/ndt-loc/install/_local_setup_util_sh.py'
[96.644s] INFO:colcon.colcon_core.shell:Creating prefix chain script '/home/evan/code/ndt-loc/install/setup.sh'
[96.661s] INFO:colcon.colcon_core.shell:Creating prefix script '/home/evan/code/ndt-loc/install/local_setup.bash'
[96.708s] INFO:colcon.colcon_core.shell:Creating prefix chain script '/home/evan/code/ndt-loc/install/setup.bash'
[96.721s] INFO:colcon.colcon_core.shell:Creating prefix script '/home/evan/code/ndt-loc/install/local_setup.zsh'
[96.779s] INFO:colcon.colcon_core.shell:Creating prefix chain script '/home/evan/code/ndt-loc/install/setup.zsh'
