[0.021s] Invoking command in '/home/evan/code/ndt-loc/build/map': CMAKE_PREFIX_PATH=${CMAKE_PREFIX_PATH}:/opt/ros/humble /usr/bin/cmake --build /home/evan/code/ndt-loc/build/map -- -j4 -l4
[0.051s] -- Found ament_cmake: 1.3.3 (/opt/ros/humble/share/ament_cmake/cmake)
[0.208s] -- Found rclcpp: 16.0.3 (/opt/ros/humble/share/rclcpp/cmake)
[0.244s] -- Found rosidl_generator_c: 3.1.4 (/opt/ros/humble/share/rosidl_generator_c/cmake)
[0.248s] -- Found rosidl_adapter: 3.1.4 (/opt/ros/humble/share/rosidl_adapter/cmake)
[0.256s] -- Found rosidl_generator_cpp: 3.1.4 (/opt/ros/humble/share/rosidl_generator_cpp/cmake)
[0.271s] -- Using all available rosidl_typesupport_c: rosidl_typesupport_fastrtps_c;rosidl_typesupport_introspection_c
[0.291s] -- Using all available rosidl_typesupport_cpp: rosidl_typesupport_fastrtps_cpp;rosidl_typesupport_introspection_cpp
[0.362s] -- Found rmw_implementation_cmake: 6.1.1 (/opt/ros/humble/share/rmw_implementation_cmake/cmake)
[0.363s] -- Found rmw_fastrtps_cpp: 6.2.2 (/opt/ros/humble/share/rmw_fastrtps_cpp/cmake)
[0.513s] -- Using RMW implementation 'rmw_fastrtps_cpp' as default
[0.715s] -- Found sensor_msgs: 4.2.3 (/opt/ros/humble/share/sensor_msgs/cmake)
[0.901s] -- Eigen found (include: /usr/include/eigen3, version: 3.4.0)
[0.941s] -- FLANN found (include: /usr/include, lib: /usr/lib/x86_64-linux-gnu/libflann_cpp.so)
[1.305s] -- OpenNI found (version: 1.5.4.0, include: /usr/include/ni, lib: /usr/lib/libOpenNI.so;libusb::libusb)
[1.313s] -- OpenNI2 found (version: 2.2.0.33, include: /usr/include/openni2, lib: /usr/lib/x86_64-linux-gnu/libOpenNI2.so;libusb::libusb)
[1.313s] [0m** WARNING ** io features related to pcap will be disabled[0m
[1.493s] -- Eigen found (include: /usr/include/eigen3, version: 3.4.0)
[1.501s] -- OpenNI found (version: 1.5.4.0, include: /usr/include/ni, lib: /usr/lib/libOpenNI.so;libusb::libusb)
[1.512s] -- OpenNI2 found (version: 2.2.0.33, include: /usr/include/openni2, lib: /usr/lib/x86_64-linux-gnu/libOpenNI2.so;libusb::libusb)
[1.698s] -- Found Qhull version 8.0.2
[1.901s] -- OpenNI found (version: 1.5.4.0, include: /usr/include/ni, lib: /usr/lib/libOpenNI.so;libusb::libusb)
[2.082s] -- looking for PCL_COMMON
[2.082s] -- looking for PCL_KDTREE
[2.082s] -- looking for PCL_OCTREE
[2.083s] -- looking for PCL_SEARCH
[2.083s] -- looking for PCL_SAMPLE_CONSENSUS
[2.084s] -- looking for PCL_FILTERS
[2.084s] -- looking for PCL_2D
[2.085s] -- looking for PCL_GEOMETRY
[2.085s] -- looking for PCL_IO
[2.086s] -- looking for PCL_FEATURES
[2.086s] -- looking for PCL_ML
[2.087s] -- looking for PCL_SEGMENTATION
[2.087s] -- looking for PCL_VISUALIZATION
[2.088s] -- looking for PCL_SURFACE
[2.088s] -- looking for PCL_REGISTRATION
[2.089s] -- looking for PCL_KEYPOINTS
[2.089s] -- looking for PCL_TRACKING
[2.090s] -- looking for PCL_RECOGNITION
[2.090s] -- looking for PCL_STEREO
[2.091s] -- looking for PCL_APPS
[2.092s] -- looking for PCL_IN_HAND_SCANNER
[2.093s] -- looking for PCL_MODELER
[2.093s] -- looking for PCL_POINT_CLOUD_EDITOR
[2.093s] -- looking for PCL_OUTOFCORE
[2.094s] -- looking for PCL_PEOPLE
[2.097s] -- Found pcl_conversions: 2.4.0 (/opt/ros/humble/share/pcl_conversions/cmake)
[2.742s] [31mCMake Error at CMakeLists.txt:85 (install):
[2.743s]   install TARGETS given target "image_projection_node" which does not exist.
[2.743s] 
[2.743s] [0m
[2.819s] -- Configuring incomplete, errors occurred!
[2.819s] See also "/home/evan/code/ndt-loc/build/map/CMakeFiles/CMakeOutput.log".
[2.841s] gmake: *** [Makefile:448: cmake_check_build_system] Error 1
[2.843s] Invoked command in '/home/evan/code/ndt-loc/build/map' returned '2': CMAKE_PREFIX_PATH=${CMAKE_PREFIX_PATH}:/opt/ros/humble /usr/bin/cmake --build /home/evan/code/ndt-loc/build/map -- -j4 -l4
