[0.023s] Invoking command in '/home/evan/code/ndt-loc/build/a-loam': CMAKE_PREFIX_PATH=${CMAKE_PREFIX_PATH}:/opt/ros/humble /usr/bin/cmake --build /home/evan/code/ndt-loc/build/a-loam -- -j4 -l4
[0.091s] [35m[1mConsolidate compiler generated dependencies of target scan_registration_node[0m
[0.139s] [ 33%] [32mBuilding CXX object CMakeFiles/scan_registration_node.dir/src/ScanRegistrationNode.cpp.o[0m
[15.623s] [ 66%] [32m[1mLinking CXX executable scan_registration_node[0m
[17.122s] [100%] Built target scan_registration_node
[17.135s] Invoked command in '/home/evan/code/ndt-loc/build/a-loam' returned '0': CMAKE_PREFIX_PATH=${CMAKE_PREFIX_PATH}:/opt/ros/humble /usr/bin/cmake --build /home/evan/code/ndt-loc/build/a-loam -- -j4 -l4
[17.170s] Invoking command in '/home/evan/code/ndt-loc/build/a-loam': CMAKE_PREFIX_PATH=${CMAKE_PREFIX_PATH}:/opt/ros/humble /usr/bin/cmake --install /home/evan/code/ndt-loc/build/a-loam
[17.178s] -- Install configuration: ""
[17.178s] -- Installing: /home/evan/code/ndt-loc/install/a-loam/lib/a-loam/scan_registration_node
[17.183s] -- Set runtime path of "/home/evan/code/ndt-loc/install/a-loam/lib/a-loam/scan_registration_node" to ""
[17.184s] -- Up-to-date: /home/evan/code/ndt-loc/install/a-loam/share/ament_index/resource_index/package_run_dependencies/a-loam
[17.184s] -- Up-to-date: /home/evan/code/ndt-loc/install/a-loam/share/ament_index/resource_index/parent_prefix_path/a-loam
[17.184s] -- Up-to-date: /home/evan/code/ndt-loc/install/a-loam/share/a-loam/environment/ament_prefix_path.sh
[17.184s] -- Up-to-date: /home/evan/code/ndt-loc/install/a-loam/share/a-loam/environment/ament_prefix_path.dsv
[17.184s] -- Up-to-date: /home/evan/code/ndt-loc/install/a-loam/share/a-loam/environment/path.sh
[17.184s] -- Up-to-date: /home/evan/code/ndt-loc/install/a-loam/share/a-loam/environment/path.dsv
[17.184s] -- Up-to-date: /home/evan/code/ndt-loc/install/a-loam/share/a-loam/local_setup.bash
[17.184s] -- Up-to-date: /home/evan/code/ndt-loc/install/a-loam/share/a-loam/local_setup.sh
[17.184s] -- Up-to-date: /home/evan/code/ndt-loc/install/a-loam/share/a-loam/local_setup.zsh
[17.184s] -- Up-to-date: /home/evan/code/ndt-loc/install/a-loam/share/a-loam/local_setup.dsv
[17.185s] -- Installing: /home/evan/code/ndt-loc/install/a-loam/share/a-loam/package.dsv
[17.185s] -- Up-to-date: /home/evan/code/ndt-loc/install/a-loam/share/ament_index/resource_index/packages/a-loam
[17.185s] -- Up-to-date: /home/evan/code/ndt-loc/install/a-loam/share/a-loam/cmake/ament_cmake_export_include_directories-extras.cmake
[17.185s] -- Up-to-date: /home/evan/code/ndt-loc/install/a-loam/share/a-loam/cmake/a-loamConfig.cmake
[17.185s] -- Up-to-date: /home/evan/code/ndt-loc/install/a-loam/share/a-loam/cmake/a-loamConfig-version.cmake
[17.185s] -- Up-to-date: /home/evan/code/ndt-loc/install/a-loam/share/a-loam/package.xml
[17.189s] Invoked command in '/home/evan/code/ndt-loc/build/a-loam' returned '0': CMAKE_PREFIX_PATH=${CMAKE_PREFIX_PATH}:/opt/ros/humble /usr/bin/cmake --install /home/evan/code/ndt-loc/build/a-loam
