[0.021s] Invoking command in '/home/evan/code/ndt-loc/build/map': CMAKE_PREFIX_PATH=${CMAKE_PREFIX_PATH}:/opt/ros/humble /usr/bin/cmake --build /home/evan/code/ndt-loc/build/map -- -j4 -l4
[0.076s] [35m[1mConsolidate compiler generated dependencies of target front_end_node[0m
[0.081s] [35m[1mConsolidate compiler generated dependencies of target show_map_node[0m
[0.111s] [ 25%] Built target image_projection_node
[0.121s] [ 50%] Built target front_end_node
[0.141s] [ 62%] [32mBuilding CXX object CMakeFiles/show_map_node.dir/src/ShowMap.cpp.o[0m
[0.143s] [ 87%] Built target lidar_data_node
[12.257s] [100%] [32m[1mLinking CXX executable show_map_node[0m
[13.036s] [100%] Built target show_map_node
[13.050s] Invoked command in '/home/evan/code/ndt-loc/build/map' returned '0': CMAKE_PREFIX_PATH=${CMAKE_PREFIX_PATH}:/opt/ros/humble /usr/bin/cmake --build /home/evan/code/ndt-loc/build/map -- -j4 -l4
[13.101s] Invoking command in '/home/evan/code/ndt-loc/build/map': CMAKE_PREFIX_PATH=${CMAKE_PREFIX_PATH}:/opt/ros/humble /usr/bin/cmake --install /home/evan/code/ndt-loc/build/map
[13.109s] -- Install configuration: ""
[13.110s] -- Up-to-date: /home/evan/code/ndt-loc/install/map/lib/map/lidar_data_node
[13.110s] -- Up-to-date: /home/evan/code/ndt-loc/install/map/lib/map/image_projection_node
[13.110s] -- Installing: /home/evan/code/ndt-loc/install/map/lib/map/front_end_node
[13.122s] -- Set runtime path of "/home/evan/code/ndt-loc/install/map/lib/map/front_end_node" to ""
[13.123s] -- Installing: /home/evan/code/ndt-loc/install/map/lib/map/show_map_node
[13.124s] -- Set runtime path of "/home/evan/code/ndt-loc/install/map/lib/map/show_map_node" to ""
[13.124s] -- Up-to-date: /home/evan/code/ndt-loc/install/map/share/ament_index/resource_index/package_run_dependencies/map
[13.124s] -- Up-to-date: /home/evan/code/ndt-loc/install/map/share/ament_index/resource_index/parent_prefix_path/map
[13.124s] -- Up-to-date: /home/evan/code/ndt-loc/install/map/share/map/environment/ament_prefix_path.sh
[13.124s] -- Up-to-date: /home/evan/code/ndt-loc/install/map/share/map/environment/ament_prefix_path.dsv
[13.124s] -- Up-to-date: /home/evan/code/ndt-loc/install/map/share/map/environment/path.sh
[13.125s] -- Up-to-date: /home/evan/code/ndt-loc/install/map/share/map/environment/path.dsv
[13.125s] -- Up-to-date: /home/evan/code/ndt-loc/install/map/share/map/local_setup.bash
[13.125s] -- Up-to-date: /home/evan/code/ndt-loc/install/map/share/map/local_setup.sh
[13.125s] -- Up-to-date: /home/evan/code/ndt-loc/install/map/share/map/local_setup.zsh
[13.125s] -- Up-to-date: /home/evan/code/ndt-loc/install/map/share/map/local_setup.dsv
[13.125s] -- Installing: /home/evan/code/ndt-loc/install/map/share/map/package.dsv
[13.125s] -- Up-to-date: /home/evan/code/ndt-loc/install/map/share/ament_index/resource_index/packages/map
[13.125s] -- Up-to-date: /home/evan/code/ndt-loc/install/map/share/map/cmake/ament_cmake_export_include_directories-extras.cmake
[13.125s] -- Up-to-date: /home/evan/code/ndt-loc/install/map/share/map/cmake/mapConfig.cmake
[13.125s] -- Up-to-date: /home/evan/code/ndt-loc/install/map/share/map/cmake/mapConfig-version.cmake
[13.125s] -- Up-to-date: /home/evan/code/ndt-loc/install/map/share/map/package.xml
[13.127s] Invoked command in '/home/evan/code/ndt-loc/build/map' returned '0': CMAKE_PREFIX_PATH=${CMAKE_PREFIX_PATH}:/opt/ros/humble /usr/bin/cmake --install /home/evan/code/ndt-loc/build/map
