[0.020s] Invoking command in '/home/evan/code/ndt-loc/build/map': CMAKE_PREFIX_PATH=${CMAKE_PREFIX_PATH}:/opt/ros/humble /usr/bin/cmake --build /home/evan/code/ndt-loc/build/map -- -j4 -l4
[0.049s] -- Found ament_cmake: 1.3.3 (/opt/ros/humble/share/ament_cmake/cmake)
[0.215s] -- Found rclcpp: 16.0.3 (/opt/ros/humble/share/rclcpp/cmake)
[0.255s] -- Found rosidl_generator_c: 3.1.4 (/opt/ros/humble/share/rosidl_generator_c/cmake)
[0.258s] -- Found rosidl_adapter: 3.1.4 (/opt/ros/humble/share/rosidl_adapter/cmake)
[0.267s] -- Found rosidl_generator_cpp: 3.1.4 (/opt/ros/humble/share/rosidl_generator_cpp/cmake)
[0.282s] -- Using all available rosidl_typesupport_c: rosidl_typesupport_fastrtps_c;rosidl_typesupport_introspection_c
[0.304s] -- Using all available rosidl_typesupport_cpp: rosidl_typesupport_fastrtps_cpp;rosidl_typesupport_introspection_cpp
[0.388s] -- Found rmw_implementation_cmake: 6.1.1 (/opt/ros/humble/share/rmw_implementation_cmake/cmake)
[0.390s] -- Found rmw_fastrtps_cpp: 6.2.2 (/opt/ros/humble/share/rmw_fastrtps_cpp/cmake)
[0.539s] -- Using RMW implementation 'rmw_fastrtps_cpp' as default
[0.749s] -- Found sensor_msgs: 4.2.3 (/opt/ros/humble/share/sensor_msgs/cmake)
[0.923s] -- Eigen found (include: /usr/include/eigen3, version: 3.4.0)
[0.958s] -- FLANN found (include: /usr/include, lib: /usr/lib/x86_64-linux-gnu/libflann_cpp.so)
[1.300s] -- OpenNI found (version: 1.5.4.0, include: /usr/include/ni, lib: /usr/lib/libOpenNI.so;libusb::libusb)
[1.307s] -- OpenNI2 found (version: 2.2.0.33, include: /usr/include/openni2, lib: /usr/lib/x86_64-linux-gnu/libOpenNI2.so;libusb::libusb)
[1.307s] [0m** WARNING ** io features related to pcap will be disabled[0m
[1.483s] -- Eigen found (include: /usr/include/eigen3, version: 3.4.0)
[1.490s] -- OpenNI found (version: 1.5.4.0, include: /usr/include/ni, lib: /usr/lib/libOpenNI.so;libusb::libusb)
[1.497s] -- OpenNI2 found (version: 2.2.0.33, include: /usr/include/openni2, lib: /usr/lib/x86_64-linux-gnu/libOpenNI2.so;libusb::libusb)
[1.665s] -- Found Qhull version 8.0.2
[1.837s] -- OpenNI found (version: 1.5.4.0, include: /usr/include/ni, lib: /usr/lib/libOpenNI.so;libusb::libusb)
[2.002s] -- looking for PCL_COMMON
[2.003s] -- looking for PCL_KDTREE
[2.003s] -- looking for PCL_OCTREE
[2.004s] -- looking for PCL_SEARCH
[2.004s] -- looking for PCL_SAMPLE_CONSENSUS
[2.005s] -- looking for PCL_FILTERS
[2.005s] -- looking for PCL_2D
[2.006s] -- looking for PCL_GEOMETRY
[2.007s] -- looking for PCL_IO
[2.007s] -- looking for PCL_FEATURES
[2.007s] -- looking for PCL_ML
[2.008s] -- looking for PCL_SEGMENTATION
[2.009s] -- looking for PCL_VISUALIZATION
[2.009s] -- looking for PCL_SURFACE
[2.010s] -- looking for PCL_REGISTRATION
[2.011s] -- looking for PCL_KEYPOINTS
[2.011s] -- looking for PCL_TRACKING
[2.012s] -- looking for PCL_RECOGNITION
[2.012s] -- looking for PCL_STEREO
[2.013s] -- looking for PCL_APPS
[2.014s] -- looking for PCL_IN_HAND_SCANNER
[2.014s] -- looking for PCL_MODELER
[2.015s] -- looking for PCL_POINT_CLOUD_EDITOR
[2.015s] -- looking for PCL_OUTOFCORE
[2.016s] -- looking for PCL_PEOPLE
[2.018s] -- Found pcl_conversions: 2.4.0 (/opt/ros/humble/share/pcl_conversions/cmake)
[2.537s] [31mCMake Error at /opt/ros/humble/share/ament_cmake_target_dependencies/cmake/ament_target_dependencies.cmake:77 (message):
[2.537s]   ament_target_dependencies() the passed package name 'image_projection_node'
[2.537s]   was not found before
[2.538s] Call Stack (most recent call first):
[2.538s]   CMakeLists.txt:66 (ament_target_dependencies)
[2.538s] 
[2.538s] [0m
[2.538s] -- Configuring incomplete, errors occurred!
[2.538s] See also "/home/evan/code/ndt-loc/build/map/CMakeFiles/CMakeOutput.log".
[2.554s] gmake: *** [Makefile:431: cmake_check_build_system] Error 1
[2.557s] Invoked command in '/home/evan/code/ndt-loc/build/map' returned '2': CMAKE_PREFIX_PATH=${CMAKE_PREFIX_PATH}:/opt/ros/humble /usr/bin/cmake --build /home/evan/code/ndt-loc/build/map -- -j4 -l4
