[0.023s] Invoking command in '/home/evan/code/ndt-loc/build/map': CMAKE_PREFIX_PATH=${CMAKE_PREFIX_PATH}:/opt/ros/humble /usr/bin/cmake --build /home/evan/code/ndt-loc/build/map -- -j4 -l4
[0.053s] -- Found ament_cmake: 1.3.3 (/opt/ros/humble/share/ament_cmake/cmake)
[0.208s] -- Found rclcpp: 16.0.3 (/opt/ros/humble/share/rclcpp/cmake)
[0.243s] -- Found rosidl_generator_c: 3.1.4 (/opt/ros/humble/share/rosidl_generator_c/cmake)
[0.246s] -- Found rosidl_adapter: 3.1.4 (/opt/ros/humble/share/rosidl_adapter/cmake)
[0.253s] -- Found rosidl_generator_cpp: 3.1.4 (/opt/ros/humble/share/rosidl_generator_cpp/cmake)
[0.265s] -- Using all available rosidl_typesupport_c: rosidl_typesupport_fastrtps_c;rosidl_typesupport_introspection_c
[0.285s] -- Using all available rosidl_typesupport_cpp: rosidl_typesupport_fastrtps_cpp;rosidl_typesupport_introspection_cpp
[0.355s] -- Found rmw_implementation_cmake: 6.1.1 (/opt/ros/humble/share/rmw_implementation_cmake/cmake)
[0.357s] -- Found rmw_fastrtps_cpp: 6.2.2 (/opt/ros/humble/share/rmw_fastrtps_cpp/cmake)
[0.495s] -- Using RMW implementation 'rmw_fastrtps_cpp' as default
[0.694s] -- Found sensor_msgs: 4.2.3 (/opt/ros/humble/share/sensor_msgs/cmake)
[0.871s] -- Eigen found (include: /usr/include/eigen3, version: 3.4.0)
[0.906s] -- FLANN found (include: /usr/include, lib: /usr/lib/x86_64-linux-gnu/libflann_cpp.so)
[1.226s] -- OpenNI found (version: 1.5.4.0, include: /usr/include/ni, lib: /usr/lib/libOpenNI.so;libusb::libusb)
[1.234s] -- OpenNI2 found (version: 2.2.0.33, include: /usr/include/openni2, lib: /usr/lib/x86_64-linux-gnu/libOpenNI2.so;libusb::libusb)
[1.234s] [0m** WARNING ** io features related to pcap will be disabled[0m
[1.421s] -- Eigen found (include: /usr/include/eigen3, version: 3.4.0)
[1.430s] -- OpenNI found (version: 1.5.4.0, include: /usr/include/ni, lib: /usr/lib/libOpenNI.so;libusb::libusb)
[1.438s] -- OpenNI2 found (version: 2.2.0.33, include: /usr/include/openni2, lib: /usr/lib/x86_64-linux-gnu/libOpenNI2.so;libusb::libusb)
[1.609s] -- Found Qhull version 8.0.2
[1.774s] -- OpenNI found (version: 1.5.4.0, include: /usr/include/ni, lib: /usr/lib/libOpenNI.so;libusb::libusb)
[1.937s] -- looking for PCL_COMMON
[1.938s] -- looking for PCL_KDTREE
[1.938s] -- looking for PCL_OCTREE
[1.938s] -- looking for PCL_SEARCH
[1.939s] -- looking for PCL_SAMPLE_CONSENSUS
[1.939s] -- looking for PCL_FILTERS
[1.940s] -- looking for PCL_2D
[1.940s] -- looking for PCL_GEOMETRY
[1.941s] -- looking for PCL_IO
[1.941s] -- looking for PCL_FEATURES
[1.941s] -- looking for PCL_ML
[1.942s] -- looking for PCL_SEGMENTATION
[1.942s] -- looking for PCL_VISUALIZATION
[1.943s] -- looking for PCL_SURFACE
[1.943s] -- looking for PCL_REGISTRATION
[1.944s] -- looking for PCL_KEYPOINTS
[1.944s] -- looking for PCL_TRACKING
[1.945s] -- looking for PCL_RECOGNITION
[1.945s] -- looking for PCL_STEREO
[1.946s] -- looking for PCL_APPS
[1.947s] -- looking for PCL_IN_HAND_SCANNER
[1.947s] -- looking for PCL_MODELER
[1.948s] -- looking for PCL_POINT_CLOUD_EDITOR
[1.948s] -- looking for PCL_OUTOFCORE
[1.948s] -- looking for PCL_PEOPLE
[1.951s] -- Found pcl_conversions: 2.4.0 (/opt/ros/humble/share/pcl_conversions/cmake)
[2.673s] -- Configuring done
[2.851s] -- Generating done
[2.854s] -- Build files have been written to: /home/evan/code/ndt-loc/build/map
[2.891s] [35m[1mConsolidate compiler generated dependencies of target lidar_data_node[0m
[2.891s] [35m[1mConsolidate compiler generated dependencies of target image_projection_node[0m
[2.891s] [35m[1mConsolidate compiler generated dependencies of target front_end_node[0m
[2.923s] [  8%] [32mBuilding CXX object CMakeFiles/mapping_image.dir/src/ImageProjection.cpp.o[0m
[2.943s] [ 25%] Built target lidar_data_node
[2.948s] [ 41%] Built target front_end_node
[2.955s] [ 58%] Built target image_projection_node
[2.957s] [35m[1mConsolidate compiler generated dependencies of target show_map_node[0m
[3.000s] [ 75%] Built target show_map_node
[3.447s] In file included from [01m[K/home/evan/code/ndt-loc/src/map/include/map/ImageProjection.h:4[m[K,
[3.447s]                  from [01m[K/home/evan/code/ndt-loc/src/map/src/ImageProjection.cpp:2[m[K:
[3.447s] [01m[K/home/evan/code/ndt-loc/src/map/include/map/utilty.h:9:10:[m[K [01;31m[Kfatal error: [m[Kpcl/point_cloud.h: No such file or directory
[3.447s]     9 | #include [01;31m[K<pcl/point_cloud.h>[m[K
[3.448s]       |          [01;31m[K^~~~~~~~~~~~~~~~~~~[m[K
[3.448s] compilation terminated.
[3.453s] gmake[2]: *** [CMakeFiles/mapping_image.dir/build.make:76: CMakeFiles/mapping_image.dir/src/ImageProjection.cpp.o] Error 1
[3.454s] gmake[1]: *** [CMakeFiles/Makefile2:147: CMakeFiles/mapping_image.dir/all] Error 2
[3.454s] gmake: *** [Makefile:146: all] Error 2
[3.457s] Invoked command in '/home/evan/code/ndt-loc/build/map' returned '2': CMAKE_PREFIX_PATH=${CMAKE_PREFIX_PATH}:/opt/ros/humble /usr/bin/cmake --build /home/evan/code/ndt-loc/build/map -- -j4 -l4
