[35m[1mConsolidate compiler generated dependencies of target LidarData[0m
[ 50%] [32mBuilding CXX object CMakeFiles/LidarData.dir/src/LidarData.cpp.o[0m
[100%] [32m[1mLinking CXX executable LidarData[0m
[100%] Built target LidarData
-- Install configuration: ""
-- Installing: /home/evan/code/ndt-loc/install/map/lib/map/LidarData
-- Set runtime path of "/home/evan/code/ndt-loc/install/map/lib/map/LidarData" to ""
-- Up-to-date: /home/evan/code/ndt-loc/install/map/share/ament_index/resource_index/package_run_dependencies/map
-- Up-to-date: /home/evan/code/ndt-loc/install/map/share/ament_index/resource_index/parent_prefix_path/map
-- Up-to-date: /home/evan/code/ndt-loc/install/map/share/map/environment/ament_prefix_path.sh
-- Up-to-date: /home/evan/code/ndt-loc/install/map/share/map/environment/ament_prefix_path.dsv
-- Up-to-date: /home/evan/code/ndt-loc/install/map/share/map/environment/path.sh
-- Up-to-date: /home/evan/code/ndt-loc/install/map/share/map/environment/path.dsv
-- Up-to-date: /home/evan/code/ndt-loc/install/map/share/map/local_setup.bash
-- Up-to-date: /home/evan/code/ndt-loc/install/map/share/map/local_setup.sh
-- Up-to-date: /home/evan/code/ndt-loc/install/map/share/map/local_setup.zsh
-- Up-to-date: /home/evan/code/ndt-loc/install/map/share/map/local_setup.dsv
-- Installing: /home/evan/code/ndt-loc/install/map/share/map/package.dsv
-- Up-to-date: /home/evan/code/ndt-loc/install/map/share/ament_index/resource_index/packages/map
-- Up-to-date: /home/evan/code/ndt-loc/install/map/share/map/cmake/ament_cmake_export_include_directories-extras.cmake
-- Up-to-date: /home/evan/code/ndt-loc/install/map/share/map/cmake/mapConfig.cmake
-- Up-to-date: /home/evan/code/ndt-loc/install/map/share/map/cmake/mapConfig-version.cmake
-- Up-to-date: /home/evan/code/ndt-loc/install/map/share/map/package.xml
