[0.020s] Invoking command in '/home/evan/code/ndt-loc/build/map': CMAKE_PREFIX_PATH=${CMAKE_PREFIX_PATH}:/opt/ros/humble /usr/bin/cmake --build /home/evan/code/ndt-loc/build/map -- -j4 -l4
[0.082s] [35m[1mConsolidate compiler generated dependencies of target LidarData[0m
[0.129s] [ 50%] [32mBuilding CXX object CMakeFiles/LidarData.dir/src/LidarData.cpp.o[0m
[7.802s] [100%] [32m[1mLinking CXX executable LidarData[0m
[8.259s] [100%] Built target LidarData
[8.272s] Invoked command in '/home/evan/code/ndt-loc/build/map' returned '0': CMAKE_PREFIX_PATH=${CMAKE_PREFIX_PATH}:/opt/ros/humble /usr/bin/cmake --build /home/evan/code/ndt-loc/build/map -- -j4 -l4
[8.304s] Invoking command in '/home/evan/code/ndt-loc/build/map': CMAKE_PREFIX_PATH=${CMAKE_PREFIX_PATH}:/opt/ros/humble /usr/bin/cmake --install /home/evan/code/ndt-loc/build/map
[8.311s] -- Install configuration: ""
[8.311s] -- Installing: /home/evan/code/ndt-loc/install/map/lib/map/LidarData
[8.314s] -- Set runtime path of "/home/evan/code/ndt-loc/install/map/lib/map/LidarData" to ""
[8.314s] -- Up-to-date: /home/evan/code/ndt-loc/install/map/share/ament_index/resource_index/package_run_dependencies/map
[8.314s] -- Up-to-date: /home/evan/code/ndt-loc/install/map/share/ament_index/resource_index/parent_prefix_path/map
[8.314s] -- Up-to-date: /home/evan/code/ndt-loc/install/map/share/map/environment/ament_prefix_path.sh
[8.314s] -- Up-to-date: /home/evan/code/ndt-loc/install/map/share/map/environment/ament_prefix_path.dsv
[8.314s] -- Up-to-date: /home/evan/code/ndt-loc/install/map/share/map/environment/path.sh
[8.314s] -- Up-to-date: /home/evan/code/ndt-loc/install/map/share/map/environment/path.dsv
[8.314s] -- Up-to-date: /home/evan/code/ndt-loc/install/map/share/map/local_setup.bash
[8.315s] -- Up-to-date: /home/evan/code/ndt-loc/install/map/share/map/local_setup.sh
[8.315s] -- Up-to-date: /home/evan/code/ndt-loc/install/map/share/map/local_setup.zsh
[8.315s] -- Up-to-date: /home/evan/code/ndt-loc/install/map/share/map/local_setup.dsv
[8.315s] -- Installing: /home/evan/code/ndt-loc/install/map/share/map/package.dsv
[8.315s] -- Up-to-date: /home/evan/code/ndt-loc/install/map/share/ament_index/resource_index/packages/map
[8.315s] -- Up-to-date: /home/evan/code/ndt-loc/install/map/share/map/cmake/ament_cmake_export_include_directories-extras.cmake
[8.315s] -- Up-to-date: /home/evan/code/ndt-loc/install/map/share/map/cmake/mapConfig.cmake
[8.315s] -- Up-to-date: /home/evan/code/ndt-loc/install/map/share/map/cmake/mapConfig-version.cmake
[8.315s] -- Up-to-date: /home/evan/code/ndt-loc/install/map/share/map/package.xml
[8.318s] Invoked command in '/home/evan/code/ndt-loc/build/map' returned '0': CMAKE_PREFIX_PATH=${CMAKE_PREFIX_PATH}:/opt/ros/humble /usr/bin/cmake --install /home/evan/code/ndt-loc/build/map
