[0.031s] Invoking command in '/home/evan/code/ndt-loc/build/a-loam': CMAKE_PREFIX_PATH=${CMAKE_PREFIX_PATH}:/opt/ros/humble /usr/bin/cmake --build /home/evan/code/ndt-loc/build/a-loam -- -j4 -l4
[0.100s] [35m[1mConsolidate compiler generated dependencies of target scan_registration_node[0m
[0.149s] [ 33%] [32mBuilding CXX object CMakeFiles/scan_registration_node.dir/src/ScanRegistrationNode.cpp.o[0m
[14.507s] [ 66%] [32m[1mLinking CXX executable scan_registration_node[0m
[15.968s] [100%] Built target scan_registration_node
[15.981s] Invoked command in '/home/evan/code/ndt-loc/build/a-loam' returned '0': CMAKE_PREFIX_PATH=${CMAKE_PREFIX_PATH}:/opt/ros/humble /usr/bin/cmake --build /home/evan/code/ndt-loc/build/a-loam -- -j4 -l4
[16.020s] Invoking command in '/home/evan/code/ndt-loc/build/a-loam': CMAKE_PREFIX_PATH=${CMAKE_PREFIX_PATH}:/opt/ros/humble /usr/bin/cmake --install /home/evan/code/ndt-loc/build/a-loam
[16.028s] -- Install configuration: ""
[16.028s] -- Installing: /home/evan/code/ndt-loc/install/a-loam/lib/a-loam/scan_registration_node
[16.034s] -- Set runtime path of "/home/evan/code/ndt-loc/install/a-loam/lib/a-loam/scan_registration_node" to ""
[16.035s] -- Up-to-date: /home/evan/code/ndt-loc/install/a-loam/share/ament_index/resource_index/package_run_dependencies/a-loam
[16.035s] -- Up-to-date: /home/evan/code/ndt-loc/install/a-loam/share/ament_index/resource_index/parent_prefix_path/a-loam
[16.035s] -- Up-to-date: /home/evan/code/ndt-loc/install/a-loam/share/a-loam/environment/ament_prefix_path.sh
[16.035s] -- Up-to-date: /home/evan/code/ndt-loc/install/a-loam/share/a-loam/environment/ament_prefix_path.dsv
[16.035s] -- Up-to-date: /home/evan/code/ndt-loc/install/a-loam/share/a-loam/environment/path.sh
[16.035s] -- Up-to-date: /home/evan/code/ndt-loc/install/a-loam/share/a-loam/environment/path.dsv
[16.035s] -- Up-to-date: /home/evan/code/ndt-loc/install/a-loam/share/a-loam/local_setup.bash
[16.035s] -- Up-to-date: /home/evan/code/ndt-loc/install/a-loam/share/a-loam/local_setup.sh
[16.035s] -- Up-to-date: /home/evan/code/ndt-loc/install/a-loam/share/a-loam/local_setup.zsh
[16.036s] -- Up-to-date: /home/evan/code/ndt-loc/install/a-loam/share/a-loam/local_setup.dsv
[16.036s] -- Installing: /home/evan/code/ndt-loc/install/a-loam/share/a-loam/package.dsv
[16.036s] -- Up-to-date: /home/evan/code/ndt-loc/install/a-loam/share/ament_index/resource_index/packages/a-loam
[16.036s] -- Up-to-date: /home/evan/code/ndt-loc/install/a-loam/share/a-loam/cmake/ament_cmake_export_include_directories-extras.cmake
[16.036s] -- Up-to-date: /home/evan/code/ndt-loc/install/a-loam/share/a-loam/cmake/a-loamConfig.cmake
[16.036s] -- Up-to-date: /home/evan/code/ndt-loc/install/a-loam/share/a-loam/cmake/a-loamConfig-version.cmake
[16.036s] -- Up-to-date: /home/evan/code/ndt-loc/install/a-loam/share/a-loam/package.xml
[16.040s] Invoked command in '/home/evan/code/ndt-loc/build/a-loam' returned '0': CMAKE_PREFIX_PATH=${CMAKE_PREFIX_PATH}:/opt/ros/humble /usr/bin/cmake --install /home/evan/code/ndt-loc/build/a-loam
