[0.018s] Invoking command in '/home/evan/code/ndt-loc/build/a-loam': CMAKE_PREFIX_PATH=${CMAKE_PREFIX_PATH}:/opt/ros/humble /usr/bin/cmake /home/evan/code/ndt-loc/src/a-loam -DCMAKE_INSTALL_PREFIX=/home/evan/code/ndt-loc/install/a-loam
[0.034s] -- Found ament_cmake: 1.3.3 (/opt/ros/humble/share/ament_cmake/cmake)
[0.200s] -- Found rclcpp: 16.0.3 (/opt/ros/humble/share/rclcpp/cmake)
[0.237s] -- Found rosidl_generator_c: 3.1.4 (/opt/ros/humble/share/rosidl_generator_c/cmake)
[0.240s] -- Found rosidl_adapter: 3.1.4 (/opt/ros/humble/share/rosidl_adapter/cmake)
[0.247s] -- Found rosidl_generator_cpp: 3.1.4 (/opt/ros/humble/share/rosidl_generator_cpp/cmake)
[0.260s] -- Using all available rosidl_typesupport_c: rosidl_typesupport_fastrtps_c;rosidl_typesupport_introspection_c
[0.279s] -- Using all available rosidl_typesupport_cpp: rosidl_typesupport_fastrtps_cpp;rosidl_typesupport_introspection_cpp
[0.352s] -- Found rmw_implementation_cmake: 6.1.1 (/opt/ros/humble/share/rmw_implementation_cmake/cmake)
[0.354s] -- Found rmw_fastrtps_cpp: 6.2.2 (/opt/ros/humble/share/rmw_fastrtps_cpp/cmake)
[0.502s] -- Using RMW implementation 'rmw_fastrtps_cpp' as default
[0.708s] -- Found sensor_msgs: 4.2.3 (/opt/ros/humble/share/sensor_msgs/cmake)
[0.879s] -- Eigen found (include: /usr/include/eigen3, version: 3.4.0)
[0.915s] -- FLANN found (include: /usr/include, lib: /usr/lib/x86_64-linux-gnu/libflann_cpp.so)
[1.252s] -- OpenNI found (version: 1.5.4.0, include: /usr/include/ni, lib: /usr/lib/libOpenNI.so;libusb::libusb)
[1.259s] -- OpenNI2 found (version: 2.2.0.33, include: /usr/include/openni2, lib: /usr/lib/x86_64-linux-gnu/libOpenNI2.so;libusb::libusb)
[1.259s] [0m** WARNING ** io features related to pcap will be disabled[0m
[1.436s] -- Eigen found (include: /usr/include/eigen3, version: 3.4.0)
[1.444s] -- OpenNI found (version: 1.5.4.0, include: /usr/include/ni, lib: /usr/lib/libOpenNI.so;libusb::libusb)
[1.452s] -- OpenNI2 found (version: 2.2.0.33, include: /usr/include/openni2, lib: /usr/lib/x86_64-linux-gnu/libOpenNI2.so;libusb::libusb)
[1.623s] -- Found Qhull version 8.0.2
[1.798s] -- OpenNI found (version: 1.5.4.0, include: /usr/include/ni, lib: /usr/lib/libOpenNI.so;libusb::libusb)
[1.973s] -- looking for PCL_COMMON
[1.974s] -- looking for PCL_KDTREE
[1.974s] -- looking for PCL_OCTREE
[1.974s] -- looking for PCL_SEARCH
[1.975s] -- looking for PCL_SAMPLE_CONSENSUS
[1.975s] -- looking for PCL_FILTERS
[1.976s] -- looking for PCL_2D
[1.976s] -- looking for PCL_GEOMETRY
[1.977s] -- looking for PCL_IO
[1.977s] -- looking for PCL_FEATURES
[1.978s] -- looking for PCL_ML
[1.978s] -- looking for PCL_SEGMENTATION
[1.979s] -- looking for PCL_VISUALIZATION
[1.980s] -- looking for PCL_SURFACE
[1.980s] -- looking for PCL_REGISTRATION
[1.980s] -- looking for PCL_KEYPOINTS
[1.981s] -- looking for PCL_TRACKING
[1.981s] -- looking for PCL_RECOGNITION
[1.982s] -- looking for PCL_STEREO
[1.983s] -- looking for PCL_APPS
[1.983s] -- looking for PCL_IN_HAND_SCANNER
[1.984s] -- looking for PCL_MODELER
[1.984s] -- looking for PCL_POINT_CLOUD_EDITOR
[1.985s] -- looking for PCL_OUTOFCORE
[1.985s] -- looking for PCL_PEOPLE
[1.987s] -- Found pcl_conversions: 2.4.0 (/opt/ros/humble/share/pcl_conversions/cmake)
[2.357s] -- Configuring done
[2.818s] -- Generating done
[2.826s] -- Build files have been written to: /home/evan/code/ndt-loc/build/a-loam
[2.849s] Invoked command in '/home/evan/code/ndt-loc/build/a-loam' returned '0': CMAKE_PREFIX_PATH=${CMAKE_PREFIX_PATH}:/opt/ros/humble /usr/bin/cmake /home/evan/code/ndt-loc/src/a-loam -DCMAKE_INSTALL_PREFIX=/home/evan/code/ndt-loc/install/a-loam
[2.852s] Invoking command in '/home/evan/code/ndt-loc/build/a-loam': CMAKE_PREFIX_PATH=${CMAKE_PREFIX_PATH}:/opt/ros/humble /usr/bin/cmake --build /home/evan/code/ndt-loc/build/a-loam -- -j4 -l4
[2.905s] [ 50%] [32mBuilding CXX object CMakeFiles/scan_registration_node.dir/src/ScanRegistrationNode.cpp.o[0m
[8.907s] In file included from [01m[K/home/evan/code/ndt-loc/src/a-loam/src/ScanRegistrationNode.cpp:1[m[K:
[8.907s] [01m[K/home/evan/code/ndt-loc/src/a-loam/include/a-loam/ScanRegistration.hpp:29:18:[m[K [01;31m[Kerror: [m[Kneed ‘[01m[Ktypename[m[K’ before ‘[01m[KALOAM::ScanRegistration<PointT>::CLOUD::Ptr[m[K’ because ‘[01m[KALOAM::ScanRegistration<PointT>::CLOUD[m[K’ is a dependent scope
[8.907s]    29 | using CLOUDPTR = [01;31m[KCLOUD[m[K::Ptr;
[8.907s]       |                  [01;31m[K^~~~~[m[K
[8.907s]       |                  [32m[Ktypename [m[K
[8.907s] [01m[K/home/evan/code/ndt-loc/src/a-loam/include/a-loam/ScanRegistration.hpp:45:33:[m[K [01;31m[Kerror: [m[K‘[01m[KCLOUDPTR[m[K’ has not been declared
[8.907s]    45 |     void removeClosedPointCloud([01;31m[KCLOUDPTR[m[K cloud_in, CLOUDPTR cloud_out, float thres){
[8.907s]       |                                 [01;31m[K^~~~~~~~[m[K
[8.907s] [01m[K/home/evan/code/ndt-loc/src/a-loam/include/a-loam/ScanRegistration.hpp:45:52:[m[K [01;31m[Kerror: [m[K‘[01m[KCLOUDPTR[m[K’ has not been declared
[8.907s]    45 |     void removeClosedPointCloud(CLOUDPTR cloud_in, [01;31m[KCLOUDPTR[m[K cloud_out, float thres){
[8.907s]       |                                                    [01;31m[K^~~~~~~~[m[K
[8.908s] [01m[K/home/evan/code/ndt-loc/src/a-loam/include/a-loam/ScanRegistration.hpp:72:39:[m[K [01;31m[Kerror: [m[K‘[01m[KCLOUDPTR[m[K’ has not been declared
[8.908s]    72 |     void extractFeatureFromPointCloud([01;31m[KCLOUDPTR[m[K cloud_in){
[8.908s]       |                                       [01;31m[K^~~~~~~~[m[K
[8.909s] [01m[K/home/evan/code/ndt-loc/src/a-loam/include/a-loam/ScanRegistration.hpp:[m[K In member function ‘[01m[Kvoid ALOAM::ScanRegistration<PointT>::removeClosedPointCloud(int, int, float)[m[K’:
[8.909s] [01m[K/home/evan/code/ndt-loc/src/a-loam/include/a-loam/ScanRegistration.hpp:47:23:[m[K [01;31m[Kerror: [m[Kbase operand of ‘[01m[K->[m[K’ is not a pointer
[8.910s]    47 |             cloud_out [01;31m[K->[m[K header = cloud_in -> header;
[8.910s]       |                       [01;31m[K^~[m[K
[8.910s] [01m[K/home/evan/code/ndt-loc/src/a-loam/include/a-loam/ScanRegistration.hpp:47:44:[m[K [01;31m[Kerror: [m[Kbase operand of ‘[01m[K->[m[K’ is not a pointer
[8.910s]    47 |             cloud_out -> header = cloud_in [01;31m[K->[m[K header;
[8.910s]       |                                            [01;31m[K^~[m[K
[8.910s] [01m[K/home/evan/code/ndt-loc/src/a-loam/include/a-loam/ScanRegistration.hpp:48:23:[m[K [01;31m[Kerror: [m[Kbase operand of ‘[01m[K->[m[K’ is not a pointer
[8.910s]    48 |             cloud_out [01;31m[K->[m[K points.resize(cloud_int -> points.size());
[8.910s]       |                       [01;31m[K^~[m[K
[8.917s] [01m[K/home/evan/code/ndt-loc/src/a-loam/include/a-loam/ScanRegistration.hpp:48:40:[m[K [01;31m[Kerror: [m[K‘[01m[Kcloud_int[m[K’ was not declared in this scope; did you mean ‘[01m[Kcloud_in[m[K’?
[8.918s]    48 |             cloud_out -> points.resize([01;31m[Kcloud_int[m[K -> points.size());
[8.918s]       |                                        [01;31m[K^~~~~~~~~[m[K
[8.918s]       |                                        [32m[Kcloud_in[m[K
[8.918s] [01m[K/home/evan/code/ndt-loc/src/a-loam/include/a-loam/ScanRegistration.hpp:54:40:[m[K [01;31m[Kerror: [m[Kbase operand of ‘[01m[K->[m[K’ is not a pointer
[8.918s]    54 |         for(size_t i = 0; i < cloud_in [01;31m[K->[m[K size(); ++i){
[8.918s]       |                                        [01;31m[K^~[m[K
[8.918s] [01m[K/home/evan/code/ndt-loc/src/a-loam/include/a-loam/ScanRegistration.hpp:55:37:[m[K [01;31m[Kerror: [m[Kbase operand of ‘[01m[K->[m[K’ is not a pointer
[8.918s]    55 |             PointT point = cloud_in [01;31m[K->[m[K points[i];
[8.918s]       |                                     [01;31m[K^~[m[K
[8.918s] [01m[K/home/evan/code/ndt-loc/src/a-loam/include/a-loam/ScanRegistration.hpp:57:27:[m[K [01;31m[Kerror: [m[Kbase operand of ‘[01m[K->[m[K’ is not a pointer
[8.919s]    57 |                 cloud_out [01;31m[K->[m[K points[j] = point;
[8.919s]       |                           [01;31m[K^~[m[K
[8.919s] [01m[K/home/evan/code/ndt-loc/src/a-loam/include/a-loam/ScanRegistration.hpp:62:19:[m[K [01;31m[Kerror: [m[Kbase operand of ‘[01m[K->[m[K’ is not a pointer
[8.919s]    62 |         cloud_out [01;31m[K->[m[K points.resize(j);
[8.919s]       |                   [01;31m[K^~[m[K
[8.919s] [01m[K/home/evan/code/ndt-loc/src/a-loam/include/a-loam/ScanRegistration.hpp:63:19:[m[K [01;31m[Kerror: [m[Kbase operand of ‘[01m[K->[m[K’ is not a pointer
[8.919s]    63 |         cloud_out [01;31m[K->[m[K height = 1;
[8.919s]       |                   [01;31m[K^~[m[K
[8.919s] [01m[K/home/evan/code/ndt-loc/src/a-loam/include/a-loam/ScanRegistration.hpp:64:19:[m[K [01;31m[Kerror: [m[Kbase operand of ‘[01m[K->[m[K’ is not a pointer
[8.919s]    64 |         cloud_out [01;31m[K->[m[K width = static_cast<uint32_t>(j);
[8.919s]       |                   [01;31m[K^~[m[K
[8.919s] [01m[K/home/evan/code/ndt-loc/src/a-loam/include/a-loam/ScanRegistration.hpp:65:19:[m[K [01;31m[Kerror: [m[Kbase operand of ‘[01m[K->[m[K’ is not a pointer
[8.919s]    65 |         cloud_out [01;31m[K->[m[K is_dense = true;
[8.919s]       |                   [01;31m[K^~[m[K
[8.920s] [01m[K/home/evan/code/ndt-loc/src/a-loam/include/a-loam/ScanRegistration.hpp:[m[K In member function ‘[01m[Kvoid ALOAM::ScanRegistration<PointT>::extractFeatureFromPointCloud(int)[m[K’:
[8.920s] [01m[K/home/evan/code/ndt-loc/src/a-loam/include/a-loam/ScanRegistration.hpp:76:34:[m[K [01;31m[Kerror: [m[Kbase operand of ‘[01m[K->[m[K’ is not a pointer
[8.920s]    76 |         int cloudSize = cloud_in [01;31m[K->[m[K size();
[8.920s]       |                                  [01;31m[K^~[m[K
[8.920s] [01m[K/home/evan/code/ndt-loc/src/a-loam/include/a-loam/ScanRegistration.hpp:77:40:[m[K [01;31m[Kerror: [m[Kbase operand of ‘[01m[K->[m[K’ is not a pointer
[8.920s]    77 |         float strOri = -atan2(cloud_in [01;31m[K->[m[K points[0].y, cloud_in -> points[0].x);
[8.920s]       |                                        [01;31m[K^~[m[K
[8.920s] [01m[K/home/evan/code/ndt-loc/src/a-loam/include/a-loam/ScanRegistration.hpp:77:65:[m[K [01;31m[Kerror: [m[Kbase operand of ‘[01m[K->[m[K’ is not a pointer
[8.920s]    77 |         float strOri = -atan2(cloud_in -> points[0].y, cloud_in [01;31m[K->[m[K points[0].x);
[8.920s]       |                                                                 [01;31m[K^~[m[K
[8.920s] [01m[K/home/evan/code/ndt-loc/src/a-loam/include/a-loam/ScanRegistration.hpp:78:40:[m[K [01;31m[Kerror: [m[Kbase operand of ‘[01m[K->[m[K’ is not a pointer
[8.920s]    78 |         float endOri = -atan2(cloud_in [01;31m[K->[m[K points[cloudSize - 1].y,
[8.920s]       |                                        [01;31m[K^~[m[K
[8.920s] [01m[K/home/evan/code/ndt-loc/src/a-loam/include/a-loam/ScanRegistration.hpp:79:40:[m[K [01;31m[Kerror: [m[Kbase operand of ‘[01m[K->[m[K’ is not a pointer
[8.921s]    79 |                               cloud_in [01;31m[K->[m[K points[cloudSize - 1].x) + 2 * M_PI;
[8.921s]       |                                        [01;31m[K^~[m[K
[8.921s] [01m[K/home/evan/code/ndt-loc/src/a-loam/include/a-loam/ScanRegistration.hpp:95:32:[m[K [01;31m[Kerror: [m[Kbase operand of ‘[01m[K->[m[K’ is not a pointer
[8.921s]    95 |             point.x = cloud_in [01;31m[K->[m[K points[i].x;
[8.921s]       |                                [01;31m[K^~[m[K
[8.921s] [01m[K/home/evan/code/ndt-loc/src/a-loam/include/a-loam/ScanRegistration.hpp:96:32:[m[K [01;31m[Kerror: [m[Kbase operand of ‘[01m[K->[m[K’ is not a pointer
[8.921s]    96 |             point.y = cloud_in [01;31m[K->[m[K points[i].y;
[8.921s]       |                                [01;31m[K^~[m[K
[8.921s] [01m[K/home/evan/code/ndt-loc/src/a-loam/include/a-loam/ScanRegistration.hpp:97:32:[m[K [01;31m[Kerror: [m[Kbase operand of ‘[01m[K->[m[K’ is not a pointer
[8.921s]    97 |             point.z = cloud_in [01;31m[K->[m[K points[i].z;
[8.921s]       |                                [01;31m[K^~[m[K
[8.921s] [01m[K/home/evan/code/ndt-loc/src/a-loam/include/a-loam/ScanRegistration.hpp:197:44:[m[K [01;31m[Kerror: [m[Ka function-definition is not allowed here before ‘[01m[K{[m[K’ token
[8.921s]   197 |         auto comp(const int i, const int j)[01;31m[K{[m[K
[8.922s]       |                                            [01;31m[K^[m[K
[8.930s] [01m[K/home/evan/code/ndt-loc/src/a-loam/include/a-loam/ScanRegistration.hpp:209:69:[m[K [01;31m[Kerror: [m[K‘[01m[Kcomp[m[K’ was not declared in this scope
[8.930s]   209 |                 std::sort(cloudSortInd + sp, cloudSortInd + ep + 1, [01;31m[Kcomp[m[K);
[8.931s]       |                                                                     [01;31m[K^~~~[m[K
[8.948s] [01m[K/home/evan/code/ndt-loc/src/a-loam/src/ScanRegistrationNode.cpp:[m[K In member function ‘[01m[Kvoid ALOAM::ScanRegistrationNode<PointT>::Run(const PointCloud2&)[m[K’:
[8.948s] [01m[K/home/evan/code/ndt-loc/src/a-loam/src/ScanRegistrationNode.cpp:63:25:[m[K [01;31m[Kerror: [m[Kno match for ‘[01m[Koperator*[m[K’ (operand type is ‘[01m[Kconst PointCloud2[m[K’ {aka ‘[01m[Kconst sensor_msgs::msg::PointCloud2_<std::allocator<void> >[m[K’})
[8.948s]    63 |         pcl::fromROSMsg([01;31m[K*laserCloudMsg[m[K, *laserCloudIn);
[8.948s]       |                         [01;31m[K^~~~~~~~~~~~~~[m[K
[8.948s] In file included from [01m[K/usr/include/eigen3/Eigen/Core:50[m[K,
[8.949s]                  from [01m[K/usr/include/eigen3/Eigen/StdVector:14[m[K,
[8.949s]                  from [01m[K/usr/include/pcl-1.12/pcl/point_cloud.h:45[m[K,
[8.949s]                  from [01m[K/home/evan/code/ndt-loc/src/a-loam/include/a-loam/ScanRegistration.hpp:9[m[K,
[8.949s]                  from [01m[K/home/evan/code/ndt-loc/src/a-loam/src/ScanRegistrationNode.cpp:1[m[K:
[8.949s] [01m[K/usr/include/c++/11/complex:392:5:[m[K [01;36m[Knote: [m[Kcandidate: ‘[01m[Ktemplate<class _Tp> std::complex<_Tp> std::operator*(const std::complex<_Tp>&, const std::complex<_Tp>&)[m[K’
[8.949s]   392 |     [01;36m[Koperator[m[K*(const complex<_Tp>& __x, const complex<_Tp>& __y)
[8.949s]       |     [01;36m[K^~~~~~~~[m[K
[8.949s] [01m[K/usr/include/c++/11/complex:392:5:[m[K [01;36m[Knote: [m[K  template argument deduction/substitution failed:
[8.949s] [01m[K/home/evan/code/ndt-loc/src/a-loam/src/ScanRegistrationNode.cpp:63:26:[m[K [01;36m[Knote: [m[K  ‘[01m[Kconst PointCloud2[m[K’ {aka ‘[01m[Kconst sensor_msgs::msg::PointCloud2_<std::allocator<void> >[m[K’} is not derived from ‘[01m[Kconst std::complex<_Tp>[m[K’
[8.949s]    63 |         pcl::fromROSMsg(*[01;36m[KlaserCloudMsg[m[K, *laserCloudIn);
[8.949s]       |                          [01;36m[K^~~~~~~~~~~~~[m[K
[8.949s] In file included from [01m[K/usr/include/eigen3/Eigen/Core:50[m[K,
[8.949s]                  from [01m[K/usr/include/eigen3/Eigen/StdVector:14[m[K,
[8.949s]                  from [01m[K/usr/include/pcl-1.12/pcl/point_cloud.h:45[m[K,
[8.950s]                  from [01m[K/home/evan/code/ndt-loc/src/a-loam/include/a-loam/ScanRegistration.hpp:9[m[K,
[8.950s]                  from [01m[K/home/evan/code/ndt-loc/src/a-loam/src/ScanRegistrationNode.cpp:1[m[K:
[8.950s] [01m[K/usr/include/c++/11/complex:401:5:[m[K [01;36m[Knote: [m[Kcandidate: ‘[01m[Ktemplate<class _Tp> std::complex<_Tp> std::operator*(const std::complex<_Tp>&, const _Tp&)[m[K’
[8.950s]   401 |     [01;36m[Koperator[m[K*(const complex<_Tp>& __x, const _Tp& __y)
[8.950s]       |     [01;36m[K^~~~~~~~[m[K
[8.950s] [01m[K/usr/include/c++/11/complex:401:5:[m[K [01;36m[Knote: [m[K  template argument deduction/substitution failed:
[8.950s] [01m[K/home/evan/code/ndt-loc/src/a-loam/src/ScanRegistrationNode.cpp:63:26:[m[K [01;36m[Knote: [m[K  ‘[01m[Kconst PointCloud2[m[K’ {aka ‘[01m[Kconst sensor_msgs::msg::PointCloud2_<std::allocator<void> >[m[K’} is not derived from ‘[01m[Kconst std::complex<_Tp>[m[K’
[8.950s]    63 |         pcl::fromROSMsg(*[01;36m[KlaserCloudMsg[m[K, *laserCloudIn);
[8.950s]       |                          [01;36m[K^~~~~~~~~~~~~[m[K
[8.950s] In file included from [01m[K/usr/include/eigen3/Eigen/Core:50[m[K,
[8.950s]                  from [01m[K/usr/include/eigen3/Eigen/StdVector:14[m[K,
[8.950s]                  from [01m[K/usr/include/pcl-1.12/pcl/point_cloud.h:45[m[K,
[8.950s]                  from [01m[K/home/evan/code/ndt-loc/src/a-loam/include/a-loam/ScanRegistration.hpp:9[m[K,
[8.951s]                  from [01m[K/home/evan/code/ndt-loc/src/a-loam/src/ScanRegistrationNode.cpp:1[m[K:
[8.951s] [01m[K/usr/include/c++/11/complex:410:5:[m[K [01;36m[Knote: [m[Kcandidate: ‘[01m[Ktemplate<class _Tp> std::complex<_Tp> std::operator*(const _Tp&, const std::complex<_Tp>&)[m[K’
[8.951s]   410 |     [01;36m[Koperator[m[K*(const _Tp& __x, const complex<_Tp>& __y)
[8.951s]       |     [01;36m[K^~~~~~~~[m[K
[8.951s] [01m[K/usr/include/c++/11/complex:410:5:[m[K [01;36m[Knote: [m[K  template argument deduction/substitution failed:
[8.956s] [01m[K/home/evan/code/ndt-loc/src/a-loam/src/ScanRegistrationNode.cpp:63:26:[m[K [01;36m[Knote: [m[K  candidate expects 2 arguments, 1 provided
[8.956s]    63 |         pcl::fromROSMsg(*[01;36m[KlaserCloudMsg[m[K, *laserCloudIn);
[8.957s]       |                          [01;36m[K^~~~~~~~~~~~~[m[K
[8.967s] [01m[K/home/evan/code/ndt-loc/src/a-loam/src/ScanRegistrationNode.cpp:67:65:[m[K [01;31m[Kerror: [m[K‘[01m[KMINIMUM_RANGE[m[K’ was not declared in this scope; did you mean ‘[01m[KMINMUM_RANGE[m[K’?
[8.968s]    67 |         sr.removeClosedPointCloud(*laserCloudIn, *laserCloudIn, [01;31m[KMINIMUM_RANGE[m[K);
[8.968s]       |                                                                 [01;31m[K^~~~~~~~~~~~~[m[K
[8.968s]       |                                                                 [32m[KMINMUM_RANGE[m[K
[9.787s] /home/evan/code/ndt-loc/src/a-loam/src/ScanRegistrationNode.cpp: In instantiation of ‘[01m[KALOAM::ScanRegistrationNode<PointT>::ScanRegistrationNode(std::string) [with PointT = pcl::PointXYZ; std::string = std::__cxx11::basic_string<char>][m[K’:
[9.787s] [01m[K/usr/include/c++/11/ext/new_allocator.h:162:4:[m[K   required from ‘[01m[Kvoid __gnu_cxx::new_allocator<_Tp>::construct(_Up*, _Args&& ...) [with _Up = ALOAM::ScanRegistrationNode<pcl::PointXYZ>; _Args = {const char (&)[18]}; _Tp = ALOAM::ScanRegistrationNode<pcl::PointXYZ>][m[K’
[9.787s] [01m[K/usr/include/c++/11/bits/alloc_traits.h:516:17:[m[K   required from ‘[01m[Kstatic void std::allocator_traits<std::allocator<_Tp1> >::construct(std::allocator_traits<std::allocator<_Tp1> >::allocator_type&, _Up*, _Args&& ...) [with _Up = ALOAM::ScanRegistrationNode<pcl::PointXYZ>; _Args = {const char (&)[18]}; _Tp = ALOAM::ScanRegistrationNode<pcl::PointXYZ>; std::allocator_traits<std::allocator<_Tp1> >::allocator_type = std::allocator<ALOAM::ScanRegistrationNode<pcl::PointXYZ> >][m[K’
[9.787s] [01m[K/usr/include/c++/11/bits/shared_ptr_base.h:519:39:[m[K   required from ‘[01m[Kstd::_Sp_counted_ptr_inplace<_Tp, _Alloc, _Lp>::_Sp_counted_ptr_inplace(_Alloc, _Args&& ...) [with _Args = {const char (&)[18]}; _Tp = ALOAM::ScanRegistrationNode<pcl::PointXYZ>; _Alloc = std::allocator<ALOAM::ScanRegistrationNode<pcl::PointXYZ> >; __gnu_cxx::_Lock_policy _Lp = __gnu_cxx::_S_atomic][m[K’
[9.787s] [01m[K/usr/include/c++/11/bits/shared_ptr_base.h:650:16:[m[K   required from ‘[01m[Kstd::__shared_count<_Lp>::__shared_count(_Tp*&, std::_Sp_alloc_shared_tag<_Alloc>, _Args&& ...) [with _Tp = ALOAM::ScanRegistrationNode<pcl::PointXYZ>; _Alloc = std::allocator<ALOAM::ScanRegistrationNode<pcl::PointXYZ> >; _Args = {const char (&)[18]}; __gnu_cxx::_Lock_policy _Lp = __gnu_cxx::_S_atomic][m[K’
[9.787s] [01m[K/usr/include/c++/11/bits/shared_ptr_base.h:1342:14:[m[K   required from ‘[01m[Kstd::__shared_ptr<_Tp, _Lp>::__shared_ptr(std::_Sp_alloc_shared_tag<_Tp>, _Args&& ...) [with _Alloc = std::allocator<ALOAM::ScanRegistrationNode<pcl::PointXYZ> >; _Args = {const char (&)[18]}; _Tp = ALOAM::ScanRegistrationNode<pcl::PointXYZ>; __gnu_cxx::_Lock_policy _Lp = __gnu_cxx::_S_atomic][m[K’
[9.787s] [01m[K/usr/include/c++/11/bits/shared_ptr.h:409:59:[m[K   required from ‘[01m[Kstd::shared_ptr<_Tp>::shared_ptr(std::_Sp_alloc_shared_tag<_Tp>, _Args&& ...) [with _Alloc = std::allocator<ALOAM::ScanRegistrationNode<pcl::PointXYZ> >; _Args = {const char (&)[18]}; _Tp = ALOAM::ScanRegistrationNode<pcl::PointXYZ>][m[K’
[9.787s] [01m[K/usr/include/c++/11/bits/shared_ptr.h:862:14:[m[K   required from ‘[01m[Kstd::shared_ptr<_Tp> std::allocate_shared(const _Alloc&, _Args&& ...) [with _Tp = ALOAM::ScanRegistrationNode<pcl::PointXYZ>; _Alloc = std::allocator<ALOAM::ScanRegistrationNode<pcl::PointXYZ> >; _Args = {const char (&)[18]}][m[K’
[9.788s] [01m[K/usr/include/c++/11/bits/shared_ptr.h:878:39:[m[K   required from ‘[01m[Kstd::shared_ptr<_Tp> std::make_shared(_Args&& ...) [with _Tp = ALOAM::ScanRegistrationNode<pcl::PointXYZ>; _Args = {const char (&)[18]}][m[K’
[9.788s] [01m[K/home/evan/code/ndt-loc/src/a-loam/src/ScanRegistrationNode.cpp:94:52:[m[K   required from here
[9.788s] [01m[K/home/evan/code/ndt-loc/src/a-loam/src/ScanRegistrationNode.cpp:31:36:[m[K [01;31m[Kerror: [m[Kinvalid use of non-static member function ‘[01m[Kvoid ALOAM::ScanRegistrationNode<PointT>::Run(const PointCloud2&) [with PointT = pcl::PointXYZ; sensor_msgs::msg::PointCloud2 = sensor_msgs::msg::PointCloud2_<std::allocator<void> >][m[K’
[9.788s]    31 |             "/laser_cloud_ori", 1, [01;31m[KRun[m[K);
[9.788s]       |                                    [01;31m[K^~~[m[K
[9.788s] [01m[K/home/evan/code/ndt-loc/src/a-loam/src/ScanRegistrationNode.cpp:61:10:[m[K [01;36m[Knote: [m[Kdeclared here
[9.788s]    61 |     void [01;36m[KRun[m[K(const sensor_msgs::msg::PointCloud2 &laserCloudMsg){
[9.788s]       |          [01;36m[K^~~[m[K
[9.827s] /home/evan/code/ndt-loc/src/a-loam/src/ScanRegistrationNode.cpp: In instantiation of ‘[01m[Kvoid ALOAM::ScanRegistrationNode<PointT>::Run(const PointCloud2&) [with PointT = pcl::PointXYZ; sensor_msgs::msg::PointCloud2 = sensor_msgs::msg::PointCloud2_<std::allocator<void> >][m[K’:
[9.827s] [01m[K/home/evan/code/ndt-loc/src/a-loam/src/ScanRegistrationNode.cpp:31:36:[m[K   required from ‘[01m[KALOAM::ScanRegistrationNode<PointT>::ScanRegistrationNode(std::string) [with PointT = pcl::PointXYZ; std::string = std::__cxx11::basic_string<char>][m[K’
[9.828s] [01m[K/usr/include/c++/11/ext/new_allocator.h:162:4:[m[K   required from ‘[01m[Kvoid __gnu_cxx::new_allocator<_Tp>::construct(_Up*, _Args&& ...) [with _Up = ALOAM::ScanRegistrationNode<pcl::PointXYZ>; _Args = {const char (&)[18]}; _Tp = ALOAM::ScanRegistrationNode<pcl::PointXYZ>][m[K’
[9.828s] [01m[K/usr/include/c++/11/bits/alloc_traits.h:516:17:[m[K   required from ‘[01m[Kstatic void std::allocator_traits<std::allocator<_Tp1> >::construct(std::allocator_traits<std::allocator<_Tp1> >::allocator_type&, _Up*, _Args&& ...) [with _Up = ALOAM::ScanRegistrationNode<pcl::PointXYZ>; _Args = {const char (&)[18]}; _Tp = ALOAM::ScanRegistrationNode<pcl::PointXYZ>; std::allocator_traits<std::allocator<_Tp1> >::allocator_type = std::allocator<ALOAM::ScanRegistrationNode<pcl::PointXYZ> >][m[K’
[9.828s] [01m[K/usr/include/c++/11/bits/shared_ptr_base.h:519:39:[m[K   required from ‘[01m[Kstd::_Sp_counted_ptr_inplace<_Tp, _Alloc, _Lp>::_Sp_counted_ptr_inplace(_Alloc, _Args&& ...) [with _Args = {const char (&)[18]}; _Tp = ALOAM::ScanRegistrationNode<pcl::PointXYZ>; _Alloc = std::allocator<ALOAM::ScanRegistrationNode<pcl::PointXYZ> >; __gnu_cxx::_Lock_policy _Lp = __gnu_cxx::_S_atomic][m[K’
[9.828s] [01m[K/usr/include/c++/11/bits/shared_ptr_base.h:650:16:[m[K   required from ‘[01m[Kstd::__shared_count<_Lp>::__shared_count(_Tp*&, std::_Sp_alloc_shared_tag<_Alloc>, _Args&& ...) [with _Tp = ALOAM::ScanRegistrationNode<pcl::PointXYZ>; _Alloc = std::allocator<ALOAM::ScanRegistrationNode<pcl::PointXYZ> >; _Args = {const char (&)[18]}; __gnu_cxx::_Lock_policy _Lp = __gnu_cxx::_S_atomic][m[K’
[9.828s] [01m[K/usr/include/c++/11/bits/shared_ptr_base.h:1342:14:[m[K   required from ‘[01m[Kstd::__shared_ptr<_Tp, _Lp>::__shared_ptr(std::_Sp_alloc_shared_tag<_Tp>, _Args&& ...) [with _Alloc = std::allocator<ALOAM::ScanRegistrationNode<pcl::PointXYZ> >; _Args = {const char (&)[18]}; _Tp = ALOAM::ScanRegistrationNode<pcl::PointXYZ>; __gnu_cxx::_Lock_policy _Lp = __gnu_cxx::_S_atomic][m[K’
[9.828s] [01m[K/usr/include/c++/11/bits/shared_ptr.h:409:59:[m[K   required from ‘[01m[Kstd::shared_ptr<_Tp>::shared_ptr(std::_Sp_alloc_shared_tag<_Tp>, _Args&& ...) [with _Alloc = std::allocator<ALOAM::ScanRegistrationNode<pcl::PointXYZ> >; _Args = {const char (&)[18]}; _Tp = ALOAM::ScanRegistrationNode<pcl::PointXYZ>][m[K’
[9.829s] [01m[K/usr/include/c++/11/bits/shared_ptr.h:862:14:[m[K   required from ‘[01m[Kstd::shared_ptr<_Tp> std::allocate_shared(const _Alloc&, _Args&& ...) [with _Tp = ALOAM::ScanRegistrationNode<pcl::PointXYZ>; _Alloc = std::allocator<ALOAM::ScanRegistrationNode<pcl::PointXYZ> >; _Args = {const char (&)[18]}][m[K’
[9.829s] [01m[K/usr/include/c++/11/bits/shared_ptr.h:878:39:[m[K   required from ‘[01m[Kstd::shared_ptr<_Tp> std::make_shared(_Args&& ...) [with _Tp = ALOAM::ScanRegistrationNode<pcl::PointXYZ>; _Args = {const char (&)[18]}][m[K’
[9.829s] [01m[K/home/evan/code/ndt-loc/src/a-loam/src/ScanRegistrationNode.cpp:94:52:[m[K   required from here
[9.829s] [01m[K/home/evan/code/ndt-loc/src/a-loam/src/ScanRegistrationNode.cpp:69:41:[m[K [01;31m[Kerror: [m[Kcannot convert ‘[01m[Kpcl::PointCloud<pcl::PointXYZ>::Ptr[m[K’ {aka ‘[01m[Kstd::shared_ptr<pcl::PointCloud<pcl::PointXYZ> >[m[K’} to ‘[01m[Kint[m[K’
[9.829s]    69 |         sr.extractFeatureFromPointCloud([01;31m[KlaserCloudIn[m[K);
[9.829s]       |                                         [01;31m[K^~~~~~~~~~~~[m[K
[9.829s]       |                                         [01;31m[K|[m[K
[9.830s]       |                                         [01;31m[Kpcl::PointCloud<pcl::PointXYZ>::Ptr {aka std::shared_ptr<pcl::PointCloud<pcl::PointXYZ> >}[m[K
[9.830s] In file included from [01m[K/home/evan/code/ndt-loc/src/a-loam/src/ScanRegistrationNode.cpp:1[m[K:
[9.830s] [01m[K/home/evan/code/ndt-loc/src/a-loam/include/a-loam/ScanRegistration.hpp:72:48:[m[K [01;36m[Knote: [m[K  initializing argument 1 of ‘[01m[Kvoid ALOAM::ScanRegistration<PointT>::extractFeatureFromPointCloud(int) [with PointT = pcl::PointXYZ][m[K’
[9.830s]    72 |     void extractFeatureFromPointCloud([01;36m[KCLOUDPTR cloud_in[m[K){
[9.830s]       |                                       [01;36m[K~~~~~~~~~^~~~~~~~[m[K
[10.295s] gmake[2]: *** [CMakeFiles/scan_registration_node.dir/build.make:76: CMakeFiles/scan_registration_node.dir/src/ScanRegistrationNode.cpp.o] Error 1
[10.296s] gmake[1]: *** [CMakeFiles/Makefile2:137: CMakeFiles/scan_registration_node.dir/all] Error 2
[10.296s] gmake: *** [Makefile:146: all] Error 2
[10.299s] Invoked command in '/home/evan/code/ndt-loc/build/a-loam' returned '2': CMAKE_PREFIX_PATH=${CMAKE_PREFIX_PATH}:/opt/ros/humble /usr/bin/cmake --build /home/evan/code/ndt-loc/build/a-loam -- -j4 -l4
