[0.019s] Invoking command in '/home/evan/code/ndt-loc/build/map': CMAKE_PREFIX_PATH=${CMAKE_PREFIX_PATH}:/opt/ros/humble /usr/bin/cmake --build /home/evan/code/ndt-loc/build/map -- -j4 -l4
[0.118s] [ 20%] Built target show_map_node
[0.119s] [ 40%] Built target lidar_data_node
[0.128s] [ 60%] Built target image_projection_node
[0.137s] [ 80%] Built target front_end_node
[0.149s] [35m[1mConsolidate compiler generated dependencies of target mapping_node[0m
[0.195s] [ 90%] [32mBuilding CXX object CMakeFiles/mapping_node.dir/src/GroundTruth.cpp.o[0m
[12.827s] [100%] [32m[1mLinking CXX executable mapping_node[0m
[13.843s] [100%] Built target mapping_node
[13.856s] Invoked command in '/home/evan/code/ndt-loc/build/map' returned '0': CMAKE_PREFIX_PATH=${CMAKE_PREFIX_PATH}:/opt/ros/humble /usr/bin/cmake --build /home/evan/code/ndt-loc/build/map -- -j4 -l4
[13.910s] Invoking command in '/home/evan/code/ndt-loc/build/map': CMAKE_PREFIX_PATH=${CMAKE_PREFIX_PATH}:/opt/ros/humble /usr/bin/cmake --install /home/evan/code/ndt-loc/build/map
[13.918s] -- Install configuration: ""
[13.918s] -- Up-to-date: /home/evan/code/ndt-loc/install/map/lib/map/lidar_data_node
[13.919s] -- Up-to-date: /home/evan/code/ndt-loc/install/map/lib/map/image_projection_node
[13.919s] -- Up-to-date: /home/evan/code/ndt-loc/install/map/lib/map/front_end_node
[13.920s] -- Up-to-date: /home/evan/code/ndt-loc/install/map/lib/map/show_map_node
[13.921s] -- Installing: /home/evan/code/ndt-loc/install/map/lib/map/mapping_node
[13.922s] -- Set runtime path of "/home/evan/code/ndt-loc/install/map/lib/map/mapping_node" to ""
[13.922s] -- Up-to-date: /home/evan/code/ndt-loc/install/map/share/ament_index/resource_index/package_run_dependencies/map
[13.922s] -- Up-to-date: /home/evan/code/ndt-loc/install/map/share/ament_index/resource_index/parent_prefix_path/map
[13.922s] -- Up-to-date: /home/evan/code/ndt-loc/install/map/share/map/environment/ament_prefix_path.sh
[13.922s] -- Installing: /home/evan/code/ndt-loc/install/map/share/map/environment/ament_prefix_path.dsv
[13.922s] -- Up-to-date: /home/evan/code/ndt-loc/install/map/share/map/environment/path.sh
[13.922s] -- Installing: /home/evan/code/ndt-loc/install/map/share/map/environment/path.dsv
[13.923s] -- Up-to-date: /home/evan/code/ndt-loc/install/map/share/map/local_setup.bash
[13.923s] -- Up-to-date: /home/evan/code/ndt-loc/install/map/share/map/local_setup.sh
[13.923s] -- Up-to-date: /home/evan/code/ndt-loc/install/map/share/map/local_setup.zsh
[13.923s] -- Installing: /home/evan/code/ndt-loc/install/map/share/map/local_setup.dsv
[13.923s] -- Installing: /home/evan/code/ndt-loc/install/map/share/map/package.dsv
[13.924s] -- Up-to-date: /home/evan/code/ndt-loc/install/map/share/ament_index/resource_index/packages/map
[13.924s] -- Up-to-date: /home/evan/code/ndt-loc/install/map/share/map/cmake/ament_cmake_export_include_directories-extras.cmake
[13.924s] -- Up-to-date: /home/evan/code/ndt-loc/install/map/share/map/cmake/mapConfig.cmake
[13.924s] -- Up-to-date: /home/evan/code/ndt-loc/install/map/share/map/cmake/mapConfig-version.cmake
[13.924s] -- Up-to-date: /home/evan/code/ndt-loc/install/map/share/map/package.xml
[13.925s] Invoked command in '/home/evan/code/ndt-loc/build/map' returned '0': CMAKE_PREFIX_PATH=${CMAKE_PREFIX_PATH}:/opt/ros/humble /usr/bin/cmake --install /home/evan/code/ndt-loc/build/map
