[0.024s] Invoking command in '/home/evan/code/ndt-loc/build/map': CMAKE_PREFIX_PATH=${CMAKE_PREFIX_PATH}:/opt/ros/humble /usr/bin/cmake --build /home/evan/code/ndt-loc/build/map -- -j4 -l4
[0.115s] [35m[1mConsolidate compiler generated dependencies of target image_projection_node[0m
[0.124s] [35m[1mConsolidate compiler generated dependencies of target front_end_node[0m
[0.131s] [35m[1mConsolidate compiler generated dependencies of target lidar_data_node[0m
[0.168s] [35m[1mConsolidate compiler generated dependencies of target show_map_node[0m
[0.197s] [ 12%] [32mBuilding CXX object CMakeFiles/image_projection_node.dir/src/ImageProjection.cpp.o[0m
[0.264s] [ 25%] [32mBuilding CXX object CMakeFiles/show_map_node.dir/src/ShowMap.cpp.o[0m
[0.264s] [ 37%] [32mBuilding CXX object CMakeFiles/front_end_node.dir/src/FrontEnd.cpp.o[0m
[0.331s] [ 50%] [32mBuilding CXX object CMakeFiles/lidar_data_node.dir/src/LidarData.cpp.o[0m
[23.271s] [ 62%] [32m[1mLinking CXX executable show_map_node[0m
[24.788s] [ 62%] Built target show_map_node
[25.051s] [ 75%] [32m[1mLinking CXX executable image_projection_node[0m
[26.637s] [ 87%] [32m[1mLinking CXX executable lidar_data_node[0m
[26.651s] [ 87%] Built target image_projection_node
[29.143s] [ 87%] Built target lidar_data_node
[35.776s] [100%] [32m[1mLinking CXX executable front_end_node[0m
[38.169s] [100%] Built target front_end_node
[38.181s] Invoked command in '/home/evan/code/ndt-loc/build/map' returned '0': CMAKE_PREFIX_PATH=${CMAKE_PREFIX_PATH}:/opt/ros/humble /usr/bin/cmake --build /home/evan/code/ndt-loc/build/map -- -j4 -l4
[38.221s] Invoking command in '/home/evan/code/ndt-loc/build/map': CMAKE_PREFIX_PATH=${CMAKE_PREFIX_PATH}:/opt/ros/humble /usr/bin/cmake --install /home/evan/code/ndt-loc/build/map
[38.228s] -- Install configuration: ""
[38.228s] -- Installing: /home/evan/code/ndt-loc/install/map/lib/map/lidar_data_node
[38.234s] -- Set runtime path of "/home/evan/code/ndt-loc/install/map/lib/map/lidar_data_node" to ""
[38.235s] -- Installing: /home/evan/code/ndt-loc/install/map/lib/map/image_projection_node
[38.241s] -- Set runtime path of "/home/evan/code/ndt-loc/install/map/lib/map/image_projection_node" to ""
[38.241s] -- Installing: /home/evan/code/ndt-loc/install/map/lib/map/front_end_node
[38.253s] -- Set runtime path of "/home/evan/code/ndt-loc/install/map/lib/map/front_end_node" to ""
[38.253s] -- Installing: /home/evan/code/ndt-loc/install/map/lib/map/show_map_node
[38.259s] -- Set runtime path of "/home/evan/code/ndt-loc/install/map/lib/map/show_map_node" to ""
[38.259s] -- Up-to-date: /home/evan/code/ndt-loc/install/map/share/ament_index/resource_index/package_run_dependencies/map
[38.259s] -- Up-to-date: /home/evan/code/ndt-loc/install/map/share/ament_index/resource_index/parent_prefix_path/map
[38.259s] -- Up-to-date: /home/evan/code/ndt-loc/install/map/share/map/environment/ament_prefix_path.sh
[38.259s] -- Up-to-date: /home/evan/code/ndt-loc/install/map/share/map/environment/ament_prefix_path.dsv
[38.259s] -- Up-to-date: /home/evan/code/ndt-loc/install/map/share/map/environment/path.sh
[38.259s] -- Up-to-date: /home/evan/code/ndt-loc/install/map/share/map/environment/path.dsv
[38.260s] -- Up-to-date: /home/evan/code/ndt-loc/install/map/share/map/local_setup.bash
[38.260s] -- Up-to-date: /home/evan/code/ndt-loc/install/map/share/map/local_setup.sh
[38.260s] -- Up-to-date: /home/evan/code/ndt-loc/install/map/share/map/local_setup.zsh
[38.260s] -- Up-to-date: /home/evan/code/ndt-loc/install/map/share/map/local_setup.dsv
[38.260s] -- Installing: /home/evan/code/ndt-loc/install/map/share/map/package.dsv
[38.260s] -- Up-to-date: /home/evan/code/ndt-loc/install/map/share/ament_index/resource_index/packages/map
[38.260s] -- Up-to-date: /home/evan/code/ndt-loc/install/map/share/map/cmake/ament_cmake_export_include_directories-extras.cmake
[38.260s] -- Up-to-date: /home/evan/code/ndt-loc/install/map/share/map/cmake/mapConfig.cmake
[38.260s] -- Up-to-date: /home/evan/code/ndt-loc/install/map/share/map/cmake/mapConfig-version.cmake
[38.260s] -- Up-to-date: /home/evan/code/ndt-loc/install/map/share/map/package.xml
[38.262s] Invoked command in '/home/evan/code/ndt-loc/build/map' returned '0': CMAKE_PREFIX_PATH=${CMAKE_PREFIX_PATH}:/opt/ros/humble /usr/bin/cmake --install /home/evan/code/ndt-loc/build/map
