[1.656s] DEBUG:colcon:Command line arguments: ['/usr/bin/colcon', 'build', '--packages-select', 'radar-odometry']
[1.656s] DEBUG:colcon:Parsed command line arguments: Namespace(log_base=None, log_level=None, verb_name='build', build_base='build', install_base='install', merge_install=False, symlink_install=False, test_result_base=None, continue_on_error=False, executor='parallel', parallel_workers=4, event_handlers=None, ignore_user_meta=False, metas=['./colcon.meta'], base_paths=['.'], packages_ignore=None, packages_ignore_regex=None, paths=None, packages_up_to=None, packages_up_to_regex=None, packages_above=None, packages_above_and_dependencies=None, packages_above_depth=None, packages_select_by_dep=None, packages_skip_by_dep=None, packages_skip_up_to=None, packages_select_build_failed=False, packages_skip_build_finished=False, packages_select_test_failures=False, packages_skip_test_passed=False, packages_select=['radar-odometry'], packages_skip=None, packages_select_regex=None, packages_skip_regex=None, packages_start=None, packages_end=None, allow_overriding=[], cmake_args=None, cmake_target=None, cmake_target_skip_unavailable=False, cmake_clean_cache=False, cmake_clean_first=False, cmake_force_configure=False, ament_cmake_args=None, catkin_cmake_args=None, catkin_skip_building_tests=False, verb_parser=<colcon_defaults.argument_parser.defaults.DefaultArgumentsDecorator object at 0x7f0d973c64a0>, verb_extension=<colcon_core.verb.build.BuildVerb object at 0x7f0d97c22980>, main=<bound method BuildVerb.main of <colcon_core.verb.build.BuildVerb object at 0x7f0d97c22980>>)
[1.692s] Level 1:colcon.colcon_core.package_discovery:discover_packages(colcon_meta) check parameters
[1.693s] Level 1:colcon.colcon_core.package_discovery:discover_packages(recursive) check parameters
[1.693s] Level 1:colcon.colcon_core.package_discovery:discover_packages(ignore) check parameters
[1.693s] Level 1:colcon.colcon_core.package_discovery:discover_packages(path) check parameters
[1.693s] Level 1:colcon.colcon_core.package_discovery:discover_packages(colcon_meta) discover
[1.693s] Level 1:colcon.colcon_core.package_discovery:discover_packages(recursive) discover
[1.693s] INFO:colcon.colcon_core.package_discovery:Crawling recursively for packages in '/home/evan/code/ndt-loc'
[1.693s] Level 1:colcon.colcon_core.package_identification:_identify(.) by extensions ['ignore', 'ignore_ament_install']
[1.693s] Level 1:colcon.colcon_core.package_identification:_identify(.) by extension 'ignore'
[1.693s] Level 1:colcon.colcon_core.package_identification:_identify(.) by extension 'ignore_ament_install'
[1.693s] Level 1:colcon.colcon_core.package_identification:_identify(.) by extensions ['colcon_pkg']
[1.693s] Level 1:colcon.colcon_core.package_identification:_identify(.) by extension 'colcon_pkg'
[1.693s] Level 1:colcon.colcon_core.package_identification:_identify(.) by extensions ['colcon_meta']
[1.693s] Level 1:colcon.colcon_core.package_identification:_identify(.) by extension 'colcon_meta'
[1.693s] Level 1:colcon.colcon_core.package_identification:_identify(.) by extensions ['ros']
[1.693s] Level 1:colcon.colcon_core.package_identification:_identify(.) by extension 'ros'
[1.707s] Level 1:colcon.colcon_core.package_identification:_identify(.) by extensions ['cmake', 'python']
[1.707s] Level 1:colcon.colcon_core.package_identification:_identify(.) by extension 'cmake'
[1.707s] Level 1:colcon.colcon_core.package_identification:_identify(.) by extension 'python'
[1.707s] Level 1:colcon.colcon_core.package_identification:_identify(.) by extensions ['python_setup_py']
[1.707s] Level 1:colcon.colcon_core.package_identification:_identify(.) by extension 'python_setup_py'
[1.707s] Level 1:colcon.colcon_core.package_identification:_identify(build) by extensions ['ignore', 'ignore_ament_install']
[1.707s] Level 1:colcon.colcon_core.package_identification:_identify(build) by extension 'ignore'
[1.707s] Level 1:colcon.colcon_core.package_identification:_identify(build) ignored
[1.707s] Level 1:colcon.colcon_core.package_identification:_identify(install) by extensions ['ignore', 'ignore_ament_install']
[1.708s] Level 1:colcon.colcon_core.package_identification:_identify(install) by extension 'ignore'
[1.708s] Level 1:colcon.colcon_core.package_identification:_identify(install) ignored
[1.708s] Level 1:colcon.colcon_core.package_identification:_identify(launch) by extensions ['ignore', 'ignore_ament_install']
[1.708s] Level 1:colcon.colcon_core.package_identification:_identify(launch) by extension 'ignore'
[1.708s] Level 1:colcon.colcon_core.package_identification:_identify(launch) by extension 'ignore_ament_install'
[1.708s] Level 1:colcon.colcon_core.package_identification:_identify(launch) by extensions ['colcon_pkg']
[1.708s] Level 1:colcon.colcon_core.package_identification:_identify(launch) by extension 'colcon_pkg'
[1.708s] Level 1:colcon.colcon_core.package_identification:_identify(launch) by extensions ['colcon_meta']
[1.708s] Level 1:colcon.colcon_core.package_identification:_identify(launch) by extension 'colcon_meta'
[1.708s] Level 1:colcon.colcon_core.package_identification:_identify(launch) by extensions ['ros']
[1.708s] Level 1:colcon.colcon_core.package_identification:_identify(launch) by extension 'ros'
[1.708s] Level 1:colcon.colcon_core.package_identification:_identify(launch) by extensions ['cmake', 'python']
[1.708s] Level 1:colcon.colcon_core.package_identification:_identify(launch) by extension 'cmake'
[1.708s] Level 1:colcon.colcon_core.package_identification:_identify(launch) by extension 'python'
[1.708s] Level 1:colcon.colcon_core.package_identification:_identify(launch) by extensions ['python_setup_py']
[1.708s] Level 1:colcon.colcon_core.package_identification:_identify(launch) by extension 'python_setup_py'
[1.709s] Level 1:colcon.colcon_core.package_identification:_identify(launch/a-loam) by extensions ['ignore', 'ignore_ament_install']
[1.709s] Level 1:colcon.colcon_core.package_identification:_identify(launch/a-loam) by extension 'ignore'
[1.709s] Level 1:colcon.colcon_core.package_identification:_identify(launch/a-loam) by extension 'ignore_ament_install'
[1.709s] Level 1:colcon.colcon_core.package_identification:_identify(launch/a-loam) by extensions ['colcon_pkg']
[1.709s] Level 1:colcon.colcon_core.package_identification:_identify(launch/a-loam) by extension 'colcon_pkg'
[1.709s] Level 1:colcon.colcon_core.package_identification:_identify(launch/a-loam) by extensions ['colcon_meta']
[1.709s] Level 1:colcon.colcon_core.package_identification:_identify(launch/a-loam) by extension 'colcon_meta'
[1.709s] Level 1:colcon.colcon_core.package_identification:_identify(launch/a-loam) by extensions ['ros']
[1.709s] Level 1:colcon.colcon_core.package_identification:_identify(launch/a-loam) by extension 'ros'
[1.709s] Level 1:colcon.colcon_core.package_identification:_identify(launch/a-loam) by extensions ['cmake', 'python']
[1.709s] Level 1:colcon.colcon_core.package_identification:_identify(launch/a-loam) by extension 'cmake'
[1.709s] Level 1:colcon.colcon_core.package_identification:_identify(launch/a-loam) by extension 'python'
[1.709s] Level 1:colcon.colcon_core.package_identification:_identify(launch/a-loam) by extensions ['python_setup_py']
[1.709s] Level 1:colcon.colcon_core.package_identification:_identify(launch/a-loam) by extension 'python_setup_py'
[1.709s] Level 1:colcon.colcon_core.package_identification:_identify(launch/a-loam/__pycache__) by extensions ['ignore', 'ignore_ament_install']
[1.709s] Level 1:colcon.colcon_core.package_identification:_identify(launch/a-loam/__pycache__) by extension 'ignore'
[1.709s] Level 1:colcon.colcon_core.package_identification:_identify(launch/a-loam/__pycache__) by extension 'ignore_ament_install'
[1.710s] Level 1:colcon.colcon_core.package_identification:_identify(launch/a-loam/__pycache__) by extensions ['colcon_pkg']
[1.710s] Level 1:colcon.colcon_core.package_identification:_identify(launch/a-loam/__pycache__) by extension 'colcon_pkg'
[1.710s] Level 1:colcon.colcon_core.package_identification:_identify(launch/a-loam/__pycache__) by extensions ['colcon_meta']
[1.710s] Level 1:colcon.colcon_core.package_identification:_identify(launch/a-loam/__pycache__) by extension 'colcon_meta'
[1.710s] Level 1:colcon.colcon_core.package_identification:_identify(launch/a-loam/__pycache__) by extensions ['ros']
[1.710s] Level 1:colcon.colcon_core.package_identification:_identify(launch/a-loam/__pycache__) by extension 'ros'
[1.710s] Level 1:colcon.colcon_core.package_identification:_identify(launch/a-loam/__pycache__) by extensions ['cmake', 'python']
[1.710s] Level 1:colcon.colcon_core.package_identification:_identify(launch/a-loam/__pycache__) by extension 'cmake'
[1.710s] Level 1:colcon.colcon_core.package_identification:_identify(launch/a-loam/__pycache__) by extension 'python'
[1.710s] Level 1:colcon.colcon_core.package_identification:_identify(launch/a-loam/__pycache__) by extensions ['python_setup_py']
[1.710s] Level 1:colcon.colcon_core.package_identification:_identify(launch/a-loam/__pycache__) by extension 'python_setup_py'
[1.710s] Level 1:colcon.colcon_core.package_identification:_identify(launch/data-publisher) by extensions ['ignore', 'ignore_ament_install']
[1.710s] Level 1:colcon.colcon_core.package_identification:_identify(launch/data-publisher) by extension 'ignore'
[1.710s] Level 1:colcon.colcon_core.package_identification:_identify(launch/data-publisher) by extension 'ignore_ament_install'
[1.710s] Level 1:colcon.colcon_core.package_identification:_identify(launch/data-publisher) by extensions ['colcon_pkg']
[1.710s] Level 1:colcon.colcon_core.package_identification:_identify(launch/data-publisher) by extension 'colcon_pkg'
[1.710s] Level 1:colcon.colcon_core.package_identification:_identify(launch/data-publisher) by extensions ['colcon_meta']
[1.710s] Level 1:colcon.colcon_core.package_identification:_identify(launch/data-publisher) by extension 'colcon_meta'
[1.710s] Level 1:colcon.colcon_core.package_identification:_identify(launch/data-publisher) by extensions ['ros']
[1.711s] Level 1:colcon.colcon_core.package_identification:_identify(launch/data-publisher) by extension 'ros'
[1.711s] Level 1:colcon.colcon_core.package_identification:_identify(launch/data-publisher) by extensions ['cmake', 'python']
[1.711s] Level 1:colcon.colcon_core.package_identification:_identify(launch/data-publisher) by extension 'cmake'
[1.711s] Level 1:colcon.colcon_core.package_identification:_identify(launch/data-publisher) by extension 'python'
[1.711s] Level 1:colcon.colcon_core.package_identification:_identify(launch/data-publisher) by extensions ['python_setup_py']
[1.711s] Level 1:colcon.colcon_core.package_identification:_identify(launch/data-publisher) by extension 'python_setup_py'
[1.711s] Level 1:colcon.colcon_core.package_identification:_identify(launch/data-publisher/radar) by extensions ['ignore', 'ignore_ament_install']
[1.711s] Level 1:colcon.colcon_core.package_identification:_identify(launch/data-publisher/radar) by extension 'ignore'
[1.711s] Level 1:colcon.colcon_core.package_identification:_identify(launch/data-publisher/radar) by extension 'ignore_ament_install'
[1.711s] Level 1:colcon.colcon_core.package_identification:_identify(launch/data-publisher/radar) by extensions ['colcon_pkg']
[1.711s] Level 1:colcon.colcon_core.package_identification:_identify(launch/data-publisher/radar) by extension 'colcon_pkg'
[1.711s] Level 1:colcon.colcon_core.package_identification:_identify(launch/data-publisher/radar) by extensions ['colcon_meta']
[1.711s] Level 1:colcon.colcon_core.package_identification:_identify(launch/data-publisher/radar) by extension 'colcon_meta'
[1.711s] Level 1:colcon.colcon_core.package_identification:_identify(launch/data-publisher/radar) by extensions ['ros']
[1.711s] Level 1:colcon.colcon_core.package_identification:_identify(launch/data-publisher/radar) by extension 'ros'
[1.711s] Level 1:colcon.colcon_core.package_identification:_identify(launch/data-publisher/radar) by extensions ['cmake', 'python']
[1.711s] Level 1:colcon.colcon_core.package_identification:_identify(launch/data-publisher/radar) by extension 'cmake'
[1.711s] Level 1:colcon.colcon_core.package_identification:_identify(launch/data-publisher/radar) by extension 'python'
[1.712s] Level 1:colcon.colcon_core.package_identification:_identify(launch/data-publisher/radar) by extensions ['python_setup_py']
[1.712s] Level 1:colcon.colcon_core.package_identification:_identify(launch/data-publisher/radar) by extension 'python_setup_py'
[1.712s] Level 1:colcon.colcon_core.package_identification:_identify(launch/data-publisher/radar/__pycache__) by extensions ['ignore', 'ignore_ament_install']
[1.712s] Level 1:colcon.colcon_core.package_identification:_identify(launch/data-publisher/radar/__pycache__) by extension 'ignore'
[1.712s] Level 1:colcon.colcon_core.package_identification:_identify(launch/data-publisher/radar/__pycache__) by extension 'ignore_ament_install'
[1.712s] Level 1:colcon.colcon_core.package_identification:_identify(launch/data-publisher/radar/__pycache__) by extensions ['colcon_pkg']
[1.712s] Level 1:colcon.colcon_core.package_identification:_identify(launch/data-publisher/radar/__pycache__) by extension 'colcon_pkg'
[1.712s] Level 1:colcon.colcon_core.package_identification:_identify(launch/data-publisher/radar/__pycache__) by extensions ['colcon_meta']
[1.712s] Level 1:colcon.colcon_core.package_identification:_identify(launch/data-publisher/radar/__pycache__) by extension 'colcon_meta'
[1.712s] Level 1:colcon.colcon_core.package_identification:_identify(launch/data-publisher/radar/__pycache__) by extensions ['ros']
[1.712s] Level 1:colcon.colcon_core.package_identification:_identify(launch/data-publisher/radar/__pycache__) by extension 'ros'
[1.712s] Level 1:colcon.colcon_core.package_identification:_identify(launch/data-publisher/radar/__pycache__) by extensions ['cmake', 'python']
[1.712s] Level 1:colcon.colcon_core.package_identification:_identify(launch/data-publisher/radar/__pycache__) by extension 'cmake'
[1.712s] Level 1:colcon.colcon_core.package_identification:_identify(launch/data-publisher/radar/__pycache__) by extension 'python'
[1.712s] Level 1:colcon.colcon_core.package_identification:_identify(launch/data-publisher/radar/__pycache__) by extensions ['python_setup_py']
[1.712s] Level 1:colcon.colcon_core.package_identification:_identify(launch/data-publisher/radar/__pycache__) by extension 'python_setup_py'
[1.713s] Level 1:colcon.colcon_core.package_identification:_identify(launch/radar-odometry) by extensions ['ignore', 'ignore_ament_install']
[1.713s] Level 1:colcon.colcon_core.package_identification:_identify(launch/radar-odometry) by extension 'ignore'
[1.713s] Level 1:colcon.colcon_core.package_identification:_identify(launch/radar-odometry) by extension 'ignore_ament_install'
[1.713s] Level 1:colcon.colcon_core.package_identification:_identify(launch/radar-odometry) by extensions ['colcon_pkg']
[1.713s] Level 1:colcon.colcon_core.package_identification:_identify(launch/radar-odometry) by extension 'colcon_pkg'
[1.713s] Level 1:colcon.colcon_core.package_identification:_identify(launch/radar-odometry) by extensions ['colcon_meta']
[1.713s] Level 1:colcon.colcon_core.package_identification:_identify(launch/radar-odometry) by extension 'colcon_meta'
[1.713s] Level 1:colcon.colcon_core.package_identification:_identify(launch/radar-odometry) by extensions ['ros']
[1.713s] Level 1:colcon.colcon_core.package_identification:_identify(launch/radar-odometry) by extension 'ros'
[1.713s] Level 1:colcon.colcon_core.package_identification:_identify(launch/radar-odometry) by extensions ['cmake', 'python']
[1.713s] Level 1:colcon.colcon_core.package_identification:_identify(launch/radar-odometry) by extension 'cmake'
[1.713s] Level 1:colcon.colcon_core.package_identification:_identify(launch/radar-odometry) by extension 'python'
[1.713s] Level 1:colcon.colcon_core.package_identification:_identify(launch/radar-odometry) by extensions ['python_setup_py']
[1.713s] Level 1:colcon.colcon_core.package_identification:_identify(launch/radar-odometry) by extension 'python_setup_py'
[1.713s] Level 1:colcon.colcon_core.package_identification:_identify(launch/radar-odometry/__pycache__) by extensions ['ignore', 'ignore_ament_install']
[1.713s] Level 1:colcon.colcon_core.package_identification:_identify(launch/radar-odometry/__pycache__) by extension 'ignore'
[1.714s] Level 1:colcon.colcon_core.package_identification:_identify(launch/radar-odometry/__pycache__) by extension 'ignore_ament_install'
[1.714s] Level 1:colcon.colcon_core.package_identification:_identify(launch/radar-odometry/__pycache__) by extensions ['colcon_pkg']
[1.714s] Level 1:colcon.colcon_core.package_identification:_identify(launch/radar-odometry/__pycache__) by extension 'colcon_pkg'
[1.714s] Level 1:colcon.colcon_core.package_identification:_identify(launch/radar-odometry/__pycache__) by extensions ['colcon_meta']
[1.714s] Level 1:colcon.colcon_core.package_identification:_identify(launch/radar-odometry/__pycache__) by extension 'colcon_meta'
[1.714s] Level 1:colcon.colcon_core.package_identification:_identify(launch/radar-odometry/__pycache__) by extensions ['ros']
[1.714s] Level 1:colcon.colcon_core.package_identification:_identify(launch/radar-odometry/__pycache__) by extension 'ros'
[1.714s] Level 1:colcon.colcon_core.package_identification:_identify(launch/radar-odometry/__pycache__) by extensions ['cmake', 'python']
[1.714s] Level 1:colcon.colcon_core.package_identification:_identify(launch/radar-odometry/__pycache__) by extension 'cmake'
[1.714s] Level 1:colcon.colcon_core.package_identification:_identify(launch/radar-odometry/__pycache__) by extension 'python'
[1.714s] Level 1:colcon.colcon_core.package_identification:_identify(launch/radar-odometry/__pycache__) by extensions ['python_setup_py']
[1.714s] Level 1:colcon.colcon_core.package_identification:_identify(launch/radar-odometry/__pycache__) by extension 'python_setup_py'
[1.714s] Level 1:colcon.colcon_core.package_identification:_identify(log) by extensions ['ignore', 'ignore_ament_install']
[1.715s] Level 1:colcon.colcon_core.package_identification:_identify(log) by extension 'ignore'
[1.715s] Level 1:colcon.colcon_core.package_identification:_identify(log) ignored
[1.715s] Level 1:colcon.colcon_core.package_identification:_identify(src) by extensions ['ignore', 'ignore_ament_install']
[1.765s] Level 1:colcon.colcon_core.package_identification:_identify(src) by extension 'ignore'
[1.765s] Level 1:colcon.colcon_core.package_identification:_identify(src) by extension 'ignore_ament_install'
[1.765s] Level 1:colcon.colcon_core.package_identification:_identify(src) by extensions ['colcon_pkg']
[1.765s] Level 1:colcon.colcon_core.package_identification:_identify(src) by extension 'colcon_pkg'
[1.765s] Level 1:colcon.colcon_core.package_identification:_identify(src) by extensions ['colcon_meta']
[1.765s] Level 1:colcon.colcon_core.package_identification:_identify(src) by extension 'colcon_meta'
[1.765s] Level 1:colcon.colcon_core.package_identification:_identify(src) by extensions ['ros']
[1.765s] Level 1:colcon.colcon_core.package_identification:_identify(src) by extension 'ros'
[1.766s] Level 1:colcon.colcon_core.package_identification:_identify(src) by extensions ['cmake', 'python']
[1.766s] Level 1:colcon.colcon_core.package_identification:_identify(src) by extension 'cmake'
[1.766s] Level 1:colcon.colcon_core.package_identification:_identify(src) by extension 'python'
[1.766s] Level 1:colcon.colcon_core.package_identification:_identify(src) by extensions ['python_setup_py']
[1.766s] Level 1:colcon.colcon_core.package_identification:_identify(src) by extension 'python_setup_py'
[1.766s] Level 1:colcon.colcon_core.package_identification:_identify(src/a-loam) by extensions ['ignore', 'ignore_ament_install']
[1.766s] Level 1:colcon.colcon_core.package_identification:_identify(src/a-loam) by extension 'ignore'
[1.766s] Level 1:colcon.colcon_core.package_identification:_identify(src/a-loam) by extension 'ignore_ament_install'
[1.766s] Level 1:colcon.colcon_core.package_identification:_identify(src/a-loam) by extensions ['colcon_pkg']
[1.766s] Level 1:colcon.colcon_core.package_identification:_identify(src/a-loam) by extension 'colcon_pkg'
[1.766s] Level 1:colcon.colcon_core.package_identification:_identify(src/a-loam) by extensions ['colcon_meta']
[1.766s] Level 1:colcon.colcon_core.package_identification:_identify(src/a-loam) by extension 'colcon_meta'
[1.766s] Level 1:colcon.colcon_core.package_identification:_identify(src/a-loam) by extensions ['ros']
[1.766s] Level 1:colcon.colcon_core.package_identification:_identify(src/a-loam) by extension 'ros'
[1.769s] DEBUG:colcon.colcon_core.package_identification:Package 'src/a-loam' with type 'ros.ament_cmake' and name 'a-loam'
[1.769s] Level 1:colcon.colcon_core.package_identification:_identify(src/cloud_msgs) by extensions ['ignore', 'ignore_ament_install']
[1.770s] Level 1:colcon.colcon_core.package_identification:_identify(src/cloud_msgs) by extension 'ignore'
[1.770s] Level 1:colcon.colcon_core.package_identification:_identify(src/cloud_msgs) by extension 'ignore_ament_install'
[1.770s] Level 1:colcon.colcon_core.package_identification:_identify(src/cloud_msgs) by extensions ['colcon_pkg']
[1.770s] Level 1:colcon.colcon_core.package_identification:_identify(src/cloud_msgs) by extension 'colcon_pkg'
[1.770s] Level 1:colcon.colcon_core.package_identification:_identify(src/cloud_msgs) by extensions ['colcon_meta']
[1.770s] Level 1:colcon.colcon_core.package_identification:_identify(src/cloud_msgs) by extension 'colcon_meta'
[1.770s] Level 1:colcon.colcon_core.package_identification:_identify(src/cloud_msgs) by extensions ['ros']
[1.770s] Level 1:colcon.colcon_core.package_identification:_identify(src/cloud_msgs) by extension 'ros'
[1.771s] DEBUG:colcon.colcon_core.package_identification:Package 'src/cloud_msgs' with type 'ros.ament_cmake' and name 'cloud_msgs'
[1.772s] Level 1:colcon.colcon_core.package_identification:_identify(src/data-publisher) by extensions ['ignore', 'ignore_ament_install']
[1.772s] Level 1:colcon.colcon_core.package_identification:_identify(src/data-publisher) by extension 'ignore'
[1.772s] Level 1:colcon.colcon_core.package_identification:_identify(src/data-publisher) by extension 'ignore_ament_install'
[1.772s] Level 1:colcon.colcon_core.package_identification:_identify(src/data-publisher) by extensions ['colcon_pkg']
[1.772s] Level 1:colcon.colcon_core.package_identification:_identify(src/data-publisher) by extension 'colcon_pkg'
[1.772s] Level 1:colcon.colcon_core.package_identification:_identify(src/data-publisher) by extensions ['colcon_meta']
[1.772s] Level 1:colcon.colcon_core.package_identification:_identify(src/data-publisher) by extension 'colcon_meta'
[1.772s] Level 1:colcon.colcon_core.package_identification:_identify(src/data-publisher) by extensions ['ros']
[1.772s] Level 1:colcon.colcon_core.package_identification:_identify(src/data-publisher) by extension 'ros'
[1.773s] DEBUG:colcon.colcon_core.package_identification:Package 'src/data-publisher' with type 'ros.ament_cmake' and name 'data-publisher'
[1.773s] Level 1:colcon.colcon_core.package_identification:_identify(src/map) by extensions ['ignore', 'ignore_ament_install']
[1.773s] Level 1:colcon.colcon_core.package_identification:_identify(src/map) by extension 'ignore'
[1.773s] Level 1:colcon.colcon_core.package_identification:_identify(src/map) by extension 'ignore_ament_install'
[1.774s] Level 1:colcon.colcon_core.package_identification:_identify(src/map) by extensions ['colcon_pkg']
[1.774s] Level 1:colcon.colcon_core.package_identification:_identify(src/map) by extension 'colcon_pkg'
[1.774s] Level 1:colcon.colcon_core.package_identification:_identify(src/map) by extensions ['colcon_meta']
[1.774s] Level 1:colcon.colcon_core.package_identification:_identify(src/map) by extension 'colcon_meta'
[1.774s] Level 1:colcon.colcon_core.package_identification:_identify(src/map) by extensions ['ros']
[1.774s] Level 1:colcon.colcon_core.package_identification:_identify(src/map) by extension 'ros'
[1.774s] DEBUG:colcon.colcon_core.package_identification:Package 'src/map' with type 'ros.ament_cmake' and name 'map'
[1.775s] Level 1:colcon.colcon_core.package_identification:_identify(src/ndt-lidar-radar) by extensions ['ignore', 'ignore_ament_install']
[1.775s] Level 1:colcon.colcon_core.package_identification:_identify(src/ndt-lidar-radar) by extension 'ignore'
[1.775s] Level 1:colcon.colcon_core.package_identification:_identify(src/ndt-lidar-radar) by extension 'ignore_ament_install'
[1.775s] Level 1:colcon.colcon_core.package_identification:_identify(src/ndt-lidar-radar) by extensions ['colcon_pkg']
[1.775s] Level 1:colcon.colcon_core.package_identification:_identify(src/ndt-lidar-radar) by extension 'colcon_pkg'
[1.775s] Level 1:colcon.colcon_core.package_identification:_identify(src/ndt-lidar-radar) by extensions ['colcon_meta']
[1.775s] Level 1:colcon.colcon_core.package_identification:_identify(src/ndt-lidar-radar) by extension 'colcon_meta'
[1.775s] Level 1:colcon.colcon_core.package_identification:_identify(src/ndt-lidar-radar) by extensions ['ros']
[1.775s] Level 1:colcon.colcon_core.package_identification:_identify(src/ndt-lidar-radar) by extension 'ros'
[1.776s] DEBUG:colcon.colcon_core.package_identification:Package 'src/ndt-lidar-radar' with type 'ros.ament_cmake' and name 'ndt-lidar-radar'
[1.776s] Level 1:colcon.colcon_core.package_identification:_identify(src/radar-odometry) by extensions ['ignore', 'ignore_ament_install']
[1.776s] Level 1:colcon.colcon_core.package_identification:_identify(src/radar-odometry) by extension 'ignore'
[1.776s] Level 1:colcon.colcon_core.package_identification:_identify(src/radar-odometry) by extension 'ignore_ament_install'
[1.776s] Level 1:colcon.colcon_core.package_identification:_identify(src/radar-odometry) by extensions ['colcon_pkg']
[1.776s] Level 1:colcon.colcon_core.package_identification:_identify(src/radar-odometry) by extension 'colcon_pkg'
[1.776s] Level 1:colcon.colcon_core.package_identification:_identify(src/radar-odometry) by extensions ['colcon_meta']
[1.776s] Level 1:colcon.colcon_core.package_identification:_identify(src/radar-odometry) by extension 'colcon_meta'
[1.776s] Level 1:colcon.colcon_core.package_identification:_identify(src/radar-odometry) by extensions ['ros']
[1.776s] Level 1:colcon.colcon_core.package_identification:_identify(src/radar-odometry) by extension 'ros'
[1.777s] DEBUG:colcon.colcon_core.package_identification:Package 'src/radar-odometry' with type 'ros.ament_cmake' and name 'radar-odometry'
[1.777s] Level 1:colcon.colcon_core.package_discovery:discover_packages(recursive) using defaults
[1.777s] Level 1:colcon.colcon_core.package_discovery:discover_packages(ignore) discover
[1.777s] Level 1:colcon.colcon_core.package_discovery:discover_packages(ignore) using defaults
[1.777s] Level 1:colcon.colcon_core.package_discovery:discover_packages(path) discover
[1.777s] Level 1:colcon.colcon_core.package_discovery:discover_packages(path) using defaults
[1.804s] INFO:colcon.colcon_core.package_selection:Skipping not selected package 'a-loam' in 'src/a-loam'
[1.804s] INFO:colcon.colcon_core.package_selection:Skipping not selected package 'cloud_msgs' in 'src/cloud_msgs'
[1.804s] INFO:colcon.colcon_core.package_selection:Skipping not selected package 'data-publisher' in 'src/data-publisher'
[1.804s] INFO:colcon.colcon_core.package_selection:Skipping not selected package 'map' in 'src/map'
[1.804s] INFO:colcon.colcon_core.package_selection:Skipping not selected package 'ndt-lidar-radar' in 'src/ndt-lidar-radar'
[1.805s] Level 1:colcon.colcon_core.package_discovery:discover_packages(prefix_path) check parameters
[1.805s] Level 1:colcon.colcon_core.package_discovery:discover_packages(prefix_path) discover
[1.808s] DEBUG:colcon.colcon_installed_package_information.package_discovery:Found 7 installed packages in /home/evan/code/ndt-loc/install
[1.811s] DEBUG:colcon.colcon_installed_package_information.package_discovery:Found 270 installed packages in /opt/ros/humble
[1.812s] Level 1:colcon.colcon_core.package_discovery:discover_packages(prefix_path) using defaults
[1.880s] Level 5:colcon.colcon_core.verb:set package 'radar-odometry' build argument 'cmake_args' from command line to 'None'
[1.880s] Level 5:colcon.colcon_core.verb:set package 'radar-odometry' build argument 'cmake_target' from command line to 'None'
[1.880s] Level 5:colcon.colcon_core.verb:set package 'radar-odometry' build argument 'cmake_target_skip_unavailable' from command line to 'False'
[1.880s] Level 5:colcon.colcon_core.verb:set package 'radar-odometry' build argument 'cmake_clean_cache' from command line to 'False'
[1.880s] Level 5:colcon.colcon_core.verb:set package 'radar-odometry' build argument 'cmake_clean_first' from command line to 'False'
[1.880s] Level 5:colcon.colcon_core.verb:set package 'radar-odometry' build argument 'cmake_force_configure' from command line to 'False'
[1.880s] Level 5:colcon.colcon_core.verb:set package 'radar-odometry' build argument 'ament_cmake_args' from command line to 'None'
[1.880s] Level 5:colcon.colcon_core.verb:set package 'radar-odometry' build argument 'catkin_cmake_args' from command line to 'None'
[1.880s] Level 5:colcon.colcon_core.verb:set package 'radar-odometry' build argument 'catkin_skip_building_tests' from command line to 'False'
[1.880s] DEBUG:colcon.colcon_core.verb:Building package 'radar-odometry' with the following arguments: {'ament_cmake_args': None, 'build_base': '/home/evan/code/ndt-loc/build/radar-odometry', 'catkin_cmake_args': None, 'catkin_skip_building_tests': False, 'cmake_args': None, 'cmake_clean_cache': False, 'cmake_clean_first': False, 'cmake_force_configure': False, 'cmake_target': None, 'cmake_target_skip_unavailable': False, 'install_base': '/home/evan/code/ndt-loc/install/radar-odometry', 'merge_install': False, 'path': '/home/evan/code/ndt-loc/src/radar-odometry', 'symlink_install': False, 'test_result_base': None}
[1.881s] INFO:colcon.colcon_core.executor:Executing jobs using 'parallel' executor
[1.885s] DEBUG:colcon.colcon_parallel_executor.executor.parallel:run_until_complete
[1.885s] INFO:colcon.colcon_ros.task.ament_cmake.build:Building ROS package in '/home/evan/code/ndt-loc/src/radar-odometry' with build type 'ament_cmake'
[1.887s] INFO:colcon.colcon_cmake.task.cmake.build:Building CMake package in '/home/evan/code/ndt-loc/src/radar-odometry'
[1.892s] INFO:colcon.colcon_core.plugin_system:Skipping extension 'colcon_core.shell.bat': Not used on non-Windows systems
[1.893s] INFO:colcon.colcon_core.shell:Skip shell extension 'powershell' for command environment: Not usable outside of PowerShell
[1.893s] DEBUG:colcon.colcon_core.shell:Skip shell extension 'dsv' for command environment
[1.907s] DEBUG:colcon.colcon_core.event_handler.log_command:Invoking command in '/home/evan/code/ndt-loc/build/radar-odometry': CMAKE_PREFIX_PATH=${CMAKE_PREFIX_PATH}:/opt/ros/humble /usr/bin/cmake --build /home/evan/code/ndt-loc/build/radar-odometry -- -j4 -l4
[18.655s] DEBUG:colcon.colcon_core.event_handler.log_command:Invoked command in '/home/evan/code/ndt-loc/build/radar-odometry' returned '0': CMAKE_PREFIX_PATH=${CMAKE_PREFIX_PATH}:/opt/ros/humble /usr/bin/cmake --build /home/evan/code/ndt-loc/build/radar-odometry -- -j4 -l4
[18.695s] DEBUG:colcon.colcon_core.event_handler.log_command:Invoking command in '/home/evan/code/ndt-loc/build/radar-odometry': CMAKE_PREFIX_PATH=${CMAKE_PREFIX_PATH}:/opt/ros/humble /usr/bin/cmake --install /home/evan/code/ndt-loc/build/radar-odometry
[18.713s] Level 1:colcon.colcon_core.environment:create_environment_scripts_only(radar-odometry)
[18.714s] DEBUG:colcon.colcon_core.event_handler.log_command:Invoked command in '/home/evan/code/ndt-loc/build/radar-odometry' returned '0': CMAKE_PREFIX_PATH=${CMAKE_PREFIX_PATH}:/opt/ros/humble /usr/bin/cmake --install /home/evan/code/ndt-loc/build/radar-odometry
[18.720s] Level 1:colcon.colcon_core.environment:checking '/home/evan/code/ndt-loc/install/radar-odometry' for CMake module files
[18.720s] Level 1:colcon.colcon_core.environment:checking '/home/evan/code/ndt-loc/install/radar-odometry' for CMake config files
[18.721s] Level 1:colcon.colcon_core.shell:create_environment_hook('radar-odometry', 'cmake_prefix_path')
[18.722s] INFO:colcon.colcon_core.shell:Creating environment hook '/home/evan/code/ndt-loc/install/radar-odometry/share/radar-odometry/hook/cmake_prefix_path.ps1'
[18.723s] INFO:colcon.colcon_core.shell:Creating environment descriptor '/home/evan/code/ndt-loc/install/radar-odometry/share/radar-odometry/hook/cmake_prefix_path.dsv'
[18.723s] INFO:colcon.colcon_core.shell:Creating environment hook '/home/evan/code/ndt-loc/install/radar-odometry/share/radar-odometry/hook/cmake_prefix_path.sh'
[18.724s] Level 1:colcon.colcon_core.environment:checking '/home/evan/code/ndt-loc/install/radar-odometry/lib'
[18.724s] Level 1:colcon.colcon_core.environment:checking '/home/evan/code/ndt-loc/install/radar-odometry/bin'
[18.724s] Level 1:colcon.colcon_core.environment:checking '/home/evan/code/ndt-loc/install/radar-odometry/lib/pkgconfig/radar-odometry.pc'
[18.725s] Level 1:colcon.colcon_core.environment:checking '/home/evan/code/ndt-loc/install/radar-odometry/lib/python3.10/site-packages'
[18.725s] Level 1:colcon.colcon_core.environment:checking '/home/evan/code/ndt-loc/install/radar-odometry/bin'
[18.726s] INFO:colcon.colcon_core.shell:Creating package script '/home/evan/code/ndt-loc/install/radar-odometry/share/radar-odometry/package.ps1'
[18.727s] INFO:colcon.colcon_core.shell:Creating package descriptor '/home/evan/code/ndt-loc/install/radar-odometry/share/radar-odometry/package.dsv'
[18.727s] INFO:colcon.colcon_core.shell:Creating package script '/home/evan/code/ndt-loc/install/radar-odometry/share/radar-odometry/package.sh'
[18.728s] INFO:colcon.colcon_core.shell:Creating package script '/home/evan/code/ndt-loc/install/radar-odometry/share/radar-odometry/package.bash'
[18.729s] INFO:colcon.colcon_core.shell:Creating package script '/home/evan/code/ndt-loc/install/radar-odometry/share/radar-odometry/package.zsh'
[18.730s] Level 1:colcon.colcon_core.environment:create_file_with_runtime_dependencies(/home/evan/code/ndt-loc/install/radar-odometry/share/colcon-core/packages/radar-odometry)
[18.760s] Level 1:colcon.colcon_core.environment:create_environment_scripts_only(radar-odometry)
[18.762s] Level 1:colcon.colcon_core.environment:checking '/home/evan/code/ndt-loc/install/radar-odometry' for CMake module files
[18.763s] Level 1:colcon.colcon_core.environment:checking '/home/evan/code/ndt-loc/install/radar-odometry' for CMake config files
[18.763s] Level 1:colcon.colcon_core.shell:create_environment_hook('radar-odometry', 'cmake_prefix_path')
[18.764s] INFO:colcon.colcon_core.shell:Creating environment hook '/home/evan/code/ndt-loc/install/radar-odometry/share/radar-odometry/hook/cmake_prefix_path.ps1'
[18.765s] INFO:colcon.colcon_core.shell:Creating environment descriptor '/home/evan/code/ndt-loc/install/radar-odometry/share/radar-odometry/hook/cmake_prefix_path.dsv'
[18.766s] INFO:colcon.colcon_core.shell:Creating environment hook '/home/evan/code/ndt-loc/install/radar-odometry/share/radar-odometry/hook/cmake_prefix_path.sh'
[18.766s] Level 1:colcon.colcon_core.environment:checking '/home/evan/code/ndt-loc/install/radar-odometry/lib'
[18.766s] Level 1:colcon.colcon_core.environment:checking '/home/evan/code/ndt-loc/install/radar-odometry/bin'
[18.766s] Level 1:colcon.colcon_core.environment:checking '/home/evan/code/ndt-loc/install/radar-odometry/lib/pkgconfig/radar-odometry.pc'
[18.767s] Level 1:colcon.colcon_core.environment:checking '/home/evan/code/ndt-loc/install/radar-odometry/lib/python3.10/site-packages'
[18.767s] Level 1:colcon.colcon_core.environment:checking '/home/evan/code/ndt-loc/install/radar-odometry/bin'
[18.768s] INFO:colcon.colcon_core.shell:Creating package script '/home/evan/code/ndt-loc/install/radar-odometry/share/radar-odometry/package.ps1'
[18.769s] INFO:colcon.colcon_core.shell:Creating package descriptor '/home/evan/code/ndt-loc/install/radar-odometry/share/radar-odometry/package.dsv'
[18.769s] INFO:colcon.colcon_core.shell:Creating package script '/home/evan/code/ndt-loc/install/radar-odometry/share/radar-odometry/package.sh'
[18.770s] INFO:colcon.colcon_core.shell:Creating package script '/home/evan/code/ndt-loc/install/radar-odometry/share/radar-odometry/package.bash'
[18.770s] INFO:colcon.colcon_core.shell:Creating package script '/home/evan/code/ndt-loc/install/radar-odometry/share/radar-odometry/package.zsh'
[18.770s] Level 1:colcon.colcon_core.environment:create_file_with_runtime_dependencies(/home/evan/code/ndt-loc/install/radar-odometry/share/colcon-core/packages/radar-odometry)
[18.771s] DEBUG:colcon.colcon_parallel_executor.executor.parallel:closing loop
[18.771s] DEBUG:colcon.colcon_parallel_executor.executor.parallel:loop closed
[18.771s] DEBUG:colcon.colcon_parallel_executor.executor.parallel:run_until_complete finished with '0'
[18.771s] DEBUG:colcon.colcon_core.event_reactor:joining thread
[18.777s] INFO:colcon.colcon_core.plugin_system:Skipping extension 'colcon_notification.desktop_notification.terminal_notifier': Not used on non-Darwin systems
[18.777s] INFO:colcon.colcon_core.plugin_system:Skipping extension 'colcon_notification.desktop_notification.win32': Not used on non-Windows systems
[18.778s] INFO:colcon.colcon_notification.desktop_notification:Sending desktop notification using 'notify2'
[18.791s] DEBUG:colcon.colcon_core.event_reactor:joined thread
[18.793s] INFO:colcon.colcon_core.shell:Creating prefix script '/home/evan/code/ndt-loc/install/local_setup.ps1'
[18.794s] INFO:colcon.colcon_core.shell:Creating prefix util module '/home/evan/code/ndt-loc/install/_local_setup_util_ps1.py'
[18.795s] INFO:colcon.colcon_core.shell:Creating prefix chain script '/home/evan/code/ndt-loc/install/setup.ps1'
[18.797s] INFO:colcon.colcon_core.shell:Creating prefix script '/home/evan/code/ndt-loc/install/local_setup.sh'
[18.798s] INFO:colcon.colcon_core.shell:Creating prefix util module '/home/evan/code/ndt-loc/install/_local_setup_util_sh.py'
[18.799s] INFO:colcon.colcon_core.shell:Creating prefix chain script '/home/evan/code/ndt-loc/install/setup.sh'
[18.801s] INFO:colcon.colcon_core.shell:Creating prefix script '/home/evan/code/ndt-loc/install/local_setup.bash'
[18.802s] INFO:colcon.colcon_core.shell:Creating prefix chain script '/home/evan/code/ndt-loc/install/setup.bash'
[18.804s] INFO:colcon.colcon_core.shell:Creating prefix script '/home/evan/code/ndt-loc/install/local_setup.zsh'
[18.805s] INFO:colcon.colcon_core.shell:Creating prefix chain script '/home/evan/code/ndt-loc/install/setup.zsh'
