[0.022s] Invoking command in '/home/evan/code/ndt-loc/build/map': CMAKE_PREFIX_PATH=${CMAKE_PREFIX_PATH}:/opt/ros/humble /usr/bin/cmake --build /home/evan/code/ndt-loc/build/map -- -j4 -l4
[0.104s] [35m[1mConsolidate compiler generated dependencies of target lidar_data_node[0m
[0.122s] [ 25%] [32mBuilding CXX object CMakeFiles/front_end_node.dir/src/FrontEnd.cpp.o[0m
[0.194s] [ 50%] [32mBuilding CXX object CMakeFiles/lidar_data_node.dir/src/LidarData.cpp.o[0m
[16.229s] [ 75%] [32m[1mLinking CXX executable lidar_data_node[0m
[17.338s] [ 75%] Built target lidar_data_node
[27.461s] [100%] [32m[1mLinking CXX executable front_end_node[0m
[29.951s] [100%] Built target front_end_node
[29.963s] Invoked command in '/home/evan/code/ndt-loc/build/map' returned '0': CMAKE_PREFIX_PATH=${CMAKE_PREFIX_PATH}:/opt/ros/humble /usr/bin/cmake --build /home/evan/code/ndt-loc/build/map -- -j4 -l4
[29.997s] Invoking command in '/home/evan/code/ndt-loc/build/map': CMAKE_PREFIX_PATH=${CMAKE_PREFIX_PATH}:/opt/ros/humble /usr/bin/cmake --install /home/evan/code/ndt-loc/build/map
[30.005s] -- Install configuration: ""
[30.005s] -- Installing: /home/evan/code/ndt-loc/install/map/lib/map/lidar_data_node
[30.013s] -- Set runtime path of "/home/evan/code/ndt-loc/install/map/lib/map/lidar_data_node" to ""
[30.013s] -- Installing: /home/evan/code/ndt-loc/install/map/lib/map/front_end_node
[30.028s] -- Set runtime path of "/home/evan/code/ndt-loc/install/map/lib/map/front_end_node" to ""
[30.028s] -- Up-to-date: /home/evan/code/ndt-loc/install/map/share/ament_index/resource_index/package_run_dependencies/map
[30.028s] -- Up-to-date: /home/evan/code/ndt-loc/install/map/share/ament_index/resource_index/parent_prefix_path/map
[30.028s] -- Up-to-date: /home/evan/code/ndt-loc/install/map/share/map/environment/ament_prefix_path.sh
[30.028s] -- Up-to-date: /home/evan/code/ndt-loc/install/map/share/map/environment/ament_prefix_path.dsv
[30.028s] -- Up-to-date: /home/evan/code/ndt-loc/install/map/share/map/environment/path.sh
[30.029s] -- Up-to-date: /home/evan/code/ndt-loc/install/map/share/map/environment/path.dsv
[30.029s] -- Up-to-date: /home/evan/code/ndt-loc/install/map/share/map/local_setup.bash
[30.029s] -- Up-to-date: /home/evan/code/ndt-loc/install/map/share/map/local_setup.sh
[30.029s] -- Up-to-date: /home/evan/code/ndt-loc/install/map/share/map/local_setup.zsh
[30.029s] -- Up-to-date: /home/evan/code/ndt-loc/install/map/share/map/local_setup.dsv
[30.029s] -- Installing: /home/evan/code/ndt-loc/install/map/share/map/package.dsv
[30.029s] -- Up-to-date: /home/evan/code/ndt-loc/install/map/share/ament_index/resource_index/packages/map
[30.029s] -- Up-to-date: /home/evan/code/ndt-loc/install/map/share/map/cmake/ament_cmake_export_include_directories-extras.cmake
[30.029s] -- Up-to-date: /home/evan/code/ndt-loc/install/map/share/map/cmake/mapConfig.cmake
[30.029s] -- Up-to-date: /home/evan/code/ndt-loc/install/map/share/map/cmake/mapConfig-version.cmake
[30.029s] -- Up-to-date: /home/evan/code/ndt-loc/install/map/share/map/package.xml
[30.034s] Invoked command in '/home/evan/code/ndt-loc/build/map' returned '0': CMAKE_PREFIX_PATH=${CMAKE_PREFIX_PATH}:/opt/ros/humble /usr/bin/cmake --install /home/evan/code/ndt-loc/build/map
