[0.019s] Invoking command in '/home/evan/code/ndt-loc/build/map': CMAKE_PREFIX_PATH=${CMAKE_PREFIX_PATH}:/opt/ros/humble /usr/bin/cmake --build /home/evan/code/ndt-loc/build/map -- -j4 -l4
[0.048s] -- Found ament_cmake: 1.3.3 (/opt/ros/humble/share/ament_cmake/cmake)
[0.234s] -- Found rclcpp: 16.0.3 (/opt/ros/humble/share/rclcpp/cmake)
[0.272s] -- Found rosidl_generator_c: 3.1.4 (/opt/ros/humble/share/rosidl_generator_c/cmake)
[0.275s] -- Found rosidl_adapter: 3.1.4 (/opt/ros/humble/share/rosidl_adapter/cmake)
[0.283s] -- Found rosidl_generator_cpp: 3.1.4 (/opt/ros/humble/share/rosidl_generator_cpp/cmake)
[0.297s] -- Using all available rosidl_typesupport_c: rosidl_typesupport_fastrtps_c;rosidl_typesupport_introspection_c
[0.318s] -- Using all available rosidl_typesupport_cpp: rosidl_typesupport_fastrtps_cpp;rosidl_typesupport_introspection_cpp
[0.395s] -- Found rmw_implementation_cmake: 6.1.1 (/opt/ros/humble/share/rmw_implementation_cmake/cmake)
[0.397s] -- Found rmw_fastrtps_cpp: 6.2.2 (/opt/ros/humble/share/rmw_fastrtps_cpp/cmake)
[0.544s] -- Using RMW implementation 'rmw_fastrtps_cpp' as default
[0.737s] -- Found sensor_msgs: 4.2.3 (/opt/ros/humble/share/sensor_msgs/cmake)
[0.905s] -- Eigen found (include: /usr/include/eigen3, version: 3.4.0)
[0.941s] -- FLANN found (include: /usr/include, lib: /usr/lib/x86_64-linux-gnu/libflann_cpp.so)
[1.262s] -- OpenNI found (version: 1.5.4.0, include: /usr/include/ni, lib: /usr/lib/libOpenNI.so;libusb::libusb)
[1.269s] -- OpenNI2 found (version: 2.2.0.33, include: /usr/include/openni2, lib: /usr/lib/x86_64-linux-gnu/libOpenNI2.so;libusb::libusb)
[1.270s] [0m** WARNING ** io features related to pcap will be disabled[0m
[1.467s] -- Eigen found (include: /usr/include/eigen3, version: 3.4.0)
[1.476s] -- OpenNI found (version: 1.5.4.0, include: /usr/include/ni, lib: /usr/lib/libOpenNI.so;libusb::libusb)
[1.484s] -- OpenNI2 found (version: 2.2.0.33, include: /usr/include/openni2, lib: /usr/lib/x86_64-linux-gnu/libOpenNI2.so;libusb::libusb)
[1.676s] -- Found Qhull version 8.0.2
[1.861s] -- OpenNI found (version: 1.5.4.0, include: /usr/include/ni, lib: /usr/lib/libOpenNI.so;libusb::libusb)
[2.039s] -- looking for PCL_COMMON
[2.039s] -- looking for PCL_KDTREE
[2.040s] -- looking for PCL_OCTREE
[2.041s] -- looking for PCL_SEARCH
[2.041s] -- looking for PCL_SAMPLE_CONSENSUS
[2.042s] -- looking for PCL_FILTERS
[2.042s] -- looking for PCL_2D
[2.043s] -- looking for PCL_GEOMETRY
[2.043s] -- looking for PCL_IO
[2.043s] -- looking for PCL_FEATURES
[2.044s] -- looking for PCL_ML
[2.044s] -- looking for PCL_SEGMENTATION
[2.045s] -- looking for PCL_VISUALIZATION
[2.045s] -- looking for PCL_SURFACE
[2.046s] -- looking for PCL_REGISTRATION
[2.046s] -- looking for PCL_KEYPOINTS
[2.047s] -- looking for PCL_TRACKING
[2.047s] -- looking for PCL_RECOGNITION
[2.048s] -- looking for PCL_STEREO
[2.048s] -- looking for PCL_APPS
[2.049s] -- looking for PCL_IN_HAND_SCANNER
[2.049s] -- looking for PCL_MODELER
[2.050s] -- looking for PCL_POINT_CLOUD_EDITOR
[2.050s] -- looking for PCL_OUTOFCORE
[2.051s] -- looking for PCL_PEOPLE
[2.053s] -- Found pcl_conversions: 2.4.0 (/opt/ros/humble/share/pcl_conversions/cmake)
[2.857s] -- Configuring done
[3.053s] -- Generating done
[3.056s] -- Build files have been written to: /home/evan/code/ndt-loc/build/map
[3.097s] [35m[1mConsolidate compiler generated dependencies of target image_projection_node[0m
[3.098s] [35m[1mConsolidate compiler generated dependencies of target lidar_data_node[0m
[3.108s] [  8%] [32mBuilding CXX object CMakeFiles/mapping_image.dir/src/ImageProjection.cpp.o[0m
[3.125s] [35m[1mConsolidate compiler generated dependencies of target front_end_node[0m
[3.156s] [ 25%] Built target image_projection_node
[3.167s] [ 41%] Built target lidar_data_node
[3.177s] [ 58%] Built target front_end_node
[3.178s] [35m[1mConsolidate compiler generated dependencies of target show_map_node[0m
[3.244s] [ 75%] Built target show_map_node
[3.634s] In file included from [01m[K/home/evan/code/ndt-loc/src/map/include/map/ImageProjection.h:4[m[K,
[3.634s]                  from [01m[K/home/evan/code/ndt-loc/src/map/src/ImageProjection.cpp:2[m[K:
[3.635s] [01m[K/home/evan/code/ndt-loc/src/map/include/map/utilty.h:9:10:[m[K [01;31m[Kfatal error: [m[Kpcl/point_cloud.h: No such file or directory
[3.635s]     9 | #include [01;31m[K<pcl/point_cloud.h>[m[K
[3.635s]       |          [01;31m[K^~~~~~~~~~~~~~~~~~~[m[K
[3.635s] compilation terminated.
[3.640s] gmake[2]: *** [CMakeFiles/mapping_image.dir/build.make:76: CMakeFiles/mapping_image.dir/src/ImageProjection.cpp.o] Error 1
[3.640s] gmake[1]: *** [CMakeFiles/Makefile2:147: CMakeFiles/mapping_image.dir/all] Error 2
[3.640s] gmake: *** [Makefile:146: all] Error 2
[3.643s] Invoked command in '/home/evan/code/ndt-loc/build/map' returned '2': CMAKE_PREFIX_PATH=${CMAKE_PREFIX_PATH}:/opt/ros/humble /usr/bin/cmake --build /home/evan/code/ndt-loc/build/map -- -j4 -l4
