[0.453s] Invoking command in '/home/evan/code/ndt-loc/build/map': CMAKE_PREFIX_PATH=${CMAKE_PREFIX_PATH}:/opt/ros/humble /usr/bin/cmake --build /home/evan/code/ndt-loc/build/map -- -j4 -l4
[0.507s] [35m[1mConsolidate compiler generated dependencies of target mapping_image[0m
[0.541s] [ 16%] Built target front_end_node
[0.543s] [ 33%] Built target lidar_data_node
[0.553s] [ 50%] Built target image_projection_node
[0.582s] [ 66%] Built target show_map_node
[0.645s] [ 83%] Built target mapping_image
[0.665s] [35m[1mConsolidate compiler generated dependencies of target mapping_node[0m
[0.808s] [ 91%] [32mBuilding CXX object CMakeFiles/mapping_node.dir/src/GroundTruth.cpp.o[0m
[0.819s] [01m[K/home/evan/code/ndt-loc/src/map/src/GroundTruth.cpp:1:9:[m[K [01;35m[Kwarning: [m[K#pragma once in main file
[0.819s]     1 | #pragma [01;35m[Konce[m[K
[0.819s]       |         [01;35m[K^~~~[m[K
[14.800s] [100%] [32m[1mLinking CXX executable mapping_node[0m
[14.883s] /usr/bin/ld: libmapping_image.a(ImageProjection.cpp.o):(.bss+0x0): multiple definition of `ndtloc::_left_lidar_path[abi:cxx11]'; CMakeFiles/mapping_node.dir/src/GroundTruth.cpp.o:(.bss+0x0): first defined here
[14.884s] /usr/bin/ld: libmapping_image.a(ImageProjection.cpp.o):(.bss+0x20): multiple definition of `ndtloc::_right_lidar_path[abi:cxx11]'; CMakeFiles/mapping_node.dir/src/GroundTruth.cpp.o:(.bss+0x20): first defined here
[14.886s] /usr/bin/ld: libmapping_image.a(ImageProjection.cpp.o):(.bss+0x40): multiple definition of `ndtloc::_left_lidar_time[abi:cxx11]'; CMakeFiles/mapping_node.dir/src/GroundTruth.cpp.o:(.bss+0x40): first defined here
[14.887s] /usr/bin/ld: libmapping_image.a(ImageProjection.cpp.o):(.bss+0x60): multiple definition of `ndtloc::_right_lidar_time[abi:cxx11]'; CMakeFiles/mapping_node.dir/src/GroundTruth.cpp.o:(.bss+0x60): first defined here
[14.888s] /usr/bin/ld: libmapping_image.a(ImageProjection.cpp.o):(.rodata+0xb4c): multiple definition of `ndtloc::_x_offset'; CMakeFiles/mapping_node.dir/src/GroundTruth.cpp.o:(.rodata+0x62c): first defined here
[14.890s] /usr/bin/ld: libmapping_image.a(ImageProjection.cpp.o):(.rodata+0xb50): multiple definition of `ndtloc::_y_offset'; CMakeFiles/mapping_node.dir/src/GroundTruth.cpp.o:(.rodata+0x630): first defined here
[14.891s] /usr/bin/ld: libmapping_image.a(ImageProjection.cpp.o):(.rodata+0xb54): multiple definition of `ndtloc::_z_offset'; CMakeFiles/mapping_node.dir/src/GroundTruth.cpp.o:(.rodata+0x634): first defined here
[14.893s] /usr/bin/ld: libmapping_image.a(ImageProjection.cpp.o):(.bss+0x80): multiple definition of `ndtloc::key_frame_path[abi:cxx11]'; CMakeFiles/mapping_node.dir/src/GroundTruth.cpp.o:(.bss+0x80): first defined here
[14.894s] /usr/bin/ld: libmapping_image.a(ImageProjection.cpp.o):(.bss+0xa0): multiple definition of `ndtloc::map_file_path[abi:cxx11]'; CMakeFiles/mapping_node.dir/src/GroundTruth.cpp.o:(.bss+0xa0): first defined here
[14.895s] /usr/bin/ld: libmapping_image.a(ImageProjection.cpp.o):(.rodata+0xb58): multiple definition of `ndtloc::max_local_map_frames'; CMakeFiles/mapping_node.dir/src/GroundTruth.cpp.o:(.rodata+0x638): first defined here
[14.896s] /usr/bin/ld: libmapping_image.a(ImageProjection.cpp.o):(.rodata+0xb5c): multiple definition of `ndtloc::local_map_filter_frames_num'; CMakeFiles/mapping_node.dir/src/GroundTruth.cpp.o:(.rodata+0x63c): first defined here
[14.898s] /usr/bin/ld: libmapping_image.a(ImageProjection.cpp.o):(.rodata+0xb60): multiple definition of `ndtloc::key_frame_distance'; CMakeFiles/mapping_node.dir/src/GroundTruth.cpp.o:(.rodata+0x640): first defined here
[14.899s] /usr/bin/ld: libmapping_image.a(ImageProjection.cpp.o):(.rodata+0xb64): multiple definition of `ndtloc::_vertical_scans'; CMakeFiles/mapping_node.dir/src/GroundTruth.cpp.o:(.rodata+0x644): first defined here
[14.900s] /usr/bin/ld: libmapping_image.a(ImageProjection.cpp.o):(.rodata+0xb68): multiple definition of `ndtloc::_horizontal_scans'; CMakeFiles/mapping_node.dir/src/GroundTruth.cpp.o:(.rodata+0x648): first defined here
[14.902s] /usr/bin/ld: libmapping_image.a(ImageProjection.cpp.o):(.rodata+0xb6c): multiple definition of `ndtloc::_vertical_ang_start'; CMakeFiles/mapping_node.dir/src/GroundTruth.cpp.o:(.rodata+0x64c): first defined here
[14.903s] /usr/bin/ld: libmapping_image.a(ImageProjection.cpp.o):(.rodata+0xb70): multiple definition of `ndtloc::_vertical_ang_end'; CMakeFiles/mapping_node.dir/src/GroundTruth.cpp.o:(.rodata+0x650): first defined here
[14.904s] /usr/bin/ld: libmapping_image.a(ImageProjection.cpp.o):(.rodata+0xb74): multiple definition of `ndtloc::_segment_valid_num'; CMakeFiles/mapping_node.dir/src/GroundTruth.cpp.o:(.rodata+0x654): first defined here
[14.905s] /usr/bin/ld: libmapping_image.a(ImageProjection.cpp.o):(.rodata+0xb78): multiple definition of `ndtloc::_segment_valid_point_num'; CMakeFiles/mapping_node.dir/src/GroundTruth.cpp.o:(.rodata+0x658): first defined here
[14.908s] /usr/bin/ld: libmapping_image.a(ImageProjection.cpp.o):(.rodata+0xb7c): multiple definition of `ndtloc::_segment_valid_line_num'; CMakeFiles/mapping_node.dir/src/GroundTruth.cpp.o:(.rodata+0x65c): first defined here
[14.908s] /usr/bin/ld: libmapping_image.a(ImageProjection.cpp.o):(.rodata+0xb80): multiple definition of `ndtloc::_ground_scan_index'; CMakeFiles/mapping_node.dir/src/GroundTruth.cpp.o:(.rodata+0x660): first defined here
[14.909s] /usr/bin/ld: libmapping_image.a(ImageProjection.cpp.o):(.rodata+0xb84): multiple definition of `ndtloc::_segment_theta'; CMakeFiles/mapping_node.dir/src/GroundTruth.cpp.o:(.rodata+0x664): first defined here
[14.910s] /usr/bin/ld: libmapping_image.a(ImageProjection.cpp.o):(.bss+0xc0): multiple definition of `ndtloc::radar_timestamping[abi:cxx11]'; CMakeFiles/mapping_node.dir/src/GroundTruth.cpp.o:(.bss+0xc0): first defined here
[14.912s] /usr/bin/ld: libmapping_image.a(ImageProjection.cpp.o): in function `main':
[14.912s] ImageProjection.cpp:(.text+0x2843): multiple definition of `main'; CMakeFiles/mapping_node.dir/src/GroundTruth.cpp.o:GroundTruth.cpp:(.text+0x133a): first defined here
[16.079s] collect2: error: ld returned 1 exit status
[16.081s] gmake[2]: *** [CMakeFiles/mapping_node.dir/build.make:297: mapping_node] Error 1
[16.081s] gmake[1]: *** [CMakeFiles/Makefile2:277: CMakeFiles/mapping_node.dir/all] Error 2
[16.082s] gmake: *** [Makefile:146: all] Error 2
[16.086s] Invoked command in '/home/evan/code/ndt-loc/build/map' returned '2': CMAKE_PREFIX_PATH=${CMAKE_PREFIX_PATH}:/opt/ros/humble /usr/bin/cmake --build /home/evan/code/ndt-loc/build/map -- -j4 -l4
