[35m[1mConsolidate compiler generated dependencies of target lidar_data_node[0m
[ 50%] [32mBuilding CXX object CMakeFiles/lidar_data_node.dir/src/LidarData.cpp.o[0m
[100%] [32m[1mLinking CXX executable lidar_data_node[0m
[100%] Built target lidar_data_node
-- Install configuration: ""
-- Installing: /home/evan/code/ndt-loc/install/data-publisher/share/ament_index/resource_index/package_run_dependencies/data-publisher
-- Installing: /home/evan/code/ndt-loc/install/data-publisher/share/ament_index/resource_index/parent_prefix_path/data-publisher
-- Installing: /home/evan/code/ndt-loc/install/data-publisher/share/data-publisher/environment/ament_prefix_path.sh
-- Installing: /home/evan/code/ndt-loc/install/data-publisher/share/data-publisher/environment/ament_prefix_path.dsv
-- Installing: /home/evan/code/ndt-loc/install/data-publisher/share/data-publisher/environment/path.sh
-- Installing: /home/evan/code/ndt-loc/install/data-publisher/share/data-publisher/environment/path.dsv
-- Installing: /home/evan/code/ndt-loc/install/data-publisher/share/data-publisher/local_setup.bash
-- Installing: /home/evan/code/ndt-loc/install/data-publisher/share/data-publisher/local_setup.sh
-- Installing: /home/evan/code/ndt-loc/install/data-publisher/share/data-publisher/local_setup.zsh
-- Installing: /home/evan/code/ndt-loc/install/data-publisher/share/data-publisher/local_setup.dsv
-- Installing: /home/evan/code/ndt-loc/install/data-publisher/share/data-publisher/package.dsv
-- Installing: /home/evan/code/ndt-loc/install/data-publisher/share/ament_index/resource_index/packages/data-publisher
-- Installing: /home/evan/code/ndt-loc/install/data-publisher/share/data-publisher/cmake/ament_cmake_export_include_directories-extras.cmake
-- Installing: /home/evan/code/ndt-loc/install/data-publisher/share/data-publisher/cmake/data-publisherConfig.cmake
-- Installing: /home/evan/code/ndt-loc/install/data-publisher/share/data-publisher/cmake/data-publisherConfig-version.cmake
-- Installing: /home/evan/code/ndt-loc/install/data-publisher/share/data-publisher/package.xml
