[0.020s] Invoking command in '/home/evan/code/ndt-loc/build/map': CMAKE_PREFIX_PATH=${CMAKE_PREFIX_PATH}:/opt/ros/humble /usr/bin/cmake --build /home/evan/code/ndt-loc/build/map -- -j4 -l4
[0.048s] -- Found ament_cmake: 1.3.3 (/opt/ros/humble/share/ament_cmake/cmake)
[0.207s] -- Found rclcpp: 16.0.3 (/opt/ros/humble/share/rclcpp/cmake)
[0.241s] -- Found rosidl_generator_c: 3.1.4 (/opt/ros/humble/share/rosidl_generator_c/cmake)
[0.244s] -- Found rosidl_adapter: 3.1.4 (/opt/ros/humble/share/rosidl_adapter/cmake)
[0.250s] -- Found rosidl_generator_cpp: 3.1.4 (/opt/ros/humble/share/rosidl_generator_cpp/cmake)
[0.263s] -- Using all available rosidl_typesupport_c: rosidl_typesupport_fastrtps_c;rosidl_typesupport_introspection_c
[0.281s] -- Using all available rosidl_typesupport_cpp: rosidl_typesupport_fastrtps_cpp;rosidl_typesupport_introspection_cpp
[0.349s] -- Found rmw_implementation_cmake: 6.1.1 (/opt/ros/humble/share/rmw_implementation_cmake/cmake)
[0.351s] -- Found rmw_fastrtps_cpp: 6.2.2 (/opt/ros/humble/share/rmw_fastrtps_cpp/cmake)
[0.496s] -- Using RMW implementation 'rmw_fastrtps_cpp' as default
[0.697s] -- Found sensor_msgs: 4.2.3 (/opt/ros/humble/share/sensor_msgs/cmake)
[0.867s] -- Eigen found (include: /usr/include/eigen3, version: 3.4.0)
[0.899s] -- FLANN found (include: /usr/include, lib: /usr/lib/x86_64-linux-gnu/libflann_cpp.so)
[1.223s] -- OpenNI found (version: 1.5.4.0, include: /usr/include/ni, lib: /usr/lib/libOpenNI.so;libusb::libusb)
[1.230s] -- OpenNI2 found (version: 2.2.0.33, include: /usr/include/openni2, lib: /usr/lib/x86_64-linux-gnu/libOpenNI2.so;libusb::libusb)
[1.230s] [0m** WARNING ** io features related to pcap will be disabled[0m
[1.394s] -- Eigen found (include: /usr/include/eigen3, version: 3.4.0)
[1.401s] -- OpenNI found (version: 1.5.4.0, include: /usr/include/ni, lib: /usr/lib/libOpenNI.so;libusb::libusb)
[1.410s] -- OpenNI2 found (version: 2.2.0.33, include: /usr/include/openni2, lib: /usr/lib/x86_64-linux-gnu/libOpenNI2.so;libusb::libusb)
[1.582s] -- Found Qhull version 8.0.2
[1.751s] -- OpenNI found (version: 1.5.4.0, include: /usr/include/ni, lib: /usr/lib/libOpenNI.so;libusb::libusb)
[1.917s] -- looking for PCL_COMMON
[1.917s] -- looking for PCL_KDTREE
[1.918s] -- looking for PCL_OCTREE
[1.918s] -- looking for PCL_SEARCH
[1.919s] -- looking for PCL_SAMPLE_CONSENSUS
[1.919s] -- looking for PCL_FILTERS
[1.920s] -- looking for PCL_2D
[1.920s] -- looking for PCL_GEOMETRY
[1.921s] -- looking for PCL_IO
[1.921s] -- looking for PCL_FEATURES
[1.921s] -- looking for PCL_ML
[1.922s] -- looking for PCL_SEGMENTATION
[1.923s] -- looking for PCL_VISUALIZATION
[1.923s] -- looking for PCL_SURFACE
[1.924s] -- looking for PCL_REGISTRATION
[1.925s] -- looking for PCL_KEYPOINTS
[1.925s] -- looking for PCL_TRACKING
[1.926s] -- looking for PCL_RECOGNITION
[1.926s] -- looking for PCL_STEREO
[1.927s] -- looking for PCL_APPS
[1.928s] -- looking for PCL_IN_HAND_SCANNER
[1.928s] -- looking for PCL_MODELER
[1.929s] -- looking for PCL_POINT_CLOUD_EDITOR
[1.929s] -- looking for PCL_OUTOFCORE
[1.930s] -- looking for PCL_PEOPLE
[1.932s] -- Found pcl_conversions: 2.4.0 (/opt/ros/humble/share/pcl_conversions/cmake)
[2.096s] [31mCMake Error at /opt/ros/humble/share/ament_cmake_target_dependencies/cmake/ament_target_dependencies.cmake:77 (message):
[2.096s]   ament_target_dependencies() the passed package name 'pcl_common' was not
[2.096s]   found before
[2.097s] Call Stack (most recent call first):
[2.097s]   CMakeLists.txt:33 (ament_target_dependencies)
[2.097s] 
[2.097s] [0m
[2.097s] -- Configuring incomplete, errors occurred!
[2.097s] See also "/home/evan/code/ndt-loc/build/map/CMakeFiles/CMakeOutput.log".
[2.113s] gmake: *** [Makefile:448: cmake_check_build_system] Error 1
[2.116s] Invoked command in '/home/evan/code/ndt-loc/build/map' returned '2': CMAKE_PREFIX_PATH=${CMAKE_PREFIX_PATH}:/opt/ros/humble /usr/bin/cmake --build /home/evan/code/ndt-loc/build/map -- -j4 -l4
