[0.083s] Invoking command in '/home/evan/code/ndt-loc/build/map': CMAKE_PREFIX_PATH=${CMAKE_PREFIX_PATH}:/opt/ros/humble /usr/bin/cmake --build /home/evan/code/ndt-loc/build/map -- -j4 -l4
[0.912s] -- Found ament_cmake: 1.3.3 (/opt/ros/humble/share/ament_cmake/cmake)
[2.290s] -- Found rclcpp: 16.0.3 (/opt/ros/humble/share/rclcpp/cmake)
[3.690s] -- Found rosidl_generator_c: 3.1.4 (/opt/ros/humble/share/rosidl_generator_c/cmake)
[3.751s] -- Found rosidl_adapter: 3.1.4 (/opt/ros/humble/share/rosidl_adapter/cmake)
[3.910s] -- Found rosidl_generator_cpp: 3.1.4 (/opt/ros/humble/share/rosidl_generator_cpp/cmake)
[4.101s] -- Using all available rosidl_typesupport_c: rosidl_typesupport_fastrtps_c;rosidl_typesupport_introspection_c
[4.294s] -- Using all available rosidl_typesupport_cpp: rosidl_typesupport_fastrtps_cpp;rosidl_typesupport_introspection_cpp
[4.686s] -- Found rmw_implementation_cmake: 6.1.1 (/opt/ros/humble/share/rmw_implementation_cmake/cmake)
[4.728s] -- Found rmw_fastrtps_cpp: 6.2.2 (/opt/ros/humble/share/rmw_fastrtps_cpp/cmake)
[5.393s] -- Using RMW implementation 'rmw_fastrtps_cpp' as default
[6.120s] -- Found sensor_msgs: 4.2.3 (/opt/ros/humble/share/sensor_msgs/cmake)
[6.344s] -- Eigen found (include: /usr/include/eigen3, version: 3.4.0)
[6.577s] -- FLANN found (include: /usr/include, lib: /usr/lib/x86_64-linux-gnu/libflann_cpp.so)
[9.753s] -- OpenNI found (version: 1.5.4.0, include: /usr/include/ni, lib: /usr/lib/libOpenNI.so;libusb::libusb)
[9.765s] -- OpenNI2 found (version: 2.2.0.33, include: /usr/include/openni2, lib: /usr/lib/x86_64-linux-gnu/libOpenNI2.so;libusb::libusb)
[9.765s] [0m** WARNING ** io features related to pcap will be disabled[0m
[9.958s] -- Eigen found (include: /usr/include/eigen3, version: 3.4.0)
[9.967s] -- OpenNI found (version: 1.5.4.0, include: /usr/include/ni, lib: /usr/lib/libOpenNI.so;libusb::libusb)
[9.974s] -- OpenNI2 found (version: 2.2.0.33, include: /usr/include/openni2, lib: /usr/lib/x86_64-linux-gnu/libOpenNI2.so;libusb::libusb)
[10.195s] -- Found Qhull version 8.0.2
[10.385s] -- OpenNI found (version: 1.5.4.0, include: /usr/include/ni, lib: /usr/lib/libOpenNI.so;libusb::libusb)
[10.570s] -- looking for PCL_COMMON
[10.571s] -- looking for PCL_KDTREE
[10.572s] -- looking for PCL_OCTREE
[10.573s] -- looking for PCL_SEARCH
[10.573s] -- looking for PCL_SAMPLE_CONSENSUS
[10.574s] -- looking for PCL_FILTERS
[10.575s] -- looking for PCL_2D
[10.575s] -- looking for PCL_GEOMETRY
[10.576s] -- looking for PCL_IO
[10.577s] -- looking for PCL_FEATURES
[10.578s] -- looking for PCL_ML
[10.578s] -- looking for PCL_SEGMENTATION
[10.579s] -- looking for PCL_VISUALIZATION
[10.580s] -- looking for PCL_SURFACE
[10.580s] -- looking for PCL_REGISTRATION
[10.581s] -- looking for PCL_KEYPOINTS
[10.582s] -- looking for PCL_TRACKING
[10.582s] -- looking for PCL_RECOGNITION
[10.583s] -- looking for PCL_STEREO
[10.584s] -- looking for PCL_APPS
[10.584s] -- looking for PCL_IN_HAND_SCANNER
[10.585s] -- looking for PCL_MODELER
[10.586s] -- looking for PCL_POINT_CLOUD_EDITOR
[10.586s] -- looking for PCL_OUTOFCORE
[10.586s] -- looking for PCL_PEOPLE
[10.614s] -- Found pcl_conversions: 2.4.0 (/opt/ros/humble/share/pcl_conversions/cmake)
[11.417s] -- Configuring done
[16.244s] -- Generating done
[16.272s] -- Build files have been written to: /home/evan/code/ndt-loc/build/map
[16.322s] [ 16%] [32mBuilding CXX object CMakeFiles/show_map_node.dir/src/ShowMap.cpp.o[0m
[16.343s] [35m[1mConsolidate compiler generated dependencies of target front_end_node[0m
[16.369s] [35m[1mConsolidate compiler generated dependencies of target lidar_data_node[0m
[16.397s] [ 33%] [32mBuilding CXX object CMakeFiles/front_end_node.dir/src/FrontEnd.cpp.o[0m
[16.417s] [ 50%] [32mBuilding CXX object CMakeFiles/lidar_data_node.dir/src/LidarData.cpp.o[0m
[41.369s] [ 66%] [32m[1mLinking CXX executable show_map_node[0m
[42.434s] [ 83%] [32m[1mLinking CXX executable lidar_data_node[0m
[44.874s] [ 83%] Built target lidar_data_node
[45.371s] [ 83%] Built target show_map_node
[51.625s] [100%] [32m[1mLinking CXX executable front_end_node[0m
[53.754s] [100%] Built target front_end_node
[53.766s] Invoked command in '/home/evan/code/ndt-loc/build/map' returned '0': CMAKE_PREFIX_PATH=${CMAKE_PREFIX_PATH}:/opt/ros/humble /usr/bin/cmake --build /home/evan/code/ndt-loc/build/map -- -j4 -l4
[53.802s] Invoking command in '/home/evan/code/ndt-loc/build/map': CMAKE_PREFIX_PATH=${CMAKE_PREFIX_PATH}:/opt/ros/humble /usr/bin/cmake --install /home/evan/code/ndt-loc/build/map
[53.808s] -- Install configuration: ""
[53.809s] -- Installing: /home/evan/code/ndt-loc/install/map/lib/map/lidar_data_node
[53.815s] -- Set runtime path of "/home/evan/code/ndt-loc/install/map/lib/map/lidar_data_node" to ""
[53.815s] -- Installing: /home/evan/code/ndt-loc/install/map/lib/map/front_end_node
[53.873s] -- Set runtime path of "/home/evan/code/ndt-loc/install/map/lib/map/front_end_node" to ""
[53.873s] -- Installing: /home/evan/code/ndt-loc/install/map/lib/map/show_map_node
[53.883s] -- Set runtime path of "/home/evan/code/ndt-loc/install/map/lib/map/show_map_node" to ""
[53.883s] -- Up-to-date: /home/evan/code/ndt-loc/install/map/share/ament_index/resource_index/package_run_dependencies/map
[53.883s] -- Up-to-date: /home/evan/code/ndt-loc/install/map/share/ament_index/resource_index/parent_prefix_path/map
[53.883s] -- Up-to-date: /home/evan/code/ndt-loc/install/map/share/map/environment/ament_prefix_path.sh
[53.883s] -- Installing: /home/evan/code/ndt-loc/install/map/share/map/environment/ament_prefix_path.dsv
[53.883s] -- Up-to-date: /home/evan/code/ndt-loc/install/map/share/map/environment/path.sh
[53.884s] -- Installing: /home/evan/code/ndt-loc/install/map/share/map/environment/path.dsv
[53.884s] -- Up-to-date: /home/evan/code/ndt-loc/install/map/share/map/local_setup.bash
[53.884s] -- Up-to-date: /home/evan/code/ndt-loc/install/map/share/map/local_setup.sh
[53.884s] -- Up-to-date: /home/evan/code/ndt-loc/install/map/share/map/local_setup.zsh
[53.884s] -- Installing: /home/evan/code/ndt-loc/install/map/share/map/local_setup.dsv
[53.884s] -- Installing: /home/evan/code/ndt-loc/install/map/share/map/package.dsv
[53.884s] -- Up-to-date: /home/evan/code/ndt-loc/install/map/share/ament_index/resource_index/packages/map
[53.885s] -- Up-to-date: /home/evan/code/ndt-loc/install/map/share/map/cmake/ament_cmake_export_include_directories-extras.cmake
[53.912s] -- Up-to-date: /home/evan/code/ndt-loc/install/map/share/map/cmake/mapConfig.cmake
[53.913s] -- Up-to-date: /home/evan/code/ndt-loc/install/map/share/map/cmake/mapConfig-version.cmake
[53.913s] -- Up-to-date: /home/evan/code/ndt-loc/install/map/share/map/package.xml
[53.917s] Invoked command in '/home/evan/code/ndt-loc/build/map' returned '0': CMAKE_PREFIX_PATH=${CMAKE_PREFIX_PATH}:/opt/ros/humble /usr/bin/cmake --install /home/evan/code/ndt-loc/build/map
