[0.025s] Invoking command in '/home/evan/code/ndt-loc/build/radar-odometry': CMAKE_PREFIX_PATH=${CMAKE_PREFIX_PATH}:/opt/ros/humble /usr/bin/cmake --build /home/evan/code/ndt-loc/build/radar-odometry -- -j4 -l4
[0.077s] [35m[1mConsolidate compiler generated dependencies of target radar_feature_node[0m
[0.119s] [ 50%] [32mBuilding CXX object CMakeFiles/radar_feature_node.dir/src/RadarFeaturesNode.cpp.o[0m
[15.085s] [100%] [32m[1mLinking CXX executable radar_feature_node[0m
[16.460s] [100%] Built target radar_feature_node
[16.476s] Invoked command in '/home/evan/code/ndt-loc/build/radar-odometry' returned '0': CMAKE_PREFIX_PATH=${CMAKE_PREFIX_PATH}:/opt/ros/humble /usr/bin/cmake --build /home/evan/code/ndt-loc/build/radar-odometry -- -j4 -l4
[16.516s] Invoking command in '/home/evan/code/ndt-loc/build/radar-odometry': CMAKE_PREFIX_PATH=${CMAKE_PREFIX_PATH}:/opt/ros/humble /usr/bin/cmake --install /home/evan/code/ndt-loc/build/radar-odometry
[16.523s] -- Install configuration: ""
[16.523s] -- Installing: /home/evan/code/ndt-loc/install/radar-odometry/lib/radar-odometry/radar_feature_node
[16.529s] -- Set runtime path of "/home/evan/code/ndt-loc/install/radar-odometry/lib/radar-odometry/radar_feature_node" to ""
[16.529s] -- Up-to-date: /home/evan/code/ndt-loc/install/radar-odometry/share/ament_index/resource_index/package_run_dependencies/radar-odometry
[16.529s] -- Up-to-date: /home/evan/code/ndt-loc/install/radar-odometry/share/ament_index/resource_index/parent_prefix_path/radar-odometry
[16.529s] -- Up-to-date: /home/evan/code/ndt-loc/install/radar-odometry/share/radar-odometry/environment/ament_prefix_path.sh
[16.529s] -- Up-to-date: /home/evan/code/ndt-loc/install/radar-odometry/share/radar-odometry/environment/ament_prefix_path.dsv
[16.529s] -- Up-to-date: /home/evan/code/ndt-loc/install/radar-odometry/share/radar-odometry/environment/path.sh
[16.529s] -- Up-to-date: /home/evan/code/ndt-loc/install/radar-odometry/share/radar-odometry/environment/path.dsv
[16.529s] -- Up-to-date: /home/evan/code/ndt-loc/install/radar-odometry/share/radar-odometry/local_setup.bash
[16.530s] -- Up-to-date: /home/evan/code/ndt-loc/install/radar-odometry/share/radar-odometry/local_setup.sh
[16.530s] -- Up-to-date: /home/evan/code/ndt-loc/install/radar-odometry/share/radar-odometry/local_setup.zsh
[16.530s] -- Up-to-date: /home/evan/code/ndt-loc/install/radar-odometry/share/radar-odometry/local_setup.dsv
[16.530s] -- Installing: /home/evan/code/ndt-loc/install/radar-odometry/share/radar-odometry/package.dsv
[16.530s] -- Up-to-date: /home/evan/code/ndt-loc/install/radar-odometry/share/ament_index/resource_index/packages/radar-odometry
[16.530s] -- Up-to-date: /home/evan/code/ndt-loc/install/radar-odometry/share/radar-odometry/cmake/ament_cmake_export_include_directories-extras.cmake
[16.530s] -- Up-to-date: /home/evan/code/ndt-loc/install/radar-odometry/share/radar-odometry/cmake/radar-odometryConfig.cmake
[16.530s] -- Up-to-date: /home/evan/code/ndt-loc/install/radar-odometry/share/radar-odometry/cmake/radar-odometryConfig-version.cmake
[16.530s] -- Up-to-date: /home/evan/code/ndt-loc/install/radar-odometry/share/radar-odometry/package.xml
[16.531s] Invoked command in '/home/evan/code/ndt-loc/build/radar-odometry' returned '0': CMAKE_PREFIX_PATH=${CMAKE_PREFIX_PATH}:/opt/ros/humble /usr/bin/cmake --install /home/evan/code/ndt-loc/build/radar-odometry
