[0.123s] Invoking command in '/home/evan/code/ndt-loc/build/map': CMAKE_PREFIX_PATH=${CMAKE_PREFIX_PATH}:/opt/ros/humble /usr/bin/cmake --build /home/evan/code/ndt-loc/build/map -- -j4 -l4
[1.213s] -- Found ament_cmake: 1.3.3 (/opt/ros/humble/share/ament_cmake/cmake)
[1.975s] -- Found rclcpp: 16.0.3 (/opt/ros/humble/share/rclcpp/cmake)
[2.244s] -- Found rosidl_generator_c: 3.1.4 (/opt/ros/humble/share/rosidl_generator_c/cmake)
[2.258s] -- Found rosidl_adapter: 3.1.4 (/opt/ros/humble/share/rosidl_adapter/cmake)
[2.337s] -- Found rosidl_generator_cpp: 3.1.4 (/opt/ros/humble/share/rosidl_generator_cpp/cmake)
[2.377s] -- Using all available rosidl_typesupport_c: rosidl_typesupport_fastrtps_c;rosidl_typesupport_introspection_c
[2.497s] -- Using all available rosidl_typesupport_cpp: rosidl_typesupport_fastrtps_cpp;rosidl_typesupport_introspection_cpp
[2.760s] -- Found rmw_implementation_cmake: 6.1.1 (/opt/ros/humble/share/rmw_implementation_cmake/cmake)
[2.784s] -- Found rmw_fastrtps_cpp: 6.2.2 (/opt/ros/humble/share/rmw_fastrtps_cpp/cmake)
[3.124s] -- Using RMW implementation 'rmw_fastrtps_cpp' as default
[3.493s] -- Found sensor_msgs: 4.2.3 (/opt/ros/humble/share/sensor_msgs/cmake)
[3.745s] -- Eigen found (include: /usr/include/eigen3, version: 3.4.0)
[3.906s] -- FLANN found (include: /usr/include, lib: /usr/lib/x86_64-linux-gnu/libflann_cpp.so)
[6.305s] -- OpenNI found (version: 1.5.4.0, include: /usr/include/ni, lib: /usr/lib/libOpenNI.so;libusb::libusb)
[6.328s] -- OpenNI2 found (version: 2.2.0.33, include: /usr/include/openni2, lib: /usr/lib/x86_64-linux-gnu/libOpenNI2.so;libusb::libusb)
[6.328s] [0m** WARNING ** io features related to pcap will be disabled[0m
[6.486s] -- Eigen found (include: /usr/include/eigen3, version: 3.4.0)
[6.493s] -- OpenNI found (version: 1.5.4.0, include: /usr/include/ni, lib: /usr/lib/libOpenNI.so;libusb::libusb)
[6.500s] -- OpenNI2 found (version: 2.2.0.33, include: /usr/include/openni2, lib: /usr/lib/x86_64-linux-gnu/libOpenNI2.so;libusb::libusb)
[6.822s] -- Found Qhull version 8.0.2
[6.999s] -- OpenNI found (version: 1.5.4.0, include: /usr/include/ni, lib: /usr/lib/libOpenNI.so;libusb::libusb)
[7.143s] -- looking for PCL_COMMON
[7.143s] -- looking for PCL_KDTREE
[7.144s] -- looking for PCL_OCTREE
[7.144s] -- looking for PCL_SEARCH
[7.145s] -- looking for PCL_SAMPLE_CONSENSUS
[7.145s] -- looking for PCL_FILTERS
[7.146s] -- looking for PCL_2D
[7.146s] -- looking for PCL_GEOMETRY
[7.147s] -- looking for PCL_IO
[7.147s] -- looking for PCL_FEATURES
[7.148s] -- looking for PCL_ML
[7.148s] -- looking for PCL_SEGMENTATION
[7.149s] -- looking for PCL_VISUALIZATION
[7.149s] -- looking for PCL_SURFACE
[7.150s] -- looking for PCL_REGISTRATION
[7.151s] -- looking for PCL_KEYPOINTS
[7.151s] -- looking for PCL_TRACKING
[7.152s] -- looking for PCL_RECOGNITION
[7.152s] -- looking for PCL_STEREO
[7.153s] -- looking for PCL_APPS
[7.154s] -- looking for PCL_IN_HAND_SCANNER
[7.154s] -- looking for PCL_MODELER
[7.155s] -- looking for PCL_POINT_CLOUD_EDITOR
[7.155s] -- looking for PCL_OUTOFCORE
[7.156s] -- looking for PCL_PEOPLE
[7.188s] -- Found pcl_conversions: 2.4.0 (/opt/ros/humble/share/pcl_conversions/cmake)
[7.599s] [31mCMake Error at CMakeLists.txt:50 (install):
[7.599s]   install does not recognize sub-command TARGET
[7.599s] 
[7.599s] [0m
[7.720s] -- Configuring incomplete, errors occurred!
[7.720s] See also "/home/evan/code/ndt-loc/build/map/CMakeFiles/CMakeOutput.log".
[7.740s] gmake: *** [Makefile:267: cmake_check_build_system] Error 1
[7.742s] Invoked command in '/home/evan/code/ndt-loc/build/map' returned '2': CMAKE_PREFIX_PATH=${CMAKE_PREFIX_PATH}:/opt/ros/humble /usr/bin/cmake --build /home/evan/code/ndt-loc/build/map -- -j4 -l4
