[0.017s] Invoking command in '/home/evan/code/ndt-loc/build/map': CMAKE_PREFIX_PATH=${CMAKE_PREFIX_PATH}:/opt/ros/humble /usr/bin/cmake --build /home/evan/code/ndt-loc/build/map -- -j4 -l4
[0.096s] [35m[1mConsolidate compiler generated dependencies of target mapping_image[0m
[0.132s] [ 20%] Built target lidar_data_node
[0.165s] [ 40%] Built target show_map_node
[0.169s] [ 60%] Built target front_end_node
[0.183s] [ 66%] [32mBuilding CXX object CMakeFiles/mapping_image.dir/src/ImageProjection.cpp.o[0m
[18.687s] [ 73%] [32m[1mLinking CXX static library libmapping_image.a[0m
[19.069s] [ 80%] Built target mapping_image
[19.114s] [ 86%] [32m[1mLinking CXX executable mapping_node[0m
[20.446s] [100%] Built target mapping_node
[20.459s] Invoked command in '/home/evan/code/ndt-loc/build/map' returned '0': CMAKE_PREFIX_PATH=${CMAKE_PREFIX_PATH}:/opt/ros/humble /usr/bin/cmake --build /home/evan/code/ndt-loc/build/map -- -j4 -l4
[20.517s] Invoking command in '/home/evan/code/ndt-loc/build/map': CMAKE_PREFIX_PATH=${CMAKE_PREFIX_PATH}:/opt/ros/humble /usr/bin/cmake --install /home/evan/code/ndt-loc/build/map
[20.525s] -- Install configuration: ""
[20.526s] -- Up-to-date: /home/evan/code/ndt-loc/install/map/lib/map/lidar_data_node
[20.526s] -- Up-to-date: /home/evan/code/ndt-loc/install/map/lib/map/front_end_node
[20.526s] -- Up-to-date: /home/evan/code/ndt-loc/install/map/lib/map/show_map_node
[20.527s] -- Installing: /home/evan/code/ndt-loc/install/map/lib/map/mapping_node
[20.534s] -- Set runtime path of "/home/evan/code/ndt-loc/install/map/lib/map/mapping_node" to ""
[20.534s] -- Up-to-date: /home/evan/code/ndt-loc/install/map/share/ament_index/resource_index/package_run_dependencies/map
[20.534s] -- Up-to-date: /home/evan/code/ndt-loc/install/map/share/ament_index/resource_index/parent_prefix_path/map
[20.535s] -- Up-to-date: /home/evan/code/ndt-loc/install/map/share/map/environment/ament_prefix_path.sh
[20.535s] -- Up-to-date: /home/evan/code/ndt-loc/install/map/share/map/environment/ament_prefix_path.dsv
[20.535s] -- Up-to-date: /home/evan/code/ndt-loc/install/map/share/map/environment/path.sh
[20.535s] -- Up-to-date: /home/evan/code/ndt-loc/install/map/share/map/environment/path.dsv
[20.535s] -- Up-to-date: /home/evan/code/ndt-loc/install/map/share/map/local_setup.bash
[20.535s] -- Up-to-date: /home/evan/code/ndt-loc/install/map/share/map/local_setup.sh
[20.535s] -- Up-to-date: /home/evan/code/ndt-loc/install/map/share/map/local_setup.zsh
[20.535s] -- Up-to-date: /home/evan/code/ndt-loc/install/map/share/map/local_setup.dsv
[20.535s] -- Installing: /home/evan/code/ndt-loc/install/map/share/map/package.dsv
[20.535s] -- Up-to-date: /home/evan/code/ndt-loc/install/map/share/ament_index/resource_index/packages/map
[20.535s] -- Up-to-date: /home/evan/code/ndt-loc/install/map/share/map/cmake/ament_cmake_export_include_directories-extras.cmake
[20.536s] -- Up-to-date: /home/evan/code/ndt-loc/install/map/share/map/cmake/mapConfig.cmake
[20.536s] -- Up-to-date: /home/evan/code/ndt-loc/install/map/share/map/cmake/mapConfig-version.cmake
[20.536s] -- Up-to-date: /home/evan/code/ndt-loc/install/map/share/map/package.xml
[20.538s] Invoked command in '/home/evan/code/ndt-loc/build/map' returned '0': CMAKE_PREFIX_PATH=${CMAKE_PREFIX_PATH}:/opt/ros/humble /usr/bin/cmake --install /home/evan/code/ndt-loc/build/map
