[0.018s] Invoking command in '/home/evan/code/ndt-loc/build/map': CMAKE_PREFIX_PATH=${CMAKE_PREFIX_PATH}:/opt/ros/humble /usr/bin/cmake --build /home/evan/code/ndt-loc/build/map -- -j4 -l4
[0.128s] [ 20%] Built target mapping_image
[0.134s] [ 40%] Built target lidar_data_node
[0.134s] [ 60%] Built target front_end_node
[0.141s] [ 80%] Built target show_map_node
[0.151s] [35m[1mConsolidate compiler generated dependencies of target mapping_node[0m
[0.195s] [ 90%] [32mBuilding CXX object CMakeFiles/mapping_node.dir/src/GroundTruth.cpp.o[0m
[0.204s] [01m[K/home/evan/code/ndt-loc/src/map/src/GroundTruth.cpp:1:9:[m[K [01;35m[Kwarning: [m[K#pragma once in main file
[0.205s]     1 | #pragma [01;35m[Konce[m[K
[0.205s]       |         [01;35m[K^~~~[m[K
[15.617s] [100%] [32m[1mLinking CXX executable mapping_node[0m
[15.697s] /usr/bin/ld: libmapping_image.a(ImageProjection.cpp.o):(.bss+0x0): multiple definition of `ndtloc::_left_lidar_path[abi:cxx11]'; CMakeFiles/mapping_node.dir/src/GroundTruth.cpp.o:(.bss+0x0): first defined here
[15.699s] /usr/bin/ld: libmapping_image.a(ImageProjection.cpp.o):(.bss+0x20): multiple definition of `ndtloc::_right_lidar_path[abi:cxx11]'; CMakeFiles/mapping_node.dir/src/GroundTruth.cpp.o:(.bss+0x20): first defined here
[15.700s] /usr/bin/ld: libmapping_image.a(ImageProjection.cpp.o):(.bss+0x40): multiple definition of `ndtloc::_left_lidar_time[abi:cxx11]'; CMakeFiles/mapping_node.dir/src/GroundTruth.cpp.o:(.bss+0x40): first defined here
[15.702s] /usr/bin/ld: libmapping_image.a(ImageProjection.cpp.o):(.bss+0x60): multiple definition of `ndtloc::_right_lidar_time[abi:cxx11]'; CMakeFiles/mapping_node.dir/src/GroundTruth.cpp.o:(.bss+0x60): first defined here
[15.704s] /usr/bin/ld: libmapping_image.a(ImageProjection.cpp.o):(.rodata+0xb4c): multiple definition of `ndtloc::_x_offset'; CMakeFiles/mapping_node.dir/src/GroundTruth.cpp.o:(.rodata+0x62c): first defined here
[15.705s] /usr/bin/ld: libmapping_image.a(ImageProjection.cpp.o):(.rodata+0xb50): multiple definition of `ndtloc::_y_offset'; CMakeFiles/mapping_node.dir/src/GroundTruth.cpp.o:(.rodata+0x630): first defined here
[15.707s] /usr/bin/ld: libmapping_image.a(ImageProjection.cpp.o):(.rodata+0xb54): multiple definition of `ndtloc::_z_offset'; CMakeFiles/mapping_node.dir/src/GroundTruth.cpp.o:(.rodata+0x634): first defined here
[15.708s] /usr/bin/ld: libmapping_image.a(ImageProjection.cpp.o):(.bss+0x80): multiple definition of `ndtloc::key_frame_path[abi:cxx11]'; CMakeFiles/mapping_node.dir/src/GroundTruth.cpp.o:(.bss+0x80): first defined here
[15.709s] /usr/bin/ld: libmapping_image.a(ImageProjection.cpp.o):(.bss+0xa0): multiple definition of `ndtloc::map_file_path[abi:cxx11]'; CMakeFiles/mapping_node.dir/src/GroundTruth.cpp.o:(.bss+0xa0): first defined here
[15.712s] /usr/bin/ld: libmapping_image.a(ImageProjection.cpp.o):(.rodata+0xb58): multiple definition of `ndtloc::max_local_map_frames'; CMakeFiles/mapping_node.dir/src/GroundTruth.cpp.o:(.rodata+0x638): first defined here
[15.712s] /usr/bin/ld: libmapping_image.a(ImageProjection.cpp.o):(.rodata+0xb5c): multiple definition of `ndtloc::local_map_filter_frames_num'; CMakeFiles/mapping_node.dir/src/GroundTruth.cpp.o:(.rodata+0x63c): first defined here
[15.715s] /usr/bin/ld: libmapping_image.a(ImageProjection.cpp.o):(.rodata+0xb60): multiple definition of `ndtloc::key_frame_distance'; CMakeFiles/mapping_node.dir/src/GroundTruth.cpp.o:(.rodata+0x640): first defined here
[15.716s] /usr/bin/ld: libmapping_image.a(ImageProjection.cpp.o):(.rodata+0xb64): multiple definition of `ndtloc::_vertical_scans'; CMakeFiles/mapping_node.dir/src/GroundTruth.cpp.o:(.rodata+0x644): first defined here
[15.719s] /usr/bin/ld: libmapping_image.a(ImageProjection.cpp.o):(.rodata+0xb68): multiple definition of `ndtloc::_horizontal_scans'; CMakeFiles/mapping_node.dir/src/GroundTruth.cpp.o:(.rodata+0x648): first defined here
[15.721s] /usr/bin/ld: libmapping_image.a(ImageProjection.cpp.o):(.rodata+0xb6c): multiple definition of `ndtloc::_vertical_ang_start'; CMakeFiles/mapping_node.dir/src/GroundTruth.cpp.o:(.rodata+0x64c): first defined here
[15.723s] /usr/bin/ld: libmapping_image.a(ImageProjection.cpp.o):(.rodata+0xb70): multiple definition of `ndtloc::_vertical_ang_end'; CMakeFiles/mapping_node.dir/src/GroundTruth.cpp.o:(.rodata+0x650): first defined here
[15.724s] /usr/bin/ld: libmapping_image.a(ImageProjection.cpp.o):(.rodata+0xb74): multiple definition of `ndtloc::_segment_valid_num'; CMakeFiles/mapping_node.dir/src/GroundTruth.cpp.o:(.rodata+0x654): first defined here
[15.725s] /usr/bin/ld: libmapping_image.a(ImageProjection.cpp.o):(.rodata+0xb78): multiple definition of `ndtloc::_segment_valid_point_num'; CMakeFiles/mapping_node.dir/src/GroundTruth.cpp.o:(.rodata+0x658): first defined here
[15.727s] /usr/bin/ld: libmapping_image.a(ImageProjection.cpp.o):(.rodata+0xb7c): multiple definition of `ndtloc::_segment_valid_line_num'; CMakeFiles/mapping_node.dir/src/GroundTruth.cpp.o:(.rodata+0x65c): first defined here
[15.729s] /usr/bin/ld: libmapping_image.a(ImageProjection.cpp.o):(.rodata+0xb80): multiple definition of `ndtloc::_ground_scan_index'; CMakeFiles/mapping_node.dir/src/GroundTruth.cpp.o:(.rodata+0x660): first defined here
[15.731s] /usr/bin/ld: libmapping_image.a(ImageProjection.cpp.o):(.rodata+0xb84): multiple definition of `ndtloc::_segment_theta'; CMakeFiles/mapping_node.dir/src/GroundTruth.cpp.o:(.rodata+0x664): first defined here
[15.732s] /usr/bin/ld: libmapping_image.a(ImageProjection.cpp.o):(.bss+0xc0): multiple definition of `ndtloc::radar_timestamping[abi:cxx11]'; CMakeFiles/mapping_node.dir/src/GroundTruth.cpp.o:(.bss+0xc0): first defined here
[16.970s] collect2: error: ld returned 1 exit status
[16.972s] gmake[2]: *** [CMakeFiles/mapping_node.dir/build.make:297: mapping_node] Error 1
[16.972s] gmake[1]: *** [CMakeFiles/Makefile2:249: CMakeFiles/mapping_node.dir/all] Error 2
[16.974s] gmake: *** [Makefile:146: all] Error 2
[16.976s] Invoked command in '/home/evan/code/ndt-loc/build/map' returned '2': CMAKE_PREFIX_PATH=${CMAKE_PREFIX_PATH}:/opt/ros/humble /usr/bin/cmake --build /home/evan/code/ndt-loc/build/map -- -j4 -l4
