[0.506s] Invoking command in '/home/evan/code/ndt-loc/build/ndt-lidar-radar': CMAKE_PREFIX_PATH=${CMAKE_PREFIX_PATH}:/opt/ros/humble /usr/bin/cmake --build /home/evan/code/ndt-loc/build/ndt-lidar-radar -- -j4 -l4
[3.472s] Invoked command in '/home/evan/code/ndt-loc/build/ndt-lidar-radar' returned '0': CMAKE_PREFIX_PATH=${CMAKE_PREFIX_PATH}:/opt/ros/humble /usr/bin/cmake --build /home/evan/code/ndt-loc/build/ndt-lidar-radar -- -j4 -l4
[3.515s] Invoking command in '/home/evan/code/ndt-loc/build/ndt-lidar-radar': CMAKE_PREFIX_PATH=${CMAKE_PREFIX_PATH}:/opt/ros/humble /usr/bin/cmake --install /home/evan/code/ndt-loc/build/ndt-lidar-radar
[3.533s] -- Install configuration: ""
[3.533s] -- Up-to-date: /home/evan/code/ndt-loc/install/ndt-lidar-radar/share/ament_index/resource_index/package_run_dependencies/ndt-lidar-radar
[3.534s] -- Up-to-date: /home/evan/code/ndt-loc/install/ndt-lidar-radar/share/ament_index/resource_index/parent_prefix_path/ndt-lidar-radar
[3.534s] -- Up-to-date: /home/evan/code/ndt-loc/install/ndt-lidar-radar/share/ndt-lidar-radar/environment/ament_prefix_path.sh
[3.534s] -- Up-to-date: /home/evan/code/ndt-loc/install/ndt-lidar-radar/share/ndt-lidar-radar/environment/ament_prefix_path.dsv
[3.534s] -- Up-to-date: /home/evan/code/ndt-loc/install/ndt-lidar-radar/share/ndt-lidar-radar/environment/path.sh
[3.534s] -- Up-to-date: /home/evan/code/ndt-loc/install/ndt-lidar-radar/share/ndt-lidar-radar/environment/path.dsv
[3.534s] -- Up-to-date: /home/evan/code/ndt-loc/install/ndt-lidar-radar/share/ndt-lidar-radar/local_setup.bash
[3.534s] -- Up-to-date: /home/evan/code/ndt-loc/install/ndt-lidar-radar/share/ndt-lidar-radar/local_setup.sh
[3.534s] -- Up-to-date: /home/evan/code/ndt-loc/install/ndt-lidar-radar/share/ndt-lidar-radar/local_setup.zsh
[3.534s] -- Up-to-date: /home/evan/code/ndt-loc/install/ndt-lidar-radar/share/ndt-lidar-radar/local_setup.dsv
[3.534s] -- Installing: /home/evan/code/ndt-loc/install/ndt-lidar-radar/share/ndt-lidar-radar/package.dsv
[3.614s] -- Up-to-date: /home/evan/code/ndt-loc/install/ndt-lidar-radar/share/ament_index/resource_index/packages/ndt-lidar-radar
[3.666s] -- Up-to-date: /home/evan/code/ndt-loc/install/ndt-lidar-radar/share/ndt-lidar-radar/cmake/ndt-lidar-radarConfig.cmake
[3.667s] -- Up-to-date: /home/evan/code/ndt-loc/install/ndt-lidar-radar/share/ndt-lidar-radar/cmake/ndt-lidar-radarConfig-version.cmake
[3.667s] -- Up-to-date: /home/evan/code/ndt-loc/install/ndt-lidar-radar/share/ndt-lidar-radar/package.xml
[3.672s] Invoked command in '/home/evan/code/ndt-loc/build/ndt-lidar-radar' returned '0': CMAKE_PREFIX_PATH=${CMAKE_PREFIX_PATH}:/opt/ros/humble /usr/bin/cmake --install /home/evan/code/ndt-loc/build/ndt-lidar-radar
