[0.019s] Invoking command in '/home/evan/code/ndt-loc/build/a-loam': CMAKE_PREFIX_PATH=${CMAKE_PREFIX_PATH}:/opt/ros/humble /usr/bin/cmake --build /home/evan/code/ndt-loc/build/a-loam -- -j4 -l4
[0.095s] [ 50%] Built target scan_registration_node
[0.115s] [35m[1mConsolidate compiler generated dependencies of target laser_odometry_node[0m
[0.159s] [ 66%] [32mBuilding CXX object CMakeFiles/laser_odometry_node.dir/src/LaserOdometryNode.cpp.o[0m
[21.926s] [ 83%] [32m[1mLinking CXX executable laser_odometry_node[0m
[24.113s] [100%] Built target laser_odometry_node
[24.126s] Invoked command in '/home/evan/code/ndt-loc/build/a-loam' returned '0': CMAKE_PREFIX_PATH=${CMAKE_PREFIX_PATH}:/opt/ros/humble /usr/bin/cmake --build /home/evan/code/ndt-loc/build/a-loam -- -j4 -l4
[24.181s] Invoking command in '/home/evan/code/ndt-loc/build/a-loam': CMAKE_PREFIX_PATH=${CMAKE_PREFIX_PATH}:/opt/ros/humble /usr/bin/cmake --install /home/evan/code/ndt-loc/build/a-loam
[24.189s] -- Install configuration: ""
[24.189s] -- Up-to-date: /home/evan/code/ndt-loc/install/a-loam/lib/a-loam/scan_registration_node
[24.190s] -- Installing: /home/evan/code/ndt-loc/install/a-loam/lib/a-loam/laser_odometry_node
[24.211s] -- Set runtime path of "/home/evan/code/ndt-loc/install/a-loam/lib/a-loam/laser_odometry_node" to ""
[24.211s] -- Up-to-date: /home/evan/code/ndt-loc/install/a-loam/share/ament_index/resource_index/package_run_dependencies/a-loam
[24.211s] -- Up-to-date: /home/evan/code/ndt-loc/install/a-loam/share/ament_index/resource_index/parent_prefix_path/a-loam
[24.211s] -- Up-to-date: /home/evan/code/ndt-loc/install/a-loam/share/a-loam/environment/ament_prefix_path.sh
[24.211s] -- Up-to-date: /home/evan/code/ndt-loc/install/a-loam/share/a-loam/environment/ament_prefix_path.dsv
[24.211s] -- Up-to-date: /home/evan/code/ndt-loc/install/a-loam/share/a-loam/environment/path.sh
[24.211s] -- Up-to-date: /home/evan/code/ndt-loc/install/a-loam/share/a-loam/environment/path.dsv
[24.211s] -- Up-to-date: /home/evan/code/ndt-loc/install/a-loam/share/a-loam/local_setup.bash
[24.211s] -- Up-to-date: /home/evan/code/ndt-loc/install/a-loam/share/a-loam/local_setup.sh
[24.212s] -- Up-to-date: /home/evan/code/ndt-loc/install/a-loam/share/a-loam/local_setup.zsh
[24.212s] -- Up-to-date: /home/evan/code/ndt-loc/install/a-loam/share/a-loam/local_setup.dsv
[24.212s] -- Installing: /home/evan/code/ndt-loc/install/a-loam/share/a-loam/package.dsv
[24.212s] -- Up-to-date: /home/evan/code/ndt-loc/install/a-loam/share/ament_index/resource_index/packages/a-loam
[24.212s] -- Up-to-date: /home/evan/code/ndt-loc/install/a-loam/share/a-loam/cmake/ament_cmake_export_include_directories-extras.cmake
[24.212s] -- Up-to-date: /home/evan/code/ndt-loc/install/a-loam/share/a-loam/cmake/a-loamConfig.cmake
[24.212s] -- Up-to-date: /home/evan/code/ndt-loc/install/a-loam/share/a-loam/cmake/a-loamConfig-version.cmake
[24.212s] -- Up-to-date: /home/evan/code/ndt-loc/install/a-loam/share/a-loam/package.xml
[24.214s] Invoked command in '/home/evan/code/ndt-loc/build/a-loam' returned '0': CMAKE_PREFIX_PATH=${CMAKE_PREFIX_PATH}:/opt/ros/humble /usr/bin/cmake --install /home/evan/code/ndt-loc/build/a-loam
