[ 20%] Built target lidar_data_node
[ 40%] Built target front_end_node
[ 60%] Built target image_projection_node
[ 80%] Built target show_map_node
[35m[1mConsolidate compiler generated dependencies of target mapping_node[0m
[ 90%] [32mBuilding CXX object CMakeFiles/mapping_node.dir/src/GroundTruth.cpp.o[0m
[100%] [32m[1mLinking CXX executable mapping_node[0m
[100%] Built target mapping_node
-- Install configuration: ""
-- Up-to-date: /home/evan/code/ndt-loc/install/map/lib/map/lidar_data_node
-- Up-to-date: /home/evan/code/ndt-loc/install/map/lib/map/image_projection_node
-- Up-to-date: /home/evan/code/ndt-loc/install/map/lib/map/front_end_node
-- Up-to-date: /home/evan/code/ndt-loc/install/map/lib/map/show_map_node
-- Installing: /home/evan/code/ndt-loc/install/map/lib/map/mapping_node
-- Set runtime path of "/home/evan/code/ndt-loc/install/map/lib/map/mapping_node" to ""
-- Up-to-date: /home/evan/code/ndt-loc/install/map/share/ament_index/resource_index/package_run_dependencies/map
-- Up-to-date: /home/evan/code/ndt-loc/install/map/share/ament_index/resource_index/parent_prefix_path/map
-- Up-to-date: /home/evan/code/ndt-loc/install/map/share/map/environment/ament_prefix_path.sh
-- Up-to-date: /home/evan/code/ndt-loc/install/map/share/map/environment/ament_prefix_path.dsv
-- Up-to-date: /home/evan/code/ndt-loc/install/map/share/map/environment/path.sh
-- Up-to-date: /home/evan/code/ndt-loc/install/map/share/map/environment/path.dsv
-- Up-to-date: /home/evan/code/ndt-loc/install/map/share/map/local_setup.bash
-- Up-to-date: /home/evan/code/ndt-loc/install/map/share/map/local_setup.sh
-- Up-to-date: /home/evan/code/ndt-loc/install/map/share/map/local_setup.zsh
-- Up-to-date: /home/evan/code/ndt-loc/install/map/share/map/local_setup.dsv
-- Installing: /home/evan/code/ndt-loc/install/map/share/map/package.dsv
-- Up-to-date: /home/evan/code/ndt-loc/install/map/share/ament_index/resource_index/packages/map
-- Up-to-date: /home/evan/code/ndt-loc/install/map/share/map/cmake/ament_cmake_export_include_directories-extras.cmake
-- Up-to-date: /home/evan/code/ndt-loc/install/map/share/map/cmake/mapConfig.cmake
-- Up-to-date: /home/evan/code/ndt-loc/install/map/share/map/cmake/mapConfig-version.cmake
-- Up-to-date: /home/evan/code/ndt-loc/install/map/share/map/package.xml
