[1.074s] Invoking command in '/home/evan/code/ndt-loc/build/ndt-lidar-radar': CMAKE_PREFIX_PATH=${CMAKE_PREFIX_PATH}:/opt/ros/humble /usr/bin/cmake --build /home/evan/code/ndt-loc/build/ndt-lidar-radar -- -j4 -l4
[1.143s] Invoked command in '/home/evan/code/ndt-loc/build/ndt-lidar-radar' returned '0': CMAKE_PREFIX_PATH=${CMAKE_PREFIX_PATH}:/opt/ros/humble /usr/bin/cmake --build /home/evan/code/ndt-loc/build/ndt-lidar-radar -- -j4 -l4
[1.187s] Invoking command in '/home/evan/code/ndt-loc/build/ndt-lidar-radar': CMAKE_PREFIX_PATH=${CMAKE_PREFIX_PATH}:/opt/ros/humble /usr/bin/cmake --install /home/evan/code/ndt-loc/build/ndt-lidar-radar
[1.197s] -- Install configuration: ""
[1.197s] -- Up-to-date: /home/evan/code/ndt-loc/install/ndt-lidar-radar/share/ament_index/resource_index/package_run_dependencies/ndt-lidar-radar
[1.198s] -- Up-to-date: /home/evan/code/ndt-loc/install/ndt-lidar-radar/share/ament_index/resource_index/parent_prefix_path/ndt-lidar-radar
[1.198s] -- Up-to-date: /home/evan/code/ndt-loc/install/ndt-lidar-radar/share/ndt-lidar-radar/environment/ament_prefix_path.sh
[1.198s] -- Up-to-date: /home/evan/code/ndt-loc/install/ndt-lidar-radar/share/ndt-lidar-radar/environment/ament_prefix_path.dsv
[1.198s] -- Up-to-date: /home/evan/code/ndt-loc/install/ndt-lidar-radar/share/ndt-lidar-radar/environment/path.sh
[1.199s] -- Up-to-date: /home/evan/code/ndt-loc/install/ndt-lidar-radar/share/ndt-lidar-radar/environment/path.dsv
[1.199s] -- Up-to-date: /home/evan/code/ndt-loc/install/ndt-lidar-radar/share/ndt-lidar-radar/local_setup.bash
[1.199s] -- Up-to-date: /home/evan/code/ndt-loc/install/ndt-lidar-radar/share/ndt-lidar-radar/local_setup.sh
[1.199s] -- Up-to-date: /home/evan/code/ndt-loc/install/ndt-lidar-radar/share/ndt-lidar-radar/local_setup.zsh
[1.199s] -- Up-to-date: /home/evan/code/ndt-loc/install/ndt-lidar-radar/share/ndt-lidar-radar/local_setup.dsv
[1.199s] -- Installing: /home/evan/code/ndt-loc/install/ndt-lidar-radar/share/ndt-lidar-radar/package.dsv
[1.200s] -- Up-to-date: /home/evan/code/ndt-loc/install/ndt-lidar-radar/share/ament_index/resource_index/packages/ndt-lidar-radar
[1.200s] -- Up-to-date: /home/evan/code/ndt-loc/install/ndt-lidar-radar/share/ndt-lidar-radar/cmake/ndt-lidar-radarConfig.cmake
[1.200s] -- Up-to-date: /home/evan/code/ndt-loc/install/ndt-lidar-radar/share/ndt-lidar-radar/cmake/ndt-lidar-radarConfig-version.cmake
[1.203s] -- Up-to-date: /home/evan/code/ndt-loc/install/ndt-lidar-radar/share/ndt-lidar-radar/package.xml
[1.259s] Invoked command in '/home/evan/code/ndt-loc/build/ndt-lidar-radar' returned '0': CMAKE_PREFIX_PATH=${CMAKE_PREFIX_PATH}:/opt/ros/humble /usr/bin/cmake --install /home/evan/code/ndt-loc/build/ndt-lidar-radar
