[0.028s] Invoking command in '/home/evan/code/ndt-loc/build/map': CMAKE_PREFIX_PATH=${CMAKE_PREFIX_PATH}:/opt/ros/humble /usr/bin/cmake --build /home/evan/code/ndt-loc/build/map -- -j4 -l4
[0.134s] [35m[1mConsolidate compiler generated dependencies of target image_projection_node[0m
[0.171s] [ 25%] Built target front_end_node
[0.179s] [ 50%] Built target lidar_data_node
[0.195s] [ 75%] Built target show_map_node
[0.231s] [ 87%] [32mBuilding CXX object CMakeFiles/image_projection_node.dir/src/ImageProjection.cpp.o[0m
[19.077s] [100%] [32m[1mLinking CXX executable image_projection_node[0m
[20.434s] [100%] Built target image_projection_node
[20.445s] Invoked command in '/home/evan/code/ndt-loc/build/map' returned '0': CMAKE_PREFIX_PATH=${CMAKE_PREFIX_PATH}:/opt/ros/humble /usr/bin/cmake --build /home/evan/code/ndt-loc/build/map -- -j4 -l4
[20.487s] Invoking command in '/home/evan/code/ndt-loc/build/map': CMAKE_PREFIX_PATH=${CMAKE_PREFIX_PATH}:/opt/ros/humble /usr/bin/cmake --install /home/evan/code/ndt-loc/build/map
[20.494s] -- Install configuration: ""
[20.495s] -- Up-to-date: /home/evan/code/ndt-loc/install/map/lib/map/lidar_data_node
[20.495s] -- Installing: /home/evan/code/ndt-loc/install/map/lib/map/image_projection_node
[20.502s] -- Set runtime path of "/home/evan/code/ndt-loc/install/map/lib/map/image_projection_node" to ""
[20.502s] -- Up-to-date: /home/evan/code/ndt-loc/install/map/lib/map/front_end_node
[20.502s] -- Up-to-date: /home/evan/code/ndt-loc/install/map/lib/map/show_map_node
[20.503s] -- Up-to-date: /home/evan/code/ndt-loc/install/map/share/ament_index/resource_index/package_run_dependencies/map
[20.503s] -- Up-to-date: /home/evan/code/ndt-loc/install/map/share/ament_index/resource_index/parent_prefix_path/map
[20.503s] -- Up-to-date: /home/evan/code/ndt-loc/install/map/share/map/environment/ament_prefix_path.sh
[20.503s] -- Up-to-date: /home/evan/code/ndt-loc/install/map/share/map/environment/ament_prefix_path.dsv
[20.503s] -- Up-to-date: /home/evan/code/ndt-loc/install/map/share/map/environment/path.sh
[20.503s] -- Up-to-date: /home/evan/code/ndt-loc/install/map/share/map/environment/path.dsv
[20.503s] -- Up-to-date: /home/evan/code/ndt-loc/install/map/share/map/local_setup.bash
[20.503s] -- Up-to-date: /home/evan/code/ndt-loc/install/map/share/map/local_setup.sh
[20.503s] -- Up-to-date: /home/evan/code/ndt-loc/install/map/share/map/local_setup.zsh
[20.503s] -- Up-to-date: /home/evan/code/ndt-loc/install/map/share/map/local_setup.dsv
[20.504s] -- Installing: /home/evan/code/ndt-loc/install/map/share/map/package.dsv
[20.504s] -- Up-to-date: /home/evan/code/ndt-loc/install/map/share/ament_index/resource_index/packages/map
[20.504s] -- Up-to-date: /home/evan/code/ndt-loc/install/map/share/map/cmake/ament_cmake_export_include_directories-extras.cmake
[20.504s] -- Up-to-date: /home/evan/code/ndt-loc/install/map/share/map/cmake/mapConfig.cmake
[20.504s] -- Up-to-date: /home/evan/code/ndt-loc/install/map/share/map/cmake/mapConfig-version.cmake
[20.504s] -- Up-to-date: /home/evan/code/ndt-loc/install/map/share/map/package.xml
[20.508s] Invoked command in '/home/evan/code/ndt-loc/build/map' returned '0': CMAKE_PREFIX_PATH=${CMAKE_PREFIX_PATH}:/opt/ros/humble /usr/bin/cmake --install /home/evan/code/ndt-loc/build/map
