[0.020s] Invoking command in '/home/evan/code/ndt-loc/build/map': CMAKE_PREFIX_PATH=${CMAKE_PREFIX_PATH}:/opt/ros/humble /usr/bin/cmake --build /home/evan/code/ndt-loc/build/map -- -j4 -l4
[0.049s] -- Found ament_cmake: 1.3.3 (/opt/ros/humble/share/ament_cmake/cmake)
[0.248s] -- Found rclcpp: 16.0.3 (/opt/ros/humble/share/rclcpp/cmake)
[0.291s] -- Found rosidl_generator_c: 3.1.4 (/opt/ros/humble/share/rosidl_generator_c/cmake)
[0.294s] -- Found rosidl_adapter: 3.1.4 (/opt/ros/humble/share/rosidl_adapter/cmake)
[0.301s] -- Found rosidl_generator_cpp: 3.1.4 (/opt/ros/humble/share/rosidl_generator_cpp/cmake)
[0.315s] -- Using all available rosidl_typesupport_c: rosidl_typesupport_fastrtps_c;rosidl_typesupport_introspection_c
[0.333s] -- Using all available rosidl_typesupport_cpp: rosidl_typesupport_fastrtps_cpp;rosidl_typesupport_introspection_cpp
[0.401s] -- Found rmw_implementation_cmake: 6.1.1 (/opt/ros/humble/share/rmw_implementation_cmake/cmake)
[0.403s] -- Found rmw_fastrtps_cpp: 6.2.2 (/opt/ros/humble/share/rmw_fastrtps_cpp/cmake)
[0.550s] -- Using RMW implementation 'rmw_fastrtps_cpp' as default
[0.748s] -- Found sensor_msgs: 4.2.3 (/opt/ros/humble/share/sensor_msgs/cmake)
[0.907s] -- Eigen found (include: /usr/include/eigen3, version: 3.4.0)
[0.939s] -- FLANN found (include: /usr/include, lib: /usr/lib/x86_64-linux-gnu/libflann_cpp.so)
[1.244s] -- OpenNI found (version: 1.5.4.0, include: /usr/include/ni, lib: /usr/lib/libOpenNI.so;libusb::libusb)
[1.251s] -- OpenNI2 found (version: 2.2.0.33, include: /usr/include/openni2, lib: /usr/lib/x86_64-linux-gnu/libOpenNI2.so;libusb::libusb)
[1.251s] [0m** WARNING ** io features related to pcap will be disabled[0m
[1.413s] -- Eigen found (include: /usr/include/eigen3, version: 3.4.0)
[1.421s] -- OpenNI found (version: 1.5.4.0, include: /usr/include/ni, lib: /usr/lib/libOpenNI.so;libusb::libusb)
[1.428s] -- OpenNI2 found (version: 2.2.0.33, include: /usr/include/openni2, lib: /usr/lib/x86_64-linux-gnu/libOpenNI2.so;libusb::libusb)
[1.578s] -- Found Qhull version 8.0.2
[1.735s] -- OpenNI found (version: 1.5.4.0, include: /usr/include/ni, lib: /usr/lib/libOpenNI.so;libusb::libusb)
[1.886s] -- looking for PCL_COMMON
[1.888s] -- looking for PCL_KDTREE
[1.888s] -- looking for PCL_OCTREE
[1.888s] -- looking for PCL_SEARCH
[1.889s] -- looking for PCL_SAMPLE_CONSENSUS
[1.889s] -- looking for PCL_FILTERS
[1.889s] -- looking for PCL_2D
[1.890s] -- looking for PCL_GEOMETRY
[1.890s] -- looking for PCL_IO
[1.890s] -- looking for PCL_FEATURES
[1.891s] -- looking for PCL_ML
[1.891s] -- looking for PCL_SEGMENTATION
[1.892s] -- looking for PCL_VISUALIZATION
[1.892s] -- looking for PCL_SURFACE
[1.893s] -- looking for PCL_REGISTRATION
[1.893s] -- looking for PCL_KEYPOINTS
[1.894s] -- looking for PCL_TRACKING
[1.894s] -- looking for PCL_RECOGNITION
[1.895s] -- looking for PCL_STEREO
[1.895s] -- looking for PCL_APPS
[1.896s] -- looking for PCL_IN_HAND_SCANNER
[1.897s] -- looking for PCL_MODELER
[1.897s] -- looking for PCL_POINT_CLOUD_EDITOR
[1.898s] -- looking for PCL_OUTOFCORE
[1.898s] -- looking for PCL_PEOPLE
[2.007s] -- Configuring done
[2.893s] -- Generating done
[2.896s] -- Build files have been written to: /home/evan/code/ndt-loc/build/map
[2.938s] [ 50%] [32mBuilding CXX object CMakeFiles/LidarData.dir/src/LidarData.cpp.o[0m
[3.120s] [01m[K/home/evan/code/ndt-loc/src/map/src/LidarData.cpp:1:10:[m[K [01;31m[Kfatal error: [m[KLidarData.h: No such file or directory
[3.120s]     1 | #include [01;31m[K"LidarData.h"[m[K
[3.121s]       |          [01;31m[K^~~~~~~~~~~~~[m[K
[3.121s] compilation terminated.
[3.123s] gmake[2]: *** [CMakeFiles/LidarData.dir/build.make:76: CMakeFiles/LidarData.dir/src/LidarData.cpp.o] Error 1
[3.124s] gmake[1]: *** [CMakeFiles/Makefile2:137: CMakeFiles/LidarData.dir/all] Error 2
[3.125s] gmake: *** [Makefile:146: all] Error 2
[3.132s] Invoked command in '/home/evan/code/ndt-loc/build/map' returned '2': CMAKE_PREFIX_PATH=${CMAKE_PREFIX_PATH}:/opt/ros/humble /usr/bin/cmake --build /home/evan/code/ndt-loc/build/map -- -j4 -l4
