[0.781s] Invoking command in '/home/evan/code/ndt-loc/build/cloud_msgs': CMAKE_PREFIX_PATH=${CMAKE_PREFIX_PATH}:/opt/ros/humble /usr/bin/cmake --build /home/evan/code/ndt-loc/build/cloud_msgs -- -j4 -l4
[1.084s] [  9%] Built target cloud_msgs__rosidl_generator_c
[1.084s] [ 12%] Built target cloud_msgs__cpp
[1.084s] [ 12%] Built target ament_cmake_python_copy_cloud_msgs
[1.084s] [ 22%] Built target cloud_msgs__rosidl_typesupport_introspection_c
[1.084s] [ 32%] Built target cloud_msgs__rosidl_typesupport_c
[1.084s] [ 41%] Built target cloud_msgs__rosidl_typesupport_fastrtps_c
[1.084s] [ 51%] Built target cloud_msgs__rosidl_typesupport_fastrtps_cpp
[1.084s] [ 61%] Built target cloud_msgs__rosidl_typesupport_cpp
[1.085s] [ 70%] Built target cloud_msgs__rosidl_typesupport_introspection_cpp
[1.085s] [ 70%] Built target cloud_msgs
[1.085s] [ 74%] Built target cloud_msgs__py
[1.115s] [ 80%] Built target cloud_msgs__rosidl_generator_py
[1.149s] [ 87%] Built target cloud_msgs__rosidl_typesupport_introspection_c__pyext
[1.163s] [ 93%] Built target cloud_msgs__rosidl_typesupport_c__pyext
[1.173s] [100%] Built target cloud_msgs__rosidl_typesupport_fastrtps_c__pyext
[1.351s] running egg_info
[1.352s] writing cloud_msgs.egg-info/PKG-INFO
[1.362s] writing dependency_links to cloud_msgs.egg-info/dependency_links.txt
[1.546s] writing top-level names to cloud_msgs.egg-info/top_level.txt
[1.781s] reading manifest file 'cloud_msgs.egg-info/SOURCES.txt'
[1.781s] writing manifest file 'cloud_msgs.egg-info/SOURCES.txt'
[2.026s] [100%] Built target ament_cmake_python_build_cloud_msgs_egg
[2.413s] Invoked command in '/home/evan/code/ndt-loc/build/cloud_msgs' returned '0': CMAKE_PREFIX_PATH=${CMAKE_PREFIX_PATH}:/opt/ros/humble /usr/bin/cmake --build /home/evan/code/ndt-loc/build/cloud_msgs -- -j4 -l4
[3.220s] Invoking command in '/home/evan/code/ndt-loc/build/cloud_msgs': CMAKE_PREFIX_PATH=${CMAKE_PREFIX_PATH}:/opt/ros/humble /usr/bin/cmake --install /home/evan/code/ndt-loc/build/cloud_msgs
[3.220s] -- Install configuration: ""
[3.220s] -- Up-to-date: /home/evan/code/ndt-loc/install/cloud_msgs/share/ament_index/resource_index/rosidl_interfaces/cloud_msgs
[3.220s] -- Up-to-date: /home/evan/code/ndt-loc/install/cloud_msgs/include/cloud_msgs/cloud_msgs
[3.221s] -- Up-to-date: /home/evan/code/ndt-loc/install/cloud_msgs/include/cloud_msgs/cloud_msgs/msg
[3.221s] -- Up-to-date: /home/evan/code/ndt-loc/install/cloud_msgs/include/cloud_msgs/cloud_msgs/msg/detail
[3.221s] -- Up-to-date: /home/evan/code/ndt-loc/install/cloud_msgs/include/cloud_msgs/cloud_msgs/msg/detail/cloud_info__functions.c
[3.221s] -- Up-to-date: /home/evan/code/ndt-loc/install/cloud_msgs/include/cloud_msgs/cloud_msgs/msg/detail/cloud_info__struct.h
[3.221s] -- Up-to-date: /home/evan/code/ndt-loc/install/cloud_msgs/include/cloud_msgs/cloud_msgs/msg/detail/cloud_info__functions.h
[3.221s] -- Up-to-date: /home/evan/code/ndt-loc/install/cloud_msgs/include/cloud_msgs/cloud_msgs/msg/detail/cloud_info__type_support.h
[3.221s] -- Up-to-date: /home/evan/code/ndt-loc/install/cloud_msgs/include/cloud_msgs/cloud_msgs/msg/cloud_info.h
[3.221s] -- Up-to-date: /home/evan/code/ndt-loc/install/cloud_msgs/include/cloud_msgs/cloud_msgs/msg/rosidl_generator_c__visibility_control.h
[3.221s] -- Up-to-date: /home/evan/code/ndt-loc/install/cloud_msgs/share/cloud_msgs/environment/library_path.sh
[3.221s] -- Up-to-date: /home/evan/code/ndt-loc/install/cloud_msgs/share/cloud_msgs/environment/library_path.dsv
[3.221s] -- Up-to-date: /home/evan/code/ndt-loc/install/cloud_msgs/lib/libcloud_msgs__rosidl_generator_c.so
[3.221s] -- Up-to-date: /home/evan/code/ndt-loc/install/cloud_msgs/include/cloud_msgs/cloud_msgs
[3.221s] -- Up-to-date: /home/evan/code/ndt-loc/install/cloud_msgs/include/cloud_msgs/cloud_msgs/msg
[3.221s] -- Up-to-date: /home/evan/code/ndt-loc/install/cloud_msgs/include/cloud_msgs/cloud_msgs/msg/detail
[3.222s] -- Up-to-date: /home/evan/code/ndt-loc/install/cloud_msgs/include/cloud_msgs/cloud_msgs/msg/detail/cloud_info__rosidl_typesupport_fastrtps_c.h
[3.222s] -- Up-to-date: /home/evan/code/ndt-loc/install/cloud_msgs/include/cloud_msgs/cloud_msgs/msg/rosidl_typesupport_fastrtps_c__visibility_control.h
[3.222s] -- Up-to-date: /home/evan/code/ndt-loc/install/cloud_msgs/lib/libcloud_msgs__rosidl_typesupport_fastrtps_c.so
[3.222s] -- Up-to-date: /home/evan/code/ndt-loc/install/cloud_msgs/include/cloud_msgs/cloud_msgs
[3.222s] -- Up-to-date: /home/evan/code/ndt-loc/install/cloud_msgs/include/cloud_msgs/cloud_msgs/msg
[3.222s] -- Up-to-date: /home/evan/code/ndt-loc/install/cloud_msgs/include/cloud_msgs/cloud_msgs/msg/detail
[3.222s] -- Up-to-date: /home/evan/code/ndt-loc/install/cloud_msgs/include/cloud_msgs/cloud_msgs/msg/detail/cloud_info__builder.hpp
[3.222s] -- Up-to-date: /home/evan/code/ndt-loc/install/cloud_msgs/include/cloud_msgs/cloud_msgs/msg/detail/cloud_info__traits.hpp
[3.222s] -- Up-to-date: /home/evan/code/ndt-loc/install/cloud_msgs/include/cloud_msgs/cloud_msgs/msg/detail/cloud_info__struct.hpp
[3.222s] -- Up-to-date: /home/evan/code/ndt-loc/install/cloud_msgs/include/cloud_msgs/cloud_msgs/msg/cloud_info.hpp
[3.222s] -- Up-to-date: /home/evan/code/ndt-loc/install/cloud_msgs/include/cloud_msgs/cloud_msgs
[3.222s] -- Up-to-date: /home/evan/code/ndt-loc/install/cloud_msgs/include/cloud_msgs/cloud_msgs/msg
[3.222s] -- Up-to-date: /home/evan/code/ndt-loc/install/cloud_msgs/include/cloud_msgs/cloud_msgs/msg/detail
[3.222s] -- Up-to-date: /home/evan/code/ndt-loc/install/cloud_msgs/include/cloud_msgs/cloud_msgs/msg/detail/dds_fastrtps
[3.222s] -- Up-to-date: /home/evan/code/ndt-loc/install/cloud_msgs/include/cloud_msgs/cloud_msgs/msg/detail/cloud_info__rosidl_typesupport_fastrtps_cpp.hpp
[3.223s] -- Up-to-date: /home/evan/code/ndt-loc/install/cloud_msgs/include/cloud_msgs/cloud_msgs/msg/rosidl_typesupport_fastrtps_cpp__visibility_control.h
[3.223s] -- Up-to-date: /home/evan/code/ndt-loc/install/cloud_msgs/lib/libcloud_msgs__rosidl_typesupport_fastrtps_cpp.so
[3.223s] -- Up-to-date: /home/evan/code/ndt-loc/install/cloud_msgs/include/cloud_msgs/cloud_msgs
[3.223s] -- Up-to-date: /home/evan/code/ndt-loc/install/cloud_msgs/include/cloud_msgs/cloud_msgs/msg
[3.223s] -- Up-to-date: /home/evan/code/ndt-loc/install/cloud_msgs/include/cloud_msgs/cloud_msgs/msg/detail
[3.223s] -- Up-to-date: /home/evan/code/ndt-loc/install/cloud_msgs/include/cloud_msgs/cloud_msgs/msg/detail/cloud_info__rosidl_typesupport_introspection_c.h
[3.223s] -- Up-to-date: /home/evan/code/ndt-loc/install/cloud_msgs/include/cloud_msgs/cloud_msgs/msg/detail/cloud_info__type_support.c
[3.223s] -- Up-to-date: /home/evan/code/ndt-loc/install/cloud_msgs/include/cloud_msgs/cloud_msgs/msg/rosidl_typesupport_introspection_c__visibility_control.h
[3.223s] -- Up-to-date: /home/evan/code/ndt-loc/install/cloud_msgs/lib/libcloud_msgs__rosidl_typesupport_introspection_c.so
[3.223s] -- Up-to-date: /home/evan/code/ndt-loc/install/cloud_msgs/lib/libcloud_msgs__rosidl_typesupport_c.so
[3.223s] -- Up-to-date: /home/evan/code/ndt-loc/install/cloud_msgs/include/cloud_msgs/cloud_msgs
[3.223s] -- Up-to-date: /home/evan/code/ndt-loc/install/cloud_msgs/include/cloud_msgs/cloud_msgs/msg
[3.223s] -- Up-to-date: /home/evan/code/ndt-loc/install/cloud_msgs/include/cloud_msgs/cloud_msgs/msg/detail
[3.223s] -- Up-to-date: /home/evan/code/ndt-loc/install/cloud_msgs/include/cloud_msgs/cloud_msgs/msg/detail/cloud_info__type_support.cpp
[3.224s] -- Up-to-date: /home/evan/code/ndt-loc/install/cloud_msgs/include/cloud_msgs/cloud_msgs/msg/detail/cloud_info__rosidl_typesupport_introspection_cpp.hpp
[3.224s] -- Up-to-date: /home/evan/code/ndt-loc/install/cloud_msgs/lib/libcloud_msgs__rosidl_typesupport_introspection_cpp.so
[3.224s] -- Up-to-date: /home/evan/code/ndt-loc/install/cloud_msgs/lib/libcloud_msgs__rosidl_typesupport_cpp.so
[3.224s] -- Up-to-date: /home/evan/code/ndt-loc/install/cloud_msgs/share/cloud_msgs/environment/pythonpath.sh
[3.224s] -- Up-to-date: /home/evan/code/ndt-loc/install/cloud_msgs/share/cloud_msgs/environment/pythonpath.dsv
[3.224s] -- Up-to-date: /home/evan/code/ndt-loc/install/cloud_msgs/local/lib/python3.10/dist-packages/cloud_msgs-0.0.0-py3.10.egg-info
[3.224s] -- Installing: /home/evan/code/ndt-loc/install/cloud_msgs/local/lib/python3.10/dist-packages/cloud_msgs-0.0.0-py3.10.egg-info/top_level.txt
[3.224s] -- Installing: /home/evan/code/ndt-loc/install/cloud_msgs/local/lib/python3.10/dist-packages/cloud_msgs-0.0.0-py3.10.egg-info/dependency_links.txt
[3.224s] -- Installing: /home/evan/code/ndt-loc/install/cloud_msgs/local/lib/python3.10/dist-packages/cloud_msgs-0.0.0-py3.10.egg-info/PKG-INFO
[3.231s] -- Installing: /home/evan/code/ndt-loc/install/cloud_msgs/local/lib/python3.10/dist-packages/cloud_msgs-0.0.0-py3.10.egg-info/SOURCES.txt
[3.231s] -- Up-to-date: /home/evan/code/ndt-loc/install/cloud_msgs/local/lib/python3.10/dist-packages/cloud_msgs
[3.231s] -- Up-to-date: /home/evan/code/ndt-loc/install/cloud_msgs/local/lib/python3.10/dist-packages/cloud_msgs/msg
[3.231s] -- Up-to-date: /home/evan/code/ndt-loc/install/cloud_msgs/local/lib/python3.10/dist-packages/cloud_msgs/msg/_cloud_info.py
[3.231s] -- Up-to-date: /home/evan/code/ndt-loc/install/cloud_msgs/local/lib/python3.10/dist-packages/cloud_msgs/msg/__init__.py
[3.231s] -- Up-to-date: /home/evan/code/ndt-loc/install/cloud_msgs/local/lib/python3.10/dist-packages/cloud_msgs/msg/_cloud_info_s.c
[3.231s] -- Up-to-date: /home/evan/code/ndt-loc/install/cloud_msgs/local/lib/python3.10/dist-packages/cloud_msgs/_cloud_msgs_s.ep.rosidl_typesupport_c.c
[3.231s] -- Up-to-date: /home/evan/code/ndt-loc/install/cloud_msgs/local/lib/python3.10/dist-packages/cloud_msgs/libcloud_msgs__rosidl_generator_py.so
[3.231s] -- Up-to-date: /home/evan/code/ndt-loc/install/cloud_msgs/local/lib/python3.10/dist-packages/cloud_msgs/_cloud_msgs_s.ep.rosidl_typesupport_fastrtps_c.c
[3.232s] -- Up-to-date: /home/evan/code/ndt-loc/install/cloud_msgs/local/lib/python3.10/dist-packages/cloud_msgs/cloud_msgs_s__rosidl_typesupport_fastrtps_c.cpython-310-x86_64-linux-gnu.so
[3.232s] -- Up-to-date: /home/evan/code/ndt-loc/install/cloud_msgs/local/lib/python3.10/dist-packages/cloud_msgs/cloud_msgs_s__rosidl_typesupport_introspection_c.cpython-310-x86_64-linux-gnu.so
[3.232s] -- Up-to-date: /home/evan/code/ndt-loc/install/cloud_msgs/local/lib/python3.10/dist-packages/cloud_msgs/_cloud_msgs_s.ep.rosidl_typesupport_introspection_c.c
[3.232s] -- Up-to-date: /home/evan/code/ndt-loc/install/cloud_msgs/local/lib/python3.10/dist-packages/cloud_msgs/__init__.py
[3.232s] -- Up-to-date: /home/evan/code/ndt-loc/install/cloud_msgs/local/lib/python3.10/dist-packages/cloud_msgs/cloud_msgs_s__rosidl_typesupport_c.cpython-310-x86_64-linux-gnu.so
[3.232s] Listing '/home/evan/code/ndt-loc/install/cloud_msgs/local/lib/python3.10/dist-packages/cloud_msgs'...
[3.232s] Listing '/home/evan/code/ndt-loc/install/cloud_msgs/local/lib/python3.10/dist-packages/cloud_msgs/msg'...
[3.232s] -- Up-to-date: /home/evan/code/ndt-loc/install/cloud_msgs/local/lib/python3.10/dist-packages/cloud_msgs/cloud_msgs_s__rosidl_typesupport_fastrtps_c.cpython-310-x86_64-linux-gnu.so
[3.232s] -- Up-to-date: /home/evan/code/ndt-loc/install/cloud_msgs/local/lib/python3.10/dist-packages/cloud_msgs/cloud_msgs_s__rosidl_typesupport_introspection_c.cpython-310-x86_64-linux-gnu.so
[3.232s] -- Up-to-date: /home/evan/code/ndt-loc/install/cloud_msgs/local/lib/python3.10/dist-packages/cloud_msgs/cloud_msgs_s__rosidl_typesupport_c.cpython-310-x86_64-linux-gnu.so
[3.232s] -- Up-to-date: /home/evan/code/ndt-loc/install/cloud_msgs/lib/libcloud_msgs__rosidl_generator_py.so
[3.232s] -- Up-to-date: /home/evan/code/ndt-loc/install/cloud_msgs/share/cloud_msgs/msg/CloudInfo.idl
[3.232s] -- Up-to-date: /home/evan/code/ndt-loc/install/cloud_msgs/share/cloud_msgs/msg/CloudInfo.msg
[3.232s] -- Up-to-date: /home/evan/code/ndt-loc/install/cloud_msgs/share/ament_index/resource_index/package_run_dependencies/cloud_msgs
[3.233s] -- Up-to-date: /home/evan/code/ndt-loc/install/cloud_msgs/share/ament_index/resource_index/parent_prefix_path/cloud_msgs
[3.233s] -- Up-to-date: /home/evan/code/ndt-loc/install/cloud_msgs/share/cloud_msgs/environment/ament_prefix_path.sh
[3.233s] -- Up-to-date: /home/evan/code/ndt-loc/install/cloud_msgs/share/cloud_msgs/environment/ament_prefix_path.dsv
[3.233s] -- Up-to-date: /home/evan/code/ndt-loc/install/cloud_msgs/share/cloud_msgs/environment/path.sh
[3.233s] -- Up-to-date: /home/evan/code/ndt-loc/install/cloud_msgs/share/cloud_msgs/environment/path.dsv
[3.233s] -- Up-to-date: /home/evan/code/ndt-loc/install/cloud_msgs/share/cloud_msgs/local_setup.bash
[3.233s] -- Up-to-date: /home/evan/code/ndt-loc/install/cloud_msgs/share/cloud_msgs/local_setup.sh
[3.233s] -- Up-to-date: /home/evan/code/ndt-loc/install/cloud_msgs/share/cloud_msgs/local_setup.zsh
[3.233s] -- Up-to-date: /home/evan/code/ndt-loc/install/cloud_msgs/share/cloud_msgs/local_setup.dsv
[3.233s] -- Installing: /home/evan/code/ndt-loc/install/cloud_msgs/share/cloud_msgs/package.dsv
[3.233s] -- Up-to-date: /home/evan/code/ndt-loc/install/cloud_msgs/share/ament_index/resource_index/packages/cloud_msgs
[3.233s] -- Up-to-date: /home/evan/code/ndt-loc/install/cloud_msgs/share/cloud_msgs/cmake/export_cloud_msgs__rosidl_generator_cExport.cmake
[3.233s] -- Up-to-date: /home/evan/code/ndt-loc/install/cloud_msgs/share/cloud_msgs/cmake/export_cloud_msgs__rosidl_generator_cExport-noconfig.cmake
[3.233s] -- Up-to-date: /home/evan/code/ndt-loc/install/cloud_msgs/share/cloud_msgs/cmake/export_cloud_msgs__rosidl_typesupport_fastrtps_cExport.cmake
[3.234s] -- Up-to-date: /home/evan/code/ndt-loc/install/cloud_msgs/share/cloud_msgs/cmake/export_cloud_msgs__rosidl_typesupport_fastrtps_cExport-noconfig.cmake
[3.234s] -- Up-to-date: /home/evan/code/ndt-loc/install/cloud_msgs/share/cloud_msgs/cmake/export_cloud_msgs__rosidl_generator_cppExport.cmake
[3.234s] -- Up-to-date: /home/evan/code/ndt-loc/install/cloud_msgs/share/cloud_msgs/cmake/export_cloud_msgs__rosidl_typesupport_fastrtps_cppExport.cmake
[3.234s] -- Up-to-date: /home/evan/code/ndt-loc/install/cloud_msgs/share/cloud_msgs/cmake/export_cloud_msgs__rosidl_typesupport_fastrtps_cppExport-noconfig.cmake
[3.234s] -- Up-to-date: /home/evan/code/ndt-loc/install/cloud_msgs/share/cloud_msgs/cmake/cloud_msgs__rosidl_typesupport_introspection_cExport.cmake
[3.234s] -- Up-to-date: /home/evan/code/ndt-loc/install/cloud_msgs/share/cloud_msgs/cmake/cloud_msgs__rosidl_typesupport_introspection_cExport-noconfig.cmake
[3.234s] -- Up-to-date: /home/evan/code/ndt-loc/install/cloud_msgs/share/cloud_msgs/cmake/cloud_msgs__rosidl_typesupport_cExport.cmake
[3.242s] -- Up-to-date: /home/evan/code/ndt-loc/install/cloud_msgs/share/cloud_msgs/cmake/cloud_msgs__rosidl_typesupport_cExport-noconfig.cmake
[3.242s] -- Up-to-date: /home/evan/code/ndt-loc/install/cloud_msgs/share/cloud_msgs/cmake/cloud_msgs__rosidl_typesupport_introspection_cppExport.cmake
[3.242s] -- Up-to-date: /home/evan/code/ndt-loc/install/cloud_msgs/share/cloud_msgs/cmake/cloud_msgs__rosidl_typesupport_introspection_cppExport-noconfig.cmake
[3.243s] -- Up-to-date: /home/evan/code/ndt-loc/install/cloud_msgs/share/cloud_msgs/cmake/cloud_msgs__rosidl_typesupport_cppExport.cmake
[3.243s] -- Up-to-date: /home/evan/code/ndt-loc/install/cloud_msgs/share/cloud_msgs/cmake/cloud_msgs__rosidl_typesupport_cppExport-noconfig.cmake
[3.243s] -- Up-to-date: /home/evan/code/ndt-loc/install/cloud_msgs/share/cloud_msgs/cmake/export_cloud_msgs__rosidl_generator_pyExport.cmake
[3.243s] -- Up-to-date: /home/evan/code/ndt-loc/install/cloud_msgs/share/cloud_msgs/cmake/export_cloud_msgs__rosidl_generator_pyExport-noconfig.cmake
[3.243s] -- Up-to-date: /home/evan/code/ndt-loc/install/cloud_msgs/share/cloud_msgs/cmake/rosidl_cmake-extras.cmake
[3.243s] -- Up-to-date: /home/evan/code/ndt-loc/install/cloud_msgs/share/cloud_msgs/cmake/ament_cmake_export_dependencies-extras.cmake
[3.243s] -- Up-to-date: /home/evan/code/ndt-loc/install/cloud_msgs/share/cloud_msgs/cmake/ament_cmake_export_include_directories-extras.cmake
[3.243s] -- Up-to-date: /home/evan/code/ndt-loc/install/cloud_msgs/share/cloud_msgs/cmake/ament_cmake_export_libraries-extras.cmake
[3.243s] -- Up-to-date: /home/evan/code/ndt-loc/install/cloud_msgs/share/cloud_msgs/cmake/ament_cmake_export_targets-extras.cmake
[3.243s] -- Up-to-date: /home/evan/code/ndt-loc/install/cloud_msgs/share/cloud_msgs/cmake/rosidl_cmake_export_typesupport_targets-extras.cmake
[3.243s] -- Up-to-date: /home/evan/code/ndt-loc/install/cloud_msgs/share/cloud_msgs/cmake/rosidl_cmake_export_typesupport_libraries-extras.cmake
[3.243s] -- Up-to-date: /home/evan/code/ndt-loc/install/cloud_msgs/share/cloud_msgs/cmake/cloud_msgsConfig.cmake
[3.243s] -- Up-to-date: /home/evan/code/ndt-loc/install/cloud_msgs/share/cloud_msgs/cmake/cloud_msgsConfig-version.cmake
[3.243s] -- Up-to-date: /home/evan/code/ndt-loc/install/cloud_msgs/share/cloud_msgs/package.xml
[3.244s] Invoked command in '/home/evan/code/ndt-loc/build/cloud_msgs' returned '0': CMAKE_PREFIX_PATH=${CMAKE_PREFIX_PATH}:/opt/ros/humble /usr/bin/cmake --install /home/evan/code/ndt-loc/build/cloud_msgs
