[1.816s] DEBUG:colcon:Command line arguments: ['/usr/bin/colcon', 'build', '--packages-select', 'data-publisher']
[1.817s] DEBUG:colcon:Parsed command line arguments: Namespace(log_base=None, log_level=None, verb_name='build', build_base='build', install_base='install', merge_install=False, symlink_install=False, test_result_base=None, continue_on_error=False, executor='parallel', parallel_workers=4, event_handlers=None, ignore_user_meta=False, metas=['./colcon.meta'], base_paths=['.'], packages_ignore=None, packages_ignore_regex=None, paths=None, packages_up_to=None, packages_up_to_regex=None, packages_above=None, packages_above_and_dependencies=None, packages_above_depth=None, packages_select_by_dep=None, packages_skip_by_dep=None, packages_skip_up_to=None, packages_select_build_failed=False, packages_skip_build_finished=False, packages_select_test_failures=False, packages_skip_test_passed=False, packages_select=['data-publisher'], packages_skip=None, packages_select_regex=None, packages_skip_regex=None, packages_start=None, packages_end=None, allow_overriding=[], cmake_args=None, cmake_target=None, cmake_target_skip_unavailable=False, cmake_clean_cache=False, cmake_clean_first=False, cmake_force_configure=False, ament_cmake_args=None, catkin_cmake_args=None, catkin_skip_building_tests=False, verb_parser=<colcon_defaults.argument_parser.defaults.DefaultArgumentsDecorator object at 0x7f1085086590>, verb_extension=<colcon_core.verb.build.BuildVerb object at 0x7f10858869e0>, main=<bound method BuildVerb.main of <colcon_core.verb.build.BuildVerb object at 0x7f10858869e0>>)
[2.149s] Level 1:colcon.colcon_core.package_discovery:discover_packages(colcon_meta) check parameters
[2.149s] Level 1:colcon.colcon_core.package_discovery:discover_packages(recursive) check parameters
[2.149s] Level 1:colcon.colcon_core.package_discovery:discover_packages(ignore) check parameters
[2.149s] Level 1:colcon.colcon_core.package_discovery:discover_packages(path) check parameters
[2.149s] Level 1:colcon.colcon_core.package_discovery:discover_packages(colcon_meta) discover
[2.149s] Level 1:colcon.colcon_core.package_discovery:discover_packages(recursive) discover
[2.150s] INFO:colcon.colcon_core.package_discovery:Crawling recursively for packages in '/home/evan/code/ndt-loc'
[2.150s] Level 1:colcon.colcon_core.package_identification:_identify(.) by extensions ['ignore', 'ignore_ament_install']
[2.150s] Level 1:colcon.colcon_core.package_identification:_identify(.) by extension 'ignore'
[2.150s] Level 1:colcon.colcon_core.package_identification:_identify(.) by extension 'ignore_ament_install'
[2.150s] Level 1:colcon.colcon_core.package_identification:_identify(.) by extensions ['colcon_pkg']
[2.150s] Level 1:colcon.colcon_core.package_identification:_identify(.) by extension 'colcon_pkg'
[2.150s] Level 1:colcon.colcon_core.package_identification:_identify(.) by extensions ['colcon_meta']
[2.150s] Level 1:colcon.colcon_core.package_identification:_identify(.) by extension 'colcon_meta'
[2.150s] Level 1:colcon.colcon_core.package_identification:_identify(.) by extensions ['ros']
[2.150s] Level 1:colcon.colcon_core.package_identification:_identify(.) by extension 'ros'
[2.163s] Level 1:colcon.colcon_core.package_identification:_identify(.) by extensions ['cmake', 'python']
[2.163s] Level 1:colcon.colcon_core.package_identification:_identify(.) by extension 'cmake'
[2.163s] Level 1:colcon.colcon_core.package_identification:_identify(.) by extension 'python'
[2.163s] Level 1:colcon.colcon_core.package_identification:_identify(.) by extensions ['python_setup_py']
[2.163s] Level 1:colcon.colcon_core.package_identification:_identify(.) by extension 'python_setup_py'
[2.164s] Level 1:colcon.colcon_core.package_identification:_identify(build) by extensions ['ignore', 'ignore_ament_install']
[2.164s] Level 1:colcon.colcon_core.package_identification:_identify(build) by extension 'ignore'
[2.164s] Level 1:colcon.colcon_core.package_identification:_identify(build) ignored
[2.164s] Level 1:colcon.colcon_core.package_identification:_identify(install) by extensions ['ignore', 'ignore_ament_install']
[2.164s] Level 1:colcon.colcon_core.package_identification:_identify(install) by extension 'ignore'
[2.164s] Level 1:colcon.colcon_core.package_identification:_identify(install) ignored
[2.164s] Level 1:colcon.colcon_core.package_identification:_identify(launch) by extensions ['ignore', 'ignore_ament_install']
[2.164s] Level 1:colcon.colcon_core.package_identification:_identify(launch) by extension 'ignore'
[2.164s] Level 1:colcon.colcon_core.package_identification:_identify(launch) by extension 'ignore_ament_install'
[2.165s] Level 1:colcon.colcon_core.package_identification:_identify(launch) by extensions ['colcon_pkg']
[2.165s] Level 1:colcon.colcon_core.package_identification:_identify(launch) by extension 'colcon_pkg'
[2.165s] Level 1:colcon.colcon_core.package_identification:_identify(launch) by extensions ['colcon_meta']
[2.165s] Level 1:colcon.colcon_core.package_identification:_identify(launch) by extension 'colcon_meta'
[2.165s] Level 1:colcon.colcon_core.package_identification:_identify(launch) by extensions ['ros']
[2.165s] Level 1:colcon.colcon_core.package_identification:_identify(launch) by extension 'ros'
[2.165s] Level 1:colcon.colcon_core.package_identification:_identify(launch) by extensions ['cmake', 'python']
[2.165s] Level 1:colcon.colcon_core.package_identification:_identify(launch) by extension 'cmake'
[2.165s] Level 1:colcon.colcon_core.package_identification:_identify(launch) by extension 'python'
[2.165s] Level 1:colcon.colcon_core.package_identification:_identify(launch) by extensions ['python_setup_py']
[2.165s] Level 1:colcon.colcon_core.package_identification:_identify(launch) by extension 'python_setup_py'
[2.165s] Level 1:colcon.colcon_core.package_identification:_identify(launch/a-loam) by extensions ['ignore', 'ignore_ament_install']
[2.165s] Level 1:colcon.colcon_core.package_identification:_identify(launch/a-loam) by extension 'ignore'
[2.165s] Level 1:colcon.colcon_core.package_identification:_identify(launch/a-loam) by extension 'ignore_ament_install'
[2.165s] Level 1:colcon.colcon_core.package_identification:_identify(launch/a-loam) by extensions ['colcon_pkg']
[2.165s] Level 1:colcon.colcon_core.package_identification:_identify(launch/a-loam) by extension 'colcon_pkg'
[2.165s] Level 1:colcon.colcon_core.package_identification:_identify(launch/a-loam) by extensions ['colcon_meta']
[2.165s] Level 1:colcon.colcon_core.package_identification:_identify(launch/a-loam) by extension 'colcon_meta'
[2.165s] Level 1:colcon.colcon_core.package_identification:_identify(launch/a-loam) by extensions ['ros']
[2.166s] Level 1:colcon.colcon_core.package_identification:_identify(launch/a-loam) by extension 'ros'
[2.166s] Level 1:colcon.colcon_core.package_identification:_identify(launch/a-loam) by extensions ['cmake', 'python']
[2.166s] Level 1:colcon.colcon_core.package_identification:_identify(launch/a-loam) by extension 'cmake'
[2.166s] Level 1:colcon.colcon_core.package_identification:_identify(launch/a-loam) by extension 'python'
[2.166s] Level 1:colcon.colcon_core.package_identification:_identify(launch/a-loam) by extensions ['python_setup_py']
[2.166s] Level 1:colcon.colcon_core.package_identification:_identify(launch/a-loam) by extension 'python_setup_py'
[2.166s] Level 1:colcon.colcon_core.package_identification:_identify(launch/a-loam/__pycache__) by extensions ['ignore', 'ignore_ament_install']
[2.166s] Level 1:colcon.colcon_core.package_identification:_identify(launch/a-loam/__pycache__) by extension 'ignore'
[2.166s] Level 1:colcon.colcon_core.package_identification:_identify(launch/a-loam/__pycache__) by extension 'ignore_ament_install'
[2.166s] Level 1:colcon.colcon_core.package_identification:_identify(launch/a-loam/__pycache__) by extensions ['colcon_pkg']
[2.166s] Level 1:colcon.colcon_core.package_identification:_identify(launch/a-loam/__pycache__) by extension 'colcon_pkg'
[2.166s] Level 1:colcon.colcon_core.package_identification:_identify(launch/a-loam/__pycache__) by extensions ['colcon_meta']
[2.166s] Level 1:colcon.colcon_core.package_identification:_identify(launch/a-loam/__pycache__) by extension 'colcon_meta'
[2.166s] Level 1:colcon.colcon_core.package_identification:_identify(launch/a-loam/__pycache__) by extensions ['ros']
[2.166s] Level 1:colcon.colcon_core.package_identification:_identify(launch/a-loam/__pycache__) by extension 'ros'
[2.167s] Level 1:colcon.colcon_core.package_identification:_identify(launch/a-loam/__pycache__) by extensions ['cmake', 'python']
[2.167s] Level 1:colcon.colcon_core.package_identification:_identify(launch/a-loam/__pycache__) by extension 'cmake'
[2.167s] Level 1:colcon.colcon_core.package_identification:_identify(launch/a-loam/__pycache__) by extension 'python'
[2.167s] Level 1:colcon.colcon_core.package_identification:_identify(launch/a-loam/__pycache__) by extensions ['python_setup_py']
[2.167s] Level 1:colcon.colcon_core.package_identification:_identify(launch/a-loam/__pycache__) by extension 'python_setup_py'
[2.167s] Level 1:colcon.colcon_core.package_identification:_identify(log) by extensions ['ignore', 'ignore_ament_install']
[2.167s] Level 1:colcon.colcon_core.package_identification:_identify(log) by extension 'ignore'
[2.167s] Level 1:colcon.colcon_core.package_identification:_identify(log) ignored
[2.167s] Level 1:colcon.colcon_core.package_identification:_identify(src) by extensions ['ignore', 'ignore_ament_install']
[2.167s] Level 1:colcon.colcon_core.package_identification:_identify(src) by extension 'ignore'
[2.168s] Level 1:colcon.colcon_core.package_identification:_identify(src) by extension 'ignore_ament_install'
[2.168s] Level 1:colcon.colcon_core.package_identification:_identify(src) by extensions ['colcon_pkg']
[2.168s] Level 1:colcon.colcon_core.package_identification:_identify(src) by extension 'colcon_pkg'
[2.168s] Level 1:colcon.colcon_core.package_identification:_identify(src) by extensions ['colcon_meta']
[2.168s] Level 1:colcon.colcon_core.package_identification:_identify(src) by extension 'colcon_meta'
[2.168s] Level 1:colcon.colcon_core.package_identification:_identify(src) by extensions ['ros']
[2.168s] Level 1:colcon.colcon_core.package_identification:_identify(src) by extension 'ros'
[2.168s] Level 1:colcon.colcon_core.package_identification:_identify(src) by extensions ['cmake', 'python']
[2.168s] Level 1:colcon.colcon_core.package_identification:_identify(src) by extension 'cmake'
[2.168s] Level 1:colcon.colcon_core.package_identification:_identify(src) by extension 'python'
[2.168s] Level 1:colcon.colcon_core.package_identification:_identify(src) by extensions ['python_setup_py']
[2.168s] Level 1:colcon.colcon_core.package_identification:_identify(src) by extension 'python_setup_py'
[2.168s] Level 1:colcon.colcon_core.package_identification:_identify(src/a-loam) by extensions ['ignore', 'ignore_ament_install']
[2.168s] Level 1:colcon.colcon_core.package_identification:_identify(src/a-loam) by extension 'ignore'
[2.168s] Level 1:colcon.colcon_core.package_identification:_identify(src/a-loam) by extension 'ignore_ament_install'
[2.168s] Level 1:colcon.colcon_core.package_identification:_identify(src/a-loam) by extensions ['colcon_pkg']
[2.168s] Level 1:colcon.colcon_core.package_identification:_identify(src/a-loam) by extension 'colcon_pkg'
[2.168s] Level 1:colcon.colcon_core.package_identification:_identify(src/a-loam) by extensions ['colcon_meta']
[2.169s] Level 1:colcon.colcon_core.package_identification:_identify(src/a-loam) by extension 'colcon_meta'
[2.169s] Level 1:colcon.colcon_core.package_identification:_identify(src/a-loam) by extensions ['ros']
[2.169s] Level 1:colcon.colcon_core.package_identification:_identify(src/a-loam) by extension 'ros'
[2.171s] DEBUG:colcon.colcon_core.package_identification:Package 'src/a-loam' with type 'ros.ament_cmake' and name 'a-loam'
[2.172s] Level 1:colcon.colcon_core.package_identification:_identify(src/cloud_msgs) by extensions ['ignore', 'ignore_ament_install']
[2.172s] Level 1:colcon.colcon_core.package_identification:_identify(src/cloud_msgs) by extension 'ignore'
[2.172s] Level 1:colcon.colcon_core.package_identification:_identify(src/cloud_msgs) by extension 'ignore_ament_install'
[2.172s] Level 1:colcon.colcon_core.package_identification:_identify(src/cloud_msgs) by extensions ['colcon_pkg']
[2.172s] Level 1:colcon.colcon_core.package_identification:_identify(src/cloud_msgs) by extension 'colcon_pkg'
[2.172s] Level 1:colcon.colcon_core.package_identification:_identify(src/cloud_msgs) by extensions ['colcon_meta']
[2.172s] Level 1:colcon.colcon_core.package_identification:_identify(src/cloud_msgs) by extension 'colcon_meta'
[2.172s] Level 1:colcon.colcon_core.package_identification:_identify(src/cloud_msgs) by extensions ['ros']
[2.172s] Level 1:colcon.colcon_core.package_identification:_identify(src/cloud_msgs) by extension 'ros'
[2.173s] DEBUG:colcon.colcon_core.package_identification:Package 'src/cloud_msgs' with type 'ros.ament_cmake' and name 'cloud_msgs'
[2.173s] Level 1:colcon.colcon_core.package_identification:_identify(src/data-publisher) by extensions ['ignore', 'ignore_ament_install']
[2.173s] Level 1:colcon.colcon_core.package_identification:_identify(src/data-publisher) by extension 'ignore'
[2.173s] Level 1:colcon.colcon_core.package_identification:_identify(src/data-publisher) by extension 'ignore_ament_install'
[2.173s] Level 1:colcon.colcon_core.package_identification:_identify(src/data-publisher) by extensions ['colcon_pkg']
[2.173s] Level 1:colcon.colcon_core.package_identification:_identify(src/data-publisher) by extension 'colcon_pkg'
[2.173s] Level 1:colcon.colcon_core.package_identification:_identify(src/data-publisher) by extensions ['colcon_meta']
[2.173s] Level 1:colcon.colcon_core.package_identification:_identify(src/data-publisher) by extension 'colcon_meta'
[2.173s] Level 1:colcon.colcon_core.package_identification:_identify(src/data-publisher) by extensions ['ros']
[2.173s] Level 1:colcon.colcon_core.package_identification:_identify(src/data-publisher) by extension 'ros'
[2.174s] DEBUG:colcon.colcon_core.package_identification:Package 'src/data-publisher' with type 'ros.ament_cmake' and name 'data-publisher'
[2.174s] Level 1:colcon.colcon_core.package_identification:_identify(src/map) by extensions ['ignore', 'ignore_ament_install']
[2.174s] Level 1:colcon.colcon_core.package_identification:_identify(src/map) by extension 'ignore'
[2.174s] Level 1:colcon.colcon_core.package_identification:_identify(src/map) by extension 'ignore_ament_install'
[2.174s] Level 1:colcon.colcon_core.package_identification:_identify(src/map) by extensions ['colcon_pkg']
[2.174s] Level 1:colcon.colcon_core.package_identification:_identify(src/map) by extension 'colcon_pkg'
[2.174s] Level 1:colcon.colcon_core.package_identification:_identify(src/map) by extensions ['colcon_meta']
[2.174s] Level 1:colcon.colcon_core.package_identification:_identify(src/map) by extension 'colcon_meta'
[2.175s] Level 1:colcon.colcon_core.package_identification:_identify(src/map) by extensions ['ros']
[2.175s] Level 1:colcon.colcon_core.package_identification:_identify(src/map) by extension 'ros'
[2.175s] DEBUG:colcon.colcon_core.package_identification:Package 'src/map' with type 'ros.ament_cmake' and name 'map'
[2.176s] Level 1:colcon.colcon_core.package_identification:_identify(src/ndt-lidar-radar) by extensions ['ignore', 'ignore_ament_install']
[2.176s] Level 1:colcon.colcon_core.package_identification:_identify(src/ndt-lidar-radar) by extension 'ignore'
[2.176s] Level 1:colcon.colcon_core.package_identification:_identify(src/ndt-lidar-radar) by extension 'ignore_ament_install'
[2.176s] Level 1:colcon.colcon_core.package_identification:_identify(src/ndt-lidar-radar) by extensions ['colcon_pkg']
[2.176s] Level 1:colcon.colcon_core.package_identification:_identify(src/ndt-lidar-radar) by extension 'colcon_pkg'
[2.176s] Level 1:colcon.colcon_core.package_identification:_identify(src/ndt-lidar-radar) by extensions ['colcon_meta']
[2.176s] Level 1:colcon.colcon_core.package_identification:_identify(src/ndt-lidar-radar) by extension 'colcon_meta'
[2.176s] Level 1:colcon.colcon_core.package_identification:_identify(src/ndt-lidar-radar) by extensions ['ros']
[2.176s] Level 1:colcon.colcon_core.package_identification:_identify(src/ndt-lidar-radar) by extension 'ros'
[2.177s] DEBUG:colcon.colcon_core.package_identification:Package 'src/ndt-lidar-radar' with type 'ros.ament_cmake' and name 'ndt-lidar-radar'
[2.177s] Level 1:colcon.colcon_core.package_identification:_identify(src/radar-odometry) by extensions ['ignore', 'ignore_ament_install']
[2.177s] Level 1:colcon.colcon_core.package_identification:_identify(src/radar-odometry) by extension 'ignore'
[2.177s] Level 1:colcon.colcon_core.package_identification:_identify(src/radar-odometry) by extension 'ignore_ament_install'
[2.177s] Level 1:colcon.colcon_core.package_identification:_identify(src/radar-odometry) by extensions ['colcon_pkg']
[2.177s] Level 1:colcon.colcon_core.package_identification:_identify(src/radar-odometry) by extension 'colcon_pkg'
[2.177s] Level 1:colcon.colcon_core.package_identification:_identify(src/radar-odometry) by extensions ['colcon_meta']
[2.177s] Level 1:colcon.colcon_core.package_identification:_identify(src/radar-odometry) by extension 'colcon_meta'
[2.177s] Level 1:colcon.colcon_core.package_identification:_identify(src/radar-odometry) by extensions ['ros']
[2.177s] Level 1:colcon.colcon_core.package_identification:_identify(src/radar-odometry) by extension 'ros'
[2.178s] DEBUG:colcon.colcon_core.package_identification:Package 'src/radar-odometry' with type 'ros.ament_cmake' and name 'radar-odometry'
[2.178s] Level 1:colcon.colcon_core.package_discovery:discover_packages(recursive) using defaults
[2.178s] Level 1:colcon.colcon_core.package_discovery:discover_packages(ignore) discover
[2.178s] Level 1:colcon.colcon_core.package_discovery:discover_packages(ignore) using defaults
[2.178s] Level 1:colcon.colcon_core.package_discovery:discover_packages(path) discover
[2.178s] Level 1:colcon.colcon_core.package_discovery:discover_packages(path) using defaults
[2.205s] INFO:colcon.colcon_core.package_selection:Skipping not selected package 'a-loam' in 'src/a-loam'
[2.205s] INFO:colcon.colcon_core.package_selection:Skipping not selected package 'cloud_msgs' in 'src/cloud_msgs'
[2.205s] INFO:colcon.colcon_core.package_selection:Skipping not selected package 'map' in 'src/map'
[2.205s] INFO:colcon.colcon_core.package_selection:Skipping not selected package 'ndt-lidar-radar' in 'src/ndt-lidar-radar'
[2.205s] INFO:colcon.colcon_core.package_selection:Skipping not selected package 'radar-odometry' in 'src/radar-odometry'
[2.263s] Level 1:colcon.colcon_core.package_discovery:discover_packages(prefix_path) check parameters
[2.264s] Level 1:colcon.colcon_core.package_discovery:discover_packages(prefix_path) discover
[2.321s] DEBUG:colcon.colcon_installed_package_information.package_discovery:Found 6 installed packages in /home/evan/code/ndt-loc/install
[2.327s] DEBUG:colcon.colcon_installed_package_information.package_discovery:Found 270 installed packages in /opt/ros/humble
[2.332s] Level 1:colcon.colcon_core.package_discovery:discover_packages(prefix_path) using defaults
[2.648s] Level 5:colcon.colcon_core.verb:set package 'data-publisher' build argument 'cmake_args' from command line to 'None'
[2.648s] Level 5:colcon.colcon_core.verb:set package 'data-publisher' build argument 'cmake_target' from command line to 'None'
[2.648s] Level 5:colcon.colcon_core.verb:set package 'data-publisher' build argument 'cmake_target_skip_unavailable' from command line to 'False'
[2.649s] Level 5:colcon.colcon_core.verb:set package 'data-publisher' build argument 'cmake_clean_cache' from command line to 'False'
[2.649s] Level 5:colcon.colcon_core.verb:set package 'data-publisher' build argument 'cmake_clean_first' from command line to 'False'
[2.649s] Level 5:colcon.colcon_core.verb:set package 'data-publisher' build argument 'cmake_force_configure' from command line to 'False'
[2.649s] Level 5:colcon.colcon_core.verb:set package 'data-publisher' build argument 'ament_cmake_args' from command line to 'None'
[2.649s] Level 5:colcon.colcon_core.verb:set package 'data-publisher' build argument 'catkin_cmake_args' from command line to 'None'
[2.649s] Level 5:colcon.colcon_core.verb:set package 'data-publisher' build argument 'catkin_skip_building_tests' from command line to 'False'
[2.649s] DEBUG:colcon.colcon_core.verb:Building package 'data-publisher' with the following arguments: {'ament_cmake_args': None, 'build_base': '/home/evan/code/ndt-loc/build/data-publisher', 'catkin_cmake_args': None, 'catkin_skip_building_tests': False, 'cmake_args': None, 'cmake_clean_cache': False, 'cmake_clean_first': False, 'cmake_force_configure': False, 'cmake_target': None, 'cmake_target_skip_unavailable': False, 'install_base': '/home/evan/code/ndt-loc/install/data-publisher', 'merge_install': False, 'path': '/home/evan/code/ndt-loc/src/data-publisher', 'symlink_install': False, 'test_result_base': None}
[2.650s] INFO:colcon.colcon_core.executor:Executing jobs using 'parallel' executor
[2.653s] DEBUG:colcon.colcon_parallel_executor.executor.parallel:run_until_complete
[2.653s] INFO:colcon.colcon_ros.task.ament_cmake.build:Building ROS package in '/home/evan/code/ndt-loc/src/data-publisher' with build type 'ament_cmake'
[2.654s] INFO:colcon.colcon_cmake.task.cmake.build:Building CMake package in '/home/evan/code/ndt-loc/src/data-publisher'
[2.692s] INFO:colcon.colcon_core.plugin_system:Skipping extension 'colcon_core.shell.bat': Not used on non-Windows systems
[2.693s] INFO:colcon.colcon_core.shell:Skip shell extension 'powershell' for command environment: Not usable outside of PowerShell
[2.693s] DEBUG:colcon.colcon_core.shell:Skip shell extension 'dsv' for command environment
[2.769s] DEBUG:colcon.colcon_core.event_handler.log_command:Invoking command in '/home/evan/code/ndt-loc/build/data-publisher': CMAKE_PREFIX_PATH=${CMAKE_PREFIX_PATH}:/opt/ros/humble /usr/bin/cmake --build /home/evan/code/ndt-loc/build/data-publisher -- -j4 -l4
[20.415s] DEBUG:colcon.colcon_core.event_handler.log_command:Invoked command in '/home/evan/code/ndt-loc/build/data-publisher' returned '0': CMAKE_PREFIX_PATH=${CMAKE_PREFIX_PATH}:/opt/ros/humble /usr/bin/cmake --build /home/evan/code/ndt-loc/build/data-publisher -- -j4 -l4
[20.450s] DEBUG:colcon.colcon_core.event_handler.log_command:Invoking command in '/home/evan/code/ndt-loc/build/data-publisher': CMAKE_PREFIX_PATH=${CMAKE_PREFIX_PATH}:/opt/ros/humble /usr/bin/cmake --install /home/evan/code/ndt-loc/build/data-publisher
[20.547s] Level 1:colcon.colcon_core.environment:create_environment_scripts_only(data-publisher)
[20.549s] DEBUG:colcon.colcon_core.event_handler.log_command:Invoked command in '/home/evan/code/ndt-loc/build/data-publisher' returned '0': CMAKE_PREFIX_PATH=${CMAKE_PREFIX_PATH}:/opt/ros/humble /usr/bin/cmake --install /home/evan/code/ndt-loc/build/data-publisher
[20.613s] Level 1:colcon.colcon_core.environment:checking '/home/evan/code/ndt-loc/install/data-publisher' for CMake module files
[20.614s] Level 1:colcon.colcon_core.environment:checking '/home/evan/code/ndt-loc/install/data-publisher' for CMake config files
[20.615s] Level 1:colcon.colcon_core.shell:create_environment_hook('data-publisher', 'cmake_prefix_path')
[20.618s] INFO:colcon.colcon_core.shell:Creating environment hook '/home/evan/code/ndt-loc/install/data-publisher/share/data-publisher/hook/cmake_prefix_path.ps1'
[20.651s] INFO:colcon.colcon_core.shell:Creating environment descriptor '/home/evan/code/ndt-loc/install/data-publisher/share/data-publisher/hook/cmake_prefix_path.dsv'
[20.663s] INFO:colcon.colcon_core.shell:Creating environment hook '/home/evan/code/ndt-loc/install/data-publisher/share/data-publisher/hook/cmake_prefix_path.sh'
[20.664s] Level 1:colcon.colcon_core.environment:checking '/home/evan/code/ndt-loc/install/data-publisher/lib'
[20.665s] Level 1:colcon.colcon_core.environment:checking '/home/evan/code/ndt-loc/install/data-publisher/bin'
[20.665s] Level 1:colcon.colcon_core.environment:checking '/home/evan/code/ndt-loc/install/data-publisher/lib/pkgconfig/data-publisher.pc'
[20.665s] Level 1:colcon.colcon_core.environment:checking '/home/evan/code/ndt-loc/install/data-publisher/lib/python3.10/site-packages'
[20.665s] Level 1:colcon.colcon_core.environment:checking '/home/evan/code/ndt-loc/install/data-publisher/bin'
[20.667s] INFO:colcon.colcon_core.shell:Creating package script '/home/evan/code/ndt-loc/install/data-publisher/share/data-publisher/package.ps1'
[20.668s] INFO:colcon.colcon_core.shell:Creating package descriptor '/home/evan/code/ndt-loc/install/data-publisher/share/data-publisher/package.dsv'
[20.669s] INFO:colcon.colcon_core.shell:Creating package script '/home/evan/code/ndt-loc/install/data-publisher/share/data-publisher/package.sh'
[20.671s] INFO:colcon.colcon_core.shell:Creating package script '/home/evan/code/ndt-loc/install/data-publisher/share/data-publisher/package.bash'
[20.689s] INFO:colcon.colcon_core.shell:Creating package script '/home/evan/code/ndt-loc/install/data-publisher/share/data-publisher/package.zsh'
[20.700s] Level 1:colcon.colcon_core.environment:create_file_with_runtime_dependencies(/home/evan/code/ndt-loc/install/data-publisher/share/colcon-core/packages/data-publisher)
[20.737s] Level 1:colcon.colcon_core.environment:create_environment_scripts_only(data-publisher)
[20.739s] Level 1:colcon.colcon_core.environment:checking '/home/evan/code/ndt-loc/install/data-publisher' for CMake module files
[20.739s] Level 1:colcon.colcon_core.environment:checking '/home/evan/code/ndt-loc/install/data-publisher' for CMake config files
[20.739s] Level 1:colcon.colcon_core.shell:create_environment_hook('data-publisher', 'cmake_prefix_path')
[20.741s] INFO:colcon.colcon_core.shell:Creating environment hook '/home/evan/code/ndt-loc/install/data-publisher/share/data-publisher/hook/cmake_prefix_path.ps1'
[20.741s] INFO:colcon.colcon_core.shell:Creating environment descriptor '/home/evan/code/ndt-loc/install/data-publisher/share/data-publisher/hook/cmake_prefix_path.dsv'
[20.742s] INFO:colcon.colcon_core.shell:Creating environment hook '/home/evan/code/ndt-loc/install/data-publisher/share/data-publisher/hook/cmake_prefix_path.sh'
[20.742s] Level 1:colcon.colcon_core.environment:checking '/home/evan/code/ndt-loc/install/data-publisher/lib'
[20.743s] Level 1:colcon.colcon_core.environment:checking '/home/evan/code/ndt-loc/install/data-publisher/bin'
[20.743s] Level 1:colcon.colcon_core.environment:checking '/home/evan/code/ndt-loc/install/data-publisher/lib/pkgconfig/data-publisher.pc'
[20.743s] Level 1:colcon.colcon_core.environment:checking '/home/evan/code/ndt-loc/install/data-publisher/lib/python3.10/site-packages'
[20.743s] Level 1:colcon.colcon_core.environment:checking '/home/evan/code/ndt-loc/install/data-publisher/bin'
[20.745s] INFO:colcon.colcon_core.shell:Creating package script '/home/evan/code/ndt-loc/install/data-publisher/share/data-publisher/package.ps1'
[20.746s] INFO:colcon.colcon_core.shell:Creating package descriptor '/home/evan/code/ndt-loc/install/data-publisher/share/data-publisher/package.dsv'
[20.747s] INFO:colcon.colcon_core.shell:Creating package script '/home/evan/code/ndt-loc/install/data-publisher/share/data-publisher/package.sh'
[20.747s] INFO:colcon.colcon_core.shell:Creating package script '/home/evan/code/ndt-loc/install/data-publisher/share/data-publisher/package.bash'
[20.748s] INFO:colcon.colcon_core.shell:Creating package script '/home/evan/code/ndt-loc/install/data-publisher/share/data-publisher/package.zsh'
[20.749s] Level 1:colcon.colcon_core.environment:create_file_with_runtime_dependencies(/home/evan/code/ndt-loc/install/data-publisher/share/colcon-core/packages/data-publisher)
[20.749s] DEBUG:colcon.colcon_parallel_executor.executor.parallel:closing loop
[20.750s] DEBUG:colcon.colcon_parallel_executor.executor.parallel:loop closed
[20.750s] DEBUG:colcon.colcon_parallel_executor.executor.parallel:run_until_complete finished with '0'
[20.750s] DEBUG:colcon.colcon_core.event_reactor:joining thread
[20.781s] INFO:colcon.colcon_core.plugin_system:Skipping extension 'colcon_notification.desktop_notification.terminal_notifier': Not used on non-Darwin systems
[20.781s] INFO:colcon.colcon_core.plugin_system:Skipping extension 'colcon_notification.desktop_notification.win32': Not used on non-Windows systems
[20.782s] INFO:colcon.colcon_notification.desktop_notification:Sending desktop notification using 'notify2'
[20.803s] DEBUG:colcon.colcon_core.event_reactor:joined thread
[20.805s] INFO:colcon.colcon_core.shell:Creating prefix script '/home/evan/code/ndt-loc/install/local_setup.ps1'
[20.807s] INFO:colcon.colcon_core.shell:Creating prefix util module '/home/evan/code/ndt-loc/install/_local_setup_util_ps1.py'
[20.808s] INFO:colcon.colcon_core.shell:Creating prefix chain script '/home/evan/code/ndt-loc/install/setup.ps1'
[20.811s] INFO:colcon.colcon_core.shell:Creating prefix script '/home/evan/code/ndt-loc/install/local_setup.sh'
[20.813s] INFO:colcon.colcon_core.shell:Creating prefix util module '/home/evan/code/ndt-loc/install/_local_setup_util_sh.py'
[20.814s] INFO:colcon.colcon_core.shell:Creating prefix chain script '/home/evan/code/ndt-loc/install/setup.sh'
[20.849s] INFO:colcon.colcon_core.shell:Creating prefix script '/home/evan/code/ndt-loc/install/local_setup.bash'
[20.862s] INFO:colcon.colcon_core.shell:Creating prefix chain script '/home/evan/code/ndt-loc/install/setup.bash'
[20.865s] INFO:colcon.colcon_core.shell:Creating prefix script '/home/evan/code/ndt-loc/install/local_setup.zsh'
[20.865s] INFO:colcon.colcon_core.shell:Creating prefix chain script '/home/evan/code/ndt-loc/install/setup.zsh'
