[0.173s] Invoking command in '/home/evan/code/ndt-loc/build/map': CMAKE_PREFIX_PATH=${CMAKE_PREFIX_PATH}:/opt/ros/humble /usr/bin/cmake --build /home/evan/code/ndt-loc/build/map -- -j4 -l4
[2.933s] [  6%] [32mBuilding CXX object CMakeFiles/show_map_node.dir/src/utilty.cpp.o[0m
[2.946s] [ 13%] [32mBuilding CXX object CMakeFiles/front_end_node.dir/src/utilty.cpp.o[0m
[3.000s] [35m[1mConsolidate compiler generated dependencies of target mapping_image[0m
[3.015s] [ 20%] [32mBuilding CXX object CMakeFiles/lidar_data_node.dir/src/utilty.cpp.o[0m
[3.083s] [ 26%] [32mBuilding CXX object CMakeFiles/mapping_image.dir/src/utilty.cpp.o[0m
[25.137s] [ 40%] [32m[1mLinking CXX executable front_end_node[0m
[25.139s] [ 40%] [32m[1mLinking CXX executable lidar_data_node[0m
[25.143s] [ 46%] [32m[1mLinking CXX static library libmapping_image.a[0m
[25.146s] [ 53%] [32m[1mLinking CXX executable show_map_node[0m
[27.388s] [ 60%] Built target mapping_image
[35.551s] [ 66%] Built target lidar_data_node
[36.089s] [ 73%] Built target show_map_node
[36.357s] [ 80%] Built target front_end_node
[36.791s] [35m[1mConsolidate compiler generated dependencies of target mapping_node[0m
[36.978s] [ 86%] [32mBuilding CXX object CMakeFiles/mapping_node.dir/src/utilty.cpp.o[0m
[50.672s] [ 93%] [32m[1mLinking CXX executable mapping_node[0m
[53.077s] [100%] Built target mapping_node
[53.094s] Invoked command in '/home/evan/code/ndt-loc/build/map' returned '0': CMAKE_PREFIX_PATH=${CMAKE_PREFIX_PATH}:/opt/ros/humble /usr/bin/cmake --build /home/evan/code/ndt-loc/build/map -- -j4 -l4
[53.142s] Invoking command in '/home/evan/code/ndt-loc/build/map': CMAKE_PREFIX_PATH=${CMAKE_PREFIX_PATH}:/opt/ros/humble /usr/bin/cmake --install /home/evan/code/ndt-loc/build/map
[53.173s] -- Install configuration: ""
[53.262s] -- Installing: /home/evan/code/ndt-loc/install/map/lib/map/lidar_data_node
[53.271s] -- Set runtime path of "/home/evan/code/ndt-loc/install/map/lib/map/lidar_data_node" to ""
[53.363s] -- Installing: /home/evan/code/ndt-loc/install/map/lib/map/front_end_node
[53.378s] -- Set runtime path of "/home/evan/code/ndt-loc/install/map/lib/map/front_end_node" to ""
[53.469s] -- Installing: /home/evan/code/ndt-loc/install/map/lib/map/show_map_node
[53.470s] -- Set runtime path of "/home/evan/code/ndt-loc/install/map/lib/map/show_map_node" to ""
[53.550s] -- Installing: /home/evan/code/ndt-loc/install/map/lib/map/mapping_node
[53.590s] -- Set runtime path of "/home/evan/code/ndt-loc/install/map/lib/map/mapping_node" to ""
[53.591s] -- Up-to-date: /home/evan/code/ndt-loc/install/map/share/ament_index/resource_index/package_run_dependencies/map
[53.591s] -- Up-to-date: /home/evan/code/ndt-loc/install/map/share/ament_index/resource_index/parent_prefix_path/map
[53.591s] -- Up-to-date: /home/evan/code/ndt-loc/install/map/share/map/environment/ament_prefix_path.sh
[53.591s] -- Up-to-date: /home/evan/code/ndt-loc/install/map/share/map/environment/ament_prefix_path.dsv
[53.592s] -- Up-to-date: /home/evan/code/ndt-loc/install/map/share/map/environment/path.sh
[53.592s] -- Up-to-date: /home/evan/code/ndt-loc/install/map/share/map/environment/path.dsv
[53.592s] -- Up-to-date: /home/evan/code/ndt-loc/install/map/share/map/local_setup.bash
[53.592s] -- Up-to-date: /home/evan/code/ndt-loc/install/map/share/map/local_setup.sh
[53.592s] -- Up-to-date: /home/evan/code/ndt-loc/install/map/share/map/local_setup.zsh
[53.592s] -- Up-to-date: /home/evan/code/ndt-loc/install/map/share/map/local_setup.dsv
[53.592s] -- Installing: /home/evan/code/ndt-loc/install/map/share/map/package.dsv
[53.603s] -- Up-to-date: /home/evan/code/ndt-loc/install/map/share/ament_index/resource_index/packages/map
[53.604s] -- Up-to-date: /home/evan/code/ndt-loc/install/map/share/map/cmake/ament_cmake_export_include_directories-extras.cmake
[53.604s] -- Up-to-date: /home/evan/code/ndt-loc/install/map/share/map/cmake/mapConfig.cmake
[53.604s] -- Up-to-date: /home/evan/code/ndt-loc/install/map/share/map/cmake/mapConfig-version.cmake
[53.604s] -- Up-to-date: /home/evan/code/ndt-loc/install/map/share/map/package.xml
[53.611s] Invoked command in '/home/evan/code/ndt-loc/build/map' returned '0': CMAKE_PREFIX_PATH=${CMAKE_PREFIX_PATH}:/opt/ros/humble /usr/bin/cmake --install /home/evan/code/ndt-loc/build/map
