[0.614s] Invoking command in '/home/evan/code/ndt-loc/build/cloud_msgs': CMAKE_PREFIX_PATH=${CMAKE_PREFIX_PATH}:/opt/ros/humble /usr/bin/cmake --build /home/evan/code/ndt-loc/build/cloud_msgs -- -j4 -l4
[0.791s] [  3%] Built target cloud_msgs__cpp
[0.805s] [ 12%] Built target cloud_msgs__rosidl_generator_c
[0.841s] [ 22%] Built target cloud_msgs__rosidl_typesupport_fastrtps_cpp
[0.850s] [ 35%] Built target cloud_msgs__rosidl_typesupport_introspection_cpp
[0.851s] [ 41%] Built target cloud_msgs__rosidl_typesupport_cpp
[0.899s] [ 51%] Built target cloud_msgs__rosidl_typesupport_introspection_c
[0.911s] [ 64%] Built target cloud_msgs__rosidl_typesupport_c
[0.918s] [ 70%] Built target cloud_msgs__rosidl_typesupport_fastrtps_c
[1.145s] [ 70%] Built target cloud_msgs
[1.146s] [ 74%] Built target cloud_msgs__py
[1.146s] [ 80%] Built target cloud_msgs__rosidl_generator_py
[1.146s] [ 87%] Built target cloud_msgs__rosidl_typesupport_c__pyext
[1.146s] [ 93%] Built target cloud_msgs__rosidl_typesupport_introspection_c__pyext
[1.146s] [100%] Built target cloud_msgs__rosidl_typesupport_fastrtps_c__pyext
[1.444s] [100%] Built target ament_cmake_python_copy_cloud_msgs
[1.655s] running egg_info
[1.656s] writing cloud_msgs.egg-info/PKG-INFO
[1.667s] writing dependency_links to cloud_msgs.egg-info/dependency_links.txt
[1.744s] writing top-level names to cloud_msgs.egg-info/top_level.txt
[1.822s] reading manifest file 'cloud_msgs.egg-info/SOURCES.txt'
[1.823s] writing manifest file 'cloud_msgs.egg-info/SOURCES.txt'
[1.970s] [100%] Built target ament_cmake_python_build_cloud_msgs_egg
[2.327s] Invoked command in '/home/evan/code/ndt-loc/build/cloud_msgs' returned '0': CMAKE_PREFIX_PATH=${CMAKE_PREFIX_PATH}:/opt/ros/humble /usr/bin/cmake --build /home/evan/code/ndt-loc/build/cloud_msgs -- -j4 -l4
[2.971s] Invoking command in '/home/evan/code/ndt-loc/build/cloud_msgs': CMAKE_PREFIX_PATH=${CMAKE_PREFIX_PATH}:/opt/ros/humble /usr/bin/cmake --install /home/evan/code/ndt-loc/build/cloud_msgs
[2.982s] -- Install configuration: ""
[2.982s] -- Up-to-date: /home/evan/code/ndt-loc/install/cloud_msgs/share/ament_index/resource_index/rosidl_interfaces/cloud_msgs
[2.983s] -- Up-to-date: /home/evan/code/ndt-loc/install/cloud_msgs/include/cloud_msgs/cloud_msgs
[2.983s] -- Up-to-date: /home/evan/code/ndt-loc/install/cloud_msgs/include/cloud_msgs/cloud_msgs/msg
[2.984s] -- Up-to-date: /home/evan/code/ndt-loc/install/cloud_msgs/include/cloud_msgs/cloud_msgs/msg/detail
[2.984s] -- Up-to-date: /home/evan/code/ndt-loc/install/cloud_msgs/include/cloud_msgs/cloud_msgs/msg/detail/cloud_info__functions.c
[2.984s] -- Up-to-date: /home/evan/code/ndt-loc/install/cloud_msgs/include/cloud_msgs/cloud_msgs/msg/detail/cloud_info__struct.h
[2.984s] -- Up-to-date: /home/evan/code/ndt-loc/install/cloud_msgs/include/cloud_msgs/cloud_msgs/msg/detail/cloud_info__functions.h
[2.984s] -- Up-to-date: /home/evan/code/ndt-loc/install/cloud_msgs/include/cloud_msgs/cloud_msgs/msg/detail/cloud_info__type_support.h
[2.985s] -- Up-to-date: /home/evan/code/ndt-loc/install/cloud_msgs/include/cloud_msgs/cloud_msgs/msg/cloud_info.h
[2.985s] -- Up-to-date: /home/evan/code/ndt-loc/install/cloud_msgs/include/cloud_msgs/cloud_msgs/msg/rosidl_generator_c__visibility_control.h
[2.985s] -- Up-to-date: /home/evan/code/ndt-loc/install/cloud_msgs/share/cloud_msgs/environment/library_path.sh
[2.985s] -- Up-to-date: /home/evan/code/ndt-loc/install/cloud_msgs/share/cloud_msgs/environment/library_path.dsv
[2.985s] -- Up-to-date: /home/evan/code/ndt-loc/install/cloud_msgs/lib/libcloud_msgs__rosidl_generator_c.so
[2.985s] -- Up-to-date: /home/evan/code/ndt-loc/install/cloud_msgs/include/cloud_msgs/cloud_msgs
[2.985s] -- Up-to-date: /home/evan/code/ndt-loc/install/cloud_msgs/include/cloud_msgs/cloud_msgs/msg
[2.985s] -- Up-to-date: /home/evan/code/ndt-loc/install/cloud_msgs/include/cloud_msgs/cloud_msgs/msg/detail
[2.985s] -- Up-to-date: /home/evan/code/ndt-loc/install/cloud_msgs/include/cloud_msgs/cloud_msgs/msg/detail/cloud_info__rosidl_typesupport_fastrtps_c.h
[2.986s] -- Up-to-date: /home/evan/code/ndt-loc/install/cloud_msgs/include/cloud_msgs/cloud_msgs/msg/rosidl_typesupport_fastrtps_c__visibility_control.h
[2.986s] -- Up-to-date: /home/evan/code/ndt-loc/install/cloud_msgs/lib/libcloud_msgs__rosidl_typesupport_fastrtps_c.so
[2.986s] -- Up-to-date: /home/evan/code/ndt-loc/install/cloud_msgs/include/cloud_msgs/cloud_msgs
[2.986s] -- Up-to-date: /home/evan/code/ndt-loc/install/cloud_msgs/include/cloud_msgs/cloud_msgs/msg
[2.986s] -- Up-to-date: /home/evan/code/ndt-loc/install/cloud_msgs/include/cloud_msgs/cloud_msgs/msg/detail
[2.986s] -- Up-to-date: /home/evan/code/ndt-loc/install/cloud_msgs/include/cloud_msgs/cloud_msgs/msg/detail/cloud_info__builder.hpp
[2.986s] -- Up-to-date: /home/evan/code/ndt-loc/install/cloud_msgs/include/cloud_msgs/cloud_msgs/msg/detail/cloud_info__traits.hpp
[2.986s] -- Up-to-date: /home/evan/code/ndt-loc/install/cloud_msgs/include/cloud_msgs/cloud_msgs/msg/detail/cloud_info__struct.hpp
[2.986s] -- Up-to-date: /home/evan/code/ndt-loc/install/cloud_msgs/include/cloud_msgs/cloud_msgs/msg/cloud_info.hpp
[2.986s] -- Up-to-date: /home/evan/code/ndt-loc/install/cloud_msgs/include/cloud_msgs/cloud_msgs
[2.986s] -- Up-to-date: /home/evan/code/ndt-loc/install/cloud_msgs/include/cloud_msgs/cloud_msgs/msg
[2.987s] -- Up-to-date: /home/evan/code/ndt-loc/install/cloud_msgs/include/cloud_msgs/cloud_msgs/msg/detail
[2.987s] -- Up-to-date: /home/evan/code/ndt-loc/install/cloud_msgs/include/cloud_msgs/cloud_msgs/msg/detail/dds_fastrtps
[2.987s] -- Up-to-date: /home/evan/code/ndt-loc/install/cloud_msgs/include/cloud_msgs/cloud_msgs/msg/detail/cloud_info__rosidl_typesupport_fastrtps_cpp.hpp
[2.987s] -- Up-to-date: /home/evan/code/ndt-loc/install/cloud_msgs/include/cloud_msgs/cloud_msgs/msg/rosidl_typesupport_fastrtps_cpp__visibility_control.h
[3.003s] -- Up-to-date: /home/evan/code/ndt-loc/install/cloud_msgs/lib/libcloud_msgs__rosidl_typesupport_fastrtps_cpp.so
[3.011s] -- Up-to-date: /home/evan/code/ndt-loc/install/cloud_msgs/include/cloud_msgs/cloud_msgs
[3.012s] -- Up-to-date: /home/evan/code/ndt-loc/install/cloud_msgs/include/cloud_msgs/cloud_msgs/msg
[3.012s] -- Up-to-date: /home/evan/code/ndt-loc/install/cloud_msgs/include/cloud_msgs/cloud_msgs/msg/detail
[3.012s] -- Up-to-date: /home/evan/code/ndt-loc/install/cloud_msgs/include/cloud_msgs/cloud_msgs/msg/detail/cloud_info__rosidl_typesupport_introspection_c.h
[3.012s] -- Up-to-date: /home/evan/code/ndt-loc/install/cloud_msgs/include/cloud_msgs/cloud_msgs/msg/detail/cloud_info__type_support.c
[3.012s] -- Up-to-date: /home/evan/code/ndt-loc/install/cloud_msgs/include/cloud_msgs/cloud_msgs/msg/rosidl_typesupport_introspection_c__visibility_control.h
[3.017s] -- Up-to-date: /home/evan/code/ndt-loc/install/cloud_msgs/lib/libcloud_msgs__rosidl_typesupport_introspection_c.so
[3.018s] -- Up-to-date: /home/evan/code/ndt-loc/install/cloud_msgs/lib/libcloud_msgs__rosidl_typesupport_c.so
[3.018s] -- Up-to-date: /home/evan/code/ndt-loc/install/cloud_msgs/include/cloud_msgs/cloud_msgs
[3.018s] -- Up-to-date: /home/evan/code/ndt-loc/install/cloud_msgs/include/cloud_msgs/cloud_msgs/msg
[3.018s] -- Up-to-date: /home/evan/code/ndt-loc/install/cloud_msgs/include/cloud_msgs/cloud_msgs/msg/detail
[3.019s] -- Up-to-date: /home/evan/code/ndt-loc/install/cloud_msgs/include/cloud_msgs/cloud_msgs/msg/detail/cloud_info__type_support.cpp
[3.019s] -- Up-to-date: /home/evan/code/ndt-loc/install/cloud_msgs/include/cloud_msgs/cloud_msgs/msg/detail/cloud_info__rosidl_typesupport_introspection_cpp.hpp
[3.019s] -- Up-to-date: /home/evan/code/ndt-loc/install/cloud_msgs/lib/libcloud_msgs__rosidl_typesupport_introspection_cpp.so
[3.020s] -- Up-to-date: /home/evan/code/ndt-loc/install/cloud_msgs/lib/libcloud_msgs__rosidl_typesupport_cpp.so
[3.020s] -- Up-to-date: /home/evan/code/ndt-loc/install/cloud_msgs/share/cloud_msgs/environment/pythonpath.sh
[3.023s] -- Up-to-date: /home/evan/code/ndt-loc/install/cloud_msgs/share/cloud_msgs/environment/pythonpath.dsv
[3.023s] -- Up-to-date: /home/evan/code/ndt-loc/install/cloud_msgs/local/lib/python3.10/dist-packages/cloud_msgs-0.0.0-py3.10.egg-info
[3.023s] -- Installing: /home/evan/code/ndt-loc/install/cloud_msgs/local/lib/python3.10/dist-packages/cloud_msgs-0.0.0-py3.10.egg-info/top_level.txt
[3.023s] -- Installing: /home/evan/code/ndt-loc/install/cloud_msgs/local/lib/python3.10/dist-packages/cloud_msgs-0.0.0-py3.10.egg-info/dependency_links.txt
[3.024s] -- Installing: /home/evan/code/ndt-loc/install/cloud_msgs/local/lib/python3.10/dist-packages/cloud_msgs-0.0.0-py3.10.egg-info/PKG-INFO
[3.024s] -- Installing: /home/evan/code/ndt-loc/install/cloud_msgs/local/lib/python3.10/dist-packages/cloud_msgs-0.0.0-py3.10.egg-info/SOURCES.txt
[3.024s] -- Up-to-date: /home/evan/code/ndt-loc/install/cloud_msgs/local/lib/python3.10/dist-packages/cloud_msgs
[3.027s] -- Up-to-date: /home/evan/code/ndt-loc/install/cloud_msgs/local/lib/python3.10/dist-packages/cloud_msgs/msg
[3.027s] -- Up-to-date: /home/evan/code/ndt-loc/install/cloud_msgs/local/lib/python3.10/dist-packages/cloud_msgs/msg/_cloud_info.py
[3.027s] -- Up-to-date: /home/evan/code/ndt-loc/install/cloud_msgs/local/lib/python3.10/dist-packages/cloud_msgs/msg/__init__.py
[3.027s] -- Up-to-date: /home/evan/code/ndt-loc/install/cloud_msgs/local/lib/python3.10/dist-packages/cloud_msgs/msg/_cloud_info_s.c
[3.028s] -- Up-to-date: /home/evan/code/ndt-loc/install/cloud_msgs/local/lib/python3.10/dist-packages/cloud_msgs/_cloud_msgs_s.ep.rosidl_typesupport_c.c
[3.028s] -- Up-to-date: /home/evan/code/ndt-loc/install/cloud_msgs/local/lib/python3.10/dist-packages/cloud_msgs/libcloud_msgs__rosidl_generator_py.so
[3.028s] -- Up-to-date: /home/evan/code/ndt-loc/install/cloud_msgs/local/lib/python3.10/dist-packages/cloud_msgs/_cloud_msgs_s.ep.rosidl_typesupport_fastrtps_c.c
[3.028s] -- Up-to-date: /home/evan/code/ndt-loc/install/cloud_msgs/local/lib/python3.10/dist-packages/cloud_msgs/cloud_msgs_s__rosidl_typesupport_fastrtps_c.cpython-310-x86_64-linux-gnu.so
[3.029s] -- Up-to-date: /home/evan/code/ndt-loc/install/cloud_msgs/local/lib/python3.10/dist-packages/cloud_msgs/cloud_msgs_s__rosidl_typesupport_introspection_c.cpython-310-x86_64-linux-gnu.so
[3.029s] -- Up-to-date: /home/evan/code/ndt-loc/install/cloud_msgs/local/lib/python3.10/dist-packages/cloud_msgs/_cloud_msgs_s.ep.rosidl_typesupport_introspection_c.c
[3.035s] -- Up-to-date: /home/evan/code/ndt-loc/install/cloud_msgs/local/lib/python3.10/dist-packages/cloud_msgs/__init__.py
[3.035s] -- Up-to-date: /home/evan/code/ndt-loc/install/cloud_msgs/local/lib/python3.10/dist-packages/cloud_msgs/cloud_msgs_s__rosidl_typesupport_c.cpython-310-x86_64-linux-gnu.so
[3.087s] Listing '/home/evan/code/ndt-loc/install/cloud_msgs/local/lib/python3.10/dist-packages/cloud_msgs'...
[3.087s] Listing '/home/evan/code/ndt-loc/install/cloud_msgs/local/lib/python3.10/dist-packages/cloud_msgs/msg'...
[3.095s] -- Up-to-date: /home/evan/code/ndt-loc/install/cloud_msgs/local/lib/python3.10/dist-packages/cloud_msgs/cloud_msgs_s__rosidl_typesupport_fastrtps_c.cpython-310-x86_64-linux-gnu.so
[3.097s] -- Up-to-date: /home/evan/code/ndt-loc/install/cloud_msgs/local/lib/python3.10/dist-packages/cloud_msgs/cloud_msgs_s__rosidl_typesupport_introspection_c.cpython-310-x86_64-linux-gnu.so
[3.098s] -- Up-to-date: /home/evan/code/ndt-loc/install/cloud_msgs/local/lib/python3.10/dist-packages/cloud_msgs/cloud_msgs_s__rosidl_typesupport_c.cpython-310-x86_64-linux-gnu.so
[3.099s] -- Up-to-date: /home/evan/code/ndt-loc/install/cloud_msgs/lib/libcloud_msgs__rosidl_generator_py.so
[3.100s] -- Up-to-date: /home/evan/code/ndt-loc/install/cloud_msgs/share/cloud_msgs/msg/CloudInfo.idl
[3.101s] -- Up-to-date: /home/evan/code/ndt-loc/install/cloud_msgs/share/cloud_msgs/msg/CloudInfo.msg
[3.101s] -- Up-to-date: /home/evan/code/ndt-loc/install/cloud_msgs/share/ament_index/resource_index/package_run_dependencies/cloud_msgs
[3.102s] -- Up-to-date: /home/evan/code/ndt-loc/install/cloud_msgs/share/ament_index/resource_index/parent_prefix_path/cloud_msgs
[3.103s] -- Up-to-date: /home/evan/code/ndt-loc/install/cloud_msgs/share/cloud_msgs/environment/ament_prefix_path.sh
[3.103s] -- Up-to-date: /home/evan/code/ndt-loc/install/cloud_msgs/share/cloud_msgs/environment/ament_prefix_path.dsv
[3.104s] -- Up-to-date: /home/evan/code/ndt-loc/install/cloud_msgs/share/cloud_msgs/environment/path.sh
[3.105s] -- Up-to-date: /home/evan/code/ndt-loc/install/cloud_msgs/share/cloud_msgs/environment/path.dsv
[3.105s] -- Up-to-date: /home/evan/code/ndt-loc/install/cloud_msgs/share/cloud_msgs/local_setup.bash
[3.106s] -- Up-to-date: /home/evan/code/ndt-loc/install/cloud_msgs/share/cloud_msgs/local_setup.sh
[3.106s] -- Up-to-date: /home/evan/code/ndt-loc/install/cloud_msgs/share/cloud_msgs/local_setup.zsh
[3.107s] -- Up-to-date: /home/evan/code/ndt-loc/install/cloud_msgs/share/cloud_msgs/local_setup.dsv
[3.108s] -- Installing: /home/evan/code/ndt-loc/install/cloud_msgs/share/cloud_msgs/package.dsv
[3.109s] -- Up-to-date: /home/evan/code/ndt-loc/install/cloud_msgs/share/ament_index/resource_index/packages/cloud_msgs
[3.110s] -- Up-to-date: /home/evan/code/ndt-loc/install/cloud_msgs/share/cloud_msgs/cmake/export_cloud_msgs__rosidl_generator_cExport.cmake
[3.110s] -- Up-to-date: /home/evan/code/ndt-loc/install/cloud_msgs/share/cloud_msgs/cmake/export_cloud_msgs__rosidl_generator_cExport-noconfig.cmake
[3.111s] -- Up-to-date: /home/evan/code/ndt-loc/install/cloud_msgs/share/cloud_msgs/cmake/export_cloud_msgs__rosidl_typesupport_fastrtps_cExport.cmake
[3.112s] -- Up-to-date: /home/evan/code/ndt-loc/install/cloud_msgs/share/cloud_msgs/cmake/export_cloud_msgs__rosidl_typesupport_fastrtps_cExport-noconfig.cmake
[3.112s] -- Up-to-date: /home/evan/code/ndt-loc/install/cloud_msgs/share/cloud_msgs/cmake/export_cloud_msgs__rosidl_generator_cppExport.cmake
[3.113s] -- Up-to-date: /home/evan/code/ndt-loc/install/cloud_msgs/share/cloud_msgs/cmake/export_cloud_msgs__rosidl_typesupport_fastrtps_cppExport.cmake
[3.114s] -- Up-to-date: /home/evan/code/ndt-loc/install/cloud_msgs/share/cloud_msgs/cmake/export_cloud_msgs__rosidl_typesupport_fastrtps_cppExport-noconfig.cmake
[3.115s] -- Up-to-date: /home/evan/code/ndt-loc/install/cloud_msgs/share/cloud_msgs/cmake/cloud_msgs__rosidl_typesupport_introspection_cExport.cmake
[3.115s] -- Up-to-date: /home/evan/code/ndt-loc/install/cloud_msgs/share/cloud_msgs/cmake/cloud_msgs__rosidl_typesupport_introspection_cExport-noconfig.cmake
[3.116s] -- Up-to-date: /home/evan/code/ndt-loc/install/cloud_msgs/share/cloud_msgs/cmake/cloud_msgs__rosidl_typesupport_cExport.cmake
[3.117s] -- Up-to-date: /home/evan/code/ndt-loc/install/cloud_msgs/share/cloud_msgs/cmake/cloud_msgs__rosidl_typesupport_cExport-noconfig.cmake
[3.117s] -- Up-to-date: /home/evan/code/ndt-loc/install/cloud_msgs/share/cloud_msgs/cmake/cloud_msgs__rosidl_typesupport_introspection_cppExport.cmake
[3.118s] -- Up-to-date: /home/evan/code/ndt-loc/install/cloud_msgs/share/cloud_msgs/cmake/cloud_msgs__rosidl_typesupport_introspection_cppExport-noconfig.cmake
[3.119s] -- Up-to-date: /home/evan/code/ndt-loc/install/cloud_msgs/share/cloud_msgs/cmake/cloud_msgs__rosidl_typesupport_cppExport.cmake
[3.119s] -- Up-to-date: /home/evan/code/ndt-loc/install/cloud_msgs/share/cloud_msgs/cmake/cloud_msgs__rosidl_typesupport_cppExport-noconfig.cmake
[3.120s] -- Up-to-date: /home/evan/code/ndt-loc/install/cloud_msgs/share/cloud_msgs/cmake/export_cloud_msgs__rosidl_generator_pyExport.cmake
[3.121s] -- Up-to-date: /home/evan/code/ndt-loc/install/cloud_msgs/share/cloud_msgs/cmake/export_cloud_msgs__rosidl_generator_pyExport-noconfig.cmake
[3.121s] -- Up-to-date: /home/evan/code/ndt-loc/install/cloud_msgs/share/cloud_msgs/cmake/rosidl_cmake-extras.cmake
[3.122s] -- Up-to-date: /home/evan/code/ndt-loc/install/cloud_msgs/share/cloud_msgs/cmake/ament_cmake_export_dependencies-extras.cmake
[3.122s] -- Up-to-date: /home/evan/code/ndt-loc/install/cloud_msgs/share/cloud_msgs/cmake/ament_cmake_export_include_directories-extras.cmake
[3.123s] -- Up-to-date: /home/evan/code/ndt-loc/install/cloud_msgs/share/cloud_msgs/cmake/ament_cmake_export_libraries-extras.cmake
[3.126s] -- Up-to-date: /home/evan/code/ndt-loc/install/cloud_msgs/share/cloud_msgs/cmake/ament_cmake_export_targets-extras.cmake
[3.127s] -- Up-to-date: /home/evan/code/ndt-loc/install/cloud_msgs/share/cloud_msgs/cmake/rosidl_cmake_export_typesupport_targets-extras.cmake
[3.332s] -- Up-to-date: /home/evan/code/ndt-loc/install/cloud_msgs/share/cloud_msgs/cmake/rosidl_cmake_export_typesupport_libraries-extras.cmake
[3.332s] -- Up-to-date: /home/evan/code/ndt-loc/install/cloud_msgs/share/cloud_msgs/cmake/cloud_msgsConfig.cmake
[3.333s] -- Up-to-date: /home/evan/code/ndt-loc/install/cloud_msgs/share/cloud_msgs/cmake/cloud_msgsConfig-version.cmake
[3.333s] -- Up-to-date: /home/evan/code/ndt-loc/install/cloud_msgs/share/cloud_msgs/package.xml
[3.334s] Invoked command in '/home/evan/code/ndt-loc/build/cloud_msgs' returned '0': CMAKE_PREFIX_PATH=${CMAKE_PREFIX_PATH}:/opt/ros/humble /usr/bin/cmake --install /home/evan/code/ndt-loc/build/cloud_msgs
