[0.177s] Invoking command in '/home/evan/code/ndt-loc/build/map': CMAKE_PREFIX_PATH=${CMAKE_PREFIX_PATH}:/opt/ros/humble /usr/bin/cmake --build /home/evan/code/ndt-loc/build/map -- -j4 -l4
[5.275s] [ 12%] [32mBuilding CXX object CMakeFiles/lidar_data_node.dir/src/LidarData.cpp.o[0m
[5.285s] [ 25%] [32mBuilding CXX object CMakeFiles/image_projection_node.dir/src/ImageProjection.cpp.o[0m
[5.400s] [ 37%] [32mBuilding CXX object CMakeFiles/front_end_node.dir/src/FrontEnd.cpp.o[0m
[5.402s] [35m[1mConsolidate compiler generated dependencies of target show_map_node[0m
[5.449s] [ 50%] [32mBuilding CXX object CMakeFiles/show_map_node.dir/src/ShowMap.cpp.o[0m
[48.290s] [ 62%] [32m[1mLinking CXX executable show_map_node[0m
[50.211s] [ 75%] [32m[1mLinking CXX executable image_projection_node[0m
[50.542s] [ 87%] [32m[1mLinking CXX executable lidar_data_node[0m
[61.725s] [100%] [32m[1mLinking CXX executable front_end_node[0m
[62.144s] [100%] Built target lidar_data_node
[62.169s] [100%] Built target show_map_node
[62.235s] [100%] Built target image_projection_node
[64.290s] [100%] Built target front_end_node
[64.602s] Invoked command in '/home/evan/code/ndt-loc/build/map' returned '0': CMAKE_PREFIX_PATH=${CMAKE_PREFIX_PATH}:/opt/ros/humble /usr/bin/cmake --build /home/evan/code/ndt-loc/build/map -- -j4 -l4
[64.807s] Invoking command in '/home/evan/code/ndt-loc/build/map': CMAKE_PREFIX_PATH=${CMAKE_PREFIX_PATH}:/opt/ros/humble /usr/bin/cmake --install /home/evan/code/ndt-loc/build/map
[64.871s] -- Install configuration: ""
[64.940s] -- Installing: /home/evan/code/ndt-loc/install/map/lib/map/lidar_data_node
[64.959s] -- Set runtime path of "/home/evan/code/ndt-loc/install/map/lib/map/lidar_data_node" to ""
[64.993s] -- Installing: /home/evan/code/ndt-loc/install/map/lib/map/image_projection_node
[65.010s] -- Set runtime path of "/home/evan/code/ndt-loc/install/map/lib/map/image_projection_node" to ""
[65.070s] -- Installing: /home/evan/code/ndt-loc/install/map/lib/map/front_end_node
[65.114s] -- Set runtime path of "/home/evan/code/ndt-loc/install/map/lib/map/front_end_node" to ""
[65.114s] -- Installing: /home/evan/code/ndt-loc/install/map/lib/map/show_map_node
[65.116s] -- Set runtime path of "/home/evan/code/ndt-loc/install/map/lib/map/show_map_node" to ""
[65.116s] -- Up-to-date: /home/evan/code/ndt-loc/install/map/share/ament_index/resource_index/package_run_dependencies/map
[65.117s] -- Up-to-date: /home/evan/code/ndt-loc/install/map/share/ament_index/resource_index/parent_prefix_path/map
[65.117s] -- Up-to-date: /home/evan/code/ndt-loc/install/map/share/map/environment/ament_prefix_path.sh
[65.117s] -- Up-to-date: /home/evan/code/ndt-loc/install/map/share/map/environment/ament_prefix_path.dsv
[65.117s] -- Up-to-date: /home/evan/code/ndt-loc/install/map/share/map/environment/path.sh
[65.117s] -- Up-to-date: /home/evan/code/ndt-loc/install/map/share/map/environment/path.dsv
[65.117s] -- Up-to-date: /home/evan/code/ndt-loc/install/map/share/map/local_setup.bash
[65.118s] -- Up-to-date: /home/evan/code/ndt-loc/install/map/share/map/local_setup.sh
[65.118s] -- Up-to-date: /home/evan/code/ndt-loc/install/map/share/map/local_setup.zsh
[65.118s] -- Up-to-date: /home/evan/code/ndt-loc/install/map/share/map/local_setup.dsv
[65.118s] -- Installing: /home/evan/code/ndt-loc/install/map/share/map/package.dsv
[65.118s] -- Up-to-date: /home/evan/code/ndt-loc/install/map/share/ament_index/resource_index/packages/map
[65.118s] -- Up-to-date: /home/evan/code/ndt-loc/install/map/share/map/cmake/ament_cmake_export_include_directories-extras.cmake
[65.148s] -- Up-to-date: /home/evan/code/ndt-loc/install/map/share/map/cmake/mapConfig.cmake
[65.148s] -- Up-to-date: /home/evan/code/ndt-loc/install/map/share/map/cmake/mapConfig-version.cmake
[65.148s] -- Up-to-date: /home/evan/code/ndt-loc/install/map/share/map/package.xml
[65.303s] Invoked command in '/home/evan/code/ndt-loc/build/map' returned '0': CMAKE_PREFIX_PATH=${CMAKE_PREFIX_PATH}:/opt/ros/humble /usr/bin/cmake --install /home/evan/code/ndt-loc/build/map
