[0.484s] Invoking command in '/home/evan/code/ndt-loc/build/map': CMAKE_PREFIX_PATH=${CMAKE_PREFIX_PATH}:/opt/ros/humble /usr/bin/cmake --build /home/evan/code/ndt-loc/build/map -- -j4 -l4
[0.624s] [35m[1mConsolidate compiler generated dependencies of target image_projection_node[0m
[0.662s] [ 12%] [32mBuilding CXX object CMakeFiles/lidar_data_node.dir/src/LidarData.cpp.o[0m
[0.673s] [ 25%] [32mBuilding CXX object CMakeFiles/front_end_node.dir/src/FrontEnd.cpp.o[0m
[0.686s] [ 37%] [32mBuilding CXX object CMakeFiles/show_map_node.dir/src/ShowMap.cpp.o[0m
[2.849s] [ 50%] [32mBuilding CXX object CMakeFiles/image_projection_node.dir/src/ImageProjection.cpp.o[0m
[46.943s] [ 62%] [32m[1mLinking CXX executable lidar_data_node[0m
[47.561s] [ 75%] [32m[1mLinking CXX executable show_map_node[0m
[47.936s] [ 87%] [32m[1mLinking CXX executable image_projection_node[0m
[50.632s] [ 87%] Built target show_map_node
[50.932s] [ 87%] Built target lidar_data_node
[51.650s] [ 87%] Built target image_projection_node
[51.998s] [100%] [32m[1mLinking CXX executable front_end_node[0m
[54.493s] [100%] Built target front_end_node
[54.522s] Invoked command in '/home/evan/code/ndt-loc/build/map' returned '0': CMAKE_PREFIX_PATH=${CMAKE_PREFIX_PATH}:/opt/ros/humble /usr/bin/cmake --build /home/evan/code/ndt-loc/build/map -- -j4 -l4
[54.615s] Invoking command in '/home/evan/code/ndt-loc/build/map': CMAKE_PREFIX_PATH=${CMAKE_PREFIX_PATH}:/opt/ros/humble /usr/bin/cmake --install /home/evan/code/ndt-loc/build/map
[54.631s] -- Install configuration: ""
[54.631s] -- Installing: /home/evan/code/ndt-loc/install/map/lib/map/lidar_data_node
[54.638s] -- Set runtime path of "/home/evan/code/ndt-loc/install/map/lib/map/lidar_data_node" to ""
[54.639s] -- Installing: /home/evan/code/ndt-loc/install/map/lib/map/image_projection_node
[54.645s] -- Set runtime path of "/home/evan/code/ndt-loc/install/map/lib/map/image_projection_node" to ""
[54.645s] -- Installing: /home/evan/code/ndt-loc/install/map/lib/map/front_end_node
[54.657s] -- Set runtime path of "/home/evan/code/ndt-loc/install/map/lib/map/front_end_node" to ""
[54.657s] -- Installing: /home/evan/code/ndt-loc/install/map/lib/map/show_map_node
[54.662s] -- Set runtime path of "/home/evan/code/ndt-loc/install/map/lib/map/show_map_node" to ""
[54.662s] -- Up-to-date: /home/evan/code/ndt-loc/install/map/share/ament_index/resource_index/package_run_dependencies/map
[54.662s] -- Up-to-date: /home/evan/code/ndt-loc/install/map/share/ament_index/resource_index/parent_prefix_path/map
[54.662s] -- Up-to-date: /home/evan/code/ndt-loc/install/map/share/map/environment/ament_prefix_path.sh
[54.663s] -- Up-to-date: /home/evan/code/ndt-loc/install/map/share/map/environment/ament_prefix_path.dsv
[54.663s] -- Up-to-date: /home/evan/code/ndt-loc/install/map/share/map/environment/path.sh
[54.663s] -- Up-to-date: /home/evan/code/ndt-loc/install/map/share/map/environment/path.dsv
[54.663s] -- Up-to-date: /home/evan/code/ndt-loc/install/map/share/map/local_setup.bash
[54.663s] -- Up-to-date: /home/evan/code/ndt-loc/install/map/share/map/local_setup.sh
[54.663s] -- Up-to-date: /home/evan/code/ndt-loc/install/map/share/map/local_setup.zsh
[54.663s] -- Up-to-date: /home/evan/code/ndt-loc/install/map/share/map/local_setup.dsv
[54.663s] -- Installing: /home/evan/code/ndt-loc/install/map/share/map/package.dsv
[54.663s] -- Up-to-date: /home/evan/code/ndt-loc/install/map/share/ament_index/resource_index/packages/map
[54.663s] -- Up-to-date: /home/evan/code/ndt-loc/install/map/share/map/cmake/ament_cmake_export_include_directories-extras.cmake
[54.663s] -- Up-to-date: /home/evan/code/ndt-loc/install/map/share/map/cmake/mapConfig.cmake
[54.663s] -- Up-to-date: /home/evan/code/ndt-loc/install/map/share/map/cmake/mapConfig-version.cmake
[54.664s] -- Up-to-date: /home/evan/code/ndt-loc/install/map/share/map/package.xml
[54.690s] Invoked command in '/home/evan/code/ndt-loc/build/map' returned '0': CMAKE_PREFIX_PATH=${CMAKE_PREFIX_PATH}:/opt/ros/humble /usr/bin/cmake --install /home/evan/code/ndt-loc/build/map
