[0.021s] Invoking command in '/home/evan/code/ndt-loc/build/map': CMAKE_PREFIX_PATH=${CMAKE_PREFIX_PATH}:/opt/ros/humble /usr/bin/cmake --build /home/evan/code/ndt-loc/build/map -- -j4 -l4
[0.115s] [35m[1mConsolidate compiler generated dependencies of target lidar_data_node[0m
[0.115s] [ 25%] [32mBuilding CXX object CMakeFiles/front_end_node.dir/src/FrontEnd.cpp.o[0m
[0.144s] [ 50%] [32mBuilding CXX object CMakeFiles/lidar_data_node.dir/src/LidarData.cpp.o[0m
[15.968s] [ 75%] [32m[1mLinking CXX executable lidar_data_node[0m
[16.954s] [ 75%] Built target lidar_data_node
[26.113s] [100%] [32m[1mLinking CXX executable front_end_node[0m
[28.403s] [100%] Built target front_end_node
[28.416s] Invoked command in '/home/evan/code/ndt-loc/build/map' returned '0': CMAKE_PREFIX_PATH=${CMAKE_PREFIX_PATH}:/opt/ros/humble /usr/bin/cmake --build /home/evan/code/ndt-loc/build/map -- -j4 -l4
[28.449s] Invoking command in '/home/evan/code/ndt-loc/build/map': CMAKE_PREFIX_PATH=${CMAKE_PREFIX_PATH}:/opt/ros/humble /usr/bin/cmake --install /home/evan/code/ndt-loc/build/map
[28.456s] -- Install configuration: ""
[28.456s] -- Installing: /home/evan/code/ndt-loc/install/map/lib/map/lidar_data_node
[28.463s] -- Set runtime path of "/home/evan/code/ndt-loc/install/map/lib/map/lidar_data_node" to ""
[28.463s] -- Installing: /home/evan/code/ndt-loc/install/map/lib/map/front_end_node
[28.477s] -- Set runtime path of "/home/evan/code/ndt-loc/install/map/lib/map/front_end_node" to ""
[28.477s] -- Up-to-date: /home/evan/code/ndt-loc/install/map/share/ament_index/resource_index/package_run_dependencies/map
[28.477s] -- Up-to-date: /home/evan/code/ndt-loc/install/map/share/ament_index/resource_index/parent_prefix_path/map
[28.477s] -- Up-to-date: /home/evan/code/ndt-loc/install/map/share/map/environment/ament_prefix_path.sh
[28.477s] -- Up-to-date: /home/evan/code/ndt-loc/install/map/share/map/environment/ament_prefix_path.dsv
[28.477s] -- Up-to-date: /home/evan/code/ndt-loc/install/map/share/map/environment/path.sh
[28.477s] -- Up-to-date: /home/evan/code/ndt-loc/install/map/share/map/environment/path.dsv
[28.477s] -- Up-to-date: /home/evan/code/ndt-loc/install/map/share/map/local_setup.bash
[28.478s] -- Up-to-date: /home/evan/code/ndt-loc/install/map/share/map/local_setup.sh
[28.478s] -- Up-to-date: /home/evan/code/ndt-loc/install/map/share/map/local_setup.zsh
[28.478s] -- Up-to-date: /home/evan/code/ndt-loc/install/map/share/map/local_setup.dsv
[28.478s] -- Installing: /home/evan/code/ndt-loc/install/map/share/map/package.dsv
[28.478s] -- Up-to-date: /home/evan/code/ndt-loc/install/map/share/ament_index/resource_index/packages/map
[28.478s] -- Up-to-date: /home/evan/code/ndt-loc/install/map/share/map/cmake/ament_cmake_export_include_directories-extras.cmake
[28.478s] -- Up-to-date: /home/evan/code/ndt-loc/install/map/share/map/cmake/mapConfig.cmake
[28.478s] -- Up-to-date: /home/evan/code/ndt-loc/install/map/share/map/cmake/mapConfig-version.cmake
[28.478s] -- Up-to-date: /home/evan/code/ndt-loc/install/map/share/map/package.xml
[28.482s] Invoked command in '/home/evan/code/ndt-loc/build/map' returned '0': CMAKE_PREFIX_PATH=${CMAKE_PREFIX_PATH}:/opt/ros/humble /usr/bin/cmake --install /home/evan/code/ndt-loc/build/map
