[0.025s] Invoking command in '/home/evan/code/ndt-loc/build/map': CMAKE_PREFIX_PATH=${CMAKE_PREFIX_PATH}:/opt/ros/humble /usr/bin/cmake --build /home/evan/code/ndt-loc/build/map -- -j4 -l4
[0.113s] [35m[1mConsolidate compiler generated dependencies of target lidar_data_node[0m
[0.113s] [35m[1mConsolidate compiler generated dependencies of target image_projection_node[0m
[0.113s] [35m[1mConsolidate compiler generated dependencies of target show_map_node[0m
[0.113s] [35m[1mConsolidate compiler generated dependencies of target front_end_node[0m
[0.195s] [ 25%] Built target show_map_node
[0.211s] [ 50%] Built target lidar_data_node
[0.226s] [ 62%] [32mBuilding CXX object CMakeFiles/image_projection_node.dir/src/ImageProjection.cpp.o[0m
[0.239s] [ 87%] Built target front_end_node
[18.878s] [100%] [32m[1mLinking CXX executable image_projection_node[0m
[20.186s] [100%] Built target image_projection_node
[20.201s] Invoked command in '/home/evan/code/ndt-loc/build/map' returned '0': CMAKE_PREFIX_PATH=${CMAKE_PREFIX_PATH}:/opt/ros/humble /usr/bin/cmake --build /home/evan/code/ndt-loc/build/map -- -j4 -l4
[20.239s] Invoking command in '/home/evan/code/ndt-loc/build/map': CMAKE_PREFIX_PATH=${CMAKE_PREFIX_PATH}:/opt/ros/humble /usr/bin/cmake --install /home/evan/code/ndt-loc/build/map
[20.246s] -- Install configuration: ""
[20.247s] -- Up-to-date: /home/evan/code/ndt-loc/install/map/lib/map/lidar_data_node
[20.247s] -- Installing: /home/evan/code/ndt-loc/install/map/lib/map/image_projection_node
[20.253s] -- Set runtime path of "/home/evan/code/ndt-loc/install/map/lib/map/image_projection_node" to ""
[20.254s] -- Up-to-date: /home/evan/code/ndt-loc/install/map/lib/map/front_end_node
[20.254s] -- Up-to-date: /home/evan/code/ndt-loc/install/map/lib/map/show_map_node
[20.255s] -- Up-to-date: /home/evan/code/ndt-loc/install/map/share/ament_index/resource_index/package_run_dependencies/map
[20.255s] -- Up-to-date: /home/evan/code/ndt-loc/install/map/share/ament_index/resource_index/parent_prefix_path/map
[20.255s] -- Up-to-date: /home/evan/code/ndt-loc/install/map/share/map/environment/ament_prefix_path.sh
[20.255s] -- Up-to-date: /home/evan/code/ndt-loc/install/map/share/map/environment/ament_prefix_path.dsv
[20.255s] -- Up-to-date: /home/evan/code/ndt-loc/install/map/share/map/environment/path.sh
[20.255s] -- Up-to-date: /home/evan/code/ndt-loc/install/map/share/map/environment/path.dsv
[20.255s] -- Up-to-date: /home/evan/code/ndt-loc/install/map/share/map/local_setup.bash
[20.255s] -- Up-to-date: /home/evan/code/ndt-loc/install/map/share/map/local_setup.sh
[20.256s] -- Up-to-date: /home/evan/code/ndt-loc/install/map/share/map/local_setup.zsh
[20.256s] -- Up-to-date: /home/evan/code/ndt-loc/install/map/share/map/local_setup.dsv
[20.256s] -- Installing: /home/evan/code/ndt-loc/install/map/share/map/package.dsv
[20.256s] -- Up-to-date: /home/evan/code/ndt-loc/install/map/share/ament_index/resource_index/packages/map
[20.256s] -- Up-to-date: /home/evan/code/ndt-loc/install/map/share/map/cmake/ament_cmake_export_include_directories-extras.cmake
[20.256s] -- Up-to-date: /home/evan/code/ndt-loc/install/map/share/map/cmake/mapConfig.cmake
[20.256s] -- Up-to-date: /home/evan/code/ndt-loc/install/map/share/map/cmake/mapConfig-version.cmake
[20.256s] -- Up-to-date: /home/evan/code/ndt-loc/install/map/share/map/package.xml
[20.260s] Invoked command in '/home/evan/code/ndt-loc/build/map' returned '0': CMAKE_PREFIX_PATH=${CMAKE_PREFIX_PATH}:/opt/ros/humble /usr/bin/cmake --install /home/evan/code/ndt-loc/build/map
