[0.019s] Invoking command in '/home/evan/code/ndt-loc/build/map': CMAKE_PREFIX_PATH=${CMAKE_PREFIX_PATH}:/opt/ros/humble /usr/bin/cmake --build /home/evan/code/ndt-loc/build/map -- -j4 -l4
[0.109s] [ 20%] Built target lidar_data_node
[0.112s] [ 40%] [32mBuilding CXX object CMakeFiles/mapping_image.dir/src/ImageProjection.cpp.o[0m
[0.112s] [ 46%] Built target front_end_node
[0.119s] [ 66%] Built target show_map_node
[18.918s] [ 73%] [32m[1mLinking CXX static library libmapping_image.a[0m
[19.274s] [ 80%] Built target mapping_image
[19.310s] [35m[1mConsolidate compiler generated dependencies of target mapping_node[0m
[19.366s] [ 86%] [32m[1mLinking CXX executable mapping_node[0m
[20.702s] [100%] Built target mapping_node
[20.717s] Invoked command in '/home/evan/code/ndt-loc/build/map' returned '0': CMAKE_PREFIX_PATH=${CMAKE_PREFIX_PATH}:/opt/ros/humble /usr/bin/cmake --build /home/evan/code/ndt-loc/build/map -- -j4 -l4
[20.775s] Invoking command in '/home/evan/code/ndt-loc/build/map': CMAKE_PREFIX_PATH=${CMAKE_PREFIX_PATH}:/opt/ros/humble /usr/bin/cmake --install /home/evan/code/ndt-loc/build/map
[20.783s] -- Install configuration: ""
[20.783s] -- Up-to-date: /home/evan/code/ndt-loc/install/map/lib/map/lidar_data_node
[20.783s] -- Up-to-date: /home/evan/code/ndt-loc/install/map/lib/map/front_end_node
[20.784s] -- Up-to-date: /home/evan/code/ndt-loc/install/map/lib/map/show_map_node
[20.784s] -- Installing: /home/evan/code/ndt-loc/install/map/lib/map/mapping_node
[20.792s] -- Set runtime path of "/home/evan/code/ndt-loc/install/map/lib/map/mapping_node" to ""
[20.793s] -- Up-to-date: /home/evan/code/ndt-loc/install/map/share/ament_index/resource_index/package_run_dependencies/map
[20.793s] -- Up-to-date: /home/evan/code/ndt-loc/install/map/share/ament_index/resource_index/parent_prefix_path/map
[20.793s] -- Up-to-date: /home/evan/code/ndt-loc/install/map/share/map/environment/ament_prefix_path.sh
[20.793s] -- Up-to-date: /home/evan/code/ndt-loc/install/map/share/map/environment/ament_prefix_path.dsv
[20.793s] -- Up-to-date: /home/evan/code/ndt-loc/install/map/share/map/environment/path.sh
[20.793s] -- Up-to-date: /home/evan/code/ndt-loc/install/map/share/map/environment/path.dsv
[20.793s] -- Up-to-date: /home/evan/code/ndt-loc/install/map/share/map/local_setup.bash
[20.793s] -- Up-to-date: /home/evan/code/ndt-loc/install/map/share/map/local_setup.sh
[20.793s] -- Up-to-date: /home/evan/code/ndt-loc/install/map/share/map/local_setup.zsh
[20.794s] -- Up-to-date: /home/evan/code/ndt-loc/install/map/share/map/local_setup.dsv
[20.794s] -- Installing: /home/evan/code/ndt-loc/install/map/share/map/package.dsv
[20.794s] -- Up-to-date: /home/evan/code/ndt-loc/install/map/share/ament_index/resource_index/packages/map
[20.794s] -- Up-to-date: /home/evan/code/ndt-loc/install/map/share/map/cmake/ament_cmake_export_include_directories-extras.cmake
[20.794s] -- Up-to-date: /home/evan/code/ndt-loc/install/map/share/map/cmake/mapConfig.cmake
[20.794s] -- Up-to-date: /home/evan/code/ndt-loc/install/map/share/map/cmake/mapConfig-version.cmake
[20.794s] -- Up-to-date: /home/evan/code/ndt-loc/install/map/share/map/package.xml
[20.796s] Invoked command in '/home/evan/code/ndt-loc/build/map' returned '0': CMAKE_PREFIX_PATH=${CMAKE_PREFIX_PATH}:/opt/ros/humble /usr/bin/cmake --install /home/evan/code/ndt-loc/build/map
