[0.021s] Invoking command in '/home/evan/code/ndt-loc/build/map': CMAKE_PREFIX_PATH=${CMAKE_PREFIX_PATH}:/opt/ros/humble /usr/bin/cmake --build /home/evan/code/ndt-loc/build/map -- -j4 -l4
[0.108s] [ 50%] [32mBuilding CXX object CMakeFiles/LidarData.dir/src/LidarData.cpp.o[0m
[7.758s] [100%] [32m[1mLinking CXX executable LidarData[0m
[8.205s] [100%] Built target LidarData
[8.219s] Invoked command in '/home/evan/code/ndt-loc/build/map' returned '0': CMAKE_PREFIX_PATH=${CMAKE_PREFIX_PATH}:/opt/ros/humble /usr/bin/cmake --build /home/evan/code/ndt-loc/build/map -- -j4 -l4
[8.249s] Invoking command in '/home/evan/code/ndt-loc/build/map': CMAKE_PREFIX_PATH=${CMAKE_PREFIX_PATH}:/opt/ros/humble /usr/bin/cmake --install /home/evan/code/ndt-loc/build/map
[8.258s] -- Install configuration: ""
[8.258s] -- Installing: /home/evan/code/ndt-loc/install/map/lib/map/LidarData
[8.260s] -- Set runtime path of "/home/evan/code/ndt-loc/install/map/lib/map/LidarData" to ""
[8.260s] -- Up-to-date: /home/evan/code/ndt-loc/install/map/share/ament_index/resource_index/package_run_dependencies/map
[8.260s] -- Up-to-date: /home/evan/code/ndt-loc/install/map/share/ament_index/resource_index/parent_prefix_path/map
[8.261s] -- Up-to-date: /home/evan/code/ndt-loc/install/map/share/map/environment/ament_prefix_path.sh
[8.261s] -- Up-to-date: /home/evan/code/ndt-loc/install/map/share/map/environment/ament_prefix_path.dsv
[8.261s] -- Up-to-date: /home/evan/code/ndt-loc/install/map/share/map/environment/path.sh
[8.261s] -- Up-to-date: /home/evan/code/ndt-loc/install/map/share/map/environment/path.dsv
[8.261s] -- Up-to-date: /home/evan/code/ndt-loc/install/map/share/map/local_setup.bash
[8.261s] -- Up-to-date: /home/evan/code/ndt-loc/install/map/share/map/local_setup.sh
[8.261s] -- Up-to-date: /home/evan/code/ndt-loc/install/map/share/map/local_setup.zsh
[8.262s] -- Up-to-date: /home/evan/code/ndt-loc/install/map/share/map/local_setup.dsv
[8.262s] -- Up-to-date: /home/evan/code/ndt-loc/install/map/share/map/package.dsv
[8.262s] -- Up-to-date: /home/evan/code/ndt-loc/install/map/share/ament_index/resource_index/packages/map
[8.262s] -- Up-to-date: /home/evan/code/ndt-loc/install/map/share/map/cmake/ament_cmake_export_include_directories-extras.cmake
[8.262s] -- Up-to-date: /home/evan/code/ndt-loc/install/map/share/map/cmake/mapConfig.cmake
[8.262s] -- Up-to-date: /home/evan/code/ndt-loc/install/map/share/map/cmake/mapConfig-version.cmake
[8.262s] -- Up-to-date: /home/evan/code/ndt-loc/install/map/share/map/package.xml
[8.265s] Invoked command in '/home/evan/code/ndt-loc/build/map' returned '0': CMAKE_PREFIX_PATH=${CMAKE_PREFIX_PATH}:/opt/ros/humble /usr/bin/cmake --install /home/evan/code/ndt-loc/build/map
