[0.335s] Invoking command in '/home/evan/code/ndt-loc/build/radar-data': CMAKE_PREFIX_PATH=${CMAKE_PREFIX_PATH}:/opt/ros/humble /usr/bin/cmake --build /home/evan/code/ndt-loc/build/radar-data -- -j4 -l4
[0.572s] Invoked command in '/home/evan/code/ndt-loc/build/radar-data' returned '0': CMAKE_PREFIX_PATH=${CMAKE_PREFIX_PATH}:/opt/ros/humble /usr/bin/cmake --build /home/evan/code/ndt-loc/build/radar-data -- -j4 -l4
[0.604s] Invoking command in '/home/evan/code/ndt-loc/build/radar-data': CMAKE_PREFIX_PATH=${CMAKE_PREFIX_PATH}:/opt/ros/humble /usr/bin/cmake --install /home/evan/code/ndt-loc/build/radar-data
[0.625s] -- Install configuration: ""
[0.625s] -- Up-to-date: /home/evan/code/ndt-loc/install/radar-data/share/ament_index/resource_index/package_run_dependencies/radar-data
[0.626s] -- Up-to-date: /home/evan/code/ndt-loc/install/radar-data/share/ament_index/resource_index/parent_prefix_path/radar-data
[0.627s] -- Up-to-date: /home/evan/code/ndt-loc/install/radar-data/share/radar-data/environment/ament_prefix_path.sh
[0.628s] -- Up-to-date: /home/evan/code/ndt-loc/install/radar-data/share/radar-data/environment/ament_prefix_path.dsv
[0.628s] -- Up-to-date: /home/evan/code/ndt-loc/install/radar-data/share/radar-data/environment/path.sh
[0.628s] -- Up-to-date: /home/evan/code/ndt-loc/install/radar-data/share/radar-data/environment/path.dsv
[0.628s] -- Up-to-date: /home/evan/code/ndt-loc/install/radar-data/share/radar-data/local_setup.bash
[0.628s] -- Up-to-date: /home/evan/code/ndt-loc/install/radar-data/share/radar-data/local_setup.sh
[0.630s] -- Up-to-date: /home/evan/code/ndt-loc/install/radar-data/share/radar-data/local_setup.zsh
[0.630s] -- Up-to-date: /home/evan/code/ndt-loc/install/radar-data/share/radar-data/local_setup.dsv
[0.630s] -- Up-to-date: /home/evan/code/ndt-loc/install/radar-data/share/radar-data/package.dsv
[0.630s] -- Up-to-date: /home/evan/code/ndt-loc/install/radar-data/share/ament_index/resource_index/packages/radar-data
[0.630s] -- Up-to-date: /home/evan/code/ndt-loc/install/radar-data/share/radar-data/cmake/radar-dataConfig.cmake
[0.631s] -- Up-to-date: /home/evan/code/ndt-loc/install/radar-data/share/radar-data/cmake/radar-dataConfig-version.cmake
[0.631s] -- Up-to-date: /home/evan/code/ndt-loc/install/radar-data/share/radar-data/package.xml
[1.028s] Invoked command in '/home/evan/code/ndt-loc/build/radar-data' returned '0': CMAKE_PREFIX_PATH=${CMAKE_PREFIX_PATH}:/opt/ros/humble /usr/bin/cmake --install /home/evan/code/ndt-loc/build/radar-data
