[0.157s] Invoking command in '/home/evan/code/ndt-loc/build/ndt-lidar-radar': CMAKE_PREFIX_PATH=${CMAKE_PREFIX_PATH}:/opt/ros/humble /usr/bin/cmake --build /home/evan/code/ndt-loc/build/ndt-lidar-radar -- -j4 -l4
[0.645s] Invoked command in '/home/evan/code/ndt-loc/build/ndt-lidar-radar' returned '0': CMAKE_PREFIX_PATH=${CMAKE_PREFIX_PATH}:/opt/ros/humble /usr/bin/cmake --build /home/evan/code/ndt-loc/build/ndt-lidar-radar -- -j4 -l4
[0.685s] Invoking command in '/home/evan/code/ndt-loc/build/ndt-lidar-radar': CMAKE_PREFIX_PATH=${CMAKE_PREFIX_PATH}:/opt/ros/humble /usr/bin/cmake --install /home/evan/code/ndt-loc/build/ndt-lidar-radar
[0.700s] -- Install configuration: ""
[0.717s] -- Up-to-date: /home/evan/code/ndt-loc/install/ndt-lidar-radar/share/ament_index/resource_index/package_run_dependencies/ndt-lidar-radar
[0.717s] -- Up-to-date: /home/evan/code/ndt-loc/install/ndt-lidar-radar/share/ament_index/resource_index/parent_prefix_path/ndt-lidar-radar
[0.717s] -- Up-to-date: /home/evan/code/ndt-loc/install/ndt-lidar-radar/share/ndt-lidar-radar/environment/ament_prefix_path.sh
[0.718s] -- Up-to-date: /home/evan/code/ndt-loc/install/ndt-lidar-radar/share/ndt-lidar-radar/environment/ament_prefix_path.dsv
[0.718s] -- Up-to-date: /home/evan/code/ndt-loc/install/ndt-lidar-radar/share/ndt-lidar-radar/environment/path.sh
[0.718s] -- Up-to-date: /home/evan/code/ndt-loc/install/ndt-lidar-radar/share/ndt-lidar-radar/environment/path.dsv
[0.718s] -- Up-to-date: /home/evan/code/ndt-loc/install/ndt-lidar-radar/share/ndt-lidar-radar/local_setup.bash
[0.718s] -- Up-to-date: /home/evan/code/ndt-loc/install/ndt-lidar-radar/share/ndt-lidar-radar/local_setup.sh
[0.718s] -- Up-to-date: /home/evan/code/ndt-loc/install/ndt-lidar-radar/share/ndt-lidar-radar/local_setup.zsh
[0.718s] -- Up-to-date: /home/evan/code/ndt-loc/install/ndt-lidar-radar/share/ndt-lidar-radar/local_setup.dsv
[0.718s] -- Installing: /home/evan/code/ndt-loc/install/ndt-lidar-radar/share/ndt-lidar-radar/package.dsv
[0.718s] -- Up-to-date: /home/evan/code/ndt-loc/install/ndt-lidar-radar/share/ament_index/resource_index/packages/ndt-lidar-radar
[0.718s] -- Up-to-date: /home/evan/code/ndt-loc/install/ndt-lidar-radar/share/ndt-lidar-radar/cmake/ndt-lidar-radarConfig.cmake
[0.719s] -- Up-to-date: /home/evan/code/ndt-loc/install/ndt-lidar-radar/share/ndt-lidar-radar/cmake/ndt-lidar-radarConfig-version.cmake
[0.719s] -- Up-to-date: /home/evan/code/ndt-loc/install/ndt-lidar-radar/share/ndt-lidar-radar/package.xml
[0.721s] Invoked command in '/home/evan/code/ndt-loc/build/ndt-lidar-radar' returned '0': CMAKE_PREFIX_PATH=${CMAKE_PREFIX_PATH}:/opt/ros/humble /usr/bin/cmake --install /home/evan/code/ndt-loc/build/ndt-lidar-radar
