Determining if the function sgemm_ exists failed with the following output:
Change Dir: /home/evan/code/ndt-loc/build/a-loam/CMakeFiles/CMakeTmp

Run Build Command(s):/usr/bin/gmake -f Makefile cmTC_6cc81/fast && gmake[1]: Entering directory '/home/evan/code/ndt-loc/build/a-loam/CMakeFiles/CMakeTmp'
/usr/bin/gmake  -f CMakeFiles/cmTC_6cc81.dir/build.make CMakeFiles/cmTC_6cc81.dir/build
gmake[2]: Entering directory '/home/evan/code/ndt-loc/build/a-loam/CMakeFiles/CMakeTmp'
Building C object CMakeFiles/cmTC_6cc81.dir/CheckFunctionExists.c.o
/usr/bin/cc   -DCHECK_FUNCTION_EXISTS=sgemm_ -o CMakeFiles/cmTC_6cc81.dir/CheckFunctionExists.c.o -c /usr/share/cmake-3.22/Modules/CheckFunctionExists.c
Linking C executable cmTC_6cc81
/usr/bin/cmake -E cmake_link_script CMakeFiles/cmTC_6cc81.dir/link.txt --verbose=1
/usr/bin/cc  -DCHECK_FUNCTION_EXISTS=sgemm_ CMakeFiles/cmTC_6cc81.dir/CheckFunctionExists.c.o -o cmTC_6cc81 
/usr/bin/ld: CMakeFiles/cmTC_6cc81.dir/CheckFunctionExists.c.o: in function `main':
CheckFunctionExists.c:(.text+0x14): undefined reference to `sgemm_'
collect2: error: ld returned 1 exit status
gmake[2]: *** [CMakeFiles/cmTC_6cc81.dir/build.make:99: cmTC_6cc81] Error 1
gmake[2]: Leaving directory '/home/evan/code/ndt-loc/build/a-loam/CMakeFiles/CMakeTmp'
gmake[1]: *** [Makefile:127: cmTC_6cc81/fast] Error 2
gmake[1]: Leaving directory '/home/evan/code/ndt-loc/build/a-loam/CMakeFiles/CMakeTmp'



Determining if the function cheev_ exists failed with the following output:
Change Dir: /home/evan/code/ndt-loc/build/a-loam/CMakeFiles/CMakeTmp

Run Build Command(s):/usr/bin/gmake -f Makefile cmTC_ec850/fast && gmake[1]: Entering directory '/home/evan/code/ndt-loc/build/a-loam/CMakeFiles/CMakeTmp'
/usr/bin/gmake  -f CMakeFiles/cmTC_ec850.dir/build.make CMakeFiles/cmTC_ec850.dir/build
gmake[2]: Entering directory '/home/evan/code/ndt-loc/build/a-loam/CMakeFiles/CMakeTmp'
Building C object CMakeFiles/cmTC_ec850.dir/CheckFunctionExists.c.o
/usr/bin/cc   -DCHECK_FUNCTION_EXISTS=cheev_ -o CMakeFiles/cmTC_ec850.dir/CheckFunctionExists.c.o -c /usr/share/cmake-3.22/Modules/CheckFunctionExists.c
Linking C executable cmTC_ec850
/usr/bin/cmake -E cmake_link_script CMakeFiles/cmTC_ec850.dir/link.txt --verbose=1
/usr/bin/cc  -DCHECK_FUNCTION_EXISTS=cheev_ CMakeFiles/cmTC_ec850.dir/CheckFunctionExists.c.o -o cmTC_ec850  /usr/lib/x86_64-linux-gnu/libblas.so -lm -ldl 
/usr/bin/ld: CMakeFiles/cmTC_ec850.dir/CheckFunctionExists.c.o: in function `main':
CheckFunctionExists.c:(.text+0x14): undefined reference to `cheev_'
collect2: error: ld returned 1 exit status
gmake[2]: *** [CMakeFiles/cmTC_ec850.dir/build.make:100: cmTC_ec850] Error 1
gmake[2]: Leaving directory '/home/evan/code/ndt-loc/build/a-loam/CMakeFiles/CMakeTmp'
gmake[1]: *** [Makefile:127: cmTC_ec850/fast] Error 2
gmake[1]: Leaving directory '/home/evan/code/ndt-loc/build/a-loam/CMakeFiles/CMakeTmp'



Determining if the function cheev_ exists failed with the following output:
Change Dir: /home/evan/code/ndt-loc/build/a-loam/CMakeFiles/CMakeTmp

Run Build Command(s):/usr/bin/gmake -f Makefile cmTC_70a63/fast && gmake[1]: Entering directory '/home/evan/code/ndt-loc/build/a-loam/CMakeFiles/CMakeTmp'
/usr/bin/gmake  -f CMakeFiles/cmTC_70a63.dir/build.make CMakeFiles/cmTC_70a63.dir/build
gmake[2]: Entering directory '/home/evan/code/ndt-loc/build/a-loam/CMakeFiles/CMakeTmp'
Building C object CMakeFiles/cmTC_70a63.dir/CheckFunctionExists.c.o
/usr/bin/cc   -DCHECK_FUNCTION_EXISTS=cheev_ -o CMakeFiles/cmTC_70a63.dir/CheckFunctionExists.c.o -c /usr/share/cmake-3.22/Modules/CheckFunctionExists.c
Linking C executable cmTC_70a63
/usr/bin/cmake -E cmake_link_script CMakeFiles/cmTC_70a63.dir/link.txt --verbose=1
/usr/bin/cc  -DCHECK_FUNCTION_EXISTS=cheev_ CMakeFiles/cmTC_70a63.dir/CheckFunctionExists.c.o -o cmTC_70a63  /usr/lib/x86_64-linux-gnu/liblapack.so /usr/lib/x86_64-linux-gnu/libblas.so -fortranlibs 
cc: error: unrecognized command-line option ‘-fortranlibs’
gmake[2]: *** [CMakeFiles/cmTC_70a63.dir/build.make:101: cmTC_70a63] Error 1
gmake[2]: Leaving directory '/home/evan/code/ndt-loc/build/a-loam/CMakeFiles/CMakeTmp'
gmake[1]: *** [Makefile:127: cmTC_70a63/fast] Error 2
gmake[1]: Leaving directory '/home/evan/code/ndt-loc/build/a-loam/CMakeFiles/CMakeTmp'



