[0.322s] DEBUG:colcon:Command line arguments: ['/usr/bin/colcon', 'build', '--packages-select', 'data-publisher', 'a-loam']
[0.322s] DEBUG:colcon:Parsed command line arguments: Namespace(log_base=None, log_level=None, verb_name='build', build_base='build', install_base='install', merge_install=False, symlink_install=False, test_result_base=None, continue_on_error=False, executor='parallel', parallel_workers=4, event_handlers=None, ignore_user_meta=False, metas=['./colcon.meta'], base_paths=['.'], packages_ignore=None, packages_ignore_regex=None, paths=None, packages_up_to=None, packages_up_to_regex=None, packages_above=None, packages_above_and_dependencies=None, packages_above_depth=None, packages_select_by_dep=None, packages_skip_by_dep=None, packages_skip_up_to=None, packages_select_build_failed=False, packages_skip_build_finished=False, packages_select_test_failures=False, packages_skip_test_passed=False, packages_select=['data-publisher', 'a-loam'], packages_skip=None, packages_select_regex=None, packages_skip_regex=None, packages_start=None, packages_end=None, allow_overriding=[], cmake_args=None, cmake_target=None, cmake_target_skip_unavailable=False, cmake_clean_cache=False, cmake_clean_first=False, cmake_force_configure=False, ament_cmake_args=None, catkin_cmake_args=None, catkin_skip_building_tests=False, verb_parser=<colcon_defaults.argument_parser.defaults.DefaultArgumentsDecorator object at 0x7fd6f15c2440>, verb_extension=<colcon_core.verb.build.BuildVerb object at 0x7fd6f1dfa950>, main=<bound method BuildVerb.main of <colcon_core.verb.build.BuildVerb object at 0x7fd6f1dfa950>>)
[0.356s] Level 1:colcon.colcon_core.package_discovery:discover_packages(colcon_meta) check parameters
[0.356s] Level 1:colcon.colcon_core.package_discovery:discover_packages(recursive) check parameters
[0.356s] Level 1:colcon.colcon_core.package_discovery:discover_packages(ignore) check parameters
[0.356s] Level 1:colcon.colcon_core.package_discovery:discover_packages(path) check parameters
[0.356s] Level 1:colcon.colcon_core.package_discovery:discover_packages(colcon_meta) discover
[0.356s] Level 1:colcon.colcon_core.package_discovery:discover_packages(recursive) discover
[0.356s] INFO:colcon.colcon_core.package_discovery:Crawling recursively for packages in '/home/evan/code/ndt-loc'
[0.357s] Level 1:colcon.colcon_core.package_identification:_identify(.) by extensions ['ignore', 'ignore_ament_install']
[0.357s] Level 1:colcon.colcon_core.package_identification:_identify(.) by extension 'ignore'
[0.357s] Level 1:colcon.colcon_core.package_identification:_identify(.) by extension 'ignore_ament_install'
[0.357s] Level 1:colcon.colcon_core.package_identification:_identify(.) by extensions ['colcon_pkg']
[0.357s] Level 1:colcon.colcon_core.package_identification:_identify(.) by extension 'colcon_pkg'
[0.357s] Level 1:colcon.colcon_core.package_identification:_identify(.) by extensions ['colcon_meta']
[0.357s] Level 1:colcon.colcon_core.package_identification:_identify(.) by extension 'colcon_meta'
[0.357s] Level 1:colcon.colcon_core.package_identification:_identify(.) by extensions ['ros']
[0.357s] Level 1:colcon.colcon_core.package_identification:_identify(.) by extension 'ros'
[0.369s] Level 1:colcon.colcon_core.package_identification:_identify(.) by extensions ['cmake', 'python']
[0.369s] Level 1:colcon.colcon_core.package_identification:_identify(.) by extension 'cmake'
[0.369s] Level 1:colcon.colcon_core.package_identification:_identify(.) by extension 'python'
[0.369s] Level 1:colcon.colcon_core.package_identification:_identify(.) by extensions ['python_setup_py']
[0.369s] Level 1:colcon.colcon_core.package_identification:_identify(.) by extension 'python_setup_py'
[0.370s] Level 1:colcon.colcon_core.package_identification:_identify(build) by extensions ['ignore', 'ignore_ament_install']
[0.370s] Level 1:colcon.colcon_core.package_identification:_identify(build) by extension 'ignore'
[0.370s] Level 1:colcon.colcon_core.package_identification:_identify(build) ignored
[0.370s] Level 1:colcon.colcon_core.package_identification:_identify(install) by extensions ['ignore', 'ignore_ament_install']
[0.370s] Level 1:colcon.colcon_core.package_identification:_identify(install) by extension 'ignore'
[0.370s] Level 1:colcon.colcon_core.package_identification:_identify(install) ignored
[0.370s] Level 1:colcon.colcon_core.package_identification:_identify(launch) by extensions ['ignore', 'ignore_ament_install']
[0.370s] Level 1:colcon.colcon_core.package_identification:_identify(launch) by extension 'ignore'
[0.371s] Level 1:colcon.colcon_core.package_identification:_identify(launch) by extension 'ignore_ament_install'
[0.371s] Level 1:colcon.colcon_core.package_identification:_identify(launch) by extensions ['colcon_pkg']
[0.371s] Level 1:colcon.colcon_core.package_identification:_identify(launch) by extension 'colcon_pkg'
[0.371s] Level 1:colcon.colcon_core.package_identification:_identify(launch) by extensions ['colcon_meta']
[0.371s] Level 1:colcon.colcon_core.package_identification:_identify(launch) by extension 'colcon_meta'
[0.371s] Level 1:colcon.colcon_core.package_identification:_identify(launch) by extensions ['ros']
[0.371s] Level 1:colcon.colcon_core.package_identification:_identify(launch) by extension 'ros'
[0.371s] Level 1:colcon.colcon_core.package_identification:_identify(launch) by extensions ['cmake', 'python']
[0.371s] Level 1:colcon.colcon_core.package_identification:_identify(launch) by extension 'cmake'
[0.371s] Level 1:colcon.colcon_core.package_identification:_identify(launch) by extension 'python'
[0.371s] Level 1:colcon.colcon_core.package_identification:_identify(launch) by extensions ['python_setup_py']
[0.371s] Level 1:colcon.colcon_core.package_identification:_identify(launch) by extension 'python_setup_py'
[0.371s] Level 1:colcon.colcon_core.package_identification:_identify(launch/a-loam) by extensions ['ignore', 'ignore_ament_install']
[0.371s] Level 1:colcon.colcon_core.package_identification:_identify(launch/a-loam) by extension 'ignore'
[0.371s] Level 1:colcon.colcon_core.package_identification:_identify(launch/a-loam) by extension 'ignore_ament_install'
[0.371s] Level 1:colcon.colcon_core.package_identification:_identify(launch/a-loam) by extensions ['colcon_pkg']
[0.372s] Level 1:colcon.colcon_core.package_identification:_identify(launch/a-loam) by extension 'colcon_pkg'
[0.372s] Level 1:colcon.colcon_core.package_identification:_identify(launch/a-loam) by extensions ['colcon_meta']
[0.372s] Level 1:colcon.colcon_core.package_identification:_identify(launch/a-loam) by extension 'colcon_meta'
[0.372s] Level 1:colcon.colcon_core.package_identification:_identify(launch/a-loam) by extensions ['ros']
[0.372s] Level 1:colcon.colcon_core.package_identification:_identify(launch/a-loam) by extension 'ros'
[0.372s] Level 1:colcon.colcon_core.package_identification:_identify(launch/a-loam) by extensions ['cmake', 'python']
[0.372s] Level 1:colcon.colcon_core.package_identification:_identify(launch/a-loam) by extension 'cmake'
[0.372s] Level 1:colcon.colcon_core.package_identification:_identify(launch/a-loam) by extension 'python'
[0.372s] Level 1:colcon.colcon_core.package_identification:_identify(launch/a-loam) by extensions ['python_setup_py']
[0.372s] Level 1:colcon.colcon_core.package_identification:_identify(launch/a-loam) by extension 'python_setup_py'
[0.372s] Level 1:colcon.colcon_core.package_identification:_identify(launch/a-loam/__pycache__) by extensions ['ignore', 'ignore_ament_install']
[0.372s] Level 1:colcon.colcon_core.package_identification:_identify(launch/a-loam/__pycache__) by extension 'ignore'
[0.372s] Level 1:colcon.colcon_core.package_identification:_identify(launch/a-loam/__pycache__) by extension 'ignore_ament_install'
[0.372s] Level 1:colcon.colcon_core.package_identification:_identify(launch/a-loam/__pycache__) by extensions ['colcon_pkg']
[0.372s] Level 1:colcon.colcon_core.package_identification:_identify(launch/a-loam/__pycache__) by extension 'colcon_pkg'
[0.372s] Level 1:colcon.colcon_core.package_identification:_identify(launch/a-loam/__pycache__) by extensions ['colcon_meta']
[0.372s] Level 1:colcon.colcon_core.package_identification:_identify(launch/a-loam/__pycache__) by extension 'colcon_meta'
[0.373s] Level 1:colcon.colcon_core.package_identification:_identify(launch/a-loam/__pycache__) by extensions ['ros']
[0.373s] Level 1:colcon.colcon_core.package_identification:_identify(launch/a-loam/__pycache__) by extension 'ros'
[0.373s] Level 1:colcon.colcon_core.package_identification:_identify(launch/a-loam/__pycache__) by extensions ['cmake', 'python']
[0.373s] Level 1:colcon.colcon_core.package_identification:_identify(launch/a-loam/__pycache__) by extension 'cmake'
[0.373s] Level 1:colcon.colcon_core.package_identification:_identify(launch/a-loam/__pycache__) by extension 'python'
[0.373s] Level 1:colcon.colcon_core.package_identification:_identify(launch/a-loam/__pycache__) by extensions ['python_setup_py']
[0.373s] Level 1:colcon.colcon_core.package_identification:_identify(launch/a-loam/__pycache__) by extension 'python_setup_py'
[0.373s] Level 1:colcon.colcon_core.package_identification:_identify(log) by extensions ['ignore', 'ignore_ament_install']
[0.373s] Level 1:colcon.colcon_core.package_identification:_identify(log) by extension 'ignore'
[0.373s] Level 1:colcon.colcon_core.package_identification:_identify(log) ignored
[0.374s] Level 1:colcon.colcon_core.package_identification:_identify(src) by extensions ['ignore', 'ignore_ament_install']
[0.374s] Level 1:colcon.colcon_core.package_identification:_identify(src) by extension 'ignore'
[0.374s] Level 1:colcon.colcon_core.package_identification:_identify(src) by extension 'ignore_ament_install'
[0.374s] Level 1:colcon.colcon_core.package_identification:_identify(src) by extensions ['colcon_pkg']
[0.374s] Level 1:colcon.colcon_core.package_identification:_identify(src) by extension 'colcon_pkg'
[0.374s] Level 1:colcon.colcon_core.package_identification:_identify(src) by extensions ['colcon_meta']
[0.374s] Level 1:colcon.colcon_core.package_identification:_identify(src) by extension 'colcon_meta'
[0.374s] Level 1:colcon.colcon_core.package_identification:_identify(src) by extensions ['ros']
[0.374s] Level 1:colcon.colcon_core.package_identification:_identify(src) by extension 'ros'
[0.374s] Level 1:colcon.colcon_core.package_identification:_identify(src) by extensions ['cmake', 'python']
[0.374s] Level 1:colcon.colcon_core.package_identification:_identify(src) by extension 'cmake'
[0.374s] Level 1:colcon.colcon_core.package_identification:_identify(src) by extension 'python'
[0.374s] Level 1:colcon.colcon_core.package_identification:_identify(src) by extensions ['python_setup_py']
[0.374s] Level 1:colcon.colcon_core.package_identification:_identify(src) by extension 'python_setup_py'
[0.374s] Level 1:colcon.colcon_core.package_identification:_identify(src/a-loam) by extensions ['ignore', 'ignore_ament_install']
[0.375s] Level 1:colcon.colcon_core.package_identification:_identify(src/a-loam) by extension 'ignore'
[0.375s] Level 1:colcon.colcon_core.package_identification:_identify(src/a-loam) by extension 'ignore_ament_install'
[0.375s] Level 1:colcon.colcon_core.package_identification:_identify(src/a-loam) by extensions ['colcon_pkg']
[0.375s] Level 1:colcon.colcon_core.package_identification:_identify(src/a-loam) by extension 'colcon_pkg'
[0.375s] Level 1:colcon.colcon_core.package_identification:_identify(src/a-loam) by extensions ['colcon_meta']
[0.375s] Level 1:colcon.colcon_core.package_identification:_identify(src/a-loam) by extension 'colcon_meta'
[0.375s] Level 1:colcon.colcon_core.package_identification:_identify(src/a-loam) by extensions ['ros']
[0.375s] Level 1:colcon.colcon_core.package_identification:_identify(src/a-loam) by extension 'ros'
[0.378s] DEBUG:colcon.colcon_core.package_identification:Package 'src/a-loam' with type 'ros.ament_cmake' and name 'a-loam'
[0.378s] Level 1:colcon.colcon_core.package_identification:_identify(src/cloud_msgs) by extensions ['ignore', 'ignore_ament_install']
[0.378s] Level 1:colcon.colcon_core.package_identification:_identify(src/cloud_msgs) by extension 'ignore'
[0.378s] Level 1:colcon.colcon_core.package_identification:_identify(src/cloud_msgs) by extension 'ignore_ament_install'
[0.378s] Level 1:colcon.colcon_core.package_identification:_identify(src/cloud_msgs) by extensions ['colcon_pkg']
[0.378s] Level 1:colcon.colcon_core.package_identification:_identify(src/cloud_msgs) by extension 'colcon_pkg'
[0.378s] Level 1:colcon.colcon_core.package_identification:_identify(src/cloud_msgs) by extensions ['colcon_meta']
[0.378s] Level 1:colcon.colcon_core.package_identification:_identify(src/cloud_msgs) by extension 'colcon_meta'
[0.379s] Level 1:colcon.colcon_core.package_identification:_identify(src/cloud_msgs) by extensions ['ros']
[0.379s] Level 1:colcon.colcon_core.package_identification:_identify(src/cloud_msgs) by extension 'ros'
[0.379s] DEBUG:colcon.colcon_core.package_identification:Package 'src/cloud_msgs' with type 'ros.ament_cmake' and name 'cloud_msgs'
[0.379s] Level 1:colcon.colcon_core.package_identification:_identify(src/data-publisher) by extensions ['ignore', 'ignore_ament_install']
[0.379s] Level 1:colcon.colcon_core.package_identification:_identify(src/data-publisher) by extension 'ignore'
[0.379s] Level 1:colcon.colcon_core.package_identification:_identify(src/data-publisher) by extension 'ignore_ament_install'
[0.380s] Level 1:colcon.colcon_core.package_identification:_identify(src/data-publisher) by extensions ['colcon_pkg']
[0.380s] Level 1:colcon.colcon_core.package_identification:_identify(src/data-publisher) by extension 'colcon_pkg'
[0.380s] Level 1:colcon.colcon_core.package_identification:_identify(src/data-publisher) by extensions ['colcon_meta']
[0.380s] Level 1:colcon.colcon_core.package_identification:_identify(src/data-publisher) by extension 'colcon_meta'
[0.380s] Level 1:colcon.colcon_core.package_identification:_identify(src/data-publisher) by extensions ['ros']
[0.380s] Level 1:colcon.colcon_core.package_identification:_identify(src/data-publisher) by extension 'ros'
[0.381s] DEBUG:colcon.colcon_core.package_identification:Package 'src/data-publisher' with type 'ros.ament_cmake' and name 'data-publisher'
[0.381s] Level 1:colcon.colcon_core.package_identification:_identify(src/map) by extensions ['ignore', 'ignore_ament_install']
[0.381s] Level 1:colcon.colcon_core.package_identification:_identify(src/map) by extension 'ignore'
[0.381s] Level 1:colcon.colcon_core.package_identification:_identify(src/map) by extension 'ignore_ament_install'
[0.381s] Level 1:colcon.colcon_core.package_identification:_identify(src/map) by extensions ['colcon_pkg']
[0.381s] Level 1:colcon.colcon_core.package_identification:_identify(src/map) by extension 'colcon_pkg'
[0.381s] Level 1:colcon.colcon_core.package_identification:_identify(src/map) by extensions ['colcon_meta']
[0.381s] Level 1:colcon.colcon_core.package_identification:_identify(src/map) by extension 'colcon_meta'
[0.381s] Level 1:colcon.colcon_core.package_identification:_identify(src/map) by extensions ['ros']
[0.381s] Level 1:colcon.colcon_core.package_identification:_identify(src/map) by extension 'ros'
[0.382s] DEBUG:colcon.colcon_core.package_identification:Package 'src/map' with type 'ros.ament_cmake' and name 'map'
[0.382s] Level 1:colcon.colcon_core.package_identification:_identify(src/ndt-lidar-radar) by extensions ['ignore', 'ignore_ament_install']
[0.382s] Level 1:colcon.colcon_core.package_identification:_identify(src/ndt-lidar-radar) by extension 'ignore'
[0.382s] Level 1:colcon.colcon_core.package_identification:_identify(src/ndt-lidar-radar) by extension 'ignore_ament_install'
[0.382s] Level 1:colcon.colcon_core.package_identification:_identify(src/ndt-lidar-radar) by extensions ['colcon_pkg']
[0.382s] Level 1:colcon.colcon_core.package_identification:_identify(src/ndt-lidar-radar) by extension 'colcon_pkg'
[0.382s] Level 1:colcon.colcon_core.package_identification:_identify(src/ndt-lidar-radar) by extensions ['colcon_meta']
[0.382s] Level 1:colcon.colcon_core.package_identification:_identify(src/ndt-lidar-radar) by extension 'colcon_meta'
[0.383s] Level 1:colcon.colcon_core.package_identification:_identify(src/ndt-lidar-radar) by extensions ['ros']
[0.383s] Level 1:colcon.colcon_core.package_identification:_identify(src/ndt-lidar-radar) by extension 'ros'
[0.383s] DEBUG:colcon.colcon_core.package_identification:Package 'src/ndt-lidar-radar' with type 'ros.ament_cmake' and name 'ndt-lidar-radar'
[0.383s] Level 1:colcon.colcon_core.package_identification:_identify(src/radar-data) by extensions ['ignore', 'ignore_ament_install']
[0.383s] Level 1:colcon.colcon_core.package_identification:_identify(src/radar-data) by extension 'ignore'
[0.384s] Level 1:colcon.colcon_core.package_identification:_identify(src/radar-data) by extension 'ignore_ament_install'
[0.384s] Level 1:colcon.colcon_core.package_identification:_identify(src/radar-data) by extensions ['colcon_pkg']
[0.384s] Level 1:colcon.colcon_core.package_identification:_identify(src/radar-data) by extension 'colcon_pkg'
[0.384s] Level 1:colcon.colcon_core.package_identification:_identify(src/radar-data) by extensions ['colcon_meta']
[0.384s] Level 1:colcon.colcon_core.package_identification:_identify(src/radar-data) by extension 'colcon_meta'
[0.384s] Level 1:colcon.colcon_core.package_identification:_identify(src/radar-data) by extensions ['ros']
[0.384s] Level 1:colcon.colcon_core.package_identification:_identify(src/radar-data) by extension 'ros'
[0.385s] DEBUG:colcon.colcon_core.package_identification:Package 'src/radar-data' with type 'ros.ament_cmake' and name 'radar-data'
[0.385s] Level 1:colcon.colcon_core.package_discovery:discover_packages(recursive) using defaults
[0.385s] Level 1:colcon.colcon_core.package_discovery:discover_packages(ignore) discover
[0.385s] Level 1:colcon.colcon_core.package_discovery:discover_packages(ignore) using defaults
[0.385s] Level 1:colcon.colcon_core.package_discovery:discover_packages(path) discover
[0.385s] Level 1:colcon.colcon_core.package_discovery:discover_packages(path) using defaults
[0.412s] INFO:colcon.colcon_core.package_selection:Skipping not selected package 'cloud_msgs' in 'src/cloud_msgs'
[0.412s] INFO:colcon.colcon_core.package_selection:Skipping not selected package 'map' in 'src/map'
[0.412s] INFO:colcon.colcon_core.package_selection:Skipping not selected package 'ndt-lidar-radar' in 'src/ndt-lidar-radar'
[0.412s] INFO:colcon.colcon_core.package_selection:Skipping not selected package 'radar-data' in 'src/radar-data'
[0.413s] Level 1:colcon.colcon_core.package_discovery:discover_packages(prefix_path) check parameters
[0.413s] Level 1:colcon.colcon_core.package_discovery:discover_packages(prefix_path) discover
[0.416s] DEBUG:colcon.colcon_installed_package_information.package_discovery:Found 6 installed packages in /home/evan/code/ndt-loc/install
[0.418s] DEBUG:colcon.colcon_installed_package_information.package_discovery:Found 270 installed packages in /opt/ros/humble
[0.419s] Level 1:colcon.colcon_core.package_discovery:discover_packages(prefix_path) using defaults
[0.500s] Level 5:colcon.colcon_core.verb:set package 'a-loam' build argument 'cmake_args' from command line to 'None'
[0.500s] Level 5:colcon.colcon_core.verb:set package 'a-loam' build argument 'cmake_target' from command line to 'None'
[0.500s] Level 5:colcon.colcon_core.verb:set package 'a-loam' build argument 'cmake_target_skip_unavailable' from command line to 'False'
[0.500s] Level 5:colcon.colcon_core.verb:set package 'a-loam' build argument 'cmake_clean_cache' from command line to 'False'
[0.500s] Level 5:colcon.colcon_core.verb:set package 'a-loam' build argument 'cmake_clean_first' from command line to 'False'
[0.500s] Level 5:colcon.colcon_core.verb:set package 'a-loam' build argument 'cmake_force_configure' from command line to 'False'
[0.500s] Level 5:colcon.colcon_core.verb:set package 'a-loam' build argument 'ament_cmake_args' from command line to 'None'
[0.500s] Level 5:colcon.colcon_core.verb:set package 'a-loam' build argument 'catkin_cmake_args' from command line to 'None'
[0.500s] Level 5:colcon.colcon_core.verb:set package 'a-loam' build argument 'catkin_skip_building_tests' from command line to 'False'
[0.500s] DEBUG:colcon.colcon_core.verb:Building package 'a-loam' with the following arguments: {'ament_cmake_args': None, 'build_base': '/home/evan/code/ndt-loc/build/a-loam', 'catkin_cmake_args': None, 'catkin_skip_building_tests': False, 'cmake_args': None, 'cmake_clean_cache': False, 'cmake_clean_first': False, 'cmake_force_configure': False, 'cmake_target': None, 'cmake_target_skip_unavailable': False, 'install_base': '/home/evan/code/ndt-loc/install/a-loam', 'merge_install': False, 'path': '/home/evan/code/ndt-loc/src/a-loam', 'symlink_install': False, 'test_result_base': None}
[0.501s] Level 5:colcon.colcon_core.verb:set package 'data-publisher' build argument 'cmake_args' from command line to 'None'
[0.501s] Level 5:colcon.colcon_core.verb:set package 'data-publisher' build argument 'cmake_target' from command line to 'None'
[0.501s] Level 5:colcon.colcon_core.verb:set package 'data-publisher' build argument 'cmake_target_skip_unavailable' from command line to 'False'
[0.501s] Level 5:colcon.colcon_core.verb:set package 'data-publisher' build argument 'cmake_clean_cache' from command line to 'False'
[0.501s] Level 5:colcon.colcon_core.verb:set package 'data-publisher' build argument 'cmake_clean_first' from command line to 'False'
[0.501s] Level 5:colcon.colcon_core.verb:set package 'data-publisher' build argument 'cmake_force_configure' from command line to 'False'
[0.501s] Level 5:colcon.colcon_core.verb:set package 'data-publisher' build argument 'ament_cmake_args' from command line to 'None'
[0.501s] Level 5:colcon.colcon_core.verb:set package 'data-publisher' build argument 'catkin_cmake_args' from command line to 'None'
[0.501s] Level 5:colcon.colcon_core.verb:set package 'data-publisher' build argument 'catkin_skip_building_tests' from command line to 'False'
[0.501s] DEBUG:colcon.colcon_core.verb:Building package 'data-publisher' with the following arguments: {'ament_cmake_args': None, 'build_base': '/home/evan/code/ndt-loc/build/data-publisher', 'catkin_cmake_args': None, 'catkin_skip_building_tests': False, 'cmake_args': None, 'cmake_clean_cache': False, 'cmake_clean_first': False, 'cmake_force_configure': False, 'cmake_target': None, 'cmake_target_skip_unavailable': False, 'install_base': '/home/evan/code/ndt-loc/install/data-publisher', 'merge_install': False, 'path': '/home/evan/code/ndt-loc/src/data-publisher', 'symlink_install': False, 'test_result_base': None}
[0.502s] INFO:colcon.colcon_core.executor:Executing jobs using 'parallel' executor
[0.505s] DEBUG:colcon.colcon_parallel_executor.executor.parallel:run_until_complete
[0.506s] INFO:colcon.colcon_ros.task.ament_cmake.build:Building ROS package in '/home/evan/code/ndt-loc/src/a-loam' with build type 'ament_cmake'
[0.506s] INFO:colcon.colcon_cmake.task.cmake.build:Building CMake package in '/home/evan/code/ndt-loc/src/a-loam'
[0.512s] INFO:colcon.colcon_core.plugin_system:Skipping extension 'colcon_core.shell.bat': Not used on non-Windows systems
[0.512s] INFO:colcon.colcon_core.shell:Skip shell extension 'powershell' for command environment: Not usable outside of PowerShell
[0.512s] DEBUG:colcon.colcon_core.shell:Skip shell extension 'dsv' for command environment
[0.518s] INFO:colcon.colcon_ros.task.ament_cmake.build:Building ROS package in '/home/evan/code/ndt-loc/src/data-publisher' with build type 'ament_cmake'
[0.518s] INFO:colcon.colcon_cmake.task.cmake.build:Building CMake package in '/home/evan/code/ndt-loc/src/data-publisher'
[0.520s] INFO:colcon.colcon_core.shell:Skip shell extension 'powershell' for command environment: Not usable outside of PowerShell
[0.520s] DEBUG:colcon.colcon_core.shell:Skip shell extension 'dsv' for command environment
[0.532s] DEBUG:colcon.colcon_core.event_handler.log_command:Invoking command in '/home/evan/code/ndt-loc/build/a-loam': CMAKE_PREFIX_PATH=${CMAKE_PREFIX_PATH}:/opt/ros/humble /usr/bin/cmake --build /home/evan/code/ndt-loc/build/a-loam -- -j4 -l4
[0.537s] DEBUG:colcon.colcon_core.event_handler.log_command:Invoking command in '/home/evan/code/ndt-loc/build/data-publisher': CMAKE_PREFIX_PATH=${CMAKE_PREFIX_PATH}:/opt/ros/humble /usr/bin/cmake --build /home/evan/code/ndt-loc/build/data-publisher -- -j4 -l4
[0.624s] DEBUG:colcon.colcon_core.event_handler.log_command:Invoked command in '/home/evan/code/ndt-loc/build/data-publisher' returned '0': CMAKE_PREFIX_PATH=${CMAKE_PREFIX_PATH}:/opt/ros/humble /usr/bin/cmake --build /home/evan/code/ndt-loc/build/data-publisher -- -j4 -l4
[0.666s] DEBUG:colcon.colcon_core.event_handler.log_command:Invoking command in '/home/evan/code/ndt-loc/build/data-publisher': CMAKE_PREFIX_PATH=${CMAKE_PREFIX_PATH}:/opt/ros/humble /usr/bin/cmake --install /home/evan/code/ndt-loc/build/data-publisher
[0.681s] Level 1:colcon.colcon_core.environment:create_environment_scripts_only(data-publisher)
[0.682s] DEBUG:colcon.colcon_core.event_handler.log_command:Invoked command in '/home/evan/code/ndt-loc/build/data-publisher' returned '0': CMAKE_PREFIX_PATH=${CMAKE_PREFIX_PATH}:/opt/ros/humble /usr/bin/cmake --install /home/evan/code/ndt-loc/build/data-publisher
[0.687s] Level 1:colcon.colcon_core.environment:checking '/home/evan/code/ndt-loc/install/data-publisher' for CMake module files
[0.688s] Level 1:colcon.colcon_core.environment:checking '/home/evan/code/ndt-loc/install/data-publisher' for CMake config files
[0.688s] Level 1:colcon.colcon_core.shell:create_environment_hook('data-publisher', 'cmake_prefix_path')
[0.690s] INFO:colcon.colcon_core.shell:Creating environment hook '/home/evan/code/ndt-loc/install/data-publisher/share/data-publisher/hook/cmake_prefix_path.ps1'
[0.690s] INFO:colcon.colcon_core.shell:Creating environment descriptor '/home/evan/code/ndt-loc/install/data-publisher/share/data-publisher/hook/cmake_prefix_path.dsv'
[0.691s] INFO:colcon.colcon_core.shell:Creating environment hook '/home/evan/code/ndt-loc/install/data-publisher/share/data-publisher/hook/cmake_prefix_path.sh'
[0.692s] Level 1:colcon.colcon_core.environment:checking '/home/evan/code/ndt-loc/install/data-publisher/lib'
[0.692s] Level 1:colcon.colcon_core.environment:checking '/home/evan/code/ndt-loc/install/data-publisher/bin'
[0.692s] Level 1:colcon.colcon_core.environment:checking '/home/evan/code/ndt-loc/install/data-publisher/lib/pkgconfig/data-publisher.pc'
[0.693s] Level 1:colcon.colcon_core.environment:checking '/home/evan/code/ndt-loc/install/data-publisher/lib/python3.10/site-packages'
[0.693s] Level 1:colcon.colcon_core.environment:checking '/home/evan/code/ndt-loc/install/data-publisher/bin'
[0.694s] INFO:colcon.colcon_core.shell:Creating package script '/home/evan/code/ndt-loc/install/data-publisher/share/data-publisher/package.ps1'
[0.695s] INFO:colcon.colcon_core.shell:Creating package descriptor '/home/evan/code/ndt-loc/install/data-publisher/share/data-publisher/package.dsv'
[0.695s] INFO:colcon.colcon_core.shell:Creating package script '/home/evan/code/ndt-loc/install/data-publisher/share/data-publisher/package.sh'
[0.696s] INFO:colcon.colcon_core.shell:Creating package script '/home/evan/code/ndt-loc/install/data-publisher/share/data-publisher/package.bash'
[0.697s] INFO:colcon.colcon_core.shell:Creating package script '/home/evan/code/ndt-loc/install/data-publisher/share/data-publisher/package.zsh'
[0.698s] Level 1:colcon.colcon_core.environment:create_file_with_runtime_dependencies(/home/evan/code/ndt-loc/install/data-publisher/share/colcon-core/packages/data-publisher)
[0.728s] Level 1:colcon.colcon_core.environment:create_environment_scripts_only(data-publisher)
[0.731s] Level 1:colcon.colcon_core.environment:checking '/home/evan/code/ndt-loc/install/data-publisher' for CMake module files
[0.731s] Level 1:colcon.colcon_core.environment:checking '/home/evan/code/ndt-loc/install/data-publisher' for CMake config files
[0.731s] Level 1:colcon.colcon_core.shell:create_environment_hook('data-publisher', 'cmake_prefix_path')
[0.733s] INFO:colcon.colcon_core.shell:Creating environment hook '/home/evan/code/ndt-loc/install/data-publisher/share/data-publisher/hook/cmake_prefix_path.ps1'
[0.733s] INFO:colcon.colcon_core.shell:Creating environment descriptor '/home/evan/code/ndt-loc/install/data-publisher/share/data-publisher/hook/cmake_prefix_path.dsv'
[0.734s] INFO:colcon.colcon_core.shell:Creating environment hook '/home/evan/code/ndt-loc/install/data-publisher/share/data-publisher/hook/cmake_prefix_path.sh'
[0.734s] Level 1:colcon.colcon_core.environment:checking '/home/evan/code/ndt-loc/install/data-publisher/lib'
[0.735s] Level 1:colcon.colcon_core.environment:checking '/home/evan/code/ndt-loc/install/data-publisher/bin'
[0.735s] Level 1:colcon.colcon_core.environment:checking '/home/evan/code/ndt-loc/install/data-publisher/lib/pkgconfig/data-publisher.pc'
[0.735s] Level 1:colcon.colcon_core.environment:checking '/home/evan/code/ndt-loc/install/data-publisher/lib/python3.10/site-packages'
[0.735s] Level 1:colcon.colcon_core.environment:checking '/home/evan/code/ndt-loc/install/data-publisher/bin'
[0.736s] INFO:colcon.colcon_core.shell:Creating package script '/home/evan/code/ndt-loc/install/data-publisher/share/data-publisher/package.ps1'
[0.737s] INFO:colcon.colcon_core.shell:Creating package descriptor '/home/evan/code/ndt-loc/install/data-publisher/share/data-publisher/package.dsv'
[0.738s] INFO:colcon.colcon_core.shell:Creating package script '/home/evan/code/ndt-loc/install/data-publisher/share/data-publisher/package.sh'
[0.738s] INFO:colcon.colcon_core.shell:Creating package script '/home/evan/code/ndt-loc/install/data-publisher/share/data-publisher/package.bash'
[0.739s] INFO:colcon.colcon_core.shell:Creating package script '/home/evan/code/ndt-loc/install/data-publisher/share/data-publisher/package.zsh'
[0.739s] Level 1:colcon.colcon_core.environment:create_file_with_runtime_dependencies(/home/evan/code/ndt-loc/install/data-publisher/share/colcon-core/packages/data-publisher)
[16.777s] DEBUG:colcon.colcon_core.event_handler.log_command:Invoked command in '/home/evan/code/ndt-loc/build/a-loam' returned '0': CMAKE_PREFIX_PATH=${CMAKE_PREFIX_PATH}:/opt/ros/humble /usr/bin/cmake --build /home/evan/code/ndt-loc/build/a-loam -- -j4 -l4
[16.845s] DEBUG:colcon.colcon_core.event_handler.log_command:Invoking command in '/home/evan/code/ndt-loc/build/a-loam': CMAKE_PREFIX_PATH=${CMAKE_PREFIX_PATH}:/opt/ros/humble /usr/bin/cmake --install /home/evan/code/ndt-loc/build/a-loam
[16.864s] Level 1:colcon.colcon_core.environment:create_environment_scripts_only(a-loam)
[16.866s] Level 1:colcon.colcon_core.environment:checking '/home/evan/code/ndt-loc/install/a-loam' for CMake module files
[16.866s] DEBUG:colcon.colcon_core.event_handler.log_command:Invoked command in '/home/evan/code/ndt-loc/build/a-loam' returned '0': CMAKE_PREFIX_PATH=${CMAKE_PREFIX_PATH}:/opt/ros/humble /usr/bin/cmake --install /home/evan/code/ndt-loc/build/a-loam
[16.867s] Level 1:colcon.colcon_core.environment:checking '/home/evan/code/ndt-loc/install/a-loam' for CMake config files
[16.867s] Level 1:colcon.colcon_core.shell:create_environment_hook('a-loam', 'cmake_prefix_path')
[16.869s] INFO:colcon.colcon_core.shell:Creating environment hook '/home/evan/code/ndt-loc/install/a-loam/share/a-loam/hook/cmake_prefix_path.ps1'
[16.869s] INFO:colcon.colcon_core.shell:Creating environment descriptor '/home/evan/code/ndt-loc/install/a-loam/share/a-loam/hook/cmake_prefix_path.dsv'
[16.870s] INFO:colcon.colcon_core.shell:Creating environment hook '/home/evan/code/ndt-loc/install/a-loam/share/a-loam/hook/cmake_prefix_path.sh'
[16.870s] Level 1:colcon.colcon_core.environment:checking '/home/evan/code/ndt-loc/install/a-loam/lib'
[16.870s] Level 1:colcon.colcon_core.environment:checking '/home/evan/code/ndt-loc/install/a-loam/bin'
[16.870s] Level 1:colcon.colcon_core.environment:checking '/home/evan/code/ndt-loc/install/a-loam/lib/pkgconfig/a-loam.pc'
[16.871s] Level 1:colcon.colcon_core.environment:checking '/home/evan/code/ndt-loc/install/a-loam/lib/python3.10/site-packages'
[16.871s] Level 1:colcon.colcon_core.environment:checking '/home/evan/code/ndt-loc/install/a-loam/bin'
[16.874s] INFO:colcon.colcon_core.shell:Creating package script '/home/evan/code/ndt-loc/install/a-loam/share/a-loam/package.ps1'
[16.875s] INFO:colcon.colcon_core.shell:Creating package descriptor '/home/evan/code/ndt-loc/install/a-loam/share/a-loam/package.dsv'
[16.876s] INFO:colcon.colcon_core.shell:Creating package script '/home/evan/code/ndt-loc/install/a-loam/share/a-loam/package.sh'
[16.877s] INFO:colcon.colcon_core.shell:Creating package script '/home/evan/code/ndt-loc/install/a-loam/share/a-loam/package.bash'
[16.878s] INFO:colcon.colcon_core.shell:Creating package script '/home/evan/code/ndt-loc/install/a-loam/share/a-loam/package.zsh'
[16.878s] Level 1:colcon.colcon_core.environment:create_file_with_runtime_dependencies(/home/evan/code/ndt-loc/install/a-loam/share/colcon-core/packages/a-loam)
[16.922s] Level 1:colcon.colcon_core.environment:create_environment_scripts_only(a-loam)
[16.924s] Level 1:colcon.colcon_core.environment:checking '/home/evan/code/ndt-loc/install/a-loam' for CMake module files
[16.925s] Level 1:colcon.colcon_core.environment:checking '/home/evan/code/ndt-loc/install/a-loam' for CMake config files
[16.925s] Level 1:colcon.colcon_core.shell:create_environment_hook('a-loam', 'cmake_prefix_path')
[16.927s] INFO:colcon.colcon_core.shell:Creating environment hook '/home/evan/code/ndt-loc/install/a-loam/share/a-loam/hook/cmake_prefix_path.ps1'
[16.927s] INFO:colcon.colcon_core.shell:Creating environment descriptor '/home/evan/code/ndt-loc/install/a-loam/share/a-loam/hook/cmake_prefix_path.dsv'
[16.928s] INFO:colcon.colcon_core.shell:Creating environment hook '/home/evan/code/ndt-loc/install/a-loam/share/a-loam/hook/cmake_prefix_path.sh'
[16.929s] Level 1:colcon.colcon_core.environment:checking '/home/evan/code/ndt-loc/install/a-loam/lib'
[16.929s] Level 1:colcon.colcon_core.environment:checking '/home/evan/code/ndt-loc/install/a-loam/bin'
[16.929s] Level 1:colcon.colcon_core.environment:checking '/home/evan/code/ndt-loc/install/a-loam/lib/pkgconfig/a-loam.pc'
[16.929s] Level 1:colcon.colcon_core.environment:checking '/home/evan/code/ndt-loc/install/a-loam/lib/python3.10/site-packages'
[16.930s] Level 1:colcon.colcon_core.environment:checking '/home/evan/code/ndt-loc/install/a-loam/bin'
[16.931s] INFO:colcon.colcon_core.shell:Creating package script '/home/evan/code/ndt-loc/install/a-loam/share/a-loam/package.ps1'
[16.932s] INFO:colcon.colcon_core.shell:Creating package descriptor '/home/evan/code/ndt-loc/install/a-loam/share/a-loam/package.dsv'
[16.932s] INFO:colcon.colcon_core.shell:Creating package script '/home/evan/code/ndt-loc/install/a-loam/share/a-loam/package.sh'
[16.932s] INFO:colcon.colcon_core.shell:Creating package script '/home/evan/code/ndt-loc/install/a-loam/share/a-loam/package.bash'
[16.933s] INFO:colcon.colcon_core.shell:Creating package script '/home/evan/code/ndt-loc/install/a-loam/share/a-loam/package.zsh'
[16.933s] Level 1:colcon.colcon_core.environment:create_file_with_runtime_dependencies(/home/evan/code/ndt-loc/install/a-loam/share/colcon-core/packages/a-loam)
[16.934s] DEBUG:colcon.colcon_parallel_executor.executor.parallel:closing loop
[16.934s] DEBUG:colcon.colcon_parallel_executor.executor.parallel:loop closed
[16.935s] DEBUG:colcon.colcon_parallel_executor.executor.parallel:run_until_complete finished with '0'
[16.935s] DEBUG:colcon.colcon_core.event_reactor:joining thread
[16.941s] INFO:colcon.colcon_core.plugin_system:Skipping extension 'colcon_notification.desktop_notification.terminal_notifier': Not used on non-Darwin systems
[16.942s] INFO:colcon.colcon_core.plugin_system:Skipping extension 'colcon_notification.desktop_notification.win32': Not used on non-Windows systems
[16.942s] INFO:colcon.colcon_notification.desktop_notification:Sending desktop notification using 'notify2'
[16.955s] DEBUG:colcon.colcon_core.event_reactor:joined thread
[16.956s] INFO:colcon.colcon_core.shell:Creating prefix script '/home/evan/code/ndt-loc/install/local_setup.ps1'
[16.958s] INFO:colcon.colcon_core.shell:Creating prefix util module '/home/evan/code/ndt-loc/install/_local_setup_util_ps1.py'
[16.960s] INFO:colcon.colcon_core.shell:Creating prefix chain script '/home/evan/code/ndt-loc/install/setup.ps1'
[16.962s] INFO:colcon.colcon_core.shell:Creating prefix script '/home/evan/code/ndt-loc/install/local_setup.sh'
[16.963s] INFO:colcon.colcon_core.shell:Creating prefix util module '/home/evan/code/ndt-loc/install/_local_setup_util_sh.py'
[16.963s] INFO:colcon.colcon_core.shell:Creating prefix chain script '/home/evan/code/ndt-loc/install/setup.sh'
[16.965s] INFO:colcon.colcon_core.shell:Creating prefix script '/home/evan/code/ndt-loc/install/local_setup.bash'
[16.966s] INFO:colcon.colcon_core.shell:Creating prefix chain script '/home/evan/code/ndt-loc/install/setup.bash'
[16.967s] INFO:colcon.colcon_core.shell:Creating prefix script '/home/evan/code/ndt-loc/install/local_setup.zsh'
[16.968s] INFO:colcon.colcon_core.shell:Creating prefix chain script '/home/evan/code/ndt-loc/install/setup.zsh'
