[0.023s] Invoking command in '/home/evan/code/ndt-loc/build/map': CMAKE_PREFIX_PATH=${CMAKE_PREFIX_PATH}:/opt/ros/humble /usr/bin/cmake --build /home/evan/code/ndt-loc/build/map -- -j4 -l4
[0.095s] [35m[1mConsolidate compiler generated dependencies of target front_end_node[0m
[0.108s] [35m[1mConsolidate compiler generated dependencies of target lidar_data_node[0m
[0.131s] [35m[1mConsolidate compiler generated dependencies of target show_map_node[0m
[0.163s] [ 16%] [32mBuilding CXX object CMakeFiles/front_end_node.dir/src/FrontEnd.cpp.o[0m
[0.185s] [ 50%] Built target lidar_data_node
[0.230s] [ 83%] Built target show_map_node
[27.985s] [100%] [32m[1mLinking CXX executable front_end_node[0m
[30.397s] [100%] Built target front_end_node
[30.410s] Invoked command in '/home/evan/code/ndt-loc/build/map' returned '0': CMAKE_PREFIX_PATH=${CMAKE_PREFIX_PATH}:/opt/ros/humble /usr/bin/cmake --build /home/evan/code/ndt-loc/build/map -- -j4 -l4
[30.444s] Invoking command in '/home/evan/code/ndt-loc/build/map': CMAKE_PREFIX_PATH=${CMAKE_PREFIX_PATH}:/opt/ros/humble /usr/bin/cmake --install /home/evan/code/ndt-loc/build/map
[30.451s] -- Install configuration: ""
[30.452s] -- Up-to-date: /home/evan/code/ndt-loc/install/map/lib/map/lidar_data_node
[30.452s] -- Installing: /home/evan/code/ndt-loc/install/map/lib/map/front_end_node
[30.465s] -- Set runtime path of "/home/evan/code/ndt-loc/install/map/lib/map/front_end_node" to ""
[30.465s] -- Up-to-date: /home/evan/code/ndt-loc/install/map/lib/map/show_map_node
[30.465s] -- Up-to-date: /home/evan/code/ndt-loc/install/map/share/ament_index/resource_index/package_run_dependencies/map
[30.465s] -- Up-to-date: /home/evan/code/ndt-loc/install/map/share/ament_index/resource_index/parent_prefix_path/map
[30.465s] -- Up-to-date: /home/evan/code/ndt-loc/install/map/share/map/environment/ament_prefix_path.sh
[30.465s] -- Up-to-date: /home/evan/code/ndt-loc/install/map/share/map/environment/ament_prefix_path.dsv
[30.465s] -- Up-to-date: /home/evan/code/ndt-loc/install/map/share/map/environment/path.sh
[30.466s] -- Up-to-date: /home/evan/code/ndt-loc/install/map/share/map/environment/path.dsv
[30.466s] -- Up-to-date: /home/evan/code/ndt-loc/install/map/share/map/local_setup.bash
[30.466s] -- Up-to-date: /home/evan/code/ndt-loc/install/map/share/map/local_setup.sh
[30.466s] -- Up-to-date: /home/evan/code/ndt-loc/install/map/share/map/local_setup.zsh
[30.466s] -- Up-to-date: /home/evan/code/ndt-loc/install/map/share/map/local_setup.dsv
[30.466s] -- Installing: /home/evan/code/ndt-loc/install/map/share/map/package.dsv
[30.466s] -- Up-to-date: /home/evan/code/ndt-loc/install/map/share/ament_index/resource_index/packages/map
[30.466s] -- Up-to-date: /home/evan/code/ndt-loc/install/map/share/map/cmake/ament_cmake_export_include_directories-extras.cmake
[30.466s] -- Up-to-date: /home/evan/code/ndt-loc/install/map/share/map/cmake/mapConfig.cmake
[30.466s] -- Up-to-date: /home/evan/code/ndt-loc/install/map/share/map/cmake/mapConfig-version.cmake
[30.466s] -- Up-to-date: /home/evan/code/ndt-loc/install/map/share/map/package.xml
[30.471s] Invoked command in '/home/evan/code/ndt-loc/build/map' returned '0': CMAKE_PREFIX_PATH=${CMAKE_PREFIX_PATH}:/opt/ros/humble /usr/bin/cmake --install /home/evan/code/ndt-loc/build/map
