[35m[1mConsolidate compiler generated dependencies of target lidar_data_node[0m
[35m[1mConsolidate compiler generated dependencies of target front_end_node[0m
[ 25%] [32mBuilding CXX object CMakeFiles/lidar_data_node.dir/src/LidarData.cpp.o[0m
[ 50%] [32mBuilding CXX object CMakeFiles/front_end_node.dir/src/FrontEnd.cpp.o[0m
In file included from [01m[K/opt/ros/humble/include/rclcpp/rclcpp/logging.hpp:24[m[K,
                 from [01m[K/opt/ros/humble/include/rclcpp/rclcpp/client.hpp:40[m[K,
                 from [01m[K/opt/ros/humble/include/rclcpp/rclcpp/callback_group.hpp:24[m[K,
                 from [01m[K/opt/ros/humble/include/rclcpp/rclcpp/any_executable.hpp:20[m[K,
                 from [01m[K/opt/ros/humble/include/rclcpp/rclcpp/memory_strategy.hpp:25[m[K,
                 from [01m[K/opt/ros/humble/include/rclcpp/rclcpp/memory_strategies.hpp:18[m[K,
                 from [01m[K/opt/ros/humble/include/rclcpp/rclcpp/executor_options.hpp:20[m[K,
                 from [01m[K/opt/ros/humble/include/rclcpp/rclcpp/executor.hpp:37[m[K,
                 from [01m[K/opt/ros/humble/include/rclcpp/rclcpp/executors/multi_threaded_executor.hpp:25[m[K,
                 from [01m[K/opt/ros/humble/include/rclcpp/rclcpp/executors.hpp:21[m[K,
                 from [01m[K/opt/ros/humble/include/rclcpp/rclcpp/rclcpp.hpp:155[m[K,
                 from [01m[K/home/evan/code/ndt-loc/src/map/include/map/utilty.h:4[m[K,
                 from [01m[K/home/evan/code/ndt-loc/src/map/include/map/LidarData.h:4[m[K,
                 from [01m[K/home/evan/code/ndt-loc/src/map/src/LidarData.cpp:1[m[K:
[01m[K/home/evan/code/ndt-loc/src/map/src/LidarData.cpp:[m[K In member function ‘[01m[Kvoid ndtloc::LidarData::ReadData(std_msgs::msg::Bool)[m[K’:
[01m[K/home/evan/code/ndt-loc/src/map/src/LidarData.cpp:52:39:[m[K [01;35m[Kwarning: [m[Kformat ‘[01m[K%s[m[K’ expects argument of type ‘[01m[Kchar*[m[K’, but argument 5 has type ‘[01m[Kstd::string[m[K’ {aka ‘[01m[Kstd::__cxx11::basic_string<char>[m[K’} [[01;35m[K]8;;https://gcc.gnu.org/onlinedocs/gcc/Warning-Options.html#index-Wformat=-Wformat=]8;;[m[K]
   52 |     RCLCPP_INFO(this -> get_logger(), [01;35m[K"deal with:%s"[m[K, file_path);
      |                                       [01;35m[K^~~~~~~~~~~~~~[m[K
[01m[K/home/evan/code/ndt-loc/src/map/src/LidarData.cpp:52:51:[m[K [01;36m[Knote: [m[Kformat string is defined here
   52 |     RCLCPP_INFO(this -> get_logger(), "deal with:[01;36m[K%s[m[K", file_path);
      |                                                  [01;36m[K~^[m[K
      |                                                   [01;36m[K|[m[K
      |                                                   [01;36m[Kchar*[m[K
[ 75%] [32m[1mLinking CXX executable lidar_data_node[0m
[ 75%] Built target lidar_data_node
[100%] [32m[1mLinking CXX executable front_end_node[0m
[100%] Built target front_end_node
-- Install configuration: ""
-- Installing: /home/evan/code/ndt-loc/install/map/lib/map/lidar_data_node
-- Set runtime path of "/home/evan/code/ndt-loc/install/map/lib/map/lidar_data_node" to ""
-- Installing: /home/evan/code/ndt-loc/install/map/lib/map/front_end_node
-- Set runtime path of "/home/evan/code/ndt-loc/install/map/lib/map/front_end_node" to ""
-- Up-to-date: /home/evan/code/ndt-loc/install/map/share/ament_index/resource_index/package_run_dependencies/map
-- Up-to-date: /home/evan/code/ndt-loc/install/map/share/ament_index/resource_index/parent_prefix_path/map
-- Up-to-date: /home/evan/code/ndt-loc/install/map/share/map/environment/ament_prefix_path.sh
-- Up-to-date: /home/evan/code/ndt-loc/install/map/share/map/environment/ament_prefix_path.dsv
-- Up-to-date: /home/evan/code/ndt-loc/install/map/share/map/environment/path.sh
-- Up-to-date: /home/evan/code/ndt-loc/install/map/share/map/environment/path.dsv
-- Up-to-date: /home/evan/code/ndt-loc/install/map/share/map/local_setup.bash
-- Up-to-date: /home/evan/code/ndt-loc/install/map/share/map/local_setup.sh
-- Up-to-date: /home/evan/code/ndt-loc/install/map/share/map/local_setup.zsh
-- Up-to-date: /home/evan/code/ndt-loc/install/map/share/map/local_setup.dsv
-- Installing: /home/evan/code/ndt-loc/install/map/share/map/package.dsv
-- Up-to-date: /home/evan/code/ndt-loc/install/map/share/ament_index/resource_index/packages/map
-- Up-to-date: /home/evan/code/ndt-loc/install/map/share/map/cmake/ament_cmake_export_include_directories-extras.cmake
-- Up-to-date: /home/evan/code/ndt-loc/install/map/share/map/cmake/mapConfig.cmake
-- Up-to-date: /home/evan/code/ndt-loc/install/map/share/map/cmake/mapConfig-version.cmake
-- Up-to-date: /home/evan/code/ndt-loc/install/map/share/map/package.xml
