[0.023s] Invoking command in '/home/evan/code/ndt-loc/build/map': CMAKE_PREFIX_PATH=${CMAKE_PREFIX_PATH}:/opt/ros/humble /usr/bin/cmake --build /home/evan/code/ndt-loc/build/map -- -j4 -l4
[0.099s] [35m[1mConsolidate compiler generated dependencies of target lidar_data_node[0m
[0.099s] [35m[1mConsolidate compiler generated dependencies of target front_end_node[0m
[0.135s] [ 25%] [32mBuilding CXX object CMakeFiles/lidar_data_node.dir/src/LidarData.cpp.o[0m
[0.157s] [ 50%] [32mBuilding CXX object CMakeFiles/front_end_node.dir/src/FrontEnd.cpp.o[0m
[7.724s] In file included from [01m[K/opt/ros/humble/include/rclcpp/rclcpp/logging.hpp:24[m[K,
[7.724s]                  from [01m[K/opt/ros/humble/include/rclcpp/rclcpp/client.hpp:40[m[K,
[7.724s]                  from [01m[K/opt/ros/humble/include/rclcpp/rclcpp/callback_group.hpp:24[m[K,
[7.724s]                  from [01m[K/opt/ros/humble/include/rclcpp/rclcpp/any_executable.hpp:20[m[K,
[7.724s]                  from [01m[K/opt/ros/humble/include/rclcpp/rclcpp/memory_strategy.hpp:25[m[K,
[7.724s]                  from [01m[K/opt/ros/humble/include/rclcpp/rclcpp/memory_strategies.hpp:18[m[K,
[7.724s]                  from [01m[K/opt/ros/humble/include/rclcpp/rclcpp/executor_options.hpp:20[m[K,
[7.724s]                  from [01m[K/opt/ros/humble/include/rclcpp/rclcpp/executor.hpp:37[m[K,
[7.724s]                  from [01m[K/opt/ros/humble/include/rclcpp/rclcpp/executors/multi_threaded_executor.hpp:25[m[K,
[7.724s]                  from [01m[K/opt/ros/humble/include/rclcpp/rclcpp/executors.hpp:21[m[K,
[7.725s]                  from [01m[K/opt/ros/humble/include/rclcpp/rclcpp/rclcpp.hpp:155[m[K,
[7.725s]                  from [01m[K/home/evan/code/ndt-loc/src/map/include/map/utilty.h:4[m[K,
[7.725s]                  from [01m[K/home/evan/code/ndt-loc/src/map/include/map/LidarData.h:4[m[K,
[7.725s]                  from [01m[K/home/evan/code/ndt-loc/src/map/src/LidarData.cpp:1[m[K:
[7.725s] [01m[K/home/evan/code/ndt-loc/src/map/src/LidarData.cpp:[m[K In member function ‘[01m[Kvoid ndtloc::LidarData::ReadData(std_msgs::msg::Bool)[m[K’:
[7.725s] [01m[K/home/evan/code/ndt-loc/src/map/src/LidarData.cpp:52:39:[m[K [01;35m[Kwarning: [m[Kformat ‘[01m[K%s[m[K’ expects argument of type ‘[01m[Kchar*[m[K’, but argument 5 has type ‘[01m[Kstd::string[m[K’ {aka ‘[01m[Kstd::__cxx11::basic_string<char>[m[K’} [[01;35m[K]8;;https://gcc.gnu.org/onlinedocs/gcc/Warning-Options.html#index-Wformat=-Wformat=]8;;[m[K]
[7.725s]    52 |     RCLCPP_INFO(this -> get_logger(), [01;35m[K"deal with:%s"[m[K, file_path);
[7.725s]       |                                       [01;35m[K^~~~~~~~~~~~~~[m[K
[7.725s] [01m[K/home/evan/code/ndt-loc/src/map/src/LidarData.cpp:52:51:[m[K [01;36m[Knote: [m[Kformat string is defined here
[7.725s]    52 |     RCLCPP_INFO(this -> get_logger(), "deal with:[01;36m[K%s[m[K", file_path);
[7.725s]       |                                                  [01;36m[K~^[m[K
[7.726s]       |                                                   [01;36m[K|[m[K
[7.726s]       |                                                   [01;36m[Kchar*[m[K
[17.319s] [ 75%] [32m[1mLinking CXX executable lidar_data_node[0m
[18.296s] [ 75%] Built target lidar_data_node
[27.974s] [100%] [32m[1mLinking CXX executable front_end_node[0m
[30.257s] [100%] Built target front_end_node
[30.277s] Invoked command in '/home/evan/code/ndt-loc/build/map' returned '0': CMAKE_PREFIX_PATH=${CMAKE_PREFIX_PATH}:/opt/ros/humble /usr/bin/cmake --build /home/evan/code/ndt-loc/build/map -- -j4 -l4
[30.309s] Invoking command in '/home/evan/code/ndt-loc/build/map': CMAKE_PREFIX_PATH=${CMAKE_PREFIX_PATH}:/opt/ros/humble /usr/bin/cmake --install /home/evan/code/ndt-loc/build/map
[30.316s] -- Install configuration: ""
[30.316s] -- Installing: /home/evan/code/ndt-loc/install/map/lib/map/lidar_data_node
[30.323s] -- Set runtime path of "/home/evan/code/ndt-loc/install/map/lib/map/lidar_data_node" to ""
[30.324s] -- Installing: /home/evan/code/ndt-loc/install/map/lib/map/front_end_node
[30.338s] -- Set runtime path of "/home/evan/code/ndt-loc/install/map/lib/map/front_end_node" to ""
[30.339s] -- Up-to-date: /home/evan/code/ndt-loc/install/map/share/ament_index/resource_index/package_run_dependencies/map
[30.339s] -- Up-to-date: /home/evan/code/ndt-loc/install/map/share/ament_index/resource_index/parent_prefix_path/map
[30.339s] -- Up-to-date: /home/evan/code/ndt-loc/install/map/share/map/environment/ament_prefix_path.sh
[30.339s] -- Up-to-date: /home/evan/code/ndt-loc/install/map/share/map/environment/ament_prefix_path.dsv
[30.339s] -- Up-to-date: /home/evan/code/ndt-loc/install/map/share/map/environment/path.sh
[30.339s] -- Up-to-date: /home/evan/code/ndt-loc/install/map/share/map/environment/path.dsv
[30.339s] -- Up-to-date: /home/evan/code/ndt-loc/install/map/share/map/local_setup.bash
[30.339s] -- Up-to-date: /home/evan/code/ndt-loc/install/map/share/map/local_setup.sh
[30.339s] -- Up-to-date: /home/evan/code/ndt-loc/install/map/share/map/local_setup.zsh
[30.339s] -- Up-to-date: /home/evan/code/ndt-loc/install/map/share/map/local_setup.dsv
[30.340s] -- Installing: /home/evan/code/ndt-loc/install/map/share/map/package.dsv
[30.340s] -- Up-to-date: /home/evan/code/ndt-loc/install/map/share/ament_index/resource_index/packages/map
[30.340s] -- Up-to-date: /home/evan/code/ndt-loc/install/map/share/map/cmake/ament_cmake_export_include_directories-extras.cmake
[30.340s] -- Up-to-date: /home/evan/code/ndt-loc/install/map/share/map/cmake/mapConfig.cmake
[30.340s] -- Up-to-date: /home/evan/code/ndt-loc/install/map/share/map/cmake/mapConfig-version.cmake
[30.340s] -- Up-to-date: /home/evan/code/ndt-loc/install/map/share/map/package.xml
[30.341s] Invoked command in '/home/evan/code/ndt-loc/build/map' returned '0': CMAKE_PREFIX_PATH=${CMAKE_PREFIX_PATH}:/opt/ros/humble /usr/bin/cmake --install /home/evan/code/ndt-loc/build/map
