[ 33%] [32mBuilding CXX object CMakeFiles/scan_registration_node.dir/src/ScanRegistrationNode.cpp.o[0m
[ 66%] [32m[1mLinking CXX executable scan_registration_node[0m
[100%] Built target scan_registration_node
-- Install configuration: ""
-- Installing: /home/evan/code/ndt-loc/install/a-loam/lib/a-loam/scan_registration_node
-- Set runtime path of "/home/evan/code/ndt-loc/install/a-loam/lib/a-loam/scan_registration_node" to ""
-- Up-to-date: /home/evan/code/ndt-loc/install/a-loam/share/ament_index/resource_index/package_run_dependencies/a-loam
-- Up-to-date: /home/evan/code/ndt-loc/install/a-loam/share/ament_index/resource_index/parent_prefix_path/a-loam
-- Up-to-date: /home/evan/code/ndt-loc/install/a-loam/share/a-loam/environment/ament_prefix_path.sh
-- Up-to-date: /home/evan/code/ndt-loc/install/a-loam/share/a-loam/environment/ament_prefix_path.dsv
-- Up-to-date: /home/evan/code/ndt-loc/install/a-loam/share/a-loam/environment/path.sh
-- Up-to-date: /home/evan/code/ndt-loc/install/a-loam/share/a-loam/environment/path.dsv
-- Up-to-date: /home/evan/code/ndt-loc/install/a-loam/share/a-loam/local_setup.bash
-- Up-to-date: /home/evan/code/ndt-loc/install/a-loam/share/a-loam/local_setup.sh
-- Up-to-date: /home/evan/code/ndt-loc/install/a-loam/share/a-loam/local_setup.zsh
-- Up-to-date: /home/evan/code/ndt-loc/install/a-loam/share/a-loam/local_setup.dsv
-- Installing: /home/evan/code/ndt-loc/install/a-loam/share/a-loam/package.dsv
-- Up-to-date: /home/evan/code/ndt-loc/install/a-loam/share/ament_index/resource_index/packages/a-loam
-- Up-to-date: /home/evan/code/ndt-loc/install/a-loam/share/a-loam/cmake/ament_cmake_export_include_directories-extras.cmake
-- Up-to-date: /home/evan/code/ndt-loc/install/a-loam/share/a-loam/cmake/a-loamConfig.cmake
-- Up-to-date: /home/evan/code/ndt-loc/install/a-loam/share/a-loam/cmake/a-loamConfig-version.cmake
-- Up-to-date: /home/evan/code/ndt-loc/install/a-loam/share/a-loam/package.xml
