[0.018s] Invoking command in '/home/evan/code/ndt-loc/build/radar-odometry': CMAKE_PREFIX_PATH=${CMAKE_PREFIX_PATH}:/opt/ros/humble /usr/bin/cmake --build /home/evan/code/ndt-loc/build/radar-odometry -- -j4 -l4
[0.081s] [35m[1mConsolidate compiler generated dependencies of target radar_feature_node[0m
[0.120s] [ 50%] [32mBuilding CXX object CMakeFiles/radar_feature_node.dir/src/RadarFeaturesNode.cpp.o[0m
[17.720s] [100%] [32m[1mLinking CXX executable radar_feature_node[0m
[27.337s] [100%] Built target radar_feature_node
[27.421s] Invoked command in '/home/evan/code/ndt-loc/build/radar-odometry' returned '0': CMAKE_PREFIX_PATH=${CMAKE_PREFIX_PATH}:/opt/ros/humble /usr/bin/cmake --build /home/evan/code/ndt-loc/build/radar-odometry -- -j4 -l4
[27.490s] Invoking command in '/home/evan/code/ndt-loc/build/radar-odometry': CMAKE_PREFIX_PATH=${CMAKE_PREFIX_PATH}:/opt/ros/humble /usr/bin/cmake --install /home/evan/code/ndt-loc/build/radar-odometry
[27.497s] -- Install configuration: ""
[27.498s] -- Installing: /home/evan/code/ndt-loc/install/radar-odometry/lib/radar-odometry/radar_feature_node
[27.503s] -- Set runtime path of "/home/evan/code/ndt-loc/install/radar-odometry/lib/radar-odometry/radar_feature_node" to ""
[27.504s] -- Up-to-date: /home/evan/code/ndt-loc/install/radar-odometry/share/ament_index/resource_index/package_run_dependencies/radar-odometry
[27.504s] -- Up-to-date: /home/evan/code/ndt-loc/install/radar-odometry/share/ament_index/resource_index/parent_prefix_path/radar-odometry
[27.504s] -- Up-to-date: /home/evan/code/ndt-loc/install/radar-odometry/share/radar-odometry/environment/ament_prefix_path.sh
[27.504s] -- Up-to-date: /home/evan/code/ndt-loc/install/radar-odometry/share/radar-odometry/environment/ament_prefix_path.dsv
[27.504s] -- Up-to-date: /home/evan/code/ndt-loc/install/radar-odometry/share/radar-odometry/environment/path.sh
[27.504s] -- Up-to-date: /home/evan/code/ndt-loc/install/radar-odometry/share/radar-odometry/environment/path.dsv
[27.504s] -- Up-to-date: /home/evan/code/ndt-loc/install/radar-odometry/share/radar-odometry/local_setup.bash
[27.504s] -- Up-to-date: /home/evan/code/ndt-loc/install/radar-odometry/share/radar-odometry/local_setup.sh
[27.505s] -- Up-to-date: /home/evan/code/ndt-loc/install/radar-odometry/share/radar-odometry/local_setup.zsh
[27.505s] -- Up-to-date: /home/evan/code/ndt-loc/install/radar-odometry/share/radar-odometry/local_setup.dsv
[27.505s] -- Installing: /home/evan/code/ndt-loc/install/radar-odometry/share/radar-odometry/package.dsv
[27.505s] -- Up-to-date: /home/evan/code/ndt-loc/install/radar-odometry/share/ament_index/resource_index/packages/radar-odometry
[27.505s] -- Up-to-date: /home/evan/code/ndt-loc/install/radar-odometry/share/radar-odometry/cmake/ament_cmake_export_include_directories-extras.cmake
[27.505s] -- Up-to-date: /home/evan/code/ndt-loc/install/radar-odometry/share/radar-odometry/cmake/radar-odometryConfig.cmake
[27.505s] -- Up-to-date: /home/evan/code/ndt-loc/install/radar-odometry/share/radar-odometry/cmake/radar-odometryConfig-version.cmake
[27.505s] -- Up-to-date: /home/evan/code/ndt-loc/install/radar-odometry/share/radar-odometry/package.xml
[27.507s] Invoked command in '/home/evan/code/ndt-loc/build/radar-odometry' returned '0': CMAKE_PREFIX_PATH=${CMAKE_PREFIX_PATH}:/opt/ros/humble /usr/bin/cmake --install /home/evan/code/ndt-loc/build/radar-odometry
