[0.026s] Invoking command in '/home/evan/code/ndt-loc/build/map': CMAKE_PREFIX_PATH=${CMAKE_PREFIX_PATH}:/opt/ros/humble /usr/bin/cmake --build /home/evan/code/ndt-loc/build/map -- -j4 -l4
[0.110s] [35m[1mConsolidate compiler generated dependencies of target image_projection_node[0m
[0.124s] [35m[1mConsolidate compiler generated dependencies of target lidar_data_node[0m
[0.196s] [35m[1mConsolidate compiler generated dependencies of target front_end_node[0m
[0.196s] [35m[1mConsolidate compiler generated dependencies of target show_map_node[0m
[0.222s] [ 12%] [32mBuilding CXX object CMakeFiles/image_projection_node.dir/src/ImageProjection.cpp.o[0m
[0.283s] [ 25%] [32mBuilding CXX object CMakeFiles/lidar_data_node.dir/src/LidarData.cpp.o[0m
[0.299s] [ 37%] [32mBuilding CXX object CMakeFiles/front_end_node.dir/src/FrontEnd.cpp.o[0m
[0.310s] [ 50%] [32mBuilding CXX object CMakeFiles/show_map_node.dir/src/ShowMap.cpp.o[0m
[24.859s] [ 87%] [32m[1mLinking CXX executable image_projection_node[0m
[24.870s] [ 87%] [32m[1mLinking CXX executable show_map_node[0m
[24.870s] [ 87%] [32m[1mLinking CXX executable lidar_data_node[0m
[28.660s] [ 87%] Built target image_projection_node
[28.715s] [ 87%] Built target show_map_node
[29.036s] [ 87%] Built target lidar_data_node
[36.434s] [100%] [32m[1mLinking CXX executable front_end_node[0m
[38.549s] [100%] Built target front_end_node
[38.591s] Invoked command in '/home/evan/code/ndt-loc/build/map' returned '0': CMAKE_PREFIX_PATH=${CMAKE_PREFIX_PATH}:/opt/ros/humble /usr/bin/cmake --build /home/evan/code/ndt-loc/build/map -- -j4 -l4
[38.702s] Invoking command in '/home/evan/code/ndt-loc/build/map': CMAKE_PREFIX_PATH=${CMAKE_PREFIX_PATH}:/opt/ros/humble /usr/bin/cmake --install /home/evan/code/ndt-loc/build/map
[38.730s] -- Install configuration: ""
[38.794s] -- Installing: /home/evan/code/ndt-loc/install/map/lib/map/lidar_data_node
[38.855s] -- Set runtime path of "/home/evan/code/ndt-loc/install/map/lib/map/lidar_data_node" to ""
[38.855s] -- Installing: /home/evan/code/ndt-loc/install/map/lib/map/image_projection_node
[38.873s] -- Set runtime path of "/home/evan/code/ndt-loc/install/map/lib/map/image_projection_node" to ""
[38.923s] -- Installing: /home/evan/code/ndt-loc/install/map/lib/map/front_end_node
[38.960s] -- Set runtime path of "/home/evan/code/ndt-loc/install/map/lib/map/front_end_node" to ""
[39.086s] -- Installing: /home/evan/code/ndt-loc/install/map/lib/map/show_map_node
[39.107s] -- Set runtime path of "/home/evan/code/ndt-loc/install/map/lib/map/show_map_node" to ""
[39.107s] -- Up-to-date: /home/evan/code/ndt-loc/install/map/share/ament_index/resource_index/package_run_dependencies/map
[39.190s] -- Up-to-date: /home/evan/code/ndt-loc/install/map/share/ament_index/resource_index/parent_prefix_path/map
[39.190s] -- Up-to-date: /home/evan/code/ndt-loc/install/map/share/map/environment/ament_prefix_path.sh
[39.191s] -- Installing: /home/evan/code/ndt-loc/install/map/share/map/environment/ament_prefix_path.dsv
[39.213s] -- Up-to-date: /home/evan/code/ndt-loc/install/map/share/map/environment/path.sh
[39.213s] -- Installing: /home/evan/code/ndt-loc/install/map/share/map/environment/path.dsv
[39.238s] -- Up-to-date: /home/evan/code/ndt-loc/install/map/share/map/local_setup.bash
[39.239s] -- Up-to-date: /home/evan/code/ndt-loc/install/map/share/map/local_setup.sh
[39.239s] -- Up-to-date: /home/evan/code/ndt-loc/install/map/share/map/local_setup.zsh
[39.239s] -- Installing: /home/evan/code/ndt-loc/install/map/share/map/local_setup.dsv
[39.244s] -- Installing: /home/evan/code/ndt-loc/install/map/share/map/package.dsv
[39.250s] -- Up-to-date: /home/evan/code/ndt-loc/install/map/share/ament_index/resource_index/packages/map
[39.250s] -- Up-to-date: /home/evan/code/ndt-loc/install/map/share/map/cmake/ament_cmake_export_include_directories-extras.cmake
[39.292s] -- Up-to-date: /home/evan/code/ndt-loc/install/map/share/map/cmake/mapConfig.cmake
[39.293s] -- Up-to-date: /home/evan/code/ndt-loc/install/map/share/map/cmake/mapConfig-version.cmake
[39.293s] -- Up-to-date: /home/evan/code/ndt-loc/install/map/share/map/package.xml
[39.303s] Invoked command in '/home/evan/code/ndt-loc/build/map' returned '0': CMAKE_PREFIX_PATH=${CMAKE_PREFIX_PATH}:/opt/ros/humble /usr/bin/cmake --install /home/evan/code/ndt-loc/build/map
