[0.021s] Invoking command in '/home/evan/code/ndt-loc/build/a-loam': CMAKE_PREFIX_PATH=${CMAKE_PREFIX_PATH}:/opt/ros/humble /usr/bin/cmake --build /home/evan/code/ndt-loc/build/a-loam -- -j4 -l4
[0.077s] [35m[1mConsolidate compiler generated dependencies of target scan_registration_node[0m
[0.115s] [ 50%] [32mBuilding CXX object CMakeFiles/scan_registration_node.dir/src/ScanRegistrationNode.cpp.o[0m
[7.320s] /home/evan/code/ndt-loc/src/a-loam/src/ScanRegistrationNode.cpp: In instantiation of ‘[01m[KALOAM::ScanRegistrationNode<PointT>::ScanRegistrationNode(std::string) [with PointT = pcl::PointXYZ; std::string = std::__cxx11::basic_string<char>][m[K’:
[7.320s] [01m[K/usr/include/c++/11/ext/new_allocator.h:162:4:[m[K   required from ‘[01m[Kvoid __gnu_cxx::new_allocator<_Tp>::construct(_Up*, _Args&& ...) [with _Up = ALOAM::ScanRegistrationNode<pcl::PointXYZ>; _Args = {const char (&)[18]}; _Tp = ALOAM::ScanRegistrationNode<pcl::PointXYZ>][m[K’
[7.321s] [01m[K/usr/include/c++/11/bits/alloc_traits.h:516:17:[m[K   required from ‘[01m[Kstatic void std::allocator_traits<std::allocator<_Tp1> >::construct(std::allocator_traits<std::allocator<_Tp1> >::allocator_type&, _Up*, _Args&& ...) [with _Up = ALOAM::ScanRegistrationNode<pcl::PointXYZ>; _Args = {const char (&)[18]}; _Tp = ALOAM::ScanRegistrationNode<pcl::PointXYZ>; std::allocator_traits<std::allocator<_Tp1> >::allocator_type = std::allocator<ALOAM::ScanRegistrationNode<pcl::PointXYZ> >][m[K’
[7.321s] [01m[K/usr/include/c++/11/bits/shared_ptr_base.h:519:39:[m[K   required from ‘[01m[Kstd::_Sp_counted_ptr_inplace<_Tp, _Alloc, _Lp>::_Sp_counted_ptr_inplace(_Alloc, _Args&& ...) [with _Args = {const char (&)[18]}; _Tp = ALOAM::ScanRegistrationNode<pcl::PointXYZ>; _Alloc = std::allocator<ALOAM::ScanRegistrationNode<pcl::PointXYZ> >; __gnu_cxx::_Lock_policy _Lp = __gnu_cxx::_S_atomic][m[K’
[7.321s] [01m[K/usr/include/c++/11/bits/shared_ptr_base.h:650:16:[m[K   required from ‘[01m[Kstd::__shared_count<_Lp>::__shared_count(_Tp*&, std::_Sp_alloc_shared_tag<_Alloc>, _Args&& ...) [with _Tp = ALOAM::ScanRegistrationNode<pcl::PointXYZ>; _Alloc = std::allocator<ALOAM::ScanRegistrationNode<pcl::PointXYZ> >; _Args = {const char (&)[18]}; __gnu_cxx::_Lock_policy _Lp = __gnu_cxx::_S_atomic][m[K’
[7.321s] [01m[K/usr/include/c++/11/bits/shared_ptr_base.h:1342:14:[m[K   required from ‘[01m[Kstd::__shared_ptr<_Tp, _Lp>::__shared_ptr(std::_Sp_alloc_shared_tag<_Tp>, _Args&& ...) [with _Alloc = std::allocator<ALOAM::ScanRegistrationNode<pcl::PointXYZ> >; _Args = {const char (&)[18]}; _Tp = ALOAM::ScanRegistrationNode<pcl::PointXYZ>; __gnu_cxx::_Lock_policy _Lp = __gnu_cxx::_S_atomic][m[K’
[7.321s] [01m[K/usr/include/c++/11/bits/shared_ptr.h:409:59:[m[K   required from ‘[01m[Kstd::shared_ptr<_Tp>::shared_ptr(std::_Sp_alloc_shared_tag<_Tp>, _Args&& ...) [with _Alloc = std::allocator<ALOAM::ScanRegistrationNode<pcl::PointXYZ> >; _Args = {const char (&)[18]}; _Tp = ALOAM::ScanRegistrationNode<pcl::PointXYZ>][m[K’
[7.321s] [01m[K/usr/include/c++/11/bits/shared_ptr.h:862:14:[m[K   required from ‘[01m[Kstd::shared_ptr<_Tp> std::allocate_shared(const _Alloc&, _Args&& ...) [with _Tp = ALOAM::ScanRegistrationNode<pcl::PointXYZ>; _Alloc = std::allocator<ALOAM::ScanRegistrationNode<pcl::PointXYZ> >; _Args = {const char (&)[18]}][m[K’
[7.321s] [01m[K/usr/include/c++/11/bits/shared_ptr.h:878:39:[m[K   required from ‘[01m[Kstd::shared_ptr<_Tp> std::make_shared(_Args&& ...) [with _Tp = ALOAM::ScanRegistrationNode<pcl::PointXYZ>; _Args = {const char (&)[18]}][m[K’
[7.321s] [01m[K/home/evan/code/ndt-loc/src/a-loam/src/ScanRegistrationNode.cpp:94:52:[m[K   required from here
[7.321s] [01m[K/home/evan/code/ndt-loc/src/a-loam/src/ScanRegistrationNode.cpp:31:36:[m[K [01;31m[Kerror: [m[Kinvalid use of non-static member function ‘[01m[Kvoid ALOAM::ScanRegistrationNode<PointT>::Run(const PointCloud2&) [with PointT = pcl::PointXYZ; sensor_msgs::msg::PointCloud2 = sensor_msgs::msg::PointCloud2_<std::allocator<void> >][m[K’
[7.321s]    31 |             "/laser_cloud_ori", 1, [01;31m[KRun[m[K);
[7.321s]       |                                    [01;31m[K^~~[m[K
[7.321s] [01m[K/home/evan/code/ndt-loc/src/a-loam/src/ScanRegistrationNode.cpp:61:10:[m[K [01;36m[Knote: [m[Kdeclared here
[7.322s]    61 |     void [01;36m[KRun[m[K(const sensor_msgs::msg::PointCloud2 &laserCloudMsg){
[7.322s]       |          [01;36m[K^~~[m[K
[7.333s] /home/evan/code/ndt-loc/src/a-loam/src/ScanRegistrationNode.cpp: In instantiation of ‘[01m[Kvoid ALOAM::ScanRegistrationNode<PointT>::Run(const PointCloud2&) [with PointT = pcl::PointXYZ; sensor_msgs::msg::PointCloud2 = sensor_msgs::msg::PointCloud2_<std::allocator<void> >][m[K’:
[7.333s] [01m[K/home/evan/code/ndt-loc/src/a-loam/src/ScanRegistrationNode.cpp:31:36:[m[K   required from ‘[01m[KALOAM::ScanRegistrationNode<PointT>::ScanRegistrationNode(std::string) [with PointT = pcl::PointXYZ; std::string = std::__cxx11::basic_string<char>][m[K’
[7.333s] [01m[K/usr/include/c++/11/ext/new_allocator.h:162:4:[m[K   required from ‘[01m[Kvoid __gnu_cxx::new_allocator<_Tp>::construct(_Up*, _Args&& ...) [with _Up = ALOAM::ScanRegistrationNode<pcl::PointXYZ>; _Args = {const char (&)[18]}; _Tp = ALOAM::ScanRegistrationNode<pcl::PointXYZ>][m[K’
[7.333s] [01m[K/usr/include/c++/11/bits/alloc_traits.h:516:17:[m[K   required from ‘[01m[Kstatic void std::allocator_traits<std::allocator<_Tp1> >::construct(std::allocator_traits<std::allocator<_Tp1> >::allocator_type&, _Up*, _Args&& ...) [with _Up = ALOAM::ScanRegistrationNode<pcl::PointXYZ>; _Args = {const char (&)[18]}; _Tp = ALOAM::ScanRegistrationNode<pcl::PointXYZ>; std::allocator_traits<std::allocator<_Tp1> >::allocator_type = std::allocator<ALOAM::ScanRegistrationNode<pcl::PointXYZ> >][m[K’
[7.333s] [01m[K/usr/include/c++/11/bits/shared_ptr_base.h:519:39:[m[K   required from ‘[01m[Kstd::_Sp_counted_ptr_inplace<_Tp, _Alloc, _Lp>::_Sp_counted_ptr_inplace(_Alloc, _Args&& ...) [with _Args = {const char (&)[18]}; _Tp = ALOAM::ScanRegistrationNode<pcl::PointXYZ>; _Alloc = std::allocator<ALOAM::ScanRegistrationNode<pcl::PointXYZ> >; __gnu_cxx::_Lock_policy _Lp = __gnu_cxx::_S_atomic][m[K’
[7.333s] [01m[K/usr/include/c++/11/bits/shared_ptr_base.h:650:16:[m[K   required from ‘[01m[Kstd::__shared_count<_Lp>::__shared_count(_Tp*&, std::_Sp_alloc_shared_tag<_Alloc>, _Args&& ...) [with _Tp = ALOAM::ScanRegistrationNode<pcl::PointXYZ>; _Alloc = std::allocator<ALOAM::ScanRegistrationNode<pcl::PointXYZ> >; _Args = {const char (&)[18]}; __gnu_cxx::_Lock_policy _Lp = __gnu_cxx::_S_atomic][m[K’
[7.334s] [01m[K/usr/include/c++/11/bits/shared_ptr_base.h:1342:14:[m[K   required from ‘[01m[Kstd::__shared_ptr<_Tp, _Lp>::__shared_ptr(std::_Sp_alloc_shared_tag<_Tp>, _Args&& ...) [with _Alloc = std::allocator<ALOAM::ScanRegistrationNode<pcl::PointXYZ> >; _Args = {const char (&)[18]}; _Tp = ALOAM::ScanRegistrationNode<pcl::PointXYZ>; __gnu_cxx::_Lock_policy _Lp = __gnu_cxx::_S_atomic][m[K’
[7.334s] [01m[K/usr/include/c++/11/bits/shared_ptr.h:409:59:[m[K   required from ‘[01m[Kstd::shared_ptr<_Tp>::shared_ptr(std::_Sp_alloc_shared_tag<_Tp>, _Args&& ...) [with _Alloc = std::allocator<ALOAM::ScanRegistrationNode<pcl::PointXYZ> >; _Args = {const char (&)[18]}; _Tp = ALOAM::ScanRegistrationNode<pcl::PointXYZ>][m[K’
[7.334s] [01m[K/usr/include/c++/11/bits/shared_ptr.h:862:14:[m[K   required from ‘[01m[Kstd::shared_ptr<_Tp> std::allocate_shared(const _Alloc&, _Args&& ...) [with _Tp = ALOAM::ScanRegistrationNode<pcl::PointXYZ>; _Alloc = std::allocator<ALOAM::ScanRegistrationNode<pcl::PointXYZ> >; _Args = {const char (&)[18]}][m[K’
[7.334s] [01m[K/usr/include/c++/11/bits/shared_ptr.h:878:39:[m[K   required from ‘[01m[Kstd::shared_ptr<_Tp> std::make_shared(_Args&& ...) [with _Tp = ALOAM::ScanRegistrationNode<pcl::PointXYZ>; _Args = {const char (&)[18]}][m[K’
[7.334s] [01m[K/home/evan/code/ndt-loc/src/a-loam/src/ScanRegistrationNode.cpp:94:52:[m[K   required from here
[7.334s] [01m[K/home/evan/code/ndt-loc/src/a-loam/src/ScanRegistrationNode.cpp:67:34:[m[K [01;31m[Kerror: [m[Kcannot convert ‘[01m[Kstd::__shared_ptr_access<pcl::PointCloud<pcl::PointXYZ>, __gnu_cxx::_S_atomic, false, false>::element_type[m[K’ {aka ‘[01m[Kpcl::PointCloud<pcl::PointXYZ>[m[K’} to ‘[01m[KALOAM::ScanRegistration<pcl::PointXYZ>::CLOUDPTR[m[K’ {aka ‘[01m[Kstd::shared_ptr<pcl::PointCloud<pcl::PointXYZ> >[m[K’}
[7.334s]    67 |         [01;31m[Ksr.removeClosedPointCloud(*laserCloudIn, *laserCloudIn, MINMUM_RANGE)[m[K;
[7.334s]       |         [01;31m[K~~~~~~~~~~~~~~~~~~~~~~~~~^~~~~~~~~~~~~~~~~~~~~~~~~~~~~~~~~~~~~~~~~~~~[m[K
[7.334s] In file included from [01m[K/home/evan/code/ndt-loc/src/a-loam/src/ScanRegistrationNode.cpp:1[m[K:
[7.334s] [01m[K/home/evan/code/ndt-loc/src/a-loam/include/a-loam/ScanRegistration.hpp:45:42:[m[K [01;36m[Knote: [m[K  initializing argument 1 of ‘[01m[Kvoid ALOAM::ScanRegistration<PointT>::removeClosedPointCloud(ALOAM::ScanRegistration<PointT>::CLOUDPTR, ALOAM::ScanRegistration<PointT>::CLOUDPTR, float) [with PointT = pcl::PointXYZ; ALOAM::ScanRegistration<PointT>::CLOUDPTR = std::shared_ptr<pcl::PointCloud<pcl::PointXYZ> >][m[K’
[7.334s]    45 |     void removeClosedPointCloud([01;36m[KCLOUDPTR cloud_in[m[K, CLOUDPTR cloud_out, float thres){
[7.334s]       |                                 [01;36m[K~~~~~~~~~^~~~~~~~[m[K
[7.867s] gmake[2]: *** [CMakeFiles/scan_registration_node.dir/build.make:76: CMakeFiles/scan_registration_node.dir/src/ScanRegistrationNode.cpp.o] Error 1
[7.867s] gmake[1]: *** [CMakeFiles/Makefile2:137: CMakeFiles/scan_registration_node.dir/all] Error 2
[7.868s] gmake: *** [Makefile:146: all] Error 2
[7.870s] Invoked command in '/home/evan/code/ndt-loc/build/a-loam' returned '2': CMAKE_PREFIX_PATH=${CMAKE_PREFIX_PATH}:/opt/ros/humble /usr/bin/cmake --build /home/evan/code/ndt-loc/build/a-loam -- -j4 -l4
