[0.023s] Invoking command in '/home/evan/code/ndt-loc/build/map': CMAKE_PREFIX_PATH=${CMAKE_PREFIX_PATH}:/opt/ros/humble /usr/bin/cmake --build /home/evan/code/ndt-loc/build/map -- -j4 -l4
[0.113s] [35m[1mConsolidate compiler generated dependencies of target image_projection_node[0m
[0.159s] [ 12%] [32mBuilding CXX object CMakeFiles/lidar_data_node.dir/src/LidarData.cpp.o[0m
[0.163s] [ 25%] [32mBuilding CXX object CMakeFiles/show_map_node.dir/src/ShowMap.cpp.o[0m
[0.179s] [ 37%] [32mBuilding CXX object CMakeFiles/front_end_node.dir/src/FrontEnd.cpp.o[0m
[0.247s] [ 50%] [32mBuilding CXX object CMakeFiles/image_projection_node.dir/src/ImageProjection.cpp.o[0m
[23.554s] [ 62%] [32m[1mLinking CXX executable lidar_data_node[0m
[26.991s] [ 62%] Built target lidar_data_node
[27.070s] [ 75%] [32m[1mLinking CXX executable show_map_node[0m
[28.514s] [ 75%] Built target show_map_node
[29.417s] [ 87%] [32m[1mLinking CXX executable image_projection_node[0m
[30.857s] [ 87%] Built target image_projection_node
[39.789s] [100%] [32m[1mLinking CXX executable front_end_node[0m
[42.478s] [100%] Built target front_end_node
[42.515s] Invoked command in '/home/evan/code/ndt-loc/build/map' returned '0': CMAKE_PREFIX_PATH=${CMAKE_PREFIX_PATH}:/opt/ros/humble /usr/bin/cmake --build /home/evan/code/ndt-loc/build/map -- -j4 -l4
[42.561s] Invoking command in '/home/evan/code/ndt-loc/build/map': CMAKE_PREFIX_PATH=${CMAKE_PREFIX_PATH}:/opt/ros/humble /usr/bin/cmake --install /home/evan/code/ndt-loc/build/map
[42.568s] -- Install configuration: ""
[42.569s] -- Installing: /home/evan/code/ndt-loc/install/map/lib/map/lidar_data_node
[42.575s] -- Set runtime path of "/home/evan/code/ndt-loc/install/map/lib/map/lidar_data_node" to ""
[42.575s] -- Installing: /home/evan/code/ndt-loc/install/map/lib/map/image_projection_node
[42.581s] -- Set runtime path of "/home/evan/code/ndt-loc/install/map/lib/map/image_projection_node" to ""
[42.581s] -- Installing: /home/evan/code/ndt-loc/install/map/lib/map/front_end_node
[42.593s] -- Set runtime path of "/home/evan/code/ndt-loc/install/map/lib/map/front_end_node" to ""
[42.593s] -- Installing: /home/evan/code/ndt-loc/install/map/lib/map/show_map_node
[42.599s] -- Set runtime path of "/home/evan/code/ndt-loc/install/map/lib/map/show_map_node" to ""
[42.599s] -- Up-to-date: /home/evan/code/ndt-loc/install/map/share/ament_index/resource_index/package_run_dependencies/map
[42.599s] -- Up-to-date: /home/evan/code/ndt-loc/install/map/share/ament_index/resource_index/parent_prefix_path/map
[42.599s] -- Up-to-date: /home/evan/code/ndt-loc/install/map/share/map/environment/ament_prefix_path.sh
[42.599s] -- Up-to-date: /home/evan/code/ndt-loc/install/map/share/map/environment/ament_prefix_path.dsv
[42.599s] -- Up-to-date: /home/evan/code/ndt-loc/install/map/share/map/environment/path.sh
[42.600s] -- Up-to-date: /home/evan/code/ndt-loc/install/map/share/map/environment/path.dsv
[42.600s] -- Up-to-date: /home/evan/code/ndt-loc/install/map/share/map/local_setup.bash
[42.600s] -- Up-to-date: /home/evan/code/ndt-loc/install/map/share/map/local_setup.sh
[42.600s] -- Up-to-date: /home/evan/code/ndt-loc/install/map/share/map/local_setup.zsh
[42.600s] -- Up-to-date: /home/evan/code/ndt-loc/install/map/share/map/local_setup.dsv
[42.600s] -- Installing: /home/evan/code/ndt-loc/install/map/share/map/package.dsv
[42.600s] -- Up-to-date: /home/evan/code/ndt-loc/install/map/share/ament_index/resource_index/packages/map
[42.600s] -- Up-to-date: /home/evan/code/ndt-loc/install/map/share/map/cmake/ament_cmake_export_include_directories-extras.cmake
[42.600s] -- Up-to-date: /home/evan/code/ndt-loc/install/map/share/map/cmake/mapConfig.cmake
[42.600s] -- Up-to-date: /home/evan/code/ndt-loc/install/map/share/map/cmake/mapConfig-version.cmake
[42.600s] -- Up-to-date: /home/evan/code/ndt-loc/install/map/share/map/package.xml
[42.706s] Invoked command in '/home/evan/code/ndt-loc/build/map' returned '0': CMAKE_PREFIX_PATH=${CMAKE_PREFIX_PATH}:/opt/ros/humble /usr/bin/cmake --install /home/evan/code/ndt-loc/build/map
