[0.020s] Invoking command in '/home/evan/code/ndt-loc/build/data-publisher': CMAKE_PREFIX_PATH=${CMAKE_PREFIX_PATH}:/opt/ros/humble /usr/bin/cmake --build /home/evan/code/ndt-loc/build/data-publisher -- -j4 -l4
[0.053s] -- Found ament_cmake: 1.3.3 (/opt/ros/humble/share/ament_cmake/cmake)
[0.208s] -- Found rclcpp: 16.0.3 (/opt/ros/humble/share/rclcpp/cmake)
[0.243s] -- Found rosidl_generator_c: 3.1.4 (/opt/ros/humble/share/rosidl_generator_c/cmake)
[0.246s] -- Found rosidl_adapter: 3.1.4 (/opt/ros/humble/share/rosidl_adapter/cmake)
[0.253s] -- Found rosidl_generator_cpp: 3.1.4 (/opt/ros/humble/share/rosidl_generator_cpp/cmake)
[0.266s] -- Using all available rosidl_typesupport_c: rosidl_typesupport_fastrtps_c;rosidl_typesupport_introspection_c
[0.285s] -- Using all available rosidl_typesupport_cpp: rosidl_typesupport_fastrtps_cpp;rosidl_typesupport_introspection_cpp
[0.356s] -- Found rmw_implementation_cmake: 6.1.1 (/opt/ros/humble/share/rmw_implementation_cmake/cmake)
[0.358s] -- Found rmw_fastrtps_cpp: 6.2.2 (/opt/ros/humble/share/rmw_fastrtps_cpp/cmake)
[0.499s] -- Using RMW implementation 'rmw_fastrtps_cpp' as default
[0.695s] -- Found sensor_msgs: 4.2.3 (/opt/ros/humble/share/sensor_msgs/cmake)
[0.874s] -- Found cv_bridge: 3.2.1 (/opt/ros/humble/share/cv_bridge/cmake)
[0.904s] -- Eigen found (include: /usr/include/eigen3, version: 3.4.0)
[0.944s] -- FLANN found (include: /usr/include, lib: /usr/lib/x86_64-linux-gnu/libflann_cpp.so)
[1.268s] -- OpenNI found (version: 1.5.4.0, include: /usr/include/ni, lib: /usr/lib/libOpenNI.so;libusb::libusb)
[1.275s] -- OpenNI2 found (version: 2.2.0.33, include: /usr/include/openni2, lib: /usr/lib/x86_64-linux-gnu/libOpenNI2.so;libusb::libusb)
[1.276s] [0m** WARNING ** io features related to pcap will be disabled[0m
[1.445s] -- Eigen found (include: /usr/include/eigen3, version: 3.4.0)
[1.452s] -- OpenNI found (version: 1.5.4.0, include: /usr/include/ni, lib: /usr/lib/libOpenNI.so;libusb::libusb)
[1.459s] -- OpenNI2 found (version: 2.2.0.33, include: /usr/include/openni2, lib: /usr/lib/x86_64-linux-gnu/libOpenNI2.so;libusb::libusb)
[1.626s] -- Found Qhull version 8.0.2
[1.791s] -- OpenNI found (version: 1.5.4.0, include: /usr/include/ni, lib: /usr/lib/libOpenNI.so;libusb::libusb)
[1.959s] -- looking for PCL_COMMON
[1.960s] -- looking for PCL_KDTREE
[1.960s] -- looking for PCL_OCTREE
[1.961s] -- looking for PCL_SEARCH
[1.961s] -- looking for PCL_SAMPLE_CONSENSUS
[1.962s] -- looking for PCL_FILTERS
[1.962s] -- looking for PCL_2D
[1.962s] -- looking for PCL_GEOMETRY
[1.963s] -- looking for PCL_IO
[1.963s] -- looking for PCL_FEATURES
[1.964s] -- looking for PCL_ML
[1.964s] -- looking for PCL_SEGMENTATION
[1.965s] -- looking for PCL_VISUALIZATION
[1.966s] -- looking for PCL_SURFACE
[1.966s] -- looking for PCL_REGISTRATION
[1.967s] -- looking for PCL_KEYPOINTS
[1.967s] -- looking for PCL_TRACKING
[1.968s] -- looking for PCL_RECOGNITION
[1.968s] -- looking for PCL_STEREO
[1.969s] -- looking for PCL_APPS
[1.970s] -- looking for PCL_IN_HAND_SCANNER
[1.970s] -- looking for PCL_MODELER
[1.971s] -- looking for PCL_POINT_CLOUD_EDITOR
[1.971s] -- looking for PCL_OUTOFCORE
[1.972s] -- looking for PCL_PEOPLE
[1.973s] -- Found pcl_conversions: 2.4.0 (/opt/ros/humble/share/pcl_conversions/cmake)
[2.383s] -- Configuring done
[2.447s] -- Generating done
[2.450s] -- Build files have been written to: /home/evan/code/ndt-loc/build/data-publisher
[2.487s] [35m[1mConsolidate compiler generated dependencies of target lidar_data_node[0m
[2.496s] [ 25%] [32mBuilding CXX object CMakeFiles/radar_data_node.dir/src/RadarData.cpp.o[0m
[2.522s] [ 75%] Built target lidar_data_node
[2.874s] [01m[K/home/evan/code/ndt-loc/src/data-publisher/src/RadarData.cpp:7:10:[m[K [01;31m[Kfatal error: [m[Kcv_bridge/cv_bridge.h: No such file or directory
[2.874s]     7 | #include [01;31m[K<cv_bridge/cv_bridge.h>[m[K
[2.874s]       |          [01;31m[K^~~~~~~~~~~~~~~~~~~~~~~[m[K
[2.875s] compilation terminated.
[2.879s] gmake[2]: *** [CMakeFiles/radar_data_node.dir/build.make:76: CMakeFiles/radar_data_node.dir/src/RadarData.cpp.o] Error 1
[2.879s] gmake[1]: *** [CMakeFiles/Makefile2:165: CMakeFiles/radar_data_node.dir/all] Error 2
[2.880s] gmake: *** [Makefile:146: all] Error 2
[2.882s] Invoked command in '/home/evan/code/ndt-loc/build/data-publisher' returned '2': CMAKE_PREFIX_PATH=${CMAKE_PREFIX_PATH}:/opt/ros/humble /usr/bin/cmake --build /home/evan/code/ndt-loc/build/data-publisher -- -j4 -l4
