[0.112s] Invoking command in '/home/evan/code/ndt-loc/build/data-publisher': CMAKE_PREFIX_PATH=${CMAKE_PREFIX_PATH}:/opt/ros/humble /usr/bin/cmake --build /home/evan/code/ndt-loc/build/data-publisher -- -j4 -l4
[1.290s] [35m[1mConsolidate compiler generated dependencies of target lidar_data_node[0m
[1.325s] [ 50%] [32mBuilding CXX object CMakeFiles/lidar_data_node.dir/src/LidarData.cpp.o[0m
[12.289s] [100%] [32m[1mLinking CXX executable lidar_data_node[0m
[17.746s] [100%] Built target lidar_data_node
[17.758s] Invoked command in '/home/evan/code/ndt-loc/build/data-publisher' returned '0': CMAKE_PREFIX_PATH=${CMAKE_PREFIX_PATH}:/opt/ros/humble /usr/bin/cmake --build /home/evan/code/ndt-loc/build/data-publisher -- -j4 -l4
[17.794s] Invoking command in '/home/evan/code/ndt-loc/build/data-publisher': CMAKE_PREFIX_PATH=${CMAKE_PREFIX_PATH}:/opt/ros/humble /usr/bin/cmake --install /home/evan/code/ndt-loc/build/data-publisher
[17.825s] -- Install configuration: ""
[17.850s] -- Installing: /home/evan/code/ndt-loc/install/data-publisher/lib/data-publisher/lidar_data_node
[17.857s] -- Set runtime path of "/home/evan/code/ndt-loc/install/data-publisher/lib/data-publisher/lidar_data_node" to ""
[17.858s] -- Up-to-date: /home/evan/code/ndt-loc/install/data-publisher/share/ament_index/resource_index/package_run_dependencies/data-publisher
[17.858s] -- Up-to-date: /home/evan/code/ndt-loc/install/data-publisher/share/ament_index/resource_index/parent_prefix_path/data-publisher
[17.858s] -- Up-to-date: /home/evan/code/ndt-loc/install/data-publisher/share/data-publisher/environment/ament_prefix_path.sh
[17.859s] -- Up-to-date: /home/evan/code/ndt-loc/install/data-publisher/share/data-publisher/environment/ament_prefix_path.dsv
[17.859s] -- Up-to-date: /home/evan/code/ndt-loc/install/data-publisher/share/data-publisher/environment/path.sh
[17.859s] -- Up-to-date: /home/evan/code/ndt-loc/install/data-publisher/share/data-publisher/environment/path.dsv
[17.859s] -- Up-to-date: /home/evan/code/ndt-loc/install/data-publisher/share/data-publisher/local_setup.bash
[17.860s] -- Up-to-date: /home/evan/code/ndt-loc/install/data-publisher/share/data-publisher/local_setup.sh
[17.860s] -- Up-to-date: /home/evan/code/ndt-loc/install/data-publisher/share/data-publisher/local_setup.zsh
[17.860s] -- Up-to-date: /home/evan/code/ndt-loc/install/data-publisher/share/data-publisher/local_setup.dsv
[17.860s] -- Installing: /home/evan/code/ndt-loc/install/data-publisher/share/data-publisher/package.dsv
[17.888s] -- Up-to-date: /home/evan/code/ndt-loc/install/data-publisher/share/ament_index/resource_index/packages/data-publisher
[17.889s] -- Up-to-date: /home/evan/code/ndt-loc/install/data-publisher/share/data-publisher/cmake/ament_cmake_export_include_directories-extras.cmake
[17.889s] -- Up-to-date: /home/evan/code/ndt-loc/install/data-publisher/share/data-publisher/cmake/data-publisherConfig.cmake
[17.889s] -- Up-to-date: /home/evan/code/ndt-loc/install/data-publisher/share/data-publisher/cmake/data-publisherConfig-version.cmake
[17.889s] -- Up-to-date: /home/evan/code/ndt-loc/install/data-publisher/share/data-publisher/package.xml
[17.893s] Invoked command in '/home/evan/code/ndt-loc/build/data-publisher' returned '0': CMAKE_PREFIX_PATH=${CMAKE_PREFIX_PATH}:/opt/ros/humble /usr/bin/cmake --install /home/evan/code/ndt-loc/build/data-publisher
