[0.302s] DEBUG:colcon:Command line arguments: ['/usr/bin/colcon', 'build']
[0.303s] DEBUG:colcon:Parsed command line arguments: Namespace(log_base=None, log_level=None, verb_name='build', build_base='build', install_base='install', merge_install=False, symlink_install=False, test_result_base=None, continue_on_error=False, executor='parallel', parallel_workers=4, event_handlers=None, ignore_user_meta=False, metas=['./colcon.meta'], base_paths=['.'], packages_ignore=None, packages_ignore_regex=None, paths=None, packages_up_to=None, packages_up_to_regex=None, packages_above=None, packages_above_and_dependencies=None, packages_above_depth=None, packages_select_by_dep=None, packages_skip_by_dep=None, packages_skip_up_to=None, packages_select_build_failed=False, packages_skip_build_finished=False, packages_select_test_failures=False, packages_skip_test_passed=False, packages_select=None, packages_skip=None, packages_select_regex=None, packages_skip_regex=None, packages_start=None, packages_end=None, allow_overriding=[], cmake_args=None, cmake_target=None, cmake_target_skip_unavailable=False, cmake_clean_cache=False, cmake_clean_first=False, cmake_force_configure=False, ament_cmake_args=None, catkin_cmake_args=None, catkin_skip_building_tests=False, verb_parser=<colcon_defaults.argument_parser.defaults.DefaultArgumentsDecorator object at 0x7f9420dbd7b0>, verb_extension=<colcon_core.verb.build.BuildVerb object at 0x7f94215c69b0>, main=<bound method BuildVerb.main of <colcon_core.verb.build.BuildVerb object at 0x7f94215c69b0>>)
[0.334s] Level 1:colcon.colcon_core.package_discovery:discover_packages(colcon_meta) check parameters
[0.334s] Level 1:colcon.colcon_core.package_discovery:discover_packages(recursive) check parameters
[0.334s] Level 1:colcon.colcon_core.package_discovery:discover_packages(ignore) check parameters
[0.334s] Level 1:colcon.colcon_core.package_discovery:discover_packages(path) check parameters
[0.334s] Level 1:colcon.colcon_core.package_discovery:discover_packages(colcon_meta) discover
[0.335s] Level 1:colcon.colcon_core.package_discovery:discover_packages(recursive) discover
[0.335s] INFO:colcon.colcon_core.package_discovery:Crawling recursively for packages in '/home/evan/code/ndt-loc'
[0.335s] Level 1:colcon.colcon_core.package_identification:_identify(.) by extensions ['ignore', 'ignore_ament_install']
[0.335s] Level 1:colcon.colcon_core.package_identification:_identify(.) by extension 'ignore'
[0.335s] Level 1:colcon.colcon_core.package_identification:_identify(.) by extension 'ignore_ament_install'
[0.335s] Level 1:colcon.colcon_core.package_identification:_identify(.) by extensions ['colcon_pkg']
[0.335s] Level 1:colcon.colcon_core.package_identification:_identify(.) by extension 'colcon_pkg'
[0.335s] Level 1:colcon.colcon_core.package_identification:_identify(.) by extensions ['colcon_meta']
[0.335s] Level 1:colcon.colcon_core.package_identification:_identify(.) by extension 'colcon_meta'
[0.335s] Level 1:colcon.colcon_core.package_identification:_identify(.) by extensions ['ros']
[0.335s] Level 1:colcon.colcon_core.package_identification:_identify(.) by extension 'ros'
[0.346s] Level 1:colcon.colcon_core.package_identification:_identify(.) by extensions ['cmake', 'python']
[0.347s] Level 1:colcon.colcon_core.package_identification:_identify(.) by extension 'cmake'
[0.347s] Level 1:colcon.colcon_core.package_identification:_identify(.) by extension 'python'
[0.347s] Level 1:colcon.colcon_core.package_identification:_identify(.) by extensions ['python_setup_py']
[0.347s] Level 1:colcon.colcon_core.package_identification:_identify(.) by extension 'python_setup_py'
[0.347s] Level 1:colcon.colcon_core.package_identification:_identify(build) by extensions ['ignore', 'ignore_ament_install']
[0.347s] Level 1:colcon.colcon_core.package_identification:_identify(build) by extension 'ignore'
[0.347s] Level 1:colcon.colcon_core.package_identification:_identify(build) ignored
[0.347s] Level 1:colcon.colcon_core.package_identification:_identify(install) by extensions ['ignore', 'ignore_ament_install']
[0.347s] Level 1:colcon.colcon_core.package_identification:_identify(install) by extension 'ignore'
[0.347s] Level 1:colcon.colcon_core.package_identification:_identify(install) ignored
[0.348s] Level 1:colcon.colcon_core.package_identification:_identify(log) by extensions ['ignore', 'ignore_ament_install']
[0.348s] Level 1:colcon.colcon_core.package_identification:_identify(log) by extension 'ignore'
[0.348s] Level 1:colcon.colcon_core.package_identification:_identify(log) ignored
[0.348s] Level 1:colcon.colcon_core.package_identification:_identify(src) by extensions ['ignore', 'ignore_ament_install']
[0.348s] Level 1:colcon.colcon_core.package_identification:_identify(src) by extension 'ignore'
[0.348s] Level 1:colcon.colcon_core.package_identification:_identify(src) by extension 'ignore_ament_install'
[0.348s] Level 1:colcon.colcon_core.package_identification:_identify(src) by extensions ['colcon_pkg']
[0.348s] Level 1:colcon.colcon_core.package_identification:_identify(src) by extension 'colcon_pkg'
[0.348s] Level 1:colcon.colcon_core.package_identification:_identify(src) by extensions ['colcon_meta']
[0.348s] Level 1:colcon.colcon_core.package_identification:_identify(src) by extension 'colcon_meta'
[0.348s] Level 1:colcon.colcon_core.package_identification:_identify(src) by extensions ['ros']
[0.348s] Level 1:colcon.colcon_core.package_identification:_identify(src) by extension 'ros'
[0.348s] Level 1:colcon.colcon_core.package_identification:_identify(src) by extensions ['cmake', 'python']
[0.348s] Level 1:colcon.colcon_core.package_identification:_identify(src) by extension 'cmake'
[0.348s] Level 1:colcon.colcon_core.package_identification:_identify(src) by extension 'python'
[0.348s] Level 1:colcon.colcon_core.package_identification:_identify(src) by extensions ['python_setup_py']
[0.348s] Level 1:colcon.colcon_core.package_identification:_identify(src) by extension 'python_setup_py'
[0.349s] Level 1:colcon.colcon_core.package_identification:_identify(src/cloud_msgs) by extensions ['ignore', 'ignore_ament_install']
[0.349s] Level 1:colcon.colcon_core.package_identification:_identify(src/cloud_msgs) by extension 'ignore'
[0.349s] Level 1:colcon.colcon_core.package_identification:_identify(src/cloud_msgs) by extension 'ignore_ament_install'
[0.349s] Level 1:colcon.colcon_core.package_identification:_identify(src/cloud_msgs) by extensions ['colcon_pkg']
[0.349s] Level 1:colcon.colcon_core.package_identification:_identify(src/cloud_msgs) by extension 'colcon_pkg'
[0.349s] Level 1:colcon.colcon_core.package_identification:_identify(src/cloud_msgs) by extensions ['colcon_meta']
[0.349s] Level 1:colcon.colcon_core.package_identification:_identify(src/cloud_msgs) by extension 'colcon_meta'
[0.349s] Level 1:colcon.colcon_core.package_identification:_identify(src/cloud_msgs) by extensions ['ros']
[0.349s] Level 1:colcon.colcon_core.package_identification:_identify(src/cloud_msgs) by extension 'ros'
[0.351s] DEBUG:colcon.colcon_core.package_identification:Package 'src/cloud_msgs' with type 'ros.ament_cmake' and name 'cloud_msgs'
[0.352s] Level 1:colcon.colcon_core.package_identification:_identify(src/map) by extensions ['ignore', 'ignore_ament_install']
[0.352s] Level 1:colcon.colcon_core.package_identification:_identify(src/map) by extension 'ignore'
[0.352s] Level 1:colcon.colcon_core.package_identification:_identify(src/map) by extension 'ignore_ament_install'
[0.352s] Level 1:colcon.colcon_core.package_identification:_identify(src/map) by extensions ['colcon_pkg']
[0.352s] Level 1:colcon.colcon_core.package_identification:_identify(src/map) by extension 'colcon_pkg'
[0.352s] Level 1:colcon.colcon_core.package_identification:_identify(src/map) by extensions ['colcon_meta']
[0.352s] Level 1:colcon.colcon_core.package_identification:_identify(src/map) by extension 'colcon_meta'
[0.352s] Level 1:colcon.colcon_core.package_identification:_identify(src/map) by extensions ['ros']
[0.352s] Level 1:colcon.colcon_core.package_identification:_identify(src/map) by extension 'ros'
[0.353s] DEBUG:colcon.colcon_core.package_identification:Package 'src/map' with type 'ros.ament_cmake' and name 'map'
[0.353s] Level 1:colcon.colcon_core.package_identification:_identify(src/ndt-lidar-radar) by extensions ['ignore', 'ignore_ament_install']
[0.353s] Level 1:colcon.colcon_core.package_identification:_identify(src/ndt-lidar-radar) by extension 'ignore'
[0.353s] Level 1:colcon.colcon_core.package_identification:_identify(src/ndt-lidar-radar) by extension 'ignore_ament_install'
[0.353s] Level 1:colcon.colcon_core.package_identification:_identify(src/ndt-lidar-radar) by extensions ['colcon_pkg']
[0.353s] Level 1:colcon.colcon_core.package_identification:_identify(src/ndt-lidar-radar) by extension 'colcon_pkg'
[0.353s] Level 1:colcon.colcon_core.package_identification:_identify(src/ndt-lidar-radar) by extensions ['colcon_meta']
[0.353s] Level 1:colcon.colcon_core.package_identification:_identify(src/ndt-lidar-radar) by extension 'colcon_meta'
[0.354s] Level 1:colcon.colcon_core.package_identification:_identify(src/ndt-lidar-radar) by extensions ['ros']
[0.354s] Level 1:colcon.colcon_core.package_identification:_identify(src/ndt-lidar-radar) by extension 'ros'
[0.354s] DEBUG:colcon.colcon_core.package_identification:Package 'src/ndt-lidar-radar' with type 'ros.ament_cmake' and name 'ndt-lidar-radar'
[0.354s] Level 1:colcon.colcon_core.package_discovery:discover_packages(recursive) using defaults
[0.354s] Level 1:colcon.colcon_core.package_discovery:discover_packages(ignore) discover
[0.354s] Level 1:colcon.colcon_core.package_discovery:discover_packages(ignore) using defaults
[0.354s] Level 1:colcon.colcon_core.package_discovery:discover_packages(path) discover
[0.354s] Level 1:colcon.colcon_core.package_discovery:discover_packages(path) using defaults
[0.377s] Level 1:colcon.colcon_core.package_discovery:discover_packages(prefix_path) check parameters
[0.377s] Level 1:colcon.colcon_core.package_discovery:discover_packages(prefix_path) discover
[0.380s] DEBUG:colcon.colcon_installed_package_information.package_discovery:Found 3 installed packages in /home/evan/code/ndt-loc/install
[0.382s] DEBUG:colcon.colcon_installed_package_information.package_discovery:Found 270 installed packages in /opt/ros/humble
[0.384s] Level 1:colcon.colcon_core.package_discovery:discover_packages(prefix_path) using defaults
[0.443s] Level 5:colcon.colcon_core.verb:set package 'cloud_msgs' build argument 'cmake_args' from command line to 'None'
[0.443s] Level 5:colcon.colcon_core.verb:set package 'cloud_msgs' build argument 'cmake_target' from command line to 'None'
[0.443s] Level 5:colcon.colcon_core.verb:set package 'cloud_msgs' build argument 'cmake_target_skip_unavailable' from command line to 'False'
[0.443s] Level 5:colcon.colcon_core.verb:set package 'cloud_msgs' build argument 'cmake_clean_cache' from command line to 'False'
[0.443s] Level 5:colcon.colcon_core.verb:set package 'cloud_msgs' build argument 'cmake_clean_first' from command line to 'False'
[0.443s] Level 5:colcon.colcon_core.verb:set package 'cloud_msgs' build argument 'cmake_force_configure' from command line to 'False'
[0.443s] Level 5:colcon.colcon_core.verb:set package 'cloud_msgs' build argument 'ament_cmake_args' from command line to 'None'
[0.443s] Level 5:colcon.colcon_core.verb:set package 'cloud_msgs' build argument 'catkin_cmake_args' from command line to 'None'
[0.443s] Level 5:colcon.colcon_core.verb:set package 'cloud_msgs' build argument 'catkin_skip_building_tests' from command line to 'False'
[0.443s] DEBUG:colcon.colcon_core.verb:Building package 'cloud_msgs' with the following arguments: {'ament_cmake_args': None, 'build_base': '/home/evan/code/ndt-loc/build/cloud_msgs', 'catkin_cmake_args': None, 'catkin_skip_building_tests': False, 'cmake_args': None, 'cmake_clean_cache': False, 'cmake_clean_first': False, 'cmake_force_configure': False, 'cmake_target': None, 'cmake_target_skip_unavailable': False, 'install_base': '/home/evan/code/ndt-loc/install/cloud_msgs', 'merge_install': False, 'path': '/home/evan/code/ndt-loc/src/cloud_msgs', 'symlink_install': False, 'test_result_base': None}
[0.444s] Level 5:colcon.colcon_core.verb:set package 'map' build argument 'cmake_args' from command line to 'None'
[0.444s] Level 5:colcon.colcon_core.verb:set package 'map' build argument 'cmake_target' from command line to 'None'
[0.444s] Level 5:colcon.colcon_core.verb:set package 'map' build argument 'cmake_target_skip_unavailable' from command line to 'False'
[0.444s] Level 5:colcon.colcon_core.verb:set package 'map' build argument 'cmake_clean_cache' from command line to 'False'
[0.444s] Level 5:colcon.colcon_core.verb:set package 'map' build argument 'cmake_clean_first' from command line to 'False'
[0.444s] Level 5:colcon.colcon_core.verb:set package 'map' build argument 'cmake_force_configure' from command line to 'False'
[0.444s] Level 5:colcon.colcon_core.verb:set package 'map' build argument 'ament_cmake_args' from command line to 'None'
[0.444s] Level 5:colcon.colcon_core.verb:set package 'map' build argument 'catkin_cmake_args' from command line to 'None'
[0.444s] Level 5:colcon.colcon_core.verb:set package 'map' build argument 'catkin_skip_building_tests' from command line to 'False'
[0.444s] DEBUG:colcon.colcon_core.verb:Building package 'map' with the following arguments: {'ament_cmake_args': None, 'build_base': '/home/evan/code/ndt-loc/build/map', 'catkin_cmake_args': None, 'catkin_skip_building_tests': False, 'cmake_args': None, 'cmake_clean_cache': False, 'cmake_clean_first': False, 'cmake_force_configure': False, 'cmake_target': None, 'cmake_target_skip_unavailable': False, 'install_base': '/home/evan/code/ndt-loc/install/map', 'merge_install': False, 'path': '/home/evan/code/ndt-loc/src/map', 'symlink_install': False, 'test_result_base': None}
[0.445s] Level 5:colcon.colcon_core.verb:set package 'ndt-lidar-radar' build argument 'cmake_args' from command line to 'None'
[0.445s] Level 5:colcon.colcon_core.verb:set package 'ndt-lidar-radar' build argument 'cmake_target' from command line to 'None'
[0.445s] Level 5:colcon.colcon_core.verb:set package 'ndt-lidar-radar' build argument 'cmake_target_skip_unavailable' from command line to 'False'
[0.445s] Level 5:colcon.colcon_core.verb:set package 'ndt-lidar-radar' build argument 'cmake_clean_cache' from command line to 'False'
[0.445s] Level 5:colcon.colcon_core.verb:set package 'ndt-lidar-radar' build argument 'cmake_clean_first' from command line to 'False'
[0.446s] Level 5:colcon.colcon_core.verb:set package 'ndt-lidar-radar' build argument 'cmake_force_configure' from command line to 'False'
[0.446s] Level 5:colcon.colcon_core.verb:set package 'ndt-lidar-radar' build argument 'ament_cmake_args' from command line to 'None'
[0.446s] Level 5:colcon.colcon_core.verb:set package 'ndt-lidar-radar' build argument 'catkin_cmake_args' from command line to 'None'
[0.446s] Level 5:colcon.colcon_core.verb:set package 'ndt-lidar-radar' build argument 'catkin_skip_building_tests' from command line to 'False'
[0.446s] DEBUG:colcon.colcon_core.verb:Building package 'ndt-lidar-radar' with the following arguments: {'ament_cmake_args': None, 'build_base': '/home/evan/code/ndt-loc/build/ndt-lidar-radar', 'catkin_cmake_args': None, 'catkin_skip_building_tests': False, 'cmake_args': None, 'cmake_clean_cache': False, 'cmake_clean_first': False, 'cmake_force_configure': False, 'cmake_target': None, 'cmake_target_skip_unavailable': False, 'install_base': '/home/evan/code/ndt-loc/install/ndt-lidar-radar', 'merge_install': False, 'path': '/home/evan/code/ndt-loc/src/ndt-lidar-radar', 'symlink_install': False, 'test_result_base': None}
[0.446s] INFO:colcon.colcon_core.executor:Executing jobs using 'parallel' executor
[0.450s] DEBUG:colcon.colcon_parallel_executor.executor.parallel:run_until_complete
[0.450s] INFO:colcon.colcon_ros.task.ament_cmake.build:Building ROS package in '/home/evan/code/ndt-loc/src/cloud_msgs' with build type 'ament_cmake'
[0.450s] INFO:colcon.colcon_cmake.task.cmake.build:Building CMake package in '/home/evan/code/ndt-loc/src/cloud_msgs'
[0.454s] INFO:colcon.colcon_core.plugin_system:Skipping extension 'colcon_core.shell.bat': Not used on non-Windows systems
[0.455s] INFO:colcon.colcon_core.shell:Skip shell extension 'powershell' for command environment: Not usable outside of PowerShell
[0.455s] DEBUG:colcon.colcon_core.shell:Skip shell extension 'dsv' for command environment
[0.459s] INFO:colcon.colcon_ros.task.ament_cmake.build:Building ROS package in '/home/evan/code/ndt-loc/src/map' with build type 'ament_cmake'
[0.459s] INFO:colcon.colcon_cmake.task.cmake.build:Building CMake package in '/home/evan/code/ndt-loc/src/map'
[0.461s] INFO:colcon.colcon_core.shell:Skip shell extension 'powershell' for command environment: Not usable outside of PowerShell
[0.461s] DEBUG:colcon.colcon_core.shell:Skip shell extension 'dsv' for command environment
[0.466s] INFO:colcon.colcon_ros.task.ament_cmake.build:Building ROS package in '/home/evan/code/ndt-loc/src/ndt-lidar-radar' with build type 'ament_cmake'
[0.466s] INFO:colcon.colcon_cmake.task.cmake.build:Building CMake package in '/home/evan/code/ndt-loc/src/ndt-lidar-radar'
[0.468s] INFO:colcon.colcon_core.shell:Skip shell extension 'powershell' for command environment: Not usable outside of PowerShell
[0.468s] DEBUG:colcon.colcon_core.shell:Skip shell extension 'dsv' for command environment
[0.476s] DEBUG:colcon.colcon_core.event_handler.log_command:Invoking command in '/home/evan/code/ndt-loc/build/cloud_msgs': CMAKE_PREFIX_PATH=${CMAKE_PREFIX_PATH}:/opt/ros/humble /usr/bin/cmake --build /home/evan/code/ndt-loc/build/cloud_msgs -- -j4 -l4
[0.483s] DEBUG:colcon.colcon_core.event_handler.log_command:Invoking command in '/home/evan/code/ndt-loc/build/map': CMAKE_PREFIX_PATH=${CMAKE_PREFIX_PATH}:/opt/ros/humble /usr/bin/cmake --build /home/evan/code/ndt-loc/build/map -- -j4 -l4
[0.488s] DEBUG:colcon.colcon_core.event_handler.log_command:Invoking command in '/home/evan/code/ndt-loc/build/ndt-lidar-radar': CMAKE_PREFIX_PATH=${CMAKE_PREFIX_PATH}:/opt/ros/humble /usr/bin/cmake --build /home/evan/code/ndt-loc/build/ndt-lidar-radar -- -j4 -l4
[0.548s] DEBUG:colcon.colcon_core.event_handler.log_command:Invoked command in '/home/evan/code/ndt-loc/build/ndt-lidar-radar' returned '0': CMAKE_PREFIX_PATH=${CMAKE_PREFIX_PATH}:/opt/ros/humble /usr/bin/cmake --build /home/evan/code/ndt-loc/build/ndt-lidar-radar -- -j4 -l4
[0.595s] DEBUG:colcon.colcon_core.event_handler.log_command:Invoking command in '/home/evan/code/ndt-loc/build/ndt-lidar-radar': CMAKE_PREFIX_PATH=${CMAKE_PREFIX_PATH}:/opt/ros/humble /usr/bin/cmake --install /home/evan/code/ndt-loc/build/ndt-lidar-radar
[0.607s] Level 1:colcon.colcon_core.environment:create_environment_scripts_only(ndt-lidar-radar)
[0.612s] Level 1:colcon.colcon_core.environment:checking '/home/evan/code/ndt-loc/install/ndt-lidar-radar' for CMake module files
[0.613s] DEBUG:colcon.colcon_core.event_handler.log_command:Invoked command in '/home/evan/code/ndt-loc/build/ndt-lidar-radar' returned '0': CMAKE_PREFIX_PATH=${CMAKE_PREFIX_PATH}:/opt/ros/humble /usr/bin/cmake --install /home/evan/code/ndt-loc/build/ndt-lidar-radar
[0.614s] Level 1:colcon.colcon_core.environment:checking '/home/evan/code/ndt-loc/install/ndt-lidar-radar' for CMake config files
[0.614s] Level 1:colcon.colcon_core.shell:create_environment_hook('ndt-lidar-radar', 'cmake_prefix_path')
[0.615s] INFO:colcon.colcon_core.shell:Creating environment hook '/home/evan/code/ndt-loc/install/ndt-lidar-radar/share/ndt-lidar-radar/hook/cmake_prefix_path.ps1'
[0.616s] INFO:colcon.colcon_core.shell:Creating environment descriptor '/home/evan/code/ndt-loc/install/ndt-lidar-radar/share/ndt-lidar-radar/hook/cmake_prefix_path.dsv'
[0.617s] INFO:colcon.colcon_core.shell:Creating environment hook '/home/evan/code/ndt-loc/install/ndt-lidar-radar/share/ndt-lidar-radar/hook/cmake_prefix_path.sh'
[0.618s] Level 1:colcon.colcon_core.environment:checking '/home/evan/code/ndt-loc/install/ndt-lidar-radar/bin'
[0.618s] Level 1:colcon.colcon_core.environment:checking '/home/evan/code/ndt-loc/install/ndt-lidar-radar/lib/pkgconfig/ndt-lidar-radar.pc'
[0.618s] Level 1:colcon.colcon_core.environment:checking '/home/evan/code/ndt-loc/install/ndt-lidar-radar/lib/python3.10/site-packages'
[0.618s] Level 1:colcon.colcon_core.environment:checking '/home/evan/code/ndt-loc/install/ndt-lidar-radar/bin'
[0.621s] INFO:colcon.colcon_core.shell:Creating package script '/home/evan/code/ndt-loc/install/ndt-lidar-radar/share/ndt-lidar-radar/package.ps1'
[0.622s] INFO:colcon.colcon_core.shell:Creating package descriptor '/home/evan/code/ndt-loc/install/ndt-lidar-radar/share/ndt-lidar-radar/package.dsv'
[0.622s] INFO:colcon.colcon_core.shell:Creating package script '/home/evan/code/ndt-loc/install/ndt-lidar-radar/share/ndt-lidar-radar/package.sh'
[0.623s] INFO:colcon.colcon_core.shell:Creating package script '/home/evan/code/ndt-loc/install/ndt-lidar-radar/share/ndt-lidar-radar/package.bash'
[0.624s] INFO:colcon.colcon_core.shell:Creating package script '/home/evan/code/ndt-loc/install/ndt-lidar-radar/share/ndt-lidar-radar/package.zsh'
[0.624s] Level 1:colcon.colcon_core.environment:create_file_with_runtime_dependencies(/home/evan/code/ndt-loc/install/ndt-lidar-radar/share/colcon-core/packages/ndt-lidar-radar)
[0.651s] Level 1:colcon.colcon_core.environment:create_environment_scripts_only(ndt-lidar-radar)
[0.653s] Level 1:colcon.colcon_core.environment:checking '/home/evan/code/ndt-loc/install/ndt-lidar-radar' for CMake module files
[0.654s] Level 1:colcon.colcon_core.environment:checking '/home/evan/code/ndt-loc/install/ndt-lidar-radar' for CMake config files
[0.654s] Level 1:colcon.colcon_core.shell:create_environment_hook('ndt-lidar-radar', 'cmake_prefix_path')
[0.656s] INFO:colcon.colcon_core.shell:Creating environment hook '/home/evan/code/ndt-loc/install/ndt-lidar-radar/share/ndt-lidar-radar/hook/cmake_prefix_path.ps1'
[0.656s] INFO:colcon.colcon_core.shell:Creating environment descriptor '/home/evan/code/ndt-loc/install/ndt-lidar-radar/share/ndt-lidar-radar/hook/cmake_prefix_path.dsv'
[0.656s] INFO:colcon.colcon_core.shell:Creating environment hook '/home/evan/code/ndt-loc/install/ndt-lidar-radar/share/ndt-lidar-radar/hook/cmake_prefix_path.sh'
[0.657s] Level 1:colcon.colcon_core.environment:checking '/home/evan/code/ndt-loc/install/ndt-lidar-radar/bin'
[0.657s] Level 1:colcon.colcon_core.environment:checking '/home/evan/code/ndt-loc/install/ndt-lidar-radar/lib/pkgconfig/ndt-lidar-radar.pc'
[0.657s] Level 1:colcon.colcon_core.environment:checking '/home/evan/code/ndt-loc/install/ndt-lidar-radar/lib/python3.10/site-packages'
[0.658s] Level 1:colcon.colcon_core.environment:checking '/home/evan/code/ndt-loc/install/ndt-lidar-radar/bin'
[0.659s] INFO:colcon.colcon_core.shell:Creating package script '/home/evan/code/ndt-loc/install/ndt-lidar-radar/share/ndt-lidar-radar/package.ps1'
[0.660s] INFO:colcon.colcon_core.shell:Creating package descriptor '/home/evan/code/ndt-loc/install/ndt-lidar-radar/share/ndt-lidar-radar/package.dsv'
[0.660s] INFO:colcon.colcon_core.shell:Creating package script '/home/evan/code/ndt-loc/install/ndt-lidar-radar/share/ndt-lidar-radar/package.sh'
[0.661s] INFO:colcon.colcon_core.shell:Creating package script '/home/evan/code/ndt-loc/install/ndt-lidar-radar/share/ndt-lidar-radar/package.bash'
[0.661s] INFO:colcon.colcon_core.shell:Creating package script '/home/evan/code/ndt-loc/install/ndt-lidar-radar/share/ndt-lidar-radar/package.zsh'
[0.662s] Level 1:colcon.colcon_core.environment:create_file_with_runtime_dependencies(/home/evan/code/ndt-loc/install/ndt-lidar-radar/share/colcon-core/packages/ndt-lidar-radar)
[0.921s] DEBUG:colcon.colcon_core.event_handler.log_command:Invoked command in '/home/evan/code/ndt-loc/build/cloud_msgs' returned '0': CMAKE_PREFIX_PATH=${CMAKE_PREFIX_PATH}:/opt/ros/humble /usr/bin/cmake --build /home/evan/code/ndt-loc/build/cloud_msgs -- -j4 -l4
[0.992s] DEBUG:colcon.colcon_core.event_handler.log_command:Invoking command in '/home/evan/code/ndt-loc/build/cloud_msgs': CMAKE_PREFIX_PATH=${CMAKE_PREFIX_PATH}:/opt/ros/humble /usr/bin/cmake --install /home/evan/code/ndt-loc/build/cloud_msgs
[1.068s] Level 1:colcon.colcon_core.environment:create_environment_scripts_only(cloud_msgs)
[1.070s] Level 1:colcon.colcon_core.environment:checking '/home/evan/code/ndt-loc/install/cloud_msgs' for CMake module files
[1.070s] Level 1:colcon.colcon_core.environment:checking '/home/evan/code/ndt-loc/install/cloud_msgs' for CMake config files
[1.071s] Level 1:colcon.colcon_core.shell:create_environment_hook('cloud_msgs', 'cmake_prefix_path')
[1.072s] INFO:colcon.colcon_core.shell:Creating environment hook '/home/evan/code/ndt-loc/install/cloud_msgs/share/cloud_msgs/hook/cmake_prefix_path.ps1'
[1.073s] DEBUG:colcon.colcon_core.event_handler.log_command:Invoked command in '/home/evan/code/ndt-loc/build/cloud_msgs' returned '0': CMAKE_PREFIX_PATH=${CMAKE_PREFIX_PATH}:/opt/ros/humble /usr/bin/cmake --install /home/evan/code/ndt-loc/build/cloud_msgs
[1.073s] INFO:colcon.colcon_core.shell:Creating environment descriptor '/home/evan/code/ndt-loc/install/cloud_msgs/share/cloud_msgs/hook/cmake_prefix_path.dsv'
[1.073s] INFO:colcon.colcon_core.shell:Creating environment hook '/home/evan/code/ndt-loc/install/cloud_msgs/share/cloud_msgs/hook/cmake_prefix_path.sh'
[1.074s] Level 1:colcon.colcon_core.environment:checking '/home/evan/code/ndt-loc/install/cloud_msgs/lib'
[1.074s] Level 1:colcon.colcon_core.shell:create_environment_hook('cloud_msgs', 'ld_library_path_lib')
[1.075s] INFO:colcon.colcon_core.shell:Creating environment hook '/home/evan/code/ndt-loc/install/cloud_msgs/share/cloud_msgs/hook/ld_library_path_lib.ps1'
[1.076s] INFO:colcon.colcon_core.shell:Creating environment descriptor '/home/evan/code/ndt-loc/install/cloud_msgs/share/cloud_msgs/hook/ld_library_path_lib.dsv'
[1.076s] INFO:colcon.colcon_core.shell:Creating environment hook '/home/evan/code/ndt-loc/install/cloud_msgs/share/cloud_msgs/hook/ld_library_path_lib.sh'
[1.077s] Level 1:colcon.colcon_core.environment:checking '/home/evan/code/ndt-loc/install/cloud_msgs/bin'
[1.077s] Level 1:colcon.colcon_core.environment:checking '/home/evan/code/ndt-loc/install/cloud_msgs/lib/pkgconfig/cloud_msgs.pc'
[1.077s] Level 1:colcon.colcon_core.environment:checking '/home/evan/code/ndt-loc/install/cloud_msgs/lib/python3.10/site-packages'
[1.077s] Level 1:colcon.colcon_core.environment:checking '/home/evan/code/ndt-loc/install/cloud_msgs/bin'
[1.079s] INFO:colcon.colcon_core.shell:Creating package script '/home/evan/code/ndt-loc/install/cloud_msgs/share/cloud_msgs/package.ps1'
[1.079s] INFO:colcon.colcon_core.shell:Creating package descriptor '/home/evan/code/ndt-loc/install/cloud_msgs/share/cloud_msgs/package.dsv'
[1.080s] INFO:colcon.colcon_core.shell:Creating package script '/home/evan/code/ndt-loc/install/cloud_msgs/share/cloud_msgs/package.sh'
[1.080s] INFO:colcon.colcon_core.shell:Creating package script '/home/evan/code/ndt-loc/install/cloud_msgs/share/cloud_msgs/package.bash'
[1.081s] INFO:colcon.colcon_core.shell:Creating package script '/home/evan/code/ndt-loc/install/cloud_msgs/share/cloud_msgs/package.zsh'
[1.081s] Level 1:colcon.colcon_core.environment:create_file_with_runtime_dependencies(/home/evan/code/ndt-loc/install/cloud_msgs/share/colcon-core/packages/cloud_msgs)
[1.150s] Level 1:colcon.colcon_core.environment:create_environment_scripts_only(cloud_msgs)
[1.152s] Level 1:colcon.colcon_core.environment:checking '/home/evan/code/ndt-loc/install/cloud_msgs' for CMake module files
[1.153s] Level 1:colcon.colcon_core.environment:checking '/home/evan/code/ndt-loc/install/cloud_msgs' for CMake config files
[1.154s] Level 1:colcon.colcon_core.shell:create_environment_hook('cloud_msgs', 'cmake_prefix_path')
[1.155s] INFO:colcon.colcon_core.shell:Creating environment hook '/home/evan/code/ndt-loc/install/cloud_msgs/share/cloud_msgs/hook/cmake_prefix_path.ps1'
[1.155s] INFO:colcon.colcon_core.shell:Creating environment descriptor '/home/evan/code/ndt-loc/install/cloud_msgs/share/cloud_msgs/hook/cmake_prefix_path.dsv'
[1.156s] INFO:colcon.colcon_core.shell:Creating environment hook '/home/evan/code/ndt-loc/install/cloud_msgs/share/cloud_msgs/hook/cmake_prefix_path.sh'
[1.156s] Level 1:colcon.colcon_core.environment:checking '/home/evan/code/ndt-loc/install/cloud_msgs/lib'
[1.156s] Level 1:colcon.colcon_core.shell:create_environment_hook('cloud_msgs', 'ld_library_path_lib')
[1.158s] INFO:colcon.colcon_core.shell:Creating environment hook '/home/evan/code/ndt-loc/install/cloud_msgs/share/cloud_msgs/hook/ld_library_path_lib.ps1'
[1.158s] INFO:colcon.colcon_core.shell:Creating environment descriptor '/home/evan/code/ndt-loc/install/cloud_msgs/share/cloud_msgs/hook/ld_library_path_lib.dsv'
[1.159s] INFO:colcon.colcon_core.shell:Creating environment hook '/home/evan/code/ndt-loc/install/cloud_msgs/share/cloud_msgs/hook/ld_library_path_lib.sh'
[1.159s] Level 1:colcon.colcon_core.environment:checking '/home/evan/code/ndt-loc/install/cloud_msgs/bin'
[1.159s] Level 1:colcon.colcon_core.environment:checking '/home/evan/code/ndt-loc/install/cloud_msgs/lib/pkgconfig/cloud_msgs.pc'
[1.159s] Level 1:colcon.colcon_core.environment:checking '/home/evan/code/ndt-loc/install/cloud_msgs/lib/python3.10/site-packages'
[1.160s] Level 1:colcon.colcon_core.environment:checking '/home/evan/code/ndt-loc/install/cloud_msgs/bin'
[1.161s] INFO:colcon.colcon_core.shell:Creating package script '/home/evan/code/ndt-loc/install/cloud_msgs/share/cloud_msgs/package.ps1'
[1.162s] INFO:colcon.colcon_core.shell:Creating package descriptor '/home/evan/code/ndt-loc/install/cloud_msgs/share/cloud_msgs/package.dsv'
[1.162s] INFO:colcon.colcon_core.shell:Creating package script '/home/evan/code/ndt-loc/install/cloud_msgs/share/cloud_msgs/package.sh'
[1.163s] INFO:colcon.colcon_core.shell:Creating package script '/home/evan/code/ndt-loc/install/cloud_msgs/share/cloud_msgs/package.bash'
[1.163s] INFO:colcon.colcon_core.shell:Creating package script '/home/evan/code/ndt-loc/install/cloud_msgs/share/cloud_msgs/package.zsh'
[1.163s] Level 1:colcon.colcon_core.environment:create_file_with_runtime_dependencies(/home/evan/code/ndt-loc/install/cloud_msgs/share/colcon-core/packages/cloud_msgs)
[2.911s] DEBUG:colcon.colcon_core.event_handler.log_command:Invoked command in '/home/evan/code/ndt-loc/build/map' returned '2': CMAKE_PREFIX_PATH=${CMAKE_PREFIX_PATH}:/opt/ros/humble /usr/bin/cmake --build /home/evan/code/ndt-loc/build/map -- -j4 -l4
[2.941s] Level 1:colcon.colcon_core.environment:create_environment_scripts_only(map)
[2.942s] Level 1:colcon.colcon_core.environment:checking '/home/evan/code/ndt-loc/install/map' for CMake module files
[2.943s] Level 1:colcon.colcon_core.environment:checking '/home/evan/code/ndt-loc/install/map' for CMake config files
[2.943s] Level 1:colcon.colcon_core.shell:create_environment_hook('map', 'cmake_prefix_path')
[2.945s] INFO:colcon.colcon_core.shell:Creating environment hook '/home/evan/code/ndt-loc/install/map/share/map/hook/cmake_prefix_path.ps1'
[2.945s] INFO:colcon.colcon_core.shell:Creating environment descriptor '/home/evan/code/ndt-loc/install/map/share/map/hook/cmake_prefix_path.dsv'
[2.946s] INFO:colcon.colcon_core.shell:Creating environment hook '/home/evan/code/ndt-loc/install/map/share/map/hook/cmake_prefix_path.sh'
[2.946s] Level 1:colcon.colcon_core.environment:checking '/home/evan/code/ndt-loc/install/map/bin'
[2.946s] Level 1:colcon.colcon_core.environment:checking '/home/evan/code/ndt-loc/install/map/lib/pkgconfig/map.pc'
[2.946s] Level 1:colcon.colcon_core.environment:checking '/home/evan/code/ndt-loc/install/map/lib/python3.10/site-packages'
[2.947s] Level 1:colcon.colcon_core.environment:checking '/home/evan/code/ndt-loc/install/map/bin'
[2.948s] INFO:colcon.colcon_core.shell:Creating package script '/home/evan/code/ndt-loc/install/map/share/map/package.ps1'
[2.949s] INFO:colcon.colcon_core.shell:Creating package descriptor '/home/evan/code/ndt-loc/install/map/share/map/package.dsv'
[2.949s] INFO:colcon.colcon_core.shell:Creating package script '/home/evan/code/ndt-loc/install/map/share/map/package.sh'
[2.950s] INFO:colcon.colcon_core.shell:Creating package script '/home/evan/code/ndt-loc/install/map/share/map/package.bash'
[2.950s] INFO:colcon.colcon_core.shell:Creating package script '/home/evan/code/ndt-loc/install/map/share/map/package.zsh'
[2.951s] Level 1:colcon.colcon_core.environment:create_file_with_runtime_dependencies(/home/evan/code/ndt-loc/install/map/share/colcon-core/packages/map)
[2.961s] DEBUG:colcon.colcon_parallel_executor.executor.parallel:closing loop
[2.962s] DEBUG:colcon.colcon_parallel_executor.executor.parallel:loop closed
[2.962s] DEBUG:colcon.colcon_parallel_executor.executor.parallel:run_until_complete finished with '2'
[2.962s] DEBUG:colcon.colcon_core.event_reactor:joining thread
[2.968s] INFO:colcon.colcon_core.plugin_system:Skipping extension 'colcon_notification.desktop_notification.terminal_notifier': Not used on non-Darwin systems
[2.968s] INFO:colcon.colcon_core.plugin_system:Skipping extension 'colcon_notification.desktop_notification.win32': Not used on non-Windows systems
[2.968s] INFO:colcon.colcon_notification.desktop_notification:Sending desktop notification using 'notify2'
[2.979s] DEBUG:colcon.colcon_core.event_reactor:joined thread
[2.980s] INFO:colcon.colcon_core.shell:Creating prefix script '/home/evan/code/ndt-loc/install/local_setup.ps1'
[2.982s] INFO:colcon.colcon_core.shell:Creating prefix util module '/home/evan/code/ndt-loc/install/_local_setup_util_ps1.py'
[2.984s] INFO:colcon.colcon_core.shell:Creating prefix chain script '/home/evan/code/ndt-loc/install/setup.ps1'
[2.986s] INFO:colcon.colcon_core.shell:Creating prefix script '/home/evan/code/ndt-loc/install/local_setup.sh'
[2.986s] INFO:colcon.colcon_core.shell:Creating prefix util module '/home/evan/code/ndt-loc/install/_local_setup_util_sh.py'
[2.987s] INFO:colcon.colcon_core.shell:Creating prefix chain script '/home/evan/code/ndt-loc/install/setup.sh'
[2.988s] INFO:colcon.colcon_core.shell:Creating prefix script '/home/evan/code/ndt-loc/install/local_setup.bash'
[2.989s] INFO:colcon.colcon_core.shell:Creating prefix chain script '/home/evan/code/ndt-loc/install/setup.bash'
[2.990s] INFO:colcon.colcon_core.shell:Creating prefix script '/home/evan/code/ndt-loc/install/local_setup.zsh'
[2.991s] INFO:colcon.colcon_core.shell:Creating prefix chain script '/home/evan/code/ndt-loc/install/setup.zsh'
