[0.025s] Invoking command in '/home/evan/code/ndt-loc/build/a-loam': CMAKE_PREFIX_PATH=${CMAKE_PREFIX_PATH}:/opt/ros/humble /usr/bin/cmake --build /home/evan/code/ndt-loc/build/a-loam -- -j4 -l4
[0.094s] [35m[1mConsolidate compiler generated dependencies of target scan_registration_node[0m
[0.139s] [ 33%] [32mBuilding CXX object CMakeFiles/scan_registration_node.dir/src/ScanRegistrationNode.cpp.o[0m
[6.410s] In file included from [01m[K/opt/ros/humble/include/rclcpp/rclcpp/logging.hpp:24[m[K,
[6.410s]                  from [01m[K/opt/ros/humble/include/rclcpp/rclcpp/client.hpp:40[m[K,
[6.410s]                  from [01m[K/opt/ros/humble/include/rclcpp/rclcpp/callback_group.hpp:24[m[K,
[6.410s]                  from [01m[K/opt/ros/humble/include/rclcpp/rclcpp/any_executable.hpp:20[m[K,
[6.410s]                  from [01m[K/opt/ros/humble/include/rclcpp/rclcpp/memory_strategy.hpp:25[m[K,
[6.410s]                  from [01m[K/opt/ros/humble/include/rclcpp/rclcpp/memory_strategies.hpp:18[m[K,
[6.410s]                  from [01m[K/opt/ros/humble/include/rclcpp/rclcpp/executor_options.hpp:20[m[K,
[6.410s]                  from [01m[K/opt/ros/humble/include/rclcpp/rclcpp/executor.hpp:37[m[K,
[6.410s]                  from [01m[K/opt/ros/humble/include/rclcpp/rclcpp/executors/multi_threaded_executor.hpp:25[m[K,
[6.411s]                  from [01m[K/opt/ros/humble/include/rclcpp/rclcpp/executors.hpp:21[m[K,
[6.411s]                  from [01m[K/opt/ros/humble/include/rclcpp/rclcpp/rclcpp.hpp:155[m[K,
[6.411s]                  from [01m[K/home/evan/code/ndt-loc/src/a-loam/include/a-loam/common.h:4[m[K,
[6.411s]                  from [01m[K/home/evan/code/ndt-loc/src/a-loam/include/a-loam/ScanRegistration.hpp:13[m[K,
[6.411s]                  from [01m[K/home/evan/code/ndt-loc/src/a-loam/src/ScanRegistrationNode.cpp:1[m[K:
[6.411s] [01m[K/home/evan/code/ndt-loc/src/a-loam/src/ScanRegistrationNode.cpp:[m[K In member function ‘[01m[Kvoid ALOAM::ScanRegistrationNode<PointT>::publish(ALOAM::ScanRegistration<PointT>&)[m[K’:
[6.411s] [01m[K/home/evan/code/ndt-loc/src/a-loam/src/ScanRegistrationNode.cpp:46:67:[m[K [01;31m[Kerror: [m[Kcannot convert ‘[01m[Kstd_msgs::msg::Header_<std::allocator<void> >::_frame_id_type[m[K’ {aka ‘[01m[Kstd::__cxx11::basic_string<char>[m[K’} to ‘[01m[Kconst char*[m[K’
[6.411s]    46 |         RCLCPP_INFO(this -> get_logger(), [01;31m[KlaserCloudOutMsg.header.frame_id[m[K);
[6.411s]       |                                           [01;31m[K~~~~~~~~~~~~~~~~~~~~~~~~^~~~~~~~[m[K
[6.411s]       |                                                                   [01;31m[K|[m[K
[6.411s]       |                                                                   [01;31m[Kstd_msgs::msg::Header_<std::allocator<void> >::_frame_id_type {aka std::__cxx11::basic_string<char>}[m[K
[6.411s] In file included from [01m[K/opt/ros/humble/include/rmw/rmw/types.h:28[m[K,
[6.411s]                  from [01m[K/opt/ros/humble/include/rcl/rcl/types.h:20[m[K,
[6.412s]                  from [01m[K/opt/ros/humble/include/rcl/rcl/log_level.h:22[m[K,
[6.412s]                  from [01m[K/opt/ros/humble/include/rcl/rcl/arguments.h:21[m[K,
[6.412s]                  from [01m[K/opt/ros/humble/include/rcl/rcl/context.h:28[m[K,
[6.412s]                  from [01m[K/opt/ros/humble/include/rcl/rcl/guard_condition.h:26[m[K,
[6.412s]                  from [01m[K/opt/ros/humble/include/rclcpp/rclcpp/executor.hpp:30[m[K,
[6.412s]                  from [01m[K/opt/ros/humble/include/rclcpp/rclcpp/executors/multi_threaded_executor.hpp:25[m[K,
[6.412s]                  from [01m[K/opt/ros/humble/include/rclcpp/rclcpp/executors.hpp:21[m[K,
[6.412s]                  from [01m[K/opt/ros/humble/include/rclcpp/rclcpp/rclcpp.hpp:155[m[K,
[6.412s]                  from [01m[K/home/evan/code/ndt-loc/src/a-loam/include/a-loam/common.h:4[m[K,
[6.412s]                  from [01m[K/home/evan/code/ndt-loc/src/a-loam/include/a-loam/ScanRegistration.hpp:13[m[K,
[6.412s]                  from [01m[K/home/evan/code/ndt-loc/src/a-loam/src/ScanRegistrationNode.cpp:1[m[K:
[6.412s] [01m[K/opt/ros/humble/include/rcutils/rcutils/logging.h:479:16:[m[K [01;36m[Knote: [m[K  initializing argument 4 of ‘[01m[Kvoid rcutils_log(const rcutils_log_location_t*, int, const char*, const char*, ...)[m[K’
[6.412s]   479 |   [01;36m[Kconst char * format[m[K,
[6.412s]       |   [01;36m[K~~~~~~~~~~~~~^~~~~~[m[K
[9.800s] gmake[2]: *** [CMakeFiles/scan_registration_node.dir/build.make:76: CMakeFiles/scan_registration_node.dir/src/ScanRegistrationNode.cpp.o] Error 1
[9.800s] gmake[1]: *** [CMakeFiles/Makefile2:137: CMakeFiles/scan_registration_node.dir/all] Error 2
[9.800s] gmake: *** [Makefile:146: all] Error 2
[9.804s] Invoked command in '/home/evan/code/ndt-loc/build/a-loam' returned '2': CMAKE_PREFIX_PATH=${CMAKE_PREFIX_PATH}:/opt/ros/humble /usr/bin/cmake --build /home/evan/code/ndt-loc/build/a-loam -- -j4 -l4
