[0.018s] Invoking command in '/home/evan/code/ndt-loc/build/map': CMAKE_PREFIX_PATH=${CMAKE_PREFIX_PATH}:/opt/ros/humble /usr/bin/cmake --build /home/evan/code/ndt-loc/build/map -- -j4 -l4
[0.048s] -- Found ament_cmake: 1.3.3 (/opt/ros/humble/share/ament_cmake/cmake)
[0.199s] -- Found rclcpp: 16.0.3 (/opt/ros/humble/share/rclcpp/cmake)
[0.234s] -- Found rosidl_generator_c: 3.1.4 (/opt/ros/humble/share/rosidl_generator_c/cmake)
[0.237s] -- Found rosidl_adapter: 3.1.4 (/opt/ros/humble/share/rosidl_adapter/cmake)
[0.244s] -- Found rosidl_generator_cpp: 3.1.4 (/opt/ros/humble/share/rosidl_generator_cpp/cmake)
[0.257s] -- Using all available rosidl_typesupport_c: rosidl_typesupport_fastrtps_c;rosidl_typesupport_introspection_c
[0.276s] -- Using all available rosidl_typesupport_cpp: rosidl_typesupport_fastrtps_cpp;rosidl_typesupport_introspection_cpp
[0.345s] -- Found rmw_implementation_cmake: 6.1.1 (/opt/ros/humble/share/rmw_implementation_cmake/cmake)
[0.347s] -- Found rmw_fastrtps_cpp: 6.2.2 (/opt/ros/humble/share/rmw_fastrtps_cpp/cmake)
[0.487s] -- Using RMW implementation 'rmw_fastrtps_cpp' as default
[0.684s] -- Found sensor_msgs: 4.2.3 (/opt/ros/humble/share/sensor_msgs/cmake)
[0.848s] -- Eigen found (include: /usr/include/eigen3, version: 3.4.0)
[0.879s] -- FLANN found (include: /usr/include, lib: /usr/lib/x86_64-linux-gnu/libflann_cpp.so)
[1.193s] -- OpenNI found (version: 1.5.4.0, include: /usr/include/ni, lib: /usr/lib/libOpenNI.so;libusb::libusb)
[1.200s] -- OpenNI2 found (version: 2.2.0.33, include: /usr/include/openni2, lib: /usr/lib/x86_64-linux-gnu/libOpenNI2.so;libusb::libusb)
[1.200s] [0m** WARNING ** io features related to pcap will be disabled[0m
[1.366s] -- Eigen found (include: /usr/include/eigen3, version: 3.4.0)
[1.372s] -- OpenNI found (version: 1.5.4.0, include: /usr/include/ni, lib: /usr/lib/libOpenNI.so;libusb::libusb)
[1.379s] -- OpenNI2 found (version: 2.2.0.33, include: /usr/include/openni2, lib: /usr/lib/x86_64-linux-gnu/libOpenNI2.so;libusb::libusb)
[1.544s] -- Found Qhull version 8.0.2
[1.705s] -- OpenNI found (version: 1.5.4.0, include: /usr/include/ni, lib: /usr/lib/libOpenNI.so;libusb::libusb)
[1.861s] -- looking for PCL_COMMON
[1.861s] -- looking for PCL_KDTREE
[1.862s] -- looking for PCL_OCTREE
[1.862s] -- looking for PCL_SEARCH
[1.863s] -- looking for PCL_SAMPLE_CONSENSUS
[1.863s] -- looking for PCL_FILTERS
[1.864s] -- looking for PCL_2D
[1.864s] -- looking for PCL_GEOMETRY
[1.864s] -- looking for PCL_IO
[1.865s] -- looking for PCL_FEATURES
[1.865s] -- looking for PCL_ML
[1.866s] -- looking for PCL_SEGMENTATION
[1.867s] -- looking for PCL_VISUALIZATION
[1.867s] -- looking for PCL_SURFACE
[1.868s] -- looking for PCL_REGISTRATION
[1.868s] -- looking for PCL_KEYPOINTS
[1.869s] -- looking for PCL_TRACKING
[1.869s] -- looking for PCL_RECOGNITION
[1.870s] -- looking for PCL_STEREO
[1.871s] -- looking for PCL_APPS
[1.871s] -- looking for PCL_IN_HAND_SCANNER
[1.872s] -- looking for PCL_MODELER
[1.873s] -- looking for PCL_POINT_CLOUD_EDITOR
[1.873s] -- looking for PCL_OUTOFCORE
[1.873s] -- looking for PCL_PEOPLE
[1.876s] -- Found pcl_conversions: 2.4.0 (/opt/ros/humble/share/pcl_conversions/cmake)
[2.579s] -- Configuring done
[2.771s] -- Generating done
[2.775s] -- Build files have been written to: /home/evan/code/ndt-loc/build/map
[2.811s] [35m[1mConsolidate compiler generated dependencies of target lidar_data_node[0m
[2.811s] [35m[1mConsolidate compiler generated dependencies of target front_end_node[0m
[2.813s] [35m[1mConsolidate compiler generated dependencies of target image_projection_node[0m
[2.840s] [  8%] [32mBuilding CXX object CMakeFiles/mapping_image.dir/src/ImageProjection.cpp.o[0m
[2.863s] [ 25%] Built target front_end_node
[2.871s] [ 41%] Built target image_projection_node
[2.879s] [ 58%] Built target lidar_data_node
[2.881s] [35m[1mConsolidate compiler generated dependencies of target show_map_node[0m
[2.928s] [ 75%] Built target show_map_node
[3.075s] In file included from [01m[K/home/evan/code/ndt-loc/src/map/include/map/ImageProjection.h:4[m[K,
[3.075s]                  from [01m[K/home/evan/code/ndt-loc/src/map/src/ImageProjection.cpp:2[m[K:
[3.075s] [01m[K/home/evan/code/ndt-loc/src/map/include/map/utilty.h:4:10:[m[K [01;31m[Kfatal error: [m[Krclcpp/rclcpp.hpp: No such file or directory
[3.075s]     4 | #include [01;31m[K"rclcpp/rclcpp.hpp"[m[K
[3.075s]       |          [01;31m[K^~~~~~~~~~~~~~~~~~~[m[K
[3.076s] compilation terminated.
[3.079s] gmake[2]: *** [CMakeFiles/mapping_image.dir/build.make:76: CMakeFiles/mapping_image.dir/src/ImageProjection.cpp.o] Error 1
[3.079s] gmake[1]: *** [CMakeFiles/Makefile2:147: CMakeFiles/mapping_image.dir/all] Error 2
[3.080s] gmake: *** [Makefile:146: all] Error 2
[3.082s] Invoked command in '/home/evan/code/ndt-loc/build/map' returned '2': CMAKE_PREFIX_PATH=${CMAKE_PREFIX_PATH}:/opt/ros/humble /usr/bin/cmake --build /home/evan/code/ndt-loc/build/map -- -j4 -l4
