[0.020s] Invoking command in '/home/evan/code/ndt-loc/build/map': CMAKE_PREFIX_PATH=${CMAKE_PREFIX_PATH}:/opt/ros/humble /usr/bin/cmake --build /home/evan/code/ndt-loc/build/map -- -j4 -l4
[0.050s] -- Found ament_cmake: 1.3.3 (/opt/ros/humble/share/ament_cmake/cmake)
[0.204s] -- Found rclcpp: 16.0.3 (/opt/ros/humble/share/rclcpp/cmake)
[0.240s] -- Found rosidl_generator_c: 3.1.4 (/opt/ros/humble/share/rosidl_generator_c/cmake)
[0.243s] -- Found rosidl_adapter: 3.1.4 (/opt/ros/humble/share/rosidl_adapter/cmake)
[0.250s] -- Found rosidl_generator_cpp: 3.1.4 (/opt/ros/humble/share/rosidl_generator_cpp/cmake)
[0.263s] -- Using all available rosidl_typesupport_c: rosidl_typesupport_fastrtps_c;rosidl_typesupport_introspection_c
[0.281s] -- Using all available rosidl_typesupport_cpp: rosidl_typesupport_fastrtps_cpp;rosidl_typesupport_introspection_cpp
[0.354s] -- Found rmw_implementation_cmake: 6.1.1 (/opt/ros/humble/share/rmw_implementation_cmake/cmake)
[0.356s] -- Found rmw_fastrtps_cpp: 6.2.2 (/opt/ros/humble/share/rmw_fastrtps_cpp/cmake)
[0.497s] -- Using RMW implementation 'rmw_fastrtps_cpp' as default
[0.690s] -- Found sensor_msgs: 4.2.3 (/opt/ros/humble/share/sensor_msgs/cmake)
[0.857s] -- Eigen found (include: /usr/include/eigen3, version: 3.4.0)
[0.890s] -- FLANN found (include: /usr/include, lib: /usr/lib/x86_64-linux-gnu/libflann_cpp.so)
[1.210s] -- OpenNI found (version: 1.5.4.0, include: /usr/include/ni, lib: /usr/lib/libOpenNI.so;libusb::libusb)
[1.218s] -- OpenNI2 found (version: 2.2.0.33, include: /usr/include/openni2, lib: /usr/lib/x86_64-linux-gnu/libOpenNI2.so;libusb::libusb)
[1.218s] [0m** WARNING ** io features related to pcap will be disabled[0m
[1.384s] -- Eigen found (include: /usr/include/eigen3, version: 3.4.0)
[1.391s] -- OpenNI found (version: 1.5.4.0, include: /usr/include/ni, lib: /usr/lib/libOpenNI.so;libusb::libusb)
[1.397s] -- OpenNI2 found (version: 2.2.0.33, include: /usr/include/openni2, lib: /usr/lib/x86_64-linux-gnu/libOpenNI2.so;libusb::libusb)
[1.565s] -- Found Qhull version 8.0.2
[1.728s] -- OpenNI found (version: 1.5.4.0, include: /usr/include/ni, lib: /usr/lib/libOpenNI.so;libusb::libusb)
[1.891s] -- looking for PCL_COMMON
[1.892s] -- looking for PCL_KDTREE
[1.892s] -- looking for PCL_OCTREE
[1.893s] -- looking for PCL_SEARCH
[1.893s] -- looking for PCL_SAMPLE_CONSENSUS
[1.894s] -- looking for PCL_FILTERS
[1.894s] -- looking for PCL_2D
[1.895s] -- looking for PCL_GEOMETRY
[1.895s] -- looking for PCL_IO
[1.895s] -- looking for PCL_FEATURES
[1.896s] -- looking for PCL_ML
[1.896s] -- looking for PCL_SEGMENTATION
[1.897s] -- looking for PCL_VISUALIZATION
[1.898s] -- looking for PCL_SURFACE
[1.898s] -- looking for PCL_REGISTRATION
[1.899s] -- looking for PCL_KEYPOINTS
[1.899s] -- looking for PCL_TRACKING
[1.900s] -- looking for PCL_RECOGNITION
[1.900s] -- looking for PCL_STEREO
[1.901s] -- looking for PCL_APPS
[1.902s] -- looking for PCL_IN_HAND_SCANNER
[1.902s] -- looking for PCL_MODELER
[1.903s] -- looking for PCL_POINT_CLOUD_EDITOR
[1.903s] -- looking for PCL_OUTOFCORE
[1.904s] -- looking for PCL_PEOPLE
[1.906s] -- Found pcl_conversions: 2.4.0 (/opt/ros/humble/share/pcl_conversions/cmake)
[2.069s] [31mCMake Error at /opt/ros/humble/share/ament_cmake_target_dependencies/cmake/ament_target_dependencies.cmake:77 (message):
[2.069s]   ament_target_dependencies() the passed package name 'pcl_common' was not
[2.069s]   found before
[2.069s] Call Stack (most recent call first):
[2.069s]   CMakeLists.txt:33 (ament_target_dependencies)
[2.069s] 
[2.069s] [0m
[2.069s] -- Configuring incomplete, errors occurred!
[2.069s] See also "/home/evan/code/ndt-loc/build/map/CMakeFiles/CMakeOutput.log".
[2.082s] gmake: *** [Makefile:448: cmake_check_build_system] Error 1
[2.085s] Invoked command in '/home/evan/code/ndt-loc/build/map' returned '2': CMAKE_PREFIX_PATH=${CMAKE_PREFIX_PATH}:/opt/ros/humble /usr/bin/cmake --build /home/evan/code/ndt-loc/build/map -- -j4 -l4
