[0.923s] Invoking command in '/home/evan/code/ndt-loc/build/map': CMAKE_PREFIX_PATH=${CMAKE_PREFIX_PATH}:/opt/ros/humble /usr/bin/cmake --build /home/evan/code/ndt-loc/build/map -- -j4 -l4
[0.995s] [35m[1mConsolidate compiler generated dependencies of target lidar_data_node[0m
[1.002s] [35m[1mConsolidate compiler generated dependencies of target front_end_node[0m
[1.022s] [35m[1mConsolidate compiler generated dependencies of target show_map_node[0m
[1.024s] [35m[1mConsolidate compiler generated dependencies of target image_projection_node[0m
[1.165s] [ 12%] [32mBuilding CXX object CMakeFiles/show_map_node.dir/src/ShowMap.cpp.o[0m
[1.165s] [ 25%] [32mBuilding CXX object CMakeFiles/image_projection_node.dir/src/ImageProjection.cpp.o[0m
[1.176s] [ 37%] [32mBuilding CXX object CMakeFiles/front_end_node.dir/src/FrontEnd.cpp.o[0m
[1.178s] [ 50%] [32mBuilding CXX object CMakeFiles/lidar_data_node.dir/src/LidarData.cpp.o[0m
[28.817s] [ 62%] [32m[1mLinking CXX executable show_map_node[0m
[29.551s] [ 75%] [32m[1mLinking CXX executable image_projection_node[0m
[30.710s] [ 87%] [32m[1mLinking CXX executable lidar_data_node[0m
[31.431s] [ 87%] Built target show_map_node
[31.868s] [ 87%] Built target image_projection_node
[33.473s] [ 87%] Built target lidar_data_node
[41.075s] [100%] [32m[1mLinking CXX executable front_end_node[0m
[43.484s] [100%] Built target front_end_node
[43.571s] Invoked command in '/home/evan/code/ndt-loc/build/map' returned '0': CMAKE_PREFIX_PATH=${CMAKE_PREFIX_PATH}:/opt/ros/humble /usr/bin/cmake --build /home/evan/code/ndt-loc/build/map -- -j4 -l4
[43.634s] Invoking command in '/home/evan/code/ndt-loc/build/map': CMAKE_PREFIX_PATH=${CMAKE_PREFIX_PATH}:/opt/ros/humble /usr/bin/cmake --install /home/evan/code/ndt-loc/build/map
[43.644s] -- Install configuration: ""
[43.645s] -- Installing: /home/evan/code/ndt-loc/install/map/lib/map/lidar_data_node
[43.652s] -- Set runtime path of "/home/evan/code/ndt-loc/install/map/lib/map/lidar_data_node" to ""
[43.653s] -- Installing: /home/evan/code/ndt-loc/install/map/lib/map/image_projection_node
[43.659s] -- Set runtime path of "/home/evan/code/ndt-loc/install/map/lib/map/image_projection_node" to ""
[43.660s] -- Installing: /home/evan/code/ndt-loc/install/map/lib/map/front_end_node
[43.672s] -- Set runtime path of "/home/evan/code/ndt-loc/install/map/lib/map/front_end_node" to ""
[43.672s] -- Installing: /home/evan/code/ndt-loc/install/map/lib/map/show_map_node
[43.678s] -- Set runtime path of "/home/evan/code/ndt-loc/install/map/lib/map/show_map_node" to ""
[43.678s] -- Up-to-date: /home/evan/code/ndt-loc/install/map/share/ament_index/resource_index/package_run_dependencies/map
[43.678s] -- Up-to-date: /home/evan/code/ndt-loc/install/map/share/ament_index/resource_index/parent_prefix_path/map
[43.678s] -- Up-to-date: /home/evan/code/ndt-loc/install/map/share/map/environment/ament_prefix_path.sh
[43.678s] -- Up-to-date: /home/evan/code/ndt-loc/install/map/share/map/environment/ament_prefix_path.dsv
[43.679s] -- Up-to-date: /home/evan/code/ndt-loc/install/map/share/map/environment/path.sh
[43.679s] -- Up-to-date: /home/evan/code/ndt-loc/install/map/share/map/environment/path.dsv
[43.679s] -- Up-to-date: /home/evan/code/ndt-loc/install/map/share/map/local_setup.bash
[43.679s] -- Up-to-date: /home/evan/code/ndt-loc/install/map/share/map/local_setup.sh
[43.679s] -- Up-to-date: /home/evan/code/ndt-loc/install/map/share/map/local_setup.zsh
[43.679s] -- Up-to-date: /home/evan/code/ndt-loc/install/map/share/map/local_setup.dsv
[43.679s] -- Installing: /home/evan/code/ndt-loc/install/map/share/map/package.dsv
[43.679s] -- Up-to-date: /home/evan/code/ndt-loc/install/map/share/ament_index/resource_index/packages/map
[43.679s] -- Up-to-date: /home/evan/code/ndt-loc/install/map/share/map/cmake/ament_cmake_export_include_directories-extras.cmake
[43.679s] -- Up-to-date: /home/evan/code/ndt-loc/install/map/share/map/cmake/mapConfig.cmake
[43.679s] -- Up-to-date: /home/evan/code/ndt-loc/install/map/share/map/cmake/mapConfig-version.cmake
[43.679s] -- Up-to-date: /home/evan/code/ndt-loc/install/map/share/map/package.xml
[43.707s] Invoked command in '/home/evan/code/ndt-loc/build/map' returned '0': CMAKE_PREFIX_PATH=${CMAKE_PREFIX_PATH}:/opt/ros/humble /usr/bin/cmake --install /home/evan/code/ndt-loc/build/map
