[0.019s] Invoking command in '/home/evan/code/ndt-loc/build/data-publisher': CMAKE_PREFIX_PATH=${CMAKE_PREFIX_PATH}:/opt/ros/humble /usr/bin/cmake --build /home/evan/code/ndt-loc/build/data-publisher -- -j4 -l4
[0.048s] -- Found ament_cmake: 1.3.3 (/opt/ros/humble/share/ament_cmake/cmake)
[0.210s] -- Found rclcpp: 16.0.3 (/opt/ros/humble/share/rclcpp/cmake)
[0.245s] -- Found rosidl_generator_c: 3.1.4 (/opt/ros/humble/share/rosidl_generator_c/cmake)
[0.248s] -- Found rosidl_adapter: 3.1.4 (/opt/ros/humble/share/rosidl_adapter/cmake)
[0.254s] -- Found rosidl_generator_cpp: 3.1.4 (/opt/ros/humble/share/rosidl_generator_cpp/cmake)
[0.268s] -- Using all available rosidl_typesupport_c: rosidl_typesupport_fastrtps_c;rosidl_typesupport_introspection_c
[0.287s] -- Using all available rosidl_typesupport_cpp: rosidl_typesupport_fastrtps_cpp;rosidl_typesupport_introspection_cpp
[0.358s] -- Found rmw_implementation_cmake: 6.1.1 (/opt/ros/humble/share/rmw_implementation_cmake/cmake)
[0.360s] -- Found rmw_fastrtps_cpp: 6.2.2 (/opt/ros/humble/share/rmw_fastrtps_cpp/cmake)
[0.504s] -- Using RMW implementation 'rmw_fastrtps_cpp' as default
[0.701s] -- Found sensor_msgs: 4.2.3 (/opt/ros/humble/share/sensor_msgs/cmake)
[0.857s] -- Found cv_bridge: 3.2.1 (/opt/ros/humble/share/cv_bridge/cmake)
[0.886s] -- Eigen found (include: /usr/include/eigen3, version: 3.4.0)
[0.921s] -- FLANN found (include: /usr/include, lib: /usr/lib/x86_64-linux-gnu/libflann_cpp.so)
[1.263s] -- OpenNI found (version: 1.5.4.0, include: /usr/include/ni, lib: /usr/lib/libOpenNI.so;libusb::libusb)
[1.268s] -- OpenNI2 found (version: 2.2.0.33, include: /usr/include/openni2, lib: /usr/lib/x86_64-linux-gnu/libOpenNI2.so;libusb::libusb)
[1.268s] [0m** WARNING ** io features related to pcap will be disabled[0m
[1.450s] -- Eigen found (include: /usr/include/eigen3, version: 3.4.0)
[1.457s] -- OpenNI found (version: 1.5.4.0, include: /usr/include/ni, lib: /usr/lib/libOpenNI.so;libusb::libusb)
[1.466s] -- OpenNI2 found (version: 2.2.0.33, include: /usr/include/openni2, lib: /usr/lib/x86_64-linux-gnu/libOpenNI2.so;libusb::libusb)
[1.630s] -- Found Qhull version 8.0.2
[1.797s] -- OpenNI found (version: 1.5.4.0, include: /usr/include/ni, lib: /usr/lib/libOpenNI.so;libusb::libusb)
[1.959s] -- looking for PCL_COMMON
[1.960s] -- looking for PCL_KDTREE
[1.960s] -- looking for PCL_OCTREE
[1.960s] -- looking for PCL_SEARCH
[1.961s] -- looking for PCL_SAMPLE_CONSENSUS
[1.961s] -- looking for PCL_FILTERS
[1.962s] -- looking for PCL_2D
[1.963s] -- looking for PCL_GEOMETRY
[1.963s] -- looking for PCL_IO
[1.963s] -- looking for PCL_FEATURES
[1.964s] -- looking for PCL_ML
[1.964s] -- looking for PCL_SEGMENTATION
[1.965s] -- looking for PCL_VISUALIZATION
[1.966s] -- looking for PCL_SURFACE
[1.966s] -- looking for PCL_REGISTRATION
[1.967s] -- looking for PCL_KEYPOINTS
[1.967s] -- looking for PCL_TRACKING
[1.968s] -- looking for PCL_RECOGNITION
[1.968s] -- looking for PCL_STEREO
[1.969s] -- looking for PCL_APPS
[1.970s] -- looking for PCL_IN_HAND_SCANNER
[1.971s] -- looking for PCL_MODELER
[1.971s] -- looking for PCL_POINT_CLOUD_EDITOR
[1.971s] -- looking for PCL_OUTOFCORE
[1.972s] -- looking for PCL_PEOPLE
[1.973s] -- Found pcl_conversions: 2.4.0 (/opt/ros/humble/share/pcl_conversions/cmake)
[2.394s] -- Configuring done
[2.460s] -- Generating done
[2.463s] -- Build files have been written to: /home/evan/code/ndt-loc/build/data-publisher
[2.498s] [35m[1mConsolidate compiler generated dependencies of target lidar_data_node[0m
[2.510s] [ 25%] [32mBuilding CXX object CMakeFiles/radar_data_node.dir/src/RadarData.cpp.o[0m
[2.534s] [ 50%] [32mBuilding CXX object CMakeFiles/lidar_data_node.dir/src/LidarData.cpp.o[0m
[9.577s] [ 75%] [32m[1mLinking CXX executable radar_data_node[0m
[11.406s] [100%] [32m[1mLinking CXX executable lidar_data_node[0m
[12.104s] [100%] Built target lidar_data_node
[13.514s] [100%] Built target radar_data_node
[13.527s] Invoked command in '/home/evan/code/ndt-loc/build/data-publisher' returned '0': CMAKE_PREFIX_PATH=${CMAKE_PREFIX_PATH}:/opt/ros/humble /usr/bin/cmake --build /home/evan/code/ndt-loc/build/data-publisher -- -j4 -l4
[13.571s] Invoking command in '/home/evan/code/ndt-loc/build/data-publisher': CMAKE_PREFIX_PATH=${CMAKE_PREFIX_PATH}:/opt/ros/humble /usr/bin/cmake --install /home/evan/code/ndt-loc/build/data-publisher
[13.580s] -- Install configuration: ""
[13.580s] -- Installing: /home/evan/code/ndt-loc/install/data-publisher/lib/data-publisher/lidar_data_node
[13.582s] -- Set runtime path of "/home/evan/code/ndt-loc/install/data-publisher/lib/data-publisher/lidar_data_node" to ""
[13.582s] -- Installing: /home/evan/code/ndt-loc/install/data-publisher/share/ament_index/resource_index/package_run_dependencies/data-publisher
[13.583s] -- Installing: /home/evan/code/ndt-loc/install/data-publisher/share/ament_index/resource_index/parent_prefix_path/data-publisher
[13.583s] -- Up-to-date: /home/evan/code/ndt-loc/install/data-publisher/share/data-publisher/environment/ament_prefix_path.sh
[13.583s] -- Installing: /home/evan/code/ndt-loc/install/data-publisher/share/data-publisher/environment/ament_prefix_path.dsv
[13.583s] -- Up-to-date: /home/evan/code/ndt-loc/install/data-publisher/share/data-publisher/environment/path.sh
[13.583s] -- Installing: /home/evan/code/ndt-loc/install/data-publisher/share/data-publisher/environment/path.dsv
[13.583s] -- Up-to-date: /home/evan/code/ndt-loc/install/data-publisher/share/data-publisher/local_setup.bash
[13.583s] -- Up-to-date: /home/evan/code/ndt-loc/install/data-publisher/share/data-publisher/local_setup.sh
[13.583s] -- Up-to-date: /home/evan/code/ndt-loc/install/data-publisher/share/data-publisher/local_setup.zsh
[13.583s] -- Installing: /home/evan/code/ndt-loc/install/data-publisher/share/data-publisher/local_setup.dsv
[13.584s] -- Installing: /home/evan/code/ndt-loc/install/data-publisher/share/data-publisher/package.dsv
[13.584s] -- Up-to-date: /home/evan/code/ndt-loc/install/data-publisher/share/ament_index/resource_index/packages/data-publisher
[13.584s] -- Up-to-date: /home/evan/code/ndt-loc/install/data-publisher/share/data-publisher/cmake/ament_cmake_export_include_directories-extras.cmake
[13.584s] -- Up-to-date: /home/evan/code/ndt-loc/install/data-publisher/share/data-publisher/cmake/data-publisherConfig.cmake
[13.584s] -- Up-to-date: /home/evan/code/ndt-loc/install/data-publisher/share/data-publisher/cmake/data-publisherConfig-version.cmake
[13.584s] -- Installing: /home/evan/code/ndt-loc/install/data-publisher/share/data-publisher/package.xml
[13.591s] Invoked command in '/home/evan/code/ndt-loc/build/data-publisher' returned '0': CMAKE_PREFIX_PATH=${CMAKE_PREFIX_PATH}:/opt/ros/humble /usr/bin/cmake --install /home/evan/code/ndt-loc/build/data-publisher
