[0.025s] Invoking command in '/home/evan/code/ndt-loc/build/map': CMAKE_PREFIX_PATH=${CMAKE_PREFIX_PATH}:/opt/ros/humble /usr/bin/cmake --build /home/evan/code/ndt-loc/build/map -- -j4 -l4
[0.110s] [35m[1mConsolidate compiler generated dependencies of target image_projection_node[0m
[0.163s] [ 12%] [32mBuilding CXX object CMakeFiles/lidar_data_node.dir/src/LidarData.cpp.o[0m
[0.194s] [ 25%] [32mBuilding CXX object CMakeFiles/front_end_node.dir/src/FrontEnd.cpp.o[0m
[0.208s] [ 37%] [32mBuilding CXX object CMakeFiles/show_map_node.dir/src/ShowMap.cpp.o[0m
[0.221s] [ 50%] [32mBuilding CXX object CMakeFiles/image_projection_node.dir/src/ImageProjection.cpp.o[0m
[26.727s] [ 62%] [32m[1mLinking CXX executable show_map_node[0m
[26.882s] [ 75%] [32m[1mLinking CXX executable image_projection_node[0m
[28.489s] [ 75%] Built target show_map_node
[28.650s] [ 87%] [32m[1mLinking CXX executable lidar_data_node[0m
[28.809s] [ 87%] Built target image_projection_node
[31.214s] [ 87%] Built target lidar_data_node
[36.537s] [100%] [32m[1mLinking CXX executable front_end_node[0m
[38.889s] [100%] Built target front_end_node
[38.904s] Invoked command in '/home/evan/code/ndt-loc/build/map' returned '0': CMAKE_PREFIX_PATH=${CMAKE_PREFIX_PATH}:/opt/ros/humble /usr/bin/cmake --build /home/evan/code/ndt-loc/build/map -- -j4 -l4
[38.943s] Invoking command in '/home/evan/code/ndt-loc/build/map': CMAKE_PREFIX_PATH=${CMAKE_PREFIX_PATH}:/opt/ros/humble /usr/bin/cmake --install /home/evan/code/ndt-loc/build/map
[38.949s] -- Install configuration: ""
[38.950s] -- Installing: /home/evan/code/ndt-loc/install/map/lib/map/lidar_data_node
[38.956s] -- Set runtime path of "/home/evan/code/ndt-loc/install/map/lib/map/lidar_data_node" to ""
[38.956s] -- Installing: /home/evan/code/ndt-loc/install/map/lib/map/image_projection_node
[38.962s] -- Set runtime path of "/home/evan/code/ndt-loc/install/map/lib/map/image_projection_node" to ""
[38.962s] -- Installing: /home/evan/code/ndt-loc/install/map/lib/map/front_end_node
[38.974s] -- Set runtime path of "/home/evan/code/ndt-loc/install/map/lib/map/front_end_node" to ""
[38.974s] -- Installing: /home/evan/code/ndt-loc/install/map/lib/map/show_map_node
[38.980s] -- Set runtime path of "/home/evan/code/ndt-loc/install/map/lib/map/show_map_node" to ""
[38.980s] -- Up-to-date: /home/evan/code/ndt-loc/install/map/share/ament_index/resource_index/package_run_dependencies/map
[38.980s] -- Up-to-date: /home/evan/code/ndt-loc/install/map/share/ament_index/resource_index/parent_prefix_path/map
[38.980s] -- Up-to-date: /home/evan/code/ndt-loc/install/map/share/map/environment/ament_prefix_path.sh
[38.980s] -- Up-to-date: /home/evan/code/ndt-loc/install/map/share/map/environment/ament_prefix_path.dsv
[38.980s] -- Up-to-date: /home/evan/code/ndt-loc/install/map/share/map/environment/path.sh
[38.981s] -- Up-to-date: /home/evan/code/ndt-loc/install/map/share/map/environment/path.dsv
[38.981s] -- Up-to-date: /home/evan/code/ndt-loc/install/map/share/map/local_setup.bash
[38.981s] -- Up-to-date: /home/evan/code/ndt-loc/install/map/share/map/local_setup.sh
[38.981s] -- Up-to-date: /home/evan/code/ndt-loc/install/map/share/map/local_setup.zsh
[38.981s] -- Up-to-date: /home/evan/code/ndt-loc/install/map/share/map/local_setup.dsv
[38.981s] -- Installing: /home/evan/code/ndt-loc/install/map/share/map/package.dsv
[38.981s] -- Up-to-date: /home/evan/code/ndt-loc/install/map/share/ament_index/resource_index/packages/map
[38.981s] -- Up-to-date: /home/evan/code/ndt-loc/install/map/share/map/cmake/ament_cmake_export_include_directories-extras.cmake
[38.981s] -- Up-to-date: /home/evan/code/ndt-loc/install/map/share/map/cmake/mapConfig.cmake
[38.981s] -- Up-to-date: /home/evan/code/ndt-loc/install/map/share/map/cmake/mapConfig-version.cmake
[38.982s] -- Up-to-date: /home/evan/code/ndt-loc/install/map/share/map/package.xml
[38.985s] Invoked command in '/home/evan/code/ndt-loc/build/map' returned '0': CMAKE_PREFIX_PATH=${CMAKE_PREFIX_PATH}:/opt/ros/humble /usr/bin/cmake --install /home/evan/code/ndt-loc/build/map
