[0.023s] Invoking command in '/home/evan/code/ndt-loc/build/map': CMAKE_PREFIX_PATH=${CMAKE_PREFIX_PATH}:/opt/ros/humble /usr/bin/cmake --build /home/evan/code/ndt-loc/build/map -- -j4 -l4
[0.094s] [35m[1mConsolidate compiler generated dependencies of target lidar_data_node[0m
[0.148s] [ 12%] [32mBuilding CXX object CMakeFiles/image_projection_node.dir/src/ImageProjection.cpp.o[0m
[0.150s] [ 37%] Built target front_end_node
[0.162s] [ 62%] Built target lidar_data_node
[0.168s] [ 87%] Built target show_map_node
[17.826s] [100%] [32m[1mLinking CXX executable image_projection_node[0m
[18.923s] [100%] Built target image_projection_node
[18.935s] Invoked command in '/home/evan/code/ndt-loc/build/map' returned '0': CMAKE_PREFIX_PATH=${CMAKE_PREFIX_PATH}:/opt/ros/humble /usr/bin/cmake --build /home/evan/code/ndt-loc/build/map -- -j4 -l4
[18.972s] Invoking command in '/home/evan/code/ndt-loc/build/map': CMAKE_PREFIX_PATH=${CMAKE_PREFIX_PATH}:/opt/ros/humble /usr/bin/cmake --install /home/evan/code/ndt-loc/build/map
[18.980s] -- Install configuration: ""
[18.980s] -- Up-to-date: /home/evan/code/ndt-loc/install/map/lib/map/lidar_data_node
[18.981s] -- Installing: /home/evan/code/ndt-loc/install/map/lib/map/image_projection_node
[18.988s] -- Set runtime path of "/home/evan/code/ndt-loc/install/map/lib/map/image_projection_node" to ""
[18.988s] -- Up-to-date: /home/evan/code/ndt-loc/install/map/lib/map/front_end_node
[18.989s] -- Up-to-date: /home/evan/code/ndt-loc/install/map/lib/map/show_map_node
[18.989s] -- Up-to-date: /home/evan/code/ndt-loc/install/map/share/ament_index/resource_index/package_run_dependencies/map
[18.989s] -- Up-to-date: /home/evan/code/ndt-loc/install/map/share/ament_index/resource_index/parent_prefix_path/map
[18.989s] -- Up-to-date: /home/evan/code/ndt-loc/install/map/share/map/environment/ament_prefix_path.sh
[18.990s] -- Up-to-date: /home/evan/code/ndt-loc/install/map/share/map/environment/ament_prefix_path.dsv
[18.990s] -- Up-to-date: /home/evan/code/ndt-loc/install/map/share/map/environment/path.sh
[18.990s] -- Up-to-date: /home/evan/code/ndt-loc/install/map/share/map/environment/path.dsv
[18.990s] -- Up-to-date: /home/evan/code/ndt-loc/install/map/share/map/local_setup.bash
[18.990s] -- Up-to-date: /home/evan/code/ndt-loc/install/map/share/map/local_setup.sh
[18.990s] -- Up-to-date: /home/evan/code/ndt-loc/install/map/share/map/local_setup.zsh
[18.990s] -- Up-to-date: /home/evan/code/ndt-loc/install/map/share/map/local_setup.dsv
[18.990s] -- Installing: /home/evan/code/ndt-loc/install/map/share/map/package.dsv
[18.990s] -- Up-to-date: /home/evan/code/ndt-loc/install/map/share/ament_index/resource_index/packages/map
[18.990s] -- Up-to-date: /home/evan/code/ndt-loc/install/map/share/map/cmake/ament_cmake_export_include_directories-extras.cmake
[18.990s] -- Up-to-date: /home/evan/code/ndt-loc/install/map/share/map/cmake/mapConfig.cmake
[18.990s] -- Up-to-date: /home/evan/code/ndt-loc/install/map/share/map/cmake/mapConfig-version.cmake
[18.990s] -- Up-to-date: /home/evan/code/ndt-loc/install/map/share/map/package.xml
[18.994s] Invoked command in '/home/evan/code/ndt-loc/build/map' returned '0': CMAKE_PREFIX_PATH=${CMAKE_PREFIX_PATH}:/opt/ros/humble /usr/bin/cmake --install /home/evan/code/ndt-loc/build/map
