[0.024s] Invoking command in '/home/evan/code/ndt-loc/build/map': CMAKE_PREFIX_PATH=${CMAKE_PREFIX_PATH}:/opt/ros/humble /usr/bin/cmake --build /home/evan/code/ndt-loc/build/map -- -j4 -l4
[0.097s] [35m[1mConsolidate compiler generated dependencies of target lidar_data_node[0m
[0.101s] [35m[1mConsolidate compiler generated dependencies of target front_end_node[0m
[0.137s] [ 25%] [32mBuilding CXX object CMakeFiles/lidar_data_node.dir/src/LidarData.cpp.o[0m
[0.146s] [ 50%] [32mBuilding CXX object CMakeFiles/front_end_node.dir/src/FrontEnd.cpp.o[0m
[16.538s] [ 75%] [32m[1mLinking CXX executable lidar_data_node[0m
[17.577s] [ 75%] Built target lidar_data_node
[26.930s] [100%] [32m[1mLinking CXX executable front_end_node[0m
[29.314s] [100%] Built target front_end_node
[29.325s] Invoked command in '/home/evan/code/ndt-loc/build/map' returned '0': CMAKE_PREFIX_PATH=${CMAKE_PREFIX_PATH}:/opt/ros/humble /usr/bin/cmake --build /home/evan/code/ndt-loc/build/map -- -j4 -l4
[29.357s] Invoking command in '/home/evan/code/ndt-loc/build/map': CMAKE_PREFIX_PATH=${CMAKE_PREFIX_PATH}:/opt/ros/humble /usr/bin/cmake --install /home/evan/code/ndt-loc/build/map
[29.365s] -- Install configuration: ""
[29.366s] -- Installing: /home/evan/code/ndt-loc/install/map/lib/map/lidar_data_node
[29.371s] -- Set runtime path of "/home/evan/code/ndt-loc/install/map/lib/map/lidar_data_node" to ""
[29.372s] -- Installing: /home/evan/code/ndt-loc/install/map/lib/map/front_end_node
[29.384s] -- Set runtime path of "/home/evan/code/ndt-loc/install/map/lib/map/front_end_node" to ""
[29.384s] -- Up-to-date: /home/evan/code/ndt-loc/install/map/share/ament_index/resource_index/package_run_dependencies/map
[29.385s] -- Up-to-date: /home/evan/code/ndt-loc/install/map/share/ament_index/resource_index/parent_prefix_path/map
[29.385s] -- Up-to-date: /home/evan/code/ndt-loc/install/map/share/map/environment/ament_prefix_path.sh
[29.385s] -- Up-to-date: /home/evan/code/ndt-loc/install/map/share/map/environment/ament_prefix_path.dsv
[29.385s] -- Up-to-date: /home/evan/code/ndt-loc/install/map/share/map/environment/path.sh
[29.385s] -- Up-to-date: /home/evan/code/ndt-loc/install/map/share/map/environment/path.dsv
[29.385s] -- Up-to-date: /home/evan/code/ndt-loc/install/map/share/map/local_setup.bash
[29.385s] -- Up-to-date: /home/evan/code/ndt-loc/install/map/share/map/local_setup.sh
[29.385s] -- Up-to-date: /home/evan/code/ndt-loc/install/map/share/map/local_setup.zsh
[29.385s] -- Up-to-date: /home/evan/code/ndt-loc/install/map/share/map/local_setup.dsv
[29.385s] -- Installing: /home/evan/code/ndt-loc/install/map/share/map/package.dsv
[29.385s] -- Up-to-date: /home/evan/code/ndt-loc/install/map/share/ament_index/resource_index/packages/map
[29.385s] -- Up-to-date: /home/evan/code/ndt-loc/install/map/share/map/cmake/ament_cmake_export_include_directories-extras.cmake
[29.386s] -- Up-to-date: /home/evan/code/ndt-loc/install/map/share/map/cmake/mapConfig.cmake
[29.386s] -- Up-to-date: /home/evan/code/ndt-loc/install/map/share/map/cmake/mapConfig-version.cmake
[29.386s] -- Up-to-date: /home/evan/code/ndt-loc/install/map/share/map/package.xml
[29.387s] Invoked command in '/home/evan/code/ndt-loc/build/map' returned '0': CMAKE_PREFIX_PATH=${CMAKE_PREFIX_PATH}:/opt/ros/humble /usr/bin/cmake --install /home/evan/code/ndt-loc/build/map
