[0.077s] Invoking command in '/home/evan/code/ndt-loc/build/map': CMAKE_PREFIX_PATH=${CMAKE_PREFIX_PATH}:/opt/ros/humble /usr/bin/cmake --build /home/evan/code/ndt-loc/build/map -- -j4 -l4
[0.238s] [35m[1mConsolidate compiler generated dependencies of target lidar_data_node[0m
[0.260s] [35m[1mConsolidate compiler generated dependencies of target front_end_node[0m
[0.265s] [35m[1mConsolidate compiler generated dependencies of target image_projection_node[0m
[0.273s] [35m[1mConsolidate compiler generated dependencies of target show_map_node[0m
[0.358s] [ 12%] [32mBuilding CXX object CMakeFiles/image_projection_node.dir/src/ImageProjection.cpp.o[0m
[0.407s] [ 37%] Built target front_end_node
[0.422s] [ 62%] Built target lidar_data_node
[0.505s] [ 87%] Built target show_map_node
[19.152s] [100%] [32m[1mLinking CXX executable image_projection_node[0m
[20.255s] [100%] Built target image_projection_node
[20.303s] Invoked command in '/home/evan/code/ndt-loc/build/map' returned '0': CMAKE_PREFIX_PATH=${CMAKE_PREFIX_PATH}:/opt/ros/humble /usr/bin/cmake --build /home/evan/code/ndt-loc/build/map -- -j4 -l4
[20.375s] Invoking command in '/home/evan/code/ndt-loc/build/map': CMAKE_PREFIX_PATH=${CMAKE_PREFIX_PATH}:/opt/ros/humble /usr/bin/cmake --install /home/evan/code/ndt-loc/build/map
[20.384s] -- Install configuration: ""
[20.385s] -- Up-to-date: /home/evan/code/ndt-loc/install/map/lib/map/lidar_data_node
[20.385s] -- Installing: /home/evan/code/ndt-loc/install/map/lib/map/image_projection_node
[20.394s] -- Set runtime path of "/home/evan/code/ndt-loc/install/map/lib/map/image_projection_node" to ""
[20.394s] -- Up-to-date: /home/evan/code/ndt-loc/install/map/lib/map/front_end_node
[20.395s] -- Up-to-date: /home/evan/code/ndt-loc/install/map/lib/map/show_map_node
[20.395s] -- Up-to-date: /home/evan/code/ndt-loc/install/map/share/ament_index/resource_index/package_run_dependencies/map
[20.395s] -- Up-to-date: /home/evan/code/ndt-loc/install/map/share/ament_index/resource_index/parent_prefix_path/map
[20.395s] -- Up-to-date: /home/evan/code/ndt-loc/install/map/share/map/environment/ament_prefix_path.sh
[20.395s] -- Up-to-date: /home/evan/code/ndt-loc/install/map/share/map/environment/ament_prefix_path.dsv
[20.396s] -- Up-to-date: /home/evan/code/ndt-loc/install/map/share/map/environment/path.sh
[20.396s] -- Up-to-date: /home/evan/code/ndt-loc/install/map/share/map/environment/path.dsv
[20.396s] -- Up-to-date: /home/evan/code/ndt-loc/install/map/share/map/local_setup.bash
[20.396s] -- Up-to-date: /home/evan/code/ndt-loc/install/map/share/map/local_setup.sh
[20.396s] -- Up-to-date: /home/evan/code/ndt-loc/install/map/share/map/local_setup.zsh
[20.396s] -- Up-to-date: /home/evan/code/ndt-loc/install/map/share/map/local_setup.dsv
[20.396s] -- Installing: /home/evan/code/ndt-loc/install/map/share/map/package.dsv
[20.396s] -- Up-to-date: /home/evan/code/ndt-loc/install/map/share/ament_index/resource_index/packages/map
[20.396s] -- Up-to-date: /home/evan/code/ndt-loc/install/map/share/map/cmake/ament_cmake_export_include_directories-extras.cmake
[20.396s] -- Up-to-date: /home/evan/code/ndt-loc/install/map/share/map/cmake/mapConfig.cmake
[20.396s] -- Up-to-date: /home/evan/code/ndt-loc/install/map/share/map/cmake/mapConfig-version.cmake
[20.396s] -- Up-to-date: /home/evan/code/ndt-loc/install/map/share/map/package.xml
[20.400s] Invoked command in '/home/evan/code/ndt-loc/build/map' returned '0': CMAKE_PREFIX_PATH=${CMAKE_PREFIX_PATH}:/opt/ros/humble /usr/bin/cmake --install /home/evan/code/ndt-loc/build/map
