[0.115s] Invoking command in '/home/evan/code/ndt-loc/build/map': CMAKE_PREFIX_PATH=${CMAKE_PREFIX_PATH}:/opt/ros/humble /usr/bin/cmake --build /home/evan/code/ndt-loc/build/map -- -j4 -l4
[2.803s] [ 40%] Built target lidar_data_node
[2.804s] [ 40%] Built target show_map_node
[2.807s] [ 60%] Built target image_projection_node
[2.811s] [ 80%] Built target front_end_node
[2.890s] [35m[1mConsolidate compiler generated dependencies of target mapping_node[0m
[2.937s] [ 90%] [32mBuilding CXX object CMakeFiles/mapping_node.dir/src/GroundTruth.cpp.o[0m
[23.312s] [100%] [32m[1mLinking CXX executable mapping_node[0m
[30.964s] [100%] Built target mapping_node
[30.977s] Invoked command in '/home/evan/code/ndt-loc/build/map' returned '0': CMAKE_PREFIX_PATH=${CMAKE_PREFIX_PATH}:/opt/ros/humble /usr/bin/cmake --build /home/evan/code/ndt-loc/build/map -- -j4 -l4
[31.027s] Invoking command in '/home/evan/code/ndt-loc/build/map': CMAKE_PREFIX_PATH=${CMAKE_PREFIX_PATH}:/opt/ros/humble /usr/bin/cmake --install /home/evan/code/ndt-loc/build/map
[31.064s] -- Install configuration: ""
[31.121s] -- Up-to-date: /home/evan/code/ndt-loc/install/map/lib/map/lidar_data_node
[31.185s] -- Up-to-date: /home/evan/code/ndt-loc/install/map/lib/map/image_projection_node
[31.225s] -- Up-to-date: /home/evan/code/ndt-loc/install/map/lib/map/front_end_node
[31.237s] -- Up-to-date: /home/evan/code/ndt-loc/install/map/lib/map/show_map_node
[31.269s] -- Installing: /home/evan/code/ndt-loc/install/map/lib/map/mapping_node
[31.271s] -- Set runtime path of "/home/evan/code/ndt-loc/install/map/lib/map/mapping_node" to ""
[31.271s] -- Up-to-date: /home/evan/code/ndt-loc/install/map/share/ament_index/resource_index/package_run_dependencies/map
[31.272s] -- Up-to-date: /home/evan/code/ndt-loc/install/map/share/ament_index/resource_index/parent_prefix_path/map
[31.272s] -- Up-to-date: /home/evan/code/ndt-loc/install/map/share/map/environment/ament_prefix_path.sh
[31.272s] -- Up-to-date: /home/evan/code/ndt-loc/install/map/share/map/environment/ament_prefix_path.dsv
[31.272s] -- Up-to-date: /home/evan/code/ndt-loc/install/map/share/map/environment/path.sh
[31.272s] -- Up-to-date: /home/evan/code/ndt-loc/install/map/share/map/environment/path.dsv
[31.272s] -- Up-to-date: /home/evan/code/ndt-loc/install/map/share/map/local_setup.bash
[31.272s] -- Up-to-date: /home/evan/code/ndt-loc/install/map/share/map/local_setup.sh
[31.272s] -- Up-to-date: /home/evan/code/ndt-loc/install/map/share/map/local_setup.zsh
[31.272s] -- Up-to-date: /home/evan/code/ndt-loc/install/map/share/map/local_setup.dsv
[31.272s] -- Installing: /home/evan/code/ndt-loc/install/map/share/map/package.dsv
[31.296s] -- Up-to-date: /home/evan/code/ndt-loc/install/map/share/ament_index/resource_index/packages/map
[31.297s] -- Up-to-date: /home/evan/code/ndt-loc/install/map/share/map/cmake/ament_cmake_export_include_directories-extras.cmake
[31.297s] -- Up-to-date: /home/evan/code/ndt-loc/install/map/share/map/cmake/mapConfig.cmake
[31.297s] -- Up-to-date: /home/evan/code/ndt-loc/install/map/share/map/cmake/mapConfig-version.cmake
[31.297s] -- Up-to-date: /home/evan/code/ndt-loc/install/map/share/map/package.xml
[31.304s] Invoked command in '/home/evan/code/ndt-loc/build/map' returned '0': CMAKE_PREFIX_PATH=${CMAKE_PREFIX_PATH}:/opt/ros/humble /usr/bin/cmake --install /home/evan/code/ndt-loc/build/map
