[0.016s] Invoking command in '/home/evan/code/ndt-loc/build/radar-odometry': CMAKE_PREFIX_PATH=${CMAKE_PREFIX_PATH}:/opt/ros/humble /usr/bin/cmake /home/evan/code/ndt-loc/src/radar-odometry -DCMAKE_INSTALL_PREFIX=/home/evan/code/ndt-loc/install/radar-odometry
[9.381s] -- The C compiler identification is GNU 11.3.0
[9.480s] -- The CXX compiler identification is GNU 11.3.0
[9.489s] -- Detecting C compiler ABI info
[9.649s] -- Detecting C compiler ABI info - done
[9.661s] -- Check for working C compiler: /usr/bin/cc - skipped
[9.661s] -- Detecting C compile features
[9.685s] -- Detecting C compile features - done
[9.702s] -- Detecting CXX compiler ABI info
[9.849s] -- Detecting CXX compiler ABI info - done
[9.858s] -- Check for working CXX compiler: /usr/bin/c++ - skipped
[9.859s] -- Detecting CXX compile features
[9.859s] -- Detecting CXX compile features - done
[9.960s] -- Found ament_cmake: 1.3.3 (/opt/ros/humble/share/ament_cmake/cmake)
[10.205s] -- Found Python3: /usr/bin/python3.10 (found version "3.10.6") found components: Interpreter 
[10.415s] -- Found rclcpp: 16.0.3 (/opt/ros/humble/share/rclcpp/cmake)
[10.569s] -- Found rosidl_generator_c: 3.1.4 (/opt/ros/humble/share/rosidl_generator_c/cmake)
[10.585s] -- Found rosidl_adapter: 3.1.4 (/opt/ros/humble/share/rosidl_adapter/cmake)
[10.597s] -- Found rosidl_generator_cpp: 3.1.4 (/opt/ros/humble/share/rosidl_generator_cpp/cmake)
[10.616s] -- Using all available rosidl_typesupport_c: rosidl_typesupport_fastrtps_c;rosidl_typesupport_introspection_c
[10.666s] -- Using all available rosidl_typesupport_cpp: rosidl_typesupport_fastrtps_cpp;rosidl_typesupport_introspection_cpp
[10.758s] -- Found rmw_implementation_cmake: 6.1.1 (/opt/ros/humble/share/rmw_implementation_cmake/cmake)
[10.762s] -- Found rmw_fastrtps_cpp: 6.2.2 (/opt/ros/humble/share/rmw_fastrtps_cpp/cmake)
[11.008s] -- Found OpenSSL: /usr/lib/x86_64-linux-gnu/libcrypto.so (found version "3.0.2")  
[11.040s] -- Found FastRTPS: /opt/ros/humble/include  
[11.098s] -- Using RMW implementation 'rmw_fastrtps_cpp' as default
[11.111s] -- Looking for pthread.h
[11.239s] -- Looking for pthread.h - found
[11.240s] -- Performing Test CMAKE_HAVE_LIBC_PTHREAD
[11.323s] -- Performing Test CMAKE_HAVE_LIBC_PTHREAD - Success
[11.324s] -- Found Threads: TRUE  
[11.562s] -- Found sensor_msgs: 4.2.3 (/opt/ros/humble/share/sensor_msgs/cmake)
[11.737s] [31mCMake Error at CMakeLists.txt:13 (find_package):
[11.737s]   By not providing "Findpcl_conversion.cmake" in CMAKE_MODULE_PATH this
[11.737s]   project has asked CMake to find a package configuration file provided by
[11.737s]   "pcl_conversion", but CMake did not find one.
[11.737s] 
[11.737s]   Could not find a package configuration file provided by "pcl_conversion"
[11.737s]   with any of the following names:
[11.737s] 
[11.737s]     pcl_conversionConfig.cmake
[11.737s]     pcl_conversion-config.cmake
[11.737s] 
[11.738s]   Add the installation prefix of "pcl_conversion" to CMAKE_PREFIX_PATH or set
[11.738s]   "pcl_conversion_DIR" to a directory containing one of the above files.  If
[11.738s]   "pcl_conversion" provides a separate development package or SDK, be sure it
[11.738s]   has been installed.
[11.738s] 
[11.738s] [0m
[11.738s] -- Configuring incomplete, errors occurred!
[11.738s] See also "/home/evan/code/ndt-loc/build/radar-odometry/CMakeFiles/CMakeOutput.log".
[11.747s] Invoked command in '/home/evan/code/ndt-loc/build/radar-odometry' returned '1': CMAKE_PREFIX_PATH=${CMAKE_PREFIX_PATH}:/opt/ros/humble /usr/bin/cmake /home/evan/code/ndt-loc/src/radar-odometry -DCMAKE_INSTALL_PREFIX=/home/evan/code/ndt-loc/install/radar-odometry
