[0.362s] DEBUG:colcon:Command line arguments: ['/usr/bin/colcon', 'build', '--packages-select', 'map']
[0.362s] DEBUG:colcon:Parsed command line arguments: Namespace(log_base=None, log_level=None, verb_name='build', build_base='build', install_base='install', merge_install=False, symlink_install=False, test_result_base=None, continue_on_error=False, executor='parallel', parallel_workers=4, event_handlers=None, ignore_user_meta=False, metas=['./colcon.meta'], base_paths=['.'], packages_ignore=None, packages_ignore_regex=None, paths=None, packages_up_to=None, packages_up_to_regex=None, packages_above=None, packages_above_and_dependencies=None, packages_above_depth=None, packages_select_by_dep=None, packages_skip_by_dep=None, packages_skip_up_to=None, packages_select_build_failed=False, packages_skip_build_finished=False, packages_select_test_failures=False, packages_skip_test_passed=False, packages_select=['map'], packages_skip=None, packages_select_regex=None, packages_skip_regex=None, packages_start=None, packages_end=None, allow_overriding=[], cmake_args=None, cmake_target=None, cmake_target_skip_unavailable=False, cmake_clean_cache=False, cmake_clean_first=False, cmake_force_configure=False, ament_cmake_args=None, catkin_cmake_args=None, catkin_skip_building_tests=False, verb_parser=<colcon_defaults.argument_parser.defaults.DefaultArgumentsDecorator object at 0x7f797f7be380>, verb_extension=<colcon_core.verb.build.BuildVerb object at 0x7f7980041bd0>, main=<bound method BuildVerb.main of <colcon_core.verb.build.BuildVerb object at 0x7f7980041bd0>>)
[0.398s] Level 1:colcon.colcon_core.package_discovery:discover_packages(colcon_meta) check parameters
[0.399s] Level 1:colcon.colcon_core.package_discovery:discover_packages(recursive) check parameters
[0.399s] Level 1:colcon.colcon_core.package_discovery:discover_packages(ignore) check parameters
[0.399s] Level 1:colcon.colcon_core.package_discovery:discover_packages(path) check parameters
[0.399s] Level 1:colcon.colcon_core.package_discovery:discover_packages(colcon_meta) discover
[0.399s] Level 1:colcon.colcon_core.package_discovery:discover_packages(recursive) discover
[0.399s] INFO:colcon.colcon_core.package_discovery:Crawling recursively for packages in '/home/evan/code/ndt-loc'
[0.399s] Level 1:colcon.colcon_core.package_identification:_identify(.) by extensions ['ignore', 'ignore_ament_install']
[0.399s] Level 1:colcon.colcon_core.package_identification:_identify(.) by extension 'ignore'
[0.399s] Level 1:colcon.colcon_core.package_identification:_identify(.) by extension 'ignore_ament_install'
[0.399s] Level 1:colcon.colcon_core.package_identification:_identify(.) by extensions ['colcon_pkg']
[0.399s] Level 1:colcon.colcon_core.package_identification:_identify(.) by extension 'colcon_pkg'
[0.399s] Level 1:colcon.colcon_core.package_identification:_identify(.) by extensions ['colcon_meta']
[0.399s] Level 1:colcon.colcon_core.package_identification:_identify(.) by extension 'colcon_meta'
[0.399s] Level 1:colcon.colcon_core.package_identification:_identify(.) by extensions ['ros']
[0.399s] Level 1:colcon.colcon_core.package_identification:_identify(.) by extension 'ros'
[0.412s] Level 1:colcon.colcon_core.package_identification:_identify(.) by extensions ['cmake', 'python']
[0.412s] Level 1:colcon.colcon_core.package_identification:_identify(.) by extension 'cmake'
[0.412s] Level 1:colcon.colcon_core.package_identification:_identify(.) by extension 'python'
[0.412s] Level 1:colcon.colcon_core.package_identification:_identify(.) by extensions ['python_setup_py']
[0.413s] Level 1:colcon.colcon_core.package_identification:_identify(.) by extension 'python_setup_py'
[0.413s] Level 1:colcon.colcon_core.package_identification:_identify(build) by extensions ['ignore', 'ignore_ament_install']
[0.413s] Level 1:colcon.colcon_core.package_identification:_identify(build) by extension 'ignore'
[0.413s] Level 1:colcon.colcon_core.package_identification:_identify(build) ignored
[0.413s] Level 1:colcon.colcon_core.package_identification:_identify(install) by extensions ['ignore', 'ignore_ament_install']
[0.413s] Level 1:colcon.colcon_core.package_identification:_identify(install) by extension 'ignore'
[0.413s] Level 1:colcon.colcon_core.package_identification:_identify(install) ignored
[0.413s] Level 1:colcon.colcon_core.package_identification:_identify(log) by extensions ['ignore', 'ignore_ament_install']
[0.414s] Level 1:colcon.colcon_core.package_identification:_identify(log) by extension 'ignore'
[0.414s] Level 1:colcon.colcon_core.package_identification:_identify(log) ignored
[0.414s] Level 1:colcon.colcon_core.package_identification:_identify(src) by extensions ['ignore', 'ignore_ament_install']
[0.414s] Level 1:colcon.colcon_core.package_identification:_identify(src) by extension 'ignore'
[0.414s] Level 1:colcon.colcon_core.package_identification:_identify(src) by extension 'ignore_ament_install'
[0.414s] Level 1:colcon.colcon_core.package_identification:_identify(src) by extensions ['colcon_pkg']
[0.414s] Level 1:colcon.colcon_core.package_identification:_identify(src) by extension 'colcon_pkg'
[0.414s] Level 1:colcon.colcon_core.package_identification:_identify(src) by extensions ['colcon_meta']
[0.414s] Level 1:colcon.colcon_core.package_identification:_identify(src) by extension 'colcon_meta'
[0.414s] Level 1:colcon.colcon_core.package_identification:_identify(src) by extensions ['ros']
[0.414s] Level 1:colcon.colcon_core.package_identification:_identify(src) by extension 'ros'
[0.414s] Level 1:colcon.colcon_core.package_identification:_identify(src) by extensions ['cmake', 'python']
[0.414s] Level 1:colcon.colcon_core.package_identification:_identify(src) by extension 'cmake'
[0.414s] Level 1:colcon.colcon_core.package_identification:_identify(src) by extension 'python'
[0.414s] Level 1:colcon.colcon_core.package_identification:_identify(src) by extensions ['python_setup_py']
[0.414s] Level 1:colcon.colcon_core.package_identification:_identify(src) by extension 'python_setup_py'
[0.415s] Level 1:colcon.colcon_core.package_identification:_identify(src/cloud_msgs) by extensions ['ignore', 'ignore_ament_install']
[0.415s] Level 1:colcon.colcon_core.package_identification:_identify(src/cloud_msgs) by extension 'ignore'
[0.415s] Level 1:colcon.colcon_core.package_identification:_identify(src/cloud_msgs) by extension 'ignore_ament_install'
[0.415s] Level 1:colcon.colcon_core.package_identification:_identify(src/cloud_msgs) by extensions ['colcon_pkg']
[0.415s] Level 1:colcon.colcon_core.package_identification:_identify(src/cloud_msgs) by extension 'colcon_pkg'
[0.415s] Level 1:colcon.colcon_core.package_identification:_identify(src/cloud_msgs) by extensions ['colcon_meta']
[0.415s] Level 1:colcon.colcon_core.package_identification:_identify(src/cloud_msgs) by extension 'colcon_meta'
[0.415s] Level 1:colcon.colcon_core.package_identification:_identify(src/cloud_msgs) by extensions ['ros']
[0.415s] Level 1:colcon.colcon_core.package_identification:_identify(src/cloud_msgs) by extension 'ros'
[0.418s] DEBUG:colcon.colcon_core.package_identification:Package 'src/cloud_msgs' with type 'ros.ament_cmake' and name 'cloud_msgs'
[0.418s] Level 1:colcon.colcon_core.package_identification:_identify(src/map) by extensions ['ignore', 'ignore_ament_install']
[0.418s] Level 1:colcon.colcon_core.package_identification:_identify(src/map) by extension 'ignore'
[0.418s] Level 1:colcon.colcon_core.package_identification:_identify(src/map) by extension 'ignore_ament_install'
[0.418s] Level 1:colcon.colcon_core.package_identification:_identify(src/map) by extensions ['colcon_pkg']
[0.418s] Level 1:colcon.colcon_core.package_identification:_identify(src/map) by extension 'colcon_pkg'
[0.418s] Level 1:colcon.colcon_core.package_identification:_identify(src/map) by extensions ['colcon_meta']
[0.418s] Level 1:colcon.colcon_core.package_identification:_identify(src/map) by extension 'colcon_meta'
[0.418s] Level 1:colcon.colcon_core.package_identification:_identify(src/map) by extensions ['ros']
[0.418s] Level 1:colcon.colcon_core.package_identification:_identify(src/map) by extension 'ros'
[0.419s] DEBUG:colcon.colcon_core.package_identification:Package 'src/map' with type 'ros.ament_cmake' and name 'map'
[0.419s] Level 1:colcon.colcon_core.package_identification:_identify(src/ndt-lidar-radar) by extensions ['ignore', 'ignore_ament_install']
[0.419s] Level 1:colcon.colcon_core.package_identification:_identify(src/ndt-lidar-radar) by extension 'ignore'
[0.419s] Level 1:colcon.colcon_core.package_identification:_identify(src/ndt-lidar-radar) by extension 'ignore_ament_install'
[0.419s] Level 1:colcon.colcon_core.package_identification:_identify(src/ndt-lidar-radar) by extensions ['colcon_pkg']
[0.419s] Level 1:colcon.colcon_core.package_identification:_identify(src/ndt-lidar-radar) by extension 'colcon_pkg'
[0.420s] Level 1:colcon.colcon_core.package_identification:_identify(src/ndt-lidar-radar) by extensions ['colcon_meta']
[0.420s] Level 1:colcon.colcon_core.package_identification:_identify(src/ndt-lidar-radar) by extension 'colcon_meta'
[0.420s] Level 1:colcon.colcon_core.package_identification:_identify(src/ndt-lidar-radar) by extensions ['ros']
[0.420s] Level 1:colcon.colcon_core.package_identification:_identify(src/ndt-lidar-radar) by extension 'ros'
[0.420s] DEBUG:colcon.colcon_core.package_identification:Package 'src/ndt-lidar-radar' with type 'ros.ament_cmake' and name 'ndt-lidar-radar'
[0.420s] Level 1:colcon.colcon_core.package_identification:_identify(src/radar-data) by extensions ['ignore', 'ignore_ament_install']
[0.421s] Level 1:colcon.colcon_core.package_identification:_identify(src/radar-data) by extension 'ignore'
[0.421s] Level 1:colcon.colcon_core.package_identification:_identify(src/radar-data) by extension 'ignore_ament_install'
[0.421s] Level 1:colcon.colcon_core.package_identification:_identify(src/radar-data) by extensions ['colcon_pkg']
[0.421s] Level 1:colcon.colcon_core.package_identification:_identify(src/radar-data) by extension 'colcon_pkg'
[0.421s] Level 1:colcon.colcon_core.package_identification:_identify(src/radar-data) by extensions ['colcon_meta']
[0.421s] Level 1:colcon.colcon_core.package_identification:_identify(src/radar-data) by extension 'colcon_meta'
[0.421s] Level 1:colcon.colcon_core.package_identification:_identify(src/radar-data) by extensions ['ros']
[0.421s] Level 1:colcon.colcon_core.package_identification:_identify(src/radar-data) by extension 'ros'
[0.422s] DEBUG:colcon.colcon_core.package_identification:Package 'src/radar-data' with type 'ros.ament_cmake' and name 'radar-data'
[0.422s] Level 1:colcon.colcon_core.package_discovery:discover_packages(recursive) using defaults
[0.422s] Level 1:colcon.colcon_core.package_discovery:discover_packages(ignore) discover
[0.422s] Level 1:colcon.colcon_core.package_discovery:discover_packages(ignore) using defaults
[0.422s] Level 1:colcon.colcon_core.package_discovery:discover_packages(path) discover
[0.422s] Level 1:colcon.colcon_core.package_discovery:discover_packages(path) using defaults
[0.448s] INFO:colcon.colcon_core.package_selection:Skipping not selected package 'cloud_msgs' in 'src/cloud_msgs'
[0.448s] INFO:colcon.colcon_core.package_selection:Skipping not selected package 'ndt-lidar-radar' in 'src/ndt-lidar-radar'
[0.448s] INFO:colcon.colcon_core.package_selection:Skipping not selected package 'radar-data' in 'src/radar-data'
[0.449s] Level 1:colcon.colcon_core.package_discovery:discover_packages(prefix_path) check parameters
[0.449s] Level 1:colcon.colcon_core.package_discovery:discover_packages(prefix_path) discover
[0.453s] DEBUG:colcon.colcon_installed_package_information.package_discovery:Found 1 installed packages in /home/evan/code/test/install
[0.454s] DEBUG:colcon.colcon_installed_package_information.package_discovery:Found 4 installed packages in /home/evan/code/ndt-loc/install
[0.456s] DEBUG:colcon.colcon_installed_package_information.package_discovery:Found 270 installed packages in /opt/ros/humble
[0.458s] Level 1:colcon.colcon_core.package_discovery:discover_packages(prefix_path) using defaults
[0.524s] Level 5:colcon.colcon_core.verb:set package 'map' build argument 'cmake_args' from command line to 'None'
[0.525s] Level 5:colcon.colcon_core.verb:set package 'map' build argument 'cmake_target' from command line to 'None'
[0.525s] Level 5:colcon.colcon_core.verb:set package 'map' build argument 'cmake_target_skip_unavailable' from command line to 'False'
[0.525s] Level 5:colcon.colcon_core.verb:set package 'map' build argument 'cmake_clean_cache' from command line to 'False'
[0.525s] Level 5:colcon.colcon_core.verb:set package 'map' build argument 'cmake_clean_first' from command line to 'False'
[0.525s] Level 5:colcon.colcon_core.verb:set package 'map' build argument 'cmake_force_configure' from command line to 'False'
[0.525s] Level 5:colcon.colcon_core.verb:set package 'map' build argument 'ament_cmake_args' from command line to 'None'
[0.525s] Level 5:colcon.colcon_core.verb:set package 'map' build argument 'catkin_cmake_args' from command line to 'None'
[0.525s] Level 5:colcon.colcon_core.verb:set package 'map' build argument 'catkin_skip_building_tests' from command line to 'False'
[0.525s] DEBUG:colcon.colcon_core.verb:Building package 'map' with the following arguments: {'ament_cmake_args': None, 'build_base': '/home/evan/code/ndt-loc/build/map', 'catkin_cmake_args': None, 'catkin_skip_building_tests': False, 'cmake_args': None, 'cmake_clean_cache': False, 'cmake_clean_first': False, 'cmake_force_configure': False, 'cmake_target': None, 'cmake_target_skip_unavailable': False, 'install_base': '/home/evan/code/ndt-loc/install/map', 'merge_install': False, 'path': '/home/evan/code/ndt-loc/src/map', 'symlink_install': False, 'test_result_base': None}
[0.526s] INFO:colcon.colcon_core.executor:Executing jobs using 'parallel' executor
[0.529s] DEBUG:colcon.colcon_parallel_executor.executor.parallel:run_until_complete
[0.529s] INFO:colcon.colcon_ros.task.ament_cmake.build:Building ROS package in '/home/evan/code/ndt-loc/src/map' with build type 'ament_cmake'
[0.530s] INFO:colcon.colcon_cmake.task.cmake.build:Building CMake package in '/home/evan/code/ndt-loc/src/map'
[0.535s] INFO:colcon.colcon_core.plugin_system:Skipping extension 'colcon_core.shell.bat': Not used on non-Windows systems
[0.535s] INFO:colcon.colcon_core.shell:Skip shell extension 'powershell' for command environment: Not usable outside of PowerShell
[0.535s] DEBUG:colcon.colcon_core.shell:Skip shell extension 'dsv' for command environment
[0.547s] DEBUG:colcon.colcon_core.event_handler.log_command:Invoking command in '/home/evan/code/ndt-loc/build/map': CMAKE_PREFIX_PATH=${CMAKE_PREFIX_PATH}:/opt/ros/humble /usr/bin/cmake --build /home/evan/code/ndt-loc/build/map -- -j4 -l4
[20.990s] DEBUG:colcon.colcon_core.event_handler.log_command:Invoked command in '/home/evan/code/ndt-loc/build/map' returned '0': CMAKE_PREFIX_PATH=${CMAKE_PREFIX_PATH}:/opt/ros/humble /usr/bin/cmake --build /home/evan/code/ndt-loc/build/map -- -j4 -l4
[21.048s] DEBUG:colcon.colcon_core.event_handler.log_command:Invoking command in '/home/evan/code/ndt-loc/build/map': CMAKE_PREFIX_PATH=${CMAKE_PREFIX_PATH}:/opt/ros/humble /usr/bin/cmake --install /home/evan/code/ndt-loc/build/map
[21.068s] Level 1:colcon.colcon_core.environment:create_environment_scripts_only(map)
[21.069s] DEBUG:colcon.colcon_core.event_handler.log_command:Invoked command in '/home/evan/code/ndt-loc/build/map' returned '0': CMAKE_PREFIX_PATH=${CMAKE_PREFIX_PATH}:/opt/ros/humble /usr/bin/cmake --install /home/evan/code/ndt-loc/build/map
[21.074s] Level 1:colcon.colcon_core.environment:checking '/home/evan/code/ndt-loc/install/map' for CMake module files
[21.075s] Level 1:colcon.colcon_core.environment:checking '/home/evan/code/ndt-loc/install/map' for CMake config files
[21.075s] Level 1:colcon.colcon_core.shell:create_environment_hook('map', 'cmake_prefix_path')
[21.077s] INFO:colcon.colcon_core.shell:Creating environment hook '/home/evan/code/ndt-loc/install/map/share/map/hook/cmake_prefix_path.ps1'
[21.077s] INFO:colcon.colcon_core.shell:Creating environment descriptor '/home/evan/code/ndt-loc/install/map/share/map/hook/cmake_prefix_path.dsv'
[21.078s] INFO:colcon.colcon_core.shell:Creating environment hook '/home/evan/code/ndt-loc/install/map/share/map/hook/cmake_prefix_path.sh'
[21.079s] Level 1:colcon.colcon_core.environment:checking '/home/evan/code/ndt-loc/install/map/lib'
[21.079s] Level 1:colcon.colcon_core.environment:checking '/home/evan/code/ndt-loc/install/map/bin'
[21.079s] Level 1:colcon.colcon_core.environment:checking '/home/evan/code/ndt-loc/install/map/lib/pkgconfig/map.pc'
[21.079s] Level 1:colcon.colcon_core.environment:checking '/home/evan/code/ndt-loc/install/map/lib/python3.10/site-packages'
[21.079s] Level 1:colcon.colcon_core.environment:checking '/home/evan/code/ndt-loc/install/map/bin'
[21.081s] INFO:colcon.colcon_core.shell:Creating package script '/home/evan/code/ndt-loc/install/map/share/map/package.ps1'
[21.081s] INFO:colcon.colcon_core.shell:Creating package descriptor '/home/evan/code/ndt-loc/install/map/share/map/package.dsv'
[21.082s] INFO:colcon.colcon_core.shell:Creating package script '/home/evan/code/ndt-loc/install/map/share/map/package.sh'
[21.083s] INFO:colcon.colcon_core.shell:Creating package script '/home/evan/code/ndt-loc/install/map/share/map/package.bash'
[21.084s] INFO:colcon.colcon_core.shell:Creating package script '/home/evan/code/ndt-loc/install/map/share/map/package.zsh'
[21.084s] Level 1:colcon.colcon_core.environment:create_file_with_runtime_dependencies(/home/evan/code/ndt-loc/install/map/share/colcon-core/packages/map)
[21.134s] Level 1:colcon.colcon_core.environment:create_environment_scripts_only(map)
[21.136s] Level 1:colcon.colcon_core.environment:checking '/home/evan/code/ndt-loc/install/map' for CMake module files
[21.137s] Level 1:colcon.colcon_core.environment:checking '/home/evan/code/ndt-loc/install/map' for CMake config files
[21.137s] Level 1:colcon.colcon_core.shell:create_environment_hook('map', 'cmake_prefix_path')
[21.139s] INFO:colcon.colcon_core.shell:Creating environment hook '/home/evan/code/ndt-loc/install/map/share/map/hook/cmake_prefix_path.ps1'
[21.140s] INFO:colcon.colcon_core.shell:Creating environment descriptor '/home/evan/code/ndt-loc/install/map/share/map/hook/cmake_prefix_path.dsv'
[21.140s] INFO:colcon.colcon_core.shell:Creating environment hook '/home/evan/code/ndt-loc/install/map/share/map/hook/cmake_prefix_path.sh'
[21.140s] Level 1:colcon.colcon_core.environment:checking '/home/evan/code/ndt-loc/install/map/lib'
[21.141s] Level 1:colcon.colcon_core.environment:checking '/home/evan/code/ndt-loc/install/map/bin'
[21.141s] Level 1:colcon.colcon_core.environment:checking '/home/evan/code/ndt-loc/install/map/lib/pkgconfig/map.pc'
[21.141s] Level 1:colcon.colcon_core.environment:checking '/home/evan/code/ndt-loc/install/map/lib/python3.10/site-packages'
[21.141s] Level 1:colcon.colcon_core.environment:checking '/home/evan/code/ndt-loc/install/map/bin'
[21.143s] INFO:colcon.colcon_core.shell:Creating package script '/home/evan/code/ndt-loc/install/map/share/map/package.ps1'
[21.143s] INFO:colcon.colcon_core.shell:Creating package descriptor '/home/evan/code/ndt-loc/install/map/share/map/package.dsv'
[21.144s] INFO:colcon.colcon_core.shell:Creating package script '/home/evan/code/ndt-loc/install/map/share/map/package.sh'
[21.144s] INFO:colcon.colcon_core.shell:Creating package script '/home/evan/code/ndt-loc/install/map/share/map/package.bash'
[21.144s] INFO:colcon.colcon_core.shell:Creating package script '/home/evan/code/ndt-loc/install/map/share/map/package.zsh'
[21.145s] Level 1:colcon.colcon_core.environment:create_file_with_runtime_dependencies(/home/evan/code/ndt-loc/install/map/share/colcon-core/packages/map)
[21.145s] DEBUG:colcon.colcon_parallel_executor.executor.parallel:closing loop
[21.145s] DEBUG:colcon.colcon_parallel_executor.executor.parallel:loop closed
[21.145s] DEBUG:colcon.colcon_parallel_executor.executor.parallel:run_until_complete finished with '0'
[21.146s] DEBUG:colcon.colcon_core.event_reactor:joining thread
[21.151s] INFO:colcon.colcon_core.plugin_system:Skipping extension 'colcon_notification.desktop_notification.terminal_notifier': Not used on non-Darwin systems
[21.151s] INFO:colcon.colcon_core.plugin_system:Skipping extension 'colcon_notification.desktop_notification.win32': Not used on non-Windows systems
[21.152s] INFO:colcon.colcon_notification.desktop_notification:Sending desktop notification using 'notify2'
[21.166s] DEBUG:colcon.colcon_core.event_reactor:joined thread
[21.167s] INFO:colcon.colcon_core.shell:Creating prefix script '/home/evan/code/ndt-loc/install/local_setup.ps1'
[21.168s] INFO:colcon.colcon_core.shell:Creating prefix util module '/home/evan/code/ndt-loc/install/_local_setup_util_ps1.py'
[21.169s] INFO:colcon.colcon_core.shell:Creating prefix chain script '/home/evan/code/ndt-loc/install/setup.ps1'
[21.172s] INFO:colcon.colcon_core.shell:Creating prefix script '/home/evan/code/ndt-loc/install/local_setup.sh'
[21.172s] INFO:colcon.colcon_core.shell:Creating prefix util module '/home/evan/code/ndt-loc/install/_local_setup_util_sh.py'
[21.173s] INFO:colcon.colcon_core.shell:Creating prefix chain script '/home/evan/code/ndt-loc/install/setup.sh'
[21.175s] INFO:colcon.colcon_core.shell:Creating prefix script '/home/evan/code/ndt-loc/install/local_setup.bash'
[21.176s] INFO:colcon.colcon_core.shell:Creating prefix chain script '/home/evan/code/ndt-loc/install/setup.bash'
[21.178s] INFO:colcon.colcon_core.shell:Creating prefix script '/home/evan/code/ndt-loc/install/local_setup.zsh'
[21.178s] INFO:colcon.colcon_core.shell:Creating prefix chain script '/home/evan/code/ndt-loc/install/setup.zsh'
