[0.026s] Invoking command in '/home/evan/code/ndt-loc/build/map': CMAKE_PREFIX_PATH=${CMAKE_PREFIX_PATH}:/opt/ros/humble /usr/bin/cmake --build /home/evan/code/ndt-loc/build/map -- -j4 -l4
[0.106s] [35m[1mConsolidate compiler generated dependencies of target image_projection_node[0m
[0.155s] [ 25%] Built target front_end_node
[0.167s] [ 50%] Built target lidar_data_node
[0.187s] [ 75%] Built target show_map_node
[0.197s] [ 87%] [32mBuilding CXX object CMakeFiles/image_projection_node.dir/src/ImageProjection.cpp.o[0m
[18.304s] [100%] [32m[1mLinking CXX executable image_projection_node[0m
[19.617s] [100%] Built target image_projection_node
[19.631s] Invoked command in '/home/evan/code/ndt-loc/build/map' returned '0': CMAKE_PREFIX_PATH=${CMAKE_PREFIX_PATH}:/opt/ros/humble /usr/bin/cmake --build /home/evan/code/ndt-loc/build/map -- -j4 -l4
[19.672s] Invoking command in '/home/evan/code/ndt-loc/build/map': CMAKE_PREFIX_PATH=${CMAKE_PREFIX_PATH}:/opt/ros/humble /usr/bin/cmake --install /home/evan/code/ndt-loc/build/map
[19.681s] -- Install configuration: ""
[19.681s] -- Up-to-date: /home/evan/code/ndt-loc/install/map/lib/map/lidar_data_node
[19.682s] -- Installing: /home/evan/code/ndt-loc/install/map/lib/map/image_projection_node
[19.689s] -- Set runtime path of "/home/evan/code/ndt-loc/install/map/lib/map/image_projection_node" to ""
[19.689s] -- Up-to-date: /home/evan/code/ndt-loc/install/map/lib/map/front_end_node
[19.690s] -- Up-to-date: /home/evan/code/ndt-loc/install/map/lib/map/show_map_node
[19.690s] -- Up-to-date: /home/evan/code/ndt-loc/install/map/share/ament_index/resource_index/package_run_dependencies/map
[19.691s] -- Up-to-date: /home/evan/code/ndt-loc/install/map/share/ament_index/resource_index/parent_prefix_path/map
[19.691s] -- Up-to-date: /home/evan/code/ndt-loc/install/map/share/map/environment/ament_prefix_path.sh
[19.691s] -- Up-to-date: /home/evan/code/ndt-loc/install/map/share/map/environment/ament_prefix_path.dsv
[19.691s] -- Up-to-date: /home/evan/code/ndt-loc/install/map/share/map/environment/path.sh
[19.691s] -- Up-to-date: /home/evan/code/ndt-loc/install/map/share/map/environment/path.dsv
[19.691s] -- Up-to-date: /home/evan/code/ndt-loc/install/map/share/map/local_setup.bash
[19.691s] -- Up-to-date: /home/evan/code/ndt-loc/install/map/share/map/local_setup.sh
[19.691s] -- Up-to-date: /home/evan/code/ndt-loc/install/map/share/map/local_setup.zsh
[19.691s] -- Up-to-date: /home/evan/code/ndt-loc/install/map/share/map/local_setup.dsv
[19.691s] -- Installing: /home/evan/code/ndt-loc/install/map/share/map/package.dsv
[19.691s] -- Up-to-date: /home/evan/code/ndt-loc/install/map/share/ament_index/resource_index/packages/map
[19.691s] -- Up-to-date: /home/evan/code/ndt-loc/install/map/share/map/cmake/ament_cmake_export_include_directories-extras.cmake
[19.692s] -- Up-to-date: /home/evan/code/ndt-loc/install/map/share/map/cmake/mapConfig.cmake
[19.692s] -- Up-to-date: /home/evan/code/ndt-loc/install/map/share/map/cmake/mapConfig-version.cmake
[19.692s] -- Up-to-date: /home/evan/code/ndt-loc/install/map/share/map/package.xml
[19.698s] Invoked command in '/home/evan/code/ndt-loc/build/map' returned '0': CMAKE_PREFIX_PATH=${CMAKE_PREFIX_PATH}:/opt/ros/humble /usr/bin/cmake --install /home/evan/code/ndt-loc/build/map
