[0.021s] Invoking command in '/home/evan/code/ndt-loc/build/map': CMAKE_PREFIX_PATH=${CMAKE_PREFIX_PATH}:/opt/ros/humble /usr/bin/cmake --build /home/evan/code/ndt-loc/build/map -- -j4 -l4
[0.047s] -- Found ament_cmake: 1.3.3 (/opt/ros/humble/share/ament_cmake/cmake)
[0.246s] -- Found rclcpp: 16.0.3 (/opt/ros/humble/share/rclcpp/cmake)
[0.288s] -- Found rosidl_generator_c: 3.1.4 (/opt/ros/humble/share/rosidl_generator_c/cmake)
[0.292s] -- Found rosidl_adapter: 3.1.4 (/opt/ros/humble/share/rosidl_adapter/cmake)
[0.299s] -- Found rosidl_generator_cpp: 3.1.4 (/opt/ros/humble/share/rosidl_generator_cpp/cmake)
[0.313s] -- Using all available rosidl_typesupport_c: rosidl_typesupport_fastrtps_c;rosidl_typesupport_introspection_c
[0.331s] -- Using all available rosidl_typesupport_cpp: rosidl_typesupport_fastrtps_cpp;rosidl_typesupport_introspection_cpp
[0.399s] -- Found rmw_implementation_cmake: 6.1.1 (/opt/ros/humble/share/rmw_implementation_cmake/cmake)
[0.401s] -- Found rmw_fastrtps_cpp: 6.2.2 (/opt/ros/humble/share/rmw_fastrtps_cpp/cmake)
[0.581s] -- Using RMW implementation 'rmw_fastrtps_cpp' as default
[0.760s] -- Found sensor_msgs: 4.2.3 (/opt/ros/humble/share/sensor_msgs/cmake)
[0.924s] -- Eigen found (include: /usr/include/eigen3, version: 3.4.0)
[0.955s] -- FLANN found (include: /usr/include, lib: /usr/lib/x86_64-linux-gnu/libflann_cpp.so)
[1.276s] -- OpenNI found (version: 1.5.4.0, include: /usr/include/ni, lib: /usr/lib/libOpenNI.so;libusb::libusb)
[1.286s] [0m** WARNING ** io features related to pcap will be disabled[0m
[1.286s] -- OpenNI2 found (version: 2.2.0.33, include: /usr/include/openni2, lib: /usr/lib/x86_64-linux-gnu/libOpenNI2.so;libusb::libusb)
[1.448s] -- Eigen found (include: /usr/include/eigen3, version: 3.4.0)
[1.455s] -- OpenNI found (version: 1.5.4.0, include: /usr/include/ni, lib: /usr/lib/libOpenNI.so;libusb::libusb)
[1.462s] -- OpenNI2 found (version: 2.2.0.33, include: /usr/include/openni2, lib: /usr/lib/x86_64-linux-gnu/libOpenNI2.so;libusb::libusb)
[1.619s] -- Found Qhull version 8.0.2
[1.777s] -- OpenNI found (version: 1.5.4.0, include: /usr/include/ni, lib: /usr/lib/libOpenNI.so;libusb::libusb)
[1.940s] -- looking for PCL_COMMON
[1.941s] -- looking for PCL_KDTREE
[1.941s] -- looking for PCL_OCTREE
[1.942s] -- looking for PCL_SEARCH
[1.942s] -- looking for PCL_SAMPLE_CONSENSUS
[1.942s] -- looking for PCL_FILTERS
[1.943s] -- looking for PCL_2D
[1.943s] -- looking for PCL_GEOMETRY
[1.944s] -- looking for PCL_IO
[1.944s] -- looking for PCL_FEATURES
[1.944s] -- looking for PCL_ML
[1.944s] -- looking for PCL_SEGMENTATION
[1.945s] -- looking for PCL_VISUALIZATION
[1.945s] -- looking for PCL_SURFACE
[1.946s] -- looking for PCL_REGISTRATION
[1.946s] -- looking for PCL_KEYPOINTS
[1.947s] -- looking for PCL_TRACKING
[1.947s] -- looking for PCL_RECOGNITION
[1.948s] -- looking for PCL_STEREO
[1.948s] -- looking for PCL_APPS
[1.949s] -- looking for PCL_IN_HAND_SCANNER
[1.950s] -- looking for PCL_MODELER
[1.950s] -- looking for PCL_POINT_CLOUD_EDITOR
[1.950s] -- looking for PCL_OUTOFCORE
[1.951s] -- looking for PCL_PEOPLE
[1.953s] -- Found pcl_conversions: 2.4.0 (/opt/ros/humble/share/pcl_conversions/cmake)
[2.262s] -- Configuring done
[2.305s] -- Generating done
[2.308s] -- Build files have been written to: /home/evan/code/ndt-loc/build/map
[2.344s] [35m[1mConsolidate compiler generated dependencies of target LidarData[0m
[2.376s] [ 50%] [32m[1mLinking CXX executable LidarData[0m
[2.838s] [100%] Built target LidarData
[2.850s] Invoked command in '/home/evan/code/ndt-loc/build/map' returned '0': CMAKE_PREFIX_PATH=${CMAKE_PREFIX_PATH}:/opt/ros/humble /usr/bin/cmake --build /home/evan/code/ndt-loc/build/map -- -j4 -l4
[2.879s] Invoking command in '/home/evan/code/ndt-loc/build/map': CMAKE_PREFIX_PATH=${CMAKE_PREFIX_PATH}:/opt/ros/humble /usr/bin/cmake --install /home/evan/code/ndt-loc/build/map
[2.886s] -- Install configuration: ""
[2.886s] -- Installing: /home/evan/code/ndt-loc/install/map/lib/map/LidarData
[2.888s] -- Set runtime path of "/home/evan/code/ndt-loc/install/map/lib/map/LidarData" to ""
[2.888s] -- Up-to-date: /home/evan/code/ndt-loc/install/map/share/ament_index/resource_index/package_run_dependencies/map
[2.888s] -- Up-to-date: /home/evan/code/ndt-loc/install/map/share/ament_index/resource_index/parent_prefix_path/map
[2.888s] -- Up-to-date: /home/evan/code/ndt-loc/install/map/share/map/environment/ament_prefix_path.sh
[2.889s] -- Installing: /home/evan/code/ndt-loc/install/map/share/map/environment/ament_prefix_path.dsv
[2.889s] -- Up-to-date: /home/evan/code/ndt-loc/install/map/share/map/environment/path.sh
[2.889s] -- Installing: /home/evan/code/ndt-loc/install/map/share/map/environment/path.dsv
[2.889s] -- Up-to-date: /home/evan/code/ndt-loc/install/map/share/map/local_setup.bash
[2.889s] -- Up-to-date: /home/evan/code/ndt-loc/install/map/share/map/local_setup.sh
[2.889s] -- Up-to-date: /home/evan/code/ndt-loc/install/map/share/map/local_setup.zsh
[2.889s] -- Installing: /home/evan/code/ndt-loc/install/map/share/map/local_setup.dsv
[2.889s] -- Installing: /home/evan/code/ndt-loc/install/map/share/map/package.dsv
[2.889s] -- Up-to-date: /home/evan/code/ndt-loc/install/map/share/ament_index/resource_index/packages/map
[2.889s] -- Up-to-date: /home/evan/code/ndt-loc/install/map/share/map/cmake/ament_cmake_export_include_directories-extras.cmake
[2.889s] -- Up-to-date: /home/evan/code/ndt-loc/install/map/share/map/cmake/mapConfig.cmake
[2.890s] -- Up-to-date: /home/evan/code/ndt-loc/install/map/share/map/cmake/mapConfig-version.cmake
[2.890s] -- Up-to-date: /home/evan/code/ndt-loc/install/map/share/map/package.xml
[2.893s] Invoked command in '/home/evan/code/ndt-loc/build/map' returned '0': CMAKE_PREFIX_PATH=${CMAKE_PREFIX_PATH}:/opt/ros/humble /usr/bin/cmake --install /home/evan/code/ndt-loc/build/map
