[0.026s] Invoking command in '/home/evan/code/ndt-loc/build/map': CMAKE_PREFIX_PATH=${CMAKE_PREFIX_PATH}:/opt/ros/humble /usr/bin/cmake --build /home/evan/code/ndt-loc/build/map -- -j4 -l4
[0.119s] [35m[1mConsolidate compiler generated dependencies of target image_projection_node[0m
[0.185s] [ 12%] [32mBuilding CXX object CMakeFiles/lidar_data_node.dir/src/LidarData.cpp.o[0m
[0.199s] [ 25%] [32mBuilding CXX object CMakeFiles/front_end_node.dir/src/FrontEnd.cpp.o[0m
[0.208s] [ 37%] [32mBuilding CXX object CMakeFiles/show_map_node.dir/src/ShowMap.cpp.o[0m
[0.256s] [ 50%] [32mBuilding CXX object CMakeFiles/image_projection_node.dir/src/ImageProjection.cpp.o[0m
[60.727s] [100%] [32m[1mLinking CXX executable front_end_node[0m
[60.767s] [100%] [32m[1mLinking CXX executable show_map_node[0m
[60.768s] [100%] [32m[1mLinking CXX executable image_projection_node[0m
[60.768s] [100%] [32m[1mLinking CXX executable lidar_data_node[0m
[84.628s] [100%] Built target lidar_data_node
[86.019s] [100%] Built target front_end_node
[86.151s] [100%] Built target show_map_node
[86.195s] [100%] Built target image_projection_node
[86.378s] Invoked command in '/home/evan/code/ndt-loc/build/map' returned '0': CMAKE_PREFIX_PATH=${CMAKE_PREFIX_PATH}:/opt/ros/humble /usr/bin/cmake --build /home/evan/code/ndt-loc/build/map -- -j4 -l4
[86.545s] Invoking command in '/home/evan/code/ndt-loc/build/map': CMAKE_PREFIX_PATH=${CMAKE_PREFIX_PATH}:/opt/ros/humble /usr/bin/cmake --install /home/evan/code/ndt-loc/build/map
[86.643s] -- Install configuration: ""
[86.750s] -- Installing: /home/evan/code/ndt-loc/install/map/lib/map/lidar_data_node
[86.824s] -- Set runtime path of "/home/evan/code/ndt-loc/install/map/lib/map/lidar_data_node" to ""
[86.825s] -- Installing: /home/evan/code/ndt-loc/install/map/lib/map/image_projection_node
[86.830s] -- Set runtime path of "/home/evan/code/ndt-loc/install/map/lib/map/image_projection_node" to ""
[86.910s] -- Installing: /home/evan/code/ndt-loc/install/map/lib/map/front_end_node
[86.941s] -- Set runtime path of "/home/evan/code/ndt-loc/install/map/lib/map/front_end_node" to ""
[87.060s] -- Installing: /home/evan/code/ndt-loc/install/map/lib/map/show_map_node
[87.075s] -- Set runtime path of "/home/evan/code/ndt-loc/install/map/lib/map/show_map_node" to ""
[87.076s] -- Up-to-date: /home/evan/code/ndt-loc/install/map/share/ament_index/resource_index/package_run_dependencies/map
[87.077s] -- Up-to-date: /home/evan/code/ndt-loc/install/map/share/ament_index/resource_index/parent_prefix_path/map
[87.077s] -- Up-to-date: /home/evan/code/ndt-loc/install/map/share/map/environment/ament_prefix_path.sh
[87.077s] -- Up-to-date: /home/evan/code/ndt-loc/install/map/share/map/environment/ament_prefix_path.dsv
[87.077s] -- Up-to-date: /home/evan/code/ndt-loc/install/map/share/map/environment/path.sh
[87.078s] -- Up-to-date: /home/evan/code/ndt-loc/install/map/share/map/environment/path.dsv
[87.078s] -- Up-to-date: /home/evan/code/ndt-loc/install/map/share/map/local_setup.bash
[87.078s] -- Up-to-date: /home/evan/code/ndt-loc/install/map/share/map/local_setup.sh
[87.078s] -- Up-to-date: /home/evan/code/ndt-loc/install/map/share/map/local_setup.zsh
[87.079s] -- Up-to-date: /home/evan/code/ndt-loc/install/map/share/map/local_setup.dsv
[87.079s] -- Installing: /home/evan/code/ndt-loc/install/map/share/map/package.dsv
[87.114s] -- Up-to-date: /home/evan/code/ndt-loc/install/map/share/ament_index/resource_index/packages/map
[87.115s] -- Up-to-date: /home/evan/code/ndt-loc/install/map/share/map/cmake/ament_cmake_export_include_directories-extras.cmake
[87.136s] -- Up-to-date: /home/evan/code/ndt-loc/install/map/share/map/cmake/mapConfig.cmake
[87.136s] -- Up-to-date: /home/evan/code/ndt-loc/install/map/share/map/cmake/mapConfig-version.cmake
[87.137s] -- Up-to-date: /home/evan/code/ndt-loc/install/map/share/map/package.xml
[87.182s] Invoked command in '/home/evan/code/ndt-loc/build/map' returned '0': CMAKE_PREFIX_PATH=${CMAKE_PREFIX_PATH}:/opt/ros/humble /usr/bin/cmake --install /home/evan/code/ndt-loc/build/map
