[0.118s] Invoking command in '/home/evan/code/ndt-loc/build/map': CMAKE_PREFIX_PATH=${CMAKE_PREFIX_PATH}:/opt/ros/humble /usr/bin/cmake --build /home/evan/code/ndt-loc/build/map -- -j4 -l4
[0.264s] [ 33%] Built target show_map_node
[0.342s] [35m[1mConsolidate compiler generated dependencies of target lidar_data_node[0m
[0.384s] [ 50%] [32mBuilding CXX object CMakeFiles/front_end_node.dir/src/FrontEnd.cpp.o[0m
[0.394s] [ 66%] [32mBuilding CXX object CMakeFiles/lidar_data_node.dir/src/LidarData.cpp.o[0m
[27.055s] [ 83%] [32m[1mLinking CXX executable lidar_data_node[0m
[38.032s] [100%] [32m[1mLinking CXX executable front_end_node[0m
[45.612s] [100%] Built target lidar_data_node
[47.469s] [100%] Built target front_end_node
[47.482s] Invoked command in '/home/evan/code/ndt-loc/build/map' returned '0': CMAKE_PREFIX_PATH=${CMAKE_PREFIX_PATH}:/opt/ros/humble /usr/bin/cmake --build /home/evan/code/ndt-loc/build/map -- -j4 -l4
[47.860s] Invoking command in '/home/evan/code/ndt-loc/build/map': CMAKE_PREFIX_PATH=${CMAKE_PREFIX_PATH}:/opt/ros/humble /usr/bin/cmake --install /home/evan/code/ndt-loc/build/map
[47.991s] -- Install configuration: ""
[48.020s] -- Installing: /home/evan/code/ndt-loc/install/map/lib/map/lidar_data_node
[48.042s] -- Set runtime path of "/home/evan/code/ndt-loc/install/map/lib/map/lidar_data_node" to ""
[48.043s] -- Installing: /home/evan/code/ndt-loc/install/map/lib/map/front_end_node
[48.095s] -- Set runtime path of "/home/evan/code/ndt-loc/install/map/lib/map/front_end_node" to ""
[48.200s] -- Up-to-date: /home/evan/code/ndt-loc/install/map/lib/map/show_map_node
[48.284s] -- Up-to-date: /home/evan/code/ndt-loc/install/map/share/ament_index/resource_index/package_run_dependencies/map
[48.285s] -- Up-to-date: /home/evan/code/ndt-loc/install/map/share/ament_index/resource_index/parent_prefix_path/map
[48.285s] -- Up-to-date: /home/evan/code/ndt-loc/install/map/share/map/environment/ament_prefix_path.sh
[48.286s] -- Up-to-date: /home/evan/code/ndt-loc/install/map/share/map/environment/ament_prefix_path.dsv
[48.286s] -- Up-to-date: /home/evan/code/ndt-loc/install/map/share/map/environment/path.sh
[48.287s] -- Up-to-date: /home/evan/code/ndt-loc/install/map/share/map/environment/path.dsv
[48.287s] -- Up-to-date: /home/evan/code/ndt-loc/install/map/share/map/local_setup.bash
[48.287s] -- Up-to-date: /home/evan/code/ndt-loc/install/map/share/map/local_setup.sh
[48.287s] -- Up-to-date: /home/evan/code/ndt-loc/install/map/share/map/local_setup.zsh
[48.288s] -- Up-to-date: /home/evan/code/ndt-loc/install/map/share/map/local_setup.dsv
[48.288s] -- Installing: /home/evan/code/ndt-loc/install/map/share/map/package.dsv
[48.288s] -- Up-to-date: /home/evan/code/ndt-loc/install/map/share/ament_index/resource_index/packages/map
[48.288s] -- Up-to-date: /home/evan/code/ndt-loc/install/map/share/map/cmake/ament_cmake_export_include_directories-extras.cmake
[48.361s] -- Up-to-date: /home/evan/code/ndt-loc/install/map/share/map/cmake/mapConfig.cmake
[48.361s] -- Up-to-date: /home/evan/code/ndt-loc/install/map/share/map/cmake/mapConfig-version.cmake
[48.362s] -- Up-to-date: /home/evan/code/ndt-loc/install/map/share/map/package.xml
[48.375s] Invoked command in '/home/evan/code/ndt-loc/build/map' returned '0': CMAKE_PREFIX_PATH=${CMAKE_PREFIX_PATH}:/opt/ros/humble /usr/bin/cmake --install /home/evan/code/ndt-loc/build/map
