[0.465s] DEBUG:colcon:Command line arguments: ['/usr/bin/colcon', 'build', '--packages-select', 'data-publisher']
[0.465s] DEBUG:colcon:Parsed command line arguments: Namespace(log_base=None, log_level=None, verb_name='build', build_base='build', install_base='install', merge_install=False, symlink_install=False, test_result_base=None, continue_on_error=False, executor='parallel', parallel_workers=4, event_handlers=None, ignore_user_meta=False, metas=['./colcon.meta'], base_paths=['.'], packages_ignore=None, packages_ignore_regex=None, paths=None, packages_up_to=None, packages_up_to_regex=None, packages_above=None, packages_above_and_dependencies=None, packages_above_depth=None, packages_select_by_dep=None, packages_skip_by_dep=None, packages_skip_up_to=None, packages_select_build_failed=False, packages_skip_build_finished=False, packages_select_test_failures=False, packages_skip_test_passed=False, packages_select=['data-publisher'], packages_skip=None, packages_select_regex=None, packages_skip_regex=None, packages_start=None, packages_end=None, allow_overriding=[], cmake_args=None, cmake_target=None, cmake_target_skip_unavailable=False, cmake_clean_cache=False, cmake_clean_first=False, cmake_force_configure=False, ament_cmake_args=None, catkin_cmake_args=None, catkin_skip_building_tests=False, verb_parser=<colcon_defaults.argument_parser.defaults.DefaultArgumentsDecorator object at 0x7f97e83c64d0>, verb_extension=<colcon_core.verb.build.BuildVerb object at 0x7f97e8c22a10>, main=<bound method BuildVerb.main of <colcon_core.verb.build.BuildVerb object at 0x7f97e8c22a10>>)
[0.521s] Level 1:colcon.colcon_core.package_discovery:discover_packages(colcon_meta) check parameters
[0.521s] Level 1:colcon.colcon_core.package_discovery:discover_packages(recursive) check parameters
[0.521s] Level 1:colcon.colcon_core.package_discovery:discover_packages(ignore) check parameters
[0.521s] Level 1:colcon.colcon_core.package_discovery:discover_packages(path) check parameters
[0.521s] Level 1:colcon.colcon_core.package_discovery:discover_packages(colcon_meta) discover
[0.521s] Level 1:colcon.colcon_core.package_discovery:discover_packages(recursive) discover
[0.521s] INFO:colcon.colcon_core.package_discovery:Crawling recursively for packages in '/home/evan/code/ndt-loc'
[0.521s] Level 1:colcon.colcon_core.package_identification:_identify(.) by extensions ['ignore', 'ignore_ament_install']
[0.521s] Level 1:colcon.colcon_core.package_identification:_identify(.) by extension 'ignore'
[0.521s] Level 1:colcon.colcon_core.package_identification:_identify(.) by extension 'ignore_ament_install'
[0.521s] Level 1:colcon.colcon_core.package_identification:_identify(.) by extensions ['colcon_pkg']
[0.522s] Level 1:colcon.colcon_core.package_identification:_identify(.) by extension 'colcon_pkg'
[0.522s] Level 1:colcon.colcon_core.package_identification:_identify(.) by extensions ['colcon_meta']
[0.522s] Level 1:colcon.colcon_core.package_identification:_identify(.) by extension 'colcon_meta'
[0.522s] Level 1:colcon.colcon_core.package_identification:_identify(.) by extensions ['ros']
[0.522s] Level 1:colcon.colcon_core.package_identification:_identify(.) by extension 'ros'
[0.534s] Level 1:colcon.colcon_core.package_identification:_identify(.) by extensions ['cmake', 'python']
[0.534s] Level 1:colcon.colcon_core.package_identification:_identify(.) by extension 'cmake'
[0.534s] Level 1:colcon.colcon_core.package_identification:_identify(.) by extension 'python'
[0.534s] Level 1:colcon.colcon_core.package_identification:_identify(.) by extensions ['python_setup_py']
[0.534s] Level 1:colcon.colcon_core.package_identification:_identify(.) by extension 'python_setup_py'
[0.534s] Level 1:colcon.colcon_core.package_identification:_identify(build) by extensions ['ignore', 'ignore_ament_install']
[0.534s] Level 1:colcon.colcon_core.package_identification:_identify(build) by extension 'ignore'
[0.534s] Level 1:colcon.colcon_core.package_identification:_identify(build) ignored
[0.534s] Level 1:colcon.colcon_core.package_identification:_identify(install) by extensions ['ignore', 'ignore_ament_install']
[0.535s] Level 1:colcon.colcon_core.package_identification:_identify(install) by extension 'ignore'
[0.535s] Level 1:colcon.colcon_core.package_identification:_identify(install) ignored
[0.535s] Level 1:colcon.colcon_core.package_identification:_identify(log) by extensions ['ignore', 'ignore_ament_install']
[0.535s] Level 1:colcon.colcon_core.package_identification:_identify(log) by extension 'ignore'
[0.535s] Level 1:colcon.colcon_core.package_identification:_identify(log) ignored
[0.535s] Level 1:colcon.colcon_core.package_identification:_identify(src) by extensions ['ignore', 'ignore_ament_install']
[0.535s] Level 1:colcon.colcon_core.package_identification:_identify(src) by extension 'ignore'
[0.535s] Level 1:colcon.colcon_core.package_identification:_identify(src) by extension 'ignore_ament_install'
[0.536s] Level 1:colcon.colcon_core.package_identification:_identify(src) by extensions ['colcon_pkg']
[0.536s] Level 1:colcon.colcon_core.package_identification:_identify(src) by extension 'colcon_pkg'
[0.536s] Level 1:colcon.colcon_core.package_identification:_identify(src) by extensions ['colcon_meta']
[0.536s] Level 1:colcon.colcon_core.package_identification:_identify(src) by extension 'colcon_meta'
[0.536s] Level 1:colcon.colcon_core.package_identification:_identify(src) by extensions ['ros']
[0.536s] Level 1:colcon.colcon_core.package_identification:_identify(src) by extension 'ros'
[0.536s] Level 1:colcon.colcon_core.package_identification:_identify(src) by extensions ['cmake', 'python']
[0.536s] Level 1:colcon.colcon_core.package_identification:_identify(src) by extension 'cmake'
[0.536s] Level 1:colcon.colcon_core.package_identification:_identify(src) by extension 'python'
[0.536s] Level 1:colcon.colcon_core.package_identification:_identify(src) by extensions ['python_setup_py']
[0.536s] Level 1:colcon.colcon_core.package_identification:_identify(src) by extension 'python_setup_py'
[0.536s] Level 1:colcon.colcon_core.package_identification:_identify(src/a-loam) by extensions ['ignore', 'ignore_ament_install']
[0.536s] Level 1:colcon.colcon_core.package_identification:_identify(src/a-loam) by extension 'ignore'
[0.536s] Level 1:colcon.colcon_core.package_identification:_identify(src/a-loam) by extension 'ignore_ament_install'
[0.536s] Level 1:colcon.colcon_core.package_identification:_identify(src/a-loam) by extensions ['colcon_pkg']
[0.536s] Level 1:colcon.colcon_core.package_identification:_identify(src/a-loam) by extension 'colcon_pkg'
[0.536s] Level 1:colcon.colcon_core.package_identification:_identify(src/a-loam) by extensions ['colcon_meta']
[0.537s] Level 1:colcon.colcon_core.package_identification:_identify(src/a-loam) by extension 'colcon_meta'
[0.537s] Level 1:colcon.colcon_core.package_identification:_identify(src/a-loam) by extensions ['ros']
[0.537s] Level 1:colcon.colcon_core.package_identification:_identify(src/a-loam) by extension 'ros'
[0.539s] DEBUG:colcon.colcon_core.package_identification:Package 'src/a-loam' with type 'ros.ament_cmake' and name 'a-loam'
[0.539s] Level 1:colcon.colcon_core.package_identification:_identify(src/cloud_msgs) by extensions ['ignore', 'ignore_ament_install']
[0.539s] Level 1:colcon.colcon_core.package_identification:_identify(src/cloud_msgs) by extension 'ignore'
[0.539s] Level 1:colcon.colcon_core.package_identification:_identify(src/cloud_msgs) by extension 'ignore_ament_install'
[0.539s] Level 1:colcon.colcon_core.package_identification:_identify(src/cloud_msgs) by extensions ['colcon_pkg']
[0.539s] Level 1:colcon.colcon_core.package_identification:_identify(src/cloud_msgs) by extension 'colcon_pkg'
[0.539s] Level 1:colcon.colcon_core.package_identification:_identify(src/cloud_msgs) by extensions ['colcon_meta']
[0.540s] Level 1:colcon.colcon_core.package_identification:_identify(src/cloud_msgs) by extension 'colcon_meta'
[0.540s] Level 1:colcon.colcon_core.package_identification:_identify(src/cloud_msgs) by extensions ['ros']
[0.540s] Level 1:colcon.colcon_core.package_identification:_identify(src/cloud_msgs) by extension 'ros'
[0.540s] DEBUG:colcon.colcon_core.package_identification:Package 'src/cloud_msgs' with type 'ros.ament_cmake' and name 'cloud_msgs'
[0.540s] Level 1:colcon.colcon_core.package_identification:_identify(src/data-publisher) by extensions ['ignore', 'ignore_ament_install']
[0.540s] Level 1:colcon.colcon_core.package_identification:_identify(src/data-publisher) by extension 'ignore'
[0.540s] Level 1:colcon.colcon_core.package_identification:_identify(src/data-publisher) by extension 'ignore_ament_install'
[0.541s] Level 1:colcon.colcon_core.package_identification:_identify(src/data-publisher) by extensions ['colcon_pkg']
[0.541s] Level 1:colcon.colcon_core.package_identification:_identify(src/data-publisher) by extension 'colcon_pkg'
[0.541s] Level 1:colcon.colcon_core.package_identification:_identify(src/data-publisher) by extensions ['colcon_meta']
[0.541s] Level 1:colcon.colcon_core.package_identification:_identify(src/data-publisher) by extension 'colcon_meta'
[0.541s] Level 1:colcon.colcon_core.package_identification:_identify(src/data-publisher) by extensions ['ros']
[0.541s] Level 1:colcon.colcon_core.package_identification:_identify(src/data-publisher) by extension 'ros'
[0.542s] DEBUG:colcon.colcon_core.package_identification:Package 'src/data-publisher' with type 'ros.ament_cmake' and name 'data-publisher'
[0.542s] Level 1:colcon.colcon_core.package_identification:_identify(src/map) by extensions ['ignore', 'ignore_ament_install']
[0.542s] Level 1:colcon.colcon_core.package_identification:_identify(src/map) by extension 'ignore'
[0.542s] Level 1:colcon.colcon_core.package_identification:_identify(src/map) by extension 'ignore_ament_install'
[0.542s] Level 1:colcon.colcon_core.package_identification:_identify(src/map) by extensions ['colcon_pkg']
[0.542s] Level 1:colcon.colcon_core.package_identification:_identify(src/map) by extension 'colcon_pkg'
[0.542s] Level 1:colcon.colcon_core.package_identification:_identify(src/map) by extensions ['colcon_meta']
[0.542s] Level 1:colcon.colcon_core.package_identification:_identify(src/map) by extension 'colcon_meta'
[0.542s] Level 1:colcon.colcon_core.package_identification:_identify(src/map) by extensions ['ros']
[0.542s] Level 1:colcon.colcon_core.package_identification:_identify(src/map) by extension 'ros'
[0.543s] DEBUG:colcon.colcon_core.package_identification:Package 'src/map' with type 'ros.ament_cmake' and name 'map'
[0.543s] Level 1:colcon.colcon_core.package_identification:_identify(src/ndt-lidar-radar) by extensions ['ignore', 'ignore_ament_install']
[0.543s] Level 1:colcon.colcon_core.package_identification:_identify(src/ndt-lidar-radar) by extension 'ignore'
[0.544s] Level 1:colcon.colcon_core.package_identification:_identify(src/ndt-lidar-radar) by extension 'ignore_ament_install'
[0.544s] Level 1:colcon.colcon_core.package_identification:_identify(src/ndt-lidar-radar) by extensions ['colcon_pkg']
[0.544s] Level 1:colcon.colcon_core.package_identification:_identify(src/ndt-lidar-radar) by extension 'colcon_pkg'
[0.544s] Level 1:colcon.colcon_core.package_identification:_identify(src/ndt-lidar-radar) by extensions ['colcon_meta']
[0.544s] Level 1:colcon.colcon_core.package_identification:_identify(src/ndt-lidar-radar) by extension 'colcon_meta'
[0.544s] Level 1:colcon.colcon_core.package_identification:_identify(src/ndt-lidar-radar) by extensions ['ros']
[0.544s] Level 1:colcon.colcon_core.package_identification:_identify(src/ndt-lidar-radar) by extension 'ros'
[0.545s] DEBUG:colcon.colcon_core.package_identification:Package 'src/ndt-lidar-radar' with type 'ros.ament_cmake' and name 'ndt-lidar-radar'
[0.545s] Level 1:colcon.colcon_core.package_identification:_identify(src/radar-data) by extensions ['ignore', 'ignore_ament_install']
[0.545s] Level 1:colcon.colcon_core.package_identification:_identify(src/radar-data) by extension 'ignore'
[0.545s] Level 1:colcon.colcon_core.package_identification:_identify(src/radar-data) by extension 'ignore_ament_install'
[0.545s] Level 1:colcon.colcon_core.package_identification:_identify(src/radar-data) by extensions ['colcon_pkg']
[0.545s] Level 1:colcon.colcon_core.package_identification:_identify(src/radar-data) by extension 'colcon_pkg'
[0.545s] Level 1:colcon.colcon_core.package_identification:_identify(src/radar-data) by extensions ['colcon_meta']
[0.545s] Level 1:colcon.colcon_core.package_identification:_identify(src/radar-data) by extension 'colcon_meta'
[0.545s] Level 1:colcon.colcon_core.package_identification:_identify(src/radar-data) by extensions ['ros']
[0.545s] Level 1:colcon.colcon_core.package_identification:_identify(src/radar-data) by extension 'ros'
[0.546s] DEBUG:colcon.colcon_core.package_identification:Package 'src/radar-data' with type 'ros.ament_cmake' and name 'radar-data'
[0.546s] Level 1:colcon.colcon_core.package_discovery:discover_packages(recursive) using defaults
[0.546s] Level 1:colcon.colcon_core.package_discovery:discover_packages(ignore) discover
[0.546s] Level 1:colcon.colcon_core.package_discovery:discover_packages(ignore) using defaults
[0.546s] Level 1:colcon.colcon_core.package_discovery:discover_packages(path) discover
[0.546s] Level 1:colcon.colcon_core.package_discovery:discover_packages(path) using defaults
[0.575s] INFO:colcon.colcon_core.package_selection:Skipping not selected package 'a-loam' in 'src/a-loam'
[0.575s] INFO:colcon.colcon_core.package_selection:Skipping not selected package 'cloud_msgs' in 'src/cloud_msgs'
[0.575s] INFO:colcon.colcon_core.package_selection:Skipping not selected package 'map' in 'src/map'
[0.575s] INFO:colcon.colcon_core.package_selection:Skipping not selected package 'ndt-lidar-radar' in 'src/ndt-lidar-radar'
[0.575s] INFO:colcon.colcon_core.package_selection:Skipping not selected package 'radar-data' in 'src/radar-data'
[0.576s] Level 1:colcon.colcon_core.package_discovery:discover_packages(prefix_path) check parameters
[0.576s] Level 1:colcon.colcon_core.package_discovery:discover_packages(prefix_path) discover
[0.580s] DEBUG:colcon.colcon_installed_package_information.package_discovery:Found 5 installed packages in /home/evan/code/ndt-loc/install
[0.582s] DEBUG:colcon.colcon_installed_package_information.package_discovery:Found 270 installed packages in /opt/ros/humble
[0.584s] Level 1:colcon.colcon_core.package_discovery:discover_packages(prefix_path) using defaults
[0.821s] Level 5:colcon.colcon_core.verb:set package 'data-publisher' build argument 'cmake_args' from command line to 'None'
[0.821s] Level 5:colcon.colcon_core.verb:set package 'data-publisher' build argument 'cmake_target' from command line to 'None'
[0.821s] Level 5:colcon.colcon_core.verb:set package 'data-publisher' build argument 'cmake_target_skip_unavailable' from command line to 'False'
[0.821s] Level 5:colcon.colcon_core.verb:set package 'data-publisher' build argument 'cmake_clean_cache' from command line to 'False'
[0.821s] Level 5:colcon.colcon_core.verb:set package 'data-publisher' build argument 'cmake_clean_first' from command line to 'False'
[0.822s] Level 5:colcon.colcon_core.verb:set package 'data-publisher' build argument 'cmake_force_configure' from command line to 'False'
[0.822s] Level 5:colcon.colcon_core.verb:set package 'data-publisher' build argument 'ament_cmake_args' from command line to 'None'
[0.822s] Level 5:colcon.colcon_core.verb:set package 'data-publisher' build argument 'catkin_cmake_args' from command line to 'None'
[0.822s] Level 5:colcon.colcon_core.verb:set package 'data-publisher' build argument 'catkin_skip_building_tests' from command line to 'False'
[0.822s] DEBUG:colcon.colcon_core.verb:Building package 'data-publisher' with the following arguments: {'ament_cmake_args': None, 'build_base': '/home/evan/code/ndt-loc/build/data-publisher', 'catkin_cmake_args': None, 'catkin_skip_building_tests': False, 'cmake_args': None, 'cmake_clean_cache': False, 'cmake_clean_first': False, 'cmake_force_configure': False, 'cmake_target': None, 'cmake_target_skip_unavailable': False, 'install_base': '/home/evan/code/ndt-loc/install/data-publisher', 'merge_install': False, 'path': '/home/evan/code/ndt-loc/src/data-publisher', 'symlink_install': False, 'test_result_base': None}
[0.822s] INFO:colcon.colcon_core.executor:Executing jobs using 'parallel' executor
[0.826s] DEBUG:colcon.colcon_parallel_executor.executor.parallel:run_until_complete
[0.826s] INFO:colcon.colcon_ros.task.ament_cmake.build:Building ROS package in '/home/evan/code/ndt-loc/src/data-publisher' with build type 'ament_cmake'
[0.826s] INFO:colcon.colcon_cmake.task.cmake.build:Building CMake package in '/home/evan/code/ndt-loc/src/data-publisher'
[0.863s] INFO:colcon.colcon_core.plugin_system:Skipping extension 'colcon_core.shell.bat': Not used on non-Windows systems
[0.863s] INFO:colcon.colcon_core.shell:Skip shell extension 'powershell' for command environment: Not usable outside of PowerShell
[0.863s] DEBUG:colcon.colcon_core.shell:Skip shell extension 'dsv' for command environment
[0.946s] DEBUG:colcon.colcon_core.event_handler.log_command:Invoking command in '/home/evan/code/ndt-loc/build/data-publisher': CMAKE_PREFIX_PATH=${CMAKE_PREFIX_PATH}:/opt/ros/humble /usr/bin/cmake --build /home/evan/code/ndt-loc/build/data-publisher -- -j4 -l4
[19.435s] DEBUG:colcon.colcon_core.event_handler.log_command:Invoked command in '/home/evan/code/ndt-loc/build/data-publisher' returned '0': CMAKE_PREFIX_PATH=${CMAKE_PREFIX_PATH}:/opt/ros/humble /usr/bin/cmake --build /home/evan/code/ndt-loc/build/data-publisher -- -j4 -l4
[19.478s] DEBUG:colcon.colcon_core.event_handler.log_command:Invoking command in '/home/evan/code/ndt-loc/build/data-publisher': CMAKE_PREFIX_PATH=${CMAKE_PREFIX_PATH}:/opt/ros/humble /usr/bin/cmake --install /home/evan/code/ndt-loc/build/data-publisher
[19.609s] Level 1:colcon.colcon_core.environment:create_environment_scripts_only(data-publisher)
[19.612s] DEBUG:colcon.colcon_core.event_handler.log_command:Invoked command in '/home/evan/code/ndt-loc/build/data-publisher' returned '0': CMAKE_PREFIX_PATH=${CMAKE_PREFIX_PATH}:/opt/ros/humble /usr/bin/cmake --install /home/evan/code/ndt-loc/build/data-publisher
[19.683s] Level 1:colcon.colcon_core.environment:checking '/home/evan/code/ndt-loc/install/data-publisher' for CMake module files
[19.685s] Level 1:colcon.colcon_core.environment:checking '/home/evan/code/ndt-loc/install/data-publisher' for CMake config files
[19.686s] Level 1:colcon.colcon_core.shell:create_environment_hook('data-publisher', 'cmake_prefix_path')
[19.690s] INFO:colcon.colcon_core.shell:Creating environment hook '/home/evan/code/ndt-loc/install/data-publisher/share/data-publisher/hook/cmake_prefix_path.ps1'
[19.707s] INFO:colcon.colcon_core.shell:Creating environment descriptor '/home/evan/code/ndt-loc/install/data-publisher/share/data-publisher/hook/cmake_prefix_path.dsv'
[19.723s] INFO:colcon.colcon_core.shell:Creating environment hook '/home/evan/code/ndt-loc/install/data-publisher/share/data-publisher/hook/cmake_prefix_path.sh'
[19.725s] Level 1:colcon.colcon_core.environment:checking '/home/evan/code/ndt-loc/install/data-publisher/lib'
[19.726s] Level 1:colcon.colcon_core.environment:checking '/home/evan/code/ndt-loc/install/data-publisher/bin'
[19.726s] Level 1:colcon.colcon_core.environment:checking '/home/evan/code/ndt-loc/install/data-publisher/lib/pkgconfig/data-publisher.pc'
[19.726s] Level 1:colcon.colcon_core.environment:checking '/home/evan/code/ndt-loc/install/data-publisher/lib/python3.10/site-packages'
[19.727s] Level 1:colcon.colcon_core.environment:checking '/home/evan/code/ndt-loc/install/data-publisher/bin'
[19.729s] INFO:colcon.colcon_core.shell:Creating package script '/home/evan/code/ndt-loc/install/data-publisher/share/data-publisher/package.ps1'
[19.730s] INFO:colcon.colcon_core.shell:Creating package descriptor '/home/evan/code/ndt-loc/install/data-publisher/share/data-publisher/package.dsv'
[19.731s] INFO:colcon.colcon_core.shell:Creating package script '/home/evan/code/ndt-loc/install/data-publisher/share/data-publisher/package.sh'
[19.732s] INFO:colcon.colcon_core.shell:Creating package script '/home/evan/code/ndt-loc/install/data-publisher/share/data-publisher/package.bash'
[19.746s] INFO:colcon.colcon_core.shell:Creating package script '/home/evan/code/ndt-loc/install/data-publisher/share/data-publisher/package.zsh'
[19.807s] Level 1:colcon.colcon_core.environment:create_file_with_runtime_dependencies(/home/evan/code/ndt-loc/install/data-publisher/share/colcon-core/packages/data-publisher)
[19.875s] Level 1:colcon.colcon_core.environment:create_environment_scripts_only(data-publisher)
[19.879s] Level 1:colcon.colcon_core.environment:checking '/home/evan/code/ndt-loc/install/data-publisher' for CMake module files
[19.880s] Level 1:colcon.colcon_core.environment:checking '/home/evan/code/ndt-loc/install/data-publisher' for CMake config files
[19.881s] Level 1:colcon.colcon_core.shell:create_environment_hook('data-publisher', 'cmake_prefix_path')
[19.883s] INFO:colcon.colcon_core.shell:Creating environment hook '/home/evan/code/ndt-loc/install/data-publisher/share/data-publisher/hook/cmake_prefix_path.ps1'
[19.885s] INFO:colcon.colcon_core.shell:Creating environment descriptor '/home/evan/code/ndt-loc/install/data-publisher/share/data-publisher/hook/cmake_prefix_path.dsv'
[19.885s] INFO:colcon.colcon_core.shell:Creating environment hook '/home/evan/code/ndt-loc/install/data-publisher/share/data-publisher/hook/cmake_prefix_path.sh'
[19.887s] Level 1:colcon.colcon_core.environment:checking '/home/evan/code/ndt-loc/install/data-publisher/lib'
[19.887s] Level 1:colcon.colcon_core.environment:checking '/home/evan/code/ndt-loc/install/data-publisher/bin'
[19.887s] Level 1:colcon.colcon_core.environment:checking '/home/evan/code/ndt-loc/install/data-publisher/lib/pkgconfig/data-publisher.pc'
[19.888s] Level 1:colcon.colcon_core.environment:checking '/home/evan/code/ndt-loc/install/data-publisher/lib/python3.10/site-packages'
[19.888s] Level 1:colcon.colcon_core.environment:checking '/home/evan/code/ndt-loc/install/data-publisher/bin'
[19.890s] INFO:colcon.colcon_core.shell:Creating package script '/home/evan/code/ndt-loc/install/data-publisher/share/data-publisher/package.ps1'
[19.892s] INFO:colcon.colcon_core.shell:Creating package descriptor '/home/evan/code/ndt-loc/install/data-publisher/share/data-publisher/package.dsv'
[19.892s] INFO:colcon.colcon_core.shell:Creating package script '/home/evan/code/ndt-loc/install/data-publisher/share/data-publisher/package.sh'
[19.893s] INFO:colcon.colcon_core.shell:Creating package script '/home/evan/code/ndt-loc/install/data-publisher/share/data-publisher/package.bash'
[19.894s] INFO:colcon.colcon_core.shell:Creating package script '/home/evan/code/ndt-loc/install/data-publisher/share/data-publisher/package.zsh'
[19.895s] Level 1:colcon.colcon_core.environment:create_file_with_runtime_dependencies(/home/evan/code/ndt-loc/install/data-publisher/share/colcon-core/packages/data-publisher)
[19.895s] DEBUG:colcon.colcon_parallel_executor.executor.parallel:closing loop
[19.897s] DEBUG:colcon.colcon_parallel_executor.executor.parallel:loop closed
[19.897s] DEBUG:colcon.colcon_parallel_executor.executor.parallel:run_until_complete finished with '0'
[19.897s] DEBUG:colcon.colcon_core.event_reactor:joining thread
[19.934s] INFO:colcon.colcon_core.plugin_system:Skipping extension 'colcon_notification.desktop_notification.terminal_notifier': Not used on non-Darwin systems
[19.935s] INFO:colcon.colcon_core.plugin_system:Skipping extension 'colcon_notification.desktop_notification.win32': Not used on non-Windows systems
[19.935s] INFO:colcon.colcon_notification.desktop_notification:Sending desktop notification using 'notify2'
[19.962s] DEBUG:colcon.colcon_core.event_reactor:joined thread
[19.964s] INFO:colcon.colcon_core.shell:Creating prefix script '/home/evan/code/ndt-loc/install/local_setup.ps1'
[19.969s] INFO:colcon.colcon_core.shell:Creating prefix util module '/home/evan/code/ndt-loc/install/_local_setup_util_ps1.py'
[19.971s] INFO:colcon.colcon_core.shell:Creating prefix chain script '/home/evan/code/ndt-loc/install/setup.ps1'
[19.974s] INFO:colcon.colcon_core.shell:Creating prefix script '/home/evan/code/ndt-loc/install/local_setup.sh'
[19.975s] INFO:colcon.colcon_core.shell:Creating prefix util module '/home/evan/code/ndt-loc/install/_local_setup_util_sh.py'
[19.976s] INFO:colcon.colcon_core.shell:Creating prefix chain script '/home/evan/code/ndt-loc/install/setup.sh'
[19.979s] INFO:colcon.colcon_core.shell:Creating prefix script '/home/evan/code/ndt-loc/install/local_setup.bash'
[19.979s] INFO:colcon.colcon_core.shell:Creating prefix chain script '/home/evan/code/ndt-loc/install/setup.bash'
[19.982s] INFO:colcon.colcon_core.shell:Creating prefix script '/home/evan/code/ndt-loc/install/local_setup.zsh'
[20.018s] INFO:colcon.colcon_core.shell:Creating prefix chain script '/home/evan/code/ndt-loc/install/setup.zsh'
