-- Found ament_cmake: 1.3.3 (/opt/ros/humble/share/ament_cmake/cmake)
-- Found rclcpp: 16.0.3 (/opt/ros/humble/share/rclcpp/cmake)
-- Found rosidl_generator_c: 3.1.4 (/opt/ros/humble/share/rosidl_generator_c/cmake)
-- Found rosidl_adapter: 3.1.4 (/opt/ros/humble/share/rosidl_adapter/cmake)
-- Found rosidl_generator_cpp: 3.1.4 (/opt/ros/humble/share/rosidl_generator_cpp/cmake)
-- Using all available rosidl_typesupport_c: rosidl_typesupport_fastrtps_c;rosidl_typesupport_introspection_c
-- Using all available rosidl_typesupport_cpp: rosidl_typesupport_fastrtps_cpp;rosidl_typesupport_introspection_cpp
-- Found rmw_implementation_cmake: 6.1.1 (/opt/ros/humble/share/rmw_implementation_cmake/cmake)
-- Found rmw_fastrtps_cpp: 6.2.2 (/opt/ros/humble/share/rmw_fastrtps_cpp/cmake)
-- Using RMW implementation 'rmw_fastrtps_cpp' as default
-- Found sensor_msgs: 4.2.3 (/opt/ros/humble/share/sensor_msgs/cmake)
-- Eigen found (include: /usr/include/eigen3, version: 3.4.0)
-- FLANN found (include: /usr/include, lib: /usr/lib/x86_64-linux-gnu/libflann_cpp.so)
-- OpenNI found (version: 1.5.4.0, include: /usr/include/ni, lib: /usr/lib/libOpenNI.so;libusb::libusb)
-- OpenNI2 found (version: 2.2.0.33, include: /usr/include/openni2, lib: /usr/lib/x86_64-linux-gnu/libOpenNI2.so;libusb::libusb)
[0m** WARNING ** io features related to pcap will be disabled[0m
-- Eigen found (include: /usr/include/eigen3, version: 3.4.0)
-- OpenNI found (version: 1.5.4.0, include: /usr/include/ni, lib: /usr/lib/libOpenNI.so;libusb::libusb)
-- OpenNI2 found (version: 2.2.0.33, include: /usr/include/openni2, lib: /usr/lib/x86_64-linux-gnu/libOpenNI2.so;libusb::libusb)
-- Found Qhull version 8.0.2
-- OpenNI found (version: 1.5.4.0, include: /usr/include/ni, lib: /usr/lib/libOpenNI.so;libusb::libusb)
-- looking for PCL_COMMON
-- looking for PCL_KDTREE
-- looking for PCL_OCTREE
-- looking for PCL_SEARCH
-- looking for PCL_SAMPLE_CONSENSUS
-- looking for PCL_FILTERS
-- looking for PCL_2D
-- looking for PCL_GEOMETRY
-- looking for PCL_IO
-- looking for PCL_FEATURES
-- looking for PCL_ML
-- looking for PCL_SEGMENTATION
-- looking for PCL_VISUALIZATION
-- looking for PCL_SURFACE
-- looking for PCL_REGISTRATION
-- looking for PCL_KEYPOINTS
-- looking for PCL_TRACKING
-- looking for PCL_RECOGNITION
-- looking for PCL_STEREO
-- looking for PCL_APPS
-- looking for PCL_IN_HAND_SCANNER
-- looking for PCL_MODELER
-- looking for PCL_POINT_CLOUD_EDITOR
-- looking for PCL_OUTOFCORE
-- looking for PCL_PEOPLE
-- Found pcl_conversions: 2.4.0 (/opt/ros/humble/share/pcl_conversions/cmake)
-- Configuring done
-- Generating done
-- Build files have been written to: /home/evan/code/ndt-loc/build/map
[35m[1mConsolidate compiler generated dependencies of target front_end_node[0m
[35m[1mConsolidate compiler generated dependencies of target image_projection_node[0m
[35m[1mConsolidate compiler generated dependencies of target lidar_data_node[0m
[  8%] [32mBuilding CXX object CMakeFiles/mapping_image.dir/src/ImageProjection.cpp.o[0m
[ 25%] Built target front_end_node
[35m[1mConsolidate compiler generated dependencies of target show_map_node[0m
[ 41%] Built target image_projection_node
[ 58%] Built target lidar_data_node
[ 75%] Built target show_map_node
[ 83%] [32m[1mLinking CXX static library libmapping_image.a[0m
[ 83%] Built target mapping_image
[35m[1mConsolidate compiler generated dependencies of target mapping_node[0m
[ 91%] [32mBuilding CXX object CMakeFiles/mapping_node.dir/src/GroundTruth.cpp.o[0m
[100%] [32m[1mLinking CXX executable mapping_node[0m
/usr/bin/ld: libmapping_image.a(ImageProjection.cpp.o):(.bss+0x0): multiple definition of `ndtloc::_left_lidar_path[abi:cxx11]'; CMakeFiles/mapping_node.dir/src/GroundTruth.cpp.o:(.bss+0x0): first defined here
/usr/bin/ld: libmapping_image.a(ImageProjection.cpp.o):(.bss+0x20): multiple definition of `ndtloc::_right_lidar_path[abi:cxx11]'; CMakeFiles/mapping_node.dir/src/GroundTruth.cpp.o:(.bss+0x20): first defined here
/usr/bin/ld: libmapping_image.a(ImageProjection.cpp.o):(.bss+0x40): multiple definition of `ndtloc::_left_lidar_time[abi:cxx11]'; CMakeFiles/mapping_node.dir/src/GroundTruth.cpp.o:(.bss+0x40): first defined here
/usr/bin/ld: libmapping_image.a(ImageProjection.cpp.o):(.bss+0x60): multiple definition of `ndtloc::_right_lidar_time[abi:cxx11]'; CMakeFiles/mapping_node.dir/src/GroundTruth.cpp.o:(.bss+0x60): first defined here
/usr/bin/ld: libmapping_image.a(ImageProjection.cpp.o):(.rodata+0xb4c): multiple definition of `ndtloc::_x_offset'; CMakeFiles/mapping_node.dir/src/GroundTruth.cpp.o:(.rodata+0x62c): first defined here
/usr/bin/ld: libmapping_image.a(ImageProjection.cpp.o):(.rodata+0xb50): multiple definition of `ndtloc::_y_offset'; CMakeFiles/mapping_node.dir/src/GroundTruth.cpp.o:(.rodata+0x630): first defined here
/usr/bin/ld: libmapping_image.a(ImageProjection.cpp.o):(.rodata+0xb54): multiple definition of `ndtloc::_z_offset'; CMakeFiles/mapping_node.dir/src/GroundTruth.cpp.o:(.rodata+0x634): first defined here
/usr/bin/ld: libmapping_image.a(ImageProjection.cpp.o):(.bss+0x80): multiple definition of `ndtloc::key_frame_path[abi:cxx11]'; CMakeFiles/mapping_node.dir/src/GroundTruth.cpp.o:(.bss+0x80): first defined here
/usr/bin/ld: libmapping_image.a(ImageProjection.cpp.o):(.bss+0xa0): multiple definition of `ndtloc::map_file_path[abi:cxx11]'; CMakeFiles/mapping_node.dir/src/GroundTruth.cpp.o:(.bss+0xa0): first defined here
/usr/bin/ld: libmapping_image.a(ImageProjection.cpp.o):(.rodata+0xb58): multiple definition of `ndtloc::max_local_map_frames'; CMakeFiles/mapping_node.dir/src/GroundTruth.cpp.o:(.rodata+0x638): first defined here
/usr/bin/ld: libmapping_image.a(ImageProjection.cpp.o):(.rodata+0xb5c): multiple definition of `ndtloc::local_map_filter_frames_num'; CMakeFiles/mapping_node.dir/src/GroundTruth.cpp.o:(.rodata+0x63c): first defined here
/usr/bin/ld: libmapping_image.a(ImageProjection.cpp.o):(.rodata+0xb60): multiple definition of `ndtloc::key_frame_distance'; CMakeFiles/mapping_node.dir/src/GroundTruth.cpp.o:(.rodata+0x640): first defined here
/usr/bin/ld: libmapping_image.a(ImageProjection.cpp.o):(.rodata+0xb64): multiple definition of `ndtloc::_vertical_scans'; CMakeFiles/mapping_node.dir/src/GroundTruth.cpp.o:(.rodata+0x644): first defined here
/usr/bin/ld: libmapping_image.a(ImageProjection.cpp.o):(.rodata+0xb68): multiple definition of `ndtloc::_horizontal_scans'; CMakeFiles/mapping_node.dir/src/GroundTruth.cpp.o:(.rodata+0x648): first defined here
/usr/bin/ld: libmapping_image.a(ImageProjection.cpp.o):(.rodata+0xb6c): multiple definition of `ndtloc::_vertical_ang_start'; CMakeFiles/mapping_node.dir/src/GroundTruth.cpp.o:(.rodata+0x64c): first defined here
/usr/bin/ld: libmapping_image.a(ImageProjection.cpp.o):(.rodata+0xb70): multiple definition of `ndtloc::_vertical_ang_end'; CMakeFiles/mapping_node.dir/src/GroundTruth.cpp.o:(.rodata+0x650): first defined here
/usr/bin/ld: libmapping_image.a(ImageProjection.cpp.o):(.rodata+0xb74): multiple definition of `ndtloc::_segment_valid_num'; CMakeFiles/mapping_node.dir/src/GroundTruth.cpp.o:(.rodata+0x654): first defined here
/usr/bin/ld: libmapping_image.a(ImageProjection.cpp.o):(.rodata+0xb78): multiple definition of `ndtloc::_segment_valid_point_num'; CMakeFiles/mapping_node.dir/src/GroundTruth.cpp.o:(.rodata+0x658): first defined here
/usr/bin/ld: libmapping_image.a(ImageProjection.cpp.o):(.rodata+0xb7c): multiple definition of `ndtloc::_segment_valid_line_num'; CMakeFiles/mapping_node.dir/src/GroundTruth.cpp.o:(.rodata+0x65c): first defined here
/usr/bin/ld: libmapping_image.a(ImageProjection.cpp.o):(.rodata+0xb80): multiple definition of `ndtloc::_ground_scan_index'; CMakeFiles/mapping_node.dir/src/GroundTruth.cpp.o:(.rodata+0x660): first defined here
/usr/bin/ld: libmapping_image.a(ImageProjection.cpp.o):(.rodata+0xb84): multiple definition of `ndtloc::_segment_theta'; CMakeFiles/mapping_node.dir/src/GroundTruth.cpp.o:(.rodata+0x664): first defined here
/usr/bin/ld: libmapping_image.a(ImageProjection.cpp.o):(.bss+0xc0): multiple definition of `ndtloc::radar_timestamping[abi:cxx11]'; CMakeFiles/mapping_node.dir/src/GroundTruth.cpp.o:(.bss+0xc0): first defined here
/usr/bin/ld: libmapping_image.a(ImageProjection.cpp.o): in function `main':
ImageProjection.cpp:(.text+0x2843): multiple definition of `main'; CMakeFiles/mapping_node.dir/src/GroundTruth.cpp.o:GroundTruth.cpp:(.text+0x133a): first defined here
collect2: error: ld returned 1 exit status
gmake[2]: *** [CMakeFiles/mapping_node.dir/build.make:297: mapping_node] Error 1
gmake[1]: *** [CMakeFiles/Makefile2:277: CMakeFiles/mapping_node.dir/all] Error 2
gmake: *** [Makefile:146: all] Error 2
