[0.019s] Invoking command in '/home/evan/code/ndt-loc/build/radar-odometry': CMAKE_PREFIX_PATH=${CMAKE_PREFIX_PATH}:/opt/ros/humble /usr/bin/cmake --build /home/evan/code/ndt-loc/build/radar-odometry -- -j4 -l4
[0.076s] [35m[1mConsolidate compiler generated dependencies of target radar_feature_node[0m
[0.113s] [ 50%] [32mBuilding CXX object CMakeFiles/radar_feature_node.dir/src/RadarFeaturesNode.cpp.o[0m
[7.166s] In file included from [01m[K/opt/ros/humble/include/rclcpp/rclcpp/logging.hpp:24[m[K,
[7.166s]                  from [01m[K/opt/ros/humble/include/rclcpp/rclcpp/client.hpp:40[m[K,
[7.166s]                  from [01m[K/opt/ros/humble/include/rclcpp/rclcpp/callback_group.hpp:24[m[K,
[7.167s]                  from [01m[K/opt/ros/humble/include/rclcpp/rclcpp/any_executable.hpp:20[m[K,
[7.167s]                  from [01m[K/opt/ros/humble/include/rclcpp/rclcpp/memory_strategy.hpp:25[m[K,
[7.167s]                  from [01m[K/opt/ros/humble/include/rclcpp/rclcpp/memory_strategies.hpp:18[m[K,
[7.167s]                  from [01m[K/opt/ros/humble/include/rclcpp/rclcpp/executor_options.hpp:20[m[K,
[7.167s]                  from [01m[K/opt/ros/humble/include/rclcpp/rclcpp/executor.hpp:37[m[K,
[7.167s]                  from [01m[K/opt/ros/humble/include/rclcpp/rclcpp/executors/multi_threaded_executor.hpp:25[m[K,
[7.167s]                  from [01m[K/opt/ros/humble/include/rclcpp/rclcpp/executors.hpp:21[m[K,
[7.167s]                  from [01m[K/opt/ros/humble/include/rclcpp/rclcpp/rclcpp.hpp:155[m[K,
[7.167s]                  from [01m[K/home/evan/code/ndt-loc/src/radar-odometry/src/RadarFeaturesNode.cpp:3[m[K:
[7.167s] [01m[K/home/evan/code/ndt-loc/src/radar-odometry/src/RadarFeaturesNode.cpp:[m[K In member function ‘[01m[Kvoid radar::RadarFeaturesNode::radarImageHandler(const Image&)[m[K’:
[7.167s] [01m[K/home/evan/code/ndt-loc/src/radar-odometry/src/RadarFeaturesNode.cpp:43:43:[m[K [01;35m[Kwarning: [m[Kformat ‘[01m[K%f[m[K’ expects argument of type ‘[01m[Kdouble[m[K’, but argument 5 has type ‘[01m[Kint[m[K’ [[01;35m[K]8;;https://gcc.gnu.org/onlinedocs/gcc/Warning-Options.html#index-Wformat=-Wformat=]8;;[m[K]
[7.167s]    43 |         RCLCPP_INFO(this -> get_logger(), [01;35m[K"%f"[m[K, [32m[KradarDataWithInfo.at<uchar>(0, 12)[m[K);
[7.167s]       |                                           [01;35m[K^~~~[m[K  [32m[K~~~~~~~~~~~~~~~~~~~~~~~~~~~~~~~~~~[m[K
[7.167s]       |                                                                            [32m[K|[m[K
[7.168s]       |                                                                            [32m[Kint[m[K
[7.168s] [01m[K/home/evan/code/ndt-loc/src/radar-odometry/src/RadarFeaturesNode.cpp:43:45:[m[K [01;36m[Knote: [m[Kformat string is defined here
[7.168s]    43 |         RCLCPP_INFO(this -> get_logger(), "[01;36m[K%f[m[K", radarDataWithInfo.at<uchar>(0, 12));
[7.168s]       |                                            [01;36m[K~^[m[K
[7.168s]       |                                             [01;36m[K|[m[K
[7.168s]       |                                             [01;36m[Kdouble[m[K
[7.168s]       |                                            [32m[K%d[m[K
[26.169s] [100%] [32m[1mLinking CXX executable radar_feature_node[0m
[27.490s] [100%] Built target radar_feature_node
[27.505s] Invoked command in '/home/evan/code/ndt-loc/build/radar-odometry' returned '0': CMAKE_PREFIX_PATH=${CMAKE_PREFIX_PATH}:/opt/ros/humble /usr/bin/cmake --build /home/evan/code/ndt-loc/build/radar-odometry -- -j4 -l4
[27.544s] Invoking command in '/home/evan/code/ndt-loc/build/radar-odometry': CMAKE_PREFIX_PATH=${CMAKE_PREFIX_PATH}:/opt/ros/humble /usr/bin/cmake --install /home/evan/code/ndt-loc/build/radar-odometry
[27.553s] -- Install configuration: ""
[27.554s] -- Installing: /home/evan/code/ndt-loc/install/radar-odometry/lib/radar-odometry/radar_feature_node
[27.559s] -- Set runtime path of "/home/evan/code/ndt-loc/install/radar-odometry/lib/radar-odometry/radar_feature_node" to ""
[27.560s] -- Up-to-date: /home/evan/code/ndt-loc/install/radar-odometry/share/ament_index/resource_index/package_run_dependencies/radar-odometry
[27.560s] -- Up-to-date: /home/evan/code/ndt-loc/install/radar-odometry/share/ament_index/resource_index/parent_prefix_path/radar-odometry
[27.560s] -- Up-to-date: /home/evan/code/ndt-loc/install/radar-odometry/share/radar-odometry/environment/ament_prefix_path.sh
[27.560s] -- Up-to-date: /home/evan/code/ndt-loc/install/radar-odometry/share/radar-odometry/environment/ament_prefix_path.dsv
[27.560s] -- Up-to-date: /home/evan/code/ndt-loc/install/radar-odometry/share/radar-odometry/environment/path.sh
[27.560s] -- Up-to-date: /home/evan/code/ndt-loc/install/radar-odometry/share/radar-odometry/environment/path.dsv
[27.560s] -- Up-to-date: /home/evan/code/ndt-loc/install/radar-odometry/share/radar-odometry/local_setup.bash
[27.561s] -- Up-to-date: /home/evan/code/ndt-loc/install/radar-odometry/share/radar-odometry/local_setup.sh
[27.561s] -- Up-to-date: /home/evan/code/ndt-loc/install/radar-odometry/share/radar-odometry/local_setup.zsh
[27.561s] -- Up-to-date: /home/evan/code/ndt-loc/install/radar-odometry/share/radar-odometry/local_setup.dsv
[27.561s] -- Installing: /home/evan/code/ndt-loc/install/radar-odometry/share/radar-odometry/package.dsv
[27.561s] -- Up-to-date: /home/evan/code/ndt-loc/install/radar-odometry/share/ament_index/resource_index/packages/radar-odometry
[27.561s] -- Up-to-date: /home/evan/code/ndt-loc/install/radar-odometry/share/radar-odometry/cmake/ament_cmake_export_include_directories-extras.cmake
[27.561s] -- Up-to-date: /home/evan/code/ndt-loc/install/radar-odometry/share/radar-odometry/cmake/radar-odometryConfig.cmake
[27.561s] -- Up-to-date: /home/evan/code/ndt-loc/install/radar-odometry/share/radar-odometry/cmake/radar-odometryConfig-version.cmake
[27.561s] -- Up-to-date: /home/evan/code/ndt-loc/install/radar-odometry/share/radar-odometry/package.xml
[27.562s] Invoked command in '/home/evan/code/ndt-loc/build/radar-odometry' returned '0': CMAKE_PREFIX_PATH=${CMAKE_PREFIX_PATH}:/opt/ros/humble /usr/bin/cmake --install /home/evan/code/ndt-loc/build/radar-odometry
