[35m[1mConsolidate compiler generated dependencies of target laser_odometry_node[0m
[ 50%] Built target scan_registration_node
[ 66%] [32mBuilding CXX object CMakeFiles/laser_odometry_node.dir/src/LaserOdometryNode.cpp.o[0m
In file included from [01m[K/home/evan/code/ndt-loc/src/a-loam/include/a-loam/LaserOdometry.hpp:18[m[K,
                 from [01m[K/home/evan/code/ndt-loc/src/a-loam/src/LaserOdometryNode.cpp:1[m[K:
[01m[K/home/evan/code/ndt-loc/src/a-loam/include/a-loam/LidarFactor.hpp:[m[K In constructor ‘[01m[KALOAM::LidarPlaneNormFactor::LidarPlaneNormFactor(Eigen::Vector3d, Eigen::Vector3d, double)[m[K’:
[01m[K/home/evan/code/ndt-loc/src/a-loam/include/a-loam/LidarFactor.hpp:96:71:[m[K [01;35m[Kwarning: [m[Kunused parameter ‘[01m[Kplane_unit_norm_[m[K’ [[01;35m[K]8;;https://gcc.gnu.org/onlinedocs/gcc/Warning-Options.html#index-Wunused-parameter-Wunused-parameter]8;;[m[K]
   96 |     LidarPlaneNormFactor(Eigen::Vector3d curr_point_, [01;35m[KEigen::Vector3d plane_unit_norm_[m[K, double negative_OA_dot_norm_)
      |                                                       [01;35m[K~~~~~~~~~~~~~~~~^~~~~~~~~~~~~~~~[m[K
[ 83%] [32m[1mLinking CXX executable laser_odometry_node[0m
[100%] Built target laser_odometry_node
-- Install configuration: ""
-- Installing: /home/evan/code/ndt-loc/install/a-loam/lib/a-loam/scan_registration_node
-- Set runtime path of "/home/evan/code/ndt-loc/install/a-loam/lib/a-loam/scan_registration_node" to ""
-- Installing: /home/evan/code/ndt-loc/install/a-loam/lib/a-loam/laser_odometry_node
-- Set runtime path of "/home/evan/code/ndt-loc/install/a-loam/lib/a-loam/laser_odometry_node" to ""
-- Installing: /home/evan/code/ndt-loc/install/a-loam/share/ament_index/resource_index/package_run_dependencies/a-loam
-- Installing: /home/evan/code/ndt-loc/install/a-loam/share/ament_index/resource_index/parent_prefix_path/a-loam
-- Up-to-date: /home/evan/code/ndt-loc/install/a-loam/share/a-loam/environment/ament_prefix_path.sh
-- Installing: /home/evan/code/ndt-loc/install/a-loam/share/a-loam/environment/ament_prefix_path.dsv
-- Up-to-date: /home/evan/code/ndt-loc/install/a-loam/share/a-loam/environment/path.sh
-- Installing: /home/evan/code/ndt-loc/install/a-loam/share/a-loam/environment/path.dsv
-- Up-to-date: /home/evan/code/ndt-loc/install/a-loam/share/a-loam/local_setup.bash
-- Up-to-date: /home/evan/code/ndt-loc/install/a-loam/share/a-loam/local_setup.sh
-- Up-to-date: /home/evan/code/ndt-loc/install/a-loam/share/a-loam/local_setup.zsh
-- Installing: /home/evan/code/ndt-loc/install/a-loam/share/a-loam/local_setup.dsv
-- Installing: /home/evan/code/ndt-loc/install/a-loam/share/a-loam/package.dsv
-- Up-to-date: /home/evan/code/ndt-loc/install/a-loam/share/ament_index/resource_index/packages/a-loam
-- Up-to-date: /home/evan/code/ndt-loc/install/a-loam/share/a-loam/cmake/ament_cmake_export_include_directories-extras.cmake
-- Up-to-date: /home/evan/code/ndt-loc/install/a-loam/share/a-loam/cmake/a-loamConfig.cmake
-- Up-to-date: /home/evan/code/ndt-loc/install/a-loam/share/a-loam/cmake/a-loamConfig-version.cmake
-- Installing: /home/evan/code/ndt-loc/install/a-loam/share/a-loam/package.xml
