[0.022s] Invoking command in '/home/evan/code/ndt-loc/build/map': CMAKE_PREFIX_PATH=${CMAKE_PREFIX_PATH}:/opt/ros/humble /usr/bin/cmake --build /home/evan/code/ndt-loc/build/map -- -j4 -l4
[0.107s] [35m[1mConsolidate compiler generated dependencies of target front_end_node[0m
[0.115s] [35m[1mConsolidate compiler generated dependencies of target lidar_data_node[0m
[0.180s] [ 25%] [32mBuilding CXX object CMakeFiles/lidar_data_node.dir/src/LidarData.cpp.o[0m
[0.180s] [ 75%] Built target front_end_node
[15.112s] [100%] [32m[1mLinking CXX executable lidar_data_node[0m
[16.000s] [100%] Built target lidar_data_node
[16.020s] Invoked command in '/home/evan/code/ndt-loc/build/map' returned '0': CMAKE_PREFIX_PATH=${CMAKE_PREFIX_PATH}:/opt/ros/humble /usr/bin/cmake --build /home/evan/code/ndt-loc/build/map -- -j4 -l4
[16.052s] Invoking command in '/home/evan/code/ndt-loc/build/map': CMAKE_PREFIX_PATH=${CMAKE_PREFIX_PATH}:/opt/ros/humble /usr/bin/cmake --install /home/evan/code/ndt-loc/build/map
[16.059s] -- Install configuration: ""
[16.059s] -- Installing: /home/evan/code/ndt-loc/install/map/lib/map/lidar_data_node
[16.066s] -- Set runtime path of "/home/evan/code/ndt-loc/install/map/lib/map/lidar_data_node" to ""
[16.066s] -- Up-to-date: /home/evan/code/ndt-loc/install/map/lib/map/front_end_node
[16.066s] -- Up-to-date: /home/evan/code/ndt-loc/install/map/share/ament_index/resource_index/package_run_dependencies/map
[16.067s] -- Up-to-date: /home/evan/code/ndt-loc/install/map/share/ament_index/resource_index/parent_prefix_path/map
[16.067s] -- Up-to-date: /home/evan/code/ndt-loc/install/map/share/map/environment/ament_prefix_path.sh
[16.067s] -- Up-to-date: /home/evan/code/ndt-loc/install/map/share/map/environment/ament_prefix_path.dsv
[16.067s] -- Up-to-date: /home/evan/code/ndt-loc/install/map/share/map/environment/path.sh
[16.067s] -- Up-to-date: /home/evan/code/ndt-loc/install/map/share/map/environment/path.dsv
[16.067s] -- Up-to-date: /home/evan/code/ndt-loc/install/map/share/map/local_setup.bash
[16.067s] -- Up-to-date: /home/evan/code/ndt-loc/install/map/share/map/local_setup.sh
[16.067s] -- Up-to-date: /home/evan/code/ndt-loc/install/map/share/map/local_setup.zsh
[16.068s] -- Up-to-date: /home/evan/code/ndt-loc/install/map/share/map/local_setup.dsv
[16.068s] -- Installing: /home/evan/code/ndt-loc/install/map/share/map/package.dsv
[16.068s] -- Up-to-date: /home/evan/code/ndt-loc/install/map/share/ament_index/resource_index/packages/map
[16.068s] -- Up-to-date: /home/evan/code/ndt-loc/install/map/share/map/cmake/ament_cmake_export_include_directories-extras.cmake
[16.068s] -- Up-to-date: /home/evan/code/ndt-loc/install/map/share/map/cmake/mapConfig.cmake
[16.068s] -- Up-to-date: /home/evan/code/ndt-loc/install/map/share/map/cmake/mapConfig-version.cmake
[16.068s] -- Up-to-date: /home/evan/code/ndt-loc/install/map/share/map/package.xml
[16.070s] Invoked command in '/home/evan/code/ndt-loc/build/map' returned '0': CMAKE_PREFIX_PATH=${CMAKE_PREFIX_PATH}:/opt/ros/humble /usr/bin/cmake --install /home/evan/code/ndt-loc/build/map
