[5.070s] Invoking command in '/home/evan/code/ndt-loc/build/radar-odometry': CMAKE_PREFIX_PATH=${CMAKE_PREFIX_PATH}:/opt/ros/humble /usr/bin/cmake --build /home/evan/code/ndt-loc/build/radar-odometry -- -j4 -l4
[5.129s] [35m[1mConsolidate compiler generated dependencies of target radar_feature_node[0m
[5.165s] [ 50%] [32mBuilding CXX object CMakeFiles/radar_feature_node.dir/src/RadarFeaturesNode.cpp.o[0m
[20.055s] [100%] [32m[1mLinking CXX executable radar_feature_node[0m
[21.329s] [100%] Built target radar_feature_node
[21.343s] Invoked command in '/home/evan/code/ndt-loc/build/radar-odometry' returned '0': CMAKE_PREFIX_PATH=${CMAKE_PREFIX_PATH}:/opt/ros/humble /usr/bin/cmake --build /home/evan/code/ndt-loc/build/radar-odometry -- -j4 -l4
[21.383s] Invoking command in '/home/evan/code/ndt-loc/build/radar-odometry': CMAKE_PREFIX_PATH=${CMAKE_PREFIX_PATH}:/opt/ros/humble /usr/bin/cmake --install /home/evan/code/ndt-loc/build/radar-odometry
[21.391s] -- Install configuration: ""
[21.392s] -- Installing: /home/evan/code/ndt-loc/install/radar-odometry/lib/radar-odometry/radar_feature_node
[21.397s] -- Set runtime path of "/home/evan/code/ndt-loc/install/radar-odometry/lib/radar-odometry/radar_feature_node" to ""
[21.397s] -- Up-to-date: /home/evan/code/ndt-loc/install/radar-odometry/share/ament_index/resource_index/package_run_dependencies/radar-odometry
[21.397s] -- Up-to-date: /home/evan/code/ndt-loc/install/radar-odometry/share/ament_index/resource_index/parent_prefix_path/radar-odometry
[21.398s] -- Up-to-date: /home/evan/code/ndt-loc/install/radar-odometry/share/radar-odometry/environment/ament_prefix_path.sh
[21.398s] -- Up-to-date: /home/evan/code/ndt-loc/install/radar-odometry/share/radar-odometry/environment/ament_prefix_path.dsv
[21.398s] -- Up-to-date: /home/evan/code/ndt-loc/install/radar-odometry/share/radar-odometry/environment/path.sh
[21.398s] -- Up-to-date: /home/evan/code/ndt-loc/install/radar-odometry/share/radar-odometry/environment/path.dsv
[21.398s] -- Up-to-date: /home/evan/code/ndt-loc/install/radar-odometry/share/radar-odometry/local_setup.bash
[21.398s] -- Up-to-date: /home/evan/code/ndt-loc/install/radar-odometry/share/radar-odometry/local_setup.sh
[21.398s] -- Up-to-date: /home/evan/code/ndt-loc/install/radar-odometry/share/radar-odometry/local_setup.zsh
[21.398s] -- Up-to-date: /home/evan/code/ndt-loc/install/radar-odometry/share/radar-odometry/local_setup.dsv
[21.398s] -- Installing: /home/evan/code/ndt-loc/install/radar-odometry/share/radar-odometry/package.dsv
[21.398s] -- Up-to-date: /home/evan/code/ndt-loc/install/radar-odometry/share/ament_index/resource_index/packages/radar-odometry
[21.398s] -- Up-to-date: /home/evan/code/ndt-loc/install/radar-odometry/share/radar-odometry/cmake/ament_cmake_export_include_directories-extras.cmake
[21.398s] -- Up-to-date: /home/evan/code/ndt-loc/install/radar-odometry/share/radar-odometry/cmake/radar-odometryConfig.cmake
[21.398s] -- Up-to-date: /home/evan/code/ndt-loc/install/radar-odometry/share/radar-odometry/cmake/radar-odometryConfig-version.cmake
[21.399s] -- Up-to-date: /home/evan/code/ndt-loc/install/radar-odometry/share/radar-odometry/package.xml
[21.400s] Invoked command in '/home/evan/code/ndt-loc/build/radar-odometry' returned '0': CMAKE_PREFIX_PATH=${CMAKE_PREFIX_PATH}:/opt/ros/humble /usr/bin/cmake --install /home/evan/code/ndt-loc/build/radar-odometry
