[35m[1mConsolidate compiler generated dependencies of target mapping_image[0m
[  6%] [32mBuilding CXX object CMakeFiles/lidar_data_node.dir/src/LidarData.cpp.o[0m
[ 13%] [32mBuilding CXX object CMakeFiles/show_map_node.dir/src/ShowMap.cpp.o[0m
[ 20%] [32mBuilding CXX object CMakeFiles/front_end_node.dir/src/FrontEnd.cpp.o[0m
[ 26%] [32mBuilding CXX object CMakeFiles/mapping_image.dir/src/ImageProjection.cpp.o[0m
[ 33%] [32mBuilding CXX object CMakeFiles/show_map_node.dir/src/utilty.cpp.o[0m
[ 40%] [32m[1mLinking CXX executable show_map_node[0m
[ 40%] Built target show_map_node
[ 46%] [32mBuilding CXX object CMakeFiles/lidar_data_node.dir/src/utilty.cpp.o[0m
[ 53%] [32mBuilding CXX object CMakeFiles/mapping_image.dir/src/utilty.cpp.o[0m
[ 60%] [32mBuilding CXX object CMakeFiles/front_end_node.dir/src/utilty.cpp.o[0m
[ 66%] [32m[1mLinking CXX executable lidar_data_node[0m
[ 73%] [32m[1mLinking CXX static library libmapping_image.a[0m
[ 73%] Built target mapping_image
[ 73%] Built target lidar_data_node
[ 80%] [32m[1mLinking CXX executable front_end_node[0m
[ 80%] Built target front_end_node
[35m[1mConsolidate compiler generated dependencies of target mapping_node[0m
[ 86%] [32mBuilding CXX object CMakeFiles/mapping_node.dir/src/GroundTruth.cpp.o[0m
[ 93%] [32mBuilding CXX object CMakeFiles/mapping_node.dir/src/utilty.cpp.o[0m
[100%] [32m[1mLinking CXX executable mapping_node[0m
[100%] Built target mapping_node
-- Install configuration: ""
-- Installing: /home/evan/code/ndt-loc/install/map/lib/map/lidar_data_node
-- Set runtime path of "/home/evan/code/ndt-loc/install/map/lib/map/lidar_data_node" to ""
-- Installing: /home/evan/code/ndt-loc/install/map/lib/map/front_end_node
-- Set runtime path of "/home/evan/code/ndt-loc/install/map/lib/map/front_end_node" to ""
-- Installing: /home/evan/code/ndt-loc/install/map/lib/map/show_map_node
-- Set runtime path of "/home/evan/code/ndt-loc/install/map/lib/map/show_map_node" to ""
-- Installing: /home/evan/code/ndt-loc/install/map/lib/map/mapping_node
-- Set runtime path of "/home/evan/code/ndt-loc/install/map/lib/map/mapping_node" to ""
-- Up-to-date: /home/evan/code/ndt-loc/install/map/share/ament_index/resource_index/package_run_dependencies/map
-- Up-to-date: /home/evan/code/ndt-loc/install/map/share/ament_index/resource_index/parent_prefix_path/map
-- Up-to-date: /home/evan/code/ndt-loc/install/map/share/map/environment/ament_prefix_path.sh
-- Up-to-date: /home/evan/code/ndt-loc/install/map/share/map/environment/ament_prefix_path.dsv
-- Up-to-date: /home/evan/code/ndt-loc/install/map/share/map/environment/path.sh
-- Up-to-date: /home/evan/code/ndt-loc/install/map/share/map/environment/path.dsv
-- Up-to-date: /home/evan/code/ndt-loc/install/map/share/map/local_setup.bash
-- Up-to-date: /home/evan/code/ndt-loc/install/map/share/map/local_setup.sh
-- Up-to-date: /home/evan/code/ndt-loc/install/map/share/map/local_setup.zsh
-- Up-to-date: /home/evan/code/ndt-loc/install/map/share/map/local_setup.dsv
-- Installing: /home/evan/code/ndt-loc/install/map/share/map/package.dsv
-- Up-to-date: /home/evan/code/ndt-loc/install/map/share/ament_index/resource_index/packages/map
-- Up-to-date: /home/evan/code/ndt-loc/install/map/share/map/cmake/ament_cmake_export_include_directories-extras.cmake
-- Up-to-date: /home/evan/code/ndt-loc/install/map/share/map/cmake/mapConfig.cmake
-- Up-to-date: /home/evan/code/ndt-loc/install/map/share/map/cmake/mapConfig-version.cmake
-- Up-to-date: /home/evan/code/ndt-loc/install/map/share/map/package.xml
