[0.366s] Invoking command in '/home/evan/code/ndt-loc/build/map': CMAKE_PREFIX_PATH=${CMAKE_PREFIX_PATH}:/opt/ros/humble /usr/bin/cmake --build /home/evan/code/ndt-loc/build/map -- -j4 -l4
[0.453s] [35m[1mConsolidate compiler generated dependencies of target mapping_image[0m
[0.497s] [  6%] [32mBuilding CXX object CMakeFiles/lidar_data_node.dir/src/LidarData.cpp.o[0m
[0.506s] [ 13%] [32mBuilding CXX object CMakeFiles/show_map_node.dir/src/ShowMap.cpp.o[0m
[0.511s] [ 20%] [32mBuilding CXX object CMakeFiles/front_end_node.dir/src/FrontEnd.cpp.o[0m
[0.665s] [ 26%] [32mBuilding CXX object CMakeFiles/mapping_image.dir/src/ImageProjection.cpp.o[0m
[19.478s] [01m[K/home/evan/code/ndt-loc/src/map/src/FrontEnd.cpp:[m[K In member function ‘[01m[Kbool ndtloc::FrontEnd::UpdateNewFrame(const ndtloc::Frame&)[m[K’:
[19.479s] [01m[K/home/evan/code/ndt-loc/src/map/src/FrontEnd.cpp:105:35:[m[K [01;35m[Kwarning: [m[Kcomparison of integer expressions of different signedness: ‘[01m[Kstd::deque<ndtloc::Frame>::size_type[m[K’ {aka ‘[01m[Klong unsigned int[m[K’} and ‘[01m[Kint[m[K’ [[01;35m[K]8;;https://gcc.gnu.org/onlinedocs/gcc/Warning-Options.html#index-Wsign-compare-Wsign-compare]8;;[m[K]
[19.479s]   105 |     while([01;35m[Klocal_map_frames.size() > max_local_map_frames[m[K){
[19.480s]       |           [01;35m[K~~~~~~~~~~~~~~~~~~~~~~~~^~~~~~~~~~~~~~~~~~~~~~[m[K
[19.481s] [01m[K/home/evan/code/ndt-loc/src/map/src/FrontEnd.cpp:117:32:[m[K [01;35m[Kwarning: [m[Kcomparison of integer expressions of different signedness: ‘[01m[Kstd::deque<ndtloc::Frame>::size_type[m[K’ {aka ‘[01m[Klong unsigned int[m[K’} and ‘[01m[Kint[m[K’ [[01;35m[K]8;;https://gcc.gnu.org/onlinedocs/gcc/Warning-Options.html#index-Wsign-compare-Wsign-compare]8;;[m[K]
[19.482s]   117 |     if([01;35m[Klocal_map_frames.size() < local_map_filter_frames_num[m[K){
[19.482s]       |        [01;35m[K~~~~~~~~~~~~~~~~~~~~~~~~^~~~~~~~~~~~~~~~~~~~~~~~~~~~~[m[K
[20.664s] [ 33%] [32mBuilding CXX object CMakeFiles/show_map_node.dir/src/utilty.cpp.o[0m
[39.291s] [ 40%] [32m[1mLinking CXX executable show_map_node[0m
[41.041s] [ 40%] Built target show_map_node
[52.335s] [ 46%] [32mBuilding CXX object CMakeFiles/lidar_data_node.dir/src/utilty.cpp.o[0m
[52.959s] [ 53%] [32mBuilding CXX object CMakeFiles/mapping_image.dir/src/utilty.cpp.o[0m
[58.510s] [ 60%] [32mBuilding CXX object CMakeFiles/front_end_node.dir/src/utilty.cpp.o[0m
[65.764s] [ 66%] [32m[1mLinking CXX executable lidar_data_node[0m
[65.934s] [ 73%] [32m[1mLinking CXX static library libmapping_image.a[0m
[66.510s] [ 73%] Built target mapping_image
[68.826s] [ 73%] Built target lidar_data_node
[71.447s] [ 80%] [32m[1mLinking CXX executable front_end_node[0m
[73.946s] [ 80%] Built target front_end_node
[73.994s] [35m[1mConsolidate compiler generated dependencies of target mapping_node[0m
[74.050s] [ 86%] [32mBuilding CXX object CMakeFiles/mapping_node.dir/src/GroundTruth.cpp.o[0m
[87.242s] [ 93%] [32mBuilding CXX object CMakeFiles/mapping_node.dir/src/utilty.cpp.o[0m
[98.793s] [100%] [32m[1mLinking CXX executable mapping_node[0m
[100.463s] [100%] Built target mapping_node
[100.735s] Invoked command in '/home/evan/code/ndt-loc/build/map' returned '0': CMAKE_PREFIX_PATH=${CMAKE_PREFIX_PATH}:/opt/ros/humble /usr/bin/cmake --build /home/evan/code/ndt-loc/build/map -- -j4 -l4
[100.910s] Invoking command in '/home/evan/code/ndt-loc/build/map': CMAKE_PREFIX_PATH=${CMAKE_PREFIX_PATH}:/opt/ros/humble /usr/bin/cmake --install /home/evan/code/ndt-loc/build/map
[100.911s] -- Install configuration: ""
[100.912s] -- Installing: /home/evan/code/ndt-loc/install/map/lib/map/lidar_data_node
[100.914s] -- Set runtime path of "/home/evan/code/ndt-loc/install/map/lib/map/lidar_data_node" to ""
[100.914s] -- Installing: /home/evan/code/ndt-loc/install/map/lib/map/front_end_node
[100.914s] -- Set runtime path of "/home/evan/code/ndt-loc/install/map/lib/map/front_end_node" to ""
[100.915s] -- Installing: /home/evan/code/ndt-loc/install/map/lib/map/show_map_node
[100.918s] -- Set runtime path of "/home/evan/code/ndt-loc/install/map/lib/map/show_map_node" to ""
[100.919s] -- Installing: /home/evan/code/ndt-loc/install/map/lib/map/mapping_node
[100.919s] -- Set runtime path of "/home/evan/code/ndt-loc/install/map/lib/map/mapping_node" to ""
[100.921s] -- Up-to-date: /home/evan/code/ndt-loc/install/map/share/ament_index/resource_index/package_run_dependencies/map
[100.922s] -- Up-to-date: /home/evan/code/ndt-loc/install/map/share/ament_index/resource_index/parent_prefix_path/map
[100.925s] -- Up-to-date: /home/evan/code/ndt-loc/install/map/share/map/environment/ament_prefix_path.sh
[100.925s] -- Up-to-date: /home/evan/code/ndt-loc/install/map/share/map/environment/ament_prefix_path.dsv
[100.925s] -- Up-to-date: /home/evan/code/ndt-loc/install/map/share/map/environment/path.sh
[100.925s] -- Up-to-date: /home/evan/code/ndt-loc/install/map/share/map/environment/path.dsv
[100.926s] -- Up-to-date: /home/evan/code/ndt-loc/install/map/share/map/local_setup.bash
[100.926s] -- Up-to-date: /home/evan/code/ndt-loc/install/map/share/map/local_setup.sh
[100.926s] -- Up-to-date: /home/evan/code/ndt-loc/install/map/share/map/local_setup.zsh
[100.926s] -- Up-to-date: /home/evan/code/ndt-loc/install/map/share/map/local_setup.dsv
[100.926s] -- Installing: /home/evan/code/ndt-loc/install/map/share/map/package.dsv
[100.926s] -- Up-to-date: /home/evan/code/ndt-loc/install/map/share/ament_index/resource_index/packages/map
[100.926s] -- Up-to-date: /home/evan/code/ndt-loc/install/map/share/map/cmake/ament_cmake_export_include_directories-extras.cmake
[100.926s] -- Up-to-date: /home/evan/code/ndt-loc/install/map/share/map/cmake/mapConfig.cmake
[100.927s] -- Up-to-date: /home/evan/code/ndt-loc/install/map/share/map/cmake/mapConfig-version.cmake
[100.927s] -- Up-to-date: /home/evan/code/ndt-loc/install/map/share/map/package.xml
[100.927s] Invoked command in '/home/evan/code/ndt-loc/build/map' returned '0': CMAKE_PREFIX_PATH=${CMAKE_PREFIX_PATH}:/opt/ros/humble /usr/bin/cmake --install /home/evan/code/ndt-loc/build/map
