[0.027s] Invoking command in '/home/evan/code/ndt-loc/build/a-loam': CMAKE_PREFIX_PATH=${CMAKE_PREFIX_PATH}:/opt/ros/humble /usr/bin/cmake --build /home/evan/code/ndt-loc/build/a-loam -- -j4 -l4
[0.087s] [35m[1mConsolidate compiler generated dependencies of target scan_registration_node[0m
[0.134s] [ 33%] [32mBuilding CXX object CMakeFiles/scan_registration_node.dir/src/ScanRegistrationNode.cpp.o[0m
[6.538s] In file included from [01m[K/home/evan/code/ndt-loc/src/a-loam/src/ScanRegistrationNode.cpp:1[m[K:
[6.539s] [01m[K/home/evan/code/ndt-loc/src/a-loam/include/a-loam/ScanRegistration.hpp:[m[K In member function ‘[01m[Kvoid ALOAM::ScanRegistration<PointT>::extractFeatureFromPointCloud(ALOAM::ScanRegistration<PointT>::CLOUDPTR)[m[K’:
[6.539s] [01m[K/home/evan/code/ndt-loc/src/a-loam/include/a-loam/ScanRegistration.hpp:309:32:[m[K [01;31m[Kerror: [m[Kno match for ‘[01m[Koperator+=[m[K’ (operand types are ‘[01m[KALOAM::CloudTypePtr[m[K’ {aka ‘[01m[Kstd::shared_ptr<pcl::PointCloud<pcl::PointXYZI> >[m[K’} and ‘[01m[KALOAM::CloudType[m[K’ {aka ‘[01m[Kpcl::PointCloud<pcl::PointXYZI>[m[K’})
[6.539s]   309 |             [01;31m[KsurfPointsLessFlat += surfPointsLessFlatScanDS[m[K;
[6.539s]       |             [01;31m[K~~~~~~~~~~~~~~~~~~~^~~~~~~~~~~~~~~~~~~~~~~~~~~[m[K
[6.539s] [01m[K/home/evan/code/ndt-loc/src/a-loam/include/a-loam/ScanRegistration.hpp:[m[K In member function ‘[01m[KALOAM::CloudType ALOAM::ScanRegistration<PointT>::getCornerPointsSharp() const[m[K’:
[6.539s] [01m[K/home/evan/code/ndt-loc/src/a-loam/include/a-loam/ScanRegistration.hpp:319:16:[m[K [01;31m[Kerror: [m[Kcould not convert ‘[01m[K((const ALOAM::ScanRegistration<PointT>*)this)->ALOAM::ScanRegistration<PointT>::cornerPointsSharp[m[K’ from ‘[01m[Kconst CloudTypePtr[m[K’ {aka ‘[01m[Kconst std::shared_ptr<pcl::PointCloud<pcl::PointXYZI> >[m[K’} to ‘[01m[KALOAM::CloudType[m[K’ {aka ‘[01m[Kpcl::PointCloud<pcl::PointXYZI>[m[K’}
[6.539s]   319 |         return [01;31m[KcornerPointsSharp[m[K;
[6.539s]       |                [01;31m[K^~~~~~~~~~~~~~~~~[m[K
[6.539s]       |                [01;31m[K|[m[K
[6.539s]       |                [01;31m[Kconst CloudTypePtr {aka const std::shared_ptr<pcl::PointCloud<pcl::PointXYZI> >}[m[K
[6.539s] [01m[K/home/evan/code/ndt-loc/src/a-loam/include/a-loam/ScanRegistration.hpp:[m[K In member function ‘[01m[KALOAM::CloudType ALOAM::ScanRegistration<PointT>::getCornerPointsLessSharp() const[m[K’:
[6.539s] [01m[K/home/evan/code/ndt-loc/src/a-loam/include/a-loam/ScanRegistration.hpp:322:16:[m[K [01;31m[Kerror: [m[Kcould not convert ‘[01m[K((const ALOAM::ScanRegistration<PointT>*)this)->ALOAM::ScanRegistration<PointT>::cornerPointsLessSharp[m[K’ from ‘[01m[Kconst CloudTypePtr[m[K’ {aka ‘[01m[Kconst std::shared_ptr<pcl::PointCloud<pcl::PointXYZI> >[m[K’} to ‘[01m[KALOAM::CloudType[m[K’ {aka ‘[01m[Kpcl::PointCloud<pcl::PointXYZI>[m[K’}
[6.539s]   322 |         return [01;31m[KcornerPointsLessSharp[m[K;
[6.540s]       |                [01;31m[K^~~~~~~~~~~~~~~~~~~~~[m[K
[6.540s]       |                [01;31m[K|[m[K
[6.540s]       |                [01;31m[Kconst CloudTypePtr {aka const std::shared_ptr<pcl::PointCloud<pcl::PointXYZI> >}[m[K
[6.540s] [01m[K/home/evan/code/ndt-loc/src/a-loam/include/a-loam/ScanRegistration.hpp:[m[K In member function ‘[01m[KALOAM::CloudType ALOAM::ScanRegistration<PointT>::getSurfPointsFlat() const[m[K’:
[6.540s] [01m[K/home/evan/code/ndt-loc/src/a-loam/include/a-loam/ScanRegistration.hpp:325:16:[m[K [01;31m[Kerror: [m[Kcould not convert ‘[01m[K((const ALOAM::ScanRegistration<PointT>*)this)->ALOAM::ScanRegistration<PointT>::surfPointsFlat[m[K’ from ‘[01m[Kconst CloudTypePtr[m[K’ {aka ‘[01m[Kconst std::shared_ptr<pcl::PointCloud<pcl::PointXYZI> >[m[K’} to ‘[01m[KALOAM::CloudType[m[K’ {aka ‘[01m[Kpcl::PointCloud<pcl::PointXYZI>[m[K’}
[6.540s]   325 |         return [01;31m[KsurfPointsFlat[m[K;
[6.540s]       |                [01;31m[K^~~~~~~~~~~~~~[m[K
[6.540s]       |                [01;31m[K|[m[K
[6.540s]       |                [01;31m[Kconst CloudTypePtr {aka const std::shared_ptr<pcl::PointCloud<pcl::PointXYZI> >}[m[K
[6.540s] [01m[K/home/evan/code/ndt-loc/src/a-loam/include/a-loam/ScanRegistration.hpp:[m[K In member function ‘[01m[KALOAM::CloudType ALOAM::ScanRegistration<PointT>::getSurfPointsLessFlat() const[m[K’:
[6.540s] [01m[K/home/evan/code/ndt-loc/src/a-loam/include/a-loam/ScanRegistration.hpp:328:16:[m[K [01;31m[Kerror: [m[Kcould not convert ‘[01m[K((const ALOAM::ScanRegistration<PointT>*)this)->ALOAM::ScanRegistration<PointT>::surfPointsLessFlat[m[K’ from ‘[01m[Kconst CloudTypePtr[m[K’ {aka ‘[01m[Kconst std::shared_ptr<pcl::PointCloud<pcl::PointXYZI> >[m[K’} to ‘[01m[KALOAM::CloudType[m[K’ {aka ‘[01m[Kpcl::PointCloud<pcl::PointXYZI>[m[K’}
[6.540s]   328 |         return [01;31m[KsurfPointsLessFlat[m[K;
[6.541s]       |                [01;31m[K^~~~~~~~~~~~~~~~~~[m[K
[6.541s]       |                [01;31m[K|[m[K
[6.541s]       |                [01;31m[Kconst CloudTypePtr {aka const std::shared_ptr<pcl::PointCloud<pcl::PointXYZI> >}[m[K
[10.334s] gmake[2]: *** [CMakeFiles/scan_registration_node.dir/build.make:76: CMakeFiles/scan_registration_node.dir/src/ScanRegistrationNode.cpp.o] Error 1
[10.334s] gmake[1]: *** [CMakeFiles/Makefile2:137: CMakeFiles/scan_registration_node.dir/all] Error 2
[10.334s] gmake: *** [Makefile:146: all] Error 2
[10.338s] Invoked command in '/home/evan/code/ndt-loc/build/a-loam' returned '2': CMAKE_PREFIX_PATH=${CMAKE_PREFIX_PATH}:/opt/ros/humble /usr/bin/cmake --build /home/evan/code/ndt-loc/build/a-loam -- -j4 -l4
