[0.019s] Invoking command in '/home/evan/code/ndt-loc/build/data-publisher': CMAKE_PREFIX_PATH=${CMAKE_PREFIX_PATH}:/opt/ros/humble /usr/bin/cmake --build /home/evan/code/ndt-loc/build/data-publisher -- -j4 -l4
[0.084s] [35m[1mConsolidate compiler generated dependencies of target lidar_data_node[0m
[0.120s] [ 50%] [32mBuilding CXX object CMakeFiles/lidar_data_node.dir/src/LidarData.cpp.o[0m
[9.476s] [100%] [32m[1mLinking CXX executable lidar_data_node[0m
[10.044s] [100%] Built target lidar_data_node
[10.066s] Invoked command in '/home/evan/code/ndt-loc/build/data-publisher' returned '0': CMAKE_PREFIX_PATH=${CMAKE_PREFIX_PATH}:/opt/ros/humble /usr/bin/cmake --build /home/evan/code/ndt-loc/build/data-publisher -- -j4 -l4
[10.109s] Invoking command in '/home/evan/code/ndt-loc/build/data-publisher': CMAKE_PREFIX_PATH=${CMAKE_PREFIX_PATH}:/opt/ros/humble /usr/bin/cmake --install /home/evan/code/ndt-loc/build/data-publisher
[10.117s] -- Install configuration: ""
[10.118s] -- Installing: /home/evan/code/ndt-loc/install/data-publisher/lib/data-publisher/lidar_data_node
[10.119s] -- Set runtime path of "/home/evan/code/ndt-loc/install/data-publisher/lib/data-publisher/lidar_data_node" to ""
[10.119s] -- Up-to-date: /home/evan/code/ndt-loc/install/data-publisher/share/ament_index/resource_index/package_run_dependencies/data-publisher
[10.120s] -- Up-to-date: /home/evan/code/ndt-loc/install/data-publisher/share/ament_index/resource_index/parent_prefix_path/data-publisher
[10.120s] -- Up-to-date: /home/evan/code/ndt-loc/install/data-publisher/share/data-publisher/environment/ament_prefix_path.sh
[10.120s] -- Up-to-date: /home/evan/code/ndt-loc/install/data-publisher/share/data-publisher/environment/ament_prefix_path.dsv
[10.120s] -- Up-to-date: /home/evan/code/ndt-loc/install/data-publisher/share/data-publisher/environment/path.sh
[10.120s] -- Up-to-date: /home/evan/code/ndt-loc/install/data-publisher/share/data-publisher/environment/path.dsv
[10.120s] -- Up-to-date: /home/evan/code/ndt-loc/install/data-publisher/share/data-publisher/local_setup.bash
[10.120s] -- Up-to-date: /home/evan/code/ndt-loc/install/data-publisher/share/data-publisher/local_setup.sh
[10.120s] -- Up-to-date: /home/evan/code/ndt-loc/install/data-publisher/share/data-publisher/local_setup.zsh
[10.120s] -- Up-to-date: /home/evan/code/ndt-loc/install/data-publisher/share/data-publisher/local_setup.dsv
[10.120s] -- Installing: /home/evan/code/ndt-loc/install/data-publisher/share/data-publisher/package.dsv
[10.120s] -- Up-to-date: /home/evan/code/ndt-loc/install/data-publisher/share/ament_index/resource_index/packages/data-publisher
[10.120s] -- Up-to-date: /home/evan/code/ndt-loc/install/data-publisher/share/data-publisher/cmake/ament_cmake_export_include_directories-extras.cmake
[10.121s] -- Up-to-date: /home/evan/code/ndt-loc/install/data-publisher/share/data-publisher/cmake/data-publisherConfig.cmake
[10.121s] -- Up-to-date: /home/evan/code/ndt-loc/install/data-publisher/share/data-publisher/cmake/data-publisherConfig-version.cmake
[10.121s] -- Up-to-date: /home/evan/code/ndt-loc/install/data-publisher/share/data-publisher/package.xml
[10.122s] Invoked command in '/home/evan/code/ndt-loc/build/data-publisher' returned '0': CMAKE_PREFIX_PATH=${CMAKE_PREFIX_PATH}:/opt/ros/humble /usr/bin/cmake --install /home/evan/code/ndt-loc/build/data-publisher
