[0.019s] Invoking command in '/home/evan/code/ndt-loc/build/map': CMAKE_PREFIX_PATH=${CMAKE_PREFIX_PATH}:/opt/ros/humble /usr/bin/cmake --build /home/evan/code/ndt-loc/build/map -- -j4 -l4
[0.068s] [35m[1mConsolidate compiler generated dependencies of target image_projection_node[0m
[0.071s] [35m[1mConsolidate compiler generated dependencies of target front_end_node[0m
[0.130s] [ 20%] Built target show_map_node
[0.132s] [ 40%] Built target image_projection_node
[0.135s] [ 60%] Built target lidar_data_node
[0.138s] [ 80%] Built target front_end_node
[0.148s] [35m[1mConsolidate compiler generated dependencies of target mapping_node[0m
[0.192s] [ 90%] [32mBuilding CXX object CMakeFiles/mapping_node.dir/src/GroundTruth.cpp.o[0m
[10.223s] [01m[K/home/evan/code/ndt-loc/src/map/src/GroundTruth.cpp:[m[K In function ‘[01m[KEigen::Matrix4f TransMatrix(ndtloc::pose&)[m[K’:
[10.224s] [01m[K/home/evan/code/ndt-loc/src/map/src/GroundTruth.cpp:85:58:[m[K [01;31m[Kerror: [m[Kno matching function for call to ‘[01m[KEigen::AngleAxis<float>::AngleAxis(const float&, const BasisReturnType (&)())[m[K’
[10.224s]    85 |     Eigen::AngleAxisf rot_z(alpha, Eigen::Vector3f::UnitZ[01;31m[K)[m[K;
[10.224s]       |                                                          [01;31m[K^[m[K
[10.224s] In file included from [01m[K/usr/include/eigen3/Eigen/Geometry:43[m[K,
[10.224s]                  from [01m[K/usr/include/pcl-1.12/pcl/point_cloud.h:46[m[K,
[10.224s]                  from [01m[K/home/evan/code/ndt-loc/src/map/include/map/utilty.h:9[m[K,
[10.224s]                  from [01m[K/home/evan/code/ndt-loc/src/map/src/GroundTruth.cpp:3[m[K:
[10.224s] [01m[K/usr/include/eigen3/Eigen/src/Geometry/AngleAxis.h:139:37:[m[K [01;36m[Knote: [m[Kcandidate: ‘[01m[Ktemplate<class OtherScalarType> Eigen::AngleAxis<Scalar>::AngleAxis(const Eigen::AngleAxis<NewScalarType>&) [with OtherScalarType = OtherScalarType; _Scalar = float][m[K’
[10.224s]   139 |   EIGEN_DEVICE_FUNC inline explicit [01;36m[KAngleAxis[m[K(const AngleAxis<OtherScalarType>& other)
[10.224s]       |                                     [01;36m[K^~~~~~~~~[m[K
[10.224s] [01m[K/usr/include/eigen3/Eigen/src/Geometry/AngleAxis.h:139:37:[m[K [01;36m[Knote: [m[K  template argument deduction/substitution failed:
[10.225s] [01m[K/home/evan/code/ndt-loc/src/map/src/GroundTruth.cpp:85:58:[m[K [01;36m[Knote: [m[K  mismatched types ‘[01m[Kconst Eigen::AngleAxis<_Scalar>[m[K’ and ‘[01m[Kconst float[m[K’
[10.225s]    85 |     Eigen::AngleAxisf rot_z(alpha, Eigen::Vector3f::UnitZ[01;36m[K)[m[K;
[10.225s]       |                                                          [01;36m[K^[m[K
[10.225s] In file included from [01m[K/usr/include/eigen3/Eigen/Geometry:43[m[K,
[10.225s]                  from [01m[K/usr/include/pcl-1.12/pcl/point_cloud.h:46[m[K,
[10.225s]                  from [01m[K/home/evan/code/ndt-loc/src/map/include/map/utilty.h:9[m[K,
[10.225s]                  from [01m[K/home/evan/code/ndt-loc/src/map/src/GroundTruth.cpp:3[m[K:
[10.225s] [01m[K/usr/include/eigen3/Eigen/src/Geometry/AngleAxis.h:88:37:[m[K [01;36m[Knote: [m[Kcandidate: ‘[01m[Ktemplate<class Derived> Eigen::AngleAxis<Scalar>::AngleAxis(const Eigen::MatrixBase<OtherDerived>&) [with Derived = Derived; _Scalar = float][m[K’
[10.225s]    88 |   EIGEN_DEVICE_FUNC inline explicit [01;36m[KAngleAxis[m[K(const MatrixBase<Derived>& m) { *this = m; }
[10.225s]       |                                     [01;36m[K^~~~~~~~~[m[K
[10.225s] [01m[K/usr/include/eigen3/Eigen/src/Geometry/AngleAxis.h:88:37:[m[K [01;36m[Knote: [m[K  template argument deduction/substitution failed:
[10.225s] [01m[K/home/evan/code/ndt-loc/src/map/src/GroundTruth.cpp:85:58:[m[K [01;36m[Knote: [m[K  mismatched types ‘[01m[Kconst Eigen::MatrixBase<Derived>[m[K’ and ‘[01m[Kconst float[m[K’
[10.225s]    85 |     Eigen::AngleAxisf rot_z(alpha, Eigen::Vector3f::UnitZ[01;36m[K)[m[K;
[10.225s]       |                                                          [01;36m[K^[m[K
[10.225s] In file included from [01m[K/usr/include/eigen3/Eigen/Geometry:43[m[K,
[10.226s]                  from [01m[K/usr/include/pcl-1.12/pcl/point_cloud.h:46[m[K,
[10.226s]                  from [01m[K/home/evan/code/ndt-loc/src/map/include/map/utilty.h:9[m[K,
[10.226s]                  from [01m[K/home/evan/code/ndt-loc/src/map/src/GroundTruth.cpp:3[m[K:
[10.226s] [01m[K/usr/include/eigen3/Eigen/src/Geometry/AngleAxis.h:85:37:[m[K [01;36m[Knote: [m[Kcandidate: ‘[01m[Ktemplate<class QuatDerived> Eigen::AngleAxis<Scalar>::AngleAxis(const Eigen::QuaternionBase<OtherDerived>&) [with QuatDerived = QuatDerived; _Scalar = float][m[K’
[10.226s]    85 |   EIGEN_DEVICE_FUNC inline explicit [01;36m[KAngleAxis[m[K(const QuaternionBase<QuatDerived>& q) { *this = q; }
[10.226s]       |                                     [01;36m[K^~~~~~~~~[m[K
[10.226s] [01m[K/usr/include/eigen3/Eigen/src/Geometry/AngleAxis.h:85:37:[m[K [01;36m[Knote: [m[K  template argument deduction/substitution failed:
[10.226s] [01m[K/home/evan/code/ndt-loc/src/map/src/GroundTruth.cpp:85:58:[m[K [01;36m[Knote: [m[K  mismatched types ‘[01m[Kconst Eigen::QuaternionBase<Derived>[m[K’ and ‘[01m[Kconst float[m[K’
[10.226s]    85 |     Eigen::AngleAxisf rot_z(alpha, Eigen::Vector3f::UnitZ[01;36m[K)[m[K;
[10.226s]       |                                                          [01;36m[K^[m[K
[10.226s] In file included from [01m[K/usr/include/eigen3/Eigen/Geometry:43[m[K,
[10.226s]                  from [01m[K/usr/include/pcl-1.12/pcl/point_cloud.h:46[m[K,
[10.226s]                  from [01m[K/home/evan/code/ndt-loc/src/map/include/map/utilty.h:9[m[K,
[10.226s]                  from [01m[K/home/evan/code/ndt-loc/src/map/src/GroundTruth.cpp:3[m[K:
[10.226s] [01m[K/usr/include/eigen3/Eigen/src/Geometry/AngleAxis.h:80:10:[m[K [01;36m[Knote: [m[Kcandidate: ‘[01m[Ktemplate<class Derived> Eigen::AngleAxis<Scalar>::AngleAxis(const Scalar&, const Eigen::MatrixBase<OtherDerived>&) [with Derived = Derived; _Scalar = float][m[K’
[10.227s]    80 |   inline [01;36m[KAngleAxis[m[K(const Scalar& angle, const MatrixBase<Derived>& axis) : m_axis(axis), m_angle(angle) {}
[10.227s]       |          [01;36m[K^~~~~~~~~[m[K
[10.227s] [01m[K/usr/include/eigen3/Eigen/src/Geometry/AngleAxis.h:80:10:[m[K [01;36m[Knote: [m[K  template argument deduction/substitution failed:
[10.227s] [01m[K/home/evan/code/ndt-loc/src/map/src/GroundTruth.cpp:85:58:[m[K [01;36m[Knote: [m[K  mismatched types ‘[01m[Kconst Eigen::MatrixBase<Derived>[m[K’ and ‘[01m[Kconst BasisReturnType()[m[K’ {aka ‘[01m[Kconst Eigen::Block<const Eigen::CwiseNullaryOp<Eigen::internal::scalar_identity_op<float>, Eigen::Matrix<float, 3, 3> >, 3, 1, false>()[m[K’}
[10.227s]    85 |     Eigen::AngleAxisf rot_z(alpha, Eigen::Vector3f::UnitZ[01;36m[K)[m[K;
[10.227s]       |                                                          [01;36m[K^[m[K
[10.227s] In file included from [01m[K/usr/include/eigen3/Eigen/Geometry:43[m[K,
[10.227s]                  from [01m[K/usr/include/pcl-1.12/pcl/point_cloud.h:46[m[K,
[10.227s]                  from [01m[K/home/evan/code/ndt-loc/src/map/include/map/utilty.h:9[m[K,
[10.227s]                  from [01m[K/home/evan/code/ndt-loc/src/map/src/GroundTruth.cpp:3[m[K:
[10.227s] [01m[K/usr/include/eigen3/Eigen/src/Geometry/AngleAxis.h:72:21:[m[K [01;36m[Knote: [m[Kcandidate: ‘[01m[KEigen::AngleAxis<Scalar>::AngleAxis() [with _Scalar = float][m[K’
[10.227s]    72 |   EIGEN_DEVICE_FUNC [01;36m[KAngleAxis[m[K() {}
[10.227s]       |                     [01;36m[K^~~~~~~~~[m[K
[10.227s] [01m[K/usr/include/eigen3/Eigen/src/Geometry/AngleAxis.h:72:21:[m[K [01;36m[Knote: [m[K  candidate expects 0 arguments, 2 provided
[10.228s] [01m[K/usr/include/eigen3/Eigen/src/Geometry/AngleAxis.h:49:7:[m[K [01;36m[Knote: [m[Kcandidate: ‘[01m[KEigen::AngleAxis<float>::AngleAxis(const Eigen::AngleAxis<float>&)[m[K’
[10.228s]    49 | class [01;36m[KAngleAxis[m[K : public RotationBase<AngleAxis<_Scalar>,3>
[10.228s]       |       [01;36m[K^~~~~~~~~[m[K
[10.228s] [01m[K/usr/include/eigen3/Eigen/src/Geometry/AngleAxis.h:49:7:[m[K [01;36m[Knote: [m[K  candidate expects 1 argument, 2 provided
[10.228s] [01m[K/usr/include/eigen3/Eigen/src/Geometry/AngleAxis.h:49:7:[m[K [01;36m[Knote: [m[Kcandidate: ‘[01m[KEigen::AngleAxis<float>::AngleAxis(Eigen::AngleAxis<float>&&)[m[K’
[10.228s] [01m[K/usr/include/eigen3/Eigen/src/Geometry/AngleAxis.h:49:7:[m[K [01;36m[Knote: [m[K  candidate expects 1 argument, 2 provided
[12.431s] gmake[2]: *** [CMakeFiles/mapping_node.dir/build.make:76: CMakeFiles/mapping_node.dir/src/GroundTruth.cpp.o] Error 1
[12.431s] gmake[1]: *** [CMakeFiles/Makefile2:249: CMakeFiles/mapping_node.dir/all] Error 2
[12.431s] gmake: *** [Makefile:146: all] Error 2
[12.434s] Invoked command in '/home/evan/code/ndt-loc/build/map' returned '2': CMAKE_PREFIX_PATH=${CMAKE_PREFIX_PATH}:/opt/ros/humble /usr/bin/cmake --build /home/evan/code/ndt-loc/build/map -- -j4 -l4
