[0.015s] Invoking command in '/home/evan/code/ndt-loc/build/map': CMAKE_PREFIX_PATH=${CMAKE_PREFIX_PATH}:/opt/ros/humble /usr/bin/cmake --build /home/evan/code/ndt-loc/build/map -- -j4 -l4
[0.078s] [35m[1mConsolidate compiler generated dependencies of target mapping_image[0m
[0.114s] [ 20%] Built target front_end_node
[0.117s] [ 40%] Built target lidar_data_node
[0.124s] [ 60%] Built target show_map_node
[0.133s] [ 66%] [32mBuilding CXX object CMakeFiles/mapping_image.dir/src/ImageProjection.cpp.o[0m
[19.095s] [ 73%] [32m[1mLinking CXX static library libmapping_image.a[0m
[19.476s] [ 80%] Built target mapping_image
[19.523s] [ 86%] [32m[1mLinking CXX executable mapping_node[0m
[21.247s] [100%] Built target mapping_node
[21.260s] Invoked command in '/home/evan/code/ndt-loc/build/map' returned '0': CMAKE_PREFIX_PATH=${CMAKE_PREFIX_PATH}:/opt/ros/humble /usr/bin/cmake --build /home/evan/code/ndt-loc/build/map -- -j4 -l4
[21.320s] Invoking command in '/home/evan/code/ndt-loc/build/map': CMAKE_PREFIX_PATH=${CMAKE_PREFIX_PATH}:/opt/ros/humble /usr/bin/cmake --install /home/evan/code/ndt-loc/build/map
[21.326s] -- Install configuration: ""
[21.326s] -- Up-to-date: /home/evan/code/ndt-loc/install/map/lib/map/lidar_data_node
[21.326s] -- Up-to-date: /home/evan/code/ndt-loc/install/map/lib/map/front_end_node
[21.327s] -- Up-to-date: /home/evan/code/ndt-loc/install/map/lib/map/show_map_node
[21.327s] -- Installing: /home/evan/code/ndt-loc/install/map/lib/map/mapping_node
[21.336s] -- Set runtime path of "/home/evan/code/ndt-loc/install/map/lib/map/mapping_node" to ""
[21.336s] -- Up-to-date: /home/evan/code/ndt-loc/install/map/share/ament_index/resource_index/package_run_dependencies/map
[21.336s] -- Up-to-date: /home/evan/code/ndt-loc/install/map/share/ament_index/resource_index/parent_prefix_path/map
[21.336s] -- Up-to-date: /home/evan/code/ndt-loc/install/map/share/map/environment/ament_prefix_path.sh
[21.336s] -- Up-to-date: /home/evan/code/ndt-loc/install/map/share/map/environment/ament_prefix_path.dsv
[21.336s] -- Up-to-date: /home/evan/code/ndt-loc/install/map/share/map/environment/path.sh
[21.336s] -- Up-to-date: /home/evan/code/ndt-loc/install/map/share/map/environment/path.dsv
[21.336s] -- Up-to-date: /home/evan/code/ndt-loc/install/map/share/map/local_setup.bash
[21.336s] -- Up-to-date: /home/evan/code/ndt-loc/install/map/share/map/local_setup.sh
[21.337s] -- Up-to-date: /home/evan/code/ndt-loc/install/map/share/map/local_setup.zsh
[21.337s] -- Up-to-date: /home/evan/code/ndt-loc/install/map/share/map/local_setup.dsv
[21.337s] -- Installing: /home/evan/code/ndt-loc/install/map/share/map/package.dsv
[21.337s] -- Up-to-date: /home/evan/code/ndt-loc/install/map/share/ament_index/resource_index/packages/map
[21.337s] -- Up-to-date: /home/evan/code/ndt-loc/install/map/share/map/cmake/ament_cmake_export_include_directories-extras.cmake
[21.337s] -- Up-to-date: /home/evan/code/ndt-loc/install/map/share/map/cmake/mapConfig.cmake
[21.337s] -- Up-to-date: /home/evan/code/ndt-loc/install/map/share/map/cmake/mapConfig-version.cmake
[21.337s] -- Up-to-date: /home/evan/code/ndt-loc/install/map/share/map/package.xml
[21.340s] Invoked command in '/home/evan/code/ndt-loc/build/map' returned '0': CMAKE_PREFIX_PATH=${CMAKE_PREFIX_PATH}:/opt/ros/humble /usr/bin/cmake --install /home/evan/code/ndt-loc/build/map
