[0.437s] Invoking command in '/home/evan/code/ndt-loc/build/map': CMAKE_PREFIX_PATH=${CMAKE_PREFIX_PATH}:/opt/ros/humble /usr/bin/cmake --build /home/evan/code/ndt-loc/build/map -- -j4 -l4
[0.478s] -- Found ament_cmake: 1.3.3 (/opt/ros/humble/share/ament_cmake/cmake)
[1.271s] -- Found rclcpp: 16.0.3 (/opt/ros/humble/share/rclcpp/cmake)
[1.332s] -- Found rosidl_generator_c: 3.1.4 (/opt/ros/humble/share/rosidl_generator_c/cmake)
[1.336s] -- Found rosidl_adapter: 3.1.4 (/opt/ros/humble/share/rosidl_adapter/cmake)
[1.343s] -- Found rosidl_generator_cpp: 3.1.4 (/opt/ros/humble/share/rosidl_generator_cpp/cmake)
[1.356s] -- Using all available rosidl_typesupport_c: rosidl_typesupport_fastrtps_c;rosidl_typesupport_introspection_c
[1.372s] -- Using all available rosidl_typesupport_cpp: rosidl_typesupport_fastrtps_cpp;rosidl_typesupport_introspection_cpp
[1.441s] -- Found rmw_implementation_cmake: 6.1.1 (/opt/ros/humble/share/rmw_implementation_cmake/cmake)
[1.442s] -- Found rmw_fastrtps_cpp: 6.2.2 (/opt/ros/humble/share/rmw_fastrtps_cpp/cmake)
[1.576s] -- Using RMW implementation 'rmw_fastrtps_cpp' as default
[1.762s] -- Found sensor_msgs: 4.2.3 (/opt/ros/humble/share/sensor_msgs/cmake)
[1.924s] -- Eigen found (include: /usr/include/eigen3, version: 3.4.0)
[1.957s] -- FLANN found (include: /usr/include, lib: /usr/lib/x86_64-linux-gnu/libflann_cpp.so)
[2.668s] -- OpenNI found (version: 1.5.4.0, include: /usr/include/ni, lib: /usr/lib/libOpenNI.so;libusb::libusb)
[2.675s] -- OpenNI2 found (version: 2.2.0.33, include: /usr/include/openni2, lib: /usr/lib/x86_64-linux-gnu/libOpenNI2.so;libusb::libusb)
[2.675s] [0m** WARNING ** io features related to pcap will be disabled[0m
[2.839s] -- Eigen found (include: /usr/include/eigen3, version: 3.4.0)
[2.846s] -- OpenNI found (version: 1.5.4.0, include: /usr/include/ni, lib: /usr/lib/libOpenNI.so;libusb::libusb)
[2.854s] -- OpenNI2 found (version: 2.2.0.33, include: /usr/include/openni2, lib: /usr/lib/x86_64-linux-gnu/libOpenNI2.so;libusb::libusb)
[3.007s] -- Found Qhull version 8.0.2
[3.167s] -- OpenNI found (version: 1.5.4.0, include: /usr/include/ni, lib: /usr/lib/libOpenNI.so;libusb::libusb)
[3.323s] -- looking for PCL_COMMON
[3.324s] -- looking for PCL_KDTREE
[3.324s] -- looking for PCL_OCTREE
[3.325s] -- looking for PCL_SEARCH
[3.325s] -- looking for PCL_SAMPLE_CONSENSUS
[3.326s] -- looking for PCL_FILTERS
[3.326s] -- looking for PCL_2D
[3.327s] -- looking for PCL_GEOMETRY
[3.327s] -- looking for PCL_IO
[3.328s] -- looking for PCL_FEATURES
[3.328s] -- looking for PCL_ML
[3.329s] -- looking for PCL_SEGMENTATION
[3.329s] -- looking for PCL_VISUALIZATION
[3.330s] -- looking for PCL_SURFACE
[3.330s] -- looking for PCL_REGISTRATION
[3.331s] -- looking for PCL_KEYPOINTS
[3.331s] -- looking for PCL_TRACKING
[3.332s] -- looking for PCL_RECOGNITION
[3.333s] -- looking for PCL_STEREO
[3.333s] -- looking for PCL_APPS
[3.334s] -- looking for PCL_IN_HAND_SCANNER
[3.334s] -- looking for PCL_MODELER
[3.335s] -- looking for PCL_POINT_CLOUD_EDITOR
[3.336s] -- looking for PCL_OUTOFCORE
[3.336s] -- looking for PCL_PEOPLE
[3.339s] -- Found pcl_conversions: 2.4.0 (/opt/ros/humble/share/pcl_conversions/cmake)
[3.497s] [31mCMake Error at /opt/ros/humble/share/ament_cmake_target_dependencies/cmake/ament_target_dependencies.cmake:77 (message):
[3.497s]   ament_target_dependencies() the passed package name 'pcl_common' was not
[3.497s]   found before
[3.497s] Call Stack (most recent call first):
[3.497s]   CMakeLists.txt:33 (ament_target_dependencies)
[3.497s] 
[3.498s] [0m
[3.498s] -- Configuring incomplete, errors occurred!
[3.498s] See also "/home/evan/code/ndt-loc/build/map/CMakeFiles/CMakeOutput.log".
[3.658s] gmake: *** [Makefile:448: cmake_check_build_system] Error 1
[3.662s] Invoked command in '/home/evan/code/ndt-loc/build/map' returned '2': CMAKE_PREFIX_PATH=${CMAKE_PREFIX_PATH}:/opt/ros/humble /usr/bin/cmake --build /home/evan/code/ndt-loc/build/map -- -j4 -l4
