[0.304s] DEBUG:colcon:Command line arguments: ['/usr/bin/colcon', 'build']
[0.305s] DEBUG:colcon:Parsed command line arguments: Namespace(log_base=None, log_level=None, verb_name='build', build_base='build', install_base='install', merge_install=False, symlink_install=False, test_result_base=None, continue_on_error=False, executor='parallel', parallel_workers=4, event_handlers=None, ignore_user_meta=False, metas=['./colcon.meta'], base_paths=['.'], packages_ignore=None, packages_ignore_regex=None, paths=None, packages_up_to=None, packages_up_to_regex=None, packages_above=None, packages_above_and_dependencies=None, packages_above_depth=None, packages_select_by_dep=None, packages_skip_by_dep=None, packages_skip_up_to=None, packages_select_build_failed=False, packages_skip_build_finished=False, packages_select_test_failures=False, packages_skip_test_passed=False, packages_select=None, packages_skip=None, packages_select_regex=None, packages_skip_regex=None, packages_start=None, packages_end=None, allow_overriding=[], cmake_args=None, cmake_target=None, cmake_target_skip_unavailable=False, cmake_clean_cache=False, cmake_clean_first=False, cmake_force_configure=False, ament_cmake_args=None, catkin_cmake_args=None, catkin_skip_building_tests=False, verb_parser=<colcon_defaults.argument_parser.defaults.DefaultArgumentsDecorator object at 0x7f8e92fbd8a0>, verb_extension=<colcon_core.verb.build.BuildVerb object at 0x7f8e937e42e0>, main=<bound method BuildVerb.main of <colcon_core.verb.build.BuildVerb object at 0x7f8e937e42e0>>)
[0.335s] Level 1:colcon.colcon_core.package_discovery:discover_packages(colcon_meta) check parameters
[0.336s] Level 1:colcon.colcon_core.package_discovery:discover_packages(recursive) check parameters
[0.336s] Level 1:colcon.colcon_core.package_discovery:discover_packages(ignore) check parameters
[0.336s] Level 1:colcon.colcon_core.package_discovery:discover_packages(path) check parameters
[0.336s] Level 1:colcon.colcon_core.package_discovery:discover_packages(colcon_meta) discover
[0.336s] Level 1:colcon.colcon_core.package_discovery:discover_packages(recursive) discover
[0.336s] INFO:colcon.colcon_core.package_discovery:Crawling recursively for packages in '/home/evan/code/ndt-loc'
[0.336s] Level 1:colcon.colcon_core.package_identification:_identify(.) by extensions ['ignore', 'ignore_ament_install']
[0.336s] Level 1:colcon.colcon_core.package_identification:_identify(.) by extension 'ignore'
[0.336s] Level 1:colcon.colcon_core.package_identification:_identify(.) by extension 'ignore_ament_install'
[0.336s] Level 1:colcon.colcon_core.package_identification:_identify(.) by extensions ['colcon_pkg']
[0.336s] Level 1:colcon.colcon_core.package_identification:_identify(.) by extension 'colcon_pkg'
[0.336s] Level 1:colcon.colcon_core.package_identification:_identify(.) by extensions ['colcon_meta']
[0.336s] Level 1:colcon.colcon_core.package_identification:_identify(.) by extension 'colcon_meta'
[0.336s] Level 1:colcon.colcon_core.package_identification:_identify(.) by extensions ['ros']
[0.336s] Level 1:colcon.colcon_core.package_identification:_identify(.) by extension 'ros'
[0.348s] Level 1:colcon.colcon_core.package_identification:_identify(.) by extensions ['cmake', 'python']
[0.348s] Level 1:colcon.colcon_core.package_identification:_identify(.) by extension 'cmake'
[0.348s] Level 1:colcon.colcon_core.package_identification:_identify(.) by extension 'python'
[0.348s] Level 1:colcon.colcon_core.package_identification:_identify(.) by extensions ['python_setup_py']
[0.348s] Level 1:colcon.colcon_core.package_identification:_identify(.) by extension 'python_setup_py'
[0.348s] Level 1:colcon.colcon_core.package_identification:_identify(build) by extensions ['ignore', 'ignore_ament_install']
[0.348s] Level 1:colcon.colcon_core.package_identification:_identify(build) by extension 'ignore'
[0.348s] Level 1:colcon.colcon_core.package_identification:_identify(build) ignored
[0.348s] Level 1:colcon.colcon_core.package_identification:_identify(install) by extensions ['ignore', 'ignore_ament_install']
[0.348s] Level 1:colcon.colcon_core.package_identification:_identify(install) by extension 'ignore'
[0.349s] Level 1:colcon.colcon_core.package_identification:_identify(install) ignored
[0.349s] Level 1:colcon.colcon_core.package_identification:_identify(log) by extensions ['ignore', 'ignore_ament_install']
[0.349s] Level 1:colcon.colcon_core.package_identification:_identify(log) by extension 'ignore'
[0.349s] Level 1:colcon.colcon_core.package_identification:_identify(log) ignored
[0.349s] Level 1:colcon.colcon_core.package_identification:_identify(src) by extensions ['ignore', 'ignore_ament_install']
[0.349s] Level 1:colcon.colcon_core.package_identification:_identify(src) by extension 'ignore'
[0.349s] Level 1:colcon.colcon_core.package_identification:_identify(src) by extension 'ignore_ament_install'
[0.349s] Level 1:colcon.colcon_core.package_identification:_identify(src) by extensions ['colcon_pkg']
[0.349s] Level 1:colcon.colcon_core.package_identification:_identify(src) by extension 'colcon_pkg'
[0.349s] Level 1:colcon.colcon_core.package_identification:_identify(src) by extensions ['colcon_meta']
[0.349s] Level 1:colcon.colcon_core.package_identification:_identify(src) by extension 'colcon_meta'
[0.349s] Level 1:colcon.colcon_core.package_identification:_identify(src) by extensions ['ros']
[0.349s] Level 1:colcon.colcon_core.package_identification:_identify(src) by extension 'ros'
[0.350s] Level 1:colcon.colcon_core.package_identification:_identify(src) by extensions ['cmake', 'python']
[0.350s] Level 1:colcon.colcon_core.package_identification:_identify(src) by extension 'cmake'
[0.350s] Level 1:colcon.colcon_core.package_identification:_identify(src) by extension 'python'
[0.350s] Level 1:colcon.colcon_core.package_identification:_identify(src) by extensions ['python_setup_py']
[0.350s] Level 1:colcon.colcon_core.package_identification:_identify(src) by extension 'python_setup_py'
[0.350s] Level 1:colcon.colcon_core.package_identification:_identify(src/cloud_msgs) by extensions ['ignore', 'ignore_ament_install']
[0.350s] Level 1:colcon.colcon_core.package_identification:_identify(src/cloud_msgs) by extension 'ignore'
[0.350s] Level 1:colcon.colcon_core.package_identification:_identify(src/cloud_msgs) by extension 'ignore_ament_install'
[0.350s] Level 1:colcon.colcon_core.package_identification:_identify(src/cloud_msgs) by extensions ['colcon_pkg']
[0.350s] Level 1:colcon.colcon_core.package_identification:_identify(src/cloud_msgs) by extension 'colcon_pkg'
[0.350s] Level 1:colcon.colcon_core.package_identification:_identify(src/cloud_msgs) by extensions ['colcon_meta']
[0.350s] Level 1:colcon.colcon_core.package_identification:_identify(src/cloud_msgs) by extension 'colcon_meta'
[0.350s] Level 1:colcon.colcon_core.package_identification:_identify(src/cloud_msgs) by extensions ['ros']
[0.350s] Level 1:colcon.colcon_core.package_identification:_identify(src/cloud_msgs) by extension 'ros'
[0.353s] DEBUG:colcon.colcon_core.package_identification:Package 'src/cloud_msgs' with type 'ros.ament_cmake' and name 'cloud_msgs'
[0.353s] Level 1:colcon.colcon_core.package_identification:_identify(src/map) by extensions ['ignore', 'ignore_ament_install']
[0.353s] Level 1:colcon.colcon_core.package_identification:_identify(src/map) by extension 'ignore'
[0.353s] Level 1:colcon.colcon_core.package_identification:_identify(src/map) by extension 'ignore_ament_install'
[0.353s] Level 1:colcon.colcon_core.package_identification:_identify(src/map) by extensions ['colcon_pkg']
[0.353s] Level 1:colcon.colcon_core.package_identification:_identify(src/map) by extension 'colcon_pkg'
[0.353s] Level 1:colcon.colcon_core.package_identification:_identify(src/map) by extensions ['colcon_meta']
[0.353s] Level 1:colcon.colcon_core.package_identification:_identify(src/map) by extension 'colcon_meta'
[0.353s] Level 1:colcon.colcon_core.package_identification:_identify(src/map) by extensions ['ros']
[0.353s] Level 1:colcon.colcon_core.package_identification:_identify(src/map) by extension 'ros'
[0.354s] DEBUG:colcon.colcon_core.package_identification:Package 'src/map' with type 'ros.ament_cmake' and name 'map'
[0.354s] Level 1:colcon.colcon_core.package_identification:_identify(src/ndt-lidar-radar) by extensions ['ignore', 'ignore_ament_install']
[0.354s] Level 1:colcon.colcon_core.package_identification:_identify(src/ndt-lidar-radar) by extension 'ignore'
[0.354s] Level 1:colcon.colcon_core.package_identification:_identify(src/ndt-lidar-radar) by extension 'ignore_ament_install'
[0.354s] Level 1:colcon.colcon_core.package_identification:_identify(src/ndt-lidar-radar) by extensions ['colcon_pkg']
[0.355s] Level 1:colcon.colcon_core.package_identification:_identify(src/ndt-lidar-radar) by extension 'colcon_pkg'
[0.355s] Level 1:colcon.colcon_core.package_identification:_identify(src/ndt-lidar-radar) by extensions ['colcon_meta']
[0.355s] Level 1:colcon.colcon_core.package_identification:_identify(src/ndt-lidar-radar) by extension 'colcon_meta'
[0.355s] Level 1:colcon.colcon_core.package_identification:_identify(src/ndt-lidar-radar) by extensions ['ros']
[0.355s] Level 1:colcon.colcon_core.package_identification:_identify(src/ndt-lidar-radar) by extension 'ros'
[0.355s] DEBUG:colcon.colcon_core.package_identification:Package 'src/ndt-lidar-radar' with type 'ros.ament_cmake' and name 'ndt-lidar-radar'
[0.355s] Level 1:colcon.colcon_core.package_discovery:discover_packages(recursive) using defaults
[0.355s] Level 1:colcon.colcon_core.package_discovery:discover_packages(ignore) discover
[0.355s] Level 1:colcon.colcon_core.package_discovery:discover_packages(ignore) using defaults
[0.356s] Level 1:colcon.colcon_core.package_discovery:discover_packages(path) discover
[0.356s] Level 1:colcon.colcon_core.package_discovery:discover_packages(path) using defaults
[0.378s] Level 1:colcon.colcon_core.package_discovery:discover_packages(prefix_path) check parameters
[0.378s] Level 1:colcon.colcon_core.package_discovery:discover_packages(prefix_path) discover
[0.381s] DEBUG:colcon.colcon_installed_package_information.package_discovery:Found 3 installed packages in /home/evan/code/ndt-loc/install
[0.383s] DEBUG:colcon.colcon_installed_package_information.package_discovery:Found 270 installed packages in /opt/ros/humble
[0.385s] Level 1:colcon.colcon_core.package_discovery:discover_packages(prefix_path) using defaults
[0.444s] Level 5:colcon.colcon_core.verb:set package 'cloud_msgs' build argument 'cmake_args' from command line to 'None'
[0.444s] Level 5:colcon.colcon_core.verb:set package 'cloud_msgs' build argument 'cmake_target' from command line to 'None'
[0.444s] Level 5:colcon.colcon_core.verb:set package 'cloud_msgs' build argument 'cmake_target_skip_unavailable' from command line to 'False'
[0.444s] Level 5:colcon.colcon_core.verb:set package 'cloud_msgs' build argument 'cmake_clean_cache' from command line to 'False'
[0.444s] Level 5:colcon.colcon_core.verb:set package 'cloud_msgs' build argument 'cmake_clean_first' from command line to 'False'
[0.444s] Level 5:colcon.colcon_core.verb:set package 'cloud_msgs' build argument 'cmake_force_configure' from command line to 'False'
[0.444s] Level 5:colcon.colcon_core.verb:set package 'cloud_msgs' build argument 'ament_cmake_args' from command line to 'None'
[0.444s] Level 5:colcon.colcon_core.verb:set package 'cloud_msgs' build argument 'catkin_cmake_args' from command line to 'None'
[0.444s] Level 5:colcon.colcon_core.verb:set package 'cloud_msgs' build argument 'catkin_skip_building_tests' from command line to 'False'
[0.444s] DEBUG:colcon.colcon_core.verb:Building package 'cloud_msgs' with the following arguments: {'ament_cmake_args': None, 'build_base': '/home/evan/code/ndt-loc/build/cloud_msgs', 'catkin_cmake_args': None, 'catkin_skip_building_tests': False, 'cmake_args': None, 'cmake_clean_cache': False, 'cmake_clean_first': False, 'cmake_force_configure': False, 'cmake_target': None, 'cmake_target_skip_unavailable': False, 'install_base': '/home/evan/code/ndt-loc/install/cloud_msgs', 'merge_install': False, 'path': '/home/evan/code/ndt-loc/src/cloud_msgs', 'symlink_install': False, 'test_result_base': None}
[0.445s] Level 5:colcon.colcon_core.verb:set package 'map' build argument 'cmake_args' from command line to 'None'
[0.445s] Level 5:colcon.colcon_core.verb:set package 'map' build argument 'cmake_target' from command line to 'None'
[0.445s] Level 5:colcon.colcon_core.verb:set package 'map' build argument 'cmake_target_skip_unavailable' from command line to 'False'
[0.445s] Level 5:colcon.colcon_core.verb:set package 'map' build argument 'cmake_clean_cache' from command line to 'False'
[0.445s] Level 5:colcon.colcon_core.verb:set package 'map' build argument 'cmake_clean_first' from command line to 'False'
[0.445s] Level 5:colcon.colcon_core.verb:set package 'map' build argument 'cmake_force_configure' from command line to 'False'
[0.445s] Level 5:colcon.colcon_core.verb:set package 'map' build argument 'ament_cmake_args' from command line to 'None'
[0.445s] Level 5:colcon.colcon_core.verb:set package 'map' build argument 'catkin_cmake_args' from command line to 'None'
[0.445s] Level 5:colcon.colcon_core.verb:set package 'map' build argument 'catkin_skip_building_tests' from command line to 'False'
[0.446s] DEBUG:colcon.colcon_core.verb:Building package 'map' with the following arguments: {'ament_cmake_args': None, 'build_base': '/home/evan/code/ndt-loc/build/map', 'catkin_cmake_args': None, 'catkin_skip_building_tests': False, 'cmake_args': None, 'cmake_clean_cache': False, 'cmake_clean_first': False, 'cmake_force_configure': False, 'cmake_target': None, 'cmake_target_skip_unavailable': False, 'install_base': '/home/evan/code/ndt-loc/install/map', 'merge_install': False, 'path': '/home/evan/code/ndt-loc/src/map', 'symlink_install': False, 'test_result_base': None}
[0.447s] Level 5:colcon.colcon_core.verb:set package 'ndt-lidar-radar' build argument 'cmake_args' from command line to 'None'
[0.447s] Level 5:colcon.colcon_core.verb:set package 'ndt-lidar-radar' build argument 'cmake_target' from command line to 'None'
[0.447s] Level 5:colcon.colcon_core.verb:set package 'ndt-lidar-radar' build argument 'cmake_target_skip_unavailable' from command line to 'False'
[0.447s] Level 5:colcon.colcon_core.verb:set package 'ndt-lidar-radar' build argument 'cmake_clean_cache' from command line to 'False'
[0.447s] Level 5:colcon.colcon_core.verb:set package 'ndt-lidar-radar' build argument 'cmake_clean_first' from command line to 'False'
[0.447s] Level 5:colcon.colcon_core.verb:set package 'ndt-lidar-radar' build argument 'cmake_force_configure' from command line to 'False'
[0.447s] Level 5:colcon.colcon_core.verb:set package 'ndt-lidar-radar' build argument 'ament_cmake_args' from command line to 'None'
[0.447s] Level 5:colcon.colcon_core.verb:set package 'ndt-lidar-radar' build argument 'catkin_cmake_args' from command line to 'None'
[0.447s] Level 5:colcon.colcon_core.verb:set package 'ndt-lidar-radar' build argument 'catkin_skip_building_tests' from command line to 'False'
[0.447s] DEBUG:colcon.colcon_core.verb:Building package 'ndt-lidar-radar' with the following arguments: {'ament_cmake_args': None, 'build_base': '/home/evan/code/ndt-loc/build/ndt-lidar-radar', 'catkin_cmake_args': None, 'catkin_skip_building_tests': False, 'cmake_args': None, 'cmake_clean_cache': False, 'cmake_clean_first': False, 'cmake_force_configure': False, 'cmake_target': None, 'cmake_target_skip_unavailable': False, 'install_base': '/home/evan/code/ndt-loc/install/ndt-lidar-radar', 'merge_install': False, 'path': '/home/evan/code/ndt-loc/src/ndt-lidar-radar', 'symlink_install': False, 'test_result_base': None}
[0.447s] INFO:colcon.colcon_core.executor:Executing jobs using 'parallel' executor
[0.451s] DEBUG:colcon.colcon_parallel_executor.executor.parallel:run_until_complete
[0.452s] INFO:colcon.colcon_ros.task.ament_cmake.build:Building ROS package in '/home/evan/code/ndt-loc/src/cloud_msgs' with build type 'ament_cmake'
[0.452s] INFO:colcon.colcon_cmake.task.cmake.build:Building CMake package in '/home/evan/code/ndt-loc/src/cloud_msgs'
[0.456s] INFO:colcon.colcon_core.plugin_system:Skipping extension 'colcon_core.shell.bat': Not used on non-Windows systems
[0.456s] INFO:colcon.colcon_core.shell:Skip shell extension 'powershell' for command environment: Not usable outside of PowerShell
[0.456s] DEBUG:colcon.colcon_core.shell:Skip shell extension 'dsv' for command environment
[0.461s] INFO:colcon.colcon_ros.task.ament_cmake.build:Building ROS package in '/home/evan/code/ndt-loc/src/map' with build type 'ament_cmake'
[0.461s] INFO:colcon.colcon_cmake.task.cmake.build:Building CMake package in '/home/evan/code/ndt-loc/src/map'
[0.463s] INFO:colcon.colcon_core.shell:Skip shell extension 'powershell' for command environment: Not usable outside of PowerShell
[0.463s] DEBUG:colcon.colcon_core.shell:Skip shell extension 'dsv' for command environment
[0.468s] INFO:colcon.colcon_ros.task.ament_cmake.build:Building ROS package in '/home/evan/code/ndt-loc/src/ndt-lidar-radar' with build type 'ament_cmake'
[0.468s] INFO:colcon.colcon_cmake.task.cmake.build:Building CMake package in '/home/evan/code/ndt-loc/src/ndt-lidar-radar'
[0.469s] INFO:colcon.colcon_core.shell:Skip shell extension 'powershell' for command environment: Not usable outside of PowerShell
[0.470s] DEBUG:colcon.colcon_core.shell:Skip shell extension 'dsv' for command environment
[0.482s] DEBUG:colcon.colcon_core.event_handler.log_command:Invoking command in '/home/evan/code/ndt-loc/build/cloud_msgs': CMAKE_PREFIX_PATH=${CMAKE_PREFIX_PATH}:/opt/ros/humble /usr/bin/cmake --build /home/evan/code/ndt-loc/build/cloud_msgs -- -j4 -l4
[0.485s] DEBUG:colcon.colcon_core.event_handler.log_command:Invoking command in '/home/evan/code/ndt-loc/build/map': CMAKE_PREFIX_PATH=${CMAKE_PREFIX_PATH}:/opt/ros/humble /usr/bin/cmake --build /home/evan/code/ndt-loc/build/map -- -j4 -l4
[0.492s] DEBUG:colcon.colcon_core.event_handler.log_command:Invoking command in '/home/evan/code/ndt-loc/build/ndt-lidar-radar': CMAKE_PREFIX_PATH=${CMAKE_PREFIX_PATH}:/opt/ros/humble /usr/bin/cmake --build /home/evan/code/ndt-loc/build/ndt-lidar-radar -- -j4 -l4
[0.554s] DEBUG:colcon.colcon_core.event_handler.log_command:Invoked command in '/home/evan/code/ndt-loc/build/ndt-lidar-radar' returned '0': CMAKE_PREFIX_PATH=${CMAKE_PREFIX_PATH}:/opt/ros/humble /usr/bin/cmake --build /home/evan/code/ndt-loc/build/ndt-lidar-radar -- -j4 -l4
[0.609s] DEBUG:colcon.colcon_core.event_handler.log_command:Invoking command in '/home/evan/code/ndt-loc/build/ndt-lidar-radar': CMAKE_PREFIX_PATH=${CMAKE_PREFIX_PATH}:/opt/ros/humble /usr/bin/cmake --install /home/evan/code/ndt-loc/build/ndt-lidar-radar
[0.624s] Level 1:colcon.colcon_core.environment:create_environment_scripts_only(ndt-lidar-radar)
[0.626s] DEBUG:colcon.colcon_core.event_handler.log_command:Invoked command in '/home/evan/code/ndt-loc/build/ndt-lidar-radar' returned '0': CMAKE_PREFIX_PATH=${CMAKE_PREFIX_PATH}:/opt/ros/humble /usr/bin/cmake --install /home/evan/code/ndt-loc/build/ndt-lidar-radar
[0.630s] Level 1:colcon.colcon_core.environment:checking '/home/evan/code/ndt-loc/install/ndt-lidar-radar' for CMake module files
[0.631s] Level 1:colcon.colcon_core.environment:checking '/home/evan/code/ndt-loc/install/ndt-lidar-radar' for CMake config files
[0.632s] Level 1:colcon.colcon_core.shell:create_environment_hook('ndt-lidar-radar', 'cmake_prefix_path')
[0.633s] INFO:colcon.colcon_core.shell:Creating environment hook '/home/evan/code/ndt-loc/install/ndt-lidar-radar/share/ndt-lidar-radar/hook/cmake_prefix_path.ps1'
[0.634s] INFO:colcon.colcon_core.shell:Creating environment descriptor '/home/evan/code/ndt-loc/install/ndt-lidar-radar/share/ndt-lidar-radar/hook/cmake_prefix_path.dsv'
[0.635s] INFO:colcon.colcon_core.shell:Creating environment hook '/home/evan/code/ndt-loc/install/ndt-lidar-radar/share/ndt-lidar-radar/hook/cmake_prefix_path.sh'
[0.636s] Level 1:colcon.colcon_core.environment:checking '/home/evan/code/ndt-loc/install/ndt-lidar-radar/bin'
[0.636s] Level 1:colcon.colcon_core.environment:checking '/home/evan/code/ndt-loc/install/ndt-lidar-radar/lib/pkgconfig/ndt-lidar-radar.pc'
[0.637s] Level 1:colcon.colcon_core.environment:checking '/home/evan/code/ndt-loc/install/ndt-lidar-radar/lib/python3.10/site-packages'
[0.637s] Level 1:colcon.colcon_core.environment:checking '/home/evan/code/ndt-loc/install/ndt-lidar-radar/bin'
[0.638s] INFO:colcon.colcon_core.shell:Creating package script '/home/evan/code/ndt-loc/install/ndt-lidar-radar/share/ndt-lidar-radar/package.ps1'
[0.639s] INFO:colcon.colcon_core.shell:Creating package descriptor '/home/evan/code/ndt-loc/install/ndt-lidar-radar/share/ndt-lidar-radar/package.dsv'
[0.640s] INFO:colcon.colcon_core.shell:Creating package script '/home/evan/code/ndt-loc/install/ndt-lidar-radar/share/ndt-lidar-radar/package.sh'
[0.641s] INFO:colcon.colcon_core.shell:Creating package script '/home/evan/code/ndt-loc/install/ndt-lidar-radar/share/ndt-lidar-radar/package.bash'
[0.642s] INFO:colcon.colcon_core.shell:Creating package script '/home/evan/code/ndt-loc/install/ndt-lidar-radar/share/ndt-lidar-radar/package.zsh'
[0.643s] Level 1:colcon.colcon_core.environment:create_file_with_runtime_dependencies(/home/evan/code/ndt-loc/install/ndt-lidar-radar/share/colcon-core/packages/ndt-lidar-radar)
[0.670s] Level 1:colcon.colcon_core.environment:create_environment_scripts_only(ndt-lidar-radar)
[0.672s] Level 1:colcon.colcon_core.environment:checking '/home/evan/code/ndt-loc/install/ndt-lidar-radar' for CMake module files
[0.673s] Level 1:colcon.colcon_core.environment:checking '/home/evan/code/ndt-loc/install/ndt-lidar-radar' for CMake config files
[0.673s] Level 1:colcon.colcon_core.shell:create_environment_hook('ndt-lidar-radar', 'cmake_prefix_path')
[0.675s] INFO:colcon.colcon_core.shell:Creating environment hook '/home/evan/code/ndt-loc/install/ndt-lidar-radar/share/ndt-lidar-radar/hook/cmake_prefix_path.ps1'
[0.675s] INFO:colcon.colcon_core.shell:Creating environment descriptor '/home/evan/code/ndt-loc/install/ndt-lidar-radar/share/ndt-lidar-radar/hook/cmake_prefix_path.dsv'
[0.676s] INFO:colcon.colcon_core.shell:Creating environment hook '/home/evan/code/ndt-loc/install/ndt-lidar-radar/share/ndt-lidar-radar/hook/cmake_prefix_path.sh'
[0.676s] Level 1:colcon.colcon_core.environment:checking '/home/evan/code/ndt-loc/install/ndt-lidar-radar/bin'
[0.676s] Level 1:colcon.colcon_core.environment:checking '/home/evan/code/ndt-loc/install/ndt-lidar-radar/lib/pkgconfig/ndt-lidar-radar.pc'
[0.678s] Level 1:colcon.colcon_core.environment:checking '/home/evan/code/ndt-loc/install/ndt-lidar-radar/lib/python3.10/site-packages'
[0.678s] Level 1:colcon.colcon_core.environment:checking '/home/evan/code/ndt-loc/install/ndt-lidar-radar/bin'
[0.680s] INFO:colcon.colcon_core.shell:Creating package script '/home/evan/code/ndt-loc/install/ndt-lidar-radar/share/ndt-lidar-radar/package.ps1'
[0.681s] INFO:colcon.colcon_core.shell:Creating package descriptor '/home/evan/code/ndt-loc/install/ndt-lidar-radar/share/ndt-lidar-radar/package.dsv'
[0.682s] INFO:colcon.colcon_core.shell:Creating package script '/home/evan/code/ndt-loc/install/ndt-lidar-radar/share/ndt-lidar-radar/package.sh'
[0.683s] INFO:colcon.colcon_core.shell:Creating package script '/home/evan/code/ndt-loc/install/ndt-lidar-radar/share/ndt-lidar-radar/package.bash'
[0.684s] INFO:colcon.colcon_core.shell:Creating package script '/home/evan/code/ndt-loc/install/ndt-lidar-radar/share/ndt-lidar-radar/package.zsh'
[0.685s] Level 1:colcon.colcon_core.environment:create_file_with_runtime_dependencies(/home/evan/code/ndt-loc/install/ndt-lidar-radar/share/colcon-core/packages/ndt-lidar-radar)
[0.933s] DEBUG:colcon.colcon_core.event_handler.log_command:Invoked command in '/home/evan/code/ndt-loc/build/cloud_msgs' returned '0': CMAKE_PREFIX_PATH=${CMAKE_PREFIX_PATH}:/opt/ros/humble /usr/bin/cmake --build /home/evan/code/ndt-loc/build/cloud_msgs -- -j4 -l4
[1.009s] DEBUG:colcon.colcon_core.event_handler.log_command:Invoking command in '/home/evan/code/ndt-loc/build/cloud_msgs': CMAKE_PREFIX_PATH=${CMAKE_PREFIX_PATH}:/opt/ros/humble /usr/bin/cmake --install /home/evan/code/ndt-loc/build/cloud_msgs
[1.085s] Level 1:colcon.colcon_core.environment:create_environment_scripts_only(cloud_msgs)
[1.087s] Level 1:colcon.colcon_core.environment:checking '/home/evan/code/ndt-loc/install/cloud_msgs' for CMake module files
[1.088s] Level 1:colcon.colcon_core.environment:checking '/home/evan/code/ndt-loc/install/cloud_msgs' for CMake config files
[1.088s] Level 1:colcon.colcon_core.shell:create_environment_hook('cloud_msgs', 'cmake_prefix_path')
[1.090s] INFO:colcon.colcon_core.shell:Creating environment hook '/home/evan/code/ndt-loc/install/cloud_msgs/share/cloud_msgs/hook/cmake_prefix_path.ps1'
[1.091s] INFO:colcon.colcon_core.shell:Creating environment descriptor '/home/evan/code/ndt-loc/install/cloud_msgs/share/cloud_msgs/hook/cmake_prefix_path.dsv'
[1.091s] INFO:colcon.colcon_core.shell:Creating environment hook '/home/evan/code/ndt-loc/install/cloud_msgs/share/cloud_msgs/hook/cmake_prefix_path.sh'
[1.092s] Level 1:colcon.colcon_core.environment:checking '/home/evan/code/ndt-loc/install/cloud_msgs/lib'
[1.092s] Level 1:colcon.colcon_core.shell:create_environment_hook('cloud_msgs', 'ld_library_path_lib')
[1.093s] INFO:colcon.colcon_core.shell:Creating environment hook '/home/evan/code/ndt-loc/install/cloud_msgs/share/cloud_msgs/hook/ld_library_path_lib.ps1'
[1.094s] INFO:colcon.colcon_core.shell:Creating environment descriptor '/home/evan/code/ndt-loc/install/cloud_msgs/share/cloud_msgs/hook/ld_library_path_lib.dsv'
[1.094s] INFO:colcon.colcon_core.shell:Creating environment hook '/home/evan/code/ndt-loc/install/cloud_msgs/share/cloud_msgs/hook/ld_library_path_lib.sh'
[1.094s] DEBUG:colcon.colcon_core.event_handler.log_command:Invoked command in '/home/evan/code/ndt-loc/build/cloud_msgs' returned '0': CMAKE_PREFIX_PATH=${CMAKE_PREFIX_PATH}:/opt/ros/humble /usr/bin/cmake --install /home/evan/code/ndt-loc/build/cloud_msgs
[1.095s] Level 1:colcon.colcon_core.environment:checking '/home/evan/code/ndt-loc/install/cloud_msgs/bin'
[1.095s] Level 1:colcon.colcon_core.environment:checking '/home/evan/code/ndt-loc/install/cloud_msgs/lib/pkgconfig/cloud_msgs.pc'
[1.095s] Level 1:colcon.colcon_core.environment:checking '/home/evan/code/ndt-loc/install/cloud_msgs/lib/python3.10/site-packages'
[1.095s] Level 1:colcon.colcon_core.environment:checking '/home/evan/code/ndt-loc/install/cloud_msgs/bin'
[1.097s] INFO:colcon.colcon_core.shell:Creating package script '/home/evan/code/ndt-loc/install/cloud_msgs/share/cloud_msgs/package.ps1'
[1.097s] INFO:colcon.colcon_core.shell:Creating package descriptor '/home/evan/code/ndt-loc/install/cloud_msgs/share/cloud_msgs/package.dsv'
[1.098s] INFO:colcon.colcon_core.shell:Creating package script '/home/evan/code/ndt-loc/install/cloud_msgs/share/cloud_msgs/package.sh'
[1.098s] INFO:colcon.colcon_core.shell:Creating package script '/home/evan/code/ndt-loc/install/cloud_msgs/share/cloud_msgs/package.bash'
[1.099s] INFO:colcon.colcon_core.shell:Creating package script '/home/evan/code/ndt-loc/install/cloud_msgs/share/cloud_msgs/package.zsh'
[1.099s] Level 1:colcon.colcon_core.environment:create_file_with_runtime_dependencies(/home/evan/code/ndt-loc/install/cloud_msgs/share/colcon-core/packages/cloud_msgs)
[1.176s] Level 1:colcon.colcon_core.environment:create_environment_scripts_only(cloud_msgs)
[1.178s] Level 1:colcon.colcon_core.environment:checking '/home/evan/code/ndt-loc/install/cloud_msgs' for CMake module files
[1.179s] Level 1:colcon.colcon_core.environment:checking '/home/evan/code/ndt-loc/install/cloud_msgs' for CMake config files
[1.179s] Level 1:colcon.colcon_core.shell:create_environment_hook('cloud_msgs', 'cmake_prefix_path')
[1.181s] INFO:colcon.colcon_core.shell:Creating environment hook '/home/evan/code/ndt-loc/install/cloud_msgs/share/cloud_msgs/hook/cmake_prefix_path.ps1'
[1.182s] INFO:colcon.colcon_core.shell:Creating environment descriptor '/home/evan/code/ndt-loc/install/cloud_msgs/share/cloud_msgs/hook/cmake_prefix_path.dsv'
[1.182s] INFO:colcon.colcon_core.shell:Creating environment hook '/home/evan/code/ndt-loc/install/cloud_msgs/share/cloud_msgs/hook/cmake_prefix_path.sh'
[1.183s] Level 1:colcon.colcon_core.environment:checking '/home/evan/code/ndt-loc/install/cloud_msgs/lib'
[1.183s] Level 1:colcon.colcon_core.shell:create_environment_hook('cloud_msgs', 'ld_library_path_lib')
[1.184s] INFO:colcon.colcon_core.shell:Creating environment hook '/home/evan/code/ndt-loc/install/cloud_msgs/share/cloud_msgs/hook/ld_library_path_lib.ps1'
[1.185s] INFO:colcon.colcon_core.shell:Creating environment descriptor '/home/evan/code/ndt-loc/install/cloud_msgs/share/cloud_msgs/hook/ld_library_path_lib.dsv'
[1.186s] INFO:colcon.colcon_core.shell:Creating environment hook '/home/evan/code/ndt-loc/install/cloud_msgs/share/cloud_msgs/hook/ld_library_path_lib.sh'
[1.187s] Level 1:colcon.colcon_core.environment:checking '/home/evan/code/ndt-loc/install/cloud_msgs/bin'
[1.187s] Level 1:colcon.colcon_core.environment:checking '/home/evan/code/ndt-loc/install/cloud_msgs/lib/pkgconfig/cloud_msgs.pc'
[1.187s] Level 1:colcon.colcon_core.environment:checking '/home/evan/code/ndt-loc/install/cloud_msgs/lib/python3.10/site-packages'
[1.188s] Level 1:colcon.colcon_core.environment:checking '/home/evan/code/ndt-loc/install/cloud_msgs/bin'
[1.190s] INFO:colcon.colcon_core.shell:Creating package script '/home/evan/code/ndt-loc/install/cloud_msgs/share/cloud_msgs/package.ps1'
[1.190s] INFO:colcon.colcon_core.shell:Creating package descriptor '/home/evan/code/ndt-loc/install/cloud_msgs/share/cloud_msgs/package.dsv'
[1.191s] INFO:colcon.colcon_core.shell:Creating package script '/home/evan/code/ndt-loc/install/cloud_msgs/share/cloud_msgs/package.sh'
[1.191s] INFO:colcon.colcon_core.shell:Creating package script '/home/evan/code/ndt-loc/install/cloud_msgs/share/cloud_msgs/package.bash'
[1.192s] INFO:colcon.colcon_core.shell:Creating package script '/home/evan/code/ndt-loc/install/cloud_msgs/share/cloud_msgs/package.zsh'
[1.192s] Level 1:colcon.colcon_core.environment:create_file_with_runtime_dependencies(/home/evan/code/ndt-loc/install/cloud_msgs/share/colcon-core/packages/cloud_msgs)
[7.029s] DEBUG:colcon.colcon_core.event_handler.log_command:Invoked command in '/home/evan/code/ndt-loc/build/map' returned '2': CMAKE_PREFIX_PATH=${CMAKE_PREFIX_PATH}:/opt/ros/humble /usr/bin/cmake --build /home/evan/code/ndt-loc/build/map -- -j4 -l4
[7.057s] Level 1:colcon.colcon_core.environment:create_environment_scripts_only(map)
[7.059s] Level 1:colcon.colcon_core.environment:checking '/home/evan/code/ndt-loc/install/map' for CMake module files
[7.059s] Level 1:colcon.colcon_core.environment:checking '/home/evan/code/ndt-loc/install/map' for CMake config files
[7.059s] Level 1:colcon.colcon_core.shell:create_environment_hook('map', 'cmake_prefix_path')
[7.061s] INFO:colcon.colcon_core.shell:Creating environment hook '/home/evan/code/ndt-loc/install/map/share/map/hook/cmake_prefix_path.ps1'
[7.061s] INFO:colcon.colcon_core.shell:Creating environment descriptor '/home/evan/code/ndt-loc/install/map/share/map/hook/cmake_prefix_path.dsv'
[7.061s] INFO:colcon.colcon_core.shell:Creating environment hook '/home/evan/code/ndt-loc/install/map/share/map/hook/cmake_prefix_path.sh'
[7.062s] Level 1:colcon.colcon_core.environment:checking '/home/evan/code/ndt-loc/install/map/lib'
[7.062s] Level 1:colcon.colcon_core.environment:checking '/home/evan/code/ndt-loc/install/map/bin'
[7.062s] Level 1:colcon.colcon_core.environment:checking '/home/evan/code/ndt-loc/install/map/lib/pkgconfig/map.pc'
[7.062s] Level 1:colcon.colcon_core.environment:checking '/home/evan/code/ndt-loc/install/map/lib/python3.10/site-packages'
[7.063s] Level 1:colcon.colcon_core.environment:checking '/home/evan/code/ndt-loc/install/map/bin'
[7.064s] INFO:colcon.colcon_core.shell:Creating package script '/home/evan/code/ndt-loc/install/map/share/map/package.ps1'
[7.064s] INFO:colcon.colcon_core.shell:Creating package descriptor '/home/evan/code/ndt-loc/install/map/share/map/package.dsv'
[7.065s] INFO:colcon.colcon_core.shell:Creating package script '/home/evan/code/ndt-loc/install/map/share/map/package.sh'
[7.065s] INFO:colcon.colcon_core.shell:Creating package script '/home/evan/code/ndt-loc/install/map/share/map/package.bash'
[7.066s] INFO:colcon.colcon_core.shell:Creating package script '/home/evan/code/ndt-loc/install/map/share/map/package.zsh'
[7.066s] Level 1:colcon.colcon_core.environment:create_file_with_runtime_dependencies(/home/evan/code/ndt-loc/install/map/share/colcon-core/packages/map)
[7.078s] DEBUG:colcon.colcon_parallel_executor.executor.parallel:closing loop
[7.078s] DEBUG:colcon.colcon_parallel_executor.executor.parallel:loop closed
[7.078s] DEBUG:colcon.colcon_parallel_executor.executor.parallel:run_until_complete finished with '2'
[7.078s] DEBUG:colcon.colcon_core.event_reactor:joining thread
[7.084s] INFO:colcon.colcon_core.plugin_system:Skipping extension 'colcon_notification.desktop_notification.terminal_notifier': Not used on non-Darwin systems
[7.084s] INFO:colcon.colcon_core.plugin_system:Skipping extension 'colcon_notification.desktop_notification.win32': Not used on non-Windows systems
[7.084s] INFO:colcon.colcon_notification.desktop_notification:Sending desktop notification using 'notify2'
[7.097s] DEBUG:colcon.colcon_core.event_reactor:joined thread
[7.098s] INFO:colcon.colcon_core.shell:Creating prefix script '/home/evan/code/ndt-loc/install/local_setup.ps1'
[7.099s] INFO:colcon.colcon_core.shell:Creating prefix util module '/home/evan/code/ndt-loc/install/_local_setup_util_ps1.py'
[7.101s] INFO:colcon.colcon_core.shell:Creating prefix chain script '/home/evan/code/ndt-loc/install/setup.ps1'
[7.103s] INFO:colcon.colcon_core.shell:Creating prefix script '/home/evan/code/ndt-loc/install/local_setup.sh'
[7.103s] INFO:colcon.colcon_core.shell:Creating prefix util module '/home/evan/code/ndt-loc/install/_local_setup_util_sh.py'
[7.104s] INFO:colcon.colcon_core.shell:Creating prefix chain script '/home/evan/code/ndt-loc/install/setup.sh'
[7.106s] INFO:colcon.colcon_core.shell:Creating prefix script '/home/evan/code/ndt-loc/install/local_setup.bash'
[7.107s] INFO:colcon.colcon_core.shell:Creating prefix chain script '/home/evan/code/ndt-loc/install/setup.bash'
[7.108s] INFO:colcon.colcon_core.shell:Creating prefix script '/home/evan/code/ndt-loc/install/local_setup.zsh'
[7.109s] INFO:colcon.colcon_core.shell:Creating prefix chain script '/home/evan/code/ndt-loc/install/setup.zsh'
