[0.019s] Invoking command in '/home/evan/code/ndt-loc/build/data-publisher': CMAKE_PREFIX_PATH=${CMAKE_PREFIX_PATH}:/opt/ros/humble /usr/bin/cmake --build /home/evan/code/ndt-loc/build/data-publisher -- -j4 -l4
[0.307s] -- Found ament_cmake: 1.3.3 (/opt/ros/humble/share/ament_cmake/cmake)
[0.933s] -- Found rclcpp: 16.0.3 (/opt/ros/humble/share/rclcpp/cmake)
[1.296s] -- Found rosidl_generator_c: 3.1.4 (/opt/ros/humble/share/rosidl_generator_c/cmake)
[1.346s] -- Found rosidl_adapter: 3.1.4 (/opt/ros/humble/share/rosidl_adapter/cmake)
[1.432s] -- Found rosidl_generator_cpp: 3.1.4 (/opt/ros/humble/share/rosidl_generator_cpp/cmake)
[1.540s] -- Using all available rosidl_typesupport_c: rosidl_typesupport_fastrtps_c;rosidl_typesupport_introspection_c
[1.641s] -- Using all available rosidl_typesupport_cpp: rosidl_typesupport_fastrtps_cpp;rosidl_typesupport_introspection_cpp
[1.926s] -- Found rmw_implementation_cmake: 6.1.1 (/opt/ros/humble/share/rmw_implementation_cmake/cmake)
[1.963s] -- Found rmw_fastrtps_cpp: 6.2.2 (/opt/ros/humble/share/rmw_fastrtps_cpp/cmake)
[2.535s] -- Using RMW implementation 'rmw_fastrtps_cpp' as default
[2.992s] -- Found sensor_msgs: 4.2.3 (/opt/ros/humble/share/sensor_msgs/cmake)
[3.231s] -- Eigen found (include: /usr/include/eigen3, version: 3.4.0)
[3.396s] -- FLANN found (include: /usr/include, lib: /usr/lib/x86_64-linux-gnu/libflann_cpp.so)
[5.438s] -- OpenNI found (version: 1.5.4.0, include: /usr/include/ni, lib: /usr/lib/libOpenNI.so;libusb::libusb)
[5.465s] -- OpenNI2 found (version: 2.2.0.33, include: /usr/include/openni2, lib: /usr/lib/x86_64-linux-gnu/libOpenNI2.so;libusb::libusb)
[5.465s] [0m** WARNING ** io features related to pcap will be disabled[0m
[5.650s] -- Eigen found (include: /usr/include/eigen3, version: 3.4.0)
[5.658s] -- OpenNI found (version: 1.5.4.0, include: /usr/include/ni, lib: /usr/lib/libOpenNI.so;libusb::libusb)
[5.666s] -- OpenNI2 found (version: 2.2.0.33, include: /usr/include/openni2, lib: /usr/lib/x86_64-linux-gnu/libOpenNI2.so;libusb::libusb)
[6.038s] -- Found Qhull version 8.0.2
[6.217s] -- OpenNI found (version: 1.5.4.0, include: /usr/include/ni, lib: /usr/lib/libOpenNI.so;libusb::libusb)
[6.396s] -- looking for PCL_COMMON
[6.397s] -- looking for PCL_KDTREE
[6.397s] -- looking for PCL_OCTREE
[6.398s] -- looking for PCL_SEARCH
[6.398s] -- looking for PCL_SAMPLE_CONSENSUS
[6.398s] -- looking for PCL_FILTERS
[6.399s] -- looking for PCL_2D
[6.399s] -- looking for PCL_GEOMETRY
[6.400s] -- looking for PCL_IO
[6.400s] -- looking for PCL_FEATURES
[6.401s] -- looking for PCL_ML
[6.401s] -- looking for PCL_SEGMENTATION
[6.402s] -- looking for PCL_VISUALIZATION
[6.402s] -- looking for PCL_SURFACE
[6.403s] -- looking for PCL_REGISTRATION
[6.404s] -- looking for PCL_KEYPOINTS
[6.404s] -- looking for PCL_TRACKING
[6.405s] -- looking for PCL_RECOGNITION
[6.405s] -- looking for PCL_STEREO
[6.406s] -- looking for PCL_APPS
[6.407s] -- looking for PCL_IN_HAND_SCANNER
[6.407s] -- looking for PCL_MODELER
[6.408s] -- looking for PCL_POINT_CLOUD_EDITOR
[6.409s] -- looking for PCL_OUTOFCORE
[6.409s] -- looking for PCL_PEOPLE
[6.417s] -- Found pcl_conversions: 2.4.0 (/opt/ros/humble/share/pcl_conversions/cmake)
[6.686s] -- Found OpenCV: /usr (found suitable version "4.5.4", minimum required is "4") 
[7.011s] -- Configuring done
[7.543s] -- Generating done
[7.545s] -- Build files have been written to: /home/evan/code/ndt-loc/build/data-publisher
[7.589s] [35m[1mConsolidate compiler generated dependencies of target lidar_data_node[0m
[7.608s] [ 25%] [32mBuilding CXX object CMakeFiles/radar_data_node.dir/src/RadarData.cpp.o[0m
[7.625s] [ 75%] Built target lidar_data_node
[7.685s] In file included from [01m[K/home/evan/code/ndt-loc/src/data-publisher/src/RadarData.cpp:1[m[K:
[7.685s] [01m[K/home/evan/code/ndt-loc/src/data-publisher/include/data-publisher/RadarData.h:4:10:[m[K [01;31m[Kfatal error: [m[KEigen/Dense: No such file or directory
[7.686s]     4 | #include [01;31m[K<Eigen/Dense>[m[K
[7.686s]       |          [01;31m[K^~~~~~~~~~~~~[m[K
[7.686s] compilation terminated.
[7.687s] gmake[2]: *** [CMakeFiles/radar_data_node.dir/build.make:76: CMakeFiles/radar_data_node.dir/src/RadarData.cpp.o] Error 1
[7.687s] gmake[1]: *** [CMakeFiles/Makefile2:165: CMakeFiles/radar_data_node.dir/all] Error 2
[7.687s] gmake: *** [Makefile:146: all] Error 2
[7.690s] Invoked command in '/home/evan/code/ndt-loc/build/data-publisher' returned '2': CMAKE_PREFIX_PATH=${CMAKE_PREFIX_PATH}:/opt/ros/humble /usr/bin/cmake --build /home/evan/code/ndt-loc/build/data-publisher -- -j4 -l4
