[35m[1mConsolidate compiler generated dependencies of target radar_feature_node[0m
[ 50%] [32mBuilding CXX object CMakeFiles/radar_feature_node.dir/src/RadarFeaturesNode.cpp.o[0m
[100%] [32m[1mLinking CXX executable radar_feature_node[0m
[100%] Built target radar_feature_node
-- Install configuration: ""
-- Installing: /home/evan/code/ndt-loc/install/radar-odometry/lib/radar-odometry/radar_feature_node
-- Set runtime path of "/home/evan/code/ndt-loc/install/radar-odometry/lib/radar-odometry/radar_feature_node" to ""
-- Installing: /home/evan/code/ndt-loc/install/radar-odometry/share/ament_index/resource_index/package_run_dependencies/radar-odometry
-- Installing: /home/evan/code/ndt-loc/install/radar-odometry/share/ament_index/resource_index/parent_prefix_path/radar-odometry
-- Installing: /home/evan/code/ndt-loc/install/radar-odometry/share/radar-odometry/environment/ament_prefix_path.sh
-- Installing: /home/evan/code/ndt-loc/install/radar-odometry/share/radar-odometry/environment/ament_prefix_path.dsv
-- Installing: /home/evan/code/ndt-loc/install/radar-odometry/share/radar-odometry/environment/path.sh
-- Installing: /home/evan/code/ndt-loc/install/radar-odometry/share/radar-odometry/environment/path.dsv
-- Installing: /home/evan/code/ndt-loc/install/radar-odometry/share/radar-odometry/local_setup.bash
-- Installing: /home/evan/code/ndt-loc/install/radar-odometry/share/radar-odometry/local_setup.sh
-- Installing: /home/evan/code/ndt-loc/install/radar-odometry/share/radar-odometry/local_setup.zsh
-- Installing: /home/evan/code/ndt-loc/install/radar-odometry/share/radar-odometry/local_setup.dsv
-- Installing: /home/evan/code/ndt-loc/install/radar-odometry/share/radar-odometry/package.dsv
-- Installing: /home/evan/code/ndt-loc/install/radar-odometry/share/ament_index/resource_index/packages/radar-odometry
-- Installing: /home/evan/code/ndt-loc/install/radar-odometry/share/radar-odometry/cmake/ament_cmake_export_include_directories-extras.cmake
-- Installing: /home/evan/code/ndt-loc/install/radar-odometry/share/radar-odometry/cmake/radar-odometryConfig.cmake
-- Installing: /home/evan/code/ndt-loc/install/radar-odometry/share/radar-odometry/cmake/radar-odometryConfig-version.cmake
-- Installing: /home/evan/code/ndt-loc/install/radar-odometry/share/radar-odometry/package.xml
