[0.019s] Invoking command in '/home/evan/code/ndt-loc/build/data-publisher': CMAKE_PREFIX_PATH=${CMAKE_PREFIX_PATH}:/opt/ros/humble /usr/bin/cmake --build /home/evan/code/ndt-loc/build/data-publisher -- -j4 -l4
[0.050s] -- Found ament_cmake: 1.3.3 (/opt/ros/humble/share/ament_cmake/cmake)
[0.218s] -- Found rclcpp: 16.0.3 (/opt/ros/humble/share/rclcpp/cmake)
[0.253s] -- Found rosidl_generator_c: 3.1.4 (/opt/ros/humble/share/rosidl_generator_c/cmake)
[0.256s] -- Found rosidl_adapter: 3.1.4 (/opt/ros/humble/share/rosidl_adapter/cmake)
[0.263s] -- Found rosidl_generator_cpp: 3.1.4 (/opt/ros/humble/share/rosidl_generator_cpp/cmake)
[0.277s] -- Using all available rosidl_typesupport_c: rosidl_typesupport_fastrtps_c;rosidl_typesupport_introspection_c
[0.297s] -- Using all available rosidl_typesupport_cpp: rosidl_typesupport_fastrtps_cpp;rosidl_typesupport_introspection_cpp
[0.370s] -- Found rmw_implementation_cmake: 6.1.1 (/opt/ros/humble/share/rmw_implementation_cmake/cmake)
[0.372s] -- Found rmw_fastrtps_cpp: 6.2.2 (/opt/ros/humble/share/rmw_fastrtps_cpp/cmake)
[0.527s] -- Using RMW implementation 'rmw_fastrtps_cpp' as default
[0.731s] -- Found sensor_msgs: 4.2.3 (/opt/ros/humble/share/sensor_msgs/cmake)
[0.890s] -- Found cv_bridge: 3.2.1 (/opt/ros/humble/share/cv_bridge/cmake)
[0.921s] -- Eigen found (include: /usr/include/eigen3, version: 3.4.0)
[0.960s] -- FLANN found (include: /usr/include, lib: /usr/lib/x86_64-linux-gnu/libflann_cpp.so)
[1.308s] -- OpenNI found (version: 1.5.4.0, include: /usr/include/ni, lib: /usr/lib/libOpenNI.so;libusb::libusb)
[1.318s] -- OpenNI2 found (version: 2.2.0.33, include: /usr/include/openni2, lib: /usr/lib/x86_64-linux-gnu/libOpenNI2.so;libusb::libusb)
[1.318s] [0m** WARNING ** io features related to pcap will be disabled[0m
[1.497s] -- Eigen found (include: /usr/include/eigen3, version: 3.4.0)
[1.505s] -- OpenNI found (version: 1.5.4.0, include: /usr/include/ni, lib: /usr/lib/libOpenNI.so;libusb::libusb)
[1.515s] -- OpenNI2 found (version: 2.2.0.33, include: /usr/include/openni2, lib: /usr/lib/x86_64-linux-gnu/libOpenNI2.so;libusb::libusb)
[1.684s] -- Found Qhull version 8.0.2
[1.862s] -- OpenNI found (version: 1.5.4.0, include: /usr/include/ni, lib: /usr/lib/libOpenNI.so;libusb::libusb)
[2.033s] -- looking for PCL_COMMON
[2.033s] -- looking for PCL_KDTREE
[2.034s] -- looking for PCL_OCTREE
[2.035s] -- looking for PCL_SEARCH
[2.035s] -- looking for PCL_SAMPLE_CONSENSUS
[2.036s] -- looking for PCL_FILTERS
[2.036s] -- looking for PCL_2D
[2.037s] -- looking for PCL_GEOMETRY
[2.037s] -- looking for PCL_IO
[2.038s] -- looking for PCL_FEATURES
[2.038s] -- looking for PCL_ML
[2.038s] -- looking for PCL_SEGMENTATION
[2.039s] -- looking for PCL_VISUALIZATION
[2.040s] -- looking for PCL_SURFACE
[2.041s] -- looking for PCL_REGISTRATION
[2.041s] -- looking for PCL_KEYPOINTS
[2.042s] -- looking for PCL_TRACKING
[2.042s] -- looking for PCL_RECOGNITION
[2.043s] -- looking for PCL_STEREO
[2.043s] -- looking for PCL_APPS
[2.045s] -- looking for PCL_IN_HAND_SCANNER
[2.045s] -- looking for PCL_MODELER
[2.046s] -- looking for PCL_POINT_CLOUD_EDITOR
[2.046s] -- looking for PCL_OUTOFCORE
[2.047s] -- looking for PCL_PEOPLE
[2.048s] -- Found pcl_conversions: 2.4.0 (/opt/ros/humble/share/pcl_conversions/cmake)
[2.478s] -- Configuring done
[2.546s] -- Generating done
[2.549s] -- Build files have been written to: /home/evan/code/ndt-loc/build/data-publisher
[2.590s] [35m[1mConsolidate compiler generated dependencies of target radar_data_node[0m
[2.590s] [35m[1mConsolidate compiler generated dependencies of target lidar_data_node[0m
[2.614s] [ 25%] [32m[1mLinking CXX executable radar_data_node[0m
[2.623s] [ 75%] Built target lidar_data_node
[3.176s] [100%] Built target radar_data_node
[3.190s] Invoked command in '/home/evan/code/ndt-loc/build/data-publisher' returned '0': CMAKE_PREFIX_PATH=${CMAKE_PREFIX_PATH}:/opt/ros/humble /usr/bin/cmake --build /home/evan/code/ndt-loc/build/data-publisher -- -j4 -l4
[3.234s] Invoking command in '/home/evan/code/ndt-loc/build/data-publisher': CMAKE_PREFIX_PATH=${CMAKE_PREFIX_PATH}:/opt/ros/humble /usr/bin/cmake --install /home/evan/code/ndt-loc/build/data-publisher
[3.241s] -- Install configuration: ""
[3.242s] -- Up-to-date: /home/evan/code/ndt-loc/install/data-publisher/lib/data-publisher/lidar_data_node
[3.242s] -- Installing: /home/evan/code/ndt-loc/install/data-publisher/lib/data-publisher/radar_data_node
[3.244s] -- Set runtime path of "/home/evan/code/ndt-loc/install/data-publisher/lib/data-publisher/radar_data_node" to ""
[3.244s] -- Up-to-date: /home/evan/code/ndt-loc/install/data-publisher/share/ament_index/resource_index/package_run_dependencies/data-publisher
[3.244s] -- Up-to-date: /home/evan/code/ndt-loc/install/data-publisher/share/ament_index/resource_index/parent_prefix_path/data-publisher
[3.244s] -- Up-to-date: /home/evan/code/ndt-loc/install/data-publisher/share/data-publisher/environment/ament_prefix_path.sh
[3.244s] -- Installing: /home/evan/code/ndt-loc/install/data-publisher/share/data-publisher/environment/ament_prefix_path.dsv
[3.245s] -- Up-to-date: /home/evan/code/ndt-loc/install/data-publisher/share/data-publisher/environment/path.sh
[3.245s] -- Installing: /home/evan/code/ndt-loc/install/data-publisher/share/data-publisher/environment/path.dsv
[3.245s] -- Up-to-date: /home/evan/code/ndt-loc/install/data-publisher/share/data-publisher/local_setup.bash
[3.245s] -- Up-to-date: /home/evan/code/ndt-loc/install/data-publisher/share/data-publisher/local_setup.sh
[3.245s] -- Up-to-date: /home/evan/code/ndt-loc/install/data-publisher/share/data-publisher/local_setup.zsh
[3.245s] -- Installing: /home/evan/code/ndt-loc/install/data-publisher/share/data-publisher/local_setup.dsv
[3.245s] -- Installing: /home/evan/code/ndt-loc/install/data-publisher/share/data-publisher/package.dsv
[3.246s] -- Up-to-date: /home/evan/code/ndt-loc/install/data-publisher/share/ament_index/resource_index/packages/data-publisher
[3.246s] -- Up-to-date: /home/evan/code/ndt-loc/install/data-publisher/share/data-publisher/cmake/ament_cmake_export_include_directories-extras.cmake
[3.246s] -- Up-to-date: /home/evan/code/ndt-loc/install/data-publisher/share/data-publisher/cmake/data-publisherConfig.cmake
[3.246s] -- Up-to-date: /home/evan/code/ndt-loc/install/data-publisher/share/data-publisher/cmake/data-publisherConfig-version.cmake
[3.246s] -- Up-to-date: /home/evan/code/ndt-loc/install/data-publisher/share/data-publisher/package.xml
[3.247s] Invoked command in '/home/evan/code/ndt-loc/build/data-publisher' returned '0': CMAKE_PREFIX_PATH=${CMAKE_PREFIX_PATH}:/opt/ros/humble /usr/bin/cmake --install /home/evan/code/ndt-loc/build/data-publisher
