[0.023s] Invoking command in '/home/evan/code/ndt-loc/build/map': CMAKE_PREFIX_PATH=${CMAKE_PREFIX_PATH}:/opt/ros/humble /usr/bin/cmake --build /home/evan/code/ndt-loc/build/map -- -j4 -l4
[0.131s] [ 20%] Built target show_map_node
[0.140s] [ 40%] Built target front_end_node
[0.140s] [ 60%] Built target image_projection_node
[0.148s] [ 80%] Built target lidar_data_node
[0.163s] [35m[1mConsolidate compiler generated dependencies of target mapping_node[0m
[0.212s] [ 90%] [32mBuilding CXX object CMakeFiles/mapping_node.dir/src/GroundTruth.cpp.o[0m
[13.973s] [100%] [32m[1mLinking CXX executable mapping_node[0m
[15.196s] [100%] Built target mapping_node
[15.211s] Invoked command in '/home/evan/code/ndt-loc/build/map' returned '0': CMAKE_PREFIX_PATH=${CMAKE_PREFIX_PATH}:/opt/ros/humble /usr/bin/cmake --build /home/evan/code/ndt-loc/build/map -- -j4 -l4
[15.266s] Invoking command in '/home/evan/code/ndt-loc/build/map': CMAKE_PREFIX_PATH=${CMAKE_PREFIX_PATH}:/opt/ros/humble /usr/bin/cmake --install /home/evan/code/ndt-loc/build/map
[15.273s] -- Install configuration: ""
[15.273s] -- Up-to-date: /home/evan/code/ndt-loc/install/map/lib/map/lidar_data_node
[15.273s] -- Up-to-date: /home/evan/code/ndt-loc/install/map/lib/map/image_projection_node
[15.274s] -- Up-to-date: /home/evan/code/ndt-loc/install/map/lib/map/front_end_node
[15.274s] -- Up-to-date: /home/evan/code/ndt-loc/install/map/lib/map/show_map_node
[15.276s] -- Installing: /home/evan/code/ndt-loc/install/map/lib/map/mapping_node
[15.277s] -- Set runtime path of "/home/evan/code/ndt-loc/install/map/lib/map/mapping_node" to ""
[15.277s] -- Up-to-date: /home/evan/code/ndt-loc/install/map/share/ament_index/resource_index/package_run_dependencies/map
[15.277s] -- Up-to-date: /home/evan/code/ndt-loc/install/map/share/ament_index/resource_index/parent_prefix_path/map
[15.277s] -- Up-to-date: /home/evan/code/ndt-loc/install/map/share/map/environment/ament_prefix_path.sh
[15.278s] -- Up-to-date: /home/evan/code/ndt-loc/install/map/share/map/environment/ament_prefix_path.dsv
[15.278s] -- Up-to-date: /home/evan/code/ndt-loc/install/map/share/map/environment/path.sh
[15.278s] -- Up-to-date: /home/evan/code/ndt-loc/install/map/share/map/environment/path.dsv
[15.278s] -- Up-to-date: /home/evan/code/ndt-loc/install/map/share/map/local_setup.bash
[15.278s] -- Up-to-date: /home/evan/code/ndt-loc/install/map/share/map/local_setup.sh
[15.278s] -- Up-to-date: /home/evan/code/ndt-loc/install/map/share/map/local_setup.zsh
[15.278s] -- Up-to-date: /home/evan/code/ndt-loc/install/map/share/map/local_setup.dsv
[15.278s] -- Installing: /home/evan/code/ndt-loc/install/map/share/map/package.dsv
[15.278s] -- Up-to-date: /home/evan/code/ndt-loc/install/map/share/ament_index/resource_index/packages/map
[15.278s] -- Up-to-date: /home/evan/code/ndt-loc/install/map/share/map/cmake/ament_cmake_export_include_directories-extras.cmake
[15.278s] -- Up-to-date: /home/evan/code/ndt-loc/install/map/share/map/cmake/mapConfig.cmake
[15.278s] -- Up-to-date: /home/evan/code/ndt-loc/install/map/share/map/cmake/mapConfig-version.cmake
[15.278s] -- Up-to-date: /home/evan/code/ndt-loc/install/map/share/map/package.xml
[15.280s] Invoked command in '/home/evan/code/ndt-loc/build/map' returned '0': CMAKE_PREFIX_PATH=${CMAKE_PREFIX_PATH}:/opt/ros/humble /usr/bin/cmake --install /home/evan/code/ndt-loc/build/map
