[0.022s] Invoking command in '/home/evan/code/ndt-loc/build/map': CMAKE_PREFIX_PATH=${CMAKE_PREFIX_PATH}:/opt/ros/humble /usr/bin/cmake --build /home/evan/code/ndt-loc/build/map -- -j4 -l4
[0.085s] [35m[1mConsolidate compiler generated dependencies of target image_projection_node[0m
[0.085s] [35m[1mConsolidate compiler generated dependencies of target lidar_data_node[0m
[0.093s] [35m[1mConsolidate compiler generated dependencies of target front_end_node[0m
[0.141s] [ 20%] Built target lidar_data_node
[0.157s] [ 40%] Built target front_end_node
[0.169s] [ 60%] Built target image_projection_node
[0.173s] [35m[1mConsolidate compiler generated dependencies of target show_map_node[0m
[0.194s] [35m[1mConsolidate compiler generated dependencies of target mapping_node[0m
[0.230s] [ 80%] Built target show_map_node
[0.241s] [ 90%] [32mBuilding CXX object CMakeFiles/mapping_node.dir/src/GroundTruth.cpp.o[0m
[13.620s] [100%] [32m[1mLinking CXX executable mapping_node[0m
[14.623s] [100%] Built target mapping_node
[14.642s] Invoked command in '/home/evan/code/ndt-loc/build/map' returned '0': CMAKE_PREFIX_PATH=${CMAKE_PREFIX_PATH}:/opt/ros/humble /usr/bin/cmake --build /home/evan/code/ndt-loc/build/map -- -j4 -l4
[14.700s] Invoking command in '/home/evan/code/ndt-loc/build/map': CMAKE_PREFIX_PATH=${CMAKE_PREFIX_PATH}:/opt/ros/humble /usr/bin/cmake --install /home/evan/code/ndt-loc/build/map
[14.708s] -- Install configuration: ""
[14.708s] -- Up-to-date: /home/evan/code/ndt-loc/install/map/lib/map/lidar_data_node
[14.709s] -- Up-to-date: /home/evan/code/ndt-loc/install/map/lib/map/image_projection_node
[14.709s] -- Up-to-date: /home/evan/code/ndt-loc/install/map/lib/map/front_end_node
[14.710s] -- Up-to-date: /home/evan/code/ndt-loc/install/map/lib/map/show_map_node
[14.711s] -- Installing: /home/evan/code/ndt-loc/install/map/lib/map/mapping_node
[14.712s] -- Set runtime path of "/home/evan/code/ndt-loc/install/map/lib/map/mapping_node" to ""
[14.713s] -- Up-to-date: /home/evan/code/ndt-loc/install/map/share/ament_index/resource_index/package_run_dependencies/map
[14.713s] -- Up-to-date: /home/evan/code/ndt-loc/install/map/share/ament_index/resource_index/parent_prefix_path/map
[14.713s] -- Up-to-date: /home/evan/code/ndt-loc/install/map/share/map/environment/ament_prefix_path.sh
[14.713s] -- Up-to-date: /home/evan/code/ndt-loc/install/map/share/map/environment/ament_prefix_path.dsv
[14.713s] -- Up-to-date: /home/evan/code/ndt-loc/install/map/share/map/environment/path.sh
[14.713s] -- Up-to-date: /home/evan/code/ndt-loc/install/map/share/map/environment/path.dsv
[14.713s] -- Up-to-date: /home/evan/code/ndt-loc/install/map/share/map/local_setup.bash
[14.713s] -- Up-to-date: /home/evan/code/ndt-loc/install/map/share/map/local_setup.sh
[14.713s] -- Up-to-date: /home/evan/code/ndt-loc/install/map/share/map/local_setup.zsh
[14.713s] -- Up-to-date: /home/evan/code/ndt-loc/install/map/share/map/local_setup.dsv
[14.713s] -- Installing: /home/evan/code/ndt-loc/install/map/share/map/package.dsv
[14.714s] -- Up-to-date: /home/evan/code/ndt-loc/install/map/share/ament_index/resource_index/packages/map
[14.714s] -- Up-to-date: /home/evan/code/ndt-loc/install/map/share/map/cmake/ament_cmake_export_include_directories-extras.cmake
[14.714s] -- Up-to-date: /home/evan/code/ndt-loc/install/map/share/map/cmake/mapConfig.cmake
[14.714s] -- Up-to-date: /home/evan/code/ndt-loc/install/map/share/map/cmake/mapConfig-version.cmake
[14.714s] -- Up-to-date: /home/evan/code/ndt-loc/install/map/share/map/package.xml
[14.716s] Invoked command in '/home/evan/code/ndt-loc/build/map' returned '0': CMAKE_PREFIX_PATH=${CMAKE_PREFIX_PATH}:/opt/ros/humble /usr/bin/cmake --install /home/evan/code/ndt-loc/build/map
