[0.301s] DEBUG:colcon:Command line arguments: ['/usr/bin/colcon', 'build']
[0.301s] DEBUG:colcon:Parsed command line arguments: Namespace(log_base=None, log_level=None, verb_name='build', build_base='build', install_base='install', merge_install=False, symlink_install=False, test_result_base=None, continue_on_error=False, executor='parallel', parallel_workers=4, event_handlers=None, ignore_user_meta=False, metas=['./colcon.meta'], base_paths=['.'], packages_ignore=None, packages_ignore_regex=None, paths=None, packages_up_to=None, packages_up_to_regex=None, packages_above=None, packages_above_and_dependencies=None, packages_above_depth=None, packages_select_by_dep=None, packages_skip_by_dep=None, packages_skip_up_to=None, packages_select_build_failed=False, packages_skip_build_finished=False, packages_select_test_failures=False, packages_skip_test_passed=False, packages_select=None, packages_skip=None, packages_select_regex=None, packages_skip_regex=None, packages_start=None, packages_end=None, allow_overriding=[], cmake_args=None, cmake_target=None, cmake_target_skip_unavailable=False, cmake_clean_cache=False, cmake_clean_first=False, cmake_force_configure=False, ament_cmake_args=None, catkin_cmake_args=None, catkin_skip_building_tests=False, verb_parser=<colcon_defaults.argument_parser.defaults.DefaultArgumentsDecorator object at 0x7f14bfebdea0>, verb_extension=<colcon_core.verb.build.BuildVerb object at 0x7f14c0731a20>, main=<bound method BuildVerb.main of <colcon_core.verb.build.BuildVerb object at 0x7f14c0731a20>>)
[0.331s] Level 1:colcon.colcon_core.package_discovery:discover_packages(colcon_meta) check parameters
[0.331s] Level 1:colcon.colcon_core.package_discovery:discover_packages(recursive) check parameters
[0.331s] Level 1:colcon.colcon_core.package_discovery:discover_packages(ignore) check parameters
[0.331s] Level 1:colcon.colcon_core.package_discovery:discover_packages(path) check parameters
[0.331s] Level 1:colcon.colcon_core.package_discovery:discover_packages(colcon_meta) discover
[0.331s] Level 1:colcon.colcon_core.package_discovery:discover_packages(recursive) discover
[0.331s] INFO:colcon.colcon_core.package_discovery:Crawling recursively for packages in '/home/evan/code/ndt-loc'
[0.331s] Level 1:colcon.colcon_core.package_identification:_identify(.) by extensions ['ignore', 'ignore_ament_install']
[0.332s] Level 1:colcon.colcon_core.package_identification:_identify(.) by extension 'ignore'
[0.332s] Level 1:colcon.colcon_core.package_identification:_identify(.) by extension 'ignore_ament_install'
[0.332s] Level 1:colcon.colcon_core.package_identification:_identify(.) by extensions ['colcon_pkg']
[0.332s] Level 1:colcon.colcon_core.package_identification:_identify(.) by extension 'colcon_pkg'
[0.332s] Level 1:colcon.colcon_core.package_identification:_identify(.) by extensions ['colcon_meta']
[0.332s] Level 1:colcon.colcon_core.package_identification:_identify(.) by extension 'colcon_meta'
[0.332s] Level 1:colcon.colcon_core.package_identification:_identify(.) by extensions ['ros']
[0.332s] Level 1:colcon.colcon_core.package_identification:_identify(.) by extension 'ros'
[0.343s] Level 1:colcon.colcon_core.package_identification:_identify(.) by extensions ['cmake', 'python']
[0.343s] Level 1:colcon.colcon_core.package_identification:_identify(.) by extension 'cmake'
[0.343s] Level 1:colcon.colcon_core.package_identification:_identify(.) by extension 'python'
[0.343s] Level 1:colcon.colcon_core.package_identification:_identify(.) by extensions ['python_setup_py']
[0.343s] Level 1:colcon.colcon_core.package_identification:_identify(.) by extension 'python_setup_py'
[0.343s] Level 1:colcon.colcon_core.package_identification:_identify(build) by extensions ['ignore', 'ignore_ament_install']
[0.343s] Level 1:colcon.colcon_core.package_identification:_identify(build) by extension 'ignore'
[0.344s] Level 1:colcon.colcon_core.package_identification:_identify(build) ignored
[0.344s] Level 1:colcon.colcon_core.package_identification:_identify(install) by extensions ['ignore', 'ignore_ament_install']
[0.344s] Level 1:colcon.colcon_core.package_identification:_identify(install) by extension 'ignore'
[0.344s] Level 1:colcon.colcon_core.package_identification:_identify(install) ignored
[0.344s] Level 1:colcon.colcon_core.package_identification:_identify(log) by extensions ['ignore', 'ignore_ament_install']
[0.344s] Level 1:colcon.colcon_core.package_identification:_identify(log) by extension 'ignore'
[0.344s] Level 1:colcon.colcon_core.package_identification:_identify(log) ignored
[0.344s] Level 1:colcon.colcon_core.package_identification:_identify(src) by extensions ['ignore', 'ignore_ament_install']
[0.344s] Level 1:colcon.colcon_core.package_identification:_identify(src) by extension 'ignore'
[0.345s] Level 1:colcon.colcon_core.package_identification:_identify(src) by extension 'ignore_ament_install'
[0.345s] Level 1:colcon.colcon_core.package_identification:_identify(src) by extensions ['colcon_pkg']
[0.345s] Level 1:colcon.colcon_core.package_identification:_identify(src) by extension 'colcon_pkg'
[0.345s] Level 1:colcon.colcon_core.package_identification:_identify(src) by extensions ['colcon_meta']
[0.345s] Level 1:colcon.colcon_core.package_identification:_identify(src) by extension 'colcon_meta'
[0.345s] Level 1:colcon.colcon_core.package_identification:_identify(src) by extensions ['ros']
[0.345s] Level 1:colcon.colcon_core.package_identification:_identify(src) by extension 'ros'
[0.345s] Level 1:colcon.colcon_core.package_identification:_identify(src) by extensions ['cmake', 'python']
[0.345s] Level 1:colcon.colcon_core.package_identification:_identify(src) by extension 'cmake'
[0.345s] Level 1:colcon.colcon_core.package_identification:_identify(src) by extension 'python'
[0.345s] Level 1:colcon.colcon_core.package_identification:_identify(src) by extensions ['python_setup_py']
[0.345s] Level 1:colcon.colcon_core.package_identification:_identify(src) by extension 'python_setup_py'
[0.345s] Level 1:colcon.colcon_core.package_identification:_identify(src/cloud_msgs) by extensions ['ignore', 'ignore_ament_install']
[0.345s] Level 1:colcon.colcon_core.package_identification:_identify(src/cloud_msgs) by extension 'ignore'
[0.345s] Level 1:colcon.colcon_core.package_identification:_identify(src/cloud_msgs) by extension 'ignore_ament_install'
[0.345s] Level 1:colcon.colcon_core.package_identification:_identify(src/cloud_msgs) by extensions ['colcon_pkg']
[0.345s] Level 1:colcon.colcon_core.package_identification:_identify(src/cloud_msgs) by extension 'colcon_pkg'
[0.345s] Level 1:colcon.colcon_core.package_identification:_identify(src/cloud_msgs) by extensions ['colcon_meta']
[0.346s] Level 1:colcon.colcon_core.package_identification:_identify(src/cloud_msgs) by extension 'colcon_meta'
[0.346s] Level 1:colcon.colcon_core.package_identification:_identify(src/cloud_msgs) by extensions ['ros']
[0.346s] Level 1:colcon.colcon_core.package_identification:_identify(src/cloud_msgs) by extension 'ros'
[0.348s] DEBUG:colcon.colcon_core.package_identification:Package 'src/cloud_msgs' with type 'ros.ament_cmake' and name 'cloud_msgs'
[0.348s] Level 1:colcon.colcon_core.package_identification:_identify(src/map) by extensions ['ignore', 'ignore_ament_install']
[0.348s] Level 1:colcon.colcon_core.package_identification:_identify(src/map) by extension 'ignore'
[0.348s] Level 1:colcon.colcon_core.package_identification:_identify(src/map) by extension 'ignore_ament_install'
[0.348s] Level 1:colcon.colcon_core.package_identification:_identify(src/map) by extensions ['colcon_pkg']
[0.348s] Level 1:colcon.colcon_core.package_identification:_identify(src/map) by extension 'colcon_pkg'
[0.348s] Level 1:colcon.colcon_core.package_identification:_identify(src/map) by extensions ['colcon_meta']
[0.349s] Level 1:colcon.colcon_core.package_identification:_identify(src/map) by extension 'colcon_meta'
[0.349s] Level 1:colcon.colcon_core.package_identification:_identify(src/map) by extensions ['ros']
[0.349s] Level 1:colcon.colcon_core.package_identification:_identify(src/map) by extension 'ros'
[0.349s] DEBUG:colcon.colcon_core.package_identification:Package 'src/map' with type 'ros.ament_cmake' and name 'map'
[0.349s] Level 1:colcon.colcon_core.package_identification:_identify(src/ndt-lidar-radar) by extensions ['ignore', 'ignore_ament_install']
[0.349s] Level 1:colcon.colcon_core.package_identification:_identify(src/ndt-lidar-radar) by extension 'ignore'
[0.350s] Level 1:colcon.colcon_core.package_identification:_identify(src/ndt-lidar-radar) by extension 'ignore_ament_install'
[0.350s] Level 1:colcon.colcon_core.package_identification:_identify(src/ndt-lidar-radar) by extensions ['colcon_pkg']
[0.350s] Level 1:colcon.colcon_core.package_identification:_identify(src/ndt-lidar-radar) by extension 'colcon_pkg'
[0.350s] Level 1:colcon.colcon_core.package_identification:_identify(src/ndt-lidar-radar) by extensions ['colcon_meta']
[0.350s] Level 1:colcon.colcon_core.package_identification:_identify(src/ndt-lidar-radar) by extension 'colcon_meta'
[0.350s] Level 1:colcon.colcon_core.package_identification:_identify(src/ndt-lidar-radar) by extensions ['ros']
[0.350s] Level 1:colcon.colcon_core.package_identification:_identify(src/ndt-lidar-radar) by extension 'ros'
[0.351s] DEBUG:colcon.colcon_core.package_identification:Package 'src/ndt-lidar-radar' with type 'ros.ament_cmake' and name 'ndt-lidar-radar'
[0.351s] Level 1:colcon.colcon_core.package_discovery:discover_packages(recursive) using defaults
[0.351s] Level 1:colcon.colcon_core.package_discovery:discover_packages(ignore) discover
[0.351s] Level 1:colcon.colcon_core.package_discovery:discover_packages(ignore) using defaults
[0.351s] Level 1:colcon.colcon_core.package_discovery:discover_packages(path) discover
[0.351s] Level 1:colcon.colcon_core.package_discovery:discover_packages(path) using defaults
[0.373s] Level 1:colcon.colcon_core.package_discovery:discover_packages(prefix_path) check parameters
[0.373s] Level 1:colcon.colcon_core.package_discovery:discover_packages(prefix_path) discover
[0.376s] DEBUG:colcon.colcon_installed_package_information.package_discovery:Found 1 installed packages in /home/evan/code/test/install
[0.377s] DEBUG:colcon.colcon_installed_package_information.package_discovery:Found 3 installed packages in /home/evan/code/ndt-loc/install
[0.379s] DEBUG:colcon.colcon_installed_package_information.package_discovery:Found 270 installed packages in /opt/ros/humble
[0.381s] Level 1:colcon.colcon_core.package_discovery:discover_packages(prefix_path) using defaults
[0.440s] Level 5:colcon.colcon_core.verb:set package 'cloud_msgs' build argument 'cmake_args' from command line to 'None'
[0.440s] Level 5:colcon.colcon_core.verb:set package 'cloud_msgs' build argument 'cmake_target' from command line to 'None'
[0.440s] Level 5:colcon.colcon_core.verb:set package 'cloud_msgs' build argument 'cmake_target_skip_unavailable' from command line to 'False'
[0.440s] Level 5:colcon.colcon_core.verb:set package 'cloud_msgs' build argument 'cmake_clean_cache' from command line to 'False'
[0.440s] Level 5:colcon.colcon_core.verb:set package 'cloud_msgs' build argument 'cmake_clean_first' from command line to 'False'
[0.440s] Level 5:colcon.colcon_core.verb:set package 'cloud_msgs' build argument 'cmake_force_configure' from command line to 'False'
[0.440s] Level 5:colcon.colcon_core.verb:set package 'cloud_msgs' build argument 'ament_cmake_args' from command line to 'None'
[0.440s] Level 5:colcon.colcon_core.verb:set package 'cloud_msgs' build argument 'catkin_cmake_args' from command line to 'None'
[0.440s] Level 5:colcon.colcon_core.verb:set package 'cloud_msgs' build argument 'catkin_skip_building_tests' from command line to 'False'
[0.440s] DEBUG:colcon.colcon_core.verb:Building package 'cloud_msgs' with the following arguments: {'ament_cmake_args': None, 'build_base': '/home/evan/code/ndt-loc/build/cloud_msgs', 'catkin_cmake_args': None, 'catkin_skip_building_tests': False, 'cmake_args': None, 'cmake_clean_cache': False, 'cmake_clean_first': False, 'cmake_force_configure': False, 'cmake_target': None, 'cmake_target_skip_unavailable': False, 'install_base': '/home/evan/code/ndt-loc/install/cloud_msgs', 'merge_install': False, 'path': '/home/evan/code/ndt-loc/src/cloud_msgs', 'symlink_install': False, 'test_result_base': None}
[0.441s] Level 5:colcon.colcon_core.verb:set package 'map' build argument 'cmake_args' from command line to 'None'
[0.441s] Level 5:colcon.colcon_core.verb:set package 'map' build argument 'cmake_target' from command line to 'None'
[0.441s] Level 5:colcon.colcon_core.verb:set package 'map' build argument 'cmake_target_skip_unavailable' from command line to 'False'
[0.441s] Level 5:colcon.colcon_core.verb:set package 'map' build argument 'cmake_clean_cache' from command line to 'False'
[0.441s] Level 5:colcon.colcon_core.verb:set package 'map' build argument 'cmake_clean_first' from command line to 'False'
[0.441s] Level 5:colcon.colcon_core.verb:set package 'map' build argument 'cmake_force_configure' from command line to 'False'
[0.441s] Level 5:colcon.colcon_core.verb:set package 'map' build argument 'ament_cmake_args' from command line to 'None'
[0.441s] Level 5:colcon.colcon_core.verb:set package 'map' build argument 'catkin_cmake_args' from command line to 'None'
[0.441s] Level 5:colcon.colcon_core.verb:set package 'map' build argument 'catkin_skip_building_tests' from command line to 'False'
[0.441s] DEBUG:colcon.colcon_core.verb:Building package 'map' with the following arguments: {'ament_cmake_args': None, 'build_base': '/home/evan/code/ndt-loc/build/map', 'catkin_cmake_args': None, 'catkin_skip_building_tests': False, 'cmake_args': None, 'cmake_clean_cache': False, 'cmake_clean_first': False, 'cmake_force_configure': False, 'cmake_target': None, 'cmake_target_skip_unavailable': False, 'install_base': '/home/evan/code/ndt-loc/install/map', 'merge_install': False, 'path': '/home/evan/code/ndt-loc/src/map', 'symlink_install': False, 'test_result_base': None}
[0.442s] Level 5:colcon.colcon_core.verb:set package 'ndt-lidar-radar' build argument 'cmake_args' from command line to 'None'
[0.442s] Level 5:colcon.colcon_core.verb:set package 'ndt-lidar-radar' build argument 'cmake_target' from command line to 'None'
[0.442s] Level 5:colcon.colcon_core.verb:set package 'ndt-lidar-radar' build argument 'cmake_target_skip_unavailable' from command line to 'False'
[0.443s] Level 5:colcon.colcon_core.verb:set package 'ndt-lidar-radar' build argument 'cmake_clean_cache' from command line to 'False'
[0.443s] Level 5:colcon.colcon_core.verb:set package 'ndt-lidar-radar' build argument 'cmake_clean_first' from command line to 'False'
[0.443s] Level 5:colcon.colcon_core.verb:set package 'ndt-lidar-radar' build argument 'cmake_force_configure' from command line to 'False'
[0.443s] Level 5:colcon.colcon_core.verb:set package 'ndt-lidar-radar' build argument 'ament_cmake_args' from command line to 'None'
[0.443s] Level 5:colcon.colcon_core.verb:set package 'ndt-lidar-radar' build argument 'catkin_cmake_args' from command line to 'None'
[0.443s] Level 5:colcon.colcon_core.verb:set package 'ndt-lidar-radar' build argument 'catkin_skip_building_tests' from command line to 'False'
[0.443s] DEBUG:colcon.colcon_core.verb:Building package 'ndt-lidar-radar' with the following arguments: {'ament_cmake_args': None, 'build_base': '/home/evan/code/ndt-loc/build/ndt-lidar-radar', 'catkin_cmake_args': None, 'catkin_skip_building_tests': False, 'cmake_args': None, 'cmake_clean_cache': False, 'cmake_clean_first': False, 'cmake_force_configure': False, 'cmake_target': None, 'cmake_target_skip_unavailable': False, 'install_base': '/home/evan/code/ndt-loc/install/ndt-lidar-radar', 'merge_install': False, 'path': '/home/evan/code/ndt-loc/src/ndt-lidar-radar', 'symlink_install': False, 'test_result_base': None}
[0.443s] INFO:colcon.colcon_core.executor:Executing jobs using 'parallel' executor
[0.446s] DEBUG:colcon.colcon_parallel_executor.executor.parallel:run_until_complete
[0.447s] INFO:colcon.colcon_ros.task.ament_cmake.build:Building ROS package in '/home/evan/code/ndt-loc/src/cloud_msgs' with build type 'ament_cmake'
[0.447s] INFO:colcon.colcon_cmake.task.cmake.build:Building CMake package in '/home/evan/code/ndt-loc/src/cloud_msgs'
[0.451s] INFO:colcon.colcon_core.plugin_system:Skipping extension 'colcon_core.shell.bat': Not used on non-Windows systems
[0.452s] INFO:colcon.colcon_core.shell:Skip shell extension 'powershell' for command environment: Not usable outside of PowerShell
[0.452s] DEBUG:colcon.colcon_core.shell:Skip shell extension 'dsv' for command environment
[0.457s] INFO:colcon.colcon_ros.task.ament_cmake.build:Building ROS package in '/home/evan/code/ndt-loc/src/map' with build type 'ament_cmake'
[0.457s] INFO:colcon.colcon_cmake.task.cmake.build:Building CMake package in '/home/evan/code/ndt-loc/src/map'
[0.458s] INFO:colcon.colcon_core.shell:Skip shell extension 'powershell' for command environment: Not usable outside of PowerShell
[0.458s] DEBUG:colcon.colcon_core.shell:Skip shell extension 'dsv' for command environment
[0.464s] INFO:colcon.colcon_ros.task.ament_cmake.build:Building ROS package in '/home/evan/code/ndt-loc/src/ndt-lidar-radar' with build type 'ament_cmake'
[0.464s] INFO:colcon.colcon_cmake.task.cmake.build:Building CMake package in '/home/evan/code/ndt-loc/src/ndt-lidar-radar'
[0.466s] INFO:colcon.colcon_core.shell:Skip shell extension 'powershell' for command environment: Not usable outside of PowerShell
[0.466s] DEBUG:colcon.colcon_core.shell:Skip shell extension 'dsv' for command environment
[0.476s] DEBUG:colcon.colcon_core.event_handler.log_command:Invoking command in '/home/evan/code/ndt-loc/build/cloud_msgs': CMAKE_PREFIX_PATH=${CMAKE_PREFIX_PATH}:/opt/ros/humble /usr/bin/cmake --build /home/evan/code/ndt-loc/build/cloud_msgs -- -j4 -l4
[0.482s] DEBUG:colcon.colcon_core.event_handler.log_command:Invoking command in '/home/evan/code/ndt-loc/build/map': CMAKE_PREFIX_PATH=${CMAKE_PREFIX_PATH}:/opt/ros/humble /usr/bin/cmake --build /home/evan/code/ndt-loc/build/map -- -j4 -l4
[0.486s] DEBUG:colcon.colcon_core.event_handler.log_command:Invoking command in '/home/evan/code/ndt-loc/build/ndt-lidar-radar': CMAKE_PREFIX_PATH=${CMAKE_PREFIX_PATH}:/opt/ros/humble /usr/bin/cmake --build /home/evan/code/ndt-loc/build/ndt-lidar-radar -- -j4 -l4
[0.533s] DEBUG:colcon.colcon_core.event_handler.log_command:Invoked command in '/home/evan/code/ndt-loc/build/ndt-lidar-radar' returned '0': CMAKE_PREFIX_PATH=${CMAKE_PREFIX_PATH}:/opt/ros/humble /usr/bin/cmake --build /home/evan/code/ndt-loc/build/ndt-lidar-radar -- -j4 -l4
[0.582s] DEBUG:colcon.colcon_core.event_handler.log_command:Invoking command in '/home/evan/code/ndt-loc/build/ndt-lidar-radar': CMAKE_PREFIX_PATH=${CMAKE_PREFIX_PATH}:/opt/ros/humble /usr/bin/cmake --install /home/evan/code/ndt-loc/build/ndt-lidar-radar
[0.600s] Level 1:colcon.colcon_core.environment:create_environment_scripts_only(ndt-lidar-radar)
[0.603s] DEBUG:colcon.colcon_core.event_handler.log_command:Invoked command in '/home/evan/code/ndt-loc/build/ndt-lidar-radar' returned '0': CMAKE_PREFIX_PATH=${CMAKE_PREFIX_PATH}:/opt/ros/humble /usr/bin/cmake --install /home/evan/code/ndt-loc/build/ndt-lidar-radar
[0.605s] Level 1:colcon.colcon_core.environment:checking '/home/evan/code/ndt-loc/install/ndt-lidar-radar' for CMake module files
[0.606s] Level 1:colcon.colcon_core.environment:checking '/home/evan/code/ndt-loc/install/ndt-lidar-radar' for CMake config files
[0.608s] Level 1:colcon.colcon_core.shell:create_environment_hook('ndt-lidar-radar', 'cmake_prefix_path')
[0.609s] INFO:colcon.colcon_core.shell:Creating environment hook '/home/evan/code/ndt-loc/install/ndt-lidar-radar/share/ndt-lidar-radar/hook/cmake_prefix_path.ps1'
[0.610s] INFO:colcon.colcon_core.shell:Creating environment descriptor '/home/evan/code/ndt-loc/install/ndt-lidar-radar/share/ndt-lidar-radar/hook/cmake_prefix_path.dsv'
[0.611s] INFO:colcon.colcon_core.shell:Creating environment hook '/home/evan/code/ndt-loc/install/ndt-lidar-radar/share/ndt-lidar-radar/hook/cmake_prefix_path.sh'
[0.611s] Level 1:colcon.colcon_core.environment:checking '/home/evan/code/ndt-loc/install/ndt-lidar-radar/bin'
[0.612s] Level 1:colcon.colcon_core.environment:checking '/home/evan/code/ndt-loc/install/ndt-lidar-radar/lib/pkgconfig/ndt-lidar-radar.pc'
[0.612s] Level 1:colcon.colcon_core.environment:checking '/home/evan/code/ndt-loc/install/ndt-lidar-radar/lib/python3.10/site-packages'
[0.612s] Level 1:colcon.colcon_core.environment:checking '/home/evan/code/ndt-loc/install/ndt-lidar-radar/bin'
[0.614s] INFO:colcon.colcon_core.shell:Creating package script '/home/evan/code/ndt-loc/install/ndt-lidar-radar/share/ndt-lidar-radar/package.ps1'
[0.614s] INFO:colcon.colcon_core.shell:Creating package descriptor '/home/evan/code/ndt-loc/install/ndt-lidar-radar/share/ndt-lidar-radar/package.dsv'
[0.615s] INFO:colcon.colcon_core.shell:Creating package script '/home/evan/code/ndt-loc/install/ndt-lidar-radar/share/ndt-lidar-radar/package.sh'
[0.616s] INFO:colcon.colcon_core.shell:Creating package script '/home/evan/code/ndt-loc/install/ndt-lidar-radar/share/ndt-lidar-radar/package.bash'
[0.617s] INFO:colcon.colcon_core.shell:Creating package script '/home/evan/code/ndt-loc/install/ndt-lidar-radar/share/ndt-lidar-radar/package.zsh'
[0.618s] Level 1:colcon.colcon_core.environment:create_file_with_runtime_dependencies(/home/evan/code/ndt-loc/install/ndt-lidar-radar/share/colcon-core/packages/ndt-lidar-radar)
[0.663s] Level 1:colcon.colcon_core.environment:create_environment_scripts_only(ndt-lidar-radar)
[0.665s] Level 1:colcon.colcon_core.environment:checking '/home/evan/code/ndt-loc/install/ndt-lidar-radar' for CMake module files
[0.666s] Level 1:colcon.colcon_core.environment:checking '/home/evan/code/ndt-loc/install/ndt-lidar-radar' for CMake config files
[0.666s] Level 1:colcon.colcon_core.shell:create_environment_hook('ndt-lidar-radar', 'cmake_prefix_path')
[0.668s] INFO:colcon.colcon_core.shell:Creating environment hook '/home/evan/code/ndt-loc/install/ndt-lidar-radar/share/ndt-lidar-radar/hook/cmake_prefix_path.ps1'
[0.669s] INFO:colcon.colcon_core.shell:Creating environment descriptor '/home/evan/code/ndt-loc/install/ndt-lidar-radar/share/ndt-lidar-radar/hook/cmake_prefix_path.dsv'
[0.669s] INFO:colcon.colcon_core.shell:Creating environment hook '/home/evan/code/ndt-loc/install/ndt-lidar-radar/share/ndt-lidar-radar/hook/cmake_prefix_path.sh'
[0.670s] Level 1:colcon.colcon_core.environment:checking '/home/evan/code/ndt-loc/install/ndt-lidar-radar/bin'
[0.671s] Level 1:colcon.colcon_core.environment:checking '/home/evan/code/ndt-loc/install/ndt-lidar-radar/lib/pkgconfig/ndt-lidar-radar.pc'
[0.671s] Level 1:colcon.colcon_core.environment:checking '/home/evan/code/ndt-loc/install/ndt-lidar-radar/lib/python3.10/site-packages'
[0.671s] Level 1:colcon.colcon_core.environment:checking '/home/evan/code/ndt-loc/install/ndt-lidar-radar/bin'
[0.673s] INFO:colcon.colcon_core.shell:Creating package script '/home/evan/code/ndt-loc/install/ndt-lidar-radar/share/ndt-lidar-radar/package.ps1'
[0.674s] INFO:colcon.colcon_core.shell:Creating package descriptor '/home/evan/code/ndt-loc/install/ndt-lidar-radar/share/ndt-lidar-radar/package.dsv'
[0.675s] INFO:colcon.colcon_core.shell:Creating package script '/home/evan/code/ndt-loc/install/ndt-lidar-radar/share/ndt-lidar-radar/package.sh'
[0.675s] INFO:colcon.colcon_core.shell:Creating package script '/home/evan/code/ndt-loc/install/ndt-lidar-radar/share/ndt-lidar-radar/package.bash'
[0.676s] INFO:colcon.colcon_core.shell:Creating package script '/home/evan/code/ndt-loc/install/ndt-lidar-radar/share/ndt-lidar-radar/package.zsh'
[0.677s] Level 1:colcon.colcon_core.environment:create_file_with_runtime_dependencies(/home/evan/code/ndt-loc/install/ndt-lidar-radar/share/colcon-core/packages/ndt-lidar-radar)
[0.895s] DEBUG:colcon.colcon_core.event_handler.log_command:Invoked command in '/home/evan/code/ndt-loc/build/cloud_msgs' returned '0': CMAKE_PREFIX_PATH=${CMAKE_PREFIX_PATH}:/opt/ros/humble /usr/bin/cmake --build /home/evan/code/ndt-loc/build/cloud_msgs -- -j4 -l4
[1.027s] DEBUG:colcon.colcon_core.event_handler.log_command:Invoking command in '/home/evan/code/ndt-loc/build/cloud_msgs': CMAKE_PREFIX_PATH=${CMAKE_PREFIX_PATH}:/opt/ros/humble /usr/bin/cmake --install /home/evan/code/ndt-loc/build/cloud_msgs
[1.089s] Level 1:colcon.colcon_core.environment:create_environment_scripts_only(cloud_msgs)
[1.091s] Level 1:colcon.colcon_core.environment:checking '/home/evan/code/ndt-loc/install/cloud_msgs' for CMake module files
[1.091s] Level 1:colcon.colcon_core.environment:checking '/home/evan/code/ndt-loc/install/cloud_msgs' for CMake config files
[1.092s] Level 1:colcon.colcon_core.shell:create_environment_hook('cloud_msgs', 'cmake_prefix_path')
[1.093s] INFO:colcon.colcon_core.shell:Creating environment hook '/home/evan/code/ndt-loc/install/cloud_msgs/share/cloud_msgs/hook/cmake_prefix_path.ps1'
[1.093s] INFO:colcon.colcon_core.shell:Creating environment descriptor '/home/evan/code/ndt-loc/install/cloud_msgs/share/cloud_msgs/hook/cmake_prefix_path.dsv'
[1.094s] INFO:colcon.colcon_core.shell:Creating environment hook '/home/evan/code/ndt-loc/install/cloud_msgs/share/cloud_msgs/hook/cmake_prefix_path.sh'
[1.094s] Level 1:colcon.colcon_core.environment:checking '/home/evan/code/ndt-loc/install/cloud_msgs/lib'
[1.095s] Level 1:colcon.colcon_core.shell:create_environment_hook('cloud_msgs', 'ld_library_path_lib')
[1.096s] INFO:colcon.colcon_core.shell:Creating environment hook '/home/evan/code/ndt-loc/install/cloud_msgs/share/cloud_msgs/hook/ld_library_path_lib.ps1'
[1.096s] INFO:colcon.colcon_core.shell:Creating environment descriptor '/home/evan/code/ndt-loc/install/cloud_msgs/share/cloud_msgs/hook/ld_library_path_lib.dsv'
[1.097s] INFO:colcon.colcon_core.shell:Creating environment hook '/home/evan/code/ndt-loc/install/cloud_msgs/share/cloud_msgs/hook/ld_library_path_lib.sh'
[1.097s] Level 1:colcon.colcon_core.environment:checking '/home/evan/code/ndt-loc/install/cloud_msgs/bin'
[1.097s] Level 1:colcon.colcon_core.environment:checking '/home/evan/code/ndt-loc/install/cloud_msgs/lib/pkgconfig/cloud_msgs.pc'
[1.098s] Level 1:colcon.colcon_core.environment:checking '/home/evan/code/ndt-loc/install/cloud_msgs/lib/python3.10/site-packages'
[1.098s] Level 1:colcon.colcon_core.environment:checking '/home/evan/code/ndt-loc/install/cloud_msgs/bin'
[1.099s] INFO:colcon.colcon_core.shell:Creating package script '/home/evan/code/ndt-loc/install/cloud_msgs/share/cloud_msgs/package.ps1'
[1.100s] INFO:colcon.colcon_core.shell:Creating package descriptor '/home/evan/code/ndt-loc/install/cloud_msgs/share/cloud_msgs/package.dsv'
[1.100s] INFO:colcon.colcon_core.shell:Creating package script '/home/evan/code/ndt-loc/install/cloud_msgs/share/cloud_msgs/package.sh'
[1.101s] INFO:colcon.colcon_core.shell:Creating package script '/home/evan/code/ndt-loc/install/cloud_msgs/share/cloud_msgs/package.bash'
[1.101s] INFO:colcon.colcon_core.shell:Creating package script '/home/evan/code/ndt-loc/install/cloud_msgs/share/cloud_msgs/package.zsh'
[1.101s] Level 1:colcon.colcon_core.environment:create_file_with_runtime_dependencies(/home/evan/code/ndt-loc/install/cloud_msgs/share/colcon-core/packages/cloud_msgs)
[1.105s] DEBUG:colcon.colcon_core.event_handler.log_command:Invoked command in '/home/evan/code/ndt-loc/build/cloud_msgs' returned '0': CMAKE_PREFIX_PATH=${CMAKE_PREFIX_PATH}:/opt/ros/humble /usr/bin/cmake --install /home/evan/code/ndt-loc/build/cloud_msgs
[1.172s] Level 1:colcon.colcon_core.environment:create_environment_scripts_only(cloud_msgs)
[1.174s] Level 1:colcon.colcon_core.environment:checking '/home/evan/code/ndt-loc/install/cloud_msgs' for CMake module files
[1.175s] Level 1:colcon.colcon_core.environment:checking '/home/evan/code/ndt-loc/install/cloud_msgs' for CMake config files
[1.175s] Level 1:colcon.colcon_core.shell:create_environment_hook('cloud_msgs', 'cmake_prefix_path')
[1.177s] INFO:colcon.colcon_core.shell:Creating environment hook '/home/evan/code/ndt-loc/install/cloud_msgs/share/cloud_msgs/hook/cmake_prefix_path.ps1'
[1.178s] INFO:colcon.colcon_core.shell:Creating environment descriptor '/home/evan/code/ndt-loc/install/cloud_msgs/share/cloud_msgs/hook/cmake_prefix_path.dsv'
[1.178s] INFO:colcon.colcon_core.shell:Creating environment hook '/home/evan/code/ndt-loc/install/cloud_msgs/share/cloud_msgs/hook/cmake_prefix_path.sh'
[1.179s] Level 1:colcon.colcon_core.environment:checking '/home/evan/code/ndt-loc/install/cloud_msgs/lib'
[1.179s] Level 1:colcon.colcon_core.shell:create_environment_hook('cloud_msgs', 'ld_library_path_lib')
[1.181s] INFO:colcon.colcon_core.shell:Creating environment hook '/home/evan/code/ndt-loc/install/cloud_msgs/share/cloud_msgs/hook/ld_library_path_lib.ps1'
[1.181s] INFO:colcon.colcon_core.shell:Creating environment descriptor '/home/evan/code/ndt-loc/install/cloud_msgs/share/cloud_msgs/hook/ld_library_path_lib.dsv'
[1.182s] INFO:colcon.colcon_core.shell:Creating environment hook '/home/evan/code/ndt-loc/install/cloud_msgs/share/cloud_msgs/hook/ld_library_path_lib.sh'
[1.183s] Level 1:colcon.colcon_core.environment:checking '/home/evan/code/ndt-loc/install/cloud_msgs/bin'
[1.183s] Level 1:colcon.colcon_core.environment:checking '/home/evan/code/ndt-loc/install/cloud_msgs/lib/pkgconfig/cloud_msgs.pc'
[1.183s] Level 1:colcon.colcon_core.environment:checking '/home/evan/code/ndt-loc/install/cloud_msgs/lib/python3.10/site-packages'
[1.184s] Level 1:colcon.colcon_core.environment:checking '/home/evan/code/ndt-loc/install/cloud_msgs/bin'
[1.185s] INFO:colcon.colcon_core.shell:Creating package script '/home/evan/code/ndt-loc/install/cloud_msgs/share/cloud_msgs/package.ps1'
[1.186s] INFO:colcon.colcon_core.shell:Creating package descriptor '/home/evan/code/ndt-loc/install/cloud_msgs/share/cloud_msgs/package.dsv'
[1.187s] INFO:colcon.colcon_core.shell:Creating package script '/home/evan/code/ndt-loc/install/cloud_msgs/share/cloud_msgs/package.sh'
[1.188s] INFO:colcon.colcon_core.shell:Creating package script '/home/evan/code/ndt-loc/install/cloud_msgs/share/cloud_msgs/package.bash'
[1.188s] INFO:colcon.colcon_core.shell:Creating package script '/home/evan/code/ndt-loc/install/cloud_msgs/share/cloud_msgs/package.zsh'
[1.189s] Level 1:colcon.colcon_core.environment:create_file_with_runtime_dependencies(/home/evan/code/ndt-loc/install/cloud_msgs/share/colcon-core/packages/cloud_msgs)
[19.866s] DEBUG:colcon.colcon_core.event_handler.log_command:Invoked command in '/home/evan/code/ndt-loc/build/map' returned '2': CMAKE_PREFIX_PATH=${CMAKE_PREFIX_PATH}:/opt/ros/humble /usr/bin/cmake --build /home/evan/code/ndt-loc/build/map -- -j4 -l4
[19.898s] Level 1:colcon.colcon_core.environment:create_environment_scripts_only(map)
[19.899s] Level 1:colcon.colcon_core.environment:checking '/home/evan/code/ndt-loc/install/map' for CMake module files
[19.900s] Level 1:colcon.colcon_core.environment:checking '/home/evan/code/ndt-loc/install/map' for CMake config files
[19.900s] Level 1:colcon.colcon_core.shell:create_environment_hook('map', 'cmake_prefix_path')
[19.902s] INFO:colcon.colcon_core.shell:Creating environment hook '/home/evan/code/ndt-loc/install/map/share/map/hook/cmake_prefix_path.ps1'
[19.902s] INFO:colcon.colcon_core.shell:Creating environment descriptor '/home/evan/code/ndt-loc/install/map/share/map/hook/cmake_prefix_path.dsv'
[19.902s] INFO:colcon.colcon_core.shell:Creating environment hook '/home/evan/code/ndt-loc/install/map/share/map/hook/cmake_prefix_path.sh'
[19.903s] Level 1:colcon.colcon_core.environment:checking '/home/evan/code/ndt-loc/install/map/lib'
[19.903s] Level 1:colcon.colcon_core.environment:checking '/home/evan/code/ndt-loc/install/map/bin'
[19.903s] Level 1:colcon.colcon_core.environment:checking '/home/evan/code/ndt-loc/install/map/lib/pkgconfig/map.pc'
[19.904s] Level 1:colcon.colcon_core.environment:checking '/home/evan/code/ndt-loc/install/map/lib/python3.10/site-packages'
[19.904s] Level 1:colcon.colcon_core.environment:checking '/home/evan/code/ndt-loc/install/map/bin'
[19.905s] INFO:colcon.colcon_core.shell:Creating package script '/home/evan/code/ndt-loc/install/map/share/map/package.ps1'
[19.906s] INFO:colcon.colcon_core.shell:Creating package descriptor '/home/evan/code/ndt-loc/install/map/share/map/package.dsv'
[19.906s] INFO:colcon.colcon_core.shell:Creating package script '/home/evan/code/ndt-loc/install/map/share/map/package.sh'
[19.907s] INFO:colcon.colcon_core.shell:Creating package script '/home/evan/code/ndt-loc/install/map/share/map/package.bash'
[19.907s] INFO:colcon.colcon_core.shell:Creating package script '/home/evan/code/ndt-loc/install/map/share/map/package.zsh'
[19.908s] Level 1:colcon.colcon_core.environment:create_file_with_runtime_dependencies(/home/evan/code/ndt-loc/install/map/share/colcon-core/packages/map)
[19.918s] DEBUG:colcon.colcon_parallel_executor.executor.parallel:closing loop
[19.918s] DEBUG:colcon.colcon_parallel_executor.executor.parallel:loop closed
[19.919s] DEBUG:colcon.colcon_parallel_executor.executor.parallel:run_until_complete finished with '2'
[19.919s] DEBUG:colcon.colcon_core.event_reactor:joining thread
[19.925s] INFO:colcon.colcon_core.plugin_system:Skipping extension 'colcon_notification.desktop_notification.terminal_notifier': Not used on non-Darwin systems
[19.925s] INFO:colcon.colcon_core.plugin_system:Skipping extension 'colcon_notification.desktop_notification.win32': Not used on non-Windows systems
[19.925s] INFO:colcon.colcon_notification.desktop_notification:Sending desktop notification using 'notify2'
[19.937s] DEBUG:colcon.colcon_core.event_reactor:joined thread
[19.939s] INFO:colcon.colcon_core.shell:Creating prefix script '/home/evan/code/ndt-loc/install/local_setup.ps1'
[19.940s] INFO:colcon.colcon_core.shell:Creating prefix util module '/home/evan/code/ndt-loc/install/_local_setup_util_ps1.py'
[19.942s] INFO:colcon.colcon_core.shell:Creating prefix chain script '/home/evan/code/ndt-loc/install/setup.ps1'
[19.944s] INFO:colcon.colcon_core.shell:Creating prefix script '/home/evan/code/ndt-loc/install/local_setup.sh'
[19.944s] INFO:colcon.colcon_core.shell:Creating prefix util module '/home/evan/code/ndt-loc/install/_local_setup_util_sh.py'
[19.945s] INFO:colcon.colcon_core.shell:Creating prefix chain script '/home/evan/code/ndt-loc/install/setup.sh'
[19.947s] INFO:colcon.colcon_core.shell:Creating prefix script '/home/evan/code/ndt-loc/install/local_setup.bash'
[19.948s] INFO:colcon.colcon_core.shell:Creating prefix chain script '/home/evan/code/ndt-loc/install/setup.bash'
[19.950s] INFO:colcon.colcon_core.shell:Creating prefix script '/home/evan/code/ndt-loc/install/local_setup.zsh'
[19.951s] INFO:colcon.colcon_core.shell:Creating prefix chain script '/home/evan/code/ndt-loc/install/setup.zsh'
