[7.874s] Invoking command in '/home/evan/code/ndt-loc/build/radar-odometry': CMAKE_PREFIX_PATH=${CMAKE_PREFIX_PATH}:/opt/ros/humble /usr/bin/cmake --build /home/evan/code/ndt-loc/build/radar-odometry -- -j4 -l4
[7.949s] [35m[1mConsolidate compiler generated dependencies of target radar_feature_node[0m
[8.087s] [ 50%] [32mBuilding CXX object CMakeFiles/radar_feature_node.dir/src/RadarFeaturesNode.cpp.o[0m
[21.632s] In file included from [01m[K/opt/ros/humble/include/rclcpp/rclcpp/logging.hpp:24[m[K,
[21.633s]                  from [01m[K/opt/ros/humble/include/rclcpp/rclcpp/client.hpp:40[m[K,
[21.633s]                  from [01m[K/opt/ros/humble/include/rclcpp/rclcpp/callback_group.hpp:24[m[K,
[21.633s]                  from [01m[K/opt/ros/humble/include/rclcpp/rclcpp/any_executable.hpp:20[m[K,
[21.633s]                  from [01m[K/opt/ros/humble/include/rclcpp/rclcpp/memory_strategy.hpp:25[m[K,
[21.633s]                  from [01m[K/opt/ros/humble/include/rclcpp/rclcpp/memory_strategies.hpp:18[m[K,
[21.633s]                  from [01m[K/opt/ros/humble/include/rclcpp/rclcpp/executor_options.hpp:20[m[K,
[21.633s]                  from [01m[K/opt/ros/humble/include/rclcpp/rclcpp/executor.hpp:37[m[K,
[21.633s]                  from [01m[K/opt/ros/humble/include/rclcpp/rclcpp/executors/multi_threaded_executor.hpp:25[m[K,
[21.633s]                  from [01m[K/opt/ros/humble/include/rclcpp/rclcpp/executors.hpp:21[m[K,
[21.633s]                  from [01m[K/opt/ros/humble/include/rclcpp/rclcpp/rclcpp.hpp:155[m[K,
[21.633s]                  from [01m[K/home/evan/code/ndt-loc/src/radar-odometry/src/RadarFeaturesNode.cpp:3[m[K:
[21.633s] [01m[K/home/evan/code/ndt-loc/src/radar-odometry/src/RadarFeaturesNode.cpp:[m[K In member function ‘[01m[Kvoid radar::RadarFeaturesNode::radarImageHandler(const Image&)[m[K’:
[21.634s] [01m[K/home/evan/code/ndt-loc/src/radar-odometry/src/RadarFeaturesNode.cpp:53:43:[m[K [01;35m[Kwarning: [m[Kformat ‘[01m[K%d[m[K’ expects argument of type ‘[01m[Kint[m[K’, but argument 5 has type ‘[01m[Kstd::vector<std::pair<int, int> >::size_type[m[K’ {aka ‘[01m[Klong unsigned int[m[K’} [[01;35m[K]8;;https://gcc.gnu.org/onlinedocs/gcc/Warning-Options.html#index-Wformat=-Wformat=]8;;[m[K]
[21.634s]    53 |         RCLCPP_INFO(this -> get_logger(), [01;35m[K"%d"[m[K, [32m[KkeyPoints.size()[m[K);
[21.634s]       |                                           [01;35m[K^~~~[m[K  [32m[K~~~~~~~~~~~~~~~~[m[K
[21.634s]       |                                                               [32m[K|[m[K
[21.634s]       |                                                               [32m[Kstd::vector<std::pair<int, int> >::size_type {aka long unsigned int}[m[K
[21.634s] [01m[K/home/evan/code/ndt-loc/src/radar-odometry/src/RadarFeaturesNode.cpp:53:45:[m[K [01;36m[Knote: [m[Kformat string is defined here
[21.634s]    53 |         RCLCPP_INFO(this -> get_logger(), "[01;36m[K%d[m[K", keyPoints.size());
[21.634s]       |                                            [01;36m[K~^[m[K
[21.634s]       |                                             [01;36m[K|[m[K
[21.634s]       |                                             [01;36m[Kint[m[K
[21.634s]       |                                            [32m[K%ld[m[K
[23.238s] [100%] [32m[1mLinking CXX executable radar_feature_node[0m
[24.547s] [100%] Built target radar_feature_node
[24.560s] Invoked command in '/home/evan/code/ndt-loc/build/radar-odometry' returned '0': CMAKE_PREFIX_PATH=${CMAKE_PREFIX_PATH}:/opt/ros/humble /usr/bin/cmake --build /home/evan/code/ndt-loc/build/radar-odometry -- -j4 -l4
[24.600s] Invoking command in '/home/evan/code/ndt-loc/build/radar-odometry': CMAKE_PREFIX_PATH=${CMAKE_PREFIX_PATH}:/opt/ros/humble /usr/bin/cmake --install /home/evan/code/ndt-loc/build/radar-odometry
[24.609s] -- Install configuration: ""
[24.609s] -- Installing: /home/evan/code/ndt-loc/install/radar-odometry/lib/radar-odometry/radar_feature_node
[24.615s] -- Set runtime path of "/home/evan/code/ndt-loc/install/radar-odometry/lib/radar-odometry/radar_feature_node" to ""
[24.615s] -- Up-to-date: /home/evan/code/ndt-loc/install/radar-odometry/share/ament_index/resource_index/package_run_dependencies/radar-odometry
[24.616s] -- Up-to-date: /home/evan/code/ndt-loc/install/radar-odometry/share/ament_index/resource_index/parent_prefix_path/radar-odometry
[24.616s] -- Up-to-date: /home/evan/code/ndt-loc/install/radar-odometry/share/radar-odometry/environment/ament_prefix_path.sh
[24.616s] -- Up-to-date: /home/evan/code/ndt-loc/install/radar-odometry/share/radar-odometry/environment/ament_prefix_path.dsv
[24.616s] -- Up-to-date: /home/evan/code/ndt-loc/install/radar-odometry/share/radar-odometry/environment/path.sh
[24.616s] -- Up-to-date: /home/evan/code/ndt-loc/install/radar-odometry/share/radar-odometry/environment/path.dsv
[24.616s] -- Up-to-date: /home/evan/code/ndt-loc/install/radar-odometry/share/radar-odometry/local_setup.bash
[24.616s] -- Up-to-date: /home/evan/code/ndt-loc/install/radar-odometry/share/radar-odometry/local_setup.sh
[24.616s] -- Up-to-date: /home/evan/code/ndt-loc/install/radar-odometry/share/radar-odometry/local_setup.zsh
[24.616s] -- Up-to-date: /home/evan/code/ndt-loc/install/radar-odometry/share/radar-odometry/local_setup.dsv
[24.616s] -- Installing: /home/evan/code/ndt-loc/install/radar-odometry/share/radar-odometry/package.dsv
[24.617s] -- Up-to-date: /home/evan/code/ndt-loc/install/radar-odometry/share/ament_index/resource_index/packages/radar-odometry
[24.617s] -- Up-to-date: /home/evan/code/ndt-loc/install/radar-odometry/share/radar-odometry/cmake/ament_cmake_export_include_directories-extras.cmake
[24.617s] -- Up-to-date: /home/evan/code/ndt-loc/install/radar-odometry/share/radar-odometry/cmake/radar-odometryConfig.cmake
[24.617s] -- Up-to-date: /home/evan/code/ndt-loc/install/radar-odometry/share/radar-odometry/cmake/radar-odometryConfig-version.cmake
[24.617s] -- Up-to-date: /home/evan/code/ndt-loc/install/radar-odometry/share/radar-odometry/package.xml
[24.619s] Invoked command in '/home/evan/code/ndt-loc/build/radar-odometry' returned '0': CMAKE_PREFIX_PATH=${CMAKE_PREFIX_PATH}:/opt/ros/humble /usr/bin/cmake --install /home/evan/code/ndt-loc/build/radar-odometry
