[0.019s] Invoking command in '/home/evan/code/ndt-loc/build/data-publisher': CMAKE_PREFIX_PATH=${CMAKE_PREFIX_PATH}:/opt/ros/humble /usr/bin/cmake --build /home/evan/code/ndt-loc/build/data-publisher -- -j4 -l4
[0.116s] [35m[1mConsolidate compiler generated dependencies of target lidar_data_node[0m
[0.153s] [ 50%] [32mBuilding CXX object CMakeFiles/lidar_data_node.dir/src/LidarData.cpp.o[0m
[6.446s] In file included from [01m[K/opt/ros/humble/include/rclcpp/rclcpp/logging.hpp:24[m[K,
[6.446s]                  from [01m[K/opt/ros/humble/include/rclcpp/rclcpp/client.hpp:40[m[K,
[6.446s]                  from [01m[K/opt/ros/humble/include/rclcpp/rclcpp/callback_group.hpp:24[m[K,
[6.446s]                  from [01m[K/opt/ros/humble/include/rclcpp/rclcpp/any_executable.hpp:20[m[K,
[6.447s]                  from [01m[K/opt/ros/humble/include/rclcpp/rclcpp/memory_strategy.hpp:25[m[K,
[6.447s]                  from [01m[K/opt/ros/humble/include/rclcpp/rclcpp/memory_strategies.hpp:18[m[K,
[6.447s]                  from [01m[K/opt/ros/humble/include/rclcpp/rclcpp/executor_options.hpp:20[m[K,
[6.447s]                  from [01m[K/opt/ros/humble/include/rclcpp/rclcpp/executor.hpp:37[m[K,
[6.447s]                  from [01m[K/opt/ros/humble/include/rclcpp/rclcpp/executors/multi_threaded_executor.hpp:25[m[K,
[6.447s]                  from [01m[K/opt/ros/humble/include/rclcpp/rclcpp/executors.hpp:21[m[K,
[6.447s]                  from [01m[K/opt/ros/humble/include/rclcpp/rclcpp/rclcpp.hpp:155[m[K,
[6.447s]                  from [01m[K/home/evan/code/ndt-loc/src/data-publisher/include/data-publisher/LidarData.h:9[m[K,
[6.447s]                  from [01m[K/home/evan/code/ndt-loc/src/data-publisher/src/LidarData.cpp:1[m[K:
[6.447s] [01m[K/home/evan/code/ndt-loc/src/data-publisher/src/LidarData.cpp:[m[K In member function ‘[01m[Kvoid DATA::LidarData::PublishCloud()[m[K’:
[6.447s] [01m[K/home/evan/code/ndt-loc/src/data-publisher/src/LidarData.cpp:70:58:[m[K [01;31m[Kerror: [m[Kinvalid conversion from ‘[01m[Kstd::size_t[m[K’ {aka ‘[01m[Klong unsigned int[m[K’} to ‘[01m[Kconst char*[m[K’ [[01;31m[K]8;;https://gcc.gnu.org/onlinedocs/gcc/Warning-Options.html#index-fpermissive-fpermissive]8;;[m[K]
[6.447s]    70 |     RCLCPP_INFO(this -> get_logger(), [01;31m[K_laser_data -> size()[m[K);
[6.447s]       |                                       [01;31m[K~~~~~~~~~~~~~~~~~~~^~[m[K
[6.447s]       |                                                          [01;31m[K|[m[K
[6.448s]       |                                                          [01;31m[Kstd::size_t {aka long unsigned int}[m[K
[6.448s] In file included from [01m[K/opt/ros/humble/include/rmw/rmw/types.h:28[m[K,
[6.448s]                  from [01m[K/opt/ros/humble/include/rcl/rcl/types.h:20[m[K,
[6.448s]                  from [01m[K/opt/ros/humble/include/rcl/rcl/log_level.h:22[m[K,
[6.448s]                  from [01m[K/opt/ros/humble/include/rcl/rcl/arguments.h:21[m[K,
[6.448s]                  from [01m[K/opt/ros/humble/include/rcl/rcl/context.h:28[m[K,
[6.448s]                  from [01m[K/opt/ros/humble/include/rcl/rcl/guard_condition.h:26[m[K,
[6.448s]                  from [01m[K/opt/ros/humble/include/rclcpp/rclcpp/executor.hpp:30[m[K,
[6.448s]                  from [01m[K/opt/ros/humble/include/rclcpp/rclcpp/executors/multi_threaded_executor.hpp:25[m[K,
[6.448s]                  from [01m[K/opt/ros/humble/include/rclcpp/rclcpp/executors.hpp:21[m[K,
[6.448s]                  from [01m[K/opt/ros/humble/include/rclcpp/rclcpp/rclcpp.hpp:155[m[K,
[6.448s]                  from [01m[K/home/evan/code/ndt-loc/src/data-publisher/include/data-publisher/LidarData.h:9[m[K,
[6.448s]                  from [01m[K/home/evan/code/ndt-loc/src/data-publisher/src/LidarData.cpp:1[m[K:
[6.448s] [01m[K/opt/ros/humble/include/rcutils/rcutils/logging.h:479:16:[m[K [01;36m[Knote: [m[K  initializing argument 4 of ‘[01m[Kvoid rcutils_log(const rcutils_log_location_t*, int, const char*, const char*, ...)[m[K’
[6.449s]   479 |   [01;36m[Kconst char * format[m[K,
[6.449s]       |   [01;36m[K~~~~~~~~~~~~~^~~~~~[m[K
[7.823s] gmake[2]: *** [CMakeFiles/lidar_data_node.dir/build.make:76: CMakeFiles/lidar_data_node.dir/src/LidarData.cpp.o] Error 1
[7.823s] gmake[1]: *** [CMakeFiles/Makefile2:137: CMakeFiles/lidar_data_node.dir/all] Error 2
[7.823s] gmake: *** [Makefile:146: all] Error 2
[7.826s] Invoked command in '/home/evan/code/ndt-loc/build/data-publisher' returned '2': CMAKE_PREFIX_PATH=${CMAKE_PREFIX_PATH}:/opt/ros/humble /usr/bin/cmake --build /home/evan/code/ndt-loc/build/data-publisher -- -j4 -l4
