[0.017s] Invoking command in '/home/evan/code/ndt-loc/build/map': CMAKE_PREFIX_PATH=${CMAKE_PREFIX_PATH}:/opt/ros/humble /usr/bin/cmake --build /home/evan/code/ndt-loc/build/map -- -j4 -l4
[0.051s] -- Found ament_cmake: 1.3.3 (/opt/ros/humble/share/ament_cmake/cmake)
[0.223s] -- Found rclcpp: 16.0.3 (/opt/ros/humble/share/rclcpp/cmake)
[0.263s] -- Found rosidl_generator_c: 3.1.4 (/opt/ros/humble/share/rosidl_generator_c/cmake)
[0.266s] -- Found rosidl_adapter: 3.1.4 (/opt/ros/humble/share/rosidl_adapter/cmake)
[0.275s] -- Found rosidl_generator_cpp: 3.1.4 (/opt/ros/humble/share/rosidl_generator_cpp/cmake)
[0.291s] -- Using all available rosidl_typesupport_c: rosidl_typesupport_fastrtps_c;rosidl_typesupport_introspection_c
[0.312s] -- Using all available rosidl_typesupport_cpp: rosidl_typesupport_fastrtps_cpp;rosidl_typesupport_introspection_cpp
[0.383s] -- Found rmw_implementation_cmake: 6.1.1 (/opt/ros/humble/share/rmw_implementation_cmake/cmake)
[0.385s] -- Found rmw_fastrtps_cpp: 6.2.2 (/opt/ros/humble/share/rmw_fastrtps_cpp/cmake)
[0.534s] -- Using RMW implementation 'rmw_fastrtps_cpp' as default
[0.744s] -- Found sensor_msgs: 4.2.3 (/opt/ros/humble/share/sensor_msgs/cmake)
[0.921s] -- Eigen found (include: /usr/include/eigen3, version: 3.4.0)
[0.957s] -- FLANN found (include: /usr/include, lib: /usr/lib/x86_64-linux-gnu/libflann_cpp.so)
[1.272s] -- OpenNI found (version: 1.5.4.0, include: /usr/include/ni, lib: /usr/lib/libOpenNI.so;libusb::libusb)
[1.279s] -- OpenNI2 found (version: 2.2.0.33, include: /usr/include/openni2, lib: /usr/lib/x86_64-linux-gnu/libOpenNI2.so;libusb::libusb)
[1.279s] [0m** WARNING ** io features related to pcap will be disabled[0m
[1.461s] -- Eigen found (include: /usr/include/eigen3, version: 3.4.0)
[1.470s] -- OpenNI found (version: 1.5.4.0, include: /usr/include/ni, lib: /usr/lib/libOpenNI.so;libusb::libusb)
[1.482s] -- OpenNI2 found (version: 2.2.0.33, include: /usr/include/openni2, lib: /usr/lib/x86_64-linux-gnu/libOpenNI2.so;libusb::libusb)
[1.655s] -- Found Qhull version 8.0.2
[1.835s] -- OpenNI found (version: 1.5.4.0, include: /usr/include/ni, lib: /usr/lib/libOpenNI.so;libusb::libusb)
[2.001s] -- looking for PCL_COMMON
[2.001s] -- looking for PCL_KDTREE
[2.002s] -- looking for PCL_OCTREE
[2.002s] -- looking for PCL_SEARCH
[2.003s] -- looking for PCL_SAMPLE_CONSENSUS
[2.003s] -- looking for PCL_FILTERS
[2.004s] -- looking for PCL_2D
[2.004s] -- looking for PCL_GEOMETRY
[2.005s] -- looking for PCL_IO
[2.005s] -- looking for PCL_FEATURES
[2.006s] -- looking for PCL_ML
[2.006s] -- looking for PCL_SEGMENTATION
[2.007s] -- looking for PCL_VISUALIZATION
[2.008s] -- looking for PCL_SURFACE
[2.008s] -- looking for PCL_REGISTRATION
[2.009s] -- looking for PCL_KEYPOINTS
[2.010s] -- looking for PCL_TRACKING
[2.010s] -- looking for PCL_RECOGNITION
[2.011s] -- looking for PCL_STEREO
[2.012s] -- looking for PCL_APPS
[2.013s] -- looking for PCL_IN_HAND_SCANNER
[2.013s] -- looking for PCL_MODELER
[2.014s] -- looking for PCL_POINT_CLOUD_EDITOR
[2.014s] -- looking for PCL_OUTOFCORE
[2.015s] -- looking for PCL_PEOPLE
[2.017s] -- Found pcl_conversions: 2.4.0 (/opt/ros/humble/share/pcl_conversions/cmake)
[2.180s] [31mCMake Error at /opt/ros/humble/share/ament_cmake_target_dependencies/cmake/ament_target_dependencies.cmake:77 (message):
[2.180s]   ament_target_dependencies() the passed package name 'pcl_common' was not
[2.181s]   found before
[2.181s] Call Stack (most recent call first):
[2.181s]   CMakeLists.txt:33 (ament_target_dependencies)
[2.181s] 
[2.181s] [0m
[2.181s] -- Configuring incomplete, errors occurred!
[2.181s] See also "/home/evan/code/ndt-loc/build/map/CMakeFiles/CMakeOutput.log".
[2.195s] gmake: *** [Makefile:448: cmake_check_build_system] Error 1
[2.198s] Invoked command in '/home/evan/code/ndt-loc/build/map' returned '2': CMAKE_PREFIX_PATH=${CMAKE_PREFIX_PATH}:/opt/ros/humble /usr/bin/cmake --build /home/evan/code/ndt-loc/build/map -- -j4 -l4
