[0.025s] Invoking command in '/home/evan/code/ndt-loc/build/map': CMAKE_PREFIX_PATH=${CMAKE_PREFIX_PATH}:/opt/ros/humble /usr/bin/cmake --build /home/evan/code/ndt-loc/build/map -- -j4 -l4
[0.091s] [35m[1mConsolidate compiler generated dependencies of target front_end_node[0m
[0.101s] [35m[1mConsolidate compiler generated dependencies of target lidar_data_node[0m
[0.156s] [ 25%] [32mBuilding CXX object CMakeFiles/lidar_data_node.dir/src/LidarData.cpp.o[0m
[0.162s] [ 50%] [32mBuilding CXX object CMakeFiles/front_end_node.dir/src/FrontEnd.cpp.o[0m
[7.537s] [01m[K/home/evan/code/ndt-loc/src/map/src/LidarData.cpp:[m[K In constructor ‘[01m[Kndtloc::LidarData::LidarData(const string&)[m[K’:
[7.537s] [01m[K/home/evan/code/ndt-loc/src/map/src/LidarData.cpp:8:26:[m[K [01;31m[Kerror: [m[Kinvalid use of non-static member function ‘[01m[Kvoid ndtloc::LidarData::ReadData()[m[K’
[7.537s]     8 |         "/read_data", 1, [01;31m[KReadData[m[K);
[7.537s]       |                          [01;31m[K^~~~~~~~[m[K
[7.537s] In file included from [01m[K/home/evan/code/ndt-loc/src/map/src/LidarData.cpp:1[m[K:
[7.537s] [01m[K/home/evan/code/ndt-loc/src/map/include/map/LidarData.h:11:10:[m[K [01;36m[Knote: [m[Kdeclared here
[7.537s]    11 |     void [01;36m[KReadData[m[K();
[7.538s]       |          [01;36m[K^~~~~~~~[m[K
[7.614s] [01m[K/home/evan/code/ndt-loc/src/map/src/FrontEnd.cpp:[m[K In constructor ‘[01m[Kndtloc::FrontEnd::FrontEnd(const string&)[m[K’:
[7.614s] [01m[K/home/evan/code/ndt-loc/src/map/src/FrontEnd.cpp:16:27:[m[K [01;31m[Kerror: [m[Kinvalid use of non-static member function ‘[01m[Kvoid ndtloc::FrontEnd::CreateGlobalMap()[m[K’
[7.614s]    16 |         "/create_map", 1, [01;31m[KCreateGlobalMap[m[K);
[7.614s]       |                           [01;31m[K^~~~~~~~~~~~~~~[m[K
[7.614s] In file included from [01m[K/home/evan/code/ndt-loc/src/map/src/FrontEnd.cpp:1[m[K:
[7.614s] [01m[K/home/evan/code/ndt-loc/src/map/include/map/FrontEnd.h:18:10:[m[K [01;36m[Knote: [m[Kdeclared here
[7.614s]    18 |     void [01;36m[KCreateGlobalMap[m[K();
[7.614s]       |          [01;36m[K^~~~~~~~~~~~~~~[m[K
[9.999s] gmake[2]: *** [CMakeFiles/lidar_data_node.dir/build.make:76: CMakeFiles/lidar_data_node.dir/src/LidarData.cpp.o] Error 1
[10.000s] gmake[1]: *** [CMakeFiles/Makefile2:139: CMakeFiles/lidar_data_node.dir/all] Error 2
[10.000s] gmake[1]: *** Waiting for unfinished jobs....
[14.585s] gmake[2]: *** [CMakeFiles/front_end_node.dir/build.make:76: CMakeFiles/front_end_node.dir/src/FrontEnd.cpp.o] Error 1
[14.585s] gmake[1]: *** [CMakeFiles/Makefile2:165: CMakeFiles/front_end_node.dir/all] Error 2
[14.585s] gmake: *** [Makefile:146: all] Error 2
[14.588s] Invoked command in '/home/evan/code/ndt-loc/build/map' returned '2': CMAKE_PREFIX_PATH=${CMAKE_PREFIX_PATH}:/opt/ros/humble /usr/bin/cmake --build /home/evan/code/ndt-loc/build/map -- -j4 -l4
