[0.020s] Invoking command in '/home/evan/code/ndt-loc/build/a-loam': CMAKE_PREFIX_PATH=${CMAKE_PREFIX_PATH}:/opt/ros/humble /usr/bin/cmake --build /home/evan/code/ndt-loc/build/a-loam -- -j4 -l4
[0.081s] [35m[1mConsolidate compiler generated dependencies of target laser_odometry_node[0m
[0.101s] [ 50%] Built target scan_registration_node
[0.126s] [ 66%] [32mBuilding CXX object CMakeFiles/laser_odometry_node.dir/src/LaserOdometryNode.cpp.o[0m
[6.554s] In file included from [01m[K/home/evan/code/ndt-loc/src/a-loam/include/a-loam/LaserOdometry.hpp:18[m[K,
[6.554s]                  from [01m[K/home/evan/code/ndt-loc/src/a-loam/src/LaserOdometryNode.cpp:1[m[K:
[6.554s] [01m[K/home/evan/code/ndt-loc/src/a-loam/include/a-loam/LidarFactor.hpp:[m[K In constructor ‘[01m[KALOAM::LidarPlaneNormFactor::LidarPlaneNormFactor(Eigen::Vector3d, Eigen::Vector3d, double)[m[K’:
[6.554s] [01m[K/home/evan/code/ndt-loc/src/a-loam/include/a-loam/LidarFactor.hpp:96:71:[m[K [01;35m[Kwarning: [m[Kunused parameter ‘[01m[Kplane_unit_norm_[m[K’ [[01;35m[K]8;;https://gcc.gnu.org/onlinedocs/gcc/Warning-Options.html#index-Wunused-parameter-Wunused-parameter]8;;[m[K]
[6.554s]    96 |     LidarPlaneNormFactor(Eigen::Vector3d curr_point_, [01;35m[KEigen::Vector3d plane_unit_norm_[m[K, double negative_OA_dot_norm_)
[6.554s]       |                                                       [01;35m[K~~~~~~~~~~~~~~~~^~~~~~~~~~~~~~~~[m[K
[20.184s] [ 83%] [32m[1mLinking CXX executable laser_odometry_node[0m
[22.844s] [100%] Built target laser_odometry_node
[22.875s] Invoked command in '/home/evan/code/ndt-loc/build/a-loam' returned '0': CMAKE_PREFIX_PATH=${CMAKE_PREFIX_PATH}:/opt/ros/humble /usr/bin/cmake --build /home/evan/code/ndt-loc/build/a-loam -- -j4 -l4
[22.950s] Invoking command in '/home/evan/code/ndt-loc/build/a-loam': CMAKE_PREFIX_PATH=${CMAKE_PREFIX_PATH}:/opt/ros/humble /usr/bin/cmake --install /home/evan/code/ndt-loc/build/a-loam
[22.959s] -- Install configuration: ""
[22.959s] -- Up-to-date: /home/evan/code/ndt-loc/install/a-loam/lib/a-loam/scan_registration_node
[22.959s] -- Installing: /home/evan/code/ndt-loc/install/a-loam/lib/a-loam/laser_odometry_node
[22.978s] -- Set runtime path of "/home/evan/code/ndt-loc/install/a-loam/lib/a-loam/laser_odometry_node" to ""
[22.979s] -- Up-to-date: /home/evan/code/ndt-loc/install/a-loam/share/ament_index/resource_index/package_run_dependencies/a-loam
[22.979s] -- Up-to-date: /home/evan/code/ndt-loc/install/a-loam/share/ament_index/resource_index/parent_prefix_path/a-loam
[22.979s] -- Up-to-date: /home/evan/code/ndt-loc/install/a-loam/share/a-loam/environment/ament_prefix_path.sh
[22.979s] -- Up-to-date: /home/evan/code/ndt-loc/install/a-loam/share/a-loam/environment/ament_prefix_path.dsv
[22.979s] -- Up-to-date: /home/evan/code/ndt-loc/install/a-loam/share/a-loam/environment/path.sh
[22.979s] -- Up-to-date: /home/evan/code/ndt-loc/install/a-loam/share/a-loam/environment/path.dsv
[22.979s] -- Up-to-date: /home/evan/code/ndt-loc/install/a-loam/share/a-loam/local_setup.bash
[22.980s] -- Up-to-date: /home/evan/code/ndt-loc/install/a-loam/share/a-loam/local_setup.sh
[22.980s] -- Up-to-date: /home/evan/code/ndt-loc/install/a-loam/share/a-loam/local_setup.zsh
[22.980s] -- Up-to-date: /home/evan/code/ndt-loc/install/a-loam/share/a-loam/local_setup.dsv
[22.980s] -- Installing: /home/evan/code/ndt-loc/install/a-loam/share/a-loam/package.dsv
[22.980s] -- Up-to-date: /home/evan/code/ndt-loc/install/a-loam/share/ament_index/resource_index/packages/a-loam
[22.980s] -- Up-to-date: /home/evan/code/ndt-loc/install/a-loam/share/a-loam/cmake/ament_cmake_export_include_directories-extras.cmake
[22.980s] -- Up-to-date: /home/evan/code/ndt-loc/install/a-loam/share/a-loam/cmake/a-loamConfig.cmake
[22.980s] -- Up-to-date: /home/evan/code/ndt-loc/install/a-loam/share/a-loam/cmake/a-loamConfig-version.cmake
[22.980s] -- Up-to-date: /home/evan/code/ndt-loc/install/a-loam/share/a-loam/package.xml
[22.982s] Invoked command in '/home/evan/code/ndt-loc/build/a-loam' returned '0': CMAKE_PREFIX_PATH=${CMAKE_PREFIX_PATH}:/opt/ros/humble /usr/bin/cmake --install /home/evan/code/ndt-loc/build/a-loam
