[0.020s] Invoking command in '/home/evan/code/ndt-loc/build/a-loam': CMAKE_PREFIX_PATH=${CMAKE_PREFIX_PATH}:/opt/ros/humble /usr/bin/cmake --build /home/evan/code/ndt-loc/build/a-loam -- -j4 -l4
[0.079s] [35m[1mConsolidate compiler generated dependencies of target scan_registration_node[0m
[0.115s] [ 50%] [32mBuilding CXX object CMakeFiles/scan_registration_node.dir/src/ScanRegistrationNode.cpp.o[0m
[6.454s] In file included from [01m[K/home/evan/code/ndt-loc/src/a-loam/src/ScanRegistrationNode.cpp:1[m[K:
[6.454s] [01m[K/home/evan/code/ndt-loc/src/a-loam/include/a-loam/ScanRegistration.hpp:[m[K In member function ‘[01m[Kvoid ALOAM::ScanRegistration<PointT>::extractFeatureFromPointCloud(ALOAM::ScanRegistration<PointT>::CLOUDPTR)[m[K’:
[6.454s] [01m[K/home/evan/code/ndt-loc/src/a-loam/include/a-loam/ScanRegistration.hpp:208:40:[m[K [01;31m[Kerror: [m[Kno match for ‘[01m[Koperator+[m[K’ (operand types are ‘[01m[Kstd::vector<int, std::allocator<int> >[m[K’ and ‘[01m[Kint[m[K’)
[6.455s]   208 |                 std::sort([32m[KcloudSortInd[m[K [01;31m[K+[m[K [34m[Ksp[m[K, cloudSortInd + ep + 1, comp);
[6.455s]       |                           [32m[K~~~~~~~~~~~~[m[K [01;31m[K^[m[K [34m[K~~[m[K
[6.456s]       |                           [32m[K|[m[K              [34m[K|[m[K
[6.456s]       |                           [32m[K|[m[K              [34m[Kint[m[K
[6.457s]       |                           [32m[Kstd::vector<int, std::allocator<int> >[m[K
[6.457s] In file included from [01m[K/usr/include/c++/11/bits/stl_algobase.h:67[m[K,
[6.457s]                  from [01m[K/usr/include/c++/11/bits/specfun.h:45[m[K,
[6.457s]                  from [01m[K/usr/include/c++/11/cmath:1935[m[K,
[6.457s]                  from [01m[K/home/evan/code/ndt-loc/src/a-loam/include/a-loam/ScanRegistration.hpp:4[m[K,
[6.457s]                  from [01m[K/home/evan/code/ndt-loc/src/a-loam/src/ScanRegistrationNode.cpp:1[m[K:
[6.457s] [01m[K/usr/include/c++/11/bits/stl_iterator.h:1242:5:[m[K [01;36m[Knote: [m[Kcandidate: ‘[01m[Ktemplate<class _Iterator, class _Container> __gnu_cxx::__normal_iterator<_Iterator, _Container> __gnu_cxx::operator+(typename __gnu_cxx::__normal_iterator<_Iterator, _Container>::difference_type, const __gnu_cxx::__normal_iterator<_Iterator, _Container>&)[m[K’
[6.457s]  1242 |     [01;36m[Koperator[m[K+(typename __normal_iterator<_Iterator, _Container>::difference_type
[6.457s]       |     [01;36m[K^~~~~~~~[m[K
[6.457s] [01m[K/usr/include/c++/11/bits/stl_iterator.h:1242:5:[m[K [01;36m[Knote: [m[K  template argument deduction/substitution failed:
[6.457s] In file included from [01m[K/home/evan/code/ndt-loc/src/a-loam/src/ScanRegistrationNode.cpp:1[m[K:
[6.457s] [01m[K/home/evan/code/ndt-loc/src/a-loam/include/a-loam/ScanRegistration.hpp:208:42:[m[K [01;36m[Knote: [m[K  mismatched types ‘[01m[Kconst __gnu_cxx::__normal_iterator<_Iterator, _Container>[m[K’ and ‘[01m[Kint[m[K’
[6.457s]   208 |                 std::sort(cloudSortInd + [01;36m[Ksp[m[K, cloudSortInd + ep + 1, comp);
[6.457s]       |                                          [01;36m[K^~[m[K
[6.458s] In file included from [01m[K/usr/include/c++/11/bits/stl_algobase.h:67[m[K,
[6.458s]                  from [01m[K/usr/include/c++/11/bits/specfun.h:45[m[K,
[6.458s]                  from [01m[K/usr/include/c++/11/cmath:1935[m[K,
[6.458s]                  from [01m[K/home/evan/code/ndt-loc/src/a-loam/include/a-loam/ScanRegistration.hpp:4[m[K,
[6.458s]                  from [01m[K/home/evan/code/ndt-loc/src/a-loam/src/ScanRegistrationNode.cpp:1[m[K:
[6.458s] [01m[K/usr/include/c++/11/bits/stl_iterator.h:568:5:[m[K [01;36m[Knote: [m[Kcandidate: ‘[01m[Ktemplate<class _Iterator> constexpr std::reverse_iterator<_Iterator> std::operator+(typename std::reverse_iterator<_Iterator>::difference_type, const std::reverse_iterator<_Iterator>&)[m[K’
[6.458s]   568 |     [01;36m[Koperator[m[K+(typename reverse_iterator<_Iterator>::difference_type __n,
[6.458s]       |     [01;36m[K^~~~~~~~[m[K
[6.458s] [01m[K/usr/include/c++/11/bits/stl_iterator.h:568:5:[m[K [01;36m[Knote: [m[K  template argument deduction/substitution failed:
[6.458s] In file included from [01m[K/home/evan/code/ndt-loc/src/a-loam/src/ScanRegistrationNode.cpp:1[m[K:
[6.458s] [01m[K/home/evan/code/ndt-loc/src/a-loam/include/a-loam/ScanRegistration.hpp:208:42:[m[K [01;36m[Knote: [m[K  mismatched types ‘[01m[Kconst std::reverse_iterator<_Iterator>[m[K’ and ‘[01m[Kint[m[K’
[6.458s]   208 |                 std::sort(cloudSortInd + [01;36m[Ksp[m[K, cloudSortInd + ep + 1, comp);
[6.458s]       |                                          [01;36m[K^~[m[K
[6.458s] In file included from [01m[K/usr/include/c++/11/bits/stl_algobase.h:67[m[K,
[6.459s]                  from [01m[K/usr/include/c++/11/bits/specfun.h:45[m[K,
[6.459s]                  from [01m[K/usr/include/c++/11/cmath:1935[m[K,
[6.459s]                  from [01m[K/home/evan/code/ndt-loc/src/a-loam/include/a-loam/ScanRegistration.hpp:4[m[K,
[6.459s]                  from [01m[K/home/evan/code/ndt-loc/src/a-loam/src/ScanRegistrationNode.cpp:1[m[K:
[6.459s] [01m[K/usr/include/c++/11/bits/stl_iterator.h:1646:5:[m[K [01;36m[Knote: [m[Kcandidate: ‘[01m[Ktemplate<class _Iterator> constexpr std::move_iterator<_IteratorL> std::operator+(typename std::move_iterator<_IteratorL>::difference_type, const std::move_iterator<_IteratorL>&)[m[K’
[6.459s]  1646 |     [01;36m[Koperator[m[K+(typename move_iterator<_Iterator>::difference_type __n,
[6.459s]       |     [01;36m[K^~~~~~~~[m[K
[6.459s] [01m[K/usr/include/c++/11/bits/stl_iterator.h:1646:5:[m[K [01;36m[Knote: [m[K  template argument deduction/substitution failed:
[6.459s] In file included from [01m[K/home/evan/code/ndt-loc/src/a-loam/src/ScanRegistrationNode.cpp:1[m[K:
[6.459s] [01m[K/home/evan/code/ndt-loc/src/a-loam/include/a-loam/ScanRegistration.hpp:208:42:[m[K [01;36m[Knote: [m[K  mismatched types ‘[01m[Kconst std::move_iterator<_IteratorL>[m[K’ and ‘[01m[Kint[m[K’
[6.459s]   208 |                 std::sort(cloudSortInd + [01;36m[Ksp[m[K, cloudSortInd + ep + 1, comp);
[6.459s]       |                                          [01;36m[K^~[m[K
[6.460s] In file included from [01m[K/usr/include/c++/11/string:55[m[K,
[6.460s]                  from [01m[K/home/evan/code/ndt-loc/src/a-loam/include/a-loam/ScanRegistration.hpp:6[m[K,
[6.460s]                  from [01m[K/home/evan/code/ndt-loc/src/a-loam/src/ScanRegistrationNode.cpp:1[m[K:
[6.460s] [01m[K/usr/include/c++/11/bits/basic_string.h:6095:5:[m[K [01;36m[Knote: [m[Kcandidate: ‘[01m[Ktemplate<class _CharT, class _Traits, class _Alloc> std::__cxx11::basic_string<_CharT, _Traits, _Allocator> std::operator+(const std::__cxx11::basic_string<_CharT, _Traits, _Allocator>&, const std::__cxx11::basic_string<_CharT, _Traits, _Allocator>&)[m[K’
[6.460s]  6095 |     [01;36m[Koperator[m[K+(const basic_string<_CharT, _Traits, _Alloc>& __lhs,
[6.460s]       |     [01;36m[K^~~~~~~~[m[K
[6.460s] [01m[K/usr/include/c++/11/bits/basic_string.h:6095:5:[m[K [01;36m[Knote: [m[K  template argument deduction/substitution failed:
[6.460s] In file included from [01m[K/home/evan/code/ndt-loc/src/a-loam/src/ScanRegistrationNode.cpp:1[m[K:
[6.464s] [01m[K/home/evan/code/ndt-loc/src/a-loam/include/a-loam/ScanRegistration.hpp:208:42:[m[K [01;36m[Knote: [m[K  ‘[01m[Kstd::vector<int, std::allocator<int> >[m[K’ is not derived from ‘[01m[Kconst std::__cxx11::basic_string<_CharT, _Traits, _Allocator>[m[K’
[6.464s]   208 |                 std::sort(cloudSortInd + [01;36m[Ksp[m[K, cloudSortInd + ep + 1, comp);
[6.464s]       |                                          [01;36m[K^~[m[K
[6.464s] In file included from [01m[K/usr/include/c++/11/string:56[m[K,
[6.464s]                  from [01m[K/home/evan/code/ndt-loc/src/a-loam/include/a-loam/ScanRegistration.hpp:6[m[K,
[6.464s]                  from [01m[K/home/evan/code/ndt-loc/src/a-loam/src/ScanRegistrationNode.cpp:1[m[K:
[6.464s] [01m[K/usr/include/c++/11/bits/basic_string.tcc:1169:5:[m[K [01;36m[Knote: [m[Kcandidate: ‘[01m[Ktemplate<class _CharT, class _Traits, class _Alloc> std::__cxx11::basic_string<_CharT, _Traits, _Allocator> std::operator+(const _CharT*, const std::__cxx11::basic_string<_CharT, _Traits, _Allocator>&)[m[K’
[6.465s]  1169 |     [01;36m[Koperator[m[K+(const _CharT* __lhs,
[6.465s]       |     [01;36m[K^~~~~~~~[m[K
[6.465s] [01m[K/usr/include/c++/11/bits/basic_string.tcc:1169:5:[m[K [01;36m[Knote: [m[K  template argument deduction/substitution failed:
[6.465s] In file included from [01m[K/home/evan/code/ndt-loc/src/a-loam/src/ScanRegistrationNode.cpp:1[m[K:
[6.465s] [01m[K/home/evan/code/ndt-loc/src/a-loam/include/a-loam/ScanRegistration.hpp:208:42:[m[K [01;36m[Knote: [m[K  mismatched types ‘[01m[Kconst _CharT*[m[K’ and ‘[01m[Kstd::vector<int, std::allocator<int> >[m[K’
[6.465s]   208 |                 std::sort(cloudSortInd + [01;36m[Ksp[m[K, cloudSortInd + ep + 1, comp);
[6.465s]       |                                          [01;36m[K^~[m[K
[6.465s] In file included from [01m[K/usr/include/c++/11/string:56[m[K,
[6.465s]                  from [01m[K/home/evan/code/ndt-loc/src/a-loam/include/a-loam/ScanRegistration.hpp:6[m[K,
[6.465s]                  from [01m[K/home/evan/code/ndt-loc/src/a-loam/src/ScanRegistrationNode.cpp:1[m[K:
[6.465s] [01m[K/usr/include/c++/11/bits/basic_string.tcc:1189:5:[m[K [01;36m[Knote: [m[Kcandidate: ‘[01m[Ktemplate<class _CharT, class _Traits, class _Alloc> std::__cxx11::basic_string<_CharT, _Traits, _Allocator> std::operator+(_CharT, const std::__cxx11::basic_string<_CharT, _Traits, _Allocator>&)[m[K’
[6.465s]  1189 |     [01;36m[Koperator[m[K+(_CharT __lhs, const basic_string<_CharT, _Traits, _Alloc>& __rhs)
[6.465s]       |     [01;36m[K^~~~~~~~[m[K
[6.465s] [01m[K/usr/include/c++/11/bits/basic_string.tcc:1189:5:[m[K [01;36m[Knote: [m[K  template argument deduction/substitution failed:
[6.466s] In file included from [01m[K/home/evan/code/ndt-loc/src/a-loam/src/ScanRegistrationNode.cpp:1[m[K:
[6.466s] [01m[K/home/evan/code/ndt-loc/src/a-loam/include/a-loam/ScanRegistration.hpp:208:42:[m[K [01;36m[Knote: [m[K  mismatched types ‘[01m[Kconst std::__cxx11::basic_string<_CharT, _Traits, _Allocator>[m[K’ and ‘[01m[Kint[m[K’
[6.466s]   208 |                 std::sort(cloudSortInd + [01;36m[Ksp[m[K, cloudSortInd + ep + 1, comp);
[6.466s]       |                                          [01;36m[K^~[m[K
[6.466s] In file included from [01m[K/usr/include/c++/11/string:55[m[K,
[6.466s]                  from [01m[K/home/evan/code/ndt-loc/src/a-loam/include/a-loam/ScanRegistration.hpp:6[m[K,
[6.466s]                  from [01m[K/home/evan/code/ndt-loc/src/a-loam/src/ScanRegistrationNode.cpp:1[m[K:
[6.466s] [01m[K/usr/include/c++/11/bits/basic_string.h:6132:5:[m[K [01;36m[Knote: [m[Kcandidate: ‘[01m[Ktemplate<class _CharT, class _Traits, class _Alloc> std::__cxx11::basic_string<_CharT, _Traits, _Allocator> std::operator+(const std::__cxx11::basic_string<_CharT, _Traits, _Allocator>&, const _CharT*)[m[K’
[6.466s]  6132 |     [01;36m[Koperator[m[K+(const basic_string<_CharT, _Traits, _Alloc>& __lhs,
[6.466s]       |     [01;36m[K^~~~~~~~[m[K
[6.466s] [01m[K/usr/include/c++/11/bits/basic_string.h:6132:5:[m[K [01;36m[Knote: [m[K  template argument deduction/substitution failed:
[6.466s] In file included from [01m[K/home/evan/code/ndt-loc/src/a-loam/src/ScanRegistrationNode.cpp:1[m[K:
[6.466s] [01m[K/home/evan/code/ndt-loc/src/a-loam/include/a-loam/ScanRegistration.hpp:208:42:[m[K [01;36m[Knote: [m[K  ‘[01m[Kstd::vector<int, std::allocator<int> >[m[K’ is not derived from ‘[01m[Kconst std::__cxx11::basic_string<_CharT, _Traits, _Allocator>[m[K’
[6.466s]   208 |                 std::sort(cloudSortInd + [01;36m[Ksp[m[K, cloudSortInd + ep + 1, comp);
[6.467s]       |                                          [01;36m[K^~[m[K
[6.467s] In file included from [01m[K/usr/include/c++/11/string:55[m[K,
[6.467s]                  from [01m[K/home/evan/code/ndt-loc/src/a-loam/include/a-loam/ScanRegistration.hpp:6[m[K,
[6.467s]                  from [01m[K/home/evan/code/ndt-loc/src/a-loam/src/ScanRegistrationNode.cpp:1[m[K:
[6.469s] [01m[K/usr/include/c++/11/bits/basic_string.h:6148:5:[m[K [01;36m[Knote: [m[Kcandidate: ‘[01m[Ktemplate<class _CharT, class _Traits, class _Alloc> std::__cxx11::basic_string<_CharT, _Traits, _Allocator> std::operator+(const std::__cxx11::basic_string<_CharT, _Traits, _Allocator>&, _CharT)[m[K’
[6.469s]  6148 |     [01;36m[Koperator[m[K+(const basic_string<_CharT, _Traits, _Alloc>& __lhs, _CharT __rhs)
[6.469s]       |     [01;36m[K^~~~~~~~[m[K
[6.469s] [01m[K/usr/include/c++/11/bits/basic_string.h:6148:5:[m[K [01;36m[Knote: [m[K  template argument deduction/substitution failed:
[6.469s] In file included from [01m[K/home/evan/code/ndt-loc/src/a-loam/src/ScanRegistrationNode.cpp:1[m[K:
[6.469s] [01m[K/home/evan/code/ndt-loc/src/a-loam/include/a-loam/ScanRegistration.hpp:208:42:[m[K [01;36m[Knote: [m[K  ‘[01m[Kstd::vector<int, std::allocator<int> >[m[K’ is not derived from ‘[01m[Kconst std::__cxx11::basic_string<_CharT, _Traits, _Allocator>[m[K’
[6.469s]   208 |                 std::sort(cloudSortInd + [01;36m[Ksp[m[K, cloudSortInd + ep + 1, comp);
[6.469s]       |                                          [01;36m[K^~[m[K
[6.469s] In file included from [01m[K/usr/include/c++/11/string:55[m[K,
[6.469s]                  from [01m[K/home/evan/code/ndt-loc/src/a-loam/include/a-loam/ScanRegistration.hpp:6[m[K,
[6.469s]                  from [01m[K/home/evan/code/ndt-loc/src/a-loam/src/ScanRegistrationNode.cpp:1[m[K:
[6.469s] [01m[K/usr/include/c++/11/bits/basic_string.h:6160:5:[m[K [01;36m[Knote: [m[Kcandidate: ‘[01m[Ktemplate<class _CharT, class _Traits, class _Alloc> std::__cxx11::basic_string<_CharT, _Traits, _Allocator> std::operator+(std::__cxx11::basic_string<_CharT, _Traits, _Allocator>&&, const std::__cxx11::basic_string<_CharT, _Traits, _Allocator>&)[m[K’
[6.470s]  6160 |     [01;36m[Koperator[m[K+(basic_string<_CharT, _Traits, _Alloc>&& __lhs,
[6.470s]       |     [01;36m[K^~~~~~~~[m[K
[6.470s] [01m[K/usr/include/c++/11/bits/basic_string.h:6160:5:[m[K [01;36m[Knote: [m[K  template argument deduction/substitution failed:
[6.470s] In file included from [01m[K/home/evan/code/ndt-loc/src/a-loam/src/ScanRegistrationNode.cpp:1[m[K:
[6.470s] [01m[K/home/evan/code/ndt-loc/src/a-loam/include/a-loam/ScanRegistration.hpp:208:42:[m[K [01;36m[Knote: [m[K  ‘[01m[Kstd::vector<int, std::allocator<int> >[m[K’ is not derived from ‘[01m[Kstd::__cxx11::basic_string<_CharT, _Traits, _Allocator>[m[K’
[6.470s]   208 |                 std::sort(cloudSortInd + [01;36m[Ksp[m[K, cloudSortInd + ep + 1, comp);
[6.472s]       |                                          [01;36m[K^~[m[K
[6.472s] In file included from [01m[K/usr/include/c++/11/string:55[m[K,
[6.472s]                  from [01m[K/home/evan/code/ndt-loc/src/a-loam/include/a-loam/ScanRegistration.hpp:6[m[K,
[6.472s]                  from [01m[K/home/evan/code/ndt-loc/src/a-loam/src/ScanRegistrationNode.cpp:1[m[K:
[6.473s] [01m[K/usr/include/c++/11/bits/basic_string.h:6166:5:[m[K [01;36m[Knote: [m[Kcandidate: ‘[01m[Ktemplate<class _CharT, class _Traits, class _Alloc> std::__cxx11::basic_string<_CharT, _Traits, _Allocator> std::operator+(const std::__cxx11::basic_string<_CharT, _Traits, _Allocator>&, std::__cxx11::basic_string<_CharT, _Traits, _Allocator>&&)[m[K’
[6.473s]  6166 |     [01;36m[Koperator[m[K+(const basic_string<_CharT, _Traits, _Alloc>& __lhs,
[6.473s]       |     [01;36m[K^~~~~~~~[m[K
[6.473s] [01m[K/usr/include/c++/11/bits/basic_string.h:6166:5:[m[K [01;36m[Knote: [m[K  template argument deduction/substitution failed:
[6.473s] In file included from [01m[K/home/evan/code/ndt-loc/src/a-loam/src/ScanRegistrationNode.cpp:1[m[K:
[6.473s] [01m[K/home/evan/code/ndt-loc/src/a-loam/include/a-loam/ScanRegistration.hpp:208:42:[m[K [01;36m[Knote: [m[K  ‘[01m[Kstd::vector<int, std::allocator<int> >[m[K’ is not derived from ‘[01m[Kconst std::__cxx11::basic_string<_CharT, _Traits, _Allocator>[m[K’
[6.473s]   208 |                 std::sort(cloudSortInd + [01;36m[Ksp[m[K, cloudSortInd + ep + 1, comp);
[6.473s]       |                                          [01;36m[K^~[m[K
[6.473s] In file included from [01m[K/usr/include/c++/11/string:55[m[K,
[6.473s]                  from [01m[K/home/evan/code/ndt-loc/src/a-loam/include/a-loam/ScanRegistration.hpp:6[m[K,
[6.473s]                  from [01m[K/home/evan/code/ndt-loc/src/a-loam/src/ScanRegistrationNode.cpp:1[m[K:
[6.473s] [01m[K/usr/include/c++/11/bits/basic_string.h:6172:5:[m[K [01;36m[Knote: [m[Kcandidate: ‘[01m[Ktemplate<class _CharT, class _Traits, class _Alloc> std::__cxx11::basic_string<_CharT, _Traits, _Allocator> std::operator+(std::__cxx11::basic_string<_CharT, _Traits, _Allocator>&&, std::__cxx11::basic_string<_CharT, _Traits, _Allocator>&&)[m[K’
[6.473s]  6172 |     [01;36m[Koperator[m[K+(basic_string<_CharT, _Traits, _Alloc>&& __lhs,
[6.473s]       |     [01;36m[K^~~~~~~~[m[K
[6.474s] [01m[K/usr/include/c++/11/bits/basic_string.h:6172:5:[m[K [01;36m[Knote: [m[K  template argument deduction/substitution failed:
[6.474s] In file included from [01m[K/home/evan/code/ndt-loc/src/a-loam/src/ScanRegistrationNode.cpp:1[m[K:
[6.474s] [01m[K/home/evan/code/ndt-loc/src/a-loam/include/a-loam/ScanRegistration.hpp:208:42:[m[K [01;36m[Knote: [m[K  ‘[01m[Kstd::vector<int, std::allocator<int> >[m[K’ is not derived from ‘[01m[Kstd::__cxx11::basic_string<_CharT, _Traits, _Allocator>[m[K’
[6.475s]   208 |                 std::sort(cloudSortInd + [01;36m[Ksp[m[K, cloudSortInd + ep + 1, comp);
[6.475s]       |                                          [01;36m[K^~[m[K
[6.475s] In file included from [01m[K/usr/include/c++/11/string:55[m[K,
[6.475s]                  from [01m[K/home/evan/code/ndt-loc/src/a-loam/include/a-loam/ScanRegistration.hpp:6[m[K,
[6.475s]                  from [01m[K/home/evan/code/ndt-loc/src/a-loam/src/ScanRegistrationNode.cpp:1[m[K:
[6.475s] [01m[K/usr/include/c++/11/bits/basic_string.h:6194:5:[m[K [01;36m[Knote: [m[Kcandidate: ‘[01m[Ktemplate<class _CharT, class _Traits, class _Alloc> std::__cxx11::basic_string<_CharT, _Traits, _Allocator> std::operator+(const _CharT*, std::__cxx11::basic_string<_CharT, _Traits, _Allocator>&&)[m[K’
[6.475s]  6194 |     [01;36m[Koperator[m[K+(const _CharT* __lhs,
[6.475s]       |     [01;36m[K^~~~~~~~[m[K
[6.475s] [01m[K/usr/include/c++/11/bits/basic_string.h:6194:5:[m[K [01;36m[Knote: [m[K  template argument deduction/substitution failed:
[6.475s] In file included from [01m[K/home/evan/code/ndt-loc/src/a-loam/src/ScanRegistrationNode.cpp:1[m[K:
[6.475s] [01m[K/home/evan/code/ndt-loc/src/a-loam/include/a-loam/ScanRegistration.hpp:208:42:[m[K [01;36m[Knote: [m[K  mismatched types ‘[01m[Kconst _CharT*[m[K’ and ‘[01m[Kstd::vector<int, std::allocator<int> >[m[K’
[6.476s]   208 |                 std::sort(cloudSortInd + [01;36m[Ksp[m[K, cloudSortInd + ep + 1, comp);
[6.476s]       |                                          [01;36m[K^~[m[K
[6.476s] In file included from [01m[K/usr/include/c++/11/string:55[m[K,
[6.476s]                  from [01m[K/home/evan/code/ndt-loc/src/a-loam/include/a-loam/ScanRegistration.hpp:6[m[K,
[6.476s]                  from [01m[K/home/evan/code/ndt-loc/src/a-loam/src/ScanRegistrationNode.cpp:1[m[K:
[6.476s] [01m[K/usr/include/c++/11/bits/basic_string.h:6200:5:[m[K [01;36m[Knote: [m[Kcandidate: ‘[01m[Ktemplate<class _CharT, class _Traits, class _Alloc> std::__cxx11::basic_string<_CharT, _Traits, _Allocator> std::operator+(_CharT, std::__cxx11::basic_string<_CharT, _Traits, _Allocator>&&)[m[K’
[6.476s]  6200 |     [01;36m[Koperator[m[K+(_CharT __lhs,
[6.476s]       |     [01;36m[K^~~~~~~~[m[K
[6.476s] [01m[K/usr/include/c++/11/bits/basic_string.h:6200:5:[m[K [01;36m[Knote: [m[K  template argument deduction/substitution failed:
[6.476s] In file included from [01m[K/home/evan/code/ndt-loc/src/a-loam/src/ScanRegistrationNode.cpp:1[m[K:
[6.476s] [01m[K/home/evan/code/ndt-loc/src/a-loam/include/a-loam/ScanRegistration.hpp:208:42:[m[K [01;36m[Knote: [m[K  mismatched types ‘[01m[Kstd::__cxx11::basic_string<_CharT, _Traits, _Allocator>[m[K’ and ‘[01m[Kint[m[K’
[6.476s]   208 |                 std::sort(cloudSortInd + [01;36m[Ksp[m[K, cloudSortInd + ep + 1, comp);
[6.476s]       |                                          [01;36m[K^~[m[K
[6.476s] In file included from [01m[K/usr/include/c++/11/string:55[m[K,
[6.477s]                  from [01m[K/home/evan/code/ndt-loc/src/a-loam/include/a-loam/ScanRegistration.hpp:6[m[K,
[6.477s]                  from [01m[K/home/evan/code/ndt-loc/src/a-loam/src/ScanRegistrationNode.cpp:1[m[K:
[6.477s] [01m[K/usr/include/c++/11/bits/basic_string.h:6206:5:[m[K [01;36m[Knote: [m[Kcandidate: ‘[01m[Ktemplate<class _CharT, class _Traits, class _Alloc> std::__cxx11::basic_string<_CharT, _Traits, _Allocator> std::operator+(std::__cxx11::basic_string<_CharT, _Traits, _Allocator>&&, const _CharT*)[m[K’
[6.477s]  6206 |     [01;36m[Koperator[m[K+(basic_string<_CharT, _Traits, _Alloc>&& __lhs,
[6.477s]       |     [01;36m[K^~~~~~~~[m[K
[6.477s] [01m[K/usr/include/c++/11/bits/basic_string.h:6206:5:[m[K [01;36m[Knote: [m[K  template argument deduction/substitution failed:
[6.477s] In file included from [01m[K/home/evan/code/ndt-loc/src/a-loam/src/ScanRegistrationNode.cpp:1[m[K:
[6.477s] [01m[K/home/evan/code/ndt-loc/src/a-loam/include/a-loam/ScanRegistration.hpp:208:42:[m[K [01;36m[Knote: [m[K  ‘[01m[Kstd::vector<int, std::allocator<int> >[m[K’ is not derived from ‘[01m[Kstd::__cxx11::basic_string<_CharT, _Traits, _Allocator>[m[K’
[6.477s]   208 |                 std::sort(cloudSortInd + [01;36m[Ksp[m[K, cloudSortInd + ep + 1, comp);
[6.477s]       |                                          [01;36m[K^~[m[K
[6.477s] In file included from [01m[K/usr/include/c++/11/string:55[m[K,
[6.477s]                  from [01m[K/home/evan/code/ndt-loc/src/a-loam/include/a-loam/ScanRegistration.hpp:6[m[K,
[6.478s]                  from [01m[K/home/evan/code/ndt-loc/src/a-loam/src/ScanRegistrationNode.cpp:1[m[K:
[6.478s] [01m[K/usr/include/c++/11/bits/basic_string.h:6212:5:[m[K [01;36m[Knote: [m[Kcandidate: ‘[01m[Ktemplate<class _CharT, class _Traits, class _Alloc> std::__cxx11::basic_string<_CharT, _Traits, _Allocator> std::operator+(std::__cxx11::basic_string<_CharT, _Traits, _Allocator>&&, _CharT)[m[K’
[6.478s]  6212 |     [01;36m[Koperator[m[K+(basic_string<_CharT, _Traits, _Alloc>&& __lhs,
[6.478s]       |     [01;36m[K^~~~~~~~[m[K
[6.478s] [01m[K/usr/include/c++/11/bits/basic_string.h:6212:5:[m[K [01;36m[Knote: [m[K  template argument deduction/substitution failed:
[6.478s] In file included from [01m[K/home/evan/code/ndt-loc/src/a-loam/src/ScanRegistrationNode.cpp:1[m[K:
[6.478s] [01m[K/home/evan/code/ndt-loc/src/a-loam/include/a-loam/ScanRegistration.hpp:208:42:[m[K [01;36m[Knote: [m[K  ‘[01m[Kstd::vector<int, std::allocator<int> >[m[K’ is not derived from ‘[01m[Kstd::__cxx11::basic_string<_CharT, _Traits, _Allocator>[m[K’
[6.478s]   208 |                 std::sort(cloudSortInd + [01;36m[Ksp[m[K, cloudSortInd + ep + 1, comp);
[6.478s]       |                                          [01;36m[K^~[m[K
[6.478s] In file included from [01m[K/usr/include/eigen3/Eigen/Core:50[m[K,
[6.478s]                  from [01m[K/usr/include/eigen3/Eigen/StdVector:14[m[K,
[6.478s]                  from [01m[K/usr/include/pcl-1.12/pcl/point_cloud.h:45[m[K,
[6.478s]                  from [01m[K/home/evan/code/ndt-loc/src/a-loam/include/a-loam/ScanRegistration.hpp:9[m[K,
[6.478s]                  from [01m[K/home/evan/code/ndt-loc/src/a-loam/src/ScanRegistrationNode.cpp:1[m[K:
[6.479s] [01m[K/usr/include/c++/11/complex:332:5:[m[K [01;36m[Knote: [m[Kcandidate: ‘[01m[Ktemplate<class _Tp> std::complex<_Tp> std::operator+(const std::complex<_Tp>&, const std::complex<_Tp>&)[m[K’
[6.479s]   332 |     [01;36m[Koperator[m[K+(const complex<_Tp>& __x, const complex<_Tp>& __y)
[6.479s]       |     [01;36m[K^~~~~~~~[m[K
[6.479s] [01m[K/usr/include/c++/11/complex:332:5:[m[K [01;36m[Knote: [m[K  template argument deduction/substitution failed:
[6.479s] In file included from [01m[K/home/evan/code/ndt-loc/src/a-loam/src/ScanRegistrationNode.cpp:1[m[K:
[6.479s] [01m[K/home/evan/code/ndt-loc/src/a-loam/include/a-loam/ScanRegistration.hpp:208:42:[m[K [01;36m[Knote: [m[K  ‘[01m[Kstd::vector<int, std::allocator<int> >[m[K’ is not derived from ‘[01m[Kconst std::complex<_Tp>[m[K’
[6.479s]   208 |                 std::sort(cloudSortInd + [01;36m[Ksp[m[K, cloudSortInd + ep + 1, comp);
[6.479s]       |                                          [01;36m[K^~[m[K
[6.479s] In file included from [01m[K/usr/include/eigen3/Eigen/Core:50[m[K,
[6.479s]                  from [01m[K/usr/include/eigen3/Eigen/StdVector:14[m[K,
[6.479s]                  from [01m[K/usr/include/pcl-1.12/pcl/point_cloud.h:45[m[K,
[6.479s]                  from [01m[K/home/evan/code/ndt-loc/src/a-loam/include/a-loam/ScanRegistration.hpp:9[m[K,
[6.479s]                  from [01m[K/home/evan/code/ndt-loc/src/a-loam/src/ScanRegistrationNode.cpp:1[m[K:
[6.480s] [01m[K/usr/include/c++/11/complex:341:5:[m[K [01;36m[Knote: [m[Kcandidate: ‘[01m[Ktemplate<class _Tp> std::complex<_Tp> std::operator+(const std::complex<_Tp>&, const _Tp&)[m[K’
[6.480s]   341 |     [01;36m[Koperator[m[K+(const complex<_Tp>& __x, const _Tp& __y)
[6.480s]       |     [01;36m[K^~~~~~~~[m[K
[6.480s] [01m[K/usr/include/c++/11/complex:341:5:[m[K [01;36m[Knote: [m[K  template argument deduction/substitution failed:
[6.480s] In file included from [01m[K/home/evan/code/ndt-loc/src/a-loam/src/ScanRegistrationNode.cpp:1[m[K:
[6.481s] [01m[K/home/evan/code/ndt-loc/src/a-loam/include/a-loam/ScanRegistration.hpp:208:42:[m[K [01;36m[Knote: [m[K  ‘[01m[Kstd::vector<int, std::allocator<int> >[m[K’ is not derived from ‘[01m[Kconst std::complex<_Tp>[m[K’
[6.481s]   208 |                 std::sort(cloudSortInd + [01;36m[Ksp[m[K, cloudSortInd + ep + 1, comp);
[6.481s]       |                                          [01;36m[K^~[m[K
[6.481s] In file included from [01m[K/usr/include/eigen3/Eigen/Core:50[m[K,
[6.481s]                  from [01m[K/usr/include/eigen3/Eigen/StdVector:14[m[K,
[6.482s]                  from [01m[K/usr/include/pcl-1.12/pcl/point_cloud.h:45[m[K,
[6.482s]                  from [01m[K/home/evan/code/ndt-loc/src/a-loam/include/a-loam/ScanRegistration.hpp:9[m[K,
[6.482s]                  from [01m[K/home/evan/code/ndt-loc/src/a-loam/src/ScanRegistrationNode.cpp:1[m[K:
[6.482s] [01m[K/usr/include/c++/11/complex:350:5:[m[K [01;36m[Knote: [m[Kcandidate: ‘[01m[Ktemplate<class _Tp> std::complex<_Tp> std::operator+(const _Tp&, const std::complex<_Tp>&)[m[K’
[6.482s]   350 |     [01;36m[Koperator[m[K+(const _Tp& __x, const complex<_Tp>& __y)
[6.482s]       |     [01;36m[K^~~~~~~~[m[K
[6.482s] [01m[K/usr/include/c++/11/complex:350:5:[m[K [01;36m[Knote: [m[K  template argument deduction/substitution failed:
[6.482s] In file included from [01m[K/home/evan/code/ndt-loc/src/a-loam/src/ScanRegistrationNode.cpp:1[m[K:
[6.483s] [01m[K/home/evan/code/ndt-loc/src/a-loam/include/a-loam/ScanRegistration.hpp:208:42:[m[K [01;36m[Knote: [m[K  mismatched types ‘[01m[Kconst std::complex<_Tp>[m[K’ and ‘[01m[Kint[m[K’
[6.483s]   208 |                 std::sort(cloudSortInd + [01;36m[Ksp[m[K, cloudSortInd + ep + 1, comp);
[6.483s]       |                                          [01;36m[K^~[m[K
[6.483s] In file included from [01m[K/usr/include/eigen3/Eigen/Core:50[m[K,
[6.483s]                  from [01m[K/usr/include/eigen3/Eigen/StdVector:14[m[K,
[6.483s]                  from [01m[K/usr/include/pcl-1.12/pcl/point_cloud.h:45[m[K,
[6.484s]                  from [01m[K/home/evan/code/ndt-loc/src/a-loam/include/a-loam/ScanRegistration.hpp:9[m[K,
[6.484s]                  from [01m[K/home/evan/code/ndt-loc/src/a-loam/src/ScanRegistrationNode.cpp:1[m[K:
[6.484s] [01m[K/usr/include/c++/11/complex:451:5:[m[K [01;36m[Knote: [m[Kcandidate: ‘[01m[Ktemplate<class _Tp> std::complex<_Tp> std::operator+(const std::complex<_Tp>&)[m[K’
[6.484s]   451 |     [01;36m[Koperator[m[K+(const complex<_Tp>& __x)
[6.484s]       |     [01;36m[K^~~~~~~~[m[K
[6.484s] [01m[K/usr/include/c++/11/complex:451:5:[m[K [01;36m[Knote: [m[K  template argument deduction/substitution failed:
[6.484s] In file included from [01m[K/home/evan/code/ndt-loc/src/a-loam/src/ScanRegistrationNode.cpp:1[m[K:
[6.484s] [01m[K/home/evan/code/ndt-loc/src/a-loam/include/a-loam/ScanRegistration.hpp:208:42:[m[K [01;36m[Knote: [m[K  ‘[01m[Kstd::vector<int, std::allocator<int> >[m[K’ is not derived from ‘[01m[Kconst std::complex<_Tp>[m[K’
[6.484s]   208 |                 std::sort(cloudSortInd + [01;36m[Ksp[m[K, cloudSortInd + ep + 1, comp);
[6.484s]       |                                          [01;36m[K^~[m[K
[6.484s] [01m[K/home/evan/code/ndt-loc/src/a-loam/include/a-loam/ScanRegistration.hpp:208:59:[m[K [01;31m[Kerror: [m[Kno match for ‘[01m[Koperator+[m[K’ (operand types are ‘[01m[Kstd::vector<int, std::allocator<int> >[m[K’ and ‘[01m[Kint[m[K’)
[6.484s]   208 |                 std::sort(cloudSortInd + sp, [32m[KcloudSortInd[m[K [01;31m[K+[m[K [34m[Kep[m[K + 1, comp);
[6.484s]       |                                              [32m[K~~~~~~~~~~~~[m[K [01;31m[K^[m[K [34m[K~~[m[K
[6.485s]       |                                              [32m[K|[m[K              [34m[K|[m[K
[6.485s]       |                                              [32m[K|[m[K              [34m[Kint[m[K
[6.485s]       |                                              [32m[Kstd::vector<int, std::allocator<int> >[m[K
[6.485s] In file included from [01m[K/usr/include/c++/11/bits/stl_algobase.h:67[m[K,
[6.485s]                  from [01m[K/usr/include/c++/11/bits/specfun.h:45[m[K,
[6.485s]                  from [01m[K/usr/include/c++/11/cmath:1935[m[K,
[6.485s]                  from [01m[K/home/evan/code/ndt-loc/src/a-loam/include/a-loam/ScanRegistration.hpp:4[m[K,
[6.485s]                  from [01m[K/home/evan/code/ndt-loc/src/a-loam/src/ScanRegistrationNode.cpp:1[m[K:
[6.485s] [01m[K/usr/include/c++/11/bits/stl_iterator.h:1242:5:[m[K [01;36m[Knote: [m[Kcandidate: ‘[01m[Ktemplate<class _Iterator, class _Container> __gnu_cxx::__normal_iterator<_Iterator, _Container> __gnu_cxx::operator+(typename __gnu_cxx::__normal_iterator<_Iterator, _Container>::difference_type, const __gnu_cxx::__normal_iterator<_Iterator, _Container>&)[m[K’
[6.485s]  1242 |     [01;36m[Koperator[m[K+(typename __normal_iterator<_Iterator, _Container>::difference_type
[6.485s]       |     [01;36m[K^~~~~~~~[m[K
[6.485s] [01m[K/usr/include/c++/11/bits/stl_iterator.h:1242:5:[m[K [01;36m[Knote: [m[K  template argument deduction/substitution failed:
[6.485s] In file included from [01m[K/home/evan/code/ndt-loc/src/a-loam/src/ScanRegistrationNode.cpp:1[m[K:
[6.486s] [01m[K/home/evan/code/ndt-loc/src/a-loam/include/a-loam/ScanRegistration.hpp:208:61:[m[K [01;36m[Knote: [m[K  mismatched types ‘[01m[Kconst __gnu_cxx::__normal_iterator<_Iterator, _Container>[m[K’ and ‘[01m[Kint[m[K’
[6.486s]   208 |                 std::sort(cloudSortInd + sp, cloudSortInd + [01;36m[Kep[m[K + 1, comp);
[6.486s]       |                                                             [01;36m[K^~[m[K
[6.486s] In file included from [01m[K/usr/include/c++/11/bits/stl_algobase.h:67[m[K,
[6.486s]                  from [01m[K/usr/include/c++/11/bits/specfun.h:45[m[K,
[6.486s]                  from [01m[K/usr/include/c++/11/cmath:1935[m[K,
[6.486s]                  from [01m[K/home/evan/code/ndt-loc/src/a-loam/include/a-loam/ScanRegistration.hpp:4[m[K,
[6.486s]                  from [01m[K/home/evan/code/ndt-loc/src/a-loam/src/ScanRegistrationNode.cpp:1[m[K:
[6.486s] [01m[K/usr/include/c++/11/bits/stl_iterator.h:568:5:[m[K [01;36m[Knote: [m[Kcandidate: ‘[01m[Ktemplate<class _Iterator> constexpr std::reverse_iterator<_Iterator> std::operator+(typename std::reverse_iterator<_Iterator>::difference_type, const std::reverse_iterator<_Iterator>&)[m[K’
[6.486s]   568 |     [01;36m[Koperator[m[K+(typename reverse_iterator<_Iterator>::difference_type __n,
[6.487s]       |     [01;36m[K^~~~~~~~[m[K
[6.487s] [01m[K/usr/include/c++/11/bits/stl_iterator.h:568:5:[m[K [01;36m[Knote: [m[K  template argument deduction/substitution failed:
[6.487s] In file included from [01m[K/home/evan/code/ndt-loc/src/a-loam/src/ScanRegistrationNode.cpp:1[m[K:
[6.487s] [01m[K/home/evan/code/ndt-loc/src/a-loam/include/a-loam/ScanRegistration.hpp:208:61:[m[K [01;36m[Knote: [m[K  mismatched types ‘[01m[Kconst std::reverse_iterator<_Iterator>[m[K’ and ‘[01m[Kint[m[K’
[6.487s]   208 |                 std::sort(cloudSortInd + sp, cloudSortInd + [01;36m[Kep[m[K + 1, comp);
[6.487s]       |                                                             [01;36m[K^~[m[K
[6.487s] In file included from [01m[K/usr/include/c++/11/bits/stl_algobase.h:67[m[K,
[6.487s]                  from [01m[K/usr/include/c++/11/bits/specfun.h:45[m[K,
[6.488s]                  from [01m[K/usr/include/c++/11/cmath:1935[m[K,
[6.488s]                  from [01m[K/home/evan/code/ndt-loc/src/a-loam/include/a-loam/ScanRegistration.hpp:4[m[K,
[6.488s]                  from [01m[K/home/evan/code/ndt-loc/src/a-loam/src/ScanRegistrationNode.cpp:1[m[K:
[6.488s] [01m[K/usr/include/c++/11/bits/stl_iterator.h:1646:5:[m[K [01;36m[Knote: [m[Kcandidate: ‘[01m[Ktemplate<class _Iterator> constexpr std::move_iterator<_IteratorL> std::operator+(typename std::move_iterator<_IteratorL>::difference_type, const std::move_iterator<_IteratorL>&)[m[K’
[6.488s]  1646 |     [01;36m[Koperator[m[K+(typename move_iterator<_Iterator>::difference_type __n,
[6.488s]       |     [01;36m[K^~~~~~~~[m[K
[6.488s] [01m[K/usr/include/c++/11/bits/stl_iterator.h:1646:5:[m[K [01;36m[Knote: [m[K  template argument deduction/substitution failed:
[6.488s] In file included from [01m[K/home/evan/code/ndt-loc/src/a-loam/src/ScanRegistrationNode.cpp:1[m[K:
[6.488s] [01m[K/home/evan/code/ndt-loc/src/a-loam/include/a-loam/ScanRegistration.hpp:208:61:[m[K [01;36m[Knote: [m[K  mismatched types ‘[01m[Kconst std::move_iterator<_IteratorL>[m[K’ and ‘[01m[Kint[m[K’
[6.488s]   208 |                 std::sort(cloudSortInd + sp, cloudSortInd + [01;36m[Kep[m[K + 1, comp);
[6.488s]       |                                                             [01;36m[K^~[m[K
[6.488s] In file included from [01m[K/usr/include/c++/11/string:55[m[K,
[6.488s]                  from [01m[K/home/evan/code/ndt-loc/src/a-loam/include/a-loam/ScanRegistration.hpp:6[m[K,
[6.489s]                  from [01m[K/home/evan/code/ndt-loc/src/a-loam/src/ScanRegistrationNode.cpp:1[m[K:
[6.489s] [01m[K/usr/include/c++/11/bits/basic_string.h:6095:5:[m[K [01;36m[Knote: [m[Kcandidate: ‘[01m[Ktemplate<class _CharT, class _Traits, class _Alloc> std::__cxx11::basic_string<_CharT, _Traits, _Allocator> std::operator+(const std::__cxx11::basic_string<_CharT, _Traits, _Allocator>&, const std::__cxx11::basic_string<_CharT, _Traits, _Allocator>&)[m[K’
[6.489s]  6095 |     [01;36m[Koperator[m[K+(const basic_string<_CharT, _Traits, _Alloc>& __lhs,
[6.489s]       |     [01;36m[K^~~~~~~~[m[K
[6.489s] [01m[K/usr/include/c++/11/bits/basic_string.h:6095:5:[m[K [01;36m[Knote: [m[K  template argument deduction/substitution failed:
[6.489s] In file included from [01m[K/home/evan/code/ndt-loc/src/a-loam/src/ScanRegistrationNode.cpp:1[m[K:
[6.489s] [01m[K/home/evan/code/ndt-loc/src/a-loam/include/a-loam/ScanRegistration.hpp:208:61:[m[K [01;36m[Knote: [m[K  ‘[01m[Kstd::vector<int, std::allocator<int> >[m[K’ is not derived from ‘[01m[Kconst std::__cxx11::basic_string<_CharT, _Traits, _Allocator>[m[K’
[6.489s]   208 |                 std::sort(cloudSortInd + sp, cloudSortInd + [01;36m[Kep[m[K + 1, comp);
[6.489s]       |                                                             [01;36m[K^~[m[K
[6.489s] In file included from [01m[K/usr/include/c++/11/string:56[m[K,
[6.489s]                  from [01m[K/home/evan/code/ndt-loc/src/a-loam/include/a-loam/ScanRegistration.hpp:6[m[K,
[6.489s]                  from [01m[K/home/evan/code/ndt-loc/src/a-loam/src/ScanRegistrationNode.cpp:1[m[K:
[6.489s] [01m[K/usr/include/c++/11/bits/basic_string.tcc:1169:5:[m[K [01;36m[Knote: [m[Kcandidate: ‘[01m[Ktemplate<class _CharT, class _Traits, class _Alloc> std::__cxx11::basic_string<_CharT, _Traits, _Allocator> std::operator+(const _CharT*, const std::__cxx11::basic_string<_CharT, _Traits, _Allocator>&)[m[K’
[6.489s]  1169 |     [01;36m[Koperator[m[K+(const _CharT* __lhs,
[6.489s]       |     [01;36m[K^~~~~~~~[m[K
[6.490s] [01m[K/usr/include/c++/11/bits/basic_string.tcc:1169:5:[m[K [01;36m[Knote: [m[K  template argument deduction/substitution failed:
[6.490s] In file included from [01m[K/home/evan/code/ndt-loc/src/a-loam/src/ScanRegistrationNode.cpp:1[m[K:
[6.490s] [01m[K/home/evan/code/ndt-loc/src/a-loam/include/a-loam/ScanRegistration.hpp:208:61:[m[K [01;36m[Knote: [m[K  mismatched types ‘[01m[Kconst _CharT*[m[K’ and ‘[01m[Kstd::vector<int, std::allocator<int> >[m[K’
[6.490s]   208 |                 std::sort(cloudSortInd + sp, cloudSortInd + [01;36m[Kep[m[K + 1, comp);
[6.490s]       |                                                             [01;36m[K^~[m[K
[6.490s] In file included from [01m[K/usr/include/c++/11/string:56[m[K,
[6.490s]                  from [01m[K/home/evan/code/ndt-loc/src/a-loam/include/a-loam/ScanRegistration.hpp:6[m[K,
[6.490s]                  from [01m[K/home/evan/code/ndt-loc/src/a-loam/src/ScanRegistrationNode.cpp:1[m[K:
[6.490s] [01m[K/usr/include/c++/11/bits/basic_string.tcc:1189:5:[m[K [01;36m[Knote: [m[Kcandidate: ‘[01m[Ktemplate<class _CharT, class _Traits, class _Alloc> std::__cxx11::basic_string<_CharT, _Traits, _Allocator> std::operator+(_CharT, const std::__cxx11::basic_string<_CharT, _Traits, _Allocator>&)[m[K’
[6.490s]  1189 |     [01;36m[Koperator[m[K+(_CharT __lhs, const basic_string<_CharT, _Traits, _Alloc>& __rhs)
[6.490s]       |     [01;36m[K^~~~~~~~[m[K
[6.490s] [01m[K/usr/include/c++/11/bits/basic_string.tcc:1189:5:[m[K [01;36m[Knote: [m[K  template argument deduction/substitution failed:
[6.490s] In file included from [01m[K/home/evan/code/ndt-loc/src/a-loam/src/ScanRegistrationNode.cpp:1[m[K:
[6.490s] [01m[K/home/evan/code/ndt-loc/src/a-loam/include/a-loam/ScanRegistration.hpp:208:61:[m[K [01;36m[Knote: [m[K  mismatched types ‘[01m[Kconst std::__cxx11::basic_string<_CharT, _Traits, _Allocator>[m[K’ and ‘[01m[Kint[m[K’
[6.491s]   208 |                 std::sort(cloudSortInd + sp, cloudSortInd + [01;36m[Kep[m[K + 1, comp);
[6.491s]       |                                                             [01;36m[K^~[m[K
[6.491s] In file included from [01m[K/usr/include/c++/11/string:55[m[K,
[6.491s]                  from [01m[K/home/evan/code/ndt-loc/src/a-loam/include/a-loam/ScanRegistration.hpp:6[m[K,
[6.491s]                  from [01m[K/home/evan/code/ndt-loc/src/a-loam/src/ScanRegistrationNode.cpp:1[m[K:
[6.491s] [01m[K/usr/include/c++/11/bits/basic_string.h:6132:5:[m[K [01;36m[Knote: [m[Kcandidate: ‘[01m[Ktemplate<class _CharT, class _Traits, class _Alloc> std::__cxx11::basic_string<_CharT, _Traits, _Allocator> std::operator+(const std::__cxx11::basic_string<_CharT, _Traits, _Allocator>&, const _CharT*)[m[K’
[6.491s]  6132 |     [01;36m[Koperator[m[K+(const basic_string<_CharT, _Traits, _Alloc>& __lhs,
[6.491s]       |     [01;36m[K^~~~~~~~[m[K
[6.491s] [01m[K/usr/include/c++/11/bits/basic_string.h:6132:5:[m[K [01;36m[Knote: [m[K  template argument deduction/substitution failed:
[6.491s] In file included from [01m[K/home/evan/code/ndt-loc/src/a-loam/src/ScanRegistrationNode.cpp:1[m[K:
[6.491s] [01m[K/home/evan/code/ndt-loc/src/a-loam/include/a-loam/ScanRegistration.hpp:208:61:[m[K [01;36m[Knote: [m[K  ‘[01m[Kstd::vector<int, std::allocator<int> >[m[K’ is not derived from ‘[01m[Kconst std::__cxx11::basic_string<_CharT, _Traits, _Allocator>[m[K’
[6.491s]   208 |                 std::sort(cloudSortInd + sp, cloudSortInd + [01;36m[Kep[m[K + 1, comp);
[6.491s]       |                                                             [01;36m[K^~[m[K
[6.492s] In file included from [01m[K/usr/include/c++/11/string:55[m[K,
[6.492s]                  from [01m[K/home/evan/code/ndt-loc/src/a-loam/include/a-loam/ScanRegistration.hpp:6[m[K,
[6.492s]                  from [01m[K/home/evan/code/ndt-loc/src/a-loam/src/ScanRegistrationNode.cpp:1[m[K:
[6.492s] [01m[K/usr/include/c++/11/bits/basic_string.h:6148:5:[m[K [01;36m[Knote: [m[Kcandidate: ‘[01m[Ktemplate<class _CharT, class _Traits, class _Alloc> std::__cxx11::basic_string<_CharT, _Traits, _Allocator> std::operator+(const std::__cxx11::basic_string<_CharT, _Traits, _Allocator>&, _CharT)[m[K’
[6.492s]  6148 |     [01;36m[Koperator[m[K+(const basic_string<_CharT, _Traits, _Alloc>& __lhs, _CharT __rhs)
[6.492s]       |     [01;36m[K^~~~~~~~[m[K
[6.492s] [01m[K/usr/include/c++/11/bits/basic_string.h:6148:5:[m[K [01;36m[Knote: [m[K  template argument deduction/substitution failed:
[6.492s] In file included from [01m[K/home/evan/code/ndt-loc/src/a-loam/src/ScanRegistrationNode.cpp:1[m[K:
[6.492s] [01m[K/home/evan/code/ndt-loc/src/a-loam/include/a-loam/ScanRegistration.hpp:208:61:[m[K [01;36m[Knote: [m[K  ‘[01m[Kstd::vector<int, std::allocator<int> >[m[K’ is not derived from ‘[01m[Kconst std::__cxx11::basic_string<_CharT, _Traits, _Allocator>[m[K’
[6.492s]   208 |                 std::sort(cloudSortInd + sp, cloudSortInd + [01;36m[Kep[m[K + 1, comp);
[6.492s]       |                                                             [01;36m[K^~[m[K
[6.492s] In file included from [01m[K/usr/include/c++/11/string:55[m[K,
[6.492s]                  from [01m[K/home/evan/code/ndt-loc/src/a-loam/include/a-loam/ScanRegistration.hpp:6[m[K,
[6.492s]                  from [01m[K/home/evan/code/ndt-loc/src/a-loam/src/ScanRegistrationNode.cpp:1[m[K:
[6.492s] [01m[K/usr/include/c++/11/bits/basic_string.h:6160:5:[m[K [01;36m[Knote: [m[Kcandidate: ‘[01m[Ktemplate<class _CharT, class _Traits, class _Alloc> std::__cxx11::basic_string<_CharT, _Traits, _Allocator> std::operator+(std::__cxx11::basic_string<_CharT, _Traits, _Allocator>&&, const std::__cxx11::basic_string<_CharT, _Traits, _Allocator>&)[m[K’
[6.493s]  6160 |     [01;36m[Koperator[m[K+(basic_string<_CharT, _Traits, _Alloc>&& __lhs,
[6.493s]       |     [01;36m[K^~~~~~~~[m[K
[6.493s] [01m[K/usr/include/c++/11/bits/basic_string.h:6160:5:[m[K [01;36m[Knote: [m[K  template argument deduction/substitution failed:
[6.493s] In file included from [01m[K/home/evan/code/ndt-loc/src/a-loam/src/ScanRegistrationNode.cpp:1[m[K:
[6.493s] [01m[K/home/evan/code/ndt-loc/src/a-loam/include/a-loam/ScanRegistration.hpp:208:61:[m[K [01;36m[Knote: [m[K  ‘[01m[Kstd::vector<int, std::allocator<int> >[m[K’ is not derived from ‘[01m[Kstd::__cxx11::basic_string<_CharT, _Traits, _Allocator>[m[K’
[6.493s]   208 |                 std::sort(cloudSortInd + sp, cloudSortInd + [01;36m[Kep[m[K + 1, comp);
[6.493s]       |                                                             [01;36m[K^~[m[K
[6.493s] In file included from [01m[K/usr/include/c++/11/string:55[m[K,
[6.493s]                  from [01m[K/home/evan/code/ndt-loc/src/a-loam/include/a-loam/ScanRegistration.hpp:6[m[K,
[6.493s]                  from [01m[K/home/evan/code/ndt-loc/src/a-loam/src/ScanRegistrationNode.cpp:1[m[K:
[6.493s] [01m[K/usr/include/c++/11/bits/basic_string.h:6166:5:[m[K [01;36m[Knote: [m[Kcandidate: ‘[01m[Ktemplate<class _CharT, class _Traits, class _Alloc> std::__cxx11::basic_string<_CharT, _Traits, _Allocator> std::operator+(const std::__cxx11::basic_string<_CharT, _Traits, _Allocator>&, std::__cxx11::basic_string<_CharT, _Traits, _Allocator>&&)[m[K’
[6.493s]  6166 |     [01;36m[Koperator[m[K+(const basic_string<_CharT, _Traits, _Alloc>& __lhs,
[6.493s]       |     [01;36m[K^~~~~~~~[m[K
[6.493s] [01m[K/usr/include/c++/11/bits/basic_string.h:6166:5:[m[K [01;36m[Knote: [m[K  template argument deduction/substitution failed:
[6.493s] In file included from [01m[K/home/evan/code/ndt-loc/src/a-loam/src/ScanRegistrationNode.cpp:1[m[K:
[6.494s] [01m[K/home/evan/code/ndt-loc/src/a-loam/include/a-loam/ScanRegistration.hpp:208:61:[m[K [01;36m[Knote: [m[K  ‘[01m[Kstd::vector<int, std::allocator<int> >[m[K’ is not derived from ‘[01m[Kconst std::__cxx11::basic_string<_CharT, _Traits, _Allocator>[m[K’
[6.494s]   208 |                 std::sort(cloudSortInd + sp, cloudSortInd + [01;36m[Kep[m[K + 1, comp);
[6.494s]       |                                                             [01;36m[K^~[m[K
[6.494s] In file included from [01m[K/usr/include/c++/11/string:55[m[K,
[6.494s]                  from [01m[K/home/evan/code/ndt-loc/src/a-loam/include/a-loam/ScanRegistration.hpp:6[m[K,
[6.494s]                  from [01m[K/home/evan/code/ndt-loc/src/a-loam/src/ScanRegistrationNode.cpp:1[m[K:
[6.494s] [01m[K/usr/include/c++/11/bits/basic_string.h:6172:5:[m[K [01;36m[Knote: [m[Kcandidate: ‘[01m[Ktemplate<class _CharT, class _Traits, class _Alloc> std::__cxx11::basic_string<_CharT, _Traits, _Allocator> std::operator+(std::__cxx11::basic_string<_CharT, _Traits, _Allocator>&&, std::__cxx11::basic_string<_CharT, _Traits, _Allocator>&&)[m[K’
[6.494s]  6172 |     [01;36m[Koperator[m[K+(basic_string<_CharT, _Traits, _Alloc>&& __lhs,
[6.494s]       |     [01;36m[K^~~~~~~~[m[K
[6.494s] [01m[K/usr/include/c++/11/bits/basic_string.h:6172:5:[m[K [01;36m[Knote: [m[K  template argument deduction/substitution failed:
[6.494s] In file included from [01m[K/home/evan/code/ndt-loc/src/a-loam/src/ScanRegistrationNode.cpp:1[m[K:
[6.494s] [01m[K/home/evan/code/ndt-loc/src/a-loam/include/a-loam/ScanRegistration.hpp:208:61:[m[K [01;36m[Knote: [m[K  ‘[01m[Kstd::vector<int, std::allocator<int> >[m[K’ is not derived from ‘[01m[Kstd::__cxx11::basic_string<_CharT, _Traits, _Allocator>[m[K’
[6.494s]   208 |                 std::sort(cloudSortInd + sp, cloudSortInd + [01;36m[Kep[m[K + 1, comp);
[6.495s]       |                                                             [01;36m[K^~[m[K
[6.495s] In file included from [01m[K/usr/include/c++/11/string:55[m[K,
[6.495s]                  from [01m[K/home/evan/code/ndt-loc/src/a-loam/include/a-loam/ScanRegistration.hpp:6[m[K,
[6.495s]                  from [01m[K/home/evan/code/ndt-loc/src/a-loam/src/ScanRegistrationNode.cpp:1[m[K:
[6.495s] [01m[K/usr/include/c++/11/bits/basic_string.h:6194:5:[m[K [01;36m[Knote: [m[Kcandidate: ‘[01m[Ktemplate<class _CharT, class _Traits, class _Alloc> std::__cxx11::basic_string<_CharT, _Traits, _Allocator> std::operator+(const _CharT*, std::__cxx11::basic_string<_CharT, _Traits, _Allocator>&&)[m[K’
[6.495s]  6194 |     [01;36m[Koperator[m[K+(const _CharT* __lhs,
[6.495s]       |     [01;36m[K^~~~~~~~[m[K
[6.495s] [01m[K/usr/include/c++/11/bits/basic_string.h:6194:5:[m[K [01;36m[Knote: [m[K  template argument deduction/substitution failed:
[6.496s] In file included from [01m[K/home/evan/code/ndt-loc/src/a-loam/src/ScanRegistrationNode.cpp:1[m[K:
[6.496s] [01m[K/home/evan/code/ndt-loc/src/a-loam/include/a-loam/ScanRegistration.hpp:208:61:[m[K [01;36m[Knote: [m[K  mismatched types ‘[01m[Kconst _CharT*[m[K’ and ‘[01m[Kstd::vector<int, std::allocator<int> >[m[K’
[6.496s]   208 |                 std::sort(cloudSortInd + sp, cloudSortInd + [01;36m[Kep[m[K + 1, comp);
[6.496s]       |                                                             [01;36m[K^~[m[K
[6.496s] In file included from [01m[K/usr/include/c++/11/string:55[m[K,
[6.496s]                  from [01m[K/home/evan/code/ndt-loc/src/a-loam/include/a-loam/ScanRegistration.hpp:6[m[K,
[6.496s]                  from [01m[K/home/evan/code/ndt-loc/src/a-loam/src/ScanRegistrationNode.cpp:1[m[K:
[6.496s] [01m[K/usr/include/c++/11/bits/basic_string.h:6200:5:[m[K [01;36m[Knote: [m[Kcandidate: ‘[01m[Ktemplate<class _CharT, class _Traits, class _Alloc> std::__cxx11::basic_string<_CharT, _Traits, _Allocator> std::operator+(_CharT, std::__cxx11::basic_string<_CharT, _Traits, _Allocator>&&)[m[K’
[6.496s]  6200 |     [01;36m[Koperator[m[K+(_CharT __lhs,
[6.496s]       |     [01;36m[K^~~~~~~~[m[K
[6.496s] [01m[K/usr/include/c++/11/bits/basic_string.h:6200:5:[m[K [01;36m[Knote: [m[K  template argument deduction/substitution failed:
[6.496s] In file included from [01m[K/home/evan/code/ndt-loc/src/a-loam/src/ScanRegistrationNode.cpp:1[m[K:
[6.496s] [01m[K/home/evan/code/ndt-loc/src/a-loam/include/a-loam/ScanRegistration.hpp:208:61:[m[K [01;36m[Knote: [m[K  mismatched types ‘[01m[Kstd::__cxx11::basic_string<_CharT, _Traits, _Allocator>[m[K’ and ‘[01m[Kint[m[K’
[6.496s]   208 |                 std::sort(cloudSortInd + sp, cloudSortInd + [01;36m[Kep[m[K + 1, comp);
[6.497s]       |                                                             [01;36m[K^~[m[K
[6.497s] In file included from [01m[K/usr/include/c++/11/string:55[m[K,
[6.497s]                  from [01m[K/home/evan/code/ndt-loc/src/a-loam/include/a-loam/ScanRegistration.hpp:6[m[K,
[6.497s]                  from [01m[K/home/evan/code/ndt-loc/src/a-loam/src/ScanRegistrationNode.cpp:1[m[K:
[6.497s] [01m[K/usr/include/c++/11/bits/basic_string.h:6206:5:[m[K [01;36m[Knote: [m[Kcandidate: ‘[01m[Ktemplate<class _CharT, class _Traits, class _Alloc> std::__cxx11::basic_string<_CharT, _Traits, _Allocator> std::operator+(std::__cxx11::basic_string<_CharT, _Traits, _Allocator>&&, const _CharT*)[m[K’
[6.497s]  6206 |     [01;36m[Koperator[m[K+(basic_string<_CharT, _Traits, _Alloc>&& __lhs,
[6.497s]       |     [01;36m[K^~~~~~~~[m[K
[6.497s] [01m[K/usr/include/c++/11/bits/basic_string.h:6206:5:[m[K [01;36m[Knote: [m[K  template argument deduction/substitution failed:
[6.497s] In file included from [01m[K/home/evan/code/ndt-loc/src/a-loam/src/ScanRegistrationNode.cpp:1[m[K:
[6.497s] [01m[K/home/evan/code/ndt-loc/src/a-loam/include/a-loam/ScanRegistration.hpp:208:61:[m[K [01;36m[Knote: [m[K  ‘[01m[Kstd::vector<int, std::allocator<int> >[m[K’ is not derived from ‘[01m[Kstd::__cxx11::basic_string<_CharT, _Traits, _Allocator>[m[K’
[6.497s]   208 |                 std::sort(cloudSortInd + sp, cloudSortInd + [01;36m[Kep[m[K + 1, comp);
[6.497s]       |                                                             [01;36m[K^~[m[K
[6.497s] In file included from [01m[K/usr/include/c++/11/string:55[m[K,
[6.497s]                  from [01m[K/home/evan/code/ndt-loc/src/a-loam/include/a-loam/ScanRegistration.hpp:6[m[K,
[6.498s]                  from [01m[K/home/evan/code/ndt-loc/src/a-loam/src/ScanRegistrationNode.cpp:1[m[K:
[6.498s] [01m[K/usr/include/c++/11/bits/basic_string.h:6212:5:[m[K [01;36m[Knote: [m[Kcandidate: ‘[01m[Ktemplate<class _CharT, class _Traits, class _Alloc> std::__cxx11::basic_string<_CharT, _Traits, _Allocator> std::operator+(std::__cxx11::basic_string<_CharT, _Traits, _Allocator>&&, _CharT)[m[K’
[6.498s]  6212 |     [01;36m[Koperator[m[K+(basic_string<_CharT, _Traits, _Alloc>&& __lhs,
[6.498s]       |     [01;36m[K^~~~~~~~[m[K
[6.498s] [01m[K/usr/include/c++/11/bits/basic_string.h:6212:5:[m[K [01;36m[Knote: [m[K  template argument deduction/substitution failed:
[6.498s] In file included from [01m[K/home/evan/code/ndt-loc/src/a-loam/src/ScanRegistrationNode.cpp:1[m[K:
[6.498s] [01m[K/home/evan/code/ndt-loc/src/a-loam/include/a-loam/ScanRegistration.hpp:208:61:[m[K [01;36m[Knote: [m[K  ‘[01m[Kstd::vector<int, std::allocator<int> >[m[K’ is not derived from ‘[01m[Kstd::__cxx11::basic_string<_CharT, _Traits, _Allocator>[m[K’
[6.498s]   208 |                 std::sort(cloudSortInd + sp, cloudSortInd + [01;36m[Kep[m[K + 1, comp);
[6.498s]       |                                                             [01;36m[K^~[m[K
[6.498s] In file included from [01m[K/usr/include/eigen3/Eigen/Core:50[m[K,
[6.498s]                  from [01m[K/usr/include/eigen3/Eigen/StdVector:14[m[K,
[6.498s]                  from [01m[K/usr/include/pcl-1.12/pcl/point_cloud.h:45[m[K,
[6.498s]                  from [01m[K/home/evan/code/ndt-loc/src/a-loam/include/a-loam/ScanRegistration.hpp:9[m[K,
[6.498s]                  from [01m[K/home/evan/code/ndt-loc/src/a-loam/src/ScanRegistrationNode.cpp:1[m[K:
[6.499s] [01m[K/usr/include/c++/11/complex:332:5:[m[K [01;36m[Knote: [m[Kcandidate: ‘[01m[Ktemplate<class _Tp> std::complex<_Tp> std::operator+(const std::complex<_Tp>&, const std::complex<_Tp>&)[m[K’
[6.499s]   332 |     [01;36m[Koperator[m[K+(const complex<_Tp>& __x, const complex<_Tp>& __y)
[6.499s]       |     [01;36m[K^~~~~~~~[m[K
[6.499s] [01m[K/usr/include/c++/11/complex:332:5:[m[K [01;36m[Knote: [m[K  template argument deduction/substitution failed:
[6.499s] In file included from [01m[K/home/evan/code/ndt-loc/src/a-loam/src/ScanRegistrationNode.cpp:1[m[K:
[6.499s] [01m[K/home/evan/code/ndt-loc/src/a-loam/include/a-loam/ScanRegistration.hpp:208:61:[m[K [01;36m[Knote: [m[K  ‘[01m[Kstd::vector<int, std::allocator<int> >[m[K’ is not derived from ‘[01m[Kconst std::complex<_Tp>[m[K’
[6.499s]   208 |                 std::sort(cloudSortInd + sp, cloudSortInd + [01;36m[Kep[m[K + 1, comp);
[6.499s]       |                                                             [01;36m[K^~[m[K
[6.499s] In file included from [01m[K/usr/include/eigen3/Eigen/Core:50[m[K,
[6.499s]                  from [01m[K/usr/include/eigen3/Eigen/StdVector:14[m[K,
[6.499s]                  from [01m[K/usr/include/pcl-1.12/pcl/point_cloud.h:45[m[K,
[6.499s]                  from [01m[K/home/evan/code/ndt-loc/src/a-loam/include/a-loam/ScanRegistration.hpp:9[m[K,
[6.499s]                  from [01m[K/home/evan/code/ndt-loc/src/a-loam/src/ScanRegistrationNode.cpp:1[m[K:
[6.499s] [01m[K/usr/include/c++/11/complex:341:5:[m[K [01;36m[Knote: [m[Kcandidate: ‘[01m[Ktemplate<class _Tp> std::complex<_Tp> std::operator+(const std::complex<_Tp>&, const _Tp&)[m[K’
[6.500s]   341 |     [01;36m[Koperator[m[K+(const complex<_Tp>& __x, const _Tp& __y)
[6.500s]       |     [01;36m[K^~~~~~~~[m[K
[6.500s] [01m[K/usr/include/c++/11/complex:341:5:[m[K [01;36m[Knote: [m[K  template argument deduction/substitution failed:
[6.500s] In file included from [01m[K/home/evan/code/ndt-loc/src/a-loam/src/ScanRegistrationNode.cpp:1[m[K:
[6.500s] [01m[K/home/evan/code/ndt-loc/src/a-loam/include/a-loam/ScanRegistration.hpp:208:61:[m[K [01;36m[Knote: [m[K  ‘[01m[Kstd::vector<int, std::allocator<int> >[m[K’ is not derived from ‘[01m[Kconst std::complex<_Tp>[m[K’
[6.500s]   208 |                 std::sort(cloudSortInd + sp, cloudSortInd + [01;36m[Kep[m[K + 1, comp);
[6.500s]       |                                                             [01;36m[K^~[m[K
[6.500s] In file included from [01m[K/usr/include/eigen3/Eigen/Core:50[m[K,
[6.500s]                  from [01m[K/usr/include/eigen3/Eigen/StdVector:14[m[K,
[6.500s]                  from [01m[K/usr/include/pcl-1.12/pcl/point_cloud.h:45[m[K,
[6.500s]                  from [01m[K/home/evan/code/ndt-loc/src/a-loam/include/a-loam/ScanRegistration.hpp:9[m[K,
[6.500s]                  from [01m[K/home/evan/code/ndt-loc/src/a-loam/src/ScanRegistrationNode.cpp:1[m[K:
[6.500s] [01m[K/usr/include/c++/11/complex:350:5:[m[K [01;36m[Knote: [m[Kcandidate: ‘[01m[Ktemplate<class _Tp> std::complex<_Tp> std::operator+(const _Tp&, const std::complex<_Tp>&)[m[K’
[6.501s]   350 |     [01;36m[Koperator[m[K+(const _Tp& __x, const complex<_Tp>& __y)
[6.501s]       |     [01;36m[K^~~~~~~~[m[K
[6.501s] [01m[K/usr/include/c++/11/complex:350:5:[m[K [01;36m[Knote: [m[K  template argument deduction/substitution failed:
[6.501s] In file included from [01m[K/home/evan/code/ndt-loc/src/a-loam/src/ScanRegistrationNode.cpp:1[m[K:
[6.501s] [01m[K/home/evan/code/ndt-loc/src/a-loam/include/a-loam/ScanRegistration.hpp:208:61:[m[K [01;36m[Knote: [m[K  mismatched types ‘[01m[Kconst std::complex<_Tp>[m[K’ and ‘[01m[Kint[m[K’
[6.501s]   208 |                 std::sort(cloudSortInd + sp, cloudSortInd + [01;36m[Kep[m[K + 1, comp);
[6.501s]       |                                                             [01;36m[K^~[m[K
[6.501s] In file included from [01m[K/usr/include/eigen3/Eigen/Core:50[m[K,
[6.501s]                  from [01m[K/usr/include/eigen3/Eigen/StdVector:14[m[K,
[6.501s]                  from [01m[K/usr/include/pcl-1.12/pcl/point_cloud.h:45[m[K,
[6.501s]                  from [01m[K/home/evan/code/ndt-loc/src/a-loam/include/a-loam/ScanRegistration.hpp:9[m[K,
[6.501s]                  from [01m[K/home/evan/code/ndt-loc/src/a-loam/src/ScanRegistrationNode.cpp:1[m[K:
[6.501s] [01m[K/usr/include/c++/11/complex:451:5:[m[K [01;36m[Knote: [m[Kcandidate: ‘[01m[Ktemplate<class _Tp> std::complex<_Tp> std::operator+(const std::complex<_Tp>&)[m[K’
[6.502s]   451 |     [01;36m[Koperator[m[K+(const complex<_Tp>& __x)
[6.502s]       |     [01;36m[K^~~~~~~~[m[K
[6.502s] [01m[K/usr/include/c++/11/complex:451:5:[m[K [01;36m[Knote: [m[K  template argument deduction/substitution failed:
[6.503s] In file included from [01m[K/home/evan/code/ndt-loc/src/a-loam/src/ScanRegistrationNode.cpp:1[m[K:
[6.503s] [01m[K/home/evan/code/ndt-loc/src/a-loam/include/a-loam/ScanRegistration.hpp:208:61:[m[K [01;36m[Knote: [m[K  ‘[01m[Kstd::vector<int, std::allocator<int> >[m[K’ is not derived from ‘[01m[Kconst std::complex<_Tp>[m[K’
[6.503s]   208 |                 std::sort(cloudSortInd + sp, cloudSortInd + [01;36m[Kep[m[K + 1, comp);
[6.503s]       |                                                             [01;36m[K^~[m[K
[7.365s] /home/evan/code/ndt-loc/src/a-loam/src/ScanRegistrationNode.cpp: In instantiation of ‘[01m[KALOAM::ScanRegistrationNode<PointT>::ScanRegistrationNode(std::string) [with PointT = pcl::PointXYZ; std::string = std::__cxx11::basic_string<char>][m[K’:
[7.366s] [01m[K/usr/include/c++/11/ext/new_allocator.h:162:4:[m[K   required from ‘[01m[Kvoid __gnu_cxx::new_allocator<_Tp>::construct(_Up*, _Args&& ...) [with _Up = ALOAM::ScanRegistrationNode<pcl::PointXYZ>; _Args = {const char (&)[18]}; _Tp = ALOAM::ScanRegistrationNode<pcl::PointXYZ>][m[K’
[7.366s] [01m[K/usr/include/c++/11/bits/alloc_traits.h:516:17:[m[K   required from ‘[01m[Kstatic void std::allocator_traits<std::allocator<_Tp1> >::construct(std::allocator_traits<std::allocator<_Tp1> >::allocator_type&, _Up*, _Args&& ...) [with _Up = ALOAM::ScanRegistrationNode<pcl::PointXYZ>; _Args = {const char (&)[18]}; _Tp = ALOAM::ScanRegistrationNode<pcl::PointXYZ>; std::allocator_traits<std::allocator<_Tp1> >::allocator_type = std::allocator<ALOAM::ScanRegistrationNode<pcl::PointXYZ> >][m[K’
[7.366s] [01m[K/usr/include/c++/11/bits/shared_ptr_base.h:519:39:[m[K   required from ‘[01m[Kstd::_Sp_counted_ptr_inplace<_Tp, _Alloc, _Lp>::_Sp_counted_ptr_inplace(_Alloc, _Args&& ...) [with _Args = {const char (&)[18]}; _Tp = ALOAM::ScanRegistrationNode<pcl::PointXYZ>; _Alloc = std::allocator<ALOAM::ScanRegistrationNode<pcl::PointXYZ> >; __gnu_cxx::_Lock_policy _Lp = __gnu_cxx::_S_atomic][m[K’
[7.366s] [01m[K/usr/include/c++/11/bits/shared_ptr_base.h:650:16:[m[K   required from ‘[01m[Kstd::__shared_count<_Lp>::__shared_count(_Tp*&, std::_Sp_alloc_shared_tag<_Alloc>, _Args&& ...) [with _Tp = ALOAM::ScanRegistrationNode<pcl::PointXYZ>; _Alloc = std::allocator<ALOAM::ScanRegistrationNode<pcl::PointXYZ> >; _Args = {const char (&)[18]}; __gnu_cxx::_Lock_policy _Lp = __gnu_cxx::_S_atomic][m[K’
[7.366s] [01m[K/usr/include/c++/11/bits/shared_ptr_base.h:1342:14:[m[K   required from ‘[01m[Kstd::__shared_ptr<_Tp, _Lp>::__shared_ptr(std::_Sp_alloc_shared_tag<_Tp>, _Args&& ...) [with _Alloc = std::allocator<ALOAM::ScanRegistrationNode<pcl::PointXYZ> >; _Args = {const char (&)[18]}; _Tp = ALOAM::ScanRegistrationNode<pcl::PointXYZ>; __gnu_cxx::_Lock_policy _Lp = __gnu_cxx::_S_atomic][m[K’
[7.366s] [01m[K/usr/include/c++/11/bits/shared_ptr.h:409:59:[m[K   required from ‘[01m[Kstd::shared_ptr<_Tp>::shared_ptr(std::_Sp_alloc_shared_tag<_Tp>, _Args&& ...) [with _Alloc = std::allocator<ALOAM::ScanRegistrationNode<pcl::PointXYZ> >; _Args = {const char (&)[18]}; _Tp = ALOAM::ScanRegistrationNode<pcl::PointXYZ>][m[K’
[7.366s] [01m[K/usr/include/c++/11/bits/shared_ptr.h:862:14:[m[K   required from ‘[01m[Kstd::shared_ptr<_Tp> std::allocate_shared(const _Alloc&, _Args&& ...) [with _Tp = ALOAM::ScanRegistrationNode<pcl::PointXYZ>; _Alloc = std::allocator<ALOAM::ScanRegistrationNode<pcl::PointXYZ> >; _Args = {const char (&)[18]}][m[K’
[7.366s] [01m[K/usr/include/c++/11/bits/shared_ptr.h:878:39:[m[K   required from ‘[01m[Kstd::shared_ptr<_Tp> std::make_shared(_Args&& ...) [with _Tp = ALOAM::ScanRegistrationNode<pcl::PointXYZ>; _Args = {const char (&)[18]}][m[K’
[7.366s] [01m[K/home/evan/code/ndt-loc/src/a-loam/src/ScanRegistrationNode.cpp:94:52:[m[K   required from here
[7.366s] [01m[K/home/evan/code/ndt-loc/src/a-loam/src/ScanRegistrationNode.cpp:31:36:[m[K [01;31m[Kerror: [m[Kinvalid use of non-static member function ‘[01m[Kvoid ALOAM::ScanRegistrationNode<PointT>::Run(const PointCloud2&) [with PointT = pcl::PointXYZ; sensor_msgs::msg::PointCloud2 = sensor_msgs::msg::PointCloud2_<std::allocator<void> >][m[K’
[7.366s]    31 |             "/laser_cloud_ori", 1, [01;31m[KRun[m[K);
[7.366s]       |                                    [01;31m[K^~~[m[K
[7.366s] [01m[K/home/evan/code/ndt-loc/src/a-loam/src/ScanRegistrationNode.cpp:61:10:[m[K [01;36m[Knote: [m[Kdeclared here
[7.366s]    61 |     void [01;36m[KRun[m[K(const sensor_msgs::msg::PointCloud2 &laserCloudMsg){
[7.367s]       |          [01;36m[K^~~[m[K
[7.379s] /home/evan/code/ndt-loc/src/a-loam/src/ScanRegistrationNode.cpp: In instantiation of ‘[01m[Kvoid ALOAM::ScanRegistrationNode<PointT>::Run(const PointCloud2&) [with PointT = pcl::PointXYZ; sensor_msgs::msg::PointCloud2 = sensor_msgs::msg::PointCloud2_<std::allocator<void> >][m[K’:
[7.379s] [01m[K/home/evan/code/ndt-loc/src/a-loam/src/ScanRegistrationNode.cpp:31:36:[m[K   required from ‘[01m[KALOAM::ScanRegistrationNode<PointT>::ScanRegistrationNode(std::string) [with PointT = pcl::PointXYZ; std::string = std::__cxx11::basic_string<char>][m[K’
[7.380s] [01m[K/usr/include/c++/11/ext/new_allocator.h:162:4:[m[K   required from ‘[01m[Kvoid __gnu_cxx::new_allocator<_Tp>::construct(_Up*, _Args&& ...) [with _Up = ALOAM::ScanRegistrationNode<pcl::PointXYZ>; _Args = {const char (&)[18]}; _Tp = ALOAM::ScanRegistrationNode<pcl::PointXYZ>][m[K’
[7.380s] [01m[K/usr/include/c++/11/bits/alloc_traits.h:516:17:[m[K   required from ‘[01m[Kstatic void std::allocator_traits<std::allocator<_Tp1> >::construct(std::allocator_traits<std::allocator<_Tp1> >::allocator_type&, _Up*, _Args&& ...) [with _Up = ALOAM::ScanRegistrationNode<pcl::PointXYZ>; _Args = {const char (&)[18]}; _Tp = ALOAM::ScanRegistrationNode<pcl::PointXYZ>; std::allocator_traits<std::allocator<_Tp1> >::allocator_type = std::allocator<ALOAM::ScanRegistrationNode<pcl::PointXYZ> >][m[K’
[7.380s] [01m[K/usr/include/c++/11/bits/shared_ptr_base.h:519:39:[m[K   required from ‘[01m[Kstd::_Sp_counted_ptr_inplace<_Tp, _Alloc, _Lp>::_Sp_counted_ptr_inplace(_Alloc, _Args&& ...) [with _Args = {const char (&)[18]}; _Tp = ALOAM::ScanRegistrationNode<pcl::PointXYZ>; _Alloc = std::allocator<ALOAM::ScanRegistrationNode<pcl::PointXYZ> >; __gnu_cxx::_Lock_policy _Lp = __gnu_cxx::_S_atomic][m[K’
[7.380s] [01m[K/usr/include/c++/11/bits/shared_ptr_base.h:650:16:[m[K   required from ‘[01m[Kstd::__shared_count<_Lp>::__shared_count(_Tp*&, std::_Sp_alloc_shared_tag<_Alloc>, _Args&& ...) [with _Tp = ALOAM::ScanRegistrationNode<pcl::PointXYZ>; _Alloc = std::allocator<ALOAM::ScanRegistrationNode<pcl::PointXYZ> >; _Args = {const char (&)[18]}; __gnu_cxx::_Lock_policy _Lp = __gnu_cxx::_S_atomic][m[K’
[7.380s] [01m[K/usr/include/c++/11/bits/shared_ptr_base.h:1342:14:[m[K   required from ‘[01m[Kstd::__shared_ptr<_Tp, _Lp>::__shared_ptr(std::_Sp_alloc_shared_tag<_Tp>, _Args&& ...) [with _Alloc = std::allocator<ALOAM::ScanRegistrationNode<pcl::PointXYZ> >; _Args = {const char (&)[18]}; _Tp = ALOAM::ScanRegistrationNode<pcl::PointXYZ>; __gnu_cxx::_Lock_policy _Lp = __gnu_cxx::_S_atomic][m[K’
[7.380s] [01m[K/usr/include/c++/11/bits/shared_ptr.h:409:59:[m[K   required from ‘[01m[Kstd::shared_ptr<_Tp>::shared_ptr(std::_Sp_alloc_shared_tag<_Tp>, _Args&& ...) [with _Alloc = std::allocator<ALOAM::ScanRegistrationNode<pcl::PointXYZ> >; _Args = {const char (&)[18]}; _Tp = ALOAM::ScanRegistrationNode<pcl::PointXYZ>][m[K’
[7.380s] [01m[K/usr/include/c++/11/bits/shared_ptr.h:862:14:[m[K   required from ‘[01m[Kstd::shared_ptr<_Tp> std::allocate_shared(const _Alloc&, _Args&& ...) [with _Tp = ALOAM::ScanRegistrationNode<pcl::PointXYZ>; _Alloc = std::allocator<ALOAM::ScanRegistrationNode<pcl::PointXYZ> >; _Args = {const char (&)[18]}][m[K’
[7.380s] [01m[K/usr/include/c++/11/bits/shared_ptr.h:878:39:[m[K   required from ‘[01m[Kstd::shared_ptr<_Tp> std::make_shared(_Args&& ...) [with _Tp = ALOAM::ScanRegistrationNode<pcl::PointXYZ>; _Args = {const char (&)[18]}][m[K’
[7.380s] [01m[K/home/evan/code/ndt-loc/src/a-loam/src/ScanRegistrationNode.cpp:94:52:[m[K   required from here
[7.380s] [01m[K/home/evan/code/ndt-loc/src/a-loam/src/ScanRegistrationNode.cpp:67:34:[m[K [01;31m[Kerror: [m[Kcannot convert ‘[01m[Kstd::__shared_ptr_access<pcl::PointCloud<pcl::PointXYZ>, __gnu_cxx::_S_atomic, false, false>::element_type[m[K’ {aka ‘[01m[Kpcl::PointCloud<pcl::PointXYZ>[m[K’} to ‘[01m[KALOAM::ScanRegistration<pcl::PointXYZ>::CLOUDPTR[m[K’ {aka ‘[01m[Kstd::shared_ptr<pcl::PointCloud<pcl::PointXYZ> >[m[K’}
[7.382s]    67 |         [01;31m[Ksr.removeClosedPointCloud(*laserCloudIn, *laserCloudIn, MINMUM_RANGE)[m[K;
[7.382s]       |         [01;31m[K~~~~~~~~~~~~~~~~~~~~~~~~~^~~~~~~~~~~~~~~~~~~~~~~~~~~~~~~~~~~~~~~~~~~~[m[K
[7.382s] In file included from [01m[K/home/evan/code/ndt-loc/src/a-loam/src/ScanRegistrationNode.cpp:1[m[K:
[7.382s] [01m[K/home/evan/code/ndt-loc/src/a-loam/include/a-loam/ScanRegistration.hpp:45:42:[m[K [01;36m[Knote: [m[K  initializing argument 1 of ‘[01m[Kvoid ALOAM::ScanRegistration<PointT>::removeClosedPointCloud(ALOAM::ScanRegistration<PointT>::CLOUDPTR, ALOAM::ScanRegistration<PointT>::CLOUDPTR, float) [with PointT = pcl::PointXYZ; ALOAM::ScanRegistration<PointT>::CLOUDPTR = std::shared_ptr<pcl::PointCloud<pcl::PointXYZ> >][m[K’
[7.382s]    45 |     void removeClosedPointCloud([01;36m[KCLOUDPTR cloud_in[m[K, CLOUDPTR cloud_out, float thres){
[7.382s]       |                                 [01;36m[K~~~~~~~~~^~~~~~~~[m[K
[7.915s] gmake[2]: *** [CMakeFiles/scan_registration_node.dir/build.make:76: CMakeFiles/scan_registration_node.dir/src/ScanRegistrationNode.cpp.o] Error 1
[7.916s] gmake[1]: *** [CMakeFiles/Makefile2:137: CMakeFiles/scan_registration_node.dir/all] Error 2
[7.916s] gmake: *** [Makefile:146: all] Error 2
[7.918s] Invoked command in '/home/evan/code/ndt-loc/build/a-loam' returned '2': CMAKE_PREFIX_PATH=${CMAKE_PREFIX_PATH}:/opt/ros/humble /usr/bin/cmake --build /home/evan/code/ndt-loc/build/a-loam -- -j4 -l4
