[  3%] Built target cloud_msgs__cpp
[ 12%] Built target cloud_msgs__rosidl_generator_c
[ 12%] Built target ament_cmake_python_copy_cloud_msgs
[ 22%] Built target cloud_msgs__rosidl_typesupport_fastrtps_cpp
[ 32%] Built target cloud_msgs__rosidl_typesupport_introspection_cpp
[ 41%] Built target cloud_msgs__rosidl_typesupport_cpp
[ 51%] Built target cloud_msgs__rosidl_typesupport_fastrtps_c
[ 61%] Built target cloud_msgs__rosidl_typesupport_c
[ 70%] Built target cloud_msgs__rosidl_typesupport_introspection_c
[ 70%] Built target cloud_msgs
[ 74%] Built target cloud_msgs__py
[ 80%] Built target cloud_msgs__rosidl_generator_py
[ 96%] Built target cloud_msgs__rosidl_typesupport_c__pyext
[ 96%] Built target cloud_msgs__rosidl_typesupport_fastrtps_c__pyext
[100%] Built target cloud_msgs__rosidl_typesupport_introspection_c__pyext
running egg_info
writing cloud_msgs.egg-info/PKG-INFO
writing dependency_links to cloud_msgs.egg-info/dependency_links.txt
writing top-level names to cloud_msgs.egg-info/top_level.txt
reading manifest file 'cloud_msgs.egg-info/SOURCES.txt'
writing manifest file 'cloud_msgs.egg-info/SOURCES.txt'
[100%] Built target ament_cmake_python_build_cloud_msgs_egg
