[0.027s] Invoking command in '/home/evan/code/ndt-loc/build/cloud_msgs': CMAKE_PREFIX_PATH=${CMAKE_PREFIX_PATH}:/opt/ros/humble /usr/bin/cmake --build /home/evan/code/ndt-loc/build/cloud_msgs -- -j4 -l4
[0.092s] [  3%] Built target cloud_msgs__cpp
[0.093s] [ 12%] Built target cloud_msgs__rosidl_generator_c
[0.103s] [ 12%] Built target ament_cmake_python_copy_cloud_msgs
[0.124s] [ 22%] Built target cloud_msgs__rosidl_typesupport_fastrtps_cpp
[0.129s] [ 32%] Built target cloud_msgs__rosidl_typesupport_introspection_cpp
[0.135s] [ 41%] Built target cloud_msgs__rosidl_typesupport_cpp
[0.137s] [ 51%] Built target cloud_msgs__rosidl_typesupport_fastrtps_c
[0.172s] [ 61%] Built target cloud_msgs__rosidl_typesupport_c
[0.172s] [ 70%] Built target cloud_msgs__rosidl_typesupport_introspection_c
[0.193s] [ 70%] Built target cloud_msgs
[0.215s] [ 74%] Built target cloud_msgs__py
[0.238s] [ 80%] Built target cloud_msgs__rosidl_generator_py
[0.261s] [ 96%] Built target cloud_msgs__rosidl_typesupport_c__pyext
[0.261s] [ 96%] Built target cloud_msgs__rosidl_typesupport_fastrtps_c__pyext
[0.262s] [100%] Built target cloud_msgs__rosidl_typesupport_introspection_c__pyext
[0.385s] running egg_info
[0.386s] writing cloud_msgs.egg-info/PKG-INFO
[0.386s] writing dependency_links to cloud_msgs.egg-info/dependency_links.txt
[0.386s] writing top-level names to cloud_msgs.egg-info/top_level.txt
[0.389s] reading manifest file 'cloud_msgs.egg-info/SOURCES.txt'
[0.389s] writing manifest file 'cloud_msgs.egg-info/SOURCES.txt'
[0.414s] [100%] Built target ament_cmake_python_build_cloud_msgs_egg
