[0.325s] DEBUG:colcon:Command line arguments: ['/usr/bin/colcon', 'build', '--packages-select', 'radar-odometry']
[0.325s] DEBUG:colcon:Parsed command line arguments: Namespace(log_base=None, log_level=None, verb_name='build', build_base='build', install_base='install', merge_install=False, symlink_install=False, test_result_base=None, continue_on_error=False, executor='parallel', parallel_workers=4, event_handlers=None, ignore_user_meta=False, metas=['./colcon.meta'], base_paths=['.'], packages_ignore=None, packages_ignore_regex=None, paths=None, packages_up_to=None, packages_up_to_regex=None, packages_above=None, packages_above_and_dependencies=None, packages_above_depth=None, packages_select_by_dep=None, packages_skip_by_dep=None, packages_skip_up_to=None, packages_select_build_failed=False, packages_skip_build_finished=False, packages_select_test_failures=False, packages_skip_test_passed=False, packages_select=['radar-odometry'], packages_skip=None, packages_select_regex=None, packages_skip_regex=None, packages_start=None, packages_end=None, allow_overriding=[], cmake_args=None, cmake_target=None, cmake_target_skip_unavailable=False, cmake_clean_cache=False, cmake_clean_first=False, cmake_force_configure=False, ament_cmake_args=None, catkin_cmake_args=None, catkin_skip_building_tests=False, verb_parser=<colcon_defaults.argument_parser.defaults.DefaultArgumentsDecorator object at 0x7f67cbbc2200>, verb_extension=<colcon_core.verb.build.BuildVerb object at 0x7f67cc3d9c00>, main=<bound method BuildVerb.main of <colcon_core.verb.build.BuildVerb object at 0x7f67cc3d9c00>>)
[0.358s] Level 1:colcon.colcon_core.package_discovery:discover_packages(colcon_meta) check parameters
[0.358s] Level 1:colcon.colcon_core.package_discovery:discover_packages(recursive) check parameters
[0.358s] Level 1:colcon.colcon_core.package_discovery:discover_packages(ignore) check parameters
[0.358s] Level 1:colcon.colcon_core.package_discovery:discover_packages(path) check parameters
[0.358s] Level 1:colcon.colcon_core.package_discovery:discover_packages(colcon_meta) discover
[0.358s] Level 1:colcon.colcon_core.package_discovery:discover_packages(recursive) discover
[0.358s] INFO:colcon.colcon_core.package_discovery:Crawling recursively for packages in '/home/evan/code/ndt-loc'
[0.358s] Level 1:colcon.colcon_core.package_identification:_identify(.) by extensions ['ignore', 'ignore_ament_install']
[0.358s] Level 1:colcon.colcon_core.package_identification:_identify(.) by extension 'ignore'
[0.358s] Level 1:colcon.colcon_core.package_identification:_identify(.) by extension 'ignore_ament_install'
[0.358s] Level 1:colcon.colcon_core.package_identification:_identify(.) by extensions ['colcon_pkg']
[0.358s] Level 1:colcon.colcon_core.package_identification:_identify(.) by extension 'colcon_pkg'
[0.359s] Level 1:colcon.colcon_core.package_identification:_identify(.) by extensions ['colcon_meta']
[0.359s] Level 1:colcon.colcon_core.package_identification:_identify(.) by extension 'colcon_meta'
[0.359s] Level 1:colcon.colcon_core.package_identification:_identify(.) by extensions ['ros']
[0.359s] Level 1:colcon.colcon_core.package_identification:_identify(.) by extension 'ros'
[0.370s] Level 1:colcon.colcon_core.package_identification:_identify(.) by extensions ['cmake', 'python']
[0.370s] Level 1:colcon.colcon_core.package_identification:_identify(.) by extension 'cmake'
[0.370s] Level 1:colcon.colcon_core.package_identification:_identify(.) by extension 'python'
[0.370s] Level 1:colcon.colcon_core.package_identification:_identify(.) by extensions ['python_setup_py']
[0.370s] Level 1:colcon.colcon_core.package_identification:_identify(.) by extension 'python_setup_py'
[0.371s] Level 1:colcon.colcon_core.package_identification:_identify(build) by extensions ['ignore', 'ignore_ament_install']
[0.371s] Level 1:colcon.colcon_core.package_identification:_identify(build) by extension 'ignore'
[0.371s] Level 1:colcon.colcon_core.package_identification:_identify(build) ignored
[0.371s] Level 1:colcon.colcon_core.package_identification:_identify(install) by extensions ['ignore', 'ignore_ament_install']
[0.371s] Level 1:colcon.colcon_core.package_identification:_identify(install) by extension 'ignore'
[0.371s] Level 1:colcon.colcon_core.package_identification:_identify(install) ignored
[0.371s] Level 1:colcon.colcon_core.package_identification:_identify(launch) by extensions ['ignore', 'ignore_ament_install']
[0.371s] Level 1:colcon.colcon_core.package_identification:_identify(launch) by extension 'ignore'
[0.371s] Level 1:colcon.colcon_core.package_identification:_identify(launch) by extension 'ignore_ament_install'
[0.371s] Level 1:colcon.colcon_core.package_identification:_identify(launch) by extensions ['colcon_pkg']
[0.371s] Level 1:colcon.colcon_core.package_identification:_identify(launch) by extension 'colcon_pkg'
[0.371s] Level 1:colcon.colcon_core.package_identification:_identify(launch) by extensions ['colcon_meta']
[0.371s] Level 1:colcon.colcon_core.package_identification:_identify(launch) by extension 'colcon_meta'
[0.372s] Level 1:colcon.colcon_core.package_identification:_identify(launch) by extensions ['ros']
[0.372s] Level 1:colcon.colcon_core.package_identification:_identify(launch) by extension 'ros'
[0.372s] Level 1:colcon.colcon_core.package_identification:_identify(launch) by extensions ['cmake', 'python']
[0.372s] Level 1:colcon.colcon_core.package_identification:_identify(launch) by extension 'cmake'
[0.372s] Level 1:colcon.colcon_core.package_identification:_identify(launch) by extension 'python'
[0.372s] Level 1:colcon.colcon_core.package_identification:_identify(launch) by extensions ['python_setup_py']
[0.372s] Level 1:colcon.colcon_core.package_identification:_identify(launch) by extension 'python_setup_py'
[0.372s] Level 1:colcon.colcon_core.package_identification:_identify(launch/a-loam) by extensions ['ignore', 'ignore_ament_install']
[0.372s] Level 1:colcon.colcon_core.package_identification:_identify(launch/a-loam) by extension 'ignore'
[0.372s] Level 1:colcon.colcon_core.package_identification:_identify(launch/a-loam) by extension 'ignore_ament_install'
[0.372s] Level 1:colcon.colcon_core.package_identification:_identify(launch/a-loam) by extensions ['colcon_pkg']
[0.372s] Level 1:colcon.colcon_core.package_identification:_identify(launch/a-loam) by extension 'colcon_pkg'
[0.372s] Level 1:colcon.colcon_core.package_identification:_identify(launch/a-loam) by extensions ['colcon_meta']
[0.372s] Level 1:colcon.colcon_core.package_identification:_identify(launch/a-loam) by extension 'colcon_meta'
[0.372s] Level 1:colcon.colcon_core.package_identification:_identify(launch/a-loam) by extensions ['ros']
[0.372s] Level 1:colcon.colcon_core.package_identification:_identify(launch/a-loam) by extension 'ros'
[0.373s] Level 1:colcon.colcon_core.package_identification:_identify(launch/a-loam) by extensions ['cmake', 'python']
[0.373s] Level 1:colcon.colcon_core.package_identification:_identify(launch/a-loam) by extension 'cmake'
[0.373s] Level 1:colcon.colcon_core.package_identification:_identify(launch/a-loam) by extension 'python'
[0.373s] Level 1:colcon.colcon_core.package_identification:_identify(launch/a-loam) by extensions ['python_setup_py']
[0.373s] Level 1:colcon.colcon_core.package_identification:_identify(launch/a-loam) by extension 'python_setup_py'
[0.373s] Level 1:colcon.colcon_core.package_identification:_identify(launch/a-loam/__pycache__) by extensions ['ignore', 'ignore_ament_install']
[0.373s] Level 1:colcon.colcon_core.package_identification:_identify(launch/a-loam/__pycache__) by extension 'ignore'
[0.373s] Level 1:colcon.colcon_core.package_identification:_identify(launch/a-loam/__pycache__) by extension 'ignore_ament_install'
[0.373s] Level 1:colcon.colcon_core.package_identification:_identify(launch/a-loam/__pycache__) by extensions ['colcon_pkg']
[0.373s] Level 1:colcon.colcon_core.package_identification:_identify(launch/a-loam/__pycache__) by extension 'colcon_pkg'
[0.373s] Level 1:colcon.colcon_core.package_identification:_identify(launch/a-loam/__pycache__) by extensions ['colcon_meta']
[0.373s] Level 1:colcon.colcon_core.package_identification:_identify(launch/a-loam/__pycache__) by extension 'colcon_meta'
[0.373s] Level 1:colcon.colcon_core.package_identification:_identify(launch/a-loam/__pycache__) by extensions ['ros']
[0.373s] Level 1:colcon.colcon_core.package_identification:_identify(launch/a-loam/__pycache__) by extension 'ros'
[0.373s] Level 1:colcon.colcon_core.package_identification:_identify(launch/a-loam/__pycache__) by extensions ['cmake', 'python']
[0.374s] Level 1:colcon.colcon_core.package_identification:_identify(launch/a-loam/__pycache__) by extension 'cmake'
[0.374s] Level 1:colcon.colcon_core.package_identification:_identify(launch/a-loam/__pycache__) by extension 'python'
[0.374s] Level 1:colcon.colcon_core.package_identification:_identify(launch/a-loam/__pycache__) by extensions ['python_setup_py']
[0.374s] Level 1:colcon.colcon_core.package_identification:_identify(launch/a-loam/__pycache__) by extension 'python_setup_py'
[0.374s] Level 1:colcon.colcon_core.package_identification:_identify(launch/data-publisher) by extensions ['ignore', 'ignore_ament_install']
[0.374s] Level 1:colcon.colcon_core.package_identification:_identify(launch/data-publisher) by extension 'ignore'
[0.374s] Level 1:colcon.colcon_core.package_identification:_identify(launch/data-publisher) by extension 'ignore_ament_install'
[0.374s] Level 1:colcon.colcon_core.package_identification:_identify(launch/data-publisher) by extensions ['colcon_pkg']
[0.374s] Level 1:colcon.colcon_core.package_identification:_identify(launch/data-publisher) by extension 'colcon_pkg'
[0.374s] Level 1:colcon.colcon_core.package_identification:_identify(launch/data-publisher) by extensions ['colcon_meta']
[0.374s] Level 1:colcon.colcon_core.package_identification:_identify(launch/data-publisher) by extension 'colcon_meta'
[0.374s] Level 1:colcon.colcon_core.package_identification:_identify(launch/data-publisher) by extensions ['ros']
[0.374s] Level 1:colcon.colcon_core.package_identification:_identify(launch/data-publisher) by extension 'ros'
[0.374s] Level 1:colcon.colcon_core.package_identification:_identify(launch/data-publisher) by extensions ['cmake', 'python']
[0.374s] Level 1:colcon.colcon_core.package_identification:_identify(launch/data-publisher) by extension 'cmake'
[0.374s] Level 1:colcon.colcon_core.package_identification:_identify(launch/data-publisher) by extension 'python'
[0.374s] Level 1:colcon.colcon_core.package_identification:_identify(launch/data-publisher) by extensions ['python_setup_py']
[0.374s] Level 1:colcon.colcon_core.package_identification:_identify(launch/data-publisher) by extension 'python_setup_py'
[0.375s] Level 1:colcon.colcon_core.package_identification:_identify(launch/data-publisher/radar) by extensions ['ignore', 'ignore_ament_install']
[0.375s] Level 1:colcon.colcon_core.package_identification:_identify(launch/data-publisher/radar) by extension 'ignore'
[0.375s] Level 1:colcon.colcon_core.package_identification:_identify(launch/data-publisher/radar) by extension 'ignore_ament_install'
[0.375s] Level 1:colcon.colcon_core.package_identification:_identify(launch/data-publisher/radar) by extensions ['colcon_pkg']
[0.375s] Level 1:colcon.colcon_core.package_identification:_identify(launch/data-publisher/radar) by extension 'colcon_pkg'
[0.375s] Level 1:colcon.colcon_core.package_identification:_identify(launch/data-publisher/radar) by extensions ['colcon_meta']
[0.375s] Level 1:colcon.colcon_core.package_identification:_identify(launch/data-publisher/radar) by extension 'colcon_meta'
[0.375s] Level 1:colcon.colcon_core.package_identification:_identify(launch/data-publisher/radar) by extensions ['ros']
[0.375s] Level 1:colcon.colcon_core.package_identification:_identify(launch/data-publisher/radar) by extension 'ros'
[0.375s] Level 1:colcon.colcon_core.package_identification:_identify(launch/data-publisher/radar) by extensions ['cmake', 'python']
[0.375s] Level 1:colcon.colcon_core.package_identification:_identify(launch/data-publisher/radar) by extension 'cmake'
[0.375s] Level 1:colcon.colcon_core.package_identification:_identify(launch/data-publisher/radar) by extension 'python'
[0.375s] Level 1:colcon.colcon_core.package_identification:_identify(launch/data-publisher/radar) by extensions ['python_setup_py']
[0.375s] Level 1:colcon.colcon_core.package_identification:_identify(launch/data-publisher/radar) by extension 'python_setup_py'
[0.375s] Level 1:colcon.colcon_core.package_identification:_identify(launch/data-publisher/radar/__pycache__) by extensions ['ignore', 'ignore_ament_install']
[0.375s] Level 1:colcon.colcon_core.package_identification:_identify(launch/data-publisher/radar/__pycache__) by extension 'ignore'
[0.376s] Level 1:colcon.colcon_core.package_identification:_identify(launch/data-publisher/radar/__pycache__) by extension 'ignore_ament_install'
[0.376s] Level 1:colcon.colcon_core.package_identification:_identify(launch/data-publisher/radar/__pycache__) by extensions ['colcon_pkg']
[0.376s] Level 1:colcon.colcon_core.package_identification:_identify(launch/data-publisher/radar/__pycache__) by extension 'colcon_pkg'
[0.376s] Level 1:colcon.colcon_core.package_identification:_identify(launch/data-publisher/radar/__pycache__) by extensions ['colcon_meta']
[0.376s] Level 1:colcon.colcon_core.package_identification:_identify(launch/data-publisher/radar/__pycache__) by extension 'colcon_meta'
[0.376s] Level 1:colcon.colcon_core.package_identification:_identify(launch/data-publisher/radar/__pycache__) by extensions ['ros']
[0.376s] Level 1:colcon.colcon_core.package_identification:_identify(launch/data-publisher/radar/__pycache__) by extension 'ros'
[0.376s] Level 1:colcon.colcon_core.package_identification:_identify(launch/data-publisher/radar/__pycache__) by extensions ['cmake', 'python']
[0.376s] Level 1:colcon.colcon_core.package_identification:_identify(launch/data-publisher/radar/__pycache__) by extension 'cmake'
[0.376s] Level 1:colcon.colcon_core.package_identification:_identify(launch/data-publisher/radar/__pycache__) by extension 'python'
[0.376s] Level 1:colcon.colcon_core.package_identification:_identify(launch/data-publisher/radar/__pycache__) by extensions ['python_setup_py']
[0.376s] Level 1:colcon.colcon_core.package_identification:_identify(launch/data-publisher/radar/__pycache__) by extension 'python_setup_py'
[0.376s] Level 1:colcon.colcon_core.package_identification:_identify(launch/radar-odometry) by extensions ['ignore', 'ignore_ament_install']
[0.376s] Level 1:colcon.colcon_core.package_identification:_identify(launch/radar-odometry) by extension 'ignore'
[0.376s] Level 1:colcon.colcon_core.package_identification:_identify(launch/radar-odometry) by extension 'ignore_ament_install'
[0.376s] Level 1:colcon.colcon_core.package_identification:_identify(launch/radar-odometry) by extensions ['colcon_pkg']
[0.376s] Level 1:colcon.colcon_core.package_identification:_identify(launch/radar-odometry) by extension 'colcon_pkg'
[0.376s] Level 1:colcon.colcon_core.package_identification:_identify(launch/radar-odometry) by extensions ['colcon_meta']
[0.376s] Level 1:colcon.colcon_core.package_identification:_identify(launch/radar-odometry) by extension 'colcon_meta'
[0.377s] Level 1:colcon.colcon_core.package_identification:_identify(launch/radar-odometry) by extensions ['ros']
[0.377s] Level 1:colcon.colcon_core.package_identification:_identify(launch/radar-odometry) by extension 'ros'
[0.377s] Level 1:colcon.colcon_core.package_identification:_identify(launch/radar-odometry) by extensions ['cmake', 'python']
[0.377s] Level 1:colcon.colcon_core.package_identification:_identify(launch/radar-odometry) by extension 'cmake'
[0.377s] Level 1:colcon.colcon_core.package_identification:_identify(launch/radar-odometry) by extension 'python'
[0.377s] Level 1:colcon.colcon_core.package_identification:_identify(launch/radar-odometry) by extensions ['python_setup_py']
[0.377s] Level 1:colcon.colcon_core.package_identification:_identify(launch/radar-odometry) by extension 'python_setup_py'
[0.377s] Level 1:colcon.colcon_core.package_identification:_identify(launch/radar-odometry/__pycache__) by extensions ['ignore', 'ignore_ament_install']
[0.377s] Level 1:colcon.colcon_core.package_identification:_identify(launch/radar-odometry/__pycache__) by extension 'ignore'
[0.377s] Level 1:colcon.colcon_core.package_identification:_identify(launch/radar-odometry/__pycache__) by extension 'ignore_ament_install'
[0.377s] Level 1:colcon.colcon_core.package_identification:_identify(launch/radar-odometry/__pycache__) by extensions ['colcon_pkg']
[0.377s] Level 1:colcon.colcon_core.package_identification:_identify(launch/radar-odometry/__pycache__) by extension 'colcon_pkg'
[0.377s] Level 1:colcon.colcon_core.package_identification:_identify(launch/radar-odometry/__pycache__) by extensions ['colcon_meta']
[0.377s] Level 1:colcon.colcon_core.package_identification:_identify(launch/radar-odometry/__pycache__) by extension 'colcon_meta'
[0.377s] Level 1:colcon.colcon_core.package_identification:_identify(launch/radar-odometry/__pycache__) by extensions ['ros']
[0.377s] Level 1:colcon.colcon_core.package_identification:_identify(launch/radar-odometry/__pycache__) by extension 'ros'
[0.377s] Level 1:colcon.colcon_core.package_identification:_identify(launch/radar-odometry/__pycache__) by extensions ['cmake', 'python']
[0.377s] Level 1:colcon.colcon_core.package_identification:_identify(launch/radar-odometry/__pycache__) by extension 'cmake'
[0.378s] Level 1:colcon.colcon_core.package_identification:_identify(launch/radar-odometry/__pycache__) by extension 'python'
[0.378s] Level 1:colcon.colcon_core.package_identification:_identify(launch/radar-odometry/__pycache__) by extensions ['python_setup_py']
[0.378s] Level 1:colcon.colcon_core.package_identification:_identify(launch/radar-odometry/__pycache__) by extension 'python_setup_py'
[0.378s] Level 1:colcon.colcon_core.package_identification:_identify(log) by extensions ['ignore', 'ignore_ament_install']
[0.378s] Level 1:colcon.colcon_core.package_identification:_identify(log) by extension 'ignore'
[0.378s] Level 1:colcon.colcon_core.package_identification:_identify(log) ignored
[0.378s] Level 1:colcon.colcon_core.package_identification:_identify(src) by extensions ['ignore', 'ignore_ament_install']
[0.378s] Level 1:colcon.colcon_core.package_identification:_identify(src) by extension 'ignore'
[0.378s] Level 1:colcon.colcon_core.package_identification:_identify(src) by extension 'ignore_ament_install'
[0.378s] Level 1:colcon.colcon_core.package_identification:_identify(src) by extensions ['colcon_pkg']
[0.379s] Level 1:colcon.colcon_core.package_identification:_identify(src) by extension 'colcon_pkg'
[0.379s] Level 1:colcon.colcon_core.package_identification:_identify(src) by extensions ['colcon_meta']
[0.379s] Level 1:colcon.colcon_core.package_identification:_identify(src) by extension 'colcon_meta'
[0.379s] Level 1:colcon.colcon_core.package_identification:_identify(src) by extensions ['ros']
[0.379s] Level 1:colcon.colcon_core.package_identification:_identify(src) by extension 'ros'
[0.379s] Level 1:colcon.colcon_core.package_identification:_identify(src) by extensions ['cmake', 'python']
[0.379s] Level 1:colcon.colcon_core.package_identification:_identify(src) by extension 'cmake'
[0.379s] Level 1:colcon.colcon_core.package_identification:_identify(src) by extension 'python'
[0.379s] Level 1:colcon.colcon_core.package_identification:_identify(src) by extensions ['python_setup_py']
[0.379s] Level 1:colcon.colcon_core.package_identification:_identify(src) by extension 'python_setup_py'
[0.379s] Level 1:colcon.colcon_core.package_identification:_identify(src/a-loam) by extensions ['ignore', 'ignore_ament_install']
[0.379s] Level 1:colcon.colcon_core.package_identification:_identify(src/a-loam) by extension 'ignore'
[0.379s] Level 1:colcon.colcon_core.package_identification:_identify(src/a-loam) by extension 'ignore_ament_install'
[0.379s] Level 1:colcon.colcon_core.package_identification:_identify(src/a-loam) by extensions ['colcon_pkg']
[0.379s] Level 1:colcon.colcon_core.package_identification:_identify(src/a-loam) by extension 'colcon_pkg'
[0.379s] Level 1:colcon.colcon_core.package_identification:_identify(src/a-loam) by extensions ['colcon_meta']
[0.379s] Level 1:colcon.colcon_core.package_identification:_identify(src/a-loam) by extension 'colcon_meta'
[0.379s] Level 1:colcon.colcon_core.package_identification:_identify(src/a-loam) by extensions ['ros']
[0.379s] Level 1:colcon.colcon_core.package_identification:_identify(src/a-loam) by extension 'ros'
[0.382s] DEBUG:colcon.colcon_core.package_identification:Package 'src/a-loam' with type 'ros.ament_cmake' and name 'a-loam'
[0.382s] Level 1:colcon.colcon_core.package_identification:_identify(src/cloud_msgs) by extensions ['ignore', 'ignore_ament_install']
[0.382s] Level 1:colcon.colcon_core.package_identification:_identify(src/cloud_msgs) by extension 'ignore'
[0.383s] Level 1:colcon.colcon_core.package_identification:_identify(src/cloud_msgs) by extension 'ignore_ament_install'
[0.383s] Level 1:colcon.colcon_core.package_identification:_identify(src/cloud_msgs) by extensions ['colcon_pkg']
[0.383s] Level 1:colcon.colcon_core.package_identification:_identify(src/cloud_msgs) by extension 'colcon_pkg'
[0.383s] Level 1:colcon.colcon_core.package_identification:_identify(src/cloud_msgs) by extensions ['colcon_meta']
[0.383s] Level 1:colcon.colcon_core.package_identification:_identify(src/cloud_msgs) by extension 'colcon_meta'
[0.383s] Level 1:colcon.colcon_core.package_identification:_identify(src/cloud_msgs) by extensions ['ros']
[0.383s] Level 1:colcon.colcon_core.package_identification:_identify(src/cloud_msgs) by extension 'ros'
[0.383s] DEBUG:colcon.colcon_core.package_identification:Package 'src/cloud_msgs' with type 'ros.ament_cmake' and name 'cloud_msgs'
[0.384s] Level 1:colcon.colcon_core.package_identification:_identify(src/data-publisher) by extensions ['ignore', 'ignore_ament_install']
[0.384s] Level 1:colcon.colcon_core.package_identification:_identify(src/data-publisher) by extension 'ignore'
[0.384s] Level 1:colcon.colcon_core.package_identification:_identify(src/data-publisher) by extension 'ignore_ament_install'
[0.384s] Level 1:colcon.colcon_core.package_identification:_identify(src/data-publisher) by extensions ['colcon_pkg']
[0.384s] Level 1:colcon.colcon_core.package_identification:_identify(src/data-publisher) by extension 'colcon_pkg'
[0.384s] Level 1:colcon.colcon_core.package_identification:_identify(src/data-publisher) by extensions ['colcon_meta']
[0.384s] Level 1:colcon.colcon_core.package_identification:_identify(src/data-publisher) by extension 'colcon_meta'
[0.384s] Level 1:colcon.colcon_core.package_identification:_identify(src/data-publisher) by extensions ['ros']
[0.384s] Level 1:colcon.colcon_core.package_identification:_identify(src/data-publisher) by extension 'ros'
[0.385s] DEBUG:colcon.colcon_core.package_identification:Package 'src/data-publisher' with type 'ros.ament_cmake' and name 'data-publisher'
[0.385s] Level 1:colcon.colcon_core.package_identification:_identify(src/map) by extensions ['ignore', 'ignore_ament_install']
[0.385s] Level 1:colcon.colcon_core.package_identification:_identify(src/map) by extension 'ignore'
[0.385s] Level 1:colcon.colcon_core.package_identification:_identify(src/map) by extension 'ignore_ament_install'
[0.385s] Level 1:colcon.colcon_core.package_identification:_identify(src/map) by extensions ['colcon_pkg']
[0.385s] Level 1:colcon.colcon_core.package_identification:_identify(src/map) by extension 'colcon_pkg'
[0.385s] Level 1:colcon.colcon_core.package_identification:_identify(src/map) by extensions ['colcon_meta']
[0.385s] Level 1:colcon.colcon_core.package_identification:_identify(src/map) by extension 'colcon_meta'
[0.385s] Level 1:colcon.colcon_core.package_identification:_identify(src/map) by extensions ['ros']
[0.385s] Level 1:colcon.colcon_core.package_identification:_identify(src/map) by extension 'ros'
[0.386s] DEBUG:colcon.colcon_core.package_identification:Package 'src/map' with type 'ros.ament_cmake' and name 'map'
[0.386s] Level 1:colcon.colcon_core.package_identification:_identify(src/ndt-lidar-radar) by extensions ['ignore', 'ignore_ament_install']
[0.386s] Level 1:colcon.colcon_core.package_identification:_identify(src/ndt-lidar-radar) by extension 'ignore'
[0.386s] Level 1:colcon.colcon_core.package_identification:_identify(src/ndt-lidar-radar) by extension 'ignore_ament_install'
[0.386s] Level 1:colcon.colcon_core.package_identification:_identify(src/ndt-lidar-radar) by extensions ['colcon_pkg']
[0.386s] Level 1:colcon.colcon_core.package_identification:_identify(src/ndt-lidar-radar) by extension 'colcon_pkg'
[0.386s] Level 1:colcon.colcon_core.package_identification:_identify(src/ndt-lidar-radar) by extensions ['colcon_meta']
[0.387s] Level 1:colcon.colcon_core.package_identification:_identify(src/ndt-lidar-radar) by extension 'colcon_meta'
[0.387s] Level 1:colcon.colcon_core.package_identification:_identify(src/ndt-lidar-radar) by extensions ['ros']
[0.387s] Level 1:colcon.colcon_core.package_identification:_identify(src/ndt-lidar-radar) by extension 'ros'
[0.387s] DEBUG:colcon.colcon_core.package_identification:Package 'src/ndt-lidar-radar' with type 'ros.ament_cmake' and name 'ndt-lidar-radar'
[0.387s] Level 1:colcon.colcon_core.package_identification:_identify(src/radar-odometry) by extensions ['ignore', 'ignore_ament_install']
[0.387s] Level 1:colcon.colcon_core.package_identification:_identify(src/radar-odometry) by extension 'ignore'
[0.388s] Level 1:colcon.colcon_core.package_identification:_identify(src/radar-odometry) by extension 'ignore_ament_install'
[0.388s] Level 1:colcon.colcon_core.package_identification:_identify(src/radar-odometry) by extensions ['colcon_pkg']
[0.388s] Level 1:colcon.colcon_core.package_identification:_identify(src/radar-odometry) by extension 'colcon_pkg'
[0.388s] Level 1:colcon.colcon_core.package_identification:_identify(src/radar-odometry) by extensions ['colcon_meta']
[0.388s] Level 1:colcon.colcon_core.package_identification:_identify(src/radar-odometry) by extension 'colcon_meta'
[0.388s] Level 1:colcon.colcon_core.package_identification:_identify(src/radar-odometry) by extensions ['ros']
[0.388s] Level 1:colcon.colcon_core.package_identification:_identify(src/radar-odometry) by extension 'ros'
[0.388s] DEBUG:colcon.colcon_core.package_identification:Package 'src/radar-odometry' with type 'ros.ament_cmake' and name 'radar-odometry'
[0.389s] Level 1:colcon.colcon_core.package_discovery:discover_packages(recursive) using defaults
[0.389s] Level 1:colcon.colcon_core.package_discovery:discover_packages(ignore) discover
[0.389s] Level 1:colcon.colcon_core.package_discovery:discover_packages(ignore) using defaults
[0.389s] Level 1:colcon.colcon_core.package_discovery:discover_packages(path) discover
[0.389s] Level 1:colcon.colcon_core.package_discovery:discover_packages(path) using defaults
[0.413s] INFO:colcon.colcon_core.package_selection:Skipping not selected package 'a-loam' in 'src/a-loam'
[0.413s] INFO:colcon.colcon_core.package_selection:Skipping not selected package 'cloud_msgs' in 'src/cloud_msgs'
[0.413s] INFO:colcon.colcon_core.package_selection:Skipping not selected package 'data-publisher' in 'src/data-publisher'
[0.413s] INFO:colcon.colcon_core.package_selection:Skipping not selected package 'map' in 'src/map'
[0.413s] INFO:colcon.colcon_core.package_selection:Skipping not selected package 'ndt-lidar-radar' in 'src/ndt-lidar-radar'
[0.414s] Level 1:colcon.colcon_core.package_discovery:discover_packages(prefix_path) check parameters
[0.414s] Level 1:colcon.colcon_core.package_discovery:discover_packages(prefix_path) discover
[0.417s] DEBUG:colcon.colcon_installed_package_information.package_discovery:Found 7 installed packages in /home/evan/code/ndt-loc/install
[0.418s] DEBUG:colcon.colcon_installed_package_information.package_discovery:Found 270 installed packages in /opt/ros/humble
[0.420s] Level 1:colcon.colcon_core.package_discovery:discover_packages(prefix_path) using defaults
[0.482s] Level 5:colcon.colcon_core.verb:set package 'radar-odometry' build argument 'cmake_args' from command line to 'None'
[0.482s] Level 5:colcon.colcon_core.verb:set package 'radar-odometry' build argument 'cmake_target' from command line to 'None'
[0.482s] Level 5:colcon.colcon_core.verb:set package 'radar-odometry' build argument 'cmake_target_skip_unavailable' from command line to 'False'
[0.482s] Level 5:colcon.colcon_core.verb:set package 'radar-odometry' build argument 'cmake_clean_cache' from command line to 'False'
[0.482s] Level 5:colcon.colcon_core.verb:set package 'radar-odometry' build argument 'cmake_clean_first' from command line to 'False'
[0.482s] Level 5:colcon.colcon_core.verb:set package 'radar-odometry' build argument 'cmake_force_configure' from command line to 'False'
[0.483s] Level 5:colcon.colcon_core.verb:set package 'radar-odometry' build argument 'ament_cmake_args' from command line to 'None'
[0.483s] Level 5:colcon.colcon_core.verb:set package 'radar-odometry' build argument 'catkin_cmake_args' from command line to 'None'
[0.483s] Level 5:colcon.colcon_core.verb:set package 'radar-odometry' build argument 'catkin_skip_building_tests' from command line to 'False'
[0.483s] DEBUG:colcon.colcon_core.verb:Building package 'radar-odometry' with the following arguments: {'ament_cmake_args': None, 'build_base': '/home/evan/code/ndt-loc/build/radar-odometry', 'catkin_cmake_args': None, 'catkin_skip_building_tests': False, 'cmake_args': None, 'cmake_clean_cache': False, 'cmake_clean_first': False, 'cmake_force_configure': False, 'cmake_target': None, 'cmake_target_skip_unavailable': False, 'install_base': '/home/evan/code/ndt-loc/install/radar-odometry', 'merge_install': False, 'path': '/home/evan/code/ndt-loc/src/radar-odometry', 'symlink_install': False, 'test_result_base': None}
[0.483s] INFO:colcon.colcon_core.executor:Executing jobs using 'parallel' executor
[0.487s] DEBUG:colcon.colcon_parallel_executor.executor.parallel:run_until_complete
[0.487s] INFO:colcon.colcon_ros.task.ament_cmake.build:Building ROS package in '/home/evan/code/ndt-loc/src/radar-odometry' with build type 'ament_cmake'
[0.487s] INFO:colcon.colcon_cmake.task.cmake.build:Building CMake package in '/home/evan/code/ndt-loc/src/radar-odometry'
[0.493s] INFO:colcon.colcon_core.plugin_system:Skipping extension 'colcon_core.shell.bat': Not used on non-Windows systems
[0.494s] INFO:colcon.colcon_core.shell:Skip shell extension 'powershell' for command environment: Not usable outside of PowerShell
[0.494s] DEBUG:colcon.colcon_core.shell:Skip shell extension 'dsv' for command environment
[5.559s] DEBUG:colcon.colcon_core.event_handler.log_command:Invoking command in '/home/evan/code/ndt-loc/build/radar-odometry': CMAKE_PREFIX_PATH=${CMAKE_PREFIX_PATH}:/opt/ros/humble /usr/bin/cmake --build /home/evan/code/ndt-loc/build/radar-odometry -- -j4 -l4
[21.831s] DEBUG:colcon.colcon_core.event_handler.log_command:Invoked command in '/home/evan/code/ndt-loc/build/radar-odometry' returned '0': CMAKE_PREFIX_PATH=${CMAKE_PREFIX_PATH}:/opt/ros/humble /usr/bin/cmake --build /home/evan/code/ndt-loc/build/radar-odometry -- -j4 -l4
[21.872s] DEBUG:colcon.colcon_core.event_handler.log_command:Invoking command in '/home/evan/code/ndt-loc/build/radar-odometry': CMAKE_PREFIX_PATH=${CMAKE_PREFIX_PATH}:/opt/ros/humble /usr/bin/cmake --install /home/evan/code/ndt-loc/build/radar-odometry
[21.887s] Level 1:colcon.colcon_core.environment:create_environment_scripts_only(radar-odometry)
[21.889s] DEBUG:colcon.colcon_core.event_handler.log_command:Invoked command in '/home/evan/code/ndt-loc/build/radar-odometry' returned '0': CMAKE_PREFIX_PATH=${CMAKE_PREFIX_PATH}:/opt/ros/humble /usr/bin/cmake --install /home/evan/code/ndt-loc/build/radar-odometry
[21.893s] Level 1:colcon.colcon_core.environment:checking '/home/evan/code/ndt-loc/install/radar-odometry' for CMake module files
[21.893s] Level 1:colcon.colcon_core.environment:checking '/home/evan/code/ndt-loc/install/radar-odometry' for CMake config files
[21.893s] Level 1:colcon.colcon_core.shell:create_environment_hook('radar-odometry', 'cmake_prefix_path')
[21.895s] INFO:colcon.colcon_core.shell:Creating environment hook '/home/evan/code/ndt-loc/install/radar-odometry/share/radar-odometry/hook/cmake_prefix_path.ps1'
[21.896s] INFO:colcon.colcon_core.shell:Creating environment descriptor '/home/evan/code/ndt-loc/install/radar-odometry/share/radar-odometry/hook/cmake_prefix_path.dsv'
[21.896s] INFO:colcon.colcon_core.shell:Creating environment hook '/home/evan/code/ndt-loc/install/radar-odometry/share/radar-odometry/hook/cmake_prefix_path.sh'
[21.898s] Level 1:colcon.colcon_core.environment:checking '/home/evan/code/ndt-loc/install/radar-odometry/lib'
[21.898s] Level 1:colcon.colcon_core.environment:checking '/home/evan/code/ndt-loc/install/radar-odometry/bin'
[21.898s] Level 1:colcon.colcon_core.environment:checking '/home/evan/code/ndt-loc/install/radar-odometry/lib/pkgconfig/radar-odometry.pc'
[21.898s] Level 1:colcon.colcon_core.environment:checking '/home/evan/code/ndt-loc/install/radar-odometry/lib/python3.10/site-packages'
[21.898s] Level 1:colcon.colcon_core.environment:checking '/home/evan/code/ndt-loc/install/radar-odometry/bin'
[21.900s] INFO:colcon.colcon_core.shell:Creating package script '/home/evan/code/ndt-loc/install/radar-odometry/share/radar-odometry/package.ps1'
[21.901s] INFO:colcon.colcon_core.shell:Creating package descriptor '/home/evan/code/ndt-loc/install/radar-odometry/share/radar-odometry/package.dsv'
[21.902s] INFO:colcon.colcon_core.shell:Creating package script '/home/evan/code/ndt-loc/install/radar-odometry/share/radar-odometry/package.sh'
[21.902s] INFO:colcon.colcon_core.shell:Creating package script '/home/evan/code/ndt-loc/install/radar-odometry/share/radar-odometry/package.bash'
[21.903s] INFO:colcon.colcon_core.shell:Creating package script '/home/evan/code/ndt-loc/install/radar-odometry/share/radar-odometry/package.zsh'
[21.904s] Level 1:colcon.colcon_core.environment:create_file_with_runtime_dependencies(/home/evan/code/ndt-loc/install/radar-odometry/share/colcon-core/packages/radar-odometry)
[21.934s] Level 1:colcon.colcon_core.environment:create_environment_scripts_only(radar-odometry)
[21.936s] Level 1:colcon.colcon_core.environment:checking '/home/evan/code/ndt-loc/install/radar-odometry' for CMake module files
[21.936s] Level 1:colcon.colcon_core.environment:checking '/home/evan/code/ndt-loc/install/radar-odometry' for CMake config files
[21.937s] Level 1:colcon.colcon_core.shell:create_environment_hook('radar-odometry', 'cmake_prefix_path')
[21.938s] INFO:colcon.colcon_core.shell:Creating environment hook '/home/evan/code/ndt-loc/install/radar-odometry/share/radar-odometry/hook/cmake_prefix_path.ps1'
[21.938s] INFO:colcon.colcon_core.shell:Creating environment descriptor '/home/evan/code/ndt-loc/install/radar-odometry/share/radar-odometry/hook/cmake_prefix_path.dsv'
[21.939s] INFO:colcon.colcon_core.shell:Creating environment hook '/home/evan/code/ndt-loc/install/radar-odometry/share/radar-odometry/hook/cmake_prefix_path.sh'
[21.939s] Level 1:colcon.colcon_core.environment:checking '/home/evan/code/ndt-loc/install/radar-odometry/lib'
[21.939s] Level 1:colcon.colcon_core.environment:checking '/home/evan/code/ndt-loc/install/radar-odometry/bin'
[21.939s] Level 1:colcon.colcon_core.environment:checking '/home/evan/code/ndt-loc/install/radar-odometry/lib/pkgconfig/radar-odometry.pc'
[21.940s] Level 1:colcon.colcon_core.environment:checking '/home/evan/code/ndt-loc/install/radar-odometry/lib/python3.10/site-packages'
[21.940s] Level 1:colcon.colcon_core.environment:checking '/home/evan/code/ndt-loc/install/radar-odometry/bin'
[21.941s] INFO:colcon.colcon_core.shell:Creating package script '/home/evan/code/ndt-loc/install/radar-odometry/share/radar-odometry/package.ps1'
[21.942s] INFO:colcon.colcon_core.shell:Creating package descriptor '/home/evan/code/ndt-loc/install/radar-odometry/share/radar-odometry/package.dsv'
[21.942s] INFO:colcon.colcon_core.shell:Creating package script '/home/evan/code/ndt-loc/install/radar-odometry/share/radar-odometry/package.sh'
[21.943s] INFO:colcon.colcon_core.shell:Creating package script '/home/evan/code/ndt-loc/install/radar-odometry/share/radar-odometry/package.bash'
[21.943s] INFO:colcon.colcon_core.shell:Creating package script '/home/evan/code/ndt-loc/install/radar-odometry/share/radar-odometry/package.zsh'
[21.943s] Level 1:colcon.colcon_core.environment:create_file_with_runtime_dependencies(/home/evan/code/ndt-loc/install/radar-odometry/share/colcon-core/packages/radar-odometry)
[21.944s] DEBUG:colcon.colcon_parallel_executor.executor.parallel:closing loop
[21.945s] DEBUG:colcon.colcon_parallel_executor.executor.parallel:loop closed
[21.945s] DEBUG:colcon.colcon_parallel_executor.executor.parallel:run_until_complete finished with '0'
[21.945s] DEBUG:colcon.colcon_core.event_reactor:joining thread
[21.952s] INFO:colcon.colcon_core.plugin_system:Skipping extension 'colcon_notification.desktop_notification.terminal_notifier': Not used on non-Darwin systems
[21.952s] INFO:colcon.colcon_core.plugin_system:Skipping extension 'colcon_notification.desktop_notification.win32': Not used on non-Windows systems
[21.952s] INFO:colcon.colcon_notification.desktop_notification:Sending desktop notification using 'notify2'
[21.966s] DEBUG:colcon.colcon_core.event_reactor:joined thread
[21.968s] INFO:colcon.colcon_core.shell:Creating prefix script '/home/evan/code/ndt-loc/install/local_setup.ps1'
[21.969s] INFO:colcon.colcon_core.shell:Creating prefix util module '/home/evan/code/ndt-loc/install/_local_setup_util_ps1.py'
[21.971s] INFO:colcon.colcon_core.shell:Creating prefix chain script '/home/evan/code/ndt-loc/install/setup.ps1'
[21.974s] INFO:colcon.colcon_core.shell:Creating prefix script '/home/evan/code/ndt-loc/install/local_setup.sh'
[21.974s] INFO:colcon.colcon_core.shell:Creating prefix util module '/home/evan/code/ndt-loc/install/_local_setup_util_sh.py'
[21.975s] INFO:colcon.colcon_core.shell:Creating prefix chain script '/home/evan/code/ndt-loc/install/setup.sh'
[21.977s] INFO:colcon.colcon_core.shell:Creating prefix script '/home/evan/code/ndt-loc/install/local_setup.bash'
[21.977s] INFO:colcon.colcon_core.shell:Creating prefix chain script '/home/evan/code/ndt-loc/install/setup.bash'
[21.980s] INFO:colcon.colcon_core.shell:Creating prefix script '/home/evan/code/ndt-loc/install/local_setup.zsh'
[21.981s] INFO:colcon.colcon_core.shell:Creating prefix chain script '/home/evan/code/ndt-loc/install/setup.zsh'
