[0.016s] Invoking command in '/home/evan/code/ndt-loc/build/cloud_msgs': CMAKE_PREFIX_PATH=${CMAKE_PREFIX_PATH}:/opt/ros/humble /usr/bin/cmake /home/evan/code/ndt-loc/src/cloud_msgs -DCMAKE_INSTALL_PREFIX=/home/evan/code/ndt-loc/install/cloud_msgs
[0.027s] -- Found ament_cmake: 1.3.3 (/opt/ros/humble/share/ament_cmake/cmake)
[0.179s] -- Found std_msgs: 4.2.3 (/opt/ros/humble/share/std_msgs/cmake)
[0.207s] -- Found rosidl_generator_c: 3.1.4 (/opt/ros/humble/share/rosidl_generator_c/cmake)
[0.210s] -- Found rosidl_adapter: 3.1.4 (/opt/ros/humble/share/rosidl_adapter/cmake)
[0.216s] -- Found rosidl_generator_cpp: 3.1.4 (/opt/ros/humble/share/rosidl_generator_cpp/cmake)
[0.229s] -- Using all available rosidl_typesupport_c: rosidl_typesupport_fastrtps_c;rosidl_typesupport_introspection_c
[0.248s] -- Using all available rosidl_typesupport_cpp: rosidl_typesupport_fastrtps_cpp;rosidl_typesupport_introspection_cpp
[0.307s] -- Found rosidl_default_generators: 1.2.0 (/opt/ros/humble/share/rosidl_default_generators/cmake)
[0.315s] [31mCMake Error at /opt/ros/humble/share/rosidl_cmake/cmake/rosidl_generate_interfaces.cmake:93 (message):
[0.315s]   rosidl_generate_interfaces() the passed file 'msg/CloudInfo.msg' doesn't
[0.315s]   exist relative to the CMAKE_CURRENT_SOURCE_DIR
[0.316s]   '/home/evan/code/ndt-loc/src/cloud_msgs'
[0.316s] Call Stack (most recent call first):
[0.316s]   CMakeLists.txt:8 (rosidl_generate_interfaces)
[0.316s] 
[0.316s] [0m
[0.318s] -- Configuring incomplete, errors occurred!
[0.318s] See also "/home/evan/code/ndt-loc/build/cloud_msgs/CMakeFiles/CMakeOutput.log".
[0.320s] Invoked command in '/home/evan/code/ndt-loc/build/cloud_msgs' returned '1': CMAKE_PREFIX_PATH=${CMAKE_PREFIX_PATH}:/opt/ros/humble /usr/bin/cmake /home/evan/code/ndt-loc/src/cloud_msgs -DCMAKE_INSTALL_PREFIX=/home/evan/code/ndt-loc/install/cloud_msgs
