[0.020s] Invoking command in '/home/evan/code/ndt-loc/build/map': CMAKE_PREFIX_PATH=${CMAKE_PREFIX_PATH}:/opt/ros/humble /usr/bin/cmake --build /home/evan/code/ndt-loc/build/map -- -j4 -l4
[0.100s] [ 20%] Built target lidar_data_node
[0.142s] [ 40%] Built target show_map_node
[0.183s] [ 50%] [32mBuilding CXX object CMakeFiles/mapping_node.dir/src/GroundTruth.cpp.o[0m
[15.000s] [ 60%] [32m[1mLinking CXX executable mapping_node[0m
[34.768s] [ 60%] Built target mapping_node
[34.833s] [ 80%] Built target front_end_node
[34.874s] [100%] Built target image_projection_node
[34.887s] Invoked command in '/home/evan/code/ndt-loc/build/map' returned '0': CMAKE_PREFIX_PATH=${CMAKE_PREFIX_PATH}:/opt/ros/humble /usr/bin/cmake --build /home/evan/code/ndt-loc/build/map -- -j4 -l4
[34.939s] Invoking command in '/home/evan/code/ndt-loc/build/map': CMAKE_PREFIX_PATH=${CMAKE_PREFIX_PATH}:/opt/ros/humble /usr/bin/cmake --install /home/evan/code/ndt-loc/build/map
[34.995s] -- Install configuration: ""
[35.096s] -- Up-to-date: /home/evan/code/ndt-loc/install/map/lib/map/lidar_data_node
[35.172s] -- Up-to-date: /home/evan/code/ndt-loc/install/map/lib/map/image_projection_node
[35.223s] -- Up-to-date: /home/evan/code/ndt-loc/install/map/lib/map/front_end_node
[35.277s] -- Up-to-date: /home/evan/code/ndt-loc/install/map/lib/map/show_map_node
[35.395s] -- Installing: /home/evan/code/ndt-loc/install/map/lib/map/mapping_node
[35.444s] -- Set runtime path of "/home/evan/code/ndt-loc/install/map/lib/map/mapping_node" to ""
[35.445s] -- Up-to-date: /home/evan/code/ndt-loc/install/map/share/ament_index/resource_index/package_run_dependencies/map
[35.445s] -- Up-to-date: /home/evan/code/ndt-loc/install/map/share/ament_index/resource_index/parent_prefix_path/map
[35.446s] -- Up-to-date: /home/evan/code/ndt-loc/install/map/share/map/environment/ament_prefix_path.sh
[35.447s] -- Up-to-date: /home/evan/code/ndt-loc/install/map/share/map/environment/ament_prefix_path.dsv
[35.447s] -- Up-to-date: /home/evan/code/ndt-loc/install/map/share/map/environment/path.sh
[35.447s] -- Up-to-date: /home/evan/code/ndt-loc/install/map/share/map/environment/path.dsv
[35.448s] -- Up-to-date: /home/evan/code/ndt-loc/install/map/share/map/local_setup.bash
[35.448s] -- Up-to-date: /home/evan/code/ndt-loc/install/map/share/map/local_setup.sh
[35.448s] -- Up-to-date: /home/evan/code/ndt-loc/install/map/share/map/local_setup.zsh
[35.448s] -- Up-to-date: /home/evan/code/ndt-loc/install/map/share/map/local_setup.dsv
[35.449s] -- Installing: /home/evan/code/ndt-loc/install/map/share/map/package.dsv
[35.460s] -- Up-to-date: /home/evan/code/ndt-loc/install/map/share/ament_index/resource_index/packages/map
[35.461s] -- Up-to-date: /home/evan/code/ndt-loc/install/map/share/map/cmake/ament_cmake_export_include_directories-extras.cmake
[35.461s] -- Up-to-date: /home/evan/code/ndt-loc/install/map/share/map/cmake/mapConfig.cmake
[35.462s] -- Up-to-date: /home/evan/code/ndt-loc/install/map/share/map/cmake/mapConfig-version.cmake
[35.462s] -- Up-to-date: /home/evan/code/ndt-loc/install/map/share/map/package.xml
[35.469s] Invoked command in '/home/evan/code/ndt-loc/build/map' returned '0': CMAKE_PREFIX_PATH=${CMAKE_PREFIX_PATH}:/opt/ros/humble /usr/bin/cmake --install /home/evan/code/ndt-loc/build/map
