[0.019s] Invoking command in '/home/evan/code/ndt-loc/build/map': CMAKE_PREFIX_PATH=${CMAKE_PREFIX_PATH}:/opt/ros/humble /usr/bin/cmake --build /home/evan/code/ndt-loc/build/map -- -j4 -l4
[0.095s] [35m[1mConsolidate compiler generated dependencies of target show_map_node[0m
[0.108s] [ 25%] Built target lidar_data_node
[0.117s] [ 50%] Built target front_end_node
[0.132s] [ 62%] [32mBuilding CXX object CMakeFiles/show_map_node.dir/src/ShowMap.cpp.o[0m
[0.134s] [ 87%] Built target image_projection_node
[12.423s] [100%] [32m[1mLinking CXX executable show_map_node[0m
[13.195s] [100%] Built target show_map_node
[13.209s] Invoked command in '/home/evan/code/ndt-loc/build/map' returned '0': CMAKE_PREFIX_PATH=${CMAKE_PREFIX_PATH}:/opt/ros/humble /usr/bin/cmake --build /home/evan/code/ndt-loc/build/map -- -j4 -l4
[13.260s] Invoking command in '/home/evan/code/ndt-loc/build/map': CMAKE_PREFIX_PATH=${CMAKE_PREFIX_PATH}:/opt/ros/humble /usr/bin/cmake --install /home/evan/code/ndt-loc/build/map
[13.267s] -- Install configuration: ""
[13.268s] -- Up-to-date: /home/evan/code/ndt-loc/install/map/lib/map/lidar_data_node
[13.268s] -- Up-to-date: /home/evan/code/ndt-loc/install/map/lib/map/image_projection_node
[13.268s] -- Up-to-date: /home/evan/code/ndt-loc/install/map/lib/map/front_end_node
[13.269s] -- Installing: /home/evan/code/ndt-loc/install/map/lib/map/show_map_node
[13.271s] -- Set runtime path of "/home/evan/code/ndt-loc/install/map/lib/map/show_map_node" to ""
[13.271s] -- Up-to-date: /home/evan/code/ndt-loc/install/map/share/ament_index/resource_index/package_run_dependencies/map
[13.271s] -- Up-to-date: /home/evan/code/ndt-loc/install/map/share/ament_index/resource_index/parent_prefix_path/map
[13.271s] -- Up-to-date: /home/evan/code/ndt-loc/install/map/share/map/environment/ament_prefix_path.sh
[13.271s] -- Up-to-date: /home/evan/code/ndt-loc/install/map/share/map/environment/ament_prefix_path.dsv
[13.271s] -- Up-to-date: /home/evan/code/ndt-loc/install/map/share/map/environment/path.sh
[13.272s] -- Up-to-date: /home/evan/code/ndt-loc/install/map/share/map/environment/path.dsv
[13.272s] -- Up-to-date: /home/evan/code/ndt-loc/install/map/share/map/local_setup.bash
[13.272s] -- Up-to-date: /home/evan/code/ndt-loc/install/map/share/map/local_setup.sh
[13.272s] -- Up-to-date: /home/evan/code/ndt-loc/install/map/share/map/local_setup.zsh
[13.272s] -- Up-to-date: /home/evan/code/ndt-loc/install/map/share/map/local_setup.dsv
[13.272s] -- Installing: /home/evan/code/ndt-loc/install/map/share/map/package.dsv
[13.272s] -- Up-to-date: /home/evan/code/ndt-loc/install/map/share/ament_index/resource_index/packages/map
[13.272s] -- Up-to-date: /home/evan/code/ndt-loc/install/map/share/map/cmake/ament_cmake_export_include_directories-extras.cmake
[13.272s] -- Up-to-date: /home/evan/code/ndt-loc/install/map/share/map/cmake/mapConfig.cmake
[13.272s] -- Up-to-date: /home/evan/code/ndt-loc/install/map/share/map/cmake/mapConfig-version.cmake
[13.272s] -- Up-to-date: /home/evan/code/ndt-loc/install/map/share/map/package.xml
[13.275s] Invoked command in '/home/evan/code/ndt-loc/build/map' returned '0': CMAKE_PREFIX_PATH=${CMAKE_PREFIX_PATH}:/opt/ros/humble /usr/bin/cmake --install /home/evan/code/ndt-loc/build/map
