[0.304s] Invoking command in '/home/evan/code/ndt-loc/build/map': CMAKE_PREFIX_PATH=${CMAKE_PREFIX_PATH}:/opt/ros/humble /usr/bin/cmake --build /home/evan/code/ndt-loc/build/map -- -j4 -l4
[0.693s] [35m[1mConsolidate compiler generated dependencies of target lidar_data_node[0m
[0.704s] [35m[1mConsolidate compiler generated dependencies of target image_projection_node[0m
[0.726s] [35m[1mConsolidate compiler generated dependencies of target show_map_node[0m
[0.775s] [35m[1mConsolidate compiler generated dependencies of target front_end_node[0m
[0.826s] [ 12%] [32mBuilding CXX object CMakeFiles/image_projection_node.dir/src/ImageProjection.cpp.o[0m
[0.883s] [ 25%] [32mBuilding CXX object CMakeFiles/front_end_node.dir/src/FrontEnd.cpp.o[0m
[0.890s] [ 37%] [32mBuilding CXX object CMakeFiles/show_map_node.dir/src/ShowMap.cpp.o[0m
[0.891s] [ 50%] [32mBuilding CXX object CMakeFiles/lidar_data_node.dir/src/LidarData.cpp.o[0m
[26.722s] [ 62%] [32m[1mLinking CXX executable show_map_node[0m
[29.350s] [ 62%] Built target show_map_node
[30.007s] [ 75%] [32m[1mLinking CXX executable image_projection_node[0m
[30.306s] [ 87%] [32m[1mLinking CXX executable lidar_data_node[0m
[32.709s] [ 87%] Built target image_projection_node
[33.033s] [ 87%] Built target lidar_data_node
[41.099s] [100%] [32m[1mLinking CXX executable front_end_node[0m
[43.734s] [100%] Built target front_end_node
[43.761s] Invoked command in '/home/evan/code/ndt-loc/build/map' returned '0': CMAKE_PREFIX_PATH=${CMAKE_PREFIX_PATH}:/opt/ros/humble /usr/bin/cmake --build /home/evan/code/ndt-loc/build/map -- -j4 -l4
[43.802s] Invoking command in '/home/evan/code/ndt-loc/build/map': CMAKE_PREFIX_PATH=${CMAKE_PREFIX_PATH}:/opt/ros/humble /usr/bin/cmake --install /home/evan/code/ndt-loc/build/map
[43.966s] -- Install configuration: ""
[43.967s] -- Installing: /home/evan/code/ndt-loc/install/map/lib/map/lidar_data_node
[43.989s] -- Set runtime path of "/home/evan/code/ndt-loc/install/map/lib/map/lidar_data_node" to ""
[43.991s] -- Installing: /home/evan/code/ndt-loc/install/map/lib/map/image_projection_node
[44.005s] -- Set runtime path of "/home/evan/code/ndt-loc/install/map/lib/map/image_projection_node" to ""
[44.006s] -- Installing: /home/evan/code/ndt-loc/install/map/lib/map/front_end_node
[44.022s] -- Set runtime path of "/home/evan/code/ndt-loc/install/map/lib/map/front_end_node" to ""
[44.023s] -- Installing: /home/evan/code/ndt-loc/install/map/lib/map/show_map_node
[44.036s] -- Set runtime path of "/home/evan/code/ndt-loc/install/map/lib/map/show_map_node" to ""
[44.036s] -- Up-to-date: /home/evan/code/ndt-loc/install/map/share/ament_index/resource_index/package_run_dependencies/map
[44.037s] -- Up-to-date: /home/evan/code/ndt-loc/install/map/share/ament_index/resource_index/parent_prefix_path/map
[44.037s] -- Up-to-date: /home/evan/code/ndt-loc/install/map/share/map/environment/ament_prefix_path.sh
[44.038s] -- Up-to-date: /home/evan/code/ndt-loc/install/map/share/map/environment/ament_prefix_path.dsv
[44.038s] -- Up-to-date: /home/evan/code/ndt-loc/install/map/share/map/environment/path.sh
[44.039s] -- Up-to-date: /home/evan/code/ndt-loc/install/map/share/map/environment/path.dsv
[44.040s] -- Up-to-date: /home/evan/code/ndt-loc/install/map/share/map/local_setup.bash
[44.040s] -- Up-to-date: /home/evan/code/ndt-loc/install/map/share/map/local_setup.sh
[44.040s] -- Up-to-date: /home/evan/code/ndt-loc/install/map/share/map/local_setup.zsh
[44.040s] -- Up-to-date: /home/evan/code/ndt-loc/install/map/share/map/local_setup.dsv
[44.040s] -- Installing: /home/evan/code/ndt-loc/install/map/share/map/package.dsv
[44.131s] -- Up-to-date: /home/evan/code/ndt-loc/install/map/share/ament_index/resource_index/packages/map
[44.131s] -- Up-to-date: /home/evan/code/ndt-loc/install/map/share/map/cmake/ament_cmake_export_include_directories-extras.cmake
[44.131s] -- Up-to-date: /home/evan/code/ndt-loc/install/map/share/map/cmake/mapConfig.cmake
[44.131s] -- Up-to-date: /home/evan/code/ndt-loc/install/map/share/map/cmake/mapConfig-version.cmake
[44.131s] -- Up-to-date: /home/evan/code/ndt-loc/install/map/share/map/package.xml
[44.176s] Invoked command in '/home/evan/code/ndt-loc/build/map' returned '0': CMAKE_PREFIX_PATH=${CMAKE_PREFIX_PATH}:/opt/ros/humble /usr/bin/cmake --install /home/evan/code/ndt-loc/build/map
