[0.021s] Invoking command in '/home/evan/code/ndt-loc/build/map': CMAKE_PREFIX_PATH=${CMAKE_PREFIX_PATH}:/opt/ros/humble /usr/bin/cmake --build /home/evan/code/ndt-loc/build/map -- -j4 -l4
[0.112s] [ 20%] Built target front_end_node
[0.136s] [ 40%] Built target lidar_data_node
[0.139s] [ 60%] Built target image_projection_node
[0.149s] [35m[1mConsolidate compiler generated dependencies of target mapping_node[0m
[0.152s] [ 80%] Built target show_map_node
[0.203s] [ 90%] [32mBuilding CXX object CMakeFiles/mapping_node.dir/src/GroundTruth.cpp.o[0m
[13.719s] [100%] [32m[1mLinking CXX executable mapping_node[0m
[14.830s] [100%] Built target mapping_node
[14.845s] Invoked command in '/home/evan/code/ndt-loc/build/map' returned '0': CMAKE_PREFIX_PATH=${CMAKE_PREFIX_PATH}:/opt/ros/humble /usr/bin/cmake --build /home/evan/code/ndt-loc/build/map -- -j4 -l4
[14.925s] Invoking command in '/home/evan/code/ndt-loc/build/map': CMAKE_PREFIX_PATH=${CMAKE_PREFIX_PATH}:/opt/ros/humble /usr/bin/cmake --install /home/evan/code/ndt-loc/build/map
[14.934s] -- Install configuration: ""
[14.935s] -- Up-to-date: /home/evan/code/ndt-loc/install/map/lib/map/lidar_data_node
[14.935s] -- Up-to-date: /home/evan/code/ndt-loc/install/map/lib/map/image_projection_node
[14.935s] -- Up-to-date: /home/evan/code/ndt-loc/install/map/lib/map/front_end_node
[14.936s] -- Up-to-date: /home/evan/code/ndt-loc/install/map/lib/map/show_map_node
[14.936s] -- Installing: /home/evan/code/ndt-loc/install/map/lib/map/mapping_node
[14.938s] -- Set runtime path of "/home/evan/code/ndt-loc/install/map/lib/map/mapping_node" to ""
[14.939s] -- Up-to-date: /home/evan/code/ndt-loc/install/map/share/ament_index/resource_index/package_run_dependencies/map
[14.939s] -- Up-to-date: /home/evan/code/ndt-loc/install/map/share/ament_index/resource_index/parent_prefix_path/map
[14.939s] -- Up-to-date: /home/evan/code/ndt-loc/install/map/share/map/environment/ament_prefix_path.sh
[14.939s] -- Up-to-date: /home/evan/code/ndt-loc/install/map/share/map/environment/ament_prefix_path.dsv
[14.939s] -- Up-to-date: /home/evan/code/ndt-loc/install/map/share/map/environment/path.sh
[14.939s] -- Up-to-date: /home/evan/code/ndt-loc/install/map/share/map/environment/path.dsv
[14.939s] -- Up-to-date: /home/evan/code/ndt-loc/install/map/share/map/local_setup.bash
[14.939s] -- Up-to-date: /home/evan/code/ndt-loc/install/map/share/map/local_setup.sh
[14.939s] -- Up-to-date: /home/evan/code/ndt-loc/install/map/share/map/local_setup.zsh
[14.939s] -- Up-to-date: /home/evan/code/ndt-loc/install/map/share/map/local_setup.dsv
[14.939s] -- Installing: /home/evan/code/ndt-loc/install/map/share/map/package.dsv
[14.940s] -- Up-to-date: /home/evan/code/ndt-loc/install/map/share/ament_index/resource_index/packages/map
[14.940s] -- Up-to-date: /home/evan/code/ndt-loc/install/map/share/map/cmake/ament_cmake_export_include_directories-extras.cmake
[14.940s] -- Up-to-date: /home/evan/code/ndt-loc/install/map/share/map/cmake/mapConfig.cmake
[14.940s] -- Up-to-date: /home/evan/code/ndt-loc/install/map/share/map/cmake/mapConfig-version.cmake
[14.940s] -- Up-to-date: /home/evan/code/ndt-loc/install/map/share/map/package.xml
[14.950s] Invoked command in '/home/evan/code/ndt-loc/build/map' returned '0': CMAKE_PREFIX_PATH=${CMAKE_PREFIX_PATH}:/opt/ros/humble /usr/bin/cmake --install /home/evan/code/ndt-loc/build/map
