[0.026s] Invoking command in '/home/evan/code/ndt-loc/build/map': CMAKE_PREFIX_PATH=${CMAKE_PREFIX_PATH}:/opt/ros/humble /usr/bin/cmake --build /home/evan/code/ndt-loc/build/map -- -j4 -l4
[0.101s] [35m[1mConsolidate compiler generated dependencies of target lidar_data_node[0m
[0.112s] [35m[1mConsolidate compiler generated dependencies of target show_map_node[0m
[0.113s] [35m[1mConsolidate compiler generated dependencies of target front_end_node[0m
[0.127s] [35m[1mConsolidate compiler generated dependencies of target image_projection_node[0m
[0.216s] [ 12%] [32mBuilding CXX object CMakeFiles/image_projection_node.dir/src/ImageProjection.cpp.o[0m
[0.251s] [ 25%] [32mBuilding CXX object CMakeFiles/show_map_node.dir/src/ShowMap.cpp.o[0m
[0.252s] [ 37%] [32mBuilding CXX object CMakeFiles/front_end_node.dir/src/FrontEnd.cpp.o[0m
[0.276s] [ 50%] [32mBuilding CXX object CMakeFiles/lidar_data_node.dir/src/LidarData.cpp.o[0m
[24.191s] [ 62%] [32m[1mLinking CXX executable lidar_data_node[0m
[27.083s] [ 75%] [32m[1mLinking CXX executable show_map_node[0m
[27.181s] [ 75%] Built target lidar_data_node
[28.158s] [ 87%] [32m[1mLinking CXX executable image_projection_node[0m
[28.581s] [ 87%] Built target show_map_node
[29.664s] [ 87%] Built target image_projection_node
[38.559s] [100%] [32m[1mLinking CXX executable front_end_node[0m
[40.943s] [100%] Built target front_end_node
[40.954s] Invoked command in '/home/evan/code/ndt-loc/build/map' returned '0': CMAKE_PREFIX_PATH=${CMAKE_PREFIX_PATH}:/opt/ros/humble /usr/bin/cmake --build /home/evan/code/ndt-loc/build/map -- -j4 -l4
[40.993s] Invoking command in '/home/evan/code/ndt-loc/build/map': CMAKE_PREFIX_PATH=${CMAKE_PREFIX_PATH}:/opt/ros/humble /usr/bin/cmake --install /home/evan/code/ndt-loc/build/map
[41.000s] -- Install configuration: ""
[41.001s] -- Installing: /home/evan/code/ndt-loc/install/map/lib/map/lidar_data_node
[41.006s] -- Set runtime path of "/home/evan/code/ndt-loc/install/map/lib/map/lidar_data_node" to ""
[41.007s] -- Installing: /home/evan/code/ndt-loc/install/map/lib/map/image_projection_node
[41.013s] -- Set runtime path of "/home/evan/code/ndt-loc/install/map/lib/map/image_projection_node" to ""
[41.013s] -- Installing: /home/evan/code/ndt-loc/install/map/lib/map/front_end_node
[41.025s] -- Set runtime path of "/home/evan/code/ndt-loc/install/map/lib/map/front_end_node" to ""
[41.025s] -- Installing: /home/evan/code/ndt-loc/install/map/lib/map/show_map_node
[41.031s] -- Set runtime path of "/home/evan/code/ndt-loc/install/map/lib/map/show_map_node" to ""
[41.031s] -- Up-to-date: /home/evan/code/ndt-loc/install/map/share/ament_index/resource_index/package_run_dependencies/map
[41.031s] -- Up-to-date: /home/evan/code/ndt-loc/install/map/share/ament_index/resource_index/parent_prefix_path/map
[41.031s] -- Up-to-date: /home/evan/code/ndt-loc/install/map/share/map/environment/ament_prefix_path.sh
[41.031s] -- Up-to-date: /home/evan/code/ndt-loc/install/map/share/map/environment/ament_prefix_path.dsv
[41.031s] -- Up-to-date: /home/evan/code/ndt-loc/install/map/share/map/environment/path.sh
[41.031s] -- Up-to-date: /home/evan/code/ndt-loc/install/map/share/map/environment/path.dsv
[41.032s] -- Up-to-date: /home/evan/code/ndt-loc/install/map/share/map/local_setup.bash
[41.032s] -- Up-to-date: /home/evan/code/ndt-loc/install/map/share/map/local_setup.sh
[41.032s] -- Up-to-date: /home/evan/code/ndt-loc/install/map/share/map/local_setup.zsh
[41.032s] -- Up-to-date: /home/evan/code/ndt-loc/install/map/share/map/local_setup.dsv
[41.032s] -- Installing: /home/evan/code/ndt-loc/install/map/share/map/package.dsv
[41.032s] -- Up-to-date: /home/evan/code/ndt-loc/install/map/share/ament_index/resource_index/packages/map
[41.032s] -- Up-to-date: /home/evan/code/ndt-loc/install/map/share/map/cmake/ament_cmake_export_include_directories-extras.cmake
[41.032s] -- Up-to-date: /home/evan/code/ndt-loc/install/map/share/map/cmake/mapConfig.cmake
[41.032s] -- Up-to-date: /home/evan/code/ndt-loc/install/map/share/map/cmake/mapConfig-version.cmake
[41.032s] -- Up-to-date: /home/evan/code/ndt-loc/install/map/share/map/package.xml
[41.034s] Invoked command in '/home/evan/code/ndt-loc/build/map' returned '0': CMAKE_PREFIX_PATH=${CMAKE_PREFIX_PATH}:/opt/ros/humble /usr/bin/cmake --install /home/evan/code/ndt-loc/build/map
