[1.026s] Invoking command in '/home/evan/code/ndt-loc/build/map': CMAKE_PREFIX_PATH=${CMAKE_PREFIX_PATH}:/opt/ros/humble /usr/bin/cmake --build /home/evan/code/ndt-loc/build/map -- -j4 -l4
[1.121s] [35m[1mConsolidate compiler generated dependencies of target image_projection_node[0m
[1.141s] [ 12%] [32mBuilding CXX object CMakeFiles/lidar_data_node.dir/src/LidarData.cpp.o[0m
[1.173s] [ 37%] Built target front_end_node
[1.180s] [ 62%] Built target show_map_node
[1.342s] [ 87%] Built target image_projection_node
[19.753s] [100%] [32m[1mLinking CXX executable lidar_data_node[0m
[21.899s] [100%] Built target lidar_data_node
[21.910s] Invoked command in '/home/evan/code/ndt-loc/build/map' returned '0': CMAKE_PREFIX_PATH=${CMAKE_PREFIX_PATH}:/opt/ros/humble /usr/bin/cmake --build /home/evan/code/ndt-loc/build/map -- -j4 -l4
[21.949s] Invoking command in '/home/evan/code/ndt-loc/build/map': CMAKE_PREFIX_PATH=${CMAKE_PREFIX_PATH}:/opt/ros/humble /usr/bin/cmake --install /home/evan/code/ndt-loc/build/map
[21.956s] -- Install configuration: ""
[21.956s] -- Installing: /home/evan/code/ndt-loc/install/map/lib/map/lidar_data_node
[21.963s] -- Set runtime path of "/home/evan/code/ndt-loc/install/map/lib/map/lidar_data_node" to ""
[21.963s] -- Up-to-date: /home/evan/code/ndt-loc/install/map/lib/map/image_projection_node
[21.964s] -- Up-to-date: /home/evan/code/ndt-loc/install/map/lib/map/front_end_node
[21.964s] -- Up-to-date: /home/evan/code/ndt-loc/install/map/lib/map/show_map_node
[21.965s] -- Up-to-date: /home/evan/code/ndt-loc/install/map/share/ament_index/resource_index/package_run_dependencies/map
[21.965s] -- Up-to-date: /home/evan/code/ndt-loc/install/map/share/ament_index/resource_index/parent_prefix_path/map
[21.965s] -- Up-to-date: /home/evan/code/ndt-loc/install/map/share/map/environment/ament_prefix_path.sh
[21.965s] -- Up-to-date: /home/evan/code/ndt-loc/install/map/share/map/environment/ament_prefix_path.dsv
[21.965s] -- Up-to-date: /home/evan/code/ndt-loc/install/map/share/map/environment/path.sh
[21.966s] -- Up-to-date: /home/evan/code/ndt-loc/install/map/share/map/environment/path.dsv
[21.966s] -- Up-to-date: /home/evan/code/ndt-loc/install/map/share/map/local_setup.bash
[21.966s] -- Up-to-date: /home/evan/code/ndt-loc/install/map/share/map/local_setup.sh
[21.966s] -- Up-to-date: /home/evan/code/ndt-loc/install/map/share/map/local_setup.zsh
[21.966s] -- Up-to-date: /home/evan/code/ndt-loc/install/map/share/map/local_setup.dsv
[21.966s] -- Installing: /home/evan/code/ndt-loc/install/map/share/map/package.dsv
[21.966s] -- Up-to-date: /home/evan/code/ndt-loc/install/map/share/ament_index/resource_index/packages/map
[21.966s] -- Up-to-date: /home/evan/code/ndt-loc/install/map/share/map/cmake/ament_cmake_export_include_directories-extras.cmake
[21.966s] -- Up-to-date: /home/evan/code/ndt-loc/install/map/share/map/cmake/mapConfig.cmake
[21.966s] -- Up-to-date: /home/evan/code/ndt-loc/install/map/share/map/cmake/mapConfig-version.cmake
[21.966s] -- Up-to-date: /home/evan/code/ndt-loc/install/map/share/map/package.xml
[21.970s] Invoked command in '/home/evan/code/ndt-loc/build/map' returned '0': CMAKE_PREFIX_PATH=${CMAKE_PREFIX_PATH}:/opt/ros/humble /usr/bin/cmake --install /home/evan/code/ndt-loc/build/map
