[0.053s] Invoking command in '/home/evan/code/ndt-loc/build/map': CMAKE_PREFIX_PATH=${CMAKE_PREFIX_PATH}:/opt/ros/humble /usr/bin/cmake --build /home/evan/code/ndt-loc/build/map -- -j4 -l4
[0.360s] [35m[1mConsolidate compiler generated dependencies of target LidarData[0m
[0.583s] [100%] Built target LidarData
[0.607s] Invoked command in '/home/evan/code/ndt-loc/build/map' returned '0': CMAKE_PREFIX_PATH=${CMAKE_PREFIX_PATH}:/opt/ros/humble /usr/bin/cmake --build /home/evan/code/ndt-loc/build/map -- -j4 -l4
[0.643s] Invoking command in '/home/evan/code/ndt-loc/build/map': CMAKE_PREFIX_PATH=${CMAKE_PREFIX_PATH}:/opt/ros/humble /usr/bin/cmake --install /home/evan/code/ndt-loc/build/map
[0.660s] -- Install configuration: ""
[0.685s] -- Up-to-date: /home/evan/code/ndt-loc/install/map/lib/map/LidarData
[0.685s] -- Up-to-date: /home/evan/code/ndt-loc/install/map/share/ament_index/resource_index/package_run_dependencies/map
[0.685s] -- Up-to-date: /home/evan/code/ndt-loc/install/map/share/ament_index/resource_index/parent_prefix_path/map
[0.685s] -- Up-to-date: /home/evan/code/ndt-loc/install/map/share/map/environment/ament_prefix_path.sh
[0.685s] -- Up-to-date: /home/evan/code/ndt-loc/install/map/share/map/environment/ament_prefix_path.dsv
[0.685s] -- Up-to-date: /home/evan/code/ndt-loc/install/map/share/map/environment/path.sh
[0.685s] -- Up-to-date: /home/evan/code/ndt-loc/install/map/share/map/environment/path.dsv
[0.685s] -- Up-to-date: /home/evan/code/ndt-loc/install/map/share/map/local_setup.bash
[0.686s] -- Up-to-date: /home/evan/code/ndt-loc/install/map/share/map/local_setup.sh
[0.686s] -- Up-to-date: /home/evan/code/ndt-loc/install/map/share/map/local_setup.zsh
[0.686s] -- Up-to-date: /home/evan/code/ndt-loc/install/map/share/map/local_setup.dsv
[0.686s] -- Installing: /home/evan/code/ndt-loc/install/map/share/map/package.dsv
[0.707s] -- Up-to-date: /home/evan/code/ndt-loc/install/map/share/ament_index/resource_index/packages/map
[0.707s] -- Up-to-date: /home/evan/code/ndt-loc/install/map/share/map/cmake/ament_cmake_export_include_directories-extras.cmake
[0.707s] -- Up-to-date: /home/evan/code/ndt-loc/install/map/share/map/cmake/mapConfig.cmake
[0.707s] -- Up-to-date: /home/evan/code/ndt-loc/install/map/share/map/cmake/mapConfig-version.cmake
[0.707s] -- Up-to-date: /home/evan/code/ndt-loc/install/map/share/map/package.xml
[0.711s] Invoked command in '/home/evan/code/ndt-loc/build/map' returned '0': CMAKE_PREFIX_PATH=${CMAKE_PREFIX_PATH}:/opt/ros/humble /usr/bin/cmake --install /home/evan/code/ndt-loc/build/map
