[0.019s] Invoking command in '/home/evan/code/ndt-loc/build/a-loam': CMAKE_PREFIX_PATH=${CMAKE_PREFIX_PATH}:/opt/ros/humble /usr/bin/cmake --build /home/evan/code/ndt-loc/build/a-loam -- -j4 -l4
[0.071s] [35m[1mConsolidate compiler generated dependencies of target laser_odometry_node[0m
[0.092s] [ 50%] Built target scan_registration_node
[0.116s] [ 66%] [32mBuilding CXX object CMakeFiles/laser_odometry_node.dir/src/LaserOdometryNode.cpp.o[0m
[19.794s] [ 83%] [32m[1mLinking CXX executable laser_odometry_node[0m
[21.866s] [100%] Built target laser_odometry_node
[21.882s] Invoked command in '/home/evan/code/ndt-loc/build/a-loam' returned '0': CMAKE_PREFIX_PATH=${CMAKE_PREFIX_PATH}:/opt/ros/humble /usr/bin/cmake --build /home/evan/code/ndt-loc/build/a-loam -- -j4 -l4
[21.928s] Invoking command in '/home/evan/code/ndt-loc/build/a-loam': CMAKE_PREFIX_PATH=${CMAKE_PREFIX_PATH}:/opt/ros/humble /usr/bin/cmake --install /home/evan/code/ndt-loc/build/a-loam
[21.935s] -- Install configuration: ""
[21.936s] -- Up-to-date: /home/evan/code/ndt-loc/install/a-loam/lib/a-loam/scan_registration_node
[21.936s] -- Installing: /home/evan/code/ndt-loc/install/a-loam/lib/a-loam/laser_odometry_node
[21.956s] -- Set runtime path of "/home/evan/code/ndt-loc/install/a-loam/lib/a-loam/laser_odometry_node" to ""
[21.956s] -- Up-to-date: /home/evan/code/ndt-loc/install/a-loam/share/ament_index/resource_index/package_run_dependencies/a-loam
[21.956s] -- Up-to-date: /home/evan/code/ndt-loc/install/a-loam/share/ament_index/resource_index/parent_prefix_path/a-loam
[21.956s] -- Up-to-date: /home/evan/code/ndt-loc/install/a-loam/share/a-loam/environment/ament_prefix_path.sh
[21.956s] -- Up-to-date: /home/evan/code/ndt-loc/install/a-loam/share/a-loam/environment/ament_prefix_path.dsv
[21.956s] -- Up-to-date: /home/evan/code/ndt-loc/install/a-loam/share/a-loam/environment/path.sh
[21.956s] -- Up-to-date: /home/evan/code/ndt-loc/install/a-loam/share/a-loam/environment/path.dsv
[21.956s] -- Up-to-date: /home/evan/code/ndt-loc/install/a-loam/share/a-loam/local_setup.bash
[21.956s] -- Up-to-date: /home/evan/code/ndt-loc/install/a-loam/share/a-loam/local_setup.sh
[21.957s] -- Up-to-date: /home/evan/code/ndt-loc/install/a-loam/share/a-loam/local_setup.zsh
[21.957s] -- Up-to-date: /home/evan/code/ndt-loc/install/a-loam/share/a-loam/local_setup.dsv
[21.957s] -- Installing: /home/evan/code/ndt-loc/install/a-loam/share/a-loam/package.dsv
[21.957s] -- Up-to-date: /home/evan/code/ndt-loc/install/a-loam/share/ament_index/resource_index/packages/a-loam
[21.957s] -- Up-to-date: /home/evan/code/ndt-loc/install/a-loam/share/a-loam/cmake/ament_cmake_export_include_directories-extras.cmake
[21.957s] -- Up-to-date: /home/evan/code/ndt-loc/install/a-loam/share/a-loam/cmake/a-loamConfig.cmake
[21.957s] -- Up-to-date: /home/evan/code/ndt-loc/install/a-loam/share/a-loam/cmake/a-loamConfig-version.cmake
[21.957s] -- Up-to-date: /home/evan/code/ndt-loc/install/a-loam/share/a-loam/package.xml
[21.960s] Invoked command in '/home/evan/code/ndt-loc/build/a-loam' returned '0': CMAKE_PREFIX_PATH=${CMAKE_PREFIX_PATH}:/opt/ros/humble /usr/bin/cmake --install /home/evan/code/ndt-loc/build/a-loam
