[0.016s] Invoking command in '/home/evan/code/ndt-loc/build/a-loam': CMAKE_PREFIX_PATH=${CMAKE_PREFIX_PATH}:/opt/ros/humble /usr/bin/cmake /home/evan/code/ndt-loc/src/a-loam -DCMAKE_INSTALL_PREFIX=/home/evan/code/ndt-loc/install/a-loam
[1.312s] -- The C compiler identification is GNU 11.3.0
[1.482s] -- The CXX compiler identification is GNU 11.3.0
[1.492s] -- Detecting C compiler ABI info
[1.636s] -- Detecting C compiler ABI info - done
[1.644s] -- Check for working C compiler: /usr/bin/cc - skipped
[1.645s] -- Detecting C compile features
[1.668s] -- Detecting C compile features - done
[1.672s] -- Detecting CXX compiler ABI info
[1.827s] -- Detecting CXX compiler ABI info - done
[1.837s] -- Check for working CXX compiler: /usr/bin/c++ - skipped
[1.837s] -- Detecting CXX compile features
[1.838s] -- Detecting CXX compile features - done
[1.867s] -- Found ament_cmake: 1.3.3 (/opt/ros/humble/share/ament_cmake/cmake)
[2.485s] -- Found Python3: /usr/bin/python3.10 (found version "3.10.6") found components: Interpreter 
[2.884s] -- Found rclcpp: 16.0.3 (/opt/ros/humble/share/rclcpp/cmake)
[3.231s] -- Found rosidl_generator_c: 3.1.4 (/opt/ros/humble/share/rosidl_generator_c/cmake)
[3.292s] -- Found rosidl_adapter: 3.1.4 (/opt/ros/humble/share/rosidl_adapter/cmake)
[3.364s] -- Found rosidl_generator_cpp: 3.1.4 (/opt/ros/humble/share/rosidl_generator_cpp/cmake)
[3.418s] -- Using all available rosidl_typesupport_c: rosidl_typesupport_fastrtps_c;rosidl_typesupport_introspection_c
[3.601s] -- Using all available rosidl_typesupport_cpp: rosidl_typesupport_fastrtps_cpp;rosidl_typesupport_introspection_cpp
[4.021s] -- Found rmw_implementation_cmake: 6.1.1 (/opt/ros/humble/share/rmw_implementation_cmake/cmake)
[4.070s] -- Found rmw_fastrtps_cpp: 6.2.2 (/opt/ros/humble/share/rmw_fastrtps_cpp/cmake)
[4.595s] -- Found OpenSSL: /usr/lib/x86_64-linux-gnu/libcrypto.so (found version "3.0.2")  
[4.660s] -- Found FastRTPS: /opt/ros/humble/include  
[4.715s] -- Using RMW implementation 'rmw_fastrtps_cpp' as default
[4.785s] -- Looking for pthread.h
[5.004s] -- Looking for pthread.h - found
[5.005s] -- Performing Test CMAKE_HAVE_LIBC_PTHREAD
[5.094s] -- Performing Test CMAKE_HAVE_LIBC_PTHREAD - Success
[5.094s] -- Found Threads: TRUE  
[5.438s] -- Found sensor_msgs: 4.2.3 (/opt/ros/humble/share/sensor_msgs/cmake)
[5.690s] -- Checking for module 'eigen3'
[5.717s] --   Found eigen3, version 3.4.0
[5.762s] -- Found Eigen: /usr/include/eigen3 (Required is at least version "3.1") 
[5.762s] -- Eigen found (include: /usr/include/eigen3, version: 3.4.0)
[5.933s] -- Found Boost: /usr/lib/x86_64-linux-gnu/cmake/Boost-1.74.0/BoostConfig.cmake (found suitable version "1.74.0", minimum required is "1.65.0") found components: system filesystem date_time iostreams serialization 
[5.955s] -- Checking for module 'flann'
[6.004s] --   Found flann, version 1.9.1
[6.054s] -- Found FLANN: /usr/lib/x86_64-linux-gnu/libflann_cpp.so  
[6.054s] -- FLANN found (include: /usr/include, lib: /usr/lib/x86_64-linux-gnu/libflann_cpp.so)
[6.172s] -- Found GLEW: /usr/lib/x86_64-linux-gnu/libGLEW.so  
[6.251s] -- Found OpenGL: /usr/lib/x86_64-linux-gnu/libOpenGL.so  found components: OpenGL GLX 
[6.943s] -- Found MPI_C: /usr/lib/x86_64-linux-gnu/libmpi.so (found version "3.1") 
[6.943s] -- Found MPI: TRUE (found version "3.1") found components: C 
[6.983s] -- Found JsonCpp: /usr/lib/x86_64-linux-gnu/libjsoncpp.so (found suitable version "1.9.5", minimum required is "0.7.0") 
[7.022s] -- Found ZLIB: /usr/lib/x86_64-linux-gnu/libz.so (found version "1.2.11") 
[7.092s] -- Found PNG: /usr/lib/x86_64-linux-gnu/libpng.so (found version "1.6.37") 
[7.296s] -- Found Eigen3: /usr/include/eigen3 (found version "3.4.0") 
[7.669s] -- Found X11: /usr/include   
[7.670s] -- Looking for XOpenDisplay in /usr/lib/x86_64-linux-gnu/libX11.so;/usr/lib/x86_64-linux-gnu/libXext.so
[7.799s] -- Looking for XOpenDisplay in /usr/lib/x86_64-linux-gnu/libX11.so;/usr/lib/x86_64-linux-gnu/libXext.so - found
[7.799s] -- Looking for gethostbyname
[7.877s] -- Looking for gethostbyname - found
[7.877s] -- Looking for connect
[7.951s] -- Looking for connect - found
[7.951s] -- Looking for remove
[8.023s] -- Looking for remove - found
[8.023s] -- Looking for shmat
[8.097s] -- Looking for shmat - found
[8.097s] -- Looking for IceConnectionNumber in ICE
[8.177s] -- Looking for IceConnectionNumber in ICE - found
[8.276s] -- Found EXPAT: /usr/lib/x86_64-linux-gnu/libexpat.so (found version "2.4.7") 
[8.278s] -- Found double-conversion: /usr/lib/x86_64-linux-gnu/libdouble-conversion.so  
[8.307s] -- Found LZ4: /usr/lib/x86_64-linux-gnu/liblz4.so (found version "1.9.3") 
[8.351s] -- Found LZMA: /usr/lib/x86_64-linux-gnu/liblzma.so (found version "5.2.5") 
[8.430s] -- Found JPEG: /usr/lib/x86_64-linux-gnu/libjpeg.so (found version "80") 
[8.480s] -- Found TIFF: /usr/lib/x86_64-linux-gnu/libtiff.so (found version "4.3.0")  
[8.496s] -- Found Freetype: /usr/lib/x86_64-linux-gnu/libfreetype.so (found version "2.11.1") 
[8.532s] -- Found utf8cpp: /usr/include/utf8cpp  
[8.860s] -- Checking for module 'libusb-1.0'
[8.925s] --   Found libusb-1.0, version 1.0.25
[9.025s] -- Found libusb: /usr/lib/x86_64-linux-gnu/libusb-1.0.so  
[9.029s] -- Found OpenNI: /usr/lib/libOpenNI.so;libusb::libusb (found version "1.5.4.0") 
[9.029s] -- OpenNI found (version: 1.5.4.0, include: /usr/include/ni, lib: /usr/lib/libOpenNI.so;libusb::libusb)
[9.172s] -- Found OpenNI2: /usr/lib/x86_64-linux-gnu/libOpenNI2.so;libusb::libusb (found version "2.2.0.33") 
[9.172s] -- OpenNI2 found (version: 2.2.0.33, include: /usr/include/openni2, lib: /usr/lib/x86_64-linux-gnu/libOpenNI2.so;libusb::libusb)
[9.173s] [0m** WARNING ** io features related to pcap will be disabled[0m
[9.363s] -- Eigen found (include: /usr/include/eigen3, version: 3.4.0)
[9.371s] -- OpenNI found (version: 1.5.4.0, include: /usr/include/ni, lib: /usr/lib/libOpenNI.so;libusb::libusb)
[9.378s] -- OpenNI2 found (version: 2.2.0.33, include: /usr/include/openni2, lib: /usr/lib/x86_64-linux-gnu/libOpenNI2.so;libusb::libusb)
[9.591s] -- Found Qhull version 8.0.2
[9.772s] -- OpenNI found (version: 1.5.4.0, include: /usr/include/ni, lib: /usr/lib/libOpenNI.so;libusb::libusb)
[9.939s] -- looking for PCL_COMMON
[9.941s] -- Found PCL_COMMON: /usr/lib/x86_64-linux-gnu/libpcl_common.so  
[9.941s] -- looking for PCL_KDTREE
[9.942s] -- Found PCL_KDTREE: /usr/lib/x86_64-linux-gnu/libpcl_kdtree.so  
[9.942s] -- looking for PCL_OCTREE
[9.943s] -- Found PCL_OCTREE: /usr/lib/x86_64-linux-gnu/libpcl_octree.so  
[9.943s] -- looking for PCL_SEARCH
[9.944s] -- Found PCL_SEARCH: /usr/lib/x86_64-linux-gnu/libpcl_search.so  
[9.945s] -- looking for PCL_SAMPLE_CONSENSUS
[9.946s] -- Found PCL_SAMPLE_CONSENSUS: /usr/lib/x86_64-linux-gnu/libpcl_sample_consensus.so  
[9.946s] -- looking for PCL_FILTERS
[9.947s] -- Found PCL_FILTERS: /usr/lib/x86_64-linux-gnu/libpcl_filters.so  
[9.948s] -- looking for PCL_2D
[9.948s] -- Found PCL_2D: /usr/include/pcl-1.12  
[9.948s] -- looking for PCL_GEOMETRY
[9.948s] -- Found PCL_GEOMETRY: /usr/include/pcl-1.12  
[9.948s] -- looking for PCL_IO
[9.949s] -- Found PCL_IO: /usr/lib/x86_64-linux-gnu/libpcl_io.so  
[9.950s] -- looking for PCL_FEATURES
[9.951s] -- Found PCL_FEATURES: /usr/lib/x86_64-linux-gnu/libpcl_features.so  
[9.951s] -- looking for PCL_ML
[9.952s] -- Found PCL_ML: /usr/lib/x86_64-linux-gnu/libpcl_ml.so  
[9.952s] -- looking for PCL_SEGMENTATION
[9.953s] -- Found PCL_SEGMENTATION: /usr/lib/x86_64-linux-gnu/libpcl_segmentation.so  
[9.954s] -- looking for PCL_VISUALIZATION
[9.955s] -- Found PCL_VISUALIZATION: /usr/lib/x86_64-linux-gnu/libpcl_visualization.so  
[9.955s] -- looking for PCL_SURFACE
[9.956s] -- Found PCL_SURFACE: /usr/lib/x86_64-linux-gnu/libpcl_surface.so  
[9.957s] -- looking for PCL_REGISTRATION
[9.957s] -- Found PCL_REGISTRATION: /usr/lib/x86_64-linux-gnu/libpcl_registration.so  
[9.958s] -- looking for PCL_KEYPOINTS
[9.959s] -- Found PCL_KEYPOINTS: /usr/lib/x86_64-linux-gnu/libpcl_keypoints.so  
[9.959s] -- looking for PCL_TRACKING
[9.960s] -- Found PCL_TRACKING: /usr/lib/x86_64-linux-gnu/libpcl_tracking.so  
[9.960s] -- looking for PCL_RECOGNITION
[9.961s] -- Found PCL_RECOGNITION: /usr/lib/x86_64-linux-gnu/libpcl_recognition.so  
[9.961s] -- looking for PCL_STEREO
[9.962s] -- Found PCL_STEREO: /usr/lib/x86_64-linux-gnu/libpcl_stereo.so  
[9.962s] -- looking for PCL_APPS
[9.963s] -- Found PCL_APPS: /usr/lib/x86_64-linux-gnu/libpcl_apps.so  
[9.964s] -- looking for PCL_IN_HAND_SCANNER
[9.964s] -- Found PCL_IN_HAND_SCANNER: /usr/include/pcl-1.12  
[9.964s] -- looking for PCL_MODELER
[9.964s] -- Found PCL_MODELER: /usr/include/pcl-1.12  
[9.965s] -- looking for PCL_POINT_CLOUD_EDITOR
[9.965s] -- Found PCL_POINT_CLOUD_EDITOR: /usr/include/pcl-1.12  
[9.966s] -- looking for PCL_OUTOFCORE
[9.966s] -- Found PCL_OUTOFCORE: /usr/lib/x86_64-linux-gnu/libpcl_outofcore.so  
[9.967s] -- looking for PCL_PEOPLE
[9.968s] -- Found PCL_PEOPLE: /usr/lib/x86_64-linux-gnu/libpcl_people.so  
[9.969s] -- Found PCL: pcl_common;pcl_kdtree;pcl_octree;pcl_search;pcl_sample_consensus;pcl_filters;pcl_io;pcl_features;pcl_ml;pcl_segmentation;pcl_visualization;pcl_surface;pcl_registration;pcl_keypoints;pcl_tracking;pcl_recognition;pcl_stereo;pcl_apps;pcl_outofcore;pcl_people;Boost::system;Boost::filesystem;Boost::date_time;Boost::iostreams;Boost::serialization;/usr/lib/libOpenNI.so;libusb::libusb;/usr/lib/x86_64-linux-gnu/libOpenNI2.so;libusb::libusb;VTK::ChartsCore;VTK::CommonColor;VTK::CommonComputationalGeometry;VTK::CommonCore;VTK::CommonDataModel;VTK::CommonExecutionModel;VTK::CommonMath;VTK::CommonMisc;VTK::CommonTransforms;VTK::FiltersCore;VTK::FiltersExtraction;VTK::FiltersGeneral;VTK::FiltersGeometry;VTK::FiltersModeling;VTK::FiltersSources;VTK::ImagingCore;VTK::ImagingSources;VTK::InteractionImage;VTK::InteractionStyle;VTK::InteractionWidgets;VTK::IOCore;VTK::IOGeometry;VTK::IOImage;VTK::IOLegacy;VTK::IOPLY;VTK::RenderingAnnotation;VTK::RenderingCore;VTK::RenderingContext2D;VTK::RenderingLOD;VTK::RenderingFreeType;VTK::ViewsCore;VTK::ViewsContext2D;VTK::RenderingOpenGL2;VTK::GUISupportQt;FLANN::FLANN;QHULL::QHULL  
[9.986s] -- Found pcl_conversions: 2.4.0 (/opt/ros/humble/share/pcl_conversions/cmake)
[10.238s] [31mCMake Error at /opt/ros/humble/share/ament_cmake_target_dependencies/cmake/ament_target_dependencies.cmake:42 (message):
[10.238s]   ament_target_dependencies() the first argument must be a valid target name
[10.238s] Call Stack (most recent call first):
[10.238s]   CMakeLists.txt:30 (ament_target_dependencies)
[10.238s] 
[10.238s] [0m
[10.238s] -- Configuring incomplete, errors occurred!
[10.238s] See also "/home/evan/code/ndt-loc/build/a-loam/CMakeFiles/CMakeOutput.log".
[10.260s] Invoked command in '/home/evan/code/ndt-loc/build/a-loam' returned '1': CMAKE_PREFIX_PATH=${CMAKE_PREFIX_PATH}:/opt/ros/humble /usr/bin/cmake /home/evan/code/ndt-loc/src/a-loam -DCMAKE_INSTALL_PREFIX=/home/evan/code/ndt-loc/install/a-loam
