[0.021s] Invoking command in '/home/evan/code/ndt-loc/build/map': CMAKE_PREFIX_PATH=${CMAKE_PREFIX_PATH}:/opt/ros/humble /usr/bin/cmake --build /home/evan/code/ndt-loc/build/map -- -j4 -l4
[0.052s] -- Found ament_cmake: 1.3.3 (/opt/ros/humble/share/ament_cmake/cmake)
[0.243s] -- Found rclcpp: 16.0.3 (/opt/ros/humble/share/rclcpp/cmake)
[0.351s] -- Found rosidl_generator_c: 3.1.4 (/opt/ros/humble/share/rosidl_generator_c/cmake)
[0.354s] -- Found rosidl_adapter: 3.1.4 (/opt/ros/humble/share/rosidl_adapter/cmake)
[0.361s] -- Found rosidl_generator_cpp: 3.1.4 (/opt/ros/humble/share/rosidl_generator_cpp/cmake)
[0.374s] -- Using all available rosidl_typesupport_c: rosidl_typesupport_fastrtps_c;rosidl_typesupport_introspection_c
[0.392s] -- Using all available rosidl_typesupport_cpp: rosidl_typesupport_fastrtps_cpp;rosidl_typesupport_introspection_cpp
[0.467s] -- Found rmw_implementation_cmake: 6.1.1 (/opt/ros/humble/share/rmw_implementation_cmake/cmake)
[0.468s] -- Found rmw_fastrtps_cpp: 6.2.2 (/opt/ros/humble/share/rmw_fastrtps_cpp/cmake)
[0.723s] -- Using RMW implementation 'rmw_fastrtps_cpp' as default
[0.915s] -- Found sensor_msgs: 4.2.3 (/opt/ros/humble/share/sensor_msgs/cmake)
[1.081s] -- Eigen found (include: /usr/include/eigen3, version: 3.4.0)
[1.117s] -- FLANN found (include: /usr/include, lib: /usr/lib/x86_64-linux-gnu/libflann_cpp.so)
[2.528s] -- OpenNI found (version: 1.5.4.0, include: /usr/include/ni, lib: /usr/lib/libOpenNI.so;libusb::libusb)
[2.536s] -- OpenNI2 found (version: 2.2.0.33, include: /usr/include/openni2, lib: /usr/lib/x86_64-linux-gnu/libOpenNI2.so;libusb::libusb)
[2.537s] [0m** WARNING ** io features related to pcap will be disabled[0m
[2.701s] -- Eigen found (include: /usr/include/eigen3, version: 3.4.0)
[2.708s] -- OpenNI found (version: 1.5.4.0, include: /usr/include/ni, lib: /usr/lib/libOpenNI.so;libusb::libusb)
[2.717s] -- OpenNI2 found (version: 2.2.0.33, include: /usr/include/openni2, lib: /usr/lib/x86_64-linux-gnu/libOpenNI2.so;libusb::libusb)
[2.871s] -- Found Qhull version 8.0.2
[3.034s] -- OpenNI found (version: 1.5.4.0, include: /usr/include/ni, lib: /usr/lib/libOpenNI.so;libusb::libusb)
[3.189s] -- looking for PCL_COMMON
[3.189s] -- looking for PCL_KDTREE
[3.190s] -- looking for PCL_OCTREE
[3.190s] -- looking for PCL_SEARCH
[3.191s] -- looking for PCL_SAMPLE_CONSENSUS
[3.191s] -- looking for PCL_FILTERS
[3.192s] -- looking for PCL_2D
[3.192s] -- looking for PCL_GEOMETRY
[3.193s] -- looking for PCL_IO
[3.193s] -- looking for PCL_FEATURES
[3.194s] -- looking for PCL_ML
[3.194s] -- looking for PCL_SEGMENTATION
[3.195s] -- looking for PCL_VISUALIZATION
[3.195s] -- looking for PCL_SURFACE
[3.196s] -- looking for PCL_REGISTRATION
[3.196s] -- looking for PCL_KEYPOINTS
[3.197s] -- looking for PCL_TRACKING
[3.197s] -- looking for PCL_RECOGNITION
[3.198s] -- looking for PCL_STEREO
[3.199s] -- looking for PCL_APPS
[3.200s] -- looking for PCL_IN_HAND_SCANNER
[3.200s] -- looking for PCL_MODELER
[3.201s] -- looking for PCL_POINT_CLOUD_EDITOR
[3.201s] -- looking for PCL_OUTOFCORE
[3.202s] -- looking for PCL_PEOPLE
[3.204s] -- Found pcl_conversions: 2.4.0 (/opt/ros/humble/share/pcl_conversions/cmake)
[3.886s] -- Configuring done
[4.221s] -- Generating done
[4.224s] -- Build files have been written to: /home/evan/code/ndt-loc/build/map
[4.265s] [35m[1mConsolidate compiler generated dependencies of target front_end_node[0m
[4.266s] [35m[1mConsolidate compiler generated dependencies of target mapping_image[0m
[4.266s] [35m[1mConsolidate compiler generated dependencies of target show_map_node[0m
[4.280s] [35m[1mConsolidate compiler generated dependencies of target lidar_data_node[0m
[4.312s] [  6%] [32mBuilding CXX object CMakeFiles/mapping_image.dir/src/utilty.cpp.o[0m
[4.319s] [ 13%] [32mBuilding CXX object CMakeFiles/front_end_node.dir/src/utilty.cpp.o[0m
[4.323s] [ 20%] [32mBuilding CXX object CMakeFiles/show_map_node.dir/src/utilty.cpp.o[0m
[4.333s] [ 26%] [32mBuilding CXX object CMakeFiles/lidar_data_node.dir/src/utilty.cpp.o[0m
[18.050s] [ 33%] [32m[1mLinking CXX static library libmapping_image.a[0m
[18.216s] [ 40%] [32m[1mLinking CXX executable lidar_data_node[0m
[18.437s] [ 46%] Built target mapping_image
[18.451s] [35m[1mConsolidate compiler generated dependencies of target mapping_node[0m
[18.527s] [ 53%] [32mBuilding CXX object CMakeFiles/mapping_node.dir/src/GroundTruth.cpp.o[0m
[18.538s] [01m[K/home/evan/code/ndt-loc/src/map/src/GroundTruth.cpp:1:9:[m[K [01;35m[Kwarning: [m[K#pragma once in main file
[18.539s]     1 | #pragma [01;35m[Konce[m[K
[18.539s]       |         [01;35m[K^~~~[m[K
[18.627s] [ 60%] [32m[1mLinking CXX executable show_map_node[0m
[18.856s] [ 66%] [32m[1mLinking CXX executable front_end_node[0m
[19.783s] [ 73%] Built target show_map_node
[19.794s] [ 80%] [32mBuilding CXX object CMakeFiles/mapping_node.dir/src/utilty.cpp.o[0m
[21.396s] [ 86%] Built target lidar_data_node
[21.405s] [ 93%] Built target front_end_node
[32.449s] [100%] [32m[1mLinking CXX executable mapping_node[0m
[33.632s] [100%] Built target mapping_node
[33.644s] Invoked command in '/home/evan/code/ndt-loc/build/map' returned '0': CMAKE_PREFIX_PATH=${CMAKE_PREFIX_PATH}:/opt/ros/humble /usr/bin/cmake --build /home/evan/code/ndt-loc/build/map -- -j4 -l4
[33.697s] Invoking command in '/home/evan/code/ndt-loc/build/map': CMAKE_PREFIX_PATH=${CMAKE_PREFIX_PATH}:/opt/ros/humble /usr/bin/cmake --install /home/evan/code/ndt-loc/build/map
[33.708s] -- Install configuration: ""
[33.709s] -- Installing: /home/evan/code/ndt-loc/install/map/lib/map/lidar_data_node
[33.715s] -- Set runtime path of "/home/evan/code/ndt-loc/install/map/lib/map/lidar_data_node" to ""
[33.715s] -- Installing: /home/evan/code/ndt-loc/install/map/lib/map/front_end_node
[33.725s] -- Set runtime path of "/home/evan/code/ndt-loc/install/map/lib/map/front_end_node" to ""
[33.725s] -- Installing: /home/evan/code/ndt-loc/install/map/lib/map/show_map_node
[33.726s] -- Set runtime path of "/home/evan/code/ndt-loc/install/map/lib/map/show_map_node" to ""
[33.727s] -- Installing: /home/evan/code/ndt-loc/install/map/lib/map/mapping_node
[33.734s] -- Set runtime path of "/home/evan/code/ndt-loc/install/map/lib/map/mapping_node" to ""
[33.734s] -- Up-to-date: /home/evan/code/ndt-loc/install/map/share/ament_index/resource_index/package_run_dependencies/map
[33.734s] -- Installing: /home/evan/code/ndt-loc/install/map/share/ament_index/resource_index/parent_prefix_path/map
[33.734s] -- Up-to-date: /home/evan/code/ndt-loc/install/map/share/map/environment/ament_prefix_path.sh
[33.735s] -- Installing: /home/evan/code/ndt-loc/install/map/share/map/environment/ament_prefix_path.dsv
[33.735s] -- Up-to-date: /home/evan/code/ndt-loc/install/map/share/map/environment/path.sh
[33.735s] -- Installing: /home/evan/code/ndt-loc/install/map/share/map/environment/path.dsv
[33.735s] -- Up-to-date: /home/evan/code/ndt-loc/install/map/share/map/local_setup.bash
[33.735s] -- Up-to-date: /home/evan/code/ndt-loc/install/map/share/map/local_setup.sh
[33.735s] -- Up-to-date: /home/evan/code/ndt-loc/install/map/share/map/local_setup.zsh
[33.735s] -- Installing: /home/evan/code/ndt-loc/install/map/share/map/local_setup.dsv
[33.735s] -- Installing: /home/evan/code/ndt-loc/install/map/share/map/package.dsv
[33.735s] -- Up-to-date: /home/evan/code/ndt-loc/install/map/share/ament_index/resource_index/packages/map
[33.735s] -- Up-to-date: /home/evan/code/ndt-loc/install/map/share/map/cmake/ament_cmake_export_include_directories-extras.cmake
[33.780s] -- Up-to-date: /home/evan/code/ndt-loc/install/map/share/map/cmake/mapConfig.cmake
[33.780s] -- Up-to-date: /home/evan/code/ndt-loc/install/map/share/map/cmake/mapConfig-version.cmake
[33.780s] -- Up-to-date: /home/evan/code/ndt-loc/install/map/share/map/package.xml
[33.783s] Invoked command in '/home/evan/code/ndt-loc/build/map' returned '0': CMAKE_PREFIX_PATH=${CMAKE_PREFIX_PATH}:/opt/ros/humble /usr/bin/cmake --install /home/evan/code/ndt-loc/build/map
