[0.466s] DEBUG:colcon:Command line arguments: ['/usr/bin/colcon', 'build', '--packages-select', 'data-publisher']
[0.466s] DEBUG:colcon:Parsed command line arguments: Namespace(log_base=None, log_level=None, verb_name='build', build_base='build', install_base='install', merge_install=False, symlink_install=False, test_result_base=None, continue_on_error=False, executor='parallel', parallel_workers=4, event_handlers=None, ignore_user_meta=False, metas=['./colcon.meta'], base_paths=['.'], packages_ignore=None, packages_ignore_regex=None, paths=None, packages_up_to=None, packages_up_to_regex=None, packages_above=None, packages_above_and_dependencies=None, packages_above_depth=None, packages_select_by_dep=None, packages_skip_by_dep=None, packages_skip_up_to=None, packages_select_build_failed=False, packages_skip_build_finished=False, packages_select_test_failures=False, packages_skip_test_passed=False, packages_select=['data-publisher'], packages_skip=None, packages_select_regex=None, packages_skip_regex=None, packages_start=None, packages_end=None, allow_overriding=[], cmake_args=None, cmake_target=None, cmake_target_skip_unavailable=False, cmake_clean_cache=False, cmake_clean_first=False, cmake_force_configure=False, ament_cmake_args=None, catkin_cmake_args=None, catkin_skip_building_tests=False, verb_parser=<colcon_defaults.argument_parser.defaults.DefaultArgumentsDecorator object at 0x7f3f29fc23b0>, verb_extension=<colcon_core.verb.build.BuildVerb object at 0x7f3f2a83ea10>, main=<bound method BuildVerb.main of <colcon_core.verb.build.BuildVerb object at 0x7f3f2a83ea10>>)
[0.499s] Level 1:colcon.colcon_core.package_discovery:discover_packages(colcon_meta) check parameters
[0.499s] Level 1:colcon.colcon_core.package_discovery:discover_packages(recursive) check parameters
[0.500s] Level 1:colcon.colcon_core.package_discovery:discover_packages(ignore) check parameters
[0.500s] Level 1:colcon.colcon_core.package_discovery:discover_packages(path) check parameters
[0.500s] Level 1:colcon.colcon_core.package_discovery:discover_packages(colcon_meta) discover
[0.500s] Level 1:colcon.colcon_core.package_discovery:discover_packages(recursive) discover
[0.500s] INFO:colcon.colcon_core.package_discovery:Crawling recursively for packages in '/home/evan/code/ndt-loc'
[0.500s] Level 1:colcon.colcon_core.package_identification:_identify(.) by extensions ['ignore', 'ignore_ament_install']
[0.500s] Level 1:colcon.colcon_core.package_identification:_identify(.) by extension 'ignore'
[0.500s] Level 1:colcon.colcon_core.package_identification:_identify(.) by extension 'ignore_ament_install'
[0.500s] Level 1:colcon.colcon_core.package_identification:_identify(.) by extensions ['colcon_pkg']
[0.500s] Level 1:colcon.colcon_core.package_identification:_identify(.) by extension 'colcon_pkg'
[0.500s] Level 1:colcon.colcon_core.package_identification:_identify(.) by extensions ['colcon_meta']
[0.500s] Level 1:colcon.colcon_core.package_identification:_identify(.) by extension 'colcon_meta'
[0.500s] Level 1:colcon.colcon_core.package_identification:_identify(.) by extensions ['ros']
[0.500s] Level 1:colcon.colcon_core.package_identification:_identify(.) by extension 'ros'
[0.512s] Level 1:colcon.colcon_core.package_identification:_identify(.) by extensions ['cmake', 'python']
[0.512s] Level 1:colcon.colcon_core.package_identification:_identify(.) by extension 'cmake'
[0.512s] Level 1:colcon.colcon_core.package_identification:_identify(.) by extension 'python'
[0.512s] Level 1:colcon.colcon_core.package_identification:_identify(.) by extensions ['python_setup_py']
[0.513s] Level 1:colcon.colcon_core.package_identification:_identify(.) by extension 'python_setup_py'
[0.513s] Level 1:colcon.colcon_core.package_identification:_identify(build) by extensions ['ignore', 'ignore_ament_install']
[0.513s] Level 1:colcon.colcon_core.package_identification:_identify(build) by extension 'ignore'
[0.513s] Level 1:colcon.colcon_core.package_identification:_identify(build) ignored
[0.513s] Level 1:colcon.colcon_core.package_identification:_identify(install) by extensions ['ignore', 'ignore_ament_install']
[0.513s] Level 1:colcon.colcon_core.package_identification:_identify(install) by extension 'ignore'
[0.513s] Level 1:colcon.colcon_core.package_identification:_identify(install) ignored
[0.513s] Level 1:colcon.colcon_core.package_identification:_identify(launch) by extensions ['ignore', 'ignore_ament_install']
[0.514s] Level 1:colcon.colcon_core.package_identification:_identify(launch) by extension 'ignore'
[0.514s] Level 1:colcon.colcon_core.package_identification:_identify(launch) by extension 'ignore_ament_install'
[0.514s] Level 1:colcon.colcon_core.package_identification:_identify(launch) by extensions ['colcon_pkg']
[0.514s] Level 1:colcon.colcon_core.package_identification:_identify(launch) by extension 'colcon_pkg'
[0.514s] Level 1:colcon.colcon_core.package_identification:_identify(launch) by extensions ['colcon_meta']
[0.514s] Level 1:colcon.colcon_core.package_identification:_identify(launch) by extension 'colcon_meta'
[0.514s] Level 1:colcon.colcon_core.package_identification:_identify(launch) by extensions ['ros']
[0.514s] Level 1:colcon.colcon_core.package_identification:_identify(launch) by extension 'ros'
[0.514s] Level 1:colcon.colcon_core.package_identification:_identify(launch) by extensions ['cmake', 'python']
[0.514s] Level 1:colcon.colcon_core.package_identification:_identify(launch) by extension 'cmake'
[0.514s] Level 1:colcon.colcon_core.package_identification:_identify(launch) by extension 'python'
[0.514s] Level 1:colcon.colcon_core.package_identification:_identify(launch) by extensions ['python_setup_py']
[0.514s] Level 1:colcon.colcon_core.package_identification:_identify(launch) by extension 'python_setup_py'
[0.514s] Level 1:colcon.colcon_core.package_identification:_identify(launch/a-loam) by extensions ['ignore', 'ignore_ament_install']
[0.514s] Level 1:colcon.colcon_core.package_identification:_identify(launch/a-loam) by extension 'ignore'
[0.514s] Level 1:colcon.colcon_core.package_identification:_identify(launch/a-loam) by extension 'ignore_ament_install'
[0.515s] Level 1:colcon.colcon_core.package_identification:_identify(launch/a-loam) by extensions ['colcon_pkg']
[0.515s] Level 1:colcon.colcon_core.package_identification:_identify(launch/a-loam) by extension 'colcon_pkg'
[0.515s] Level 1:colcon.colcon_core.package_identification:_identify(launch/a-loam) by extensions ['colcon_meta']
[0.515s] Level 1:colcon.colcon_core.package_identification:_identify(launch/a-loam) by extension 'colcon_meta'
[0.515s] Level 1:colcon.colcon_core.package_identification:_identify(launch/a-loam) by extensions ['ros']
[0.515s] Level 1:colcon.colcon_core.package_identification:_identify(launch/a-loam) by extension 'ros'
[0.515s] Level 1:colcon.colcon_core.package_identification:_identify(launch/a-loam) by extensions ['cmake', 'python']
[0.515s] Level 1:colcon.colcon_core.package_identification:_identify(launch/a-loam) by extension 'cmake'
[0.515s] Level 1:colcon.colcon_core.package_identification:_identify(launch/a-loam) by extension 'python'
[0.515s] Level 1:colcon.colcon_core.package_identification:_identify(launch/a-loam) by extensions ['python_setup_py']
[0.515s] Level 1:colcon.colcon_core.package_identification:_identify(launch/a-loam) by extension 'python_setup_py'
[0.515s] Level 1:colcon.colcon_core.package_identification:_identify(launch/a-loam/__pycache__) by extensions ['ignore', 'ignore_ament_install']
[0.515s] Level 1:colcon.colcon_core.package_identification:_identify(launch/a-loam/__pycache__) by extension 'ignore'
[0.515s] Level 1:colcon.colcon_core.package_identification:_identify(launch/a-loam/__pycache__) by extension 'ignore_ament_install'
[0.515s] Level 1:colcon.colcon_core.package_identification:_identify(launch/a-loam/__pycache__) by extensions ['colcon_pkg']
[0.515s] Level 1:colcon.colcon_core.package_identification:_identify(launch/a-loam/__pycache__) by extension 'colcon_pkg'
[0.515s] Level 1:colcon.colcon_core.package_identification:_identify(launch/a-loam/__pycache__) by extensions ['colcon_meta']
[0.515s] Level 1:colcon.colcon_core.package_identification:_identify(launch/a-loam/__pycache__) by extension 'colcon_meta'
[0.516s] Level 1:colcon.colcon_core.package_identification:_identify(launch/a-loam/__pycache__) by extensions ['ros']
[0.516s] Level 1:colcon.colcon_core.package_identification:_identify(launch/a-loam/__pycache__) by extension 'ros'
[0.516s] Level 1:colcon.colcon_core.package_identification:_identify(launch/a-loam/__pycache__) by extensions ['cmake', 'python']
[0.516s] Level 1:colcon.colcon_core.package_identification:_identify(launch/a-loam/__pycache__) by extension 'cmake'
[0.516s] Level 1:colcon.colcon_core.package_identification:_identify(launch/a-loam/__pycache__) by extension 'python'
[0.516s] Level 1:colcon.colcon_core.package_identification:_identify(launch/a-loam/__pycache__) by extensions ['python_setup_py']
[0.516s] Level 1:colcon.colcon_core.package_identification:_identify(launch/a-loam/__pycache__) by extension 'python_setup_py'
[0.516s] Level 1:colcon.colcon_core.package_identification:_identify(log) by extensions ['ignore', 'ignore_ament_install']
[0.516s] Level 1:colcon.colcon_core.package_identification:_identify(log) by extension 'ignore'
[0.516s] Level 1:colcon.colcon_core.package_identification:_identify(log) ignored
[0.516s] Level 1:colcon.colcon_core.package_identification:_identify(src) by extensions ['ignore', 'ignore_ament_install']
[0.517s] Level 1:colcon.colcon_core.package_identification:_identify(src) by extension 'ignore'
[0.517s] Level 1:colcon.colcon_core.package_identification:_identify(src) by extension 'ignore_ament_install'
[0.517s] Level 1:colcon.colcon_core.package_identification:_identify(src) by extensions ['colcon_pkg']
[0.517s] Level 1:colcon.colcon_core.package_identification:_identify(src) by extension 'colcon_pkg'
[0.517s] Level 1:colcon.colcon_core.package_identification:_identify(src) by extensions ['colcon_meta']
[0.517s] Level 1:colcon.colcon_core.package_identification:_identify(src) by extension 'colcon_meta'
[0.517s] Level 1:colcon.colcon_core.package_identification:_identify(src) by extensions ['ros']
[0.517s] Level 1:colcon.colcon_core.package_identification:_identify(src) by extension 'ros'
[0.517s] Level 1:colcon.colcon_core.package_identification:_identify(src) by extensions ['cmake', 'python']
[0.517s] Level 1:colcon.colcon_core.package_identification:_identify(src) by extension 'cmake'
[0.517s] Level 1:colcon.colcon_core.package_identification:_identify(src) by extension 'python'
[0.517s] Level 1:colcon.colcon_core.package_identification:_identify(src) by extensions ['python_setup_py']
[0.517s] Level 1:colcon.colcon_core.package_identification:_identify(src) by extension 'python_setup_py'
[0.517s] Level 1:colcon.colcon_core.package_identification:_identify(src/a-loam) by extensions ['ignore', 'ignore_ament_install']
[0.517s] Level 1:colcon.colcon_core.package_identification:_identify(src/a-loam) by extension 'ignore'
[0.518s] Level 1:colcon.colcon_core.package_identification:_identify(src/a-loam) by extension 'ignore_ament_install'
[0.518s] Level 1:colcon.colcon_core.package_identification:_identify(src/a-loam) by extensions ['colcon_pkg']
[0.518s] Level 1:colcon.colcon_core.package_identification:_identify(src/a-loam) by extension 'colcon_pkg'
[0.518s] Level 1:colcon.colcon_core.package_identification:_identify(src/a-loam) by extensions ['colcon_meta']
[0.518s] Level 1:colcon.colcon_core.package_identification:_identify(src/a-loam) by extension 'colcon_meta'
[0.518s] Level 1:colcon.colcon_core.package_identification:_identify(src/a-loam) by extensions ['ros']
[0.518s] Level 1:colcon.colcon_core.package_identification:_identify(src/a-loam) by extension 'ros'
[0.521s] DEBUG:colcon.colcon_core.package_identification:Package 'src/a-loam' with type 'ros.ament_cmake' and name 'a-loam'
[0.521s] Level 1:colcon.colcon_core.package_identification:_identify(src/cloud_msgs) by extensions ['ignore', 'ignore_ament_install']
[0.521s] Level 1:colcon.colcon_core.package_identification:_identify(src/cloud_msgs) by extension 'ignore'
[0.521s] Level 1:colcon.colcon_core.package_identification:_identify(src/cloud_msgs) by extension 'ignore_ament_install'
[0.521s] Level 1:colcon.colcon_core.package_identification:_identify(src/cloud_msgs) by extensions ['colcon_pkg']
[0.521s] Level 1:colcon.colcon_core.package_identification:_identify(src/cloud_msgs) by extension 'colcon_pkg'
[0.521s] Level 1:colcon.colcon_core.package_identification:_identify(src/cloud_msgs) by extensions ['colcon_meta']
[0.521s] Level 1:colcon.colcon_core.package_identification:_identify(src/cloud_msgs) by extension 'colcon_meta'
[0.521s] Level 1:colcon.colcon_core.package_identification:_identify(src/cloud_msgs) by extensions ['ros']
[0.521s] Level 1:colcon.colcon_core.package_identification:_identify(src/cloud_msgs) by extension 'ros'
[0.522s] DEBUG:colcon.colcon_core.package_identification:Package 'src/cloud_msgs' with type 'ros.ament_cmake' and name 'cloud_msgs'
[0.522s] Level 1:colcon.colcon_core.package_identification:_identify(src/data-publisher) by extensions ['ignore', 'ignore_ament_install']
[0.522s] Level 1:colcon.colcon_core.package_identification:_identify(src/data-publisher) by extension 'ignore'
[0.522s] Level 1:colcon.colcon_core.package_identification:_identify(src/data-publisher) by extension 'ignore_ament_install'
[0.522s] Level 1:colcon.colcon_core.package_identification:_identify(src/data-publisher) by extensions ['colcon_pkg']
[0.522s] Level 1:colcon.colcon_core.package_identification:_identify(src/data-publisher) by extension 'colcon_pkg'
[0.522s] Level 1:colcon.colcon_core.package_identification:_identify(src/data-publisher) by extensions ['colcon_meta']
[0.522s] Level 1:colcon.colcon_core.package_identification:_identify(src/data-publisher) by extension 'colcon_meta'
[0.523s] Level 1:colcon.colcon_core.package_identification:_identify(src/data-publisher) by extensions ['ros']
[0.523s] Level 1:colcon.colcon_core.package_identification:_identify(src/data-publisher) by extension 'ros'
[0.523s] DEBUG:colcon.colcon_core.package_identification:Package 'src/data-publisher' with type 'ros.ament_cmake' and name 'data-publisher'
[0.523s] Level 1:colcon.colcon_core.package_identification:_identify(src/map) by extensions ['ignore', 'ignore_ament_install']
[0.523s] Level 1:colcon.colcon_core.package_identification:_identify(src/map) by extension 'ignore'
[0.523s] Level 1:colcon.colcon_core.package_identification:_identify(src/map) by extension 'ignore_ament_install'
[0.524s] Level 1:colcon.colcon_core.package_identification:_identify(src/map) by extensions ['colcon_pkg']
[0.524s] Level 1:colcon.colcon_core.package_identification:_identify(src/map) by extension 'colcon_pkg'
[0.524s] Level 1:colcon.colcon_core.package_identification:_identify(src/map) by extensions ['colcon_meta']
[0.524s] Level 1:colcon.colcon_core.package_identification:_identify(src/map) by extension 'colcon_meta'
[0.524s] Level 1:colcon.colcon_core.package_identification:_identify(src/map) by extensions ['ros']
[0.524s] Level 1:colcon.colcon_core.package_identification:_identify(src/map) by extension 'ros'
[0.524s] DEBUG:colcon.colcon_core.package_identification:Package 'src/map' with type 'ros.ament_cmake' and name 'map'
[0.524s] Level 1:colcon.colcon_core.package_identification:_identify(src/ndt-lidar-radar) by extensions ['ignore', 'ignore_ament_install']
[0.525s] Level 1:colcon.colcon_core.package_identification:_identify(src/ndt-lidar-radar) by extension 'ignore'
[0.525s] Level 1:colcon.colcon_core.package_identification:_identify(src/ndt-lidar-radar) by extension 'ignore_ament_install'
[0.525s] Level 1:colcon.colcon_core.package_identification:_identify(src/ndt-lidar-radar) by extensions ['colcon_pkg']
[0.525s] Level 1:colcon.colcon_core.package_identification:_identify(src/ndt-lidar-radar) by extension 'colcon_pkg'
[0.525s] Level 1:colcon.colcon_core.package_identification:_identify(src/ndt-lidar-radar) by extensions ['colcon_meta']
[0.525s] Level 1:colcon.colcon_core.package_identification:_identify(src/ndt-lidar-radar) by extension 'colcon_meta'
[0.525s] Level 1:colcon.colcon_core.package_identification:_identify(src/ndt-lidar-radar) by extensions ['ros']
[0.525s] Level 1:colcon.colcon_core.package_identification:_identify(src/ndt-lidar-radar) by extension 'ros'
[0.526s] DEBUG:colcon.colcon_core.package_identification:Package 'src/ndt-lidar-radar' with type 'ros.ament_cmake' and name 'ndt-lidar-radar'
[0.526s] Level 1:colcon.colcon_core.package_identification:_identify(src/radar-data) by extensions ['ignore', 'ignore_ament_install']
[0.526s] Level 1:colcon.colcon_core.package_identification:_identify(src/radar-data) by extension 'ignore'
[0.526s] Level 1:colcon.colcon_core.package_identification:_identify(src/radar-data) by extension 'ignore_ament_install'
[0.526s] Level 1:colcon.colcon_core.package_identification:_identify(src/radar-data) by extensions ['colcon_pkg']
[0.526s] Level 1:colcon.colcon_core.package_identification:_identify(src/radar-data) by extension 'colcon_pkg'
[0.526s] Level 1:colcon.colcon_core.package_identification:_identify(src/radar-data) by extensions ['colcon_meta']
[0.526s] Level 1:colcon.colcon_core.package_identification:_identify(src/radar-data) by extension 'colcon_meta'
[0.526s] Level 1:colcon.colcon_core.package_identification:_identify(src/radar-data) by extensions ['ros']
[0.526s] Level 1:colcon.colcon_core.package_identification:_identify(src/radar-data) by extension 'ros'
[0.527s] DEBUG:colcon.colcon_core.package_identification:Package 'src/radar-data' with type 'ros.ament_cmake' and name 'radar-data'
[0.527s] Level 1:colcon.colcon_core.package_discovery:discover_packages(recursive) using defaults
[0.527s] Level 1:colcon.colcon_core.package_discovery:discover_packages(ignore) discover
[0.527s] Level 1:colcon.colcon_core.package_discovery:discover_packages(ignore) using defaults
[0.527s] Level 1:colcon.colcon_core.package_discovery:discover_packages(path) discover
[0.527s] Level 1:colcon.colcon_core.package_discovery:discover_packages(path) using defaults
[0.552s] INFO:colcon.colcon_core.package_selection:Skipping not selected package 'a-loam' in 'src/a-loam'
[0.552s] INFO:colcon.colcon_core.package_selection:Skipping not selected package 'cloud_msgs' in 'src/cloud_msgs'
[0.552s] INFO:colcon.colcon_core.package_selection:Skipping not selected package 'map' in 'src/map'
[0.552s] INFO:colcon.colcon_core.package_selection:Skipping not selected package 'ndt-lidar-radar' in 'src/ndt-lidar-radar'
[0.552s] INFO:colcon.colcon_core.package_selection:Skipping not selected package 'radar-data' in 'src/radar-data'
[0.553s] Level 1:colcon.colcon_core.package_discovery:discover_packages(prefix_path) check parameters
[0.553s] Level 1:colcon.colcon_core.package_discovery:discover_packages(prefix_path) discover
[0.556s] DEBUG:colcon.colcon_installed_package_information.package_discovery:Found 6 installed packages in /home/evan/code/ndt-loc/install
[0.558s] DEBUG:colcon.colcon_installed_package_information.package_discovery:Found 270 installed packages in /opt/ros/humble
[0.559s] Level 1:colcon.colcon_core.package_discovery:discover_packages(prefix_path) using defaults
[0.621s] Level 5:colcon.colcon_core.verb:set package 'data-publisher' build argument 'cmake_args' from command line to 'None'
[0.621s] Level 5:colcon.colcon_core.verb:set package 'data-publisher' build argument 'cmake_target' from command line to 'None'
[0.621s] Level 5:colcon.colcon_core.verb:set package 'data-publisher' build argument 'cmake_target_skip_unavailable' from command line to 'False'
[0.621s] Level 5:colcon.colcon_core.verb:set package 'data-publisher' build argument 'cmake_clean_cache' from command line to 'False'
[0.621s] Level 5:colcon.colcon_core.verb:set package 'data-publisher' build argument 'cmake_clean_first' from command line to 'False'
[0.621s] Level 5:colcon.colcon_core.verb:set package 'data-publisher' build argument 'cmake_force_configure' from command line to 'False'
[0.621s] Level 5:colcon.colcon_core.verb:set package 'data-publisher' build argument 'ament_cmake_args' from command line to 'None'
[0.621s] Level 5:colcon.colcon_core.verb:set package 'data-publisher' build argument 'catkin_cmake_args' from command line to 'None'
[0.621s] Level 5:colcon.colcon_core.verb:set package 'data-publisher' build argument 'catkin_skip_building_tests' from command line to 'False'
[0.622s] DEBUG:colcon.colcon_core.verb:Building package 'data-publisher' with the following arguments: {'ament_cmake_args': None, 'build_base': '/home/evan/code/ndt-loc/build/data-publisher', 'catkin_cmake_args': None, 'catkin_skip_building_tests': False, 'cmake_args': None, 'cmake_clean_cache': False, 'cmake_clean_first': False, 'cmake_force_configure': False, 'cmake_target': None, 'cmake_target_skip_unavailable': False, 'install_base': '/home/evan/code/ndt-loc/install/data-publisher', 'merge_install': False, 'path': '/home/evan/code/ndt-loc/src/data-publisher', 'symlink_install': False, 'test_result_base': None}
[0.622s] INFO:colcon.colcon_core.executor:Executing jobs using 'parallel' executor
[0.626s] DEBUG:colcon.colcon_parallel_executor.executor.parallel:run_until_complete
[0.626s] INFO:colcon.colcon_ros.task.ament_cmake.build:Building ROS package in '/home/evan/code/ndt-loc/src/data-publisher' with build type 'ament_cmake'
[0.626s] INFO:colcon.colcon_cmake.task.cmake.build:Building CMake package in '/home/evan/code/ndt-loc/src/data-publisher'
[0.632s] INFO:colcon.colcon_core.plugin_system:Skipping extension 'colcon_core.shell.bat': Not used on non-Windows systems
[0.632s] INFO:colcon.colcon_core.shell:Skip shell extension 'powershell' for command environment: Not usable outside of PowerShell
[0.632s] DEBUG:colcon.colcon_core.shell:Skip shell extension 'dsv' for command environment
[0.650s] DEBUG:colcon.colcon_core.event_handler.log_command:Invoking command in '/home/evan/code/ndt-loc/build/data-publisher': CMAKE_PREFIX_PATH=${CMAKE_PREFIX_PATH}:/opt/ros/humble /usr/bin/cmake --build /home/evan/code/ndt-loc/build/data-publisher -- -j4 -l4
[10.182s] DEBUG:colcon.colcon_core.event_handler.log_command:Invoked command in '/home/evan/code/ndt-loc/build/data-publisher' returned '0': CMAKE_PREFIX_PATH=${CMAKE_PREFIX_PATH}:/opt/ros/humble /usr/bin/cmake --build /home/evan/code/ndt-loc/build/data-publisher -- -j4 -l4
[10.225s] DEBUG:colcon.colcon_core.event_handler.log_command:Invoking command in '/home/evan/code/ndt-loc/build/data-publisher': CMAKE_PREFIX_PATH=${CMAKE_PREFIX_PATH}:/opt/ros/humble /usr/bin/cmake --install /home/evan/code/ndt-loc/build/data-publisher
[10.237s] Level 1:colcon.colcon_core.environment:create_environment_scripts_only(data-publisher)
[10.243s] DEBUG:colcon.colcon_core.event_handler.log_command:Invoked command in '/home/evan/code/ndt-loc/build/data-publisher' returned '0': CMAKE_PREFIX_PATH=${CMAKE_PREFIX_PATH}:/opt/ros/humble /usr/bin/cmake --install /home/evan/code/ndt-loc/build/data-publisher
[10.244s] Level 1:colcon.colcon_core.environment:checking '/home/evan/code/ndt-loc/install/data-publisher' for CMake module files
[10.245s] Level 1:colcon.colcon_core.environment:checking '/home/evan/code/ndt-loc/install/data-publisher' for CMake config files
[10.245s] Level 1:colcon.colcon_core.shell:create_environment_hook('data-publisher', 'cmake_prefix_path')
[10.247s] INFO:colcon.colcon_core.shell:Creating environment hook '/home/evan/code/ndt-loc/install/data-publisher/share/data-publisher/hook/cmake_prefix_path.ps1'
[10.247s] INFO:colcon.colcon_core.shell:Creating environment descriptor '/home/evan/code/ndt-loc/install/data-publisher/share/data-publisher/hook/cmake_prefix_path.dsv'
[10.248s] INFO:colcon.colcon_core.shell:Creating environment hook '/home/evan/code/ndt-loc/install/data-publisher/share/data-publisher/hook/cmake_prefix_path.sh'
[10.249s] Level 1:colcon.colcon_core.environment:checking '/home/evan/code/ndt-loc/install/data-publisher/lib'
[10.249s] Level 1:colcon.colcon_core.environment:checking '/home/evan/code/ndt-loc/install/data-publisher/bin'
[10.249s] Level 1:colcon.colcon_core.environment:checking '/home/evan/code/ndt-loc/install/data-publisher/lib/pkgconfig/data-publisher.pc'
[10.249s] Level 1:colcon.colcon_core.environment:checking '/home/evan/code/ndt-loc/install/data-publisher/lib/python3.10/site-packages'
[10.249s] Level 1:colcon.colcon_core.environment:checking '/home/evan/code/ndt-loc/install/data-publisher/bin'
[10.251s] INFO:colcon.colcon_core.shell:Creating package script '/home/evan/code/ndt-loc/install/data-publisher/share/data-publisher/package.ps1'
[10.252s] INFO:colcon.colcon_core.shell:Creating package descriptor '/home/evan/code/ndt-loc/install/data-publisher/share/data-publisher/package.dsv'
[10.252s] INFO:colcon.colcon_core.shell:Creating package script '/home/evan/code/ndt-loc/install/data-publisher/share/data-publisher/package.sh'
[10.253s] INFO:colcon.colcon_core.shell:Creating package script '/home/evan/code/ndt-loc/install/data-publisher/share/data-publisher/package.bash'
[10.254s] INFO:colcon.colcon_core.shell:Creating package script '/home/evan/code/ndt-loc/install/data-publisher/share/data-publisher/package.zsh'
[10.254s] Level 1:colcon.colcon_core.environment:create_file_with_runtime_dependencies(/home/evan/code/ndt-loc/install/data-publisher/share/colcon-core/packages/data-publisher)
[10.288s] Level 1:colcon.colcon_core.environment:create_environment_scripts_only(data-publisher)
[10.290s] Level 1:colcon.colcon_core.environment:checking '/home/evan/code/ndt-loc/install/data-publisher' for CMake module files
[10.291s] Level 1:colcon.colcon_core.environment:checking '/home/evan/code/ndt-loc/install/data-publisher' for CMake config files
[10.291s] Level 1:colcon.colcon_core.shell:create_environment_hook('data-publisher', 'cmake_prefix_path')
[10.293s] INFO:colcon.colcon_core.shell:Creating environment hook '/home/evan/code/ndt-loc/install/data-publisher/share/data-publisher/hook/cmake_prefix_path.ps1'
[10.294s] INFO:colcon.colcon_core.shell:Creating environment descriptor '/home/evan/code/ndt-loc/install/data-publisher/share/data-publisher/hook/cmake_prefix_path.dsv'
[10.294s] INFO:colcon.colcon_core.shell:Creating environment hook '/home/evan/code/ndt-loc/install/data-publisher/share/data-publisher/hook/cmake_prefix_path.sh'
[10.295s] Level 1:colcon.colcon_core.environment:checking '/home/evan/code/ndt-loc/install/data-publisher/lib'
[10.295s] Level 1:colcon.colcon_core.environment:checking '/home/evan/code/ndt-loc/install/data-publisher/bin'
[10.295s] Level 1:colcon.colcon_core.environment:checking '/home/evan/code/ndt-loc/install/data-publisher/lib/pkgconfig/data-publisher.pc'
[10.295s] Level 1:colcon.colcon_core.environment:checking '/home/evan/code/ndt-loc/install/data-publisher/lib/python3.10/site-packages'
[10.296s] Level 1:colcon.colcon_core.environment:checking '/home/evan/code/ndt-loc/install/data-publisher/bin'
[10.297s] INFO:colcon.colcon_core.shell:Creating package script '/home/evan/code/ndt-loc/install/data-publisher/share/data-publisher/package.ps1'
[10.298s] INFO:colcon.colcon_core.shell:Creating package descriptor '/home/evan/code/ndt-loc/install/data-publisher/share/data-publisher/package.dsv'
[10.299s] INFO:colcon.colcon_core.shell:Creating package script '/home/evan/code/ndt-loc/install/data-publisher/share/data-publisher/package.sh'
[10.299s] INFO:colcon.colcon_core.shell:Creating package script '/home/evan/code/ndt-loc/install/data-publisher/share/data-publisher/package.bash'
[10.300s] INFO:colcon.colcon_core.shell:Creating package script '/home/evan/code/ndt-loc/install/data-publisher/share/data-publisher/package.zsh'
[10.300s] Level 1:colcon.colcon_core.environment:create_file_with_runtime_dependencies(/home/evan/code/ndt-loc/install/data-publisher/share/colcon-core/packages/data-publisher)
[10.301s] DEBUG:colcon.colcon_parallel_executor.executor.parallel:closing loop
[10.302s] DEBUG:colcon.colcon_parallel_executor.executor.parallel:loop closed
[10.302s] DEBUG:colcon.colcon_parallel_executor.executor.parallel:run_until_complete finished with '0'
[10.302s] DEBUG:colcon.colcon_core.event_reactor:joining thread
[10.308s] INFO:colcon.colcon_core.plugin_system:Skipping extension 'colcon_notification.desktop_notification.terminal_notifier': Not used on non-Darwin systems
[10.308s] INFO:colcon.colcon_core.plugin_system:Skipping extension 'colcon_notification.desktop_notification.win32': Not used on non-Windows systems
[10.308s] INFO:colcon.colcon_notification.desktop_notification:Sending desktop notification using 'notify2'
[10.326s] DEBUG:colcon.colcon_core.event_reactor:joined thread
[10.328s] INFO:colcon.colcon_core.shell:Creating prefix script '/home/evan/code/ndt-loc/install/local_setup.ps1'
[10.332s] INFO:colcon.colcon_core.shell:Creating prefix util module '/home/evan/code/ndt-loc/install/_local_setup_util_ps1.py'
[10.333s] INFO:colcon.colcon_core.shell:Creating prefix chain script '/home/evan/code/ndt-loc/install/setup.ps1'
[10.336s] INFO:colcon.colcon_core.shell:Creating prefix script '/home/evan/code/ndt-loc/install/local_setup.sh'
[10.336s] INFO:colcon.colcon_core.shell:Creating prefix util module '/home/evan/code/ndt-loc/install/_local_setup_util_sh.py'
[10.337s] INFO:colcon.colcon_core.shell:Creating prefix chain script '/home/evan/code/ndt-loc/install/setup.sh'
[10.339s] INFO:colcon.colcon_core.shell:Creating prefix script '/home/evan/code/ndt-loc/install/local_setup.bash'
[10.339s] INFO:colcon.colcon_core.shell:Creating prefix chain script '/home/evan/code/ndt-loc/install/setup.bash'
[10.341s] INFO:colcon.colcon_core.shell:Creating prefix script '/home/evan/code/ndt-loc/install/local_setup.zsh'
[10.342s] INFO:colcon.colcon_core.shell:Creating prefix chain script '/home/evan/code/ndt-loc/install/setup.zsh'
