[0.023s] Invoking command in '/home/evan/code/ndt-loc/build/map': CMAKE_PREFIX_PATH=${CMAKE_PREFIX_PATH}:/opt/ros/humble /usr/bin/cmake --build /home/evan/code/ndt-loc/build/map -- -j4 -l4
[0.085s] [35m[1mConsolidate compiler generated dependencies of target lidar_data_node[0m
[0.095s] [35m[1mConsolidate compiler generated dependencies of target front_end_node[0m
[0.126s] [ 25%] [32mBuilding CXX object CMakeFiles/lidar_data_node.dir/src/LidarData.cpp.o[0m
[0.160s] [ 50%] [32mBuilding CXX object CMakeFiles/front_end_node.dir/src/FrontEnd.cpp.o[0m
[16.326s] [ 75%] [32m[1mLinking CXX executable lidar_data_node[0m
[17.380s] [ 75%] Built target lidar_data_node
[27.304s] [100%] [32m[1mLinking CXX executable front_end_node[0m
[29.669s] [100%] Built target front_end_node
[29.681s] Invoked command in '/home/evan/code/ndt-loc/build/map' returned '0': CMAKE_PREFIX_PATH=${CMAKE_PREFIX_PATH}:/opt/ros/humble /usr/bin/cmake --build /home/evan/code/ndt-loc/build/map -- -j4 -l4
[29.715s] Invoking command in '/home/evan/code/ndt-loc/build/map': CMAKE_PREFIX_PATH=${CMAKE_PREFIX_PATH}:/opt/ros/humble /usr/bin/cmake --install /home/evan/code/ndt-loc/build/map
[29.721s] -- Install configuration: ""
[29.722s] -- Installing: /home/evan/code/ndt-loc/install/map/lib/map/lidar_data_node
[29.729s] -- Set runtime path of "/home/evan/code/ndt-loc/install/map/lib/map/lidar_data_node" to ""
[29.729s] -- Installing: /home/evan/code/ndt-loc/install/map/lib/map/front_end_node
[29.743s] -- Set runtime path of "/home/evan/code/ndt-loc/install/map/lib/map/front_end_node" to ""
[29.744s] -- Up-to-date: /home/evan/code/ndt-loc/install/map/share/ament_index/resource_index/package_run_dependencies/map
[29.744s] -- Up-to-date: /home/evan/code/ndt-loc/install/map/share/ament_index/resource_index/parent_prefix_path/map
[29.744s] -- Up-to-date: /home/evan/code/ndt-loc/install/map/share/map/environment/ament_prefix_path.sh
[29.744s] -- Up-to-date: /home/evan/code/ndt-loc/install/map/share/map/environment/ament_prefix_path.dsv
[29.744s] -- Up-to-date: /home/evan/code/ndt-loc/install/map/share/map/environment/path.sh
[29.744s] -- Up-to-date: /home/evan/code/ndt-loc/install/map/share/map/environment/path.dsv
[29.744s] -- Up-to-date: /home/evan/code/ndt-loc/install/map/share/map/local_setup.bash
[29.744s] -- Up-to-date: /home/evan/code/ndt-loc/install/map/share/map/local_setup.sh
[29.745s] -- Up-to-date: /home/evan/code/ndt-loc/install/map/share/map/local_setup.zsh
[29.745s] -- Up-to-date: /home/evan/code/ndt-loc/install/map/share/map/local_setup.dsv
[29.745s] -- Installing: /home/evan/code/ndt-loc/install/map/share/map/package.dsv
[29.745s] -- Up-to-date: /home/evan/code/ndt-loc/install/map/share/ament_index/resource_index/packages/map
[29.745s] -- Up-to-date: /home/evan/code/ndt-loc/install/map/share/map/cmake/ament_cmake_export_include_directories-extras.cmake
[29.745s] -- Up-to-date: /home/evan/code/ndt-loc/install/map/share/map/cmake/mapConfig.cmake
[29.746s] -- Up-to-date: /home/evan/code/ndt-loc/install/map/share/map/cmake/mapConfig-version.cmake
[29.746s] -- Up-to-date: /home/evan/code/ndt-loc/install/map/share/map/package.xml
[29.749s] Invoked command in '/home/evan/code/ndt-loc/build/map' returned '0': CMAKE_PREFIX_PATH=${CMAKE_PREFIX_PATH}:/opt/ros/humble /usr/bin/cmake --install /home/evan/code/ndt-loc/build/map
