[0.028s] Invoking command in '/home/evan/code/ndt-loc/build/a-loam': CMAKE_PREFIX_PATH=${CMAKE_PREFIX_PATH}:/opt/ros/humble /usr/bin/cmake --build /home/evan/code/ndt-loc/build/a-loam -- -j4 -l4
[0.103s] [35m[1mConsolidate compiler generated dependencies of target laser_odometry_node[0m
[0.123s] [ 50%] Built target scan_registration_node
[0.155s] [ 66%] [32mBuilding CXX object CMakeFiles/laser_odometry_node.dir/src/LaserOdometryNode.cpp.o[0m
[21.309s] [ 83%] [32m[1mLinking CXX executable laser_odometry_node[0m
[23.789s] [100%] Built target laser_odometry_node
[23.803s] Invoked command in '/home/evan/code/ndt-loc/build/a-loam' returned '0': CMAKE_PREFIX_PATH=${CMAKE_PREFIX_PATH}:/opt/ros/humble /usr/bin/cmake --build /home/evan/code/ndt-loc/build/a-loam -- -j4 -l4
[23.841s] Invoking command in '/home/evan/code/ndt-loc/build/a-loam': CMAKE_PREFIX_PATH=${CMAKE_PREFIX_PATH}:/opt/ros/humble /usr/bin/cmake --install /home/evan/code/ndt-loc/build/a-loam
[23.849s] -- Install configuration: ""
[23.849s] -- Up-to-date: /home/evan/code/ndt-loc/install/a-loam/lib/a-loam/scan_registration_node
[23.850s] -- Installing: /home/evan/code/ndt-loc/install/a-loam/lib/a-loam/laser_odometry_node
[23.869s] -- Set runtime path of "/home/evan/code/ndt-loc/install/a-loam/lib/a-loam/laser_odometry_node" to ""
[23.869s] -- Up-to-date: /home/evan/code/ndt-loc/install/a-loam/share/ament_index/resource_index/package_run_dependencies/a-loam
[23.869s] -- Up-to-date: /home/evan/code/ndt-loc/install/a-loam/share/ament_index/resource_index/parent_prefix_path/a-loam
[23.869s] -- Up-to-date: /home/evan/code/ndt-loc/install/a-loam/share/a-loam/environment/ament_prefix_path.sh
[23.869s] -- Up-to-date: /home/evan/code/ndt-loc/install/a-loam/share/a-loam/environment/ament_prefix_path.dsv
[23.869s] -- Up-to-date: /home/evan/code/ndt-loc/install/a-loam/share/a-loam/environment/path.sh
[23.869s] -- Up-to-date: /home/evan/code/ndt-loc/install/a-loam/share/a-loam/environment/path.dsv
[23.869s] -- Up-to-date: /home/evan/code/ndt-loc/install/a-loam/share/a-loam/local_setup.bash
[23.870s] -- Up-to-date: /home/evan/code/ndt-loc/install/a-loam/share/a-loam/local_setup.sh
[23.870s] -- Up-to-date: /home/evan/code/ndt-loc/install/a-loam/share/a-loam/local_setup.zsh
[23.870s] -- Up-to-date: /home/evan/code/ndt-loc/install/a-loam/share/a-loam/local_setup.dsv
[23.870s] -- Installing: /home/evan/code/ndt-loc/install/a-loam/share/a-loam/package.dsv
[23.870s] -- Up-to-date: /home/evan/code/ndt-loc/install/a-loam/share/ament_index/resource_index/packages/a-loam
[23.870s] -- Up-to-date: /home/evan/code/ndt-loc/install/a-loam/share/a-loam/cmake/ament_cmake_export_include_directories-extras.cmake
[23.870s] -- Up-to-date: /home/evan/code/ndt-loc/install/a-loam/share/a-loam/cmake/a-loamConfig.cmake
[23.870s] -- Up-to-date: /home/evan/code/ndt-loc/install/a-loam/share/a-loam/cmake/a-loamConfig-version.cmake
[23.870s] -- Up-to-date: /home/evan/code/ndt-loc/install/a-loam/share/a-loam/package.xml
[23.877s] Invoked command in '/home/evan/code/ndt-loc/build/a-loam' returned '0': CMAKE_PREFIX_PATH=${CMAKE_PREFIX_PATH}:/opt/ros/humble /usr/bin/cmake --install /home/evan/code/ndt-loc/build/a-loam
