[35m[1mConsolidate compiler generated dependencies of target radar_data_node[0m
[ 50%] Built target lidar_data_node
[ 75%] [32mBuilding CXX object CMakeFiles/radar_data_node.dir/src/RadarData.cpp.o[0m
[100%] [32m[1mLinking CXX executable radar_data_node[0m
[100%] Built target radar_data_node
-- Install configuration: ""
-- Up-to-date: /home/evan/code/ndt-loc/install/data-publisher/lib/data-publisher/lidar_data_node
-- Installing: /home/evan/code/ndt-loc/install/data-publisher/lib/data-publisher/radar_data_node
-- Set runtime path of "/home/evan/code/ndt-loc/install/data-publisher/lib/data-publisher/radar_data_node" to ""
-- Up-to-date: /home/evan/code/ndt-loc/install/data-publisher/share/ament_index/resource_index/package_run_dependencies/data-publisher
-- Up-to-date: /home/evan/code/ndt-loc/install/data-publisher/share/ament_index/resource_index/parent_prefix_path/data-publisher
-- Up-to-date: /home/evan/code/ndt-loc/install/data-publisher/share/data-publisher/environment/ament_prefix_path.sh
-- Up-to-date: /home/evan/code/ndt-loc/install/data-publisher/share/data-publisher/environment/ament_prefix_path.dsv
-- Up-to-date: /home/evan/code/ndt-loc/install/data-publisher/share/data-publisher/environment/path.sh
-- Up-to-date: /home/evan/code/ndt-loc/install/data-publisher/share/data-publisher/environment/path.dsv
-- Up-to-date: /home/evan/code/ndt-loc/install/data-publisher/share/data-publisher/local_setup.bash
-- Up-to-date: /home/evan/code/ndt-loc/install/data-publisher/share/data-publisher/local_setup.sh
-- Up-to-date: /home/evan/code/ndt-loc/install/data-publisher/share/data-publisher/local_setup.zsh
-- Up-to-date: /home/evan/code/ndt-loc/install/data-publisher/share/data-publisher/local_setup.dsv
-- Installing: /home/evan/code/ndt-loc/install/data-publisher/share/data-publisher/package.dsv
-- Up-to-date: /home/evan/code/ndt-loc/install/data-publisher/share/ament_index/resource_index/packages/data-publisher
-- Up-to-date: /home/evan/code/ndt-loc/install/data-publisher/share/data-publisher/cmake/ament_cmake_export_include_directories-extras.cmake
-- Up-to-date: /home/evan/code/ndt-loc/install/data-publisher/share/data-publisher/cmake/data-publisherConfig.cmake
-- Up-to-date: /home/evan/code/ndt-loc/install/data-publisher/share/data-publisher/cmake/data-publisherConfig-version.cmake
-- Up-to-date: /home/evan/code/ndt-loc/install/data-publisher/share/data-publisher/package.xml
