[0.021s] Invoking command in '/home/evan/code/ndt-loc/build/map': CMAKE_PREFIX_PATH=${CMAKE_PREFIX_PATH}:/opt/ros/humble /usr/bin/cmake --build /home/evan/code/ndt-loc/build/map -- -j4 -l4
[0.086s] [35m[1mConsolidate compiler generated dependencies of target mapping_image[0m
[0.135s] [ 20%] Built target front_end_node
[0.138s] [ 40%] Built target lidar_data_node
[0.144s] [ 60%] Built target show_map_node
[0.169s] [ 66%] [32mBuilding CXX object CMakeFiles/mapping_image.dir/src/ImageProjection.cpp.o[0m
[19.210s] [ 73%] [32m[1mLinking CXX static library libmapping_image.a[0m
[19.605s] [ 80%] Built target mapping_image
[19.670s] [ 86%] [32m[1mLinking CXX executable mapping_node[0m
[20.986s] [100%] Built target mapping_node
[21.000s] Invoked command in '/home/evan/code/ndt-loc/build/map' returned '0': CMAKE_PREFIX_PATH=${CMAKE_PREFIX_PATH}:/opt/ros/humble /usr/bin/cmake --build /home/evan/code/ndt-loc/build/map -- -j4 -l4
[21.061s] Invoking command in '/home/evan/code/ndt-loc/build/map': CMAKE_PREFIX_PATH=${CMAKE_PREFIX_PATH}:/opt/ros/humble /usr/bin/cmake --install /home/evan/code/ndt-loc/build/map
[21.069s] -- Install configuration: ""
[21.069s] -- Up-to-date: /home/evan/code/ndt-loc/install/map/lib/map/lidar_data_node
[21.070s] -- Up-to-date: /home/evan/code/ndt-loc/install/map/lib/map/front_end_node
[21.070s] -- Up-to-date: /home/evan/code/ndt-loc/install/map/lib/map/show_map_node
[21.071s] -- Installing: /home/evan/code/ndt-loc/install/map/lib/map/mapping_node
[21.080s] -- Set runtime path of "/home/evan/code/ndt-loc/install/map/lib/map/mapping_node" to ""
[21.081s] -- Up-to-date: /home/evan/code/ndt-loc/install/map/share/ament_index/resource_index/package_run_dependencies/map
[21.081s] -- Up-to-date: /home/evan/code/ndt-loc/install/map/share/ament_index/resource_index/parent_prefix_path/map
[21.081s] -- Up-to-date: /home/evan/code/ndt-loc/install/map/share/map/environment/ament_prefix_path.sh
[21.081s] -- Up-to-date: /home/evan/code/ndt-loc/install/map/share/map/environment/ament_prefix_path.dsv
[21.082s] -- Up-to-date: /home/evan/code/ndt-loc/install/map/share/map/environment/path.sh
[21.082s] -- Up-to-date: /home/evan/code/ndt-loc/install/map/share/map/environment/path.dsv
[21.082s] -- Up-to-date: /home/evan/code/ndt-loc/install/map/share/map/local_setup.bash
[21.083s] -- Up-to-date: /home/evan/code/ndt-loc/install/map/share/map/local_setup.sh
[21.085s] -- Up-to-date: /home/evan/code/ndt-loc/install/map/share/map/local_setup.zsh
[21.085s] -- Up-to-date: /home/evan/code/ndt-loc/install/map/share/map/local_setup.dsv
[21.086s] -- Installing: /home/evan/code/ndt-loc/install/map/share/map/package.dsv
[21.087s] -- Up-to-date: /home/evan/code/ndt-loc/install/map/share/ament_index/resource_index/packages/map
[21.087s] -- Up-to-date: /home/evan/code/ndt-loc/install/map/share/map/cmake/ament_cmake_export_include_directories-extras.cmake
[21.087s] -- Up-to-date: /home/evan/code/ndt-loc/install/map/share/map/cmake/mapConfig.cmake
[21.087s] -- Up-to-date: /home/evan/code/ndt-loc/install/map/share/map/cmake/mapConfig-version.cmake
[21.087s] -- Up-to-date: /home/evan/code/ndt-loc/install/map/share/map/package.xml
[21.088s] Invoked command in '/home/evan/code/ndt-loc/build/map' returned '0': CMAKE_PREFIX_PATH=${CMAKE_PREFIX_PATH}:/opt/ros/humble /usr/bin/cmake --install /home/evan/code/ndt-loc/build/map
