[0.839s] Invoking command in '/home/evan/code/ndt-loc/build/map': CMAKE_PREFIX_PATH=${CMAKE_PREFIX_PATH}:/opt/ros/humble /usr/bin/cmake --build /home/evan/code/ndt-loc/build/map -- -j4 -l4
[2.106s] [35m[1mConsolidate compiler generated dependencies of target front_end_node[0m
[2.161s] [ 25%] Built target front_end_node
[2.341s] [35m[1mConsolidate compiler generated dependencies of target image_projection_node[0m
[2.434s] [35m[1mConsolidate compiler generated dependencies of target show_map_node[0m
[2.466s] [ 37%] [32mBuilding CXX object CMakeFiles/image_projection_node.dir/src/ImageProjection.cpp.o[0m
[2.621s] [35m[1mConsolidate compiler generated dependencies of target lidar_data_node[0m
[2.638s] [ 62%] Built target show_map_node
[2.767s] [ 87%] Built target lidar_data_node
[21.314s] [100%] [32m[1mLinking CXX executable image_projection_node[0m
[22.714s] [100%] Built target image_projection_node
[22.728s] Invoked command in '/home/evan/code/ndt-loc/build/map' returned '0': CMAKE_PREFIX_PATH=${CMAKE_PREFIX_PATH}:/opt/ros/humble /usr/bin/cmake --build /home/evan/code/ndt-loc/build/map -- -j4 -l4
[22.778s] Invoking command in '/home/evan/code/ndt-loc/build/map': CMAKE_PREFIX_PATH=${CMAKE_PREFIX_PATH}:/opt/ros/humble /usr/bin/cmake --install /home/evan/code/ndt-loc/build/map
[22.784s] -- Install configuration: ""
[22.785s] -- Up-to-date: /home/evan/code/ndt-loc/install/map/lib/map/lidar_data_node
[22.785s] -- Installing: /home/evan/code/ndt-loc/install/map/lib/map/image_projection_node
[22.792s] -- Set runtime path of "/home/evan/code/ndt-loc/install/map/lib/map/image_projection_node" to ""
[22.795s] -- Up-to-date: /home/evan/code/ndt-loc/install/map/lib/map/front_end_node
[22.795s] -- Up-to-date: /home/evan/code/ndt-loc/install/map/lib/map/show_map_node
[22.800s] -- Up-to-date: /home/evan/code/ndt-loc/install/map/share/ament_index/resource_index/package_run_dependencies/map
[22.800s] -- Up-to-date: /home/evan/code/ndt-loc/install/map/share/ament_index/resource_index/parent_prefix_path/map
[22.800s] -- Up-to-date: /home/evan/code/ndt-loc/install/map/share/map/environment/ament_prefix_path.sh
[22.800s] -- Up-to-date: /home/evan/code/ndt-loc/install/map/share/map/environment/ament_prefix_path.dsv
[22.800s] -- Up-to-date: /home/evan/code/ndt-loc/install/map/share/map/environment/path.sh
[22.801s] -- Up-to-date: /home/evan/code/ndt-loc/install/map/share/map/environment/path.dsv
[22.801s] -- Up-to-date: /home/evan/code/ndt-loc/install/map/share/map/local_setup.bash
[22.801s] -- Up-to-date: /home/evan/code/ndt-loc/install/map/share/map/local_setup.sh
[22.801s] -- Up-to-date: /home/evan/code/ndt-loc/install/map/share/map/local_setup.zsh
[22.801s] -- Up-to-date: /home/evan/code/ndt-loc/install/map/share/map/local_setup.dsv
[22.801s] -- Installing: /home/evan/code/ndt-loc/install/map/share/map/package.dsv
[22.801s] -- Up-to-date: /home/evan/code/ndt-loc/install/map/share/ament_index/resource_index/packages/map
[22.802s] -- Up-to-date: /home/evan/code/ndt-loc/install/map/share/map/cmake/ament_cmake_export_include_directories-extras.cmake
[22.802s] -- Up-to-date: /home/evan/code/ndt-loc/install/map/share/map/cmake/mapConfig.cmake
[22.802s] -- Up-to-date: /home/evan/code/ndt-loc/install/map/share/map/cmake/mapConfig-version.cmake
[22.802s] -- Up-to-date: /home/evan/code/ndt-loc/install/map/share/map/package.xml
[22.802s] Invoked command in '/home/evan/code/ndt-loc/build/map' returned '0': CMAKE_PREFIX_PATH=${CMAKE_PREFIX_PATH}:/opt/ros/humble /usr/bin/cmake --install /home/evan/code/ndt-loc/build/map
