[0.020s] Invoking command in '/home/evan/code/ndt-loc/build/data-publisher': CMAKE_PREFIX_PATH=${CMAKE_PREFIX_PATH}:/opt/ros/humble /usr/bin/cmake --build /home/evan/code/ndt-loc/build/data-publisher -- -j4 -l4
[0.051s] -- Found ament_cmake: 1.3.3 (/opt/ros/humble/share/ament_cmake/cmake)
[0.218s] -- Found rclcpp: 16.0.3 (/opt/ros/humble/share/rclcpp/cmake)
[0.253s] -- Found rosidl_generator_c: 3.1.4 (/opt/ros/humble/share/rosidl_generator_c/cmake)
[0.256s] -- Found rosidl_adapter: 3.1.4 (/opt/ros/humble/share/rosidl_adapter/cmake)
[0.263s] -- Found rosidl_generator_cpp: 3.1.4 (/opt/ros/humble/share/rosidl_generator_cpp/cmake)
[0.277s] -- Using all available rosidl_typesupport_c: rosidl_typesupport_fastrtps_c;rosidl_typesupport_introspection_c
[0.294s] -- Using all available rosidl_typesupport_cpp: rosidl_typesupport_fastrtps_cpp;rosidl_typesupport_introspection_cpp
[0.367s] -- Found rmw_implementation_cmake: 6.1.1 (/opt/ros/humble/share/rmw_implementation_cmake/cmake)
[0.368s] -- Found rmw_fastrtps_cpp: 6.2.2 (/opt/ros/humble/share/rmw_fastrtps_cpp/cmake)
[0.515s] -- Using RMW implementation 'rmw_fastrtps_cpp' as default
[0.720s] -- Found sensor_msgs: 4.2.3 (/opt/ros/humble/share/sensor_msgs/cmake)
[0.888s] -- Eigen found (include: /usr/include/eigen3, version: 3.4.0)
[0.924s] -- FLANN found (include: /usr/include, lib: /usr/lib/x86_64-linux-gnu/libflann_cpp.so)
[1.258s] -- OpenNI found (version: 1.5.4.0, include: /usr/include/ni, lib: /usr/lib/libOpenNI.so;libusb::libusb)
[1.265s] -- OpenNI2 found (version: 2.2.0.33, include: /usr/include/openni2, lib: /usr/lib/x86_64-linux-gnu/libOpenNI2.so;libusb::libusb)
[1.265s] [0m** WARNING ** io features related to pcap will be disabled[0m
[1.437s] -- Eigen found (include: /usr/include/eigen3, version: 3.4.0)
[1.445s] -- OpenNI found (version: 1.5.4.0, include: /usr/include/ni, lib: /usr/lib/libOpenNI.so;libusb::libusb)
[1.453s] -- OpenNI2 found (version: 2.2.0.33, include: /usr/include/openni2, lib: /usr/lib/x86_64-linux-gnu/libOpenNI2.so;libusb::libusb)
[1.625s] -- Found Qhull version 8.0.2
[1.794s] -- OpenNI found (version: 1.5.4.0, include: /usr/include/ni, lib: /usr/lib/libOpenNI.so;libusb::libusb)
[1.965s] -- looking for PCL_COMMON
[1.965s] -- looking for PCL_KDTREE
[1.965s] -- looking for PCL_OCTREE
[1.966s] -- looking for PCL_SEARCH
[1.966s] -- looking for PCL_SAMPLE_CONSENSUS
[1.967s] -- looking for PCL_FILTERS
[1.967s] -- looking for PCL_2D
[1.967s] -- looking for PCL_GEOMETRY
[1.968s] -- looking for PCL_IO
[1.968s] -- looking for PCL_FEATURES
[1.969s] -- looking for PCL_ML
[1.969s] -- looking for PCL_SEGMENTATION
[1.970s] -- looking for PCL_VISUALIZATION
[1.970s] -- looking for PCL_SURFACE
[1.971s] -- looking for PCL_REGISTRATION
[1.972s] -- looking for PCL_KEYPOINTS
[1.972s] -- looking for PCL_TRACKING
[1.972s] -- looking for PCL_RECOGNITION
[1.973s] -- looking for PCL_STEREO
[1.973s] -- looking for PCL_APPS
[1.974s] -- looking for PCL_IN_HAND_SCANNER
[1.975s] -- looking for PCL_MODELER
[1.975s] -- looking for PCL_POINT_CLOUD_EDITOR
[1.976s] -- looking for PCL_OUTOFCORE
[1.976s] -- looking for PCL_PEOPLE
[1.978s] -- Found pcl_conversions: 2.4.0 (/opt/ros/humble/share/pcl_conversions/cmake)
[2.300s] -- Configuring done
[2.347s] -- Generating done
[2.382s] -- Build files have been written to: /home/evan/code/ndt-loc/build/data-publisher
[2.422s] [35m[1mConsolidate compiler generated dependencies of target lidar_data_node[0m
[2.457s] [ 50%] [32m[1mLinking CXX executable lidar_data_node[0m
[2.987s] [100%] Built target lidar_data_node
[3.001s] Invoked command in '/home/evan/code/ndt-loc/build/data-publisher' returned '0': CMAKE_PREFIX_PATH=${CMAKE_PREFIX_PATH}:/opt/ros/humble /usr/bin/cmake --build /home/evan/code/ndt-loc/build/data-publisher -- -j4 -l4
[3.043s] Invoking command in '/home/evan/code/ndt-loc/build/data-publisher': CMAKE_PREFIX_PATH=${CMAKE_PREFIX_PATH}:/opt/ros/humble /usr/bin/cmake --install /home/evan/code/ndt-loc/build/data-publisher
[3.051s] -- Install configuration: ""
[3.051s] -- Installing: /home/evan/code/ndt-loc/install/data-publisher/lib/data-publisher/lidar_data_node
[3.053s] -- Set runtime path of "/home/evan/code/ndt-loc/install/data-publisher/lib/data-publisher/lidar_data_node" to ""
[3.053s] -- Up-to-date: /home/evan/code/ndt-loc/install/data-publisher/share/ament_index/resource_index/package_run_dependencies/data-publisher
[3.053s] -- Up-to-date: /home/evan/code/ndt-loc/install/data-publisher/share/ament_index/resource_index/parent_prefix_path/data-publisher
[3.053s] -- Up-to-date: /home/evan/code/ndt-loc/install/data-publisher/share/data-publisher/environment/ament_prefix_path.sh
[3.053s] -- Installing: /home/evan/code/ndt-loc/install/data-publisher/share/data-publisher/environment/ament_prefix_path.dsv
[3.054s] -- Up-to-date: /home/evan/code/ndt-loc/install/data-publisher/share/data-publisher/environment/path.sh
[3.054s] -- Installing: /home/evan/code/ndt-loc/install/data-publisher/share/data-publisher/environment/path.dsv
[3.054s] -- Up-to-date: /home/evan/code/ndt-loc/install/data-publisher/share/data-publisher/local_setup.bash
[3.054s] -- Up-to-date: /home/evan/code/ndt-loc/install/data-publisher/share/data-publisher/local_setup.sh
[3.054s] -- Up-to-date: /home/evan/code/ndt-loc/install/data-publisher/share/data-publisher/local_setup.zsh
[3.054s] -- Installing: /home/evan/code/ndt-loc/install/data-publisher/share/data-publisher/local_setup.dsv
[3.054s] -- Installing: /home/evan/code/ndt-loc/install/data-publisher/share/data-publisher/package.dsv
[3.054s] -- Up-to-date: /home/evan/code/ndt-loc/install/data-publisher/share/ament_index/resource_index/packages/data-publisher
[3.054s] -- Up-to-date: /home/evan/code/ndt-loc/install/data-publisher/share/data-publisher/cmake/ament_cmake_export_include_directories-extras.cmake
[3.054s] -- Up-to-date: /home/evan/code/ndt-loc/install/data-publisher/share/data-publisher/cmake/data-publisherConfig.cmake
[3.054s] -- Up-to-date: /home/evan/code/ndt-loc/install/data-publisher/share/data-publisher/cmake/data-publisherConfig-version.cmake
[3.054s] -- Up-to-date: /home/evan/code/ndt-loc/install/data-publisher/share/data-publisher/package.xml
[3.056s] Invoked command in '/home/evan/code/ndt-loc/build/data-publisher' returned '0': CMAKE_PREFIX_PATH=${CMAKE_PREFIX_PATH}:/opt/ros/humble /usr/bin/cmake --install /home/evan/code/ndt-loc/build/data-publisher
