[0.075s] Invoking command in '/home/evan/code/ndt-loc/build/cloud_msgs': CMAKE_PREFIX_PATH=${CMAKE_PREFIX_PATH}:/opt/ros/humble /usr/bin/cmake --build /home/evan/code/ndt-loc/build/cloud_msgs -- -j4 -l4
[0.619s] [  9%] Built target cloud_msgs__rosidl_generator_c
[0.619s] [ 12%] Built target cloud_msgs__cpp
[0.645s] [ 22%] Built target cloud_msgs__rosidl_typesupport_introspection_cpp
[0.651s] [ 22%] Built target ament_cmake_python_copy_cloud_msgs
[0.674s] [ 32%] Built target cloud_msgs__rosidl_typesupport_cpp
[0.701s] [ 41%] Built target cloud_msgs__rosidl_typesupport_introspection_c
[0.702s] [ 51%] Built target cloud_msgs__rosidl_typesupport_fastrtps_cpp
[0.833s] [ 61%] Built target cloud_msgs__rosidl_typesupport_c
[0.875s] [ 70%] Built target cloud_msgs__rosidl_typesupport_fastrtps_c
[0.906s] [ 70%] Built target cloud_msgs
[0.932s] [ 74%] Built target cloud_msgs__py
[1.065s] [ 80%] Built target cloud_msgs__rosidl_generator_py
[1.098s] [ 87%] Built target cloud_msgs__rosidl_typesupport_fastrtps_c__pyext
[1.105s] [ 93%] Built target cloud_msgs__rosidl_typesupport_introspection_c__pyext
[1.158s] [100%] Built target cloud_msgs__rosidl_typesupport_c__pyext
[1.173s] running egg_info
[1.173s] writing cloud_msgs.egg-info/PKG-INFO
[1.174s] writing dependency_links to cloud_msgs.egg-info/dependency_links.txt
[1.175s] writing top-level names to cloud_msgs.egg-info/top_level.txt
[1.178s] reading manifest file 'cloud_msgs.egg-info/SOURCES.txt'
[1.181s] writing manifest file 'cloud_msgs.egg-info/SOURCES.txt'
[1.215s] [100%] Built target ament_cmake_python_build_cloud_msgs_egg
[1.247s] Invoked command in '/home/evan/code/ndt-loc/build/cloud_msgs' returned '0': CMAKE_PREFIX_PATH=${CMAKE_PREFIX_PATH}:/opt/ros/humble /usr/bin/cmake --build /home/evan/code/ndt-loc/build/cloud_msgs -- -j4 -l4
[1.689s] Invoking command in '/home/evan/code/ndt-loc/build/cloud_msgs': CMAKE_PREFIX_PATH=${CMAKE_PREFIX_PATH}:/opt/ros/humble /usr/bin/cmake --install /home/evan/code/ndt-loc/build/cloud_msgs
[1.717s] -- Install configuration: ""
[1.717s] -- Up-to-date: /home/evan/code/ndt-loc/install/cloud_msgs/share/ament_index/resource_index/rosidl_interfaces/cloud_msgs
[1.717s] -- Up-to-date: /home/evan/code/ndt-loc/install/cloud_msgs/include/cloud_msgs/cloud_msgs
[1.717s] -- Up-to-date: /home/evan/code/ndt-loc/install/cloud_msgs/include/cloud_msgs/cloud_msgs/msg
[1.717s] -- Up-to-date: /home/evan/code/ndt-loc/install/cloud_msgs/include/cloud_msgs/cloud_msgs/msg/detail
[1.717s] -- Up-to-date: /home/evan/code/ndt-loc/install/cloud_msgs/include/cloud_msgs/cloud_msgs/msg/detail/cloud_info__functions.c
[1.717s] -- Up-to-date: /home/evan/code/ndt-loc/install/cloud_msgs/include/cloud_msgs/cloud_msgs/msg/detail/cloud_info__struct.h
[1.717s] -- Up-to-date: /home/evan/code/ndt-loc/install/cloud_msgs/include/cloud_msgs/cloud_msgs/msg/detail/cloud_info__functions.h
[1.717s] -- Up-to-date: /home/evan/code/ndt-loc/install/cloud_msgs/include/cloud_msgs/cloud_msgs/msg/detail/cloud_info__type_support.h
[1.717s] -- Up-to-date: /home/evan/code/ndt-loc/install/cloud_msgs/include/cloud_msgs/cloud_msgs/msg/cloud_info.h
[1.717s] -- Up-to-date: /home/evan/code/ndt-loc/install/cloud_msgs/include/cloud_msgs/cloud_msgs/msg/rosidl_generator_c__visibility_control.h
[1.717s] -- Up-to-date: /home/evan/code/ndt-loc/install/cloud_msgs/share/cloud_msgs/environment/library_path.sh
[1.718s] -- Up-to-date: /home/evan/code/ndt-loc/install/cloud_msgs/share/cloud_msgs/environment/library_path.dsv
[1.736s] -- Up-to-date: /home/evan/code/ndt-loc/install/cloud_msgs/lib/libcloud_msgs__rosidl_generator_c.so
[1.736s] -- Up-to-date: /home/evan/code/ndt-loc/install/cloud_msgs/include/cloud_msgs/cloud_msgs
[1.736s] -- Up-to-date: /home/evan/code/ndt-loc/install/cloud_msgs/include/cloud_msgs/cloud_msgs/msg
[1.736s] -- Up-to-date: /home/evan/code/ndt-loc/install/cloud_msgs/include/cloud_msgs/cloud_msgs/msg/detail
[1.737s] -- Up-to-date: /home/evan/code/ndt-loc/install/cloud_msgs/include/cloud_msgs/cloud_msgs/msg/detail/cloud_info__rosidl_typesupport_fastrtps_c.h
[1.737s] -- Up-to-date: /home/evan/code/ndt-loc/install/cloud_msgs/include/cloud_msgs/cloud_msgs/msg/rosidl_typesupport_fastrtps_c__visibility_control.h
[1.744s] -- Up-to-date: /home/evan/code/ndt-loc/install/cloud_msgs/lib/libcloud_msgs__rosidl_typesupport_fastrtps_c.so
[1.744s] -- Up-to-date: /home/evan/code/ndt-loc/install/cloud_msgs/include/cloud_msgs/cloud_msgs
[1.744s] -- Up-to-date: /home/evan/code/ndt-loc/install/cloud_msgs/include/cloud_msgs/cloud_msgs/msg
[1.744s] -- Up-to-date: /home/evan/code/ndt-loc/install/cloud_msgs/include/cloud_msgs/cloud_msgs/msg/detail
[1.744s] -- Up-to-date: /home/evan/code/ndt-loc/install/cloud_msgs/include/cloud_msgs/cloud_msgs/msg/detail/cloud_info__builder.hpp
[1.744s] -- Up-to-date: /home/evan/code/ndt-loc/install/cloud_msgs/include/cloud_msgs/cloud_msgs/msg/detail/cloud_info__traits.hpp
[1.745s] -- Up-to-date: /home/evan/code/ndt-loc/install/cloud_msgs/include/cloud_msgs/cloud_msgs/msg/detail/cloud_info__struct.hpp
[1.745s] -- Up-to-date: /home/evan/code/ndt-loc/install/cloud_msgs/include/cloud_msgs/cloud_msgs/msg/cloud_info.hpp
[1.745s] -- Up-to-date: /home/evan/code/ndt-loc/install/cloud_msgs/include/cloud_msgs/cloud_msgs
[1.745s] -- Up-to-date: /home/evan/code/ndt-loc/install/cloud_msgs/include/cloud_msgs/cloud_msgs/msg
[1.745s] -- Up-to-date: /home/evan/code/ndt-loc/install/cloud_msgs/include/cloud_msgs/cloud_msgs/msg/detail
[1.745s] -- Up-to-date: /home/evan/code/ndt-loc/install/cloud_msgs/include/cloud_msgs/cloud_msgs/msg/detail/dds_fastrtps
[1.745s] -- Up-to-date: /home/evan/code/ndt-loc/install/cloud_msgs/include/cloud_msgs/cloud_msgs/msg/detail/cloud_info__rosidl_typesupport_fastrtps_cpp.hpp
[1.745s] -- Up-to-date: /home/evan/code/ndt-loc/install/cloud_msgs/include/cloud_msgs/cloud_msgs/msg/rosidl_typesupport_fastrtps_cpp__visibility_control.h
[1.783s] -- Up-to-date: /home/evan/code/ndt-loc/install/cloud_msgs/lib/libcloud_msgs__rosidl_typesupport_fastrtps_cpp.so
[1.784s] -- Up-to-date: /home/evan/code/ndt-loc/install/cloud_msgs/include/cloud_msgs/cloud_msgs
[1.784s] -- Up-to-date: /home/evan/code/ndt-loc/install/cloud_msgs/include/cloud_msgs/cloud_msgs/msg
[1.785s] -- Up-to-date: /home/evan/code/ndt-loc/install/cloud_msgs/include/cloud_msgs/cloud_msgs/msg/detail
[1.785s] -- Up-to-date: /home/evan/code/ndt-loc/install/cloud_msgs/include/cloud_msgs/cloud_msgs/msg/detail/cloud_info__rosidl_typesupport_introspection_c.h
[1.785s] -- Up-to-date: /home/evan/code/ndt-loc/install/cloud_msgs/include/cloud_msgs/cloud_msgs/msg/detail/cloud_info__type_support.c
[1.785s] -- Up-to-date: /home/evan/code/ndt-loc/install/cloud_msgs/include/cloud_msgs/cloud_msgs/msg/rosidl_typesupport_introspection_c__visibility_control.h
[1.787s] -- Up-to-date: /home/evan/code/ndt-loc/install/cloud_msgs/lib/libcloud_msgs__rosidl_typesupport_introspection_c.so
[1.788s] -- Up-to-date: /home/evan/code/ndt-loc/install/cloud_msgs/lib/libcloud_msgs__rosidl_typesupport_c.so
[1.788s] -- Up-to-date: /home/evan/code/ndt-loc/install/cloud_msgs/include/cloud_msgs/cloud_msgs
[1.788s] -- Up-to-date: /home/evan/code/ndt-loc/install/cloud_msgs/include/cloud_msgs/cloud_msgs/msg
[1.788s] -- Up-to-date: /home/evan/code/ndt-loc/install/cloud_msgs/include/cloud_msgs/cloud_msgs/msg/detail
[1.788s] -- Up-to-date: /home/evan/code/ndt-loc/install/cloud_msgs/include/cloud_msgs/cloud_msgs/msg/detail/cloud_info__type_support.cpp
[1.788s] -- Up-to-date: /home/evan/code/ndt-loc/install/cloud_msgs/include/cloud_msgs/cloud_msgs/msg/detail/cloud_info__rosidl_typesupport_introspection_cpp.hpp
[1.842s] -- Up-to-date: /home/evan/code/ndt-loc/install/cloud_msgs/lib/libcloud_msgs__rosidl_typesupport_introspection_cpp.so
[1.843s] -- Up-to-date: /home/evan/code/ndt-loc/install/cloud_msgs/lib/libcloud_msgs__rosidl_typesupport_cpp.so
[1.843s] -- Up-to-date: /home/evan/code/ndt-loc/install/cloud_msgs/share/cloud_msgs/environment/pythonpath.sh
[1.843s] -- Up-to-date: /home/evan/code/ndt-loc/install/cloud_msgs/share/cloud_msgs/environment/pythonpath.dsv
[1.843s] -- Up-to-date: /home/evan/code/ndt-loc/install/cloud_msgs/local/lib/python3.10/dist-packages/cloud_msgs-0.0.0-py3.10.egg-info
[1.844s] -- Installing: /home/evan/code/ndt-loc/install/cloud_msgs/local/lib/python3.10/dist-packages/cloud_msgs-0.0.0-py3.10.egg-info/top_level.txt
[1.845s] -- Installing: /home/evan/code/ndt-loc/install/cloud_msgs/local/lib/python3.10/dist-packages/cloud_msgs-0.0.0-py3.10.egg-info/dependency_links.txt
[1.846s] -- Installing: /home/evan/code/ndt-loc/install/cloud_msgs/local/lib/python3.10/dist-packages/cloud_msgs-0.0.0-py3.10.egg-info/PKG-INFO
[1.846s] -- Installing: /home/evan/code/ndt-loc/install/cloud_msgs/local/lib/python3.10/dist-packages/cloud_msgs-0.0.0-py3.10.egg-info/SOURCES.txt
[1.847s] -- Up-to-date: /home/evan/code/ndt-loc/install/cloud_msgs/local/lib/python3.10/dist-packages/cloud_msgs
[1.847s] -- Up-to-date: /home/evan/code/ndt-loc/install/cloud_msgs/local/lib/python3.10/dist-packages/cloud_msgs/msg
[1.847s] -- Up-to-date: /home/evan/code/ndt-loc/install/cloud_msgs/local/lib/python3.10/dist-packages/cloud_msgs/msg/_cloud_info.py
[1.847s] -- Up-to-date: /home/evan/code/ndt-loc/install/cloud_msgs/local/lib/python3.10/dist-packages/cloud_msgs/msg/__init__.py
[1.847s] -- Up-to-date: /home/evan/code/ndt-loc/install/cloud_msgs/local/lib/python3.10/dist-packages/cloud_msgs/msg/_cloud_info_s.c
[1.847s] -- Up-to-date: /home/evan/code/ndt-loc/install/cloud_msgs/local/lib/python3.10/dist-packages/cloud_msgs/_cloud_msgs_s.ep.rosidl_typesupport_c.c
[1.847s] -- Up-to-date: /home/evan/code/ndt-loc/install/cloud_msgs/local/lib/python3.10/dist-packages/cloud_msgs/libcloud_msgs__rosidl_generator_py.so
[1.847s] -- Up-to-date: /home/evan/code/ndt-loc/install/cloud_msgs/local/lib/python3.10/dist-packages/cloud_msgs/_cloud_msgs_s.ep.rosidl_typesupport_fastrtps_c.c
[1.847s] -- Up-to-date: /home/evan/code/ndt-loc/install/cloud_msgs/local/lib/python3.10/dist-packages/cloud_msgs/cloud_msgs_s__rosidl_typesupport_fastrtps_c.cpython-310-x86_64-linux-gnu.so
[1.848s] -- Up-to-date: /home/evan/code/ndt-loc/install/cloud_msgs/local/lib/python3.10/dist-packages/cloud_msgs/cloud_msgs_s__rosidl_typesupport_introspection_c.cpython-310-x86_64-linux-gnu.so
[1.848s] -- Up-to-date: /home/evan/code/ndt-loc/install/cloud_msgs/local/lib/python3.10/dist-packages/cloud_msgs/_cloud_msgs_s.ep.rosidl_typesupport_introspection_c.c
[1.848s] -- Up-to-date: /home/evan/code/ndt-loc/install/cloud_msgs/local/lib/python3.10/dist-packages/cloud_msgs/__init__.py
[1.848s] -- Up-to-date: /home/evan/code/ndt-loc/install/cloud_msgs/local/lib/python3.10/dist-packages/cloud_msgs/cloud_msgs_s__rosidl_typesupport_c.cpython-310-x86_64-linux-gnu.so
[1.946s] Listing '/home/evan/code/ndt-loc/install/cloud_msgs/local/lib/python3.10/dist-packages/cloud_msgs'...
[1.946s] Listing '/home/evan/code/ndt-loc/install/cloud_msgs/local/lib/python3.10/dist-packages/cloud_msgs/msg'...
[1.974s] -- Up-to-date: /home/evan/code/ndt-loc/install/cloud_msgs/local/lib/python3.10/dist-packages/cloud_msgs/cloud_msgs_s__rosidl_typesupport_fastrtps_c.cpython-310-x86_64-linux-gnu.so
[1.976s] -- Up-to-date: /home/evan/code/ndt-loc/install/cloud_msgs/local/lib/python3.10/dist-packages/cloud_msgs/cloud_msgs_s__rosidl_typesupport_introspection_c.cpython-310-x86_64-linux-gnu.so
[1.978s] -- Up-to-date: /home/evan/code/ndt-loc/install/cloud_msgs/local/lib/python3.10/dist-packages/cloud_msgs/cloud_msgs_s__rosidl_typesupport_c.cpython-310-x86_64-linux-gnu.so
[1.984s] -- Up-to-date: /home/evan/code/ndt-loc/install/cloud_msgs/lib/libcloud_msgs__rosidl_generator_py.so
[1.984s] -- Up-to-date: /home/evan/code/ndt-loc/install/cloud_msgs/share/cloud_msgs/msg/CloudInfo.idl
[1.985s] -- Up-to-date: /home/evan/code/ndt-loc/install/cloud_msgs/share/cloud_msgs/msg/CloudInfo.msg
[1.985s] -- Up-to-date: /home/evan/code/ndt-loc/install/cloud_msgs/share/ament_index/resource_index/package_run_dependencies/cloud_msgs
[1.985s] -- Up-to-date: /home/evan/code/ndt-loc/install/cloud_msgs/share/ament_index/resource_index/parent_prefix_path/cloud_msgs
[1.985s] -- Up-to-date: /home/evan/code/ndt-loc/install/cloud_msgs/share/cloud_msgs/environment/ament_prefix_path.sh
[1.985s] -- Up-to-date: /home/evan/code/ndt-loc/install/cloud_msgs/share/cloud_msgs/environment/ament_prefix_path.dsv
[1.985s] -- Up-to-date: /home/evan/code/ndt-loc/install/cloud_msgs/share/cloud_msgs/environment/path.sh
[1.985s] -- Up-to-date: /home/evan/code/ndt-loc/install/cloud_msgs/share/cloud_msgs/environment/path.dsv
[1.985s] -- Up-to-date: /home/evan/code/ndt-loc/install/cloud_msgs/share/cloud_msgs/local_setup.bash
[1.985s] -- Up-to-date: /home/evan/code/ndt-loc/install/cloud_msgs/share/cloud_msgs/local_setup.sh
[1.986s] -- Up-to-date: /home/evan/code/ndt-loc/install/cloud_msgs/share/cloud_msgs/local_setup.zsh
[1.986s] -- Up-to-date: /home/evan/code/ndt-loc/install/cloud_msgs/share/cloud_msgs/local_setup.dsv
[1.986s] -- Installing: /home/evan/code/ndt-loc/install/cloud_msgs/share/cloud_msgs/package.dsv
[1.986s] -- Up-to-date: /home/evan/code/ndt-loc/install/cloud_msgs/share/ament_index/resource_index/packages/cloud_msgs
[1.986s] -- Up-to-date: /home/evan/code/ndt-loc/install/cloud_msgs/share/cloud_msgs/cmake/export_cloud_msgs__rosidl_generator_cExport.cmake
[1.986s] -- Up-to-date: /home/evan/code/ndt-loc/install/cloud_msgs/share/cloud_msgs/cmake/export_cloud_msgs__rosidl_generator_cExport-noconfig.cmake
[1.986s] -- Up-to-date: /home/evan/code/ndt-loc/install/cloud_msgs/share/cloud_msgs/cmake/export_cloud_msgs__rosidl_typesupport_fastrtps_cExport.cmake
[1.986s] -- Up-to-date: /home/evan/code/ndt-loc/install/cloud_msgs/share/cloud_msgs/cmake/export_cloud_msgs__rosidl_typesupport_fastrtps_cExport-noconfig.cmake
[1.987s] -- Up-to-date: /home/evan/code/ndt-loc/install/cloud_msgs/share/cloud_msgs/cmake/export_cloud_msgs__rosidl_generator_cppExport.cmake
[1.987s] -- Up-to-date: /home/evan/code/ndt-loc/install/cloud_msgs/share/cloud_msgs/cmake/export_cloud_msgs__rosidl_typesupport_fastrtps_cppExport.cmake
[1.987s] -- Up-to-date: /home/evan/code/ndt-loc/install/cloud_msgs/share/cloud_msgs/cmake/export_cloud_msgs__rosidl_typesupport_fastrtps_cppExport-noconfig.cmake
[1.987s] -- Up-to-date: /home/evan/code/ndt-loc/install/cloud_msgs/share/cloud_msgs/cmake/cloud_msgs__rosidl_typesupport_introspection_cExport.cmake
[1.987s] -- Up-to-date: /home/evan/code/ndt-loc/install/cloud_msgs/share/cloud_msgs/cmake/cloud_msgs__rosidl_typesupport_introspection_cExport-noconfig.cmake
[1.987s] -- Up-to-date: /home/evan/code/ndt-loc/install/cloud_msgs/share/cloud_msgs/cmake/cloud_msgs__rosidl_typesupport_cExport.cmake
[1.987s] -- Up-to-date: /home/evan/code/ndt-loc/install/cloud_msgs/share/cloud_msgs/cmake/cloud_msgs__rosidl_typesupport_cExport-noconfig.cmake
[1.987s] -- Up-to-date: /home/evan/code/ndt-loc/install/cloud_msgs/share/cloud_msgs/cmake/cloud_msgs__rosidl_typesupport_introspection_cppExport.cmake
[1.987s] -- Up-to-date: /home/evan/code/ndt-loc/install/cloud_msgs/share/cloud_msgs/cmake/cloud_msgs__rosidl_typesupport_introspection_cppExport-noconfig.cmake
[1.987s] -- Up-to-date: /home/evan/code/ndt-loc/install/cloud_msgs/share/cloud_msgs/cmake/cloud_msgs__rosidl_typesupport_cppExport.cmake
[1.988s] -- Up-to-date: /home/evan/code/ndt-loc/install/cloud_msgs/share/cloud_msgs/cmake/cloud_msgs__rosidl_typesupport_cppExport-noconfig.cmake
[1.988s] -- Up-to-date: /home/evan/code/ndt-loc/install/cloud_msgs/share/cloud_msgs/cmake/export_cloud_msgs__rosidl_generator_pyExport.cmake
[1.988s] -- Up-to-date: /home/evan/code/ndt-loc/install/cloud_msgs/share/cloud_msgs/cmake/export_cloud_msgs__rosidl_generator_pyExport-noconfig.cmake
[1.988s] -- Up-to-date: /home/evan/code/ndt-loc/install/cloud_msgs/share/cloud_msgs/cmake/rosidl_cmake-extras.cmake
[1.988s] -- Up-to-date: /home/evan/code/ndt-loc/install/cloud_msgs/share/cloud_msgs/cmake/ament_cmake_export_dependencies-extras.cmake
[1.988s] -- Up-to-date: /home/evan/code/ndt-loc/install/cloud_msgs/share/cloud_msgs/cmake/ament_cmake_export_include_directories-extras.cmake
[1.988s] -- Up-to-date: /home/evan/code/ndt-loc/install/cloud_msgs/share/cloud_msgs/cmake/ament_cmake_export_libraries-extras.cmake
[1.988s] -- Up-to-date: /home/evan/code/ndt-loc/install/cloud_msgs/share/cloud_msgs/cmake/ament_cmake_export_targets-extras.cmake
[1.988s] -- Up-to-date: /home/evan/code/ndt-loc/install/cloud_msgs/share/cloud_msgs/cmake/rosidl_cmake_export_typesupport_targets-extras.cmake
[1.988s] -- Up-to-date: /home/evan/code/ndt-loc/install/cloud_msgs/share/cloud_msgs/cmake/rosidl_cmake_export_typesupport_libraries-extras.cmake
[1.989s] -- Up-to-date: /home/evan/code/ndt-loc/install/cloud_msgs/share/cloud_msgs/cmake/cloud_msgsConfig.cmake
[1.989s] -- Up-to-date: /home/evan/code/ndt-loc/install/cloud_msgs/share/cloud_msgs/cmake/cloud_msgsConfig-version.cmake
[1.989s] -- Up-to-date: /home/evan/code/ndt-loc/install/cloud_msgs/share/cloud_msgs/package.xml
[1.996s] Invoked command in '/home/evan/code/ndt-loc/build/cloud_msgs' returned '0': CMAKE_PREFIX_PATH=${CMAKE_PREFIX_PATH}:/opt/ros/humble /usr/bin/cmake --install /home/evan/code/ndt-loc/build/cloud_msgs
