[0.265s] Invoking command in '/home/evan/code/ndt-loc/build/radar-data': CMAKE_PREFIX_PATH=${CMAKE_PREFIX_PATH}:/opt/ros/humble /usr/bin/cmake --build /home/evan/code/ndt-loc/build/radar-data -- -j4 -l4
[2.087s] Invoked command in '/home/evan/code/ndt-loc/build/radar-data' returned '0': CMAKE_PREFIX_PATH=${CMAKE_PREFIX_PATH}:/opt/ros/humble /usr/bin/cmake --build /home/evan/code/ndt-loc/build/radar-data -- -j4 -l4
[2.127s] Invoking command in '/home/evan/code/ndt-loc/build/radar-data': CMAKE_PREFIX_PATH=${CMAKE_PREFIX_PATH}:/opt/ros/humble /usr/bin/cmake --install /home/evan/code/ndt-loc/build/radar-data
[2.152s] -- Install configuration: ""
[2.152s] -- Up-to-date: /home/evan/code/ndt-loc/install/radar-data/share/ament_index/resource_index/package_run_dependencies/radar-data
[2.152s] -- Up-to-date: /home/evan/code/ndt-loc/install/radar-data/share/ament_index/resource_index/parent_prefix_path/radar-data
[2.152s] -- Up-to-date: /home/evan/code/ndt-loc/install/radar-data/share/radar-data/environment/ament_prefix_path.sh
[2.152s] -- Up-to-date: /home/evan/code/ndt-loc/install/radar-data/share/radar-data/environment/ament_prefix_path.dsv
[2.153s] -- Up-to-date: /home/evan/code/ndt-loc/install/radar-data/share/radar-data/environment/path.sh
[2.153s] -- Up-to-date: /home/evan/code/ndt-loc/install/radar-data/share/radar-data/environment/path.dsv
[2.155s] -- Up-to-date: /home/evan/code/ndt-loc/install/radar-data/share/radar-data/local_setup.bash
[2.156s] -- Up-to-date: /home/evan/code/ndt-loc/install/radar-data/share/radar-data/local_setup.sh
[2.156s] -- Up-to-date: /home/evan/code/ndt-loc/install/radar-data/share/radar-data/local_setup.zsh
[2.156s] -- Up-to-date: /home/evan/code/ndt-loc/install/radar-data/share/radar-data/local_setup.dsv
[2.156s] -- Installing: /home/evan/code/ndt-loc/install/radar-data/share/radar-data/package.dsv
[2.161s] -- Up-to-date: /home/evan/code/ndt-loc/install/radar-data/share/ament_index/resource_index/packages/radar-data
[2.165s] -- Up-to-date: /home/evan/code/ndt-loc/install/radar-data/share/radar-data/cmake/radar-dataConfig.cmake
[2.165s] -- Up-to-date: /home/evan/code/ndt-loc/install/radar-data/share/radar-data/cmake/radar-dataConfig-version.cmake
[2.165s] -- Up-to-date: /home/evan/code/ndt-loc/install/radar-data/share/radar-data/package.xml
[3.066s] Invoked command in '/home/evan/code/ndt-loc/build/radar-data' returned '0': CMAKE_PREFIX_PATH=${CMAKE_PREFIX_PATH}:/opt/ros/humble /usr/bin/cmake --install /home/evan/code/ndt-loc/build/radar-data
