[0.151s] Invoking command in '/home/evan/code/ndt-loc/build/map': CMAKE_PREFIX_PATH=${CMAKE_PREFIX_PATH}:/opt/ros/humble /usr/bin/cmake --build /home/evan/code/ndt-loc/build/map -- -j4 -l4
[2.605s] [ 20%] Built target lidar_data_node
[2.670s] [ 40%] Built target show_map_node
[2.736s] [35m[1mConsolidate compiler generated dependencies of target mapping_node[0m
[2.809s] [ 50%] [32mBuilding CXX object CMakeFiles/mapping_node.dir/src/GroundTruth.cpp.o[0m
[24.837s] [ 60%] [32m[1mLinking CXX executable mapping_node[0m
[51.309s] [ 60%] Built target mapping_node
[51.905s] [ 80%] Built target front_end_node
[52.308s] [100%] Built target image_projection_node
[52.327s] Invoked command in '/home/evan/code/ndt-loc/build/map' returned '0': CMAKE_PREFIX_PATH=${CMAKE_PREFIX_PATH}:/opt/ros/humble /usr/bin/cmake --build /home/evan/code/ndt-loc/build/map -- -j4 -l4
[52.434s] Invoking command in '/home/evan/code/ndt-loc/build/map': CMAKE_PREFIX_PATH=${CMAKE_PREFIX_PATH}:/opt/ros/humble /usr/bin/cmake --install /home/evan/code/ndt-loc/build/map
[52.511s] -- Install configuration: ""
[52.612s] -- Up-to-date: /home/evan/code/ndt-loc/install/map/lib/map/lidar_data_node
[52.710s] -- Up-to-date: /home/evan/code/ndt-loc/install/map/lib/map/image_projection_node
[52.794s] -- Up-to-date: /home/evan/code/ndt-loc/install/map/lib/map/front_end_node
[52.871s] -- Up-to-date: /home/evan/code/ndt-loc/install/map/lib/map/show_map_node
[52.975s] -- Installing: /home/evan/code/ndt-loc/install/map/lib/map/mapping_node
[52.980s] -- Set runtime path of "/home/evan/code/ndt-loc/install/map/lib/map/mapping_node" to ""
[52.981s] -- Up-to-date: /home/evan/code/ndt-loc/install/map/share/ament_index/resource_index/package_run_dependencies/map
[52.981s] -- Up-to-date: /home/evan/code/ndt-loc/install/map/share/ament_index/resource_index/parent_prefix_path/map
[52.981s] -- Up-to-date: /home/evan/code/ndt-loc/install/map/share/map/environment/ament_prefix_path.sh
[52.981s] -- Up-to-date: /home/evan/code/ndt-loc/install/map/share/map/environment/ament_prefix_path.dsv
[52.982s] -- Up-to-date: /home/evan/code/ndt-loc/install/map/share/map/environment/path.sh
[52.982s] -- Up-to-date: /home/evan/code/ndt-loc/install/map/share/map/environment/path.dsv
[52.982s] -- Up-to-date: /home/evan/code/ndt-loc/install/map/share/map/local_setup.bash
[52.983s] -- Up-to-date: /home/evan/code/ndt-loc/install/map/share/map/local_setup.sh
[52.983s] -- Up-to-date: /home/evan/code/ndt-loc/install/map/share/map/local_setup.zsh
[52.983s] -- Up-to-date: /home/evan/code/ndt-loc/install/map/share/map/local_setup.dsv
[52.983s] -- Installing: /home/evan/code/ndt-loc/install/map/share/map/package.dsv
[53.033s] -- Up-to-date: /home/evan/code/ndt-loc/install/map/share/ament_index/resource_index/packages/map
[53.033s] -- Up-to-date: /home/evan/code/ndt-loc/install/map/share/map/cmake/ament_cmake_export_include_directories-extras.cmake
[53.033s] -- Up-to-date: /home/evan/code/ndt-loc/install/map/share/map/cmake/mapConfig.cmake
[53.033s] -- Up-to-date: /home/evan/code/ndt-loc/install/map/share/map/cmake/mapConfig-version.cmake
[53.034s] -- Up-to-date: /home/evan/code/ndt-loc/install/map/share/map/package.xml
[53.038s] Invoked command in '/home/evan/code/ndt-loc/build/map' returned '0': CMAKE_PREFIX_PATH=${CMAKE_PREFIX_PATH}:/opt/ros/humble /usr/bin/cmake --install /home/evan/code/ndt-loc/build/map
