[0.025s] Invoking command in '/home/evan/code/ndt-loc/build/map': CMAKE_PREFIX_PATH=${CMAKE_PREFIX_PATH}:/opt/ros/humble /usr/bin/cmake --build /home/evan/code/ndt-loc/build/map -- -j4 -l4
[0.161s] [35m[1mConsolidate compiler generated dependencies of target lidar_data_node[0m
[0.182s] [35m[1mConsolidate compiler generated dependencies of target image_projection_node[0m
[0.216s] [35m[1mConsolidate compiler generated dependencies of target show_map_node[0m
[0.217s] [35m[1mConsolidate compiler generated dependencies of target front_end_node[0m
[0.246s] [ 25%] Built target lidar_data_node
[0.257s] [ 50%] Built target image_projection_node
[0.278s] [ 62%] [32mBuilding CXX object CMakeFiles/front_end_node.dir/src/FrontEnd.cpp.o[0m
[0.282s] [ 75%] [32mBuilding CXX object CMakeFiles/show_map_node.dir/src/ShowMap.cpp.o[0m
[10.552s] [01m[K/home/evan/code/ndt-loc/src/map/src/ShowMap.cpp:[m[K In function ‘[01m[Kint main(int, char**)[m[K’:
[10.552s] [01m[K/home/evan/code/ndt-loc/src/map/src/ShowMap.cpp:23:17:[m[K [01;31m[Kerror: [m[Kno matching function for call to ‘[01m[Kspin(std::shared_ptr<ndtloc::ShowMap>&)[m[K’
[10.553s]    23 |     [01;31m[Krclcpp::spin(node)[m[K;
[10.553s]       |     [01;31m[K~~~~~~~~~~~~^~~~~~[m[K
[10.553s] In file included from [01m[K/opt/ros/humble/include/rclcpp/rclcpp/rclcpp.hpp:155[m[K,
[10.553s]                  from [01m[K/home/evan/code/ndt-loc/src/map/include/map/utilty.h:4[m[K,
[10.553s]                  from [01m[K/home/evan/code/ndt-loc/src/map/include/map/ShowMap.h:4[m[K,
[10.553s]                  from [01m[K/home/evan/code/ndt-loc/src/map/src/ShowMap.cpp:1[m[K:
[10.553s] [01m[K/opt/ros/humble/include/rclcpp/rclcpp/executors.hpp:45:1:[m[K [01;36m[Knote: [m[Kcandidate: ‘[01m[Kvoid rclcpp::spin(rclcpp::node_interfaces::NodeBaseInterface::SharedPtr)[m[K’
[10.553s]    45 | [01;36m[Kspin[m[K(rclcpp::node_interfaces::NodeBaseInterface::SharedPtr node_ptr);
[10.553s]       | [01;36m[K^~~~[m[K
[10.553s] [01m[K/opt/ros/humble/include/rclcpp/rclcpp/executors.hpp:45:60:[m[K [01;36m[Knote: [m[K  no known conversion for argument 1 from ‘[01m[Kshared_ptr<[01;32m[Kndtloc::ShowMap[m[K>[m[K’ to ‘[01m[Kshared_ptr<[01;32m[Krclcpp::node_interfaces::NodeBaseInterface[m[K>[m[K’
[10.553s]    45 | spin([01;36m[Krclcpp::node_interfaces::NodeBaseInterface::SharedPtr node_ptr[m[K);
[10.553s]       |      [01;36m[K~~~~~~~~~~~~~~~~~~~~~~~~~~~~~~~~~~~~~~~~~~~~~~~~~~~~~~^~~~~~~~[m[K
[10.554s] [01m[K/opt/ros/humble/include/rclcpp/rclcpp/executors.hpp:49:1:[m[K [01;36m[Knote: [m[Kcandidate: ‘[01m[Kvoid rclcpp::spin(rclcpp::Node::SharedPtr)[m[K’
[10.554s]    49 | [01;36m[Kspin[m[K(rclcpp::Node::SharedPtr node_ptr);
[10.554s]       | [01;36m[K^~~~[m[K
[10.554s] [01m[K/opt/ros/humble/include/rclcpp/rclcpp/executors.hpp:49:30:[m[K [01;36m[Knote: [m[K  no known conversion for argument 1 from ‘[01m[Kshared_ptr<[01;32m[Kndtloc::ShowMap[m[K>[m[K’ to ‘[01m[Kshared_ptr<[01;32m[Krclcpp::Node[m[K>[m[K’
[10.554s]    49 | spin([01;36m[Krclcpp::Node::SharedPtr node_ptr[m[K);
[10.554s]       |      [01;36m[K~~~~~~~~~~~~~~~~~~~~~~~~^~~~~~~~[m[K
[12.243s] In file included from [01m[K/usr/include/x86_64-linux-gnu/c++/11/bits/c++allocator.h:33[m[K,
[12.243s]                  from [01m[K/usr/include/c++/11/bits/allocator.h:46[m[K,
[12.243s]                  from [01m[K/usr/include/c++/11/memory:64[m[K,
[12.243s]                  from [01m[K/opt/ros/humble/include/rclcpp/rclcpp/rclcpp.hpp:153[m[K,
[12.243s]                  from [01m[K/home/evan/code/ndt-loc/src/map/include/map/utilty.h:4[m[K,
[12.243s]                  from [01m[K/home/evan/code/ndt-loc/src/map/include/map/ShowMap.h:4[m[K,
[12.243s]                  from [01m[K/home/evan/code/ndt-loc/src/map/src/ShowMap.cpp:1[m[K:
[12.243s] /usr/include/c++/11/ext/new_allocator.h: In instantiation of ‘[01m[Kvoid __gnu_cxx::new_allocator<_Tp>::construct(_Up*, _Args&& ...) [with _Up = ndtloc::ShowMap; _Args = {const char (&)[14]}; _Tp = ndtloc::ShowMap][m[K’:
[12.243s] [01m[K/usr/include/c++/11/bits/alloc_traits.h:516:17:[m[K   required from ‘[01m[Kstatic void std::allocator_traits<std::allocator<_Tp1> >::construct(std::allocator_traits<std::allocator<_Tp1> >::allocator_type&, _Up*, _Args&& ...) [with _Up = ndtloc::ShowMap; _Args = {const char (&)[14]}; _Tp = ndtloc::ShowMap; std::allocator_traits<std::allocator<_Tp1> >::allocator_type = std::allocator<ndtloc::ShowMap>][m[K’
[12.243s] [01m[K/usr/include/c++/11/bits/shared_ptr_base.h:519:39:[m[K   required from ‘[01m[Kstd::_Sp_counted_ptr_inplace<_Tp, _Alloc, _Lp>::_Sp_counted_ptr_inplace(_Alloc, _Args&& ...) [with _Args = {const char (&)[14]}; _Tp = ndtloc::ShowMap; _Alloc = std::allocator<ndtloc::ShowMap>; __gnu_cxx::_Lock_policy _Lp = __gnu_cxx::_S_atomic][m[K’
[12.243s] [01m[K/usr/include/c++/11/bits/shared_ptr_base.h:650:16:[m[K   required from ‘[01m[Kstd::__shared_count<_Lp>::__shared_count(_Tp*&, std::_Sp_alloc_shared_tag<_Alloc>, _Args&& ...) [with _Tp = ndtloc::ShowMap; _Alloc = std::allocator<ndtloc::ShowMap>; _Args = {const char (&)[14]}; __gnu_cxx::_Lock_policy _Lp = __gnu_cxx::_S_atomic][m[K’
[12.243s] [01m[K/usr/include/c++/11/bits/shared_ptr_base.h:1342:14:[m[K   required from ‘[01m[Kstd::__shared_ptr<_Tp, _Lp>::__shared_ptr(std::_Sp_alloc_shared_tag<_Tp>, _Args&& ...) [with _Alloc = std::allocator<ndtloc::ShowMap>; _Args = {const char (&)[14]}; _Tp = ndtloc::ShowMap; __gnu_cxx::_Lock_policy _Lp = __gnu_cxx::_S_atomic][m[K’
[12.243s] [01m[K/usr/include/c++/11/bits/shared_ptr.h:409:59:[m[K   required from ‘[01m[Kstd::shared_ptr<_Tp>::shared_ptr(std::_Sp_alloc_shared_tag<_Tp>, _Args&& ...) [with _Alloc = std::allocator<ndtloc::ShowMap>; _Args = {const char (&)[14]}; _Tp = ndtloc::ShowMap][m[K’
[12.244s] [01m[K/usr/include/c++/11/bits/shared_ptr.h:862:14:[m[K   required from ‘[01m[Kstd::shared_ptr<_Tp> std::allocate_shared(const _Alloc&, _Args&& ...) [with _Tp = ndtloc::ShowMap; _Alloc = std::allocator<ndtloc::ShowMap>; _Args = {const char (&)[14]}][m[K’
[12.244s] [01m[K/usr/include/c++/11/bits/shared_ptr.h:878:39:[m[K   required from ‘[01m[Kstd::shared_ptr<_Tp> std::make_shared(_Args&& ...) [with _Tp = ndtloc::ShowMap; _Args = {const char (&)[14]}][m[K’
[12.244s] [01m[K/home/evan/code/ndt-loc/src/map/src/ShowMap.cpp:21:50:[m[K   required from here
[12.244s] [01m[K/usr/include/c++/11/ext/new_allocator.h:162:11:[m[K [01;31m[Kerror: [m[Kno matching function for call to ‘[01m[Kndtloc::ShowMap::ShowMap(const char [14])[m[K’
[12.249s]   162 |         { [01;31m[K::new((void *)__p) _Up(std::forward<_Args>(__args)...)[m[K; }
[12.250s]       |           [01;31m[K^~~~~~~~~~~~~~~~~~~~~~~~~~~~~~~~~~~~~~~~~~~~~~~~~~~~~~[m[K
[12.250s] In file included from [01m[K/home/evan/code/ndt-loc/src/map/src/ShowMap.cpp:1[m[K:
[12.250s] [01m[K/home/evan/code/ndt-loc/src/map/include/map/ShowMap.h:9:7:[m[K [01;36m[Knote: [m[Kcandidate: ‘[01m[Kconstexpr ndtloc::ShowMap::ShowMap()[m[K’
[12.251s]     9 | class [01;36m[KShowMap[m[K {
[12.251s]       |       [01;36m[K^~~~~~~[m[K
[12.251s] [01m[K/home/evan/code/ndt-loc/src/map/include/map/ShowMap.h:9:7:[m[K [01;36m[Knote: [m[K  candidate expects 0 arguments, 1 provided
[12.251s] [01m[K/home/evan/code/ndt-loc/src/map/include/map/ShowMap.h:9:7:[m[K [01;36m[Knote: [m[Kcandidate: ‘[01m[Kconstexpr ndtloc::ShowMap::ShowMap(const ndtloc::ShowMap&)[m[K’
[12.251s] [01m[K/home/evan/code/ndt-loc/src/map/include/map/ShowMap.h:9:7:[m[K [01;36m[Knote: [m[K  no known conversion for argument 1 from ‘[01m[Kconst char [14][m[K’ to ‘[01m[Kconst ndtloc::ShowMap&[m[K’
[12.251s] [01m[K/home/evan/code/ndt-loc/src/map/include/map/ShowMap.h:9:7:[m[K [01;36m[Knote: [m[Kcandidate: ‘[01m[Kconstexpr ndtloc::ShowMap::ShowMap(ndtloc::ShowMap&&)[m[K’
[12.251s] [01m[K/home/evan/code/ndt-loc/src/map/include/map/ShowMap.h:9:7:[m[K [01;36m[Knote: [m[K  no known conversion for argument 1 from ‘[01m[Kconst char [14][m[K’ to ‘[01m[Kndtloc::ShowMap&&[m[K’
[12.725s] gmake[2]: *** [CMakeFiles/show_map_node.dir/build.make:76: CMakeFiles/show_map_node.dir/src/ShowMap.cpp.o] Error 1
[12.725s] gmake[1]: *** [CMakeFiles/Makefile2:221: CMakeFiles/show_map_node.dir/all] Error 2
[12.725s] gmake[1]: *** Waiting for unfinished jobs....
[32.590s] [ 87%] [32m[1mLinking CXX executable front_end_node[0m
[35.115s] [ 87%] Built target front_end_node
[35.117s] gmake: *** [Makefile:146: all] Error 2
[35.120s] Invoked command in '/home/evan/code/ndt-loc/build/map' returned '2': CMAKE_PREFIX_PATH=${CMAKE_PREFIX_PATH}:/opt/ros/humble /usr/bin/cmake --build /home/evan/code/ndt-loc/build/map -- -j4 -l4
