[0.029s] Invoking command in '/home/evan/code/ndt-loc/build/map': CMAKE_PREFIX_PATH=${CMAKE_PREFIX_PATH}:/opt/ros/humble /usr/bin/cmake --build /home/evan/code/ndt-loc/build/map -- -j4 -l4
[0.126s] [35m[1mConsolidate compiler generated dependencies of target lidar_data_node[0m
[0.156s] [35m[1mConsolidate compiler generated dependencies of target front_end_node[0m
[0.187s] [35m[1mConsolidate compiler generated dependencies of target image_projection_node[0m
[0.187s] [35m[1mConsolidate compiler generated dependencies of target show_map_node[0m
[0.206s] [ 12%] [32mBuilding CXX object CMakeFiles/lidar_data_node.dir/src/LidarData.cpp.o[0m
[0.294s] [ 37%] [32mBuilding CXX object CMakeFiles/front_end_node.dir/src/FrontEnd.cpp.o[0m
[0.294s] [ 37%] [32mBuilding CXX object CMakeFiles/show_map_node.dir/src/ShowMap.cpp.o[0m
[0.335s] [ 50%] [32mBuilding CXX object CMakeFiles/image_projection_node.dir/src/ImageProjection.cpp.o[0m
[25.057s] [ 62%] [32m[1mLinking CXX executable show_map_node[0m
[25.394s] [ 75%] [32m[1mLinking CXX executable lidar_data_node[0m
[26.864s] [ 75%] Built target show_map_node
[27.351s] [ 87%] [32m[1mLinking CXX executable image_projection_node[0m
[28.751s] [ 87%] Built target lidar_data_node
[29.014s] [ 87%] Built target image_projection_node
[35.466s] [100%] [32m[1mLinking CXX executable front_end_node[0m
[37.861s] [100%] Built target front_end_node
[37.877s] Invoked command in '/home/evan/code/ndt-loc/build/map' returned '0': CMAKE_PREFIX_PATH=${CMAKE_PREFIX_PATH}:/opt/ros/humble /usr/bin/cmake --build /home/evan/code/ndt-loc/build/map -- -j4 -l4
[37.917s] Invoking command in '/home/evan/code/ndt-loc/build/map': CMAKE_PREFIX_PATH=${CMAKE_PREFIX_PATH}:/opt/ros/humble /usr/bin/cmake --install /home/evan/code/ndt-loc/build/map
[37.923s] -- Install configuration: ""
[37.924s] -- Installing: /home/evan/code/ndt-loc/install/map/lib/map/lidar_data_node
[37.930s] -- Set runtime path of "/home/evan/code/ndt-loc/install/map/lib/map/lidar_data_node" to ""
[37.930s] -- Installing: /home/evan/code/ndt-loc/install/map/lib/map/image_projection_node
[37.936s] -- Set runtime path of "/home/evan/code/ndt-loc/install/map/lib/map/image_projection_node" to ""
[37.936s] -- Installing: /home/evan/code/ndt-loc/install/map/lib/map/front_end_node
[37.948s] -- Set runtime path of "/home/evan/code/ndt-loc/install/map/lib/map/front_end_node" to ""
[37.948s] -- Installing: /home/evan/code/ndt-loc/install/map/lib/map/show_map_node
[37.954s] -- Set runtime path of "/home/evan/code/ndt-loc/install/map/lib/map/show_map_node" to ""
[37.955s] -- Up-to-date: /home/evan/code/ndt-loc/install/map/share/ament_index/resource_index/package_run_dependencies/map
[37.955s] -- Up-to-date: /home/evan/code/ndt-loc/install/map/share/ament_index/resource_index/parent_prefix_path/map
[37.955s] -- Up-to-date: /home/evan/code/ndt-loc/install/map/share/map/environment/ament_prefix_path.sh
[37.955s] -- Up-to-date: /home/evan/code/ndt-loc/install/map/share/map/environment/ament_prefix_path.dsv
[37.955s] -- Up-to-date: /home/evan/code/ndt-loc/install/map/share/map/environment/path.sh
[37.955s] -- Up-to-date: /home/evan/code/ndt-loc/install/map/share/map/environment/path.dsv
[37.955s] -- Up-to-date: /home/evan/code/ndt-loc/install/map/share/map/local_setup.bash
[37.955s] -- Up-to-date: /home/evan/code/ndt-loc/install/map/share/map/local_setup.sh
[37.955s] -- Up-to-date: /home/evan/code/ndt-loc/install/map/share/map/local_setup.zsh
[37.955s] -- Up-to-date: /home/evan/code/ndt-loc/install/map/share/map/local_setup.dsv
[37.956s] -- Installing: /home/evan/code/ndt-loc/install/map/share/map/package.dsv
[37.956s] -- Up-to-date: /home/evan/code/ndt-loc/install/map/share/ament_index/resource_index/packages/map
[37.956s] -- Up-to-date: /home/evan/code/ndt-loc/install/map/share/map/cmake/ament_cmake_export_include_directories-extras.cmake
[37.956s] -- Up-to-date: /home/evan/code/ndt-loc/install/map/share/map/cmake/mapConfig.cmake
[37.956s] -- Up-to-date: /home/evan/code/ndt-loc/install/map/share/map/cmake/mapConfig-version.cmake
[37.956s] -- Up-to-date: /home/evan/code/ndt-loc/install/map/share/map/package.xml
[37.959s] Invoked command in '/home/evan/code/ndt-loc/build/map' returned '0': CMAKE_PREFIX_PATH=${CMAKE_PREFIX_PATH}:/opt/ros/humble /usr/bin/cmake --install /home/evan/code/ndt-loc/build/map
