[0.253s] Invoking command in '/home/evan/code/ndt-loc/build/radar-data': CMAKE_PREFIX_PATH=${CMAKE_PREFIX_PATH}:/opt/ros/humble /usr/bin/cmake --build /home/evan/code/ndt-loc/build/radar-data -- -j4 -l4
[1.149s] Invoked command in '/home/evan/code/ndt-loc/build/radar-data' returned '0': CMAKE_PREFIX_PATH=${CMAKE_PREFIX_PATH}:/opt/ros/humble /usr/bin/cmake --build /home/evan/code/ndt-loc/build/radar-data -- -j4 -l4
[1.206s] Invoking command in '/home/evan/code/ndt-loc/build/radar-data': CMAKE_PREFIX_PATH=${CMAKE_PREFIX_PATH}:/opt/ros/humble /usr/bin/cmake --install /home/evan/code/ndt-loc/build/radar-data
[1.227s] -- Install configuration: ""
[1.227s] -- Up-to-date: /home/evan/code/ndt-loc/install/radar-data/share/ament_index/resource_index/package_run_dependencies/radar-data
[1.227s] -- Up-to-date: /home/evan/code/ndt-loc/install/radar-data/share/ament_index/resource_index/parent_prefix_path/radar-data
[1.228s] -- Up-to-date: /home/evan/code/ndt-loc/install/radar-data/share/radar-data/environment/ament_prefix_path.sh
[1.228s] -- Up-to-date: /home/evan/code/ndt-loc/install/radar-data/share/radar-data/environment/ament_prefix_path.dsv
[1.228s] -- Up-to-date: /home/evan/code/ndt-loc/install/radar-data/share/radar-data/environment/path.sh
[1.228s] -- Up-to-date: /home/evan/code/ndt-loc/install/radar-data/share/radar-data/environment/path.dsv
[1.228s] -- Up-to-date: /home/evan/code/ndt-loc/install/radar-data/share/radar-data/local_setup.bash
[1.228s] -- Up-to-date: /home/evan/code/ndt-loc/install/radar-data/share/radar-data/local_setup.sh
[1.228s] -- Up-to-date: /home/evan/code/ndt-loc/install/radar-data/share/radar-data/local_setup.zsh
[1.228s] -- Up-to-date: /home/evan/code/ndt-loc/install/radar-data/share/radar-data/local_setup.dsv
[1.228s] -- Installing: /home/evan/code/ndt-loc/install/radar-data/share/radar-data/package.dsv
[1.245s] -- Up-to-date: /home/evan/code/ndt-loc/install/radar-data/share/ament_index/resource_index/packages/radar-data
[1.245s] -- Up-to-date: /home/evan/code/ndt-loc/install/radar-data/share/radar-data/cmake/radar-dataConfig.cmake
[1.245s] -- Up-to-date: /home/evan/code/ndt-loc/install/radar-data/share/radar-data/cmake/radar-dataConfig-version.cmake
[1.245s] -- Up-to-date: /home/evan/code/ndt-loc/install/radar-data/share/radar-data/package.xml
[1.289s] Invoked command in '/home/evan/code/ndt-loc/build/radar-data' returned '0': CMAKE_PREFIX_PATH=${CMAKE_PREFIX_PATH}:/opt/ros/humble /usr/bin/cmake --install /home/evan/code/ndt-loc/build/radar-data
