[0.019s] Invoking command in '/home/evan/code/ndt-loc/build/data-publisher': CMAKE_PREFIX_PATH=${CMAKE_PREFIX_PATH}:/opt/ros/humble /usr/bin/cmake --build /home/evan/code/ndt-loc/build/data-publisher -- -j4 -l4
[0.087s] [ 25%] [32mBuilding CXX object CMakeFiles/radar_data_node.dir/src/RadarData.cpp.o[0m
[0.093s] [ 75%] Built target lidar_data_node
[7.407s] [100%] [32m[1mLinking CXX executable radar_data_node[0m
[7.959s] [100%] Built target radar_data_node
[7.976s] Invoked command in '/home/evan/code/ndt-loc/build/data-publisher' returned '0': CMAKE_PREFIX_PATH=${CMAKE_PREFIX_PATH}:/opt/ros/humble /usr/bin/cmake --build /home/evan/code/ndt-loc/build/data-publisher -- -j4 -l4
[8.021s] Invoking command in '/home/evan/code/ndt-loc/build/data-publisher': CMAKE_PREFIX_PATH=${CMAKE_PREFIX_PATH}:/opt/ros/humble /usr/bin/cmake --install /home/evan/code/ndt-loc/build/data-publisher
[8.028s] -- Install configuration: ""
[8.030s] -- Up-to-date: /home/evan/code/ndt-loc/install/data-publisher/lib/data-publisher/lidar_data_node
[8.030s] -- Installing: /home/evan/code/ndt-loc/install/data-publisher/lib/data-publisher/radar_data_node
[8.031s] -- Set runtime path of "/home/evan/code/ndt-loc/install/data-publisher/lib/data-publisher/radar_data_node" to ""
[8.031s] -- Up-to-date: /home/evan/code/ndt-loc/install/data-publisher/share/ament_index/resource_index/package_run_dependencies/data-publisher
[8.032s] -- Up-to-date: /home/evan/code/ndt-loc/install/data-publisher/share/ament_index/resource_index/parent_prefix_path/data-publisher
[8.032s] -- Up-to-date: /home/evan/code/ndt-loc/install/data-publisher/share/data-publisher/environment/ament_prefix_path.sh
[8.032s] -- Up-to-date: /home/evan/code/ndt-loc/install/data-publisher/share/data-publisher/environment/ament_prefix_path.dsv
[8.032s] -- Up-to-date: /home/evan/code/ndt-loc/install/data-publisher/share/data-publisher/environment/path.sh
[8.032s] -- Up-to-date: /home/evan/code/ndt-loc/install/data-publisher/share/data-publisher/environment/path.dsv
[8.032s] -- Up-to-date: /home/evan/code/ndt-loc/install/data-publisher/share/data-publisher/local_setup.bash
[8.032s] -- Up-to-date: /home/evan/code/ndt-loc/install/data-publisher/share/data-publisher/local_setup.sh
[8.032s] -- Up-to-date: /home/evan/code/ndt-loc/install/data-publisher/share/data-publisher/local_setup.zsh
[8.032s] -- Up-to-date: /home/evan/code/ndt-loc/install/data-publisher/share/data-publisher/local_setup.dsv
[8.033s] -- Up-to-date: /home/evan/code/ndt-loc/install/data-publisher/share/data-publisher/package.dsv
[8.033s] -- Up-to-date: /home/evan/code/ndt-loc/install/data-publisher/share/ament_index/resource_index/packages/data-publisher
[8.033s] -- Up-to-date: /home/evan/code/ndt-loc/install/data-publisher/share/data-publisher/cmake/ament_cmake_export_include_directories-extras.cmake
[8.033s] -- Up-to-date: /home/evan/code/ndt-loc/install/data-publisher/share/data-publisher/cmake/data-publisherConfig.cmake
[8.033s] -- Up-to-date: /home/evan/code/ndt-loc/install/data-publisher/share/data-publisher/cmake/data-publisherConfig-version.cmake
[8.033s] -- Up-to-date: /home/evan/code/ndt-loc/install/data-publisher/share/data-publisher/package.xml
[8.035s] Invoked command in '/home/evan/code/ndt-loc/build/data-publisher' returned '0': CMAKE_PREFIX_PATH=${CMAKE_PREFIX_PATH}:/opt/ros/humble /usr/bin/cmake --install /home/evan/code/ndt-loc/build/data-publisher
