[0.049s] Invoking command in '/home/evan/code/ndt-loc/build/map': CMAKE_PREFIX_PATH=${CMAKE_PREFIX_PATH}:/opt/ros/humble /usr/bin/cmake --build /home/evan/code/ndt-loc/build/map -- -j4 -l4
[0.244s] [35m[1mConsolidate compiler generated dependencies of target lidar_data_node[0m
[0.249s] [35m[1mConsolidate compiler generated dependencies of target front_end_node[0m
[0.303s] [ 33%] Built target show_map_node
[0.334s] [ 50%] [32mBuilding CXX object CMakeFiles/front_end_node.dir/src/FrontEnd.cpp.o[0m
[0.380s] [ 83%] Built target lidar_data_node
[32.694s] [100%] [32m[1mLinking CXX executable front_end_node[0m
[35.322s] [100%] Built target front_end_node
[35.334s] Invoked command in '/home/evan/code/ndt-loc/build/map' returned '0': CMAKE_PREFIX_PATH=${CMAKE_PREFIX_PATH}:/opt/ros/humble /usr/bin/cmake --build /home/evan/code/ndt-loc/build/map -- -j4 -l4
[35.370s] Invoking command in '/home/evan/code/ndt-loc/build/map': CMAKE_PREFIX_PATH=${CMAKE_PREFIX_PATH}:/opt/ros/humble /usr/bin/cmake --install /home/evan/code/ndt-loc/build/map
[35.376s] -- Install configuration: ""
[35.376s] -- Up-to-date: /home/evan/code/ndt-loc/install/map/lib/map/lidar_data_node
[35.377s] -- Installing: /home/evan/code/ndt-loc/install/map/lib/map/front_end_node
[35.391s] -- Set runtime path of "/home/evan/code/ndt-loc/install/map/lib/map/front_end_node" to ""
[35.391s] -- Up-to-date: /home/evan/code/ndt-loc/install/map/lib/map/show_map_node
[35.391s] -- Up-to-date: /home/evan/code/ndt-loc/install/map/share/ament_index/resource_index/package_run_dependencies/map
[35.391s] -- Up-to-date: /home/evan/code/ndt-loc/install/map/share/ament_index/resource_index/parent_prefix_path/map
[35.392s] -- Up-to-date: /home/evan/code/ndt-loc/install/map/share/map/environment/ament_prefix_path.sh
[35.392s] -- Up-to-date: /home/evan/code/ndt-loc/install/map/share/map/environment/ament_prefix_path.dsv
[35.392s] -- Up-to-date: /home/evan/code/ndt-loc/install/map/share/map/environment/path.sh
[35.392s] -- Up-to-date: /home/evan/code/ndt-loc/install/map/share/map/environment/path.dsv
[35.392s] -- Up-to-date: /home/evan/code/ndt-loc/install/map/share/map/local_setup.bash
[35.392s] -- Up-to-date: /home/evan/code/ndt-loc/install/map/share/map/local_setup.sh
[35.392s] -- Up-to-date: /home/evan/code/ndt-loc/install/map/share/map/local_setup.zsh
[35.392s] -- Up-to-date: /home/evan/code/ndt-loc/install/map/share/map/local_setup.dsv
[35.392s] -- Installing: /home/evan/code/ndt-loc/install/map/share/map/package.dsv
[35.392s] -- Up-to-date: /home/evan/code/ndt-loc/install/map/share/ament_index/resource_index/packages/map
[35.392s] -- Up-to-date: /home/evan/code/ndt-loc/install/map/share/map/cmake/ament_cmake_export_include_directories-extras.cmake
[35.392s] -- Up-to-date: /home/evan/code/ndt-loc/install/map/share/map/cmake/mapConfig.cmake
[35.393s] -- Up-to-date: /home/evan/code/ndt-loc/install/map/share/map/cmake/mapConfig-version.cmake
[35.393s] -- Up-to-date: /home/evan/code/ndt-loc/install/map/share/map/package.xml
[35.396s] Invoked command in '/home/evan/code/ndt-loc/build/map' returned '0': CMAKE_PREFIX_PATH=${CMAKE_PREFIX_PATH}:/opt/ros/humble /usr/bin/cmake --install /home/evan/code/ndt-loc/build/map
