[0.033s] Invoking command in '/home/evan/code/ndt-loc/build/cloud_msgs': CMAKE_PREFIX_PATH=${CMAKE_PREFIX_PATH}:/opt/ros/humble /usr/bin/cmake --build /home/evan/code/ndt-loc/build/cloud_msgs -- -j4 -l4
[0.121s] [  3%] Built target cloud_msgs__cpp
[0.121s] [ 12%] Built target cloud_msgs__rosidl_generator_c
[0.130s] [ 12%] Built target ament_cmake_python_copy_cloud_msgs
[0.148s] [ 22%] Built target cloud_msgs__rosidl_typesupport_fastrtps_cpp
[0.160s] [ 32%] Built target cloud_msgs__rosidl_typesupport_introspection_cpp
[0.164s] [ 41%] Built target cloud_msgs__rosidl_typesupport_cpp
[0.171s] [ 51%] Built target cloud_msgs__rosidl_typesupport_fastrtps_c
[0.188s] [ 61%] Built target cloud_msgs__rosidl_typesupport_introspection_c
[0.208s] [ 70%] Built target cloud_msgs__rosidl_typesupport_c
[0.263s] [ 70%] Built target cloud_msgs
[0.290s] [ 74%] Built target cloud_msgs__py
[0.328s] [ 80%] Built target cloud_msgs__rosidl_generator_py
[0.366s] [ 87%] Built target cloud_msgs__rosidl_typesupport_fastrtps_c__pyext
[0.384s] [ 93%] Built target cloud_msgs__rosidl_typesupport_introspection_c__pyext
[0.395s] [100%] Built target cloud_msgs__rosidl_typesupport_c__pyext
[0.442s] running egg_info
[0.442s] writing cloud_msgs.egg-info/PKG-INFO
[0.442s] writing dependency_links to cloud_msgs.egg-info/dependency_links.txt
[0.443s] writing top-level names to cloud_msgs.egg-info/top_level.txt
[0.446s] reading manifest file 'cloud_msgs.egg-info/SOURCES.txt'
[0.447s] writing manifest file 'cloud_msgs.egg-info/SOURCES.txt'
[0.475s] [100%] Built target ament_cmake_python_build_cloud_msgs_egg
[0.493s] Invoked command in '/home/evan/code/ndt-loc/build/cloud_msgs' returned '0': CMAKE_PREFIX_PATH=${CMAKE_PREFIX_PATH}:/opt/ros/humble /usr/bin/cmake --build /home/evan/code/ndt-loc/build/cloud_msgs -- -j4 -l4
[0.579s] Invoking command in '/home/evan/code/ndt-loc/build/cloud_msgs': CMAKE_PREFIX_PATH=${CMAKE_PREFIX_PATH}:/opt/ros/humble /usr/bin/cmake --install /home/evan/code/ndt-loc/build/cloud_msgs
[0.589s] -- Install configuration: ""
[0.589s] -- Up-to-date: /home/evan/code/ndt-loc/install/cloud_msgs/share/ament_index/resource_index/rosidl_interfaces/cloud_msgs
[0.590s] -- Up-to-date: /home/evan/code/ndt-loc/install/cloud_msgs/include/cloud_msgs/cloud_msgs
[0.590s] -- Up-to-date: /home/evan/code/ndt-loc/install/cloud_msgs/include/cloud_msgs/cloud_msgs/msg
[0.590s] -- Up-to-date: /home/evan/code/ndt-loc/install/cloud_msgs/include/cloud_msgs/cloud_msgs/msg/detail
[0.591s] -- Up-to-date: /home/evan/code/ndt-loc/install/cloud_msgs/include/cloud_msgs/cloud_msgs/msg/detail/cloud_info__functions.c
[0.592s] -- Up-to-date: /home/evan/code/ndt-loc/install/cloud_msgs/include/cloud_msgs/cloud_msgs/msg/detail/cloud_info__struct.h
[0.592s] -- Up-to-date: /home/evan/code/ndt-loc/install/cloud_msgs/include/cloud_msgs/cloud_msgs/msg/detail/cloud_info__functions.h
[0.592s] -- Up-to-date: /home/evan/code/ndt-loc/install/cloud_msgs/include/cloud_msgs/cloud_msgs/msg/detail/cloud_info__type_support.h
[0.592s] -- Up-to-date: /home/evan/code/ndt-loc/install/cloud_msgs/include/cloud_msgs/cloud_msgs/msg/cloud_info.h
[0.592s] -- Up-to-date: /home/evan/code/ndt-loc/install/cloud_msgs/include/cloud_msgs/cloud_msgs/msg/rosidl_generator_c__visibility_control.h
[0.593s] -- Up-to-date: /home/evan/code/ndt-loc/install/cloud_msgs/share/cloud_msgs/environment/library_path.sh
[0.595s] -- Up-to-date: /home/evan/code/ndt-loc/install/cloud_msgs/share/cloud_msgs/environment/library_path.dsv
[0.596s] -- Up-to-date: /home/evan/code/ndt-loc/install/cloud_msgs/lib/libcloud_msgs__rosidl_generator_c.so
[0.596s] -- Up-to-date: /home/evan/code/ndt-loc/install/cloud_msgs/include/cloud_msgs/cloud_msgs
[0.596s] -- Up-to-date: /home/evan/code/ndt-loc/install/cloud_msgs/include/cloud_msgs/cloud_msgs/msg
[0.596s] -- Up-to-date: /home/evan/code/ndt-loc/install/cloud_msgs/include/cloud_msgs/cloud_msgs/msg/detail
[0.597s] -- Up-to-date: /home/evan/code/ndt-loc/install/cloud_msgs/include/cloud_msgs/cloud_msgs/msg/detail/cloud_info__rosidl_typesupport_fastrtps_c.h
[0.597s] -- Up-to-date: /home/evan/code/ndt-loc/install/cloud_msgs/include/cloud_msgs/cloud_msgs/msg/rosidl_typesupport_fastrtps_c__visibility_control.h
[0.600s] -- Up-to-date: /home/evan/code/ndt-loc/install/cloud_msgs/lib/libcloud_msgs__rosidl_typesupport_fastrtps_c.so
[0.600s] -- Up-to-date: /home/evan/code/ndt-loc/install/cloud_msgs/include/cloud_msgs/cloud_msgs
[0.601s] -- Up-to-date: /home/evan/code/ndt-loc/install/cloud_msgs/include/cloud_msgs/cloud_msgs/msg
[0.601s] -- Up-to-date: /home/evan/code/ndt-loc/install/cloud_msgs/include/cloud_msgs/cloud_msgs/msg/detail
[0.601s] -- Up-to-date: /home/evan/code/ndt-loc/install/cloud_msgs/include/cloud_msgs/cloud_msgs/msg/detail/cloud_info__builder.hpp
[0.601s] -- Up-to-date: /home/evan/code/ndt-loc/install/cloud_msgs/include/cloud_msgs/cloud_msgs/msg/detail/cloud_info__traits.hpp
[0.601s] -- Up-to-date: /home/evan/code/ndt-loc/install/cloud_msgs/include/cloud_msgs/cloud_msgs/msg/detail/cloud_info__struct.hpp
[0.602s] -- Up-to-date: /home/evan/code/ndt-loc/install/cloud_msgs/include/cloud_msgs/cloud_msgs/msg/cloud_info.hpp
[0.602s] -- Up-to-date: /home/evan/code/ndt-loc/install/cloud_msgs/include/cloud_msgs/cloud_msgs
[0.602s] -- Up-to-date: /home/evan/code/ndt-loc/install/cloud_msgs/include/cloud_msgs/cloud_msgs/msg
[0.602s] -- Up-to-date: /home/evan/code/ndt-loc/install/cloud_msgs/include/cloud_msgs/cloud_msgs/msg/detail
[0.602s] -- Up-to-date: /home/evan/code/ndt-loc/install/cloud_msgs/include/cloud_msgs/cloud_msgs/msg/detail/dds_fastrtps
[0.602s] -- Up-to-date: /home/evan/code/ndt-loc/install/cloud_msgs/include/cloud_msgs/cloud_msgs/msg/detail/cloud_info__rosidl_typesupport_fastrtps_cpp.hpp
[0.602s] -- Up-to-date: /home/evan/code/ndt-loc/install/cloud_msgs/include/cloud_msgs/cloud_msgs/msg/rosidl_typesupport_fastrtps_cpp__visibility_control.h
[0.602s] -- Up-to-date: /home/evan/code/ndt-loc/install/cloud_msgs/lib/libcloud_msgs__rosidl_typesupport_fastrtps_cpp.so
[0.602s] -- Up-to-date: /home/evan/code/ndt-loc/install/cloud_msgs/include/cloud_msgs/cloud_msgs
[0.602s] -- Up-to-date: /home/evan/code/ndt-loc/install/cloud_msgs/include/cloud_msgs/cloud_msgs/msg
[0.602s] -- Up-to-date: /home/evan/code/ndt-loc/install/cloud_msgs/include/cloud_msgs/cloud_msgs/msg/detail
[0.602s] -- Up-to-date: /home/evan/code/ndt-loc/install/cloud_msgs/include/cloud_msgs/cloud_msgs/msg/detail/cloud_info__rosidl_typesupport_introspection_c.h
[0.602s] -- Up-to-date: /home/evan/code/ndt-loc/install/cloud_msgs/include/cloud_msgs/cloud_msgs/msg/detail/cloud_info__type_support.c
[0.603s] -- Up-to-date: /home/evan/code/ndt-loc/install/cloud_msgs/include/cloud_msgs/cloud_msgs/msg/rosidl_typesupport_introspection_c__visibility_control.h
[0.603s] -- Up-to-date: /home/evan/code/ndt-loc/install/cloud_msgs/lib/libcloud_msgs__rosidl_typesupport_introspection_c.so
[0.603s] -- Up-to-date: /home/evan/code/ndt-loc/install/cloud_msgs/lib/libcloud_msgs__rosidl_typesupport_c.so
[0.603s] -- Up-to-date: /home/evan/code/ndt-loc/install/cloud_msgs/include/cloud_msgs/cloud_msgs
[0.603s] -- Up-to-date: /home/evan/code/ndt-loc/install/cloud_msgs/include/cloud_msgs/cloud_msgs/msg
[0.603s] -- Up-to-date: /home/evan/code/ndt-loc/install/cloud_msgs/include/cloud_msgs/cloud_msgs/msg/detail
[0.603s] -- Up-to-date: /home/evan/code/ndt-loc/install/cloud_msgs/include/cloud_msgs/cloud_msgs/msg/detail/cloud_info__type_support.cpp
[0.603s] -- Up-to-date: /home/evan/code/ndt-loc/install/cloud_msgs/include/cloud_msgs/cloud_msgs/msg/detail/cloud_info__rosidl_typesupport_introspection_cpp.hpp
[0.603s] -- Up-to-date: /home/evan/code/ndt-loc/install/cloud_msgs/lib/libcloud_msgs__rosidl_typesupport_introspection_cpp.so
[0.603s] -- Up-to-date: /home/evan/code/ndt-loc/install/cloud_msgs/lib/libcloud_msgs__rosidl_typesupport_cpp.so
[0.603s] -- Up-to-date: /home/evan/code/ndt-loc/install/cloud_msgs/share/cloud_msgs/environment/pythonpath.sh
[0.603s] -- Up-to-date: /home/evan/code/ndt-loc/install/cloud_msgs/share/cloud_msgs/environment/pythonpath.dsv
[0.604s] -- Up-to-date: /home/evan/code/ndt-loc/install/cloud_msgs/local/lib/python3.10/dist-packages/cloud_msgs-0.0.0-py3.10.egg-info
[0.604s] -- Installing: /home/evan/code/ndt-loc/install/cloud_msgs/local/lib/python3.10/dist-packages/cloud_msgs-0.0.0-py3.10.egg-info/top_level.txt
[0.604s] -- Installing: /home/evan/code/ndt-loc/install/cloud_msgs/local/lib/python3.10/dist-packages/cloud_msgs-0.0.0-py3.10.egg-info/dependency_links.txt
[0.604s] -- Installing: /home/evan/code/ndt-loc/install/cloud_msgs/local/lib/python3.10/dist-packages/cloud_msgs-0.0.0-py3.10.egg-info/PKG-INFO
[0.604s] -- Installing: /home/evan/code/ndt-loc/install/cloud_msgs/local/lib/python3.10/dist-packages/cloud_msgs-0.0.0-py3.10.egg-info/SOURCES.txt
[0.604s] -- Up-to-date: /home/evan/code/ndt-loc/install/cloud_msgs/local/lib/python3.10/dist-packages/cloud_msgs
[0.604s] -- Up-to-date: /home/evan/code/ndt-loc/install/cloud_msgs/local/lib/python3.10/dist-packages/cloud_msgs/msg
[0.605s] -- Up-to-date: /home/evan/code/ndt-loc/install/cloud_msgs/local/lib/python3.10/dist-packages/cloud_msgs/msg/_cloud_info.py
[0.605s] -- Up-to-date: /home/evan/code/ndt-loc/install/cloud_msgs/local/lib/python3.10/dist-packages/cloud_msgs/msg/__init__.py
[0.605s] -- Up-to-date: /home/evan/code/ndt-loc/install/cloud_msgs/local/lib/python3.10/dist-packages/cloud_msgs/msg/_cloud_info_s.c
[0.605s] -- Up-to-date: /home/evan/code/ndt-loc/install/cloud_msgs/local/lib/python3.10/dist-packages/cloud_msgs/_cloud_msgs_s.ep.rosidl_typesupport_c.c
[0.605s] -- Up-to-date: /home/evan/code/ndt-loc/install/cloud_msgs/local/lib/python3.10/dist-packages/cloud_msgs/libcloud_msgs__rosidl_generator_py.so
[0.605s] -- Up-to-date: /home/evan/code/ndt-loc/install/cloud_msgs/local/lib/python3.10/dist-packages/cloud_msgs/_cloud_msgs_s.ep.rosidl_typesupport_fastrtps_c.c
[0.606s] -- Up-to-date: /home/evan/code/ndt-loc/install/cloud_msgs/local/lib/python3.10/dist-packages/cloud_msgs/cloud_msgs_s__rosidl_typesupport_fastrtps_c.cpython-310-x86_64-linux-gnu.so
[0.606s] -- Up-to-date: /home/evan/code/ndt-loc/install/cloud_msgs/local/lib/python3.10/dist-packages/cloud_msgs/cloud_msgs_s__rosidl_typesupport_introspection_c.cpython-310-x86_64-linux-gnu.so
[0.606s] -- Up-to-date: /home/evan/code/ndt-loc/install/cloud_msgs/local/lib/python3.10/dist-packages/cloud_msgs/_cloud_msgs_s.ep.rosidl_typesupport_introspection_c.c
[0.606s] -- Up-to-date: /home/evan/code/ndt-loc/install/cloud_msgs/local/lib/python3.10/dist-packages/cloud_msgs/__init__.py
[0.606s] -- Up-to-date: /home/evan/code/ndt-loc/install/cloud_msgs/local/lib/python3.10/dist-packages/cloud_msgs/cloud_msgs_s__rosidl_typesupport_c.cpython-310-x86_64-linux-gnu.so
[0.657s] Listing '/home/evan/code/ndt-loc/install/cloud_msgs/local/lib/python3.10/dist-packages/cloud_msgs'...
[0.658s] Listing '/home/evan/code/ndt-loc/install/cloud_msgs/local/lib/python3.10/dist-packages/cloud_msgs/msg'...
[0.663s] -- Up-to-date: /home/evan/code/ndt-loc/install/cloud_msgs/local/lib/python3.10/dist-packages/cloud_msgs/cloud_msgs_s__rosidl_typesupport_fastrtps_c.cpython-310-x86_64-linux-gnu.so
[0.663s] -- Up-to-date: /home/evan/code/ndt-loc/install/cloud_msgs/local/lib/python3.10/dist-packages/cloud_msgs/cloud_msgs_s__rosidl_typesupport_introspection_c.cpython-310-x86_64-linux-gnu.so
[0.664s] -- Up-to-date: /home/evan/code/ndt-loc/install/cloud_msgs/local/lib/python3.10/dist-packages/cloud_msgs/cloud_msgs_s__rosidl_typesupport_c.cpython-310-x86_64-linux-gnu.so
[0.664s] -- Up-to-date: /home/evan/code/ndt-loc/install/cloud_msgs/lib/libcloud_msgs__rosidl_generator_py.so
[0.664s] -- Up-to-date: /home/evan/code/ndt-loc/install/cloud_msgs/share/cloud_msgs/msg/CloudInfo.idl
[0.664s] -- Up-to-date: /home/evan/code/ndt-loc/install/cloud_msgs/share/cloud_msgs/msg/CloudInfo.msg
[0.664s] -- Up-to-date: /home/evan/code/ndt-loc/install/cloud_msgs/share/ament_index/resource_index/package_run_dependencies/cloud_msgs
[0.665s] -- Up-to-date: /home/evan/code/ndt-loc/install/cloud_msgs/share/ament_index/resource_index/parent_prefix_path/cloud_msgs
[0.665s] -- Up-to-date: /home/evan/code/ndt-loc/install/cloud_msgs/share/cloud_msgs/environment/ament_prefix_path.sh
[0.665s] -- Up-to-date: /home/evan/code/ndt-loc/install/cloud_msgs/share/cloud_msgs/environment/ament_prefix_path.dsv
[0.665s] -- Up-to-date: /home/evan/code/ndt-loc/install/cloud_msgs/share/cloud_msgs/environment/path.sh
[0.665s] -- Up-to-date: /home/evan/code/ndt-loc/install/cloud_msgs/share/cloud_msgs/environment/path.dsv
[0.665s] -- Up-to-date: /home/evan/code/ndt-loc/install/cloud_msgs/share/cloud_msgs/local_setup.bash
[0.665s] -- Up-to-date: /home/evan/code/ndt-loc/install/cloud_msgs/share/cloud_msgs/local_setup.sh
[0.665s] -- Up-to-date: /home/evan/code/ndt-loc/install/cloud_msgs/share/cloud_msgs/local_setup.zsh
[0.665s] -- Up-to-date: /home/evan/code/ndt-loc/install/cloud_msgs/share/cloud_msgs/local_setup.dsv
[0.665s] -- Installing: /home/evan/code/ndt-loc/install/cloud_msgs/share/cloud_msgs/package.dsv
[0.665s] -- Up-to-date: /home/evan/code/ndt-loc/install/cloud_msgs/share/ament_index/resource_index/packages/cloud_msgs
[0.666s] -- Up-to-date: /home/evan/code/ndt-loc/install/cloud_msgs/share/cloud_msgs/cmake/export_cloud_msgs__rosidl_generator_cExport.cmake
[0.666s] -- Up-to-date: /home/evan/code/ndt-loc/install/cloud_msgs/share/cloud_msgs/cmake/export_cloud_msgs__rosidl_generator_cExport-noconfig.cmake
[0.666s] -- Up-to-date: /home/evan/code/ndt-loc/install/cloud_msgs/share/cloud_msgs/cmake/export_cloud_msgs__rosidl_typesupport_fastrtps_cExport.cmake
[0.666s] -- Up-to-date: /home/evan/code/ndt-loc/install/cloud_msgs/share/cloud_msgs/cmake/export_cloud_msgs__rosidl_typesupport_fastrtps_cExport-noconfig.cmake
[0.666s] -- Up-to-date: /home/evan/code/ndt-loc/install/cloud_msgs/share/cloud_msgs/cmake/export_cloud_msgs__rosidl_generator_cppExport.cmake
[0.666s] -- Up-to-date: /home/evan/code/ndt-loc/install/cloud_msgs/share/cloud_msgs/cmake/export_cloud_msgs__rosidl_typesupport_fastrtps_cppExport.cmake
[0.666s] -- Up-to-date: /home/evan/code/ndt-loc/install/cloud_msgs/share/cloud_msgs/cmake/export_cloud_msgs__rosidl_typesupport_fastrtps_cppExport-noconfig.cmake
[0.666s] -- Up-to-date: /home/evan/code/ndt-loc/install/cloud_msgs/share/cloud_msgs/cmake/cloud_msgs__rosidl_typesupport_introspection_cExport.cmake
[0.666s] -- Up-to-date: /home/evan/code/ndt-loc/install/cloud_msgs/share/cloud_msgs/cmake/cloud_msgs__rosidl_typesupport_introspection_cExport-noconfig.cmake
[0.666s] -- Up-to-date: /home/evan/code/ndt-loc/install/cloud_msgs/share/cloud_msgs/cmake/cloud_msgs__rosidl_typesupport_cExport.cmake
[0.667s] -- Up-to-date: /home/evan/code/ndt-loc/install/cloud_msgs/share/cloud_msgs/cmake/cloud_msgs__rosidl_typesupport_cExport-noconfig.cmake
[0.667s] -- Up-to-date: /home/evan/code/ndt-loc/install/cloud_msgs/share/cloud_msgs/cmake/cloud_msgs__rosidl_typesupport_introspection_cppExport.cmake
[0.668s] -- Up-to-date: /home/evan/code/ndt-loc/install/cloud_msgs/share/cloud_msgs/cmake/cloud_msgs__rosidl_typesupport_introspection_cppExport-noconfig.cmake
[0.668s] -- Up-to-date: /home/evan/code/ndt-loc/install/cloud_msgs/share/cloud_msgs/cmake/cloud_msgs__rosidl_typesupport_cppExport.cmake
[0.668s] -- Up-to-date: /home/evan/code/ndt-loc/install/cloud_msgs/share/cloud_msgs/cmake/cloud_msgs__rosidl_typesupport_cppExport-noconfig.cmake
[0.668s] -- Up-to-date: /home/evan/code/ndt-loc/install/cloud_msgs/share/cloud_msgs/cmake/export_cloud_msgs__rosidl_generator_pyExport.cmake
[0.668s] -- Up-to-date: /home/evan/code/ndt-loc/install/cloud_msgs/share/cloud_msgs/cmake/export_cloud_msgs__rosidl_generator_pyExport-noconfig.cmake
[0.668s] -- Up-to-date: /home/evan/code/ndt-loc/install/cloud_msgs/share/cloud_msgs/cmake/rosidl_cmake-extras.cmake
[0.668s] -- Up-to-date: /home/evan/code/ndt-loc/install/cloud_msgs/share/cloud_msgs/cmake/ament_cmake_export_dependencies-extras.cmake
[0.668s] -- Up-to-date: /home/evan/code/ndt-loc/install/cloud_msgs/share/cloud_msgs/cmake/ament_cmake_export_include_directories-extras.cmake
[0.668s] -- Up-to-date: /home/evan/code/ndt-loc/install/cloud_msgs/share/cloud_msgs/cmake/ament_cmake_export_libraries-extras.cmake
[0.668s] -- Up-to-date: /home/evan/code/ndt-loc/install/cloud_msgs/share/cloud_msgs/cmake/ament_cmake_export_targets-extras.cmake
[0.668s] -- Up-to-date: /home/evan/code/ndt-loc/install/cloud_msgs/share/cloud_msgs/cmake/rosidl_cmake_export_typesupport_targets-extras.cmake
[0.668s] -- Up-to-date: /home/evan/code/ndt-loc/install/cloud_msgs/share/cloud_msgs/cmake/rosidl_cmake_export_typesupport_libraries-extras.cmake
[0.668s] -- Up-to-date: /home/evan/code/ndt-loc/install/cloud_msgs/share/cloud_msgs/cmake/cloud_msgsConfig.cmake
[0.669s] -- Up-to-date: /home/evan/code/ndt-loc/install/cloud_msgs/share/cloud_msgs/cmake/cloud_msgsConfig-version.cmake
[0.669s] -- Up-to-date: /home/evan/code/ndt-loc/install/cloud_msgs/share/cloud_msgs/package.xml
[0.681s] Invoked command in '/home/evan/code/ndt-loc/build/cloud_msgs' returned '0': CMAKE_PREFIX_PATH=${CMAKE_PREFIX_PATH}:/opt/ros/humble /usr/bin/cmake --install /home/evan/code/ndt-loc/build/cloud_msgs
