[3.135s] DEBUG:colcon:Command line arguments: ['/usr/bin/colcon', 'build', '--packages-select', 'radar-odometry']
[3.136s] DEBUG:colcon:Parsed command line arguments: Namespace(log_base=None, log_level=None, verb_name='build', build_base='build', install_base='install', merge_install=False, symlink_install=False, test_result_base=None, continue_on_error=False, executor='parallel', parallel_workers=4, event_handlers=None, ignore_user_meta=False, metas=['./colcon.meta'], base_paths=['.'], packages_ignore=None, packages_ignore_regex=None, paths=None, packages_up_to=None, packages_up_to_regex=None, packages_above=None, packages_above_and_dependencies=None, packages_above_depth=None, packages_select_by_dep=None, packages_skip_by_dep=None, packages_skip_up_to=None, packages_select_build_failed=False, packages_skip_build_finished=False, packages_select_test_failures=False, packages_skip_test_passed=False, packages_select=['radar-odometry'], packages_skip=None, packages_select_regex=None, packages_skip_regex=None, packages_start=None, packages_end=None, allow_overriding=[], cmake_args=None, cmake_target=None, cmake_target_skip_unavailable=False, cmake_clean_cache=False, cmake_clean_first=False, cmake_force_configure=False, ament_cmake_args=None, catkin_cmake_args=None, catkin_skip_building_tests=False, verb_parser=<colcon_defaults.argument_parser.defaults.DefaultArgumentsDecorator object at 0x7ff66e09e2f0>, verb_extension=<colcon_core.verb.build.BuildVerb object at 0x7ff66e8add80>, main=<bound method BuildVerb.main of <colcon_core.verb.build.BuildVerb object at 0x7ff66e8add80>>)
[3.201s] Level 1:colcon.colcon_core.package_discovery:discover_packages(colcon_meta) check parameters
[3.201s] Level 1:colcon.colcon_core.package_discovery:discover_packages(recursive) check parameters
[3.201s] Level 1:colcon.colcon_core.package_discovery:discover_packages(ignore) check parameters
[3.201s] Level 1:colcon.colcon_core.package_discovery:discover_packages(path) check parameters
[3.201s] Level 1:colcon.colcon_core.package_discovery:discover_packages(colcon_meta) discover
[3.201s] Level 1:colcon.colcon_core.package_discovery:discover_packages(recursive) discover
[3.201s] INFO:colcon.colcon_core.package_discovery:Crawling recursively for packages in '/home/evan/code/ndt-loc'
[3.201s] Level 1:colcon.colcon_core.package_identification:_identify(.) by extensions ['ignore', 'ignore_ament_install']
[3.201s] Level 1:colcon.colcon_core.package_identification:_identify(.) by extension 'ignore'
[3.201s] Level 1:colcon.colcon_core.package_identification:_identify(.) by extension 'ignore_ament_install'
[3.202s] Level 1:colcon.colcon_core.package_identification:_identify(.) by extensions ['colcon_pkg']
[3.202s] Level 1:colcon.colcon_core.package_identification:_identify(.) by extension 'colcon_pkg'
[3.202s] Level 1:colcon.colcon_core.package_identification:_identify(.) by extensions ['colcon_meta']
[3.202s] Level 1:colcon.colcon_core.package_identification:_identify(.) by extension 'colcon_meta'
[3.202s] Level 1:colcon.colcon_core.package_identification:_identify(.) by extensions ['ros']
[3.202s] Level 1:colcon.colcon_core.package_identification:_identify(.) by extension 'ros'
[3.216s] Level 1:colcon.colcon_core.package_identification:_identify(.) by extensions ['cmake', 'python']
[3.216s] Level 1:colcon.colcon_core.package_identification:_identify(.) by extension 'cmake'
[3.216s] Level 1:colcon.colcon_core.package_identification:_identify(.) by extension 'python'
[3.217s] Level 1:colcon.colcon_core.package_identification:_identify(.) by extensions ['python_setup_py']
[3.217s] Level 1:colcon.colcon_core.package_identification:_identify(.) by extension 'python_setup_py'
[3.217s] Level 1:colcon.colcon_core.package_identification:_identify(build) by extensions ['ignore', 'ignore_ament_install']
[3.217s] Level 1:colcon.colcon_core.package_identification:_identify(build) by extension 'ignore'
[3.217s] Level 1:colcon.colcon_core.package_identification:_identify(build) ignored
[3.217s] Level 1:colcon.colcon_core.package_identification:_identify(install) by extensions ['ignore', 'ignore_ament_install']
[3.217s] Level 1:colcon.colcon_core.package_identification:_identify(install) by extension 'ignore'
[3.217s] Level 1:colcon.colcon_core.package_identification:_identify(install) ignored
[3.218s] Level 1:colcon.colcon_core.package_identification:_identify(launch) by extensions ['ignore', 'ignore_ament_install']
[3.218s] Level 1:colcon.colcon_core.package_identification:_identify(launch) by extension 'ignore'
[3.218s] Level 1:colcon.colcon_core.package_identification:_identify(launch) by extension 'ignore_ament_install'
[3.218s] Level 1:colcon.colcon_core.package_identification:_identify(launch) by extensions ['colcon_pkg']
[3.218s] Level 1:colcon.colcon_core.package_identification:_identify(launch) by extension 'colcon_pkg'
[3.218s] Level 1:colcon.colcon_core.package_identification:_identify(launch) by extensions ['colcon_meta']
[3.218s] Level 1:colcon.colcon_core.package_identification:_identify(launch) by extension 'colcon_meta'
[3.218s] Level 1:colcon.colcon_core.package_identification:_identify(launch) by extensions ['ros']
[3.218s] Level 1:colcon.colcon_core.package_identification:_identify(launch) by extension 'ros'
[3.218s] Level 1:colcon.colcon_core.package_identification:_identify(launch) by extensions ['cmake', 'python']
[3.218s] Level 1:colcon.colcon_core.package_identification:_identify(launch) by extension 'cmake'
[3.218s] Level 1:colcon.colcon_core.package_identification:_identify(launch) by extension 'python'
[3.218s] Level 1:colcon.colcon_core.package_identification:_identify(launch) by extensions ['python_setup_py']
[3.218s] Level 1:colcon.colcon_core.package_identification:_identify(launch) by extension 'python_setup_py'
[3.219s] Level 1:colcon.colcon_core.package_identification:_identify(launch/a-loam) by extensions ['ignore', 'ignore_ament_install']
[3.219s] Level 1:colcon.colcon_core.package_identification:_identify(launch/a-loam) by extension 'ignore'
[3.219s] Level 1:colcon.colcon_core.package_identification:_identify(launch/a-loam) by extension 'ignore_ament_install'
[3.219s] Level 1:colcon.colcon_core.package_identification:_identify(launch/a-loam) by extensions ['colcon_pkg']
[3.219s] Level 1:colcon.colcon_core.package_identification:_identify(launch/a-loam) by extension 'colcon_pkg'
[3.219s] Level 1:colcon.colcon_core.package_identification:_identify(launch/a-loam) by extensions ['colcon_meta']
[3.219s] Level 1:colcon.colcon_core.package_identification:_identify(launch/a-loam) by extension 'colcon_meta'
[3.219s] Level 1:colcon.colcon_core.package_identification:_identify(launch/a-loam) by extensions ['ros']
[3.219s] Level 1:colcon.colcon_core.package_identification:_identify(launch/a-loam) by extension 'ros'
[3.219s] Level 1:colcon.colcon_core.package_identification:_identify(launch/a-loam) by extensions ['cmake', 'python']
[3.219s] Level 1:colcon.colcon_core.package_identification:_identify(launch/a-loam) by extension 'cmake'
[3.219s] Level 1:colcon.colcon_core.package_identification:_identify(launch/a-loam) by extension 'python'
[3.219s] Level 1:colcon.colcon_core.package_identification:_identify(launch/a-loam) by extensions ['python_setup_py']
[3.220s] Level 1:colcon.colcon_core.package_identification:_identify(launch/a-loam) by extension 'python_setup_py'
[3.220s] Level 1:colcon.colcon_core.package_identification:_identify(launch/a-loam/__pycache__) by extensions ['ignore', 'ignore_ament_install']
[3.220s] Level 1:colcon.colcon_core.package_identification:_identify(launch/a-loam/__pycache__) by extension 'ignore'
[3.220s] Level 1:colcon.colcon_core.package_identification:_identify(launch/a-loam/__pycache__) by extension 'ignore_ament_install'
[3.220s] Level 1:colcon.colcon_core.package_identification:_identify(launch/a-loam/__pycache__) by extensions ['colcon_pkg']
[3.220s] Level 1:colcon.colcon_core.package_identification:_identify(launch/a-loam/__pycache__) by extension 'colcon_pkg'
[3.220s] Level 1:colcon.colcon_core.package_identification:_identify(launch/a-loam/__pycache__) by extensions ['colcon_meta']
[3.220s] Level 1:colcon.colcon_core.package_identification:_identify(launch/a-loam/__pycache__) by extension 'colcon_meta'
[3.220s] Level 1:colcon.colcon_core.package_identification:_identify(launch/a-loam/__pycache__) by extensions ['ros']
[3.220s] Level 1:colcon.colcon_core.package_identification:_identify(launch/a-loam/__pycache__) by extension 'ros'
[3.220s] Level 1:colcon.colcon_core.package_identification:_identify(launch/a-loam/__pycache__) by extensions ['cmake', 'python']
[3.220s] Level 1:colcon.colcon_core.package_identification:_identify(launch/a-loam/__pycache__) by extension 'cmake'
[3.220s] Level 1:colcon.colcon_core.package_identification:_identify(launch/a-loam/__pycache__) by extension 'python'
[3.220s] Level 1:colcon.colcon_core.package_identification:_identify(launch/a-loam/__pycache__) by extensions ['python_setup_py']
[3.221s] Level 1:colcon.colcon_core.package_identification:_identify(launch/a-loam/__pycache__) by extension 'python_setup_py'
[3.221s] Level 1:colcon.colcon_core.package_identification:_identify(launch/data-publisher) by extensions ['ignore', 'ignore_ament_install']
[3.221s] Level 1:colcon.colcon_core.package_identification:_identify(launch/data-publisher) by extension 'ignore'
[3.221s] Level 1:colcon.colcon_core.package_identification:_identify(launch/data-publisher) by extension 'ignore_ament_install'
[3.221s] Level 1:colcon.colcon_core.package_identification:_identify(launch/data-publisher) by extensions ['colcon_pkg']
[3.221s] Level 1:colcon.colcon_core.package_identification:_identify(launch/data-publisher) by extension 'colcon_pkg'
[3.221s] Level 1:colcon.colcon_core.package_identification:_identify(launch/data-publisher) by extensions ['colcon_meta']
[3.221s] Level 1:colcon.colcon_core.package_identification:_identify(launch/data-publisher) by extension 'colcon_meta'
[3.221s] Level 1:colcon.colcon_core.package_identification:_identify(launch/data-publisher) by extensions ['ros']
[3.221s] Level 1:colcon.colcon_core.package_identification:_identify(launch/data-publisher) by extension 'ros'
[3.221s] Level 1:colcon.colcon_core.package_identification:_identify(launch/data-publisher) by extensions ['cmake', 'python']
[3.221s] Level 1:colcon.colcon_core.package_identification:_identify(launch/data-publisher) by extension 'cmake'
[3.221s] Level 1:colcon.colcon_core.package_identification:_identify(launch/data-publisher) by extension 'python'
[3.221s] Level 1:colcon.colcon_core.package_identification:_identify(launch/data-publisher) by extensions ['python_setup_py']
[3.221s] Level 1:colcon.colcon_core.package_identification:_identify(launch/data-publisher) by extension 'python_setup_py'
[3.222s] Level 1:colcon.colcon_core.package_identification:_identify(launch/data-publisher/radar) by extensions ['ignore', 'ignore_ament_install']
[3.222s] Level 1:colcon.colcon_core.package_identification:_identify(launch/data-publisher/radar) by extension 'ignore'
[3.222s] Level 1:colcon.colcon_core.package_identification:_identify(launch/data-publisher/radar) by extension 'ignore_ament_install'
[3.222s] Level 1:colcon.colcon_core.package_identification:_identify(launch/data-publisher/radar) by extensions ['colcon_pkg']
[3.222s] Level 1:colcon.colcon_core.package_identification:_identify(launch/data-publisher/radar) by extension 'colcon_pkg'
[3.222s] Level 1:colcon.colcon_core.package_identification:_identify(launch/data-publisher/radar) by extensions ['colcon_meta']
[3.222s] Level 1:colcon.colcon_core.package_identification:_identify(launch/data-publisher/radar) by extension 'colcon_meta'
[3.222s] Level 1:colcon.colcon_core.package_identification:_identify(launch/data-publisher/radar) by extensions ['ros']
[3.222s] Level 1:colcon.colcon_core.package_identification:_identify(launch/data-publisher/radar) by extension 'ros'
[3.222s] Level 1:colcon.colcon_core.package_identification:_identify(launch/data-publisher/radar) by extensions ['cmake', 'python']
[3.222s] Level 1:colcon.colcon_core.package_identification:_identify(launch/data-publisher/radar) by extension 'cmake'
[3.222s] Level 1:colcon.colcon_core.package_identification:_identify(launch/data-publisher/radar) by extension 'python'
[3.222s] Level 1:colcon.colcon_core.package_identification:_identify(launch/data-publisher/radar) by extensions ['python_setup_py']
[3.222s] Level 1:colcon.colcon_core.package_identification:_identify(launch/data-publisher/radar) by extension 'python_setup_py'
[3.222s] Level 1:colcon.colcon_core.package_identification:_identify(launch/data-publisher/radar/__pycache__) by extensions ['ignore', 'ignore_ament_install']
[3.223s] Level 1:colcon.colcon_core.package_identification:_identify(launch/data-publisher/radar/__pycache__) by extension 'ignore'
[3.223s] Level 1:colcon.colcon_core.package_identification:_identify(launch/data-publisher/radar/__pycache__) by extension 'ignore_ament_install'
[3.223s] Level 1:colcon.colcon_core.package_identification:_identify(launch/data-publisher/radar/__pycache__) by extensions ['colcon_pkg']
[3.223s] Level 1:colcon.colcon_core.package_identification:_identify(launch/data-publisher/radar/__pycache__) by extension 'colcon_pkg'
[3.223s] Level 1:colcon.colcon_core.package_identification:_identify(launch/data-publisher/radar/__pycache__) by extensions ['colcon_meta']
[3.223s] Level 1:colcon.colcon_core.package_identification:_identify(launch/data-publisher/radar/__pycache__) by extension 'colcon_meta'
[3.223s] Level 1:colcon.colcon_core.package_identification:_identify(launch/data-publisher/radar/__pycache__) by extensions ['ros']
[3.223s] Level 1:colcon.colcon_core.package_identification:_identify(launch/data-publisher/radar/__pycache__) by extension 'ros'
[3.223s] Level 1:colcon.colcon_core.package_identification:_identify(launch/data-publisher/radar/__pycache__) by extensions ['cmake', 'python']
[3.223s] Level 1:colcon.colcon_core.package_identification:_identify(launch/data-publisher/radar/__pycache__) by extension 'cmake'
[3.223s] Level 1:colcon.colcon_core.package_identification:_identify(launch/data-publisher/radar/__pycache__) by extension 'python'
[3.223s] Level 1:colcon.colcon_core.package_identification:_identify(launch/data-publisher/radar/__pycache__) by extensions ['python_setup_py']
[3.223s] Level 1:colcon.colcon_core.package_identification:_identify(launch/data-publisher/radar/__pycache__) by extension 'python_setup_py'
[3.224s] Level 1:colcon.colcon_core.package_identification:_identify(log) by extensions ['ignore', 'ignore_ament_install']
[3.224s] Level 1:colcon.colcon_core.package_identification:_identify(log) by extension 'ignore'
[3.224s] Level 1:colcon.colcon_core.package_identification:_identify(log) ignored
[3.224s] Level 1:colcon.colcon_core.package_identification:_identify(src) by extensions ['ignore', 'ignore_ament_install']
[3.224s] Level 1:colcon.colcon_core.package_identification:_identify(src) by extension 'ignore'
[3.224s] Level 1:colcon.colcon_core.package_identification:_identify(src) by extension 'ignore_ament_install'
[3.224s] Level 1:colcon.colcon_core.package_identification:_identify(src) by extensions ['colcon_pkg']
[3.224s] Level 1:colcon.colcon_core.package_identification:_identify(src) by extension 'colcon_pkg'
[3.224s] Level 1:colcon.colcon_core.package_identification:_identify(src) by extensions ['colcon_meta']
[3.224s] Level 1:colcon.colcon_core.package_identification:_identify(src) by extension 'colcon_meta'
[3.224s] Level 1:colcon.colcon_core.package_identification:_identify(src) by extensions ['ros']
[3.224s] Level 1:colcon.colcon_core.package_identification:_identify(src) by extension 'ros'
[3.224s] Level 1:colcon.colcon_core.package_identification:_identify(src) by extensions ['cmake', 'python']
[3.224s] Level 1:colcon.colcon_core.package_identification:_identify(src) by extension 'cmake'
[3.224s] Level 1:colcon.colcon_core.package_identification:_identify(src) by extension 'python'
[3.225s] Level 1:colcon.colcon_core.package_identification:_identify(src) by extensions ['python_setup_py']
[3.225s] Level 1:colcon.colcon_core.package_identification:_identify(src) by extension 'python_setup_py'
[3.225s] Level 1:colcon.colcon_core.package_identification:_identify(src/a-loam) by extensions ['ignore', 'ignore_ament_install']
[3.225s] Level 1:colcon.colcon_core.package_identification:_identify(src/a-loam) by extension 'ignore'
[3.225s] Level 1:colcon.colcon_core.package_identification:_identify(src/a-loam) by extension 'ignore_ament_install'
[3.225s] Level 1:colcon.colcon_core.package_identification:_identify(src/a-loam) by extensions ['colcon_pkg']
[3.225s] Level 1:colcon.colcon_core.package_identification:_identify(src/a-loam) by extension 'colcon_pkg'
[3.225s] Level 1:colcon.colcon_core.package_identification:_identify(src/a-loam) by extensions ['colcon_meta']
[3.225s] Level 1:colcon.colcon_core.package_identification:_identify(src/a-loam) by extension 'colcon_meta'
[3.225s] Level 1:colcon.colcon_core.package_identification:_identify(src/a-loam) by extensions ['ros']
[3.225s] Level 1:colcon.colcon_core.package_identification:_identify(src/a-loam) by extension 'ros'
[3.228s] DEBUG:colcon.colcon_core.package_identification:Package 'src/a-loam' with type 'ros.ament_cmake' and name 'a-loam'
[3.228s] Level 1:colcon.colcon_core.package_identification:_identify(src/cloud_msgs) by extensions ['ignore', 'ignore_ament_install']
[3.228s] Level 1:colcon.colcon_core.package_identification:_identify(src/cloud_msgs) by extension 'ignore'
[3.229s] Level 1:colcon.colcon_core.package_identification:_identify(src/cloud_msgs) by extension 'ignore_ament_install'
[3.229s] Level 1:colcon.colcon_core.package_identification:_identify(src/cloud_msgs) by extensions ['colcon_pkg']
[3.229s] Level 1:colcon.colcon_core.package_identification:_identify(src/cloud_msgs) by extension 'colcon_pkg'
[3.229s] Level 1:colcon.colcon_core.package_identification:_identify(src/cloud_msgs) by extensions ['colcon_meta']
[3.229s] Level 1:colcon.colcon_core.package_identification:_identify(src/cloud_msgs) by extension 'colcon_meta'
[3.229s] Level 1:colcon.colcon_core.package_identification:_identify(src/cloud_msgs) by extensions ['ros']
[3.229s] Level 1:colcon.colcon_core.package_identification:_identify(src/cloud_msgs) by extension 'ros'
[3.230s] DEBUG:colcon.colcon_core.package_identification:Package 'src/cloud_msgs' with type 'ros.ament_cmake' and name 'cloud_msgs'
[3.238s] Level 1:colcon.colcon_core.package_identification:_identify(src/data-publisher) by extensions ['ignore', 'ignore_ament_install']
[3.238s] Level 1:colcon.colcon_core.package_identification:_identify(src/data-publisher) by extension 'ignore'
[3.238s] Level 1:colcon.colcon_core.package_identification:_identify(src/data-publisher) by extension 'ignore_ament_install'
[3.238s] Level 1:colcon.colcon_core.package_identification:_identify(src/data-publisher) by extensions ['colcon_pkg']
[3.238s] Level 1:colcon.colcon_core.package_identification:_identify(src/data-publisher) by extension 'colcon_pkg'
[3.239s] Level 1:colcon.colcon_core.package_identification:_identify(src/data-publisher) by extensions ['colcon_meta']
[3.239s] Level 1:colcon.colcon_core.package_identification:_identify(src/data-publisher) by extension 'colcon_meta'
[3.239s] Level 1:colcon.colcon_core.package_identification:_identify(src/data-publisher) by extensions ['ros']
[3.239s] Level 1:colcon.colcon_core.package_identification:_identify(src/data-publisher) by extension 'ros'
[3.240s] DEBUG:colcon.colcon_core.package_identification:Package 'src/data-publisher' with type 'ros.ament_cmake' and name 'data-publisher'
[3.240s] Level 1:colcon.colcon_core.package_identification:_identify(src/map) by extensions ['ignore', 'ignore_ament_install']
[3.240s] Level 1:colcon.colcon_core.package_identification:_identify(src/map) by extension 'ignore'
[3.240s] Level 1:colcon.colcon_core.package_identification:_identify(src/map) by extension 'ignore_ament_install'
[3.240s] Level 1:colcon.colcon_core.package_identification:_identify(src/map) by extensions ['colcon_pkg']
[3.240s] Level 1:colcon.colcon_core.package_identification:_identify(src/map) by extension 'colcon_pkg'
[3.240s] Level 1:colcon.colcon_core.package_identification:_identify(src/map) by extensions ['colcon_meta']
[3.240s] Level 1:colcon.colcon_core.package_identification:_identify(src/map) by extension 'colcon_meta'
[3.240s] Level 1:colcon.colcon_core.package_identification:_identify(src/map) by extensions ['ros']
[3.240s] Level 1:colcon.colcon_core.package_identification:_identify(src/map) by extension 'ros'
[3.241s] DEBUG:colcon.colcon_core.package_identification:Package 'src/map' with type 'ros.ament_cmake' and name 'map'
[3.241s] Level 1:colcon.colcon_core.package_identification:_identify(src/ndt-lidar-radar) by extensions ['ignore', 'ignore_ament_install']
[3.242s] Level 1:colcon.colcon_core.package_identification:_identify(src/ndt-lidar-radar) by extension 'ignore'
[3.242s] Level 1:colcon.colcon_core.package_identification:_identify(src/ndt-lidar-radar) by extension 'ignore_ament_install'
[3.242s] Level 1:colcon.colcon_core.package_identification:_identify(src/ndt-lidar-radar) by extensions ['colcon_pkg']
[3.242s] Level 1:colcon.colcon_core.package_identification:_identify(src/ndt-lidar-radar) by extension 'colcon_pkg'
[3.242s] Level 1:colcon.colcon_core.package_identification:_identify(src/ndt-lidar-radar) by extensions ['colcon_meta']
[3.242s] Level 1:colcon.colcon_core.package_identification:_identify(src/ndt-lidar-radar) by extension 'colcon_meta'
[3.242s] Level 1:colcon.colcon_core.package_identification:_identify(src/ndt-lidar-radar) by extensions ['ros']
[3.242s] Level 1:colcon.colcon_core.package_identification:_identify(src/ndt-lidar-radar) by extension 'ros'
[3.243s] DEBUG:colcon.colcon_core.package_identification:Package 'src/ndt-lidar-radar' with type 'ros.ament_cmake' and name 'ndt-lidar-radar'
[3.243s] Level 1:colcon.colcon_core.package_identification:_identify(src/radar-odometry) by extensions ['ignore', 'ignore_ament_install']
[3.243s] Level 1:colcon.colcon_core.package_identification:_identify(src/radar-odometry) by extension 'ignore'
[3.243s] Level 1:colcon.colcon_core.package_identification:_identify(src/radar-odometry) by extension 'ignore_ament_install'
[3.243s] Level 1:colcon.colcon_core.package_identification:_identify(src/radar-odometry) by extensions ['colcon_pkg']
[3.243s] Level 1:colcon.colcon_core.package_identification:_identify(src/radar-odometry) by extension 'colcon_pkg'
[3.243s] Level 1:colcon.colcon_core.package_identification:_identify(src/radar-odometry) by extensions ['colcon_meta']
[3.243s] Level 1:colcon.colcon_core.package_identification:_identify(src/radar-odometry) by extension 'colcon_meta'
[3.243s] Level 1:colcon.colcon_core.package_identification:_identify(src/radar-odometry) by extensions ['ros']
[3.243s] Level 1:colcon.colcon_core.package_identification:_identify(src/radar-odometry) by extension 'ros'
[3.244s] DEBUG:colcon.colcon_core.package_identification:Package 'src/radar-odometry' with type 'ros.ament_cmake' and name 'radar-odometry'
[3.244s] Level 1:colcon.colcon_core.package_discovery:discover_packages(recursive) using defaults
[3.244s] Level 1:colcon.colcon_core.package_discovery:discover_packages(ignore) discover
[3.244s] Level 1:colcon.colcon_core.package_discovery:discover_packages(ignore) using defaults
[3.244s] Level 1:colcon.colcon_core.package_discovery:discover_packages(path) discover
[3.244s] Level 1:colcon.colcon_core.package_discovery:discover_packages(path) using defaults
[3.273s] INFO:colcon.colcon_core.package_selection:Skipping not selected package 'a-loam' in 'src/a-loam'
[3.273s] INFO:colcon.colcon_core.package_selection:Skipping not selected package 'cloud_msgs' in 'src/cloud_msgs'
[3.273s] INFO:colcon.colcon_core.package_selection:Skipping not selected package 'data-publisher' in 'src/data-publisher'
[3.273s] INFO:colcon.colcon_core.package_selection:Skipping not selected package 'map' in 'src/map'
[3.273s] INFO:colcon.colcon_core.package_selection:Skipping not selected package 'ndt-lidar-radar' in 'src/ndt-lidar-radar'
[3.274s] Level 1:colcon.colcon_core.package_discovery:discover_packages(prefix_path) check parameters
[3.274s] Level 1:colcon.colcon_core.package_discovery:discover_packages(prefix_path) discover
[3.278s] DEBUG:colcon.colcon_installed_package_information.package_discovery:Found 7 installed packages in /home/evan/code/ndt-loc/install
[3.280s] DEBUG:colcon.colcon_installed_package_information.package_discovery:Found 270 installed packages in /opt/ros/humble
[3.282s] Level 1:colcon.colcon_core.package_discovery:discover_packages(prefix_path) using defaults
[3.362s] Level 5:colcon.colcon_core.verb:set package 'radar-odometry' build argument 'cmake_args' from command line to 'None'
[3.362s] Level 5:colcon.colcon_core.verb:set package 'radar-odometry' build argument 'cmake_target' from command line to 'None'
[3.362s] Level 5:colcon.colcon_core.verb:set package 'radar-odometry' build argument 'cmake_target_skip_unavailable' from command line to 'False'
[3.362s] Level 5:colcon.colcon_core.verb:set package 'radar-odometry' build argument 'cmake_clean_cache' from command line to 'False'
[3.362s] Level 5:colcon.colcon_core.verb:set package 'radar-odometry' build argument 'cmake_clean_first' from command line to 'False'
[3.362s] Level 5:colcon.colcon_core.verb:set package 'radar-odometry' build argument 'cmake_force_configure' from command line to 'False'
[3.362s] Level 5:colcon.colcon_core.verb:set package 'radar-odometry' build argument 'ament_cmake_args' from command line to 'None'
[3.362s] Level 5:colcon.colcon_core.verb:set package 'radar-odometry' build argument 'catkin_cmake_args' from command line to 'None'
[3.362s] Level 5:colcon.colcon_core.verb:set package 'radar-odometry' build argument 'catkin_skip_building_tests' from command line to 'False'
[3.362s] DEBUG:colcon.colcon_core.verb:Building package 'radar-odometry' with the following arguments: {'ament_cmake_args': None, 'build_base': '/home/evan/code/ndt-loc/build/radar-odometry', 'catkin_cmake_args': None, 'catkin_skip_building_tests': False, 'cmake_args': None, 'cmake_clean_cache': False, 'cmake_clean_first': False, 'cmake_force_configure': False, 'cmake_target': None, 'cmake_target_skip_unavailable': False, 'install_base': '/home/evan/code/ndt-loc/install/radar-odometry', 'merge_install': False, 'path': '/home/evan/code/ndt-loc/src/radar-odometry', 'symlink_install': False, 'test_result_base': None}
[3.363s] INFO:colcon.colcon_core.executor:Executing jobs using 'parallel' executor
[3.367s] DEBUG:colcon.colcon_parallel_executor.executor.parallel:run_until_complete
[3.368s] INFO:colcon.colcon_ros.task.ament_cmake.build:Building ROS package in '/home/evan/code/ndt-loc/src/radar-odometry' with build type 'ament_cmake'
[3.368s] INFO:colcon.colcon_cmake.task.cmake.build:Building CMake package in '/home/evan/code/ndt-loc/src/radar-odometry'
[3.375s] INFO:colcon.colcon_core.plugin_system:Skipping extension 'colcon_core.shell.bat': Not used on non-Windows systems
[3.376s] INFO:colcon.colcon_core.shell:Skip shell extension 'powershell' for command environment: Not usable outside of PowerShell
[3.376s] DEBUG:colcon.colcon_core.shell:Skip shell extension 'dsv' for command environment
[3.387s] DEBUG:colcon.colcon_core.event_handler.log_command:Invoking command in '/home/evan/code/ndt-loc/build/radar-odometry': CMAKE_PREFIX_PATH=${CMAKE_PREFIX_PATH}:/opt/ros/humble /usr/bin/cmake /home/evan/code/ndt-loc/src/radar-odometry -DCMAKE_INSTALL_PREFIX=/home/evan/code/ndt-loc/install/radar-odometry
[4.486s] DEBUG:colcon.colcon_core.event_handler.log_command:Invoked command in '/home/evan/code/ndt-loc/build/radar-odometry' returned '1': CMAKE_PREFIX_PATH=${CMAKE_PREFIX_PATH}:/opt/ros/humble /usr/bin/cmake /home/evan/code/ndt-loc/src/radar-odometry -DCMAKE_INSTALL_PREFIX=/home/evan/code/ndt-loc/install/radar-odometry
[4.498s] Level 1:colcon.colcon_core.environment:create_environment_scripts_only(radar-odometry)
[4.504s] Level 1:colcon.colcon_core.environment:checking '/home/evan/code/ndt-loc/install/radar-odometry' for CMake module files
[4.504s] Level 1:colcon.colcon_core.environment:checking '/home/evan/code/ndt-loc/install/radar-odometry' for CMake config files
[4.505s] Level 1:colcon.colcon_core.environment:checking '/home/evan/code/ndt-loc/install/radar-odometry/bin'
[4.505s] Level 1:colcon.colcon_core.environment:checking '/home/evan/code/ndt-loc/install/radar-odometry/lib/pkgconfig/radar-odometry.pc'
[4.505s] Level 1:colcon.colcon_core.environment:checking '/home/evan/code/ndt-loc/install/radar-odometry/lib/python3.10/site-packages'
[4.506s] Level 1:colcon.colcon_core.environment:checking '/home/evan/code/ndt-loc/install/radar-odometry/bin'
[4.507s] INFO:colcon.colcon_core.shell:Creating package script '/home/evan/code/ndt-loc/install/radar-odometry/share/radar-odometry/package.ps1'
[4.508s] INFO:colcon.colcon_core.shell:Creating package descriptor '/home/evan/code/ndt-loc/install/radar-odometry/share/radar-odometry/package.dsv'
[4.508s] INFO:colcon.colcon_core.shell:Creating package script '/home/evan/code/ndt-loc/install/radar-odometry/share/radar-odometry/package.sh'
[4.509s] INFO:colcon.colcon_core.shell:Creating package script '/home/evan/code/ndt-loc/install/radar-odometry/share/radar-odometry/package.bash'
[4.510s] INFO:colcon.colcon_core.shell:Creating package script '/home/evan/code/ndt-loc/install/radar-odometry/share/radar-odometry/package.zsh'
[4.510s] Level 1:colcon.colcon_core.environment:create_file_with_runtime_dependencies(/home/evan/code/ndt-loc/install/radar-odometry/share/colcon-core/packages/radar-odometry)
[4.521s] DEBUG:colcon.colcon_parallel_executor.executor.parallel:closing loop
[4.521s] DEBUG:colcon.colcon_parallel_executor.executor.parallel:loop closed
[4.521s] DEBUG:colcon.colcon_parallel_executor.executor.parallel:run_until_complete finished with '1'
[4.521s] DEBUG:colcon.colcon_core.event_reactor:joining thread
[4.528s] INFO:colcon.colcon_core.plugin_system:Skipping extension 'colcon_notification.desktop_notification.terminal_notifier': Not used on non-Darwin systems
[4.528s] INFO:colcon.colcon_core.plugin_system:Skipping extension 'colcon_notification.desktop_notification.win32': Not used on non-Windows systems
[4.528s] INFO:colcon.colcon_notification.desktop_notification:Sending desktop notification using 'notify2'
[4.540s] DEBUG:colcon.colcon_core.event_reactor:joined thread
[4.541s] INFO:colcon.colcon_core.shell:Creating prefix script '/home/evan/code/ndt-loc/install/local_setup.ps1'
[4.543s] INFO:colcon.colcon_core.shell:Creating prefix util module '/home/evan/code/ndt-loc/install/_local_setup_util_ps1.py'
[4.545s] INFO:colcon.colcon_core.shell:Creating prefix chain script '/home/evan/code/ndt-loc/install/setup.ps1'
[4.547s] INFO:colcon.colcon_core.shell:Creating prefix script '/home/evan/code/ndt-loc/install/local_setup.sh'
[4.547s] INFO:colcon.colcon_core.shell:Creating prefix util module '/home/evan/code/ndt-loc/install/_local_setup_util_sh.py'
[4.548s] INFO:colcon.colcon_core.shell:Creating prefix chain script '/home/evan/code/ndt-loc/install/setup.sh'
[4.550s] INFO:colcon.colcon_core.shell:Creating prefix script '/home/evan/code/ndt-loc/install/local_setup.bash'
[4.551s] INFO:colcon.colcon_core.shell:Creating prefix chain script '/home/evan/code/ndt-loc/install/setup.bash'
[4.553s] INFO:colcon.colcon_core.shell:Creating prefix script '/home/evan/code/ndt-loc/install/local_setup.zsh'
[4.553s] INFO:colcon.colcon_core.shell:Creating prefix chain script '/home/evan/code/ndt-loc/install/setup.zsh'
