[35m[1mConsolidate compiler generated dependencies of target front_end_node[0m
[35m[1mConsolidate compiler generated dependencies of target lidar_data_node[0m
[35m[1mConsolidate compiler generated dependencies of target show_map_node[0m
[35m[1mConsolidate compiler generated dependencies of target mapping_image[0m
[ 13%] [32mBuilding CXX object CMakeFiles/show_map_node.dir/src/ShowMap.cpp.o[0m
[ 13%] [32mBuilding CXX object CMakeFiles/lidar_data_node.dir/src/LidarData.cpp.o[0m
[ 20%] [32mBuilding CXX object CMakeFiles/front_end_node.dir/src/FrontEnd.cpp.o[0m
[ 26%] [32mBuilding CXX object CMakeFiles/mapping_image.dir/src/ImageProjection.cpp.o[0m
[01m[K/home/evan/code/ndt-loc/src/map/src/FrontEnd.cpp:[m[K In member function ‘[01m[Kbool ndtloc::FrontEnd::UpdateNewFrame(const ndtloc::Frame&)[m[K’:
[01m[K/home/evan/code/ndt-loc/src/map/src/FrontEnd.cpp:105:35:[m[K [01;35m[Kwarning: [m[Kcomparison of integer expressions of different signedness: ‘[01m[Kstd::deque<ndtloc::Frame>::size_type[m[K’ {aka ‘[01m[Klong unsigned int[m[K’} and ‘[01m[Kint[m[K’ [[01;35m[K]8;;https://gcc.gnu.org/onlinedocs/gcc/Warning-Options.html#index-Wsign-compare-Wsign-compare]8;;[m[K]
  105 |     while([01;35m[Klocal_map_frames.size() > max_local_map_frames[m[K){
      |           [01;35m[K~~~~~~~~~~~~~~~~~~~~~~~~^~~~~~~~~~~~~~~~~~~~~~[m[K
[01m[K/home/evan/code/ndt-loc/src/map/src/FrontEnd.cpp:117:32:[m[K [01;35m[Kwarning: [m[Kcomparison of integer expressions of different signedness: ‘[01m[Kstd::deque<ndtloc::Frame>::size_type[m[K’ {aka ‘[01m[Klong unsigned int[m[K’} and ‘[01m[Kint[m[K’ [[01;35m[K]8;;https://gcc.gnu.org/onlinedocs/gcc/Warning-Options.html#index-Wsign-compare-Wsign-compare]8;;[m[K]
  117 |     if([01;35m[Klocal_map_frames.size() < local_map_filter_frames_num[m[K){
      |        [01;35m[K~~~~~~~~~~~~~~~~~~~~~~~~^~~~~~~~~~~~~~~~~~~~~~~~~~~~~[m[K
[ 33%] [32mBuilding CXX object CMakeFiles/show_map_node.dir/src/utilty.cpp.o[0m
[ 40%] [32mBuilding CXX object CMakeFiles/lidar_data_node.dir/src/utilty.cpp.o[0m
[ 46%] [32mBuilding CXX object CMakeFiles/mapping_image.dir/src/utilty.cpp.o[0m
[ 53%] [32m[1mLinking CXX executable show_map_node[0m
[ 53%] Built target show_map_node
[ 60%] [32mBuilding CXX object CMakeFiles/front_end_node.dir/src/utilty.cpp.o[0m
[ 66%] [32m[1mLinking CXX executable lidar_data_node[0m
[ 73%] [32m[1mLinking CXX static library libmapping_image.a[0m
[ 73%] Built target mapping_image
[35m[1mConsolidate compiler generated dependencies of target mapping_node[0m
[ 73%] Built target lidar_data_node
[ 80%] [32mBuilding CXX object CMakeFiles/mapping_node.dir/src/GroundTruth.cpp.o[0m
[ 86%] [32mBuilding CXX object CMakeFiles/mapping_node.dir/src/utilty.cpp.o[0m
[ 93%] [32m[1mLinking CXX executable front_end_node[0m
[ 93%] Built target front_end_node
[100%] [32m[1mLinking CXX executable mapping_node[0m
[100%] Built target mapping_node
-- Install configuration: ""
-- Installing: /home/evan/code/ndt-loc/install/map/lib/map/lidar_data_node
-- Set runtime path of "/home/evan/code/ndt-loc/install/map/lib/map/lidar_data_node" to ""
-- Installing: /home/evan/code/ndt-loc/install/map/lib/map/front_end_node
-- Set runtime path of "/home/evan/code/ndt-loc/install/map/lib/map/front_end_node" to ""
-- Installing: /home/evan/code/ndt-loc/install/map/lib/map/show_map_node
-- Set runtime path of "/home/evan/code/ndt-loc/install/map/lib/map/show_map_node" to ""
-- Installing: /home/evan/code/ndt-loc/install/map/lib/map/mapping_node
-- Set runtime path of "/home/evan/code/ndt-loc/install/map/lib/map/mapping_node" to ""
-- Up-to-date: /home/evan/code/ndt-loc/install/map/share/ament_index/resource_index/package_run_dependencies/map
-- Up-to-date: /home/evan/code/ndt-loc/install/map/share/ament_index/resource_index/parent_prefix_path/map
-- Up-to-date: /home/evan/code/ndt-loc/install/map/share/map/environment/ament_prefix_path.sh
-- Up-to-date: /home/evan/code/ndt-loc/install/map/share/map/environment/ament_prefix_path.dsv
-- Up-to-date: /home/evan/code/ndt-loc/install/map/share/map/environment/path.sh
-- Up-to-date: /home/evan/code/ndt-loc/install/map/share/map/environment/path.dsv
-- Up-to-date: /home/evan/code/ndt-loc/install/map/share/map/local_setup.bash
-- Up-to-date: /home/evan/code/ndt-loc/install/map/share/map/local_setup.sh
-- Up-to-date: /home/evan/code/ndt-loc/install/map/share/map/local_setup.zsh
-- Up-to-date: /home/evan/code/ndt-loc/install/map/share/map/local_setup.dsv
-- Installing: /home/evan/code/ndt-loc/install/map/share/map/package.dsv
-- Up-to-date: /home/evan/code/ndt-loc/install/map/share/ament_index/resource_index/packages/map
-- Up-to-date: /home/evan/code/ndt-loc/install/map/share/map/cmake/ament_cmake_export_include_directories-extras.cmake
-- Up-to-date: /home/evan/code/ndt-loc/install/map/share/map/cmake/mapConfig.cmake
-- Up-to-date: /home/evan/code/ndt-loc/install/map/share/map/cmake/mapConfig-version.cmake
-- Up-to-date: /home/evan/code/ndt-loc/install/map/share/map/package.xml
