[0.035s] Invoking command in '/home/evan/code/ndt-loc/build/map': CMAKE_PREFIX_PATH=${CMAKE_PREFIX_PATH}:/opt/ros/humble /usr/bin/cmake --build /home/evan/code/ndt-loc/build/map -- -j4 -l4
[0.097s] [35m[1mConsolidate compiler generated dependencies of target front_end_node[0m
[0.107s] [35m[1mConsolidate compiler generated dependencies of target lidar_data_node[0m
[0.108s] [35m[1mConsolidate compiler generated dependencies of target show_map_node[0m
[0.123s] [35m[1mConsolidate compiler generated dependencies of target mapping_image[0m
[0.167s] [ 13%] [32mBuilding CXX object CMakeFiles/show_map_node.dir/src/ShowMap.cpp.o[0m
[0.167s] [ 13%] [32mBuilding CXX object CMakeFiles/lidar_data_node.dir/src/LidarData.cpp.o[0m
[0.178s] [ 20%] [32mBuilding CXX object CMakeFiles/front_end_node.dir/src/FrontEnd.cpp.o[0m
[0.190s] [ 26%] [32mBuilding CXX object CMakeFiles/mapping_image.dir/src/ImageProjection.cpp.o[0m
[13.460s] [01m[K/home/evan/code/ndt-loc/src/map/src/FrontEnd.cpp:[m[K In member function ‘[01m[Kbool ndtloc::FrontEnd::UpdateNewFrame(const ndtloc::Frame&)[m[K’:
[13.460s] [01m[K/home/evan/code/ndt-loc/src/map/src/FrontEnd.cpp:105:35:[m[K [01;35m[Kwarning: [m[Kcomparison of integer expressions of different signedness: ‘[01m[Kstd::deque<ndtloc::Frame>::size_type[m[K’ {aka ‘[01m[Klong unsigned int[m[K’} and ‘[01m[Kint[m[K’ [[01;35m[K]8;;https://gcc.gnu.org/onlinedocs/gcc/Warning-Options.html#index-Wsign-compare-Wsign-compare]8;;[m[K]
[13.461s]   105 |     while([01;35m[Klocal_map_frames.size() > max_local_map_frames[m[K){
[13.461s]       |           [01;35m[K~~~~~~~~~~~~~~~~~~~~~~~~^~~~~~~~~~~~~~~~~~~~~~[m[K
[13.462s] [01m[K/home/evan/code/ndt-loc/src/map/src/FrontEnd.cpp:117:32:[m[K [01;35m[Kwarning: [m[Kcomparison of integer expressions of different signedness: ‘[01m[Kstd::deque<ndtloc::Frame>::size_type[m[K’ {aka ‘[01m[Klong unsigned int[m[K’} and ‘[01m[Kint[m[K’ [[01;35m[K]8;;https://gcc.gnu.org/onlinedocs/gcc/Warning-Options.html#index-Wsign-compare-Wsign-compare]8;;[m[K]
[13.462s]   117 |     if([01;35m[Klocal_map_frames.size() < local_map_filter_frames_num[m[K){
[13.462s]       |        [01;35m[K~~~~~~~~~~~~~~~~~~~~~~~~^~~~~~~~~~~~~~~~~~~~~~~~~~~~~[m[K
[15.864s] [ 33%] [32mBuilding CXX object CMakeFiles/show_map_node.dir/src/utilty.cpp.o[0m
[24.477s] [ 40%] [32mBuilding CXX object CMakeFiles/lidar_data_node.dir/src/utilty.cpp.o[0m
[26.525s] [ 46%] [32mBuilding CXX object CMakeFiles/mapping_image.dir/src/utilty.cpp.o[0m
[28.726s] [ 53%] [32m[1mLinking CXX executable show_map_node[0m
[29.632s] [ 53%] Built target show_map_node
[37.523s] [ 60%] [32mBuilding CXX object CMakeFiles/front_end_node.dir/src/utilty.cpp.o[0m
[37.806s] [ 66%] [32m[1mLinking CXX executable lidar_data_node[0m
[39.998s] [ 73%] [32m[1mLinking CXX static library libmapping_image.a[0m
[40.414s] [ 73%] Built target mapping_image
[40.442s] [35m[1mConsolidate compiler generated dependencies of target mapping_node[0m
[40.506s] [ 73%] Built target lidar_data_node
[40.524s] [ 80%] [32mBuilding CXX object CMakeFiles/mapping_node.dir/src/GroundTruth.cpp.o[0m
[40.530s] [ 86%] [32mBuilding CXX object CMakeFiles/mapping_node.dir/src/utilty.cpp.o[0m
[49.720s] [ 93%] [32m[1mLinking CXX executable front_end_node[0m
[52.486s] [ 93%] Built target front_end_node
[54.805s] [100%] [32m[1mLinking CXX executable mapping_node[0m
[56.111s] [100%] Built target mapping_node
[56.124s] Invoked command in '/home/evan/code/ndt-loc/build/map' returned '0': CMAKE_PREFIX_PATH=${CMAKE_PREFIX_PATH}:/opt/ros/humble /usr/bin/cmake --build /home/evan/code/ndt-loc/build/map -- -j4 -l4
[56.178s] Invoking command in '/home/evan/code/ndt-loc/build/map': CMAKE_PREFIX_PATH=${CMAKE_PREFIX_PATH}:/opt/ros/humble /usr/bin/cmake --install /home/evan/code/ndt-loc/build/map
[56.185s] -- Install configuration: ""
[56.186s] -- Installing: /home/evan/code/ndt-loc/install/map/lib/map/lidar_data_node
[56.192s] -- Set runtime path of "/home/evan/code/ndt-loc/install/map/lib/map/lidar_data_node" to ""
[56.192s] -- Installing: /home/evan/code/ndt-loc/install/map/lib/map/front_end_node
[56.204s] -- Set runtime path of "/home/evan/code/ndt-loc/install/map/lib/map/front_end_node" to ""
[56.205s] -- Installing: /home/evan/code/ndt-loc/install/map/lib/map/show_map_node
[56.205s] -- Set runtime path of "/home/evan/code/ndt-loc/install/map/lib/map/show_map_node" to ""
[56.206s] -- Installing: /home/evan/code/ndt-loc/install/map/lib/map/mapping_node
[56.215s] -- Set runtime path of "/home/evan/code/ndt-loc/install/map/lib/map/mapping_node" to ""
[56.215s] -- Up-to-date: /home/evan/code/ndt-loc/install/map/share/ament_index/resource_index/package_run_dependencies/map
[56.215s] -- Up-to-date: /home/evan/code/ndt-loc/install/map/share/ament_index/resource_index/parent_prefix_path/map
[56.215s] -- Up-to-date: /home/evan/code/ndt-loc/install/map/share/map/environment/ament_prefix_path.sh
[56.215s] -- Up-to-date: /home/evan/code/ndt-loc/install/map/share/map/environment/ament_prefix_path.dsv
[56.216s] -- Up-to-date: /home/evan/code/ndt-loc/install/map/share/map/environment/path.sh
[56.216s] -- Up-to-date: /home/evan/code/ndt-loc/install/map/share/map/environment/path.dsv
[56.216s] -- Up-to-date: /home/evan/code/ndt-loc/install/map/share/map/local_setup.bash
[56.216s] -- Up-to-date: /home/evan/code/ndt-loc/install/map/share/map/local_setup.sh
[56.216s] -- Up-to-date: /home/evan/code/ndt-loc/install/map/share/map/local_setup.zsh
[56.216s] -- Up-to-date: /home/evan/code/ndt-loc/install/map/share/map/local_setup.dsv
[56.216s] -- Installing: /home/evan/code/ndt-loc/install/map/share/map/package.dsv
[56.216s] -- Up-to-date: /home/evan/code/ndt-loc/install/map/share/ament_index/resource_index/packages/map
[56.216s] -- Up-to-date: /home/evan/code/ndt-loc/install/map/share/map/cmake/ament_cmake_export_include_directories-extras.cmake
[56.217s] -- Up-to-date: /home/evan/code/ndt-loc/install/map/share/map/cmake/mapConfig.cmake
[56.218s] -- Up-to-date: /home/evan/code/ndt-loc/install/map/share/map/cmake/mapConfig-version.cmake
[56.219s] -- Up-to-date: /home/evan/code/ndt-loc/install/map/share/map/package.xml
[56.219s] Invoked command in '/home/evan/code/ndt-loc/build/map' returned '0': CMAKE_PREFIX_PATH=${CMAKE_PREFIX_PATH}:/opt/ros/humble /usr/bin/cmake --install /home/evan/code/ndt-loc/build/map
