[0.214s] Invoking command in '/home/evan/code/ndt-loc/build/ndt-lidar-radar': CMAKE_PREFIX_PATH=${CMAKE_PREFIX_PATH}:/opt/ros/humble /usr/bin/cmake --build /home/evan/code/ndt-loc/build/ndt-lidar-radar -- -j4 -l4
[1.153s] Invoked command in '/home/evan/code/ndt-loc/build/ndt-lidar-radar' returned '0': CMAKE_PREFIX_PATH=${CMAKE_PREFIX_PATH}:/opt/ros/humble /usr/bin/cmake --build /home/evan/code/ndt-loc/build/ndt-lidar-radar -- -j4 -l4
[1.213s] Invoking command in '/home/evan/code/ndt-loc/build/ndt-lidar-radar': CMAKE_PREFIX_PATH=${CMAKE_PREFIX_PATH}:/opt/ros/humble /usr/bin/cmake --install /home/evan/code/ndt-loc/build/ndt-lidar-radar
[1.218s] -- Install configuration: ""
[1.218s] -- Up-to-date: /home/evan/code/ndt-loc/install/ndt-lidar-radar/share/ament_index/resource_index/package_run_dependencies/ndt-lidar-radar
[1.219s] -- Up-to-date: /home/evan/code/ndt-loc/install/ndt-lidar-radar/share/ament_index/resource_index/parent_prefix_path/ndt-lidar-radar
[1.219s] -- Up-to-date: /home/evan/code/ndt-loc/install/ndt-lidar-radar/share/ndt-lidar-radar/environment/ament_prefix_path.sh
[1.220s] -- Up-to-date: /home/evan/code/ndt-loc/install/ndt-lidar-radar/share/ndt-lidar-radar/environment/ament_prefix_path.dsv
[1.220s] -- Up-to-date: /home/evan/code/ndt-loc/install/ndt-lidar-radar/share/ndt-lidar-radar/environment/path.sh
[1.220s] -- Up-to-date: /home/evan/code/ndt-loc/install/ndt-lidar-radar/share/ndt-lidar-radar/environment/path.dsv
[1.221s] -- Up-to-date: /home/evan/code/ndt-loc/install/ndt-lidar-radar/share/ndt-lidar-radar/local_setup.bash
[1.221s] -- Up-to-date: /home/evan/code/ndt-loc/install/ndt-lidar-radar/share/ndt-lidar-radar/local_setup.sh
[1.222s] -- Up-to-date: /home/evan/code/ndt-loc/install/ndt-lidar-radar/share/ndt-lidar-radar/local_setup.zsh
[1.222s] -- Up-to-date: /home/evan/code/ndt-loc/install/ndt-lidar-radar/share/ndt-lidar-radar/local_setup.dsv
[1.222s] -- Installing: /home/evan/code/ndt-loc/install/ndt-lidar-radar/share/ndt-lidar-radar/package.dsv
[1.235s] -- Up-to-date: /home/evan/code/ndt-loc/install/ndt-lidar-radar/share/ament_index/resource_index/packages/ndt-lidar-radar
[1.236s] -- Up-to-date: /home/evan/code/ndt-loc/install/ndt-lidar-radar/share/ndt-lidar-radar/cmake/ndt-lidar-radarConfig.cmake
[1.236s] -- Up-to-date: /home/evan/code/ndt-loc/install/ndt-lidar-radar/share/ndt-lidar-radar/cmake/ndt-lidar-radarConfig-version.cmake
[1.236s] -- Up-to-date: /home/evan/code/ndt-loc/install/ndt-lidar-radar/share/ndt-lidar-radar/package.xml
[1.244s] Invoked command in '/home/evan/code/ndt-loc/build/ndt-lidar-radar' returned '0': CMAKE_PREFIX_PATH=${CMAKE_PREFIX_PATH}:/opt/ros/humble /usr/bin/cmake --install /home/evan/code/ndt-loc/build/ndt-lidar-radar
