[0.021s] Invoking command in '/home/evan/code/ndt-loc/build/map': CMAKE_PREFIX_PATH=${CMAKE_PREFIX_PATH}:/opt/ros/humble /usr/bin/cmake --build /home/evan/code/ndt-loc/build/map -- -j4 -l4
[0.051s] -- Found ament_cmake: 1.3.3 (/opt/ros/humble/share/ament_cmake/cmake)
[0.220s] -- Found rclcpp: 16.0.3 (/opt/ros/humble/share/rclcpp/cmake)
[0.258s] -- Found rosidl_generator_c: 3.1.4 (/opt/ros/humble/share/rosidl_generator_c/cmake)
[0.262s] -- Found rosidl_adapter: 3.1.4 (/opt/ros/humble/share/rosidl_adapter/cmake)
[0.270s] -- Found rosidl_generator_cpp: 3.1.4 (/opt/ros/humble/share/rosidl_generator_cpp/cmake)
[0.285s] -- Using all available rosidl_typesupport_c: rosidl_typesupport_fastrtps_c;rosidl_typesupport_introspection_c
[0.307s] -- Using all available rosidl_typesupport_cpp: rosidl_typesupport_fastrtps_cpp;rosidl_typesupport_introspection_cpp
[0.383s] -- Found rmw_implementation_cmake: 6.1.1 (/opt/ros/humble/share/rmw_implementation_cmake/cmake)
[0.385s] -- Found rmw_fastrtps_cpp: 6.2.2 (/opt/ros/humble/share/rmw_fastrtps_cpp/cmake)
[0.532s] -- Using RMW implementation 'rmw_fastrtps_cpp' as default
[0.731s] -- Found sensor_msgs: 4.2.3 (/opt/ros/humble/share/sensor_msgs/cmake)
[0.910s] -- Eigen found (include: /usr/include/eigen3, version: 3.4.0)
[0.947s] -- FLANN found (include: /usr/include, lib: /usr/lib/x86_64-linux-gnu/libflann_cpp.so)
[1.277s] -- OpenNI found (version: 1.5.4.0, include: /usr/include/ni, lib: /usr/lib/libOpenNI.so;libusb::libusb)
[1.285s] -- OpenNI2 found (version: 2.2.0.33, include: /usr/include/openni2, lib: /usr/lib/x86_64-linux-gnu/libOpenNI2.so;libusb::libusb)
[1.285s] [0m** WARNING ** io features related to pcap will be disabled[0m
[1.464s] -- Eigen found (include: /usr/include/eigen3, version: 3.4.0)
[1.471s] -- OpenNI found (version: 1.5.4.0, include: /usr/include/ni, lib: /usr/lib/libOpenNI.so;libusb::libusb)
[1.478s] -- OpenNI2 found (version: 2.2.0.33, include: /usr/include/openni2, lib: /usr/lib/x86_64-linux-gnu/libOpenNI2.so;libusb::libusb)
[1.647s] -- Found Qhull version 8.0.2
[1.819s] -- OpenNI found (version: 1.5.4.0, include: /usr/include/ni, lib: /usr/lib/libOpenNI.so;libusb::libusb)
[1.986s] -- looking for PCL_COMMON
[1.987s] -- looking for PCL_KDTREE
[1.987s] -- looking for PCL_OCTREE
[1.988s] -- looking for PCL_SEARCH
[1.988s] -- looking for PCL_SAMPLE_CONSENSUS
[1.989s] -- looking for PCL_FILTERS
[1.989s] -- looking for PCL_2D
[1.990s] -- looking for PCL_GEOMETRY
[1.990s] -- looking for PCL_IO
[1.991s] -- looking for PCL_FEATURES
[1.991s] -- looking for PCL_ML
[1.992s] -- looking for PCL_SEGMENTATION
[1.992s] -- looking for PCL_VISUALIZATION
[1.993s] -- looking for PCL_SURFACE
[1.994s] -- looking for PCL_REGISTRATION
[1.994s] -- looking for PCL_KEYPOINTS
[1.995s] -- looking for PCL_TRACKING
[1.995s] -- looking for PCL_RECOGNITION
[1.996s] -- looking for PCL_STEREO
[1.997s] -- looking for PCL_APPS
[1.998s] -- looking for PCL_IN_HAND_SCANNER
[1.998s] -- looking for PCL_MODELER
[1.999s] -- looking for PCL_POINT_CLOUD_EDITOR
[1.999s] -- looking for PCL_OUTOFCORE
[2.000s] -- looking for PCL_PEOPLE
[2.002s] -- Found pcl_conversions: 2.4.0 (/opt/ros/humble/share/pcl_conversions/cmake)
[2.670s] -- Configuring done
[3.164s] -- Generating done
[3.167s] -- Build files have been written to: /home/evan/code/ndt-loc/build/map
[3.212s] [35m[1mConsolidate compiler generated dependencies of target image_projection_node[0m
[3.256s] [35m[1mConsolidate compiler generated dependencies of target front_end_node[0m
[3.256s] [ 20%] Built target image_projection_node
[3.263s] [35m[1mConsolidate compiler generated dependencies of target lidar_data_node[0m
[3.280s] [35m[1mConsolidate compiler generated dependencies of target show_map_node[0m
[3.295s] [35m[1mConsolidate compiler generated dependencies of target mapping_node[0m
[3.309s] [ 40%] Built target front_end_node
[3.319s] [ 60%] Built target lidar_data_node
[3.335s] [ 80%] Built target show_map_node
[3.341s] [ 90%] [32m[1mLinking CXX executable mapping_node[0m
[3.916s] /usr/bin/ld: CMakeFiles/mapping_node.dir/src/GroundTruth.cpp.o: in function `RunMapping()':
[3.917s] GroundTruth.cpp:(.text+0xb6a): undefined reference to `ndtloc::ImageProjection::ImageProjection(std::__cxx11::basic_string<char, std::char_traits<char>, std::allocator<char> > const&)'
[3.917s] /usr/bin/ld: GroundTruth.cpp:(.text+0xf49): undefined reference to `ndtloc::ImageProjection::Run(std::shared_ptr<pcl::PointCloud<pcl::PointXYZ> >)'
[3.948s] collect2: error: ld returned 1 exit status
[3.949s] gmake[2]: *** [CMakeFiles/mapping_node.dir/build.make:296: mapping_node] Error 1
[3.950s] gmake[1]: *** [CMakeFiles/Makefile2:249: CMakeFiles/mapping_node.dir/all] Error 2
[3.950s] gmake: *** [Makefile:146: all] Error 2
[3.953s] Invoked command in '/home/evan/code/ndt-loc/build/map' returned '2': CMAKE_PREFIX_PATH=${CMAKE_PREFIX_PATH}:/opt/ros/humble /usr/bin/cmake --build /home/evan/code/ndt-loc/build/map -- -j4 -l4
