[0.369s] DEBUG:colcon:Command line arguments: ['/usr/bin/colcon', 'build', '--packages-select', 'data-publisher', 'a-loam']
[0.369s] DEBUG:colcon:Parsed command line arguments: Namespace(log_base=None, log_level=None, verb_name='build', build_base='build', install_base='install', merge_install=False, symlink_install=False, test_result_base=None, continue_on_error=False, executor='parallel', parallel_workers=4, event_handlers=None, ignore_user_meta=False, metas=['./colcon.meta'], base_paths=['.'], packages_ignore=None, packages_ignore_regex=None, paths=None, packages_up_to=None, packages_up_to_regex=None, packages_above=None, packages_above_and_dependencies=None, packages_above_depth=None, packages_select_by_dep=None, packages_skip_by_dep=None, packages_skip_up_to=None, packages_select_build_failed=False, packages_skip_build_finished=False, packages_select_test_failures=False, packages_skip_test_passed=False, packages_select=['data-publisher', 'a-loam'], packages_skip=None, packages_select_regex=None, packages_skip_regex=None, packages_start=None, packages_end=None, allow_overriding=[], cmake_args=None, cmake_target=None, cmake_target_skip_unavailable=False, cmake_clean_cache=False, cmake_clean_first=False, cmake_force_configure=False, ament_cmake_args=None, catkin_cmake_args=None, catkin_skip_building_tests=False, verb_parser=<colcon_defaults.argument_parser.defaults.DefaultArgumentsDecorator object at 0x7f293a5b62f0>, verb_extension=<colcon_core.verb.build.BuildVerb object at 0x7f293ae32a70>, main=<bound method BuildVerb.main of <colcon_core.verb.build.BuildVerb object at 0x7f293ae32a70>>)
[0.412s] Level 1:colcon.colcon_core.package_discovery:discover_packages(colcon_meta) check parameters
[0.412s] Level 1:colcon.colcon_core.package_discovery:discover_packages(recursive) check parameters
[0.413s] Level 1:colcon.colcon_core.package_discovery:discover_packages(ignore) check parameters
[0.413s] Level 1:colcon.colcon_core.package_discovery:discover_packages(path) check parameters
[0.413s] Level 1:colcon.colcon_core.package_discovery:discover_packages(colcon_meta) discover
[0.413s] Level 1:colcon.colcon_core.package_discovery:discover_packages(recursive) discover
[0.413s] INFO:colcon.colcon_core.package_discovery:Crawling recursively for packages in '/home/evan/code/ndt-loc'
[0.413s] Level 1:colcon.colcon_core.package_identification:_identify(.) by extensions ['ignore', 'ignore_ament_install']
[0.413s] Level 1:colcon.colcon_core.package_identification:_identify(.) by extension 'ignore'
[0.413s] Level 1:colcon.colcon_core.package_identification:_identify(.) by extension 'ignore_ament_install'
[0.413s] Level 1:colcon.colcon_core.package_identification:_identify(.) by extensions ['colcon_pkg']
[0.413s] Level 1:colcon.colcon_core.package_identification:_identify(.) by extension 'colcon_pkg'
[0.413s] Level 1:colcon.colcon_core.package_identification:_identify(.) by extensions ['colcon_meta']
[0.413s] Level 1:colcon.colcon_core.package_identification:_identify(.) by extension 'colcon_meta'
[0.414s] Level 1:colcon.colcon_core.package_identification:_identify(.) by extensions ['ros']
[0.414s] Level 1:colcon.colcon_core.package_identification:_identify(.) by extension 'ros'
[0.427s] Level 1:colcon.colcon_core.package_identification:_identify(.) by extensions ['cmake', 'python']
[0.427s] Level 1:colcon.colcon_core.package_identification:_identify(.) by extension 'cmake'
[0.427s] Level 1:colcon.colcon_core.package_identification:_identify(.) by extension 'python'
[0.427s] Level 1:colcon.colcon_core.package_identification:_identify(.) by extensions ['python_setup_py']
[0.427s] Level 1:colcon.colcon_core.package_identification:_identify(.) by extension 'python_setup_py'
[0.427s] Level 1:colcon.colcon_core.package_identification:_identify(build) by extensions ['ignore', 'ignore_ament_install']
[0.428s] Level 1:colcon.colcon_core.package_identification:_identify(build) by extension 'ignore'
[0.428s] Level 1:colcon.colcon_core.package_identification:_identify(build) ignored
[0.428s] Level 1:colcon.colcon_core.package_identification:_identify(install) by extensions ['ignore', 'ignore_ament_install']
[0.428s] Level 1:colcon.colcon_core.package_identification:_identify(install) by extension 'ignore'
[0.428s] Level 1:colcon.colcon_core.package_identification:_identify(install) ignored
[0.428s] Level 1:colcon.colcon_core.package_identification:_identify(launch) by extensions ['ignore', 'ignore_ament_install']
[0.428s] Level 1:colcon.colcon_core.package_identification:_identify(launch) by extension 'ignore'
[0.428s] Level 1:colcon.colcon_core.package_identification:_identify(launch) by extension 'ignore_ament_install'
[0.428s] Level 1:colcon.colcon_core.package_identification:_identify(launch) by extensions ['colcon_pkg']
[0.428s] Level 1:colcon.colcon_core.package_identification:_identify(launch) by extension 'colcon_pkg'
[0.428s] Level 1:colcon.colcon_core.package_identification:_identify(launch) by extensions ['colcon_meta']
[0.428s] Level 1:colcon.colcon_core.package_identification:_identify(launch) by extension 'colcon_meta'
[0.429s] Level 1:colcon.colcon_core.package_identification:_identify(launch) by extensions ['ros']
[0.429s] Level 1:colcon.colcon_core.package_identification:_identify(launch) by extension 'ros'
[0.429s] Level 1:colcon.colcon_core.package_identification:_identify(launch) by extensions ['cmake', 'python']
[0.429s] Level 1:colcon.colcon_core.package_identification:_identify(launch) by extension 'cmake'
[0.429s] Level 1:colcon.colcon_core.package_identification:_identify(launch) by extension 'python'
[0.429s] Level 1:colcon.colcon_core.package_identification:_identify(launch) by extensions ['python_setup_py']
[0.429s] Level 1:colcon.colcon_core.package_identification:_identify(launch) by extension 'python_setup_py'
[0.429s] Level 1:colcon.colcon_core.package_identification:_identify(launch/a-loam) by extensions ['ignore', 'ignore_ament_install']
[0.429s] Level 1:colcon.colcon_core.package_identification:_identify(launch/a-loam) by extension 'ignore'
[0.429s] Level 1:colcon.colcon_core.package_identification:_identify(launch/a-loam) by extension 'ignore_ament_install'
[0.429s] Level 1:colcon.colcon_core.package_identification:_identify(launch/a-loam) by extensions ['colcon_pkg']
[0.429s] Level 1:colcon.colcon_core.package_identification:_identify(launch/a-loam) by extension 'colcon_pkg'
[0.429s] Level 1:colcon.colcon_core.package_identification:_identify(launch/a-loam) by extensions ['colcon_meta']
[0.429s] Level 1:colcon.colcon_core.package_identification:_identify(launch/a-loam) by extension 'colcon_meta'
[0.429s] Level 1:colcon.colcon_core.package_identification:_identify(launch/a-loam) by extensions ['ros']
[0.429s] Level 1:colcon.colcon_core.package_identification:_identify(launch/a-loam) by extension 'ros'
[0.430s] Level 1:colcon.colcon_core.package_identification:_identify(launch/a-loam) by extensions ['cmake', 'python']
[0.430s] Level 1:colcon.colcon_core.package_identification:_identify(launch/a-loam) by extension 'cmake'
[0.430s] Level 1:colcon.colcon_core.package_identification:_identify(launch/a-loam) by extension 'python'
[0.430s] Level 1:colcon.colcon_core.package_identification:_identify(launch/a-loam) by extensions ['python_setup_py']
[0.430s] Level 1:colcon.colcon_core.package_identification:_identify(launch/a-loam) by extension 'python_setup_py'
[0.430s] Level 1:colcon.colcon_core.package_identification:_identify(launch/a-loam/__pycache__) by extensions ['ignore', 'ignore_ament_install']
[0.430s] Level 1:colcon.colcon_core.package_identification:_identify(launch/a-loam/__pycache__) by extension 'ignore'
[0.430s] Level 1:colcon.colcon_core.package_identification:_identify(launch/a-loam/__pycache__) by extension 'ignore_ament_install'
[0.430s] Level 1:colcon.colcon_core.package_identification:_identify(launch/a-loam/__pycache__) by extensions ['colcon_pkg']
[0.430s] Level 1:colcon.colcon_core.package_identification:_identify(launch/a-loam/__pycache__) by extension 'colcon_pkg'
[0.430s] Level 1:colcon.colcon_core.package_identification:_identify(launch/a-loam/__pycache__) by extensions ['colcon_meta']
[0.430s] Level 1:colcon.colcon_core.package_identification:_identify(launch/a-loam/__pycache__) by extension 'colcon_meta'
[0.430s] Level 1:colcon.colcon_core.package_identification:_identify(launch/a-loam/__pycache__) by extensions ['ros']
[0.430s] Level 1:colcon.colcon_core.package_identification:_identify(launch/a-loam/__pycache__) by extension 'ros'
[0.430s] Level 1:colcon.colcon_core.package_identification:_identify(launch/a-loam/__pycache__) by extensions ['cmake', 'python']
[0.430s] Level 1:colcon.colcon_core.package_identification:_identify(launch/a-loam/__pycache__) by extension 'cmake'
[0.431s] Level 1:colcon.colcon_core.package_identification:_identify(launch/a-loam/__pycache__) by extension 'python'
[0.431s] Level 1:colcon.colcon_core.package_identification:_identify(launch/a-loam/__pycache__) by extensions ['python_setup_py']
[0.431s] Level 1:colcon.colcon_core.package_identification:_identify(launch/a-loam/__pycache__) by extension 'python_setup_py'
[0.431s] Level 1:colcon.colcon_core.package_identification:_identify(log) by extensions ['ignore', 'ignore_ament_install']
[0.431s] Level 1:colcon.colcon_core.package_identification:_identify(log) by extension 'ignore'
[0.431s] Level 1:colcon.colcon_core.package_identification:_identify(log) ignored
[0.431s] Level 1:colcon.colcon_core.package_identification:_identify(src) by extensions ['ignore', 'ignore_ament_install']
[0.431s] Level 1:colcon.colcon_core.package_identification:_identify(src) by extension 'ignore'
[0.431s] Level 1:colcon.colcon_core.package_identification:_identify(src) by extension 'ignore_ament_install'
[0.431s] Level 1:colcon.colcon_core.package_identification:_identify(src) by extensions ['colcon_pkg']
[0.431s] Level 1:colcon.colcon_core.package_identification:_identify(src) by extension 'colcon_pkg'
[0.432s] Level 1:colcon.colcon_core.package_identification:_identify(src) by extensions ['colcon_meta']
[0.432s] Level 1:colcon.colcon_core.package_identification:_identify(src) by extension 'colcon_meta'
[0.432s] Level 1:colcon.colcon_core.package_identification:_identify(src) by extensions ['ros']
[0.432s] Level 1:colcon.colcon_core.package_identification:_identify(src) by extension 'ros'
[0.432s] Level 1:colcon.colcon_core.package_identification:_identify(src) by extensions ['cmake', 'python']
[0.432s] Level 1:colcon.colcon_core.package_identification:_identify(src) by extension 'cmake'
[0.432s] Level 1:colcon.colcon_core.package_identification:_identify(src) by extension 'python'
[0.432s] Level 1:colcon.colcon_core.package_identification:_identify(src) by extensions ['python_setup_py']
[0.432s] Level 1:colcon.colcon_core.package_identification:_identify(src) by extension 'python_setup_py'
[0.432s] Level 1:colcon.colcon_core.package_identification:_identify(src/a-loam) by extensions ['ignore', 'ignore_ament_install']
[0.432s] Level 1:colcon.colcon_core.package_identification:_identify(src/a-loam) by extension 'ignore'
[0.432s] Level 1:colcon.colcon_core.package_identification:_identify(src/a-loam) by extension 'ignore_ament_install'
[0.432s] Level 1:colcon.colcon_core.package_identification:_identify(src/a-loam) by extensions ['colcon_pkg']
[0.432s] Level 1:colcon.colcon_core.package_identification:_identify(src/a-loam) by extension 'colcon_pkg'
[0.432s] Level 1:colcon.colcon_core.package_identification:_identify(src/a-loam) by extensions ['colcon_meta']
[0.432s] Level 1:colcon.colcon_core.package_identification:_identify(src/a-loam) by extension 'colcon_meta'
[0.433s] Level 1:colcon.colcon_core.package_identification:_identify(src/a-loam) by extensions ['ros']
[0.433s] Level 1:colcon.colcon_core.package_identification:_identify(src/a-loam) by extension 'ros'
[0.435s] DEBUG:colcon.colcon_core.package_identification:Package 'src/a-loam' with type 'ros.ament_cmake' and name 'a-loam'
[0.436s] Level 1:colcon.colcon_core.package_identification:_identify(src/cloud_msgs) by extensions ['ignore', 'ignore_ament_install']
[0.436s] Level 1:colcon.colcon_core.package_identification:_identify(src/cloud_msgs) by extension 'ignore'
[0.436s] Level 1:colcon.colcon_core.package_identification:_identify(src/cloud_msgs) by extension 'ignore_ament_install'
[0.436s] Level 1:colcon.colcon_core.package_identification:_identify(src/cloud_msgs) by extensions ['colcon_pkg']
[0.436s] Level 1:colcon.colcon_core.package_identification:_identify(src/cloud_msgs) by extension 'colcon_pkg'
[0.436s] Level 1:colcon.colcon_core.package_identification:_identify(src/cloud_msgs) by extensions ['colcon_meta']
[0.436s] Level 1:colcon.colcon_core.package_identification:_identify(src/cloud_msgs) by extension 'colcon_meta'
[0.436s] Level 1:colcon.colcon_core.package_identification:_identify(src/cloud_msgs) by extensions ['ros']
[0.436s] Level 1:colcon.colcon_core.package_identification:_identify(src/cloud_msgs) by extension 'ros'
[0.437s] DEBUG:colcon.colcon_core.package_identification:Package 'src/cloud_msgs' with type 'ros.ament_cmake' and name 'cloud_msgs'
[0.437s] Level 1:colcon.colcon_core.package_identification:_identify(src/data-publisher) by extensions ['ignore', 'ignore_ament_install']
[0.437s] Level 1:colcon.colcon_core.package_identification:_identify(src/data-publisher) by extension 'ignore'
[0.437s] Level 1:colcon.colcon_core.package_identification:_identify(src/data-publisher) by extension 'ignore_ament_install'
[0.437s] Level 1:colcon.colcon_core.package_identification:_identify(src/data-publisher) by extensions ['colcon_pkg']
[0.437s] Level 1:colcon.colcon_core.package_identification:_identify(src/data-publisher) by extension 'colcon_pkg'
[0.437s] Level 1:colcon.colcon_core.package_identification:_identify(src/data-publisher) by extensions ['colcon_meta']
[0.437s] Level 1:colcon.colcon_core.package_identification:_identify(src/data-publisher) by extension 'colcon_meta'
[0.437s] Level 1:colcon.colcon_core.package_identification:_identify(src/data-publisher) by extensions ['ros']
[0.437s] Level 1:colcon.colcon_core.package_identification:_identify(src/data-publisher) by extension 'ros'
[0.438s] DEBUG:colcon.colcon_core.package_identification:Package 'src/data-publisher' with type 'ros.ament_cmake' and name 'data-publisher'
[0.438s] Level 1:colcon.colcon_core.package_identification:_identify(src/map) by extensions ['ignore', 'ignore_ament_install']
[0.438s] Level 1:colcon.colcon_core.package_identification:_identify(src/map) by extension 'ignore'
[0.438s] Level 1:colcon.colcon_core.package_identification:_identify(src/map) by extension 'ignore_ament_install'
[0.438s] Level 1:colcon.colcon_core.package_identification:_identify(src/map) by extensions ['colcon_pkg']
[0.438s] Level 1:colcon.colcon_core.package_identification:_identify(src/map) by extension 'colcon_pkg'
[0.438s] Level 1:colcon.colcon_core.package_identification:_identify(src/map) by extensions ['colcon_meta']
[0.438s] Level 1:colcon.colcon_core.package_identification:_identify(src/map) by extension 'colcon_meta'
[0.438s] Level 1:colcon.colcon_core.package_identification:_identify(src/map) by extensions ['ros']
[0.438s] Level 1:colcon.colcon_core.package_identification:_identify(src/map) by extension 'ros'
[0.439s] DEBUG:colcon.colcon_core.package_identification:Package 'src/map' with type 'ros.ament_cmake' and name 'map'
[0.439s] Level 1:colcon.colcon_core.package_identification:_identify(src/ndt-lidar-radar) by extensions ['ignore', 'ignore_ament_install']
[0.439s] Level 1:colcon.colcon_core.package_identification:_identify(src/ndt-lidar-radar) by extension 'ignore'
[0.439s] Level 1:colcon.colcon_core.package_identification:_identify(src/ndt-lidar-radar) by extension 'ignore_ament_install'
[0.439s] Level 1:colcon.colcon_core.package_identification:_identify(src/ndt-lidar-radar) by extensions ['colcon_pkg']
[0.440s] Level 1:colcon.colcon_core.package_identification:_identify(src/ndt-lidar-radar) by extension 'colcon_pkg'
[0.440s] Level 1:colcon.colcon_core.package_identification:_identify(src/ndt-lidar-radar) by extensions ['colcon_meta']
[0.440s] Level 1:colcon.colcon_core.package_identification:_identify(src/ndt-lidar-radar) by extension 'colcon_meta'
[0.440s] Level 1:colcon.colcon_core.package_identification:_identify(src/ndt-lidar-radar) by extensions ['ros']
[0.440s] Level 1:colcon.colcon_core.package_identification:_identify(src/ndt-lidar-radar) by extension 'ros'
[0.440s] DEBUG:colcon.colcon_core.package_identification:Package 'src/ndt-lidar-radar' with type 'ros.ament_cmake' and name 'ndt-lidar-radar'
[0.440s] Level 1:colcon.colcon_core.package_identification:_identify(src/radar-data) by extensions ['ignore', 'ignore_ament_install']
[0.441s] Level 1:colcon.colcon_core.package_identification:_identify(src/radar-data) by extension 'ignore'
[0.441s] Level 1:colcon.colcon_core.package_identification:_identify(src/radar-data) by extension 'ignore_ament_install'
[0.441s] Level 1:colcon.colcon_core.package_identification:_identify(src/radar-data) by extensions ['colcon_pkg']
[0.441s] Level 1:colcon.colcon_core.package_identification:_identify(src/radar-data) by extension 'colcon_pkg'
[0.441s] Level 1:colcon.colcon_core.package_identification:_identify(src/radar-data) by extensions ['colcon_meta']
[0.441s] Level 1:colcon.colcon_core.package_identification:_identify(src/radar-data) by extension 'colcon_meta'
[0.441s] Level 1:colcon.colcon_core.package_identification:_identify(src/radar-data) by extensions ['ros']
[0.441s] Level 1:colcon.colcon_core.package_identification:_identify(src/radar-data) by extension 'ros'
[0.442s] DEBUG:colcon.colcon_core.package_identification:Package 'src/radar-data' with type 'ros.ament_cmake' and name 'radar-data'
[0.442s] Level 1:colcon.colcon_core.package_discovery:discover_packages(recursive) using defaults
[0.442s] Level 1:colcon.colcon_core.package_discovery:discover_packages(ignore) discover
[0.442s] Level 1:colcon.colcon_core.package_discovery:discover_packages(ignore) using defaults
[0.442s] Level 1:colcon.colcon_core.package_discovery:discover_packages(path) discover
[0.442s] Level 1:colcon.colcon_core.package_discovery:discover_packages(path) using defaults
[0.470s] INFO:colcon.colcon_core.package_selection:Skipping not selected package 'cloud_msgs' in 'src/cloud_msgs'
[0.470s] INFO:colcon.colcon_core.package_selection:Skipping not selected package 'map' in 'src/map'
[0.470s] INFO:colcon.colcon_core.package_selection:Skipping not selected package 'ndt-lidar-radar' in 'src/ndt-lidar-radar'
[0.470s] INFO:colcon.colcon_core.package_selection:Skipping not selected package 'radar-data' in 'src/radar-data'
[0.470s] Level 1:colcon.colcon_core.package_discovery:discover_packages(prefix_path) check parameters
[0.471s] Level 1:colcon.colcon_core.package_discovery:discover_packages(prefix_path) discover
[0.473s] DEBUG:colcon.colcon_installed_package_information.package_discovery:Found 6 installed packages in /home/evan/code/ndt-loc/install
[0.475s] DEBUG:colcon.colcon_installed_package_information.package_discovery:Found 270 installed packages in /opt/ros/humble
[0.477s] Level 1:colcon.colcon_core.package_discovery:discover_packages(prefix_path) using defaults
[0.548s] Level 5:colcon.colcon_core.verb:set package 'a-loam' build argument 'cmake_args' from command line to 'None'
[0.548s] Level 5:colcon.colcon_core.verb:set package 'a-loam' build argument 'cmake_target' from command line to 'None'
[0.548s] Level 5:colcon.colcon_core.verb:set package 'a-loam' build argument 'cmake_target_skip_unavailable' from command line to 'False'
[0.548s] Level 5:colcon.colcon_core.verb:set package 'a-loam' build argument 'cmake_clean_cache' from command line to 'False'
[0.548s] Level 5:colcon.colcon_core.verb:set package 'a-loam' build argument 'cmake_clean_first' from command line to 'False'
[0.548s] Level 5:colcon.colcon_core.verb:set package 'a-loam' build argument 'cmake_force_configure' from command line to 'False'
[0.548s] Level 5:colcon.colcon_core.verb:set package 'a-loam' build argument 'ament_cmake_args' from command line to 'None'
[0.548s] Level 5:colcon.colcon_core.verb:set package 'a-loam' build argument 'catkin_cmake_args' from command line to 'None'
[0.548s] Level 5:colcon.colcon_core.verb:set package 'a-loam' build argument 'catkin_skip_building_tests' from command line to 'False'
[0.548s] DEBUG:colcon.colcon_core.verb:Building package 'a-loam' with the following arguments: {'ament_cmake_args': None, 'build_base': '/home/evan/code/ndt-loc/build/a-loam', 'catkin_cmake_args': None, 'catkin_skip_building_tests': False, 'cmake_args': None, 'cmake_clean_cache': False, 'cmake_clean_first': False, 'cmake_force_configure': False, 'cmake_target': None, 'cmake_target_skip_unavailable': False, 'install_base': '/home/evan/code/ndt-loc/install/a-loam', 'merge_install': False, 'path': '/home/evan/code/ndt-loc/src/a-loam', 'symlink_install': False, 'test_result_base': None}
[0.549s] Level 5:colcon.colcon_core.verb:set package 'data-publisher' build argument 'cmake_args' from command line to 'None'
[0.550s] Level 5:colcon.colcon_core.verb:set package 'data-publisher' build argument 'cmake_target' from command line to 'None'
[0.550s] Level 5:colcon.colcon_core.verb:set package 'data-publisher' build argument 'cmake_target_skip_unavailable' from command line to 'False'
[0.550s] Level 5:colcon.colcon_core.verb:set package 'data-publisher' build argument 'cmake_clean_cache' from command line to 'False'
[0.550s] Level 5:colcon.colcon_core.verb:set package 'data-publisher' build argument 'cmake_clean_first' from command line to 'False'
[0.550s] Level 5:colcon.colcon_core.verb:set package 'data-publisher' build argument 'cmake_force_configure' from command line to 'False'
[0.550s] Level 5:colcon.colcon_core.verb:set package 'data-publisher' build argument 'ament_cmake_args' from command line to 'None'
[0.550s] Level 5:colcon.colcon_core.verb:set package 'data-publisher' build argument 'catkin_cmake_args' from command line to 'None'
[0.550s] Level 5:colcon.colcon_core.verb:set package 'data-publisher' build argument 'catkin_skip_building_tests' from command line to 'False'
[0.550s] DEBUG:colcon.colcon_core.verb:Building package 'data-publisher' with the following arguments: {'ament_cmake_args': None, 'build_base': '/home/evan/code/ndt-loc/build/data-publisher', 'catkin_cmake_args': None, 'catkin_skip_building_tests': False, 'cmake_args': None, 'cmake_clean_cache': False, 'cmake_clean_first': False, 'cmake_force_configure': False, 'cmake_target': None, 'cmake_target_skip_unavailable': False, 'install_base': '/home/evan/code/ndt-loc/install/data-publisher', 'merge_install': False, 'path': '/home/evan/code/ndt-loc/src/data-publisher', 'symlink_install': False, 'test_result_base': None}
[0.551s] INFO:colcon.colcon_core.executor:Executing jobs using 'parallel' executor
[0.554s] DEBUG:colcon.colcon_parallel_executor.executor.parallel:run_until_complete
[0.554s] INFO:colcon.colcon_ros.task.ament_cmake.build:Building ROS package in '/home/evan/code/ndt-loc/src/a-loam' with build type 'ament_cmake'
[0.554s] INFO:colcon.colcon_cmake.task.cmake.build:Building CMake package in '/home/evan/code/ndt-loc/src/a-loam'
[0.560s] INFO:colcon.colcon_core.plugin_system:Skipping extension 'colcon_core.shell.bat': Not used on non-Windows systems
[0.561s] INFO:colcon.colcon_core.shell:Skip shell extension 'powershell' for command environment: Not usable outside of PowerShell
[0.561s] DEBUG:colcon.colcon_core.shell:Skip shell extension 'dsv' for command environment
[0.566s] INFO:colcon.colcon_ros.task.ament_cmake.build:Building ROS package in '/home/evan/code/ndt-loc/src/data-publisher' with build type 'ament_cmake'
[0.567s] INFO:colcon.colcon_cmake.task.cmake.build:Building CMake package in '/home/evan/code/ndt-loc/src/data-publisher'
[0.568s] INFO:colcon.colcon_core.shell:Skip shell extension 'powershell' for command environment: Not usable outside of PowerShell
[0.569s] DEBUG:colcon.colcon_core.shell:Skip shell extension 'dsv' for command environment
[0.581s] DEBUG:colcon.colcon_core.event_handler.log_command:Invoking command in '/home/evan/code/ndt-loc/build/a-loam': CMAKE_PREFIX_PATH=${CMAKE_PREFIX_PATH}:/opt/ros/humble /usr/bin/cmake --build /home/evan/code/ndt-loc/build/a-loam -- -j4 -l4
[0.587s] DEBUG:colcon.colcon_core.event_handler.log_command:Invoking command in '/home/evan/code/ndt-loc/build/data-publisher': CMAKE_PREFIX_PATH=${CMAKE_PREFIX_PATH}:/opt/ros/humble /usr/bin/cmake --build /home/evan/code/ndt-loc/build/data-publisher -- -j4 -l4
[0.676s] DEBUG:colcon.colcon_core.event_handler.log_command:Invoked command in '/home/evan/code/ndt-loc/build/data-publisher' returned '0': CMAKE_PREFIX_PATH=${CMAKE_PREFIX_PATH}:/opt/ros/humble /usr/bin/cmake --build /home/evan/code/ndt-loc/build/data-publisher -- -j4 -l4
[0.716s] DEBUG:colcon.colcon_core.event_handler.log_command:Invoking command in '/home/evan/code/ndt-loc/build/data-publisher': CMAKE_PREFIX_PATH=${CMAKE_PREFIX_PATH}:/opt/ros/humble /usr/bin/cmake --install /home/evan/code/ndt-loc/build/data-publisher
[0.726s] Level 1:colcon.colcon_core.environment:create_environment_scripts_only(data-publisher)
[0.731s] DEBUG:colcon.colcon_core.event_handler.log_command:Invoked command in '/home/evan/code/ndt-loc/build/data-publisher' returned '0': CMAKE_PREFIX_PATH=${CMAKE_PREFIX_PATH}:/opt/ros/humble /usr/bin/cmake --install /home/evan/code/ndt-loc/build/data-publisher
[0.733s] Level 1:colcon.colcon_core.environment:checking '/home/evan/code/ndt-loc/install/data-publisher' for CMake module files
[0.734s] Level 1:colcon.colcon_core.environment:checking '/home/evan/code/ndt-loc/install/data-publisher' for CMake config files
[0.734s] Level 1:colcon.colcon_core.shell:create_environment_hook('data-publisher', 'cmake_prefix_path')
[0.735s] INFO:colcon.colcon_core.shell:Creating environment hook '/home/evan/code/ndt-loc/install/data-publisher/share/data-publisher/hook/cmake_prefix_path.ps1'
[0.736s] INFO:colcon.colcon_core.shell:Creating environment descriptor '/home/evan/code/ndt-loc/install/data-publisher/share/data-publisher/hook/cmake_prefix_path.dsv'
[0.736s] INFO:colcon.colcon_core.shell:Creating environment hook '/home/evan/code/ndt-loc/install/data-publisher/share/data-publisher/hook/cmake_prefix_path.sh'
[0.737s] Level 1:colcon.colcon_core.environment:checking '/home/evan/code/ndt-loc/install/data-publisher/lib'
[0.737s] Level 1:colcon.colcon_core.environment:checking '/home/evan/code/ndt-loc/install/data-publisher/bin'
[0.738s] Level 1:colcon.colcon_core.environment:checking '/home/evan/code/ndt-loc/install/data-publisher/lib/pkgconfig/data-publisher.pc'
[0.738s] Level 1:colcon.colcon_core.environment:checking '/home/evan/code/ndt-loc/install/data-publisher/lib/python3.10/site-packages'
[0.738s] Level 1:colcon.colcon_core.environment:checking '/home/evan/code/ndt-loc/install/data-publisher/bin'
[0.739s] INFO:colcon.colcon_core.shell:Creating package script '/home/evan/code/ndt-loc/install/data-publisher/share/data-publisher/package.ps1'
[0.740s] INFO:colcon.colcon_core.shell:Creating package descriptor '/home/evan/code/ndt-loc/install/data-publisher/share/data-publisher/package.dsv'
[0.741s] INFO:colcon.colcon_core.shell:Creating package script '/home/evan/code/ndt-loc/install/data-publisher/share/data-publisher/package.sh'
[0.742s] INFO:colcon.colcon_core.shell:Creating package script '/home/evan/code/ndt-loc/install/data-publisher/share/data-publisher/package.bash'
[0.742s] INFO:colcon.colcon_core.shell:Creating package script '/home/evan/code/ndt-loc/install/data-publisher/share/data-publisher/package.zsh'
[0.743s] Level 1:colcon.colcon_core.environment:create_file_with_runtime_dependencies(/home/evan/code/ndt-loc/install/data-publisher/share/colcon-core/packages/data-publisher)
[0.777s] Level 1:colcon.colcon_core.environment:create_environment_scripts_only(data-publisher)
[0.780s] Level 1:colcon.colcon_core.environment:checking '/home/evan/code/ndt-loc/install/data-publisher' for CMake module files
[0.781s] Level 1:colcon.colcon_core.environment:checking '/home/evan/code/ndt-loc/install/data-publisher' for CMake config files
[0.781s] Level 1:colcon.colcon_core.shell:create_environment_hook('data-publisher', 'cmake_prefix_path')
[0.783s] INFO:colcon.colcon_core.shell:Creating environment hook '/home/evan/code/ndt-loc/install/data-publisher/share/data-publisher/hook/cmake_prefix_path.ps1'
[0.783s] INFO:colcon.colcon_core.shell:Creating environment descriptor '/home/evan/code/ndt-loc/install/data-publisher/share/data-publisher/hook/cmake_prefix_path.dsv'
[0.784s] INFO:colcon.colcon_core.shell:Creating environment hook '/home/evan/code/ndt-loc/install/data-publisher/share/data-publisher/hook/cmake_prefix_path.sh'
[0.785s] Level 1:colcon.colcon_core.environment:checking '/home/evan/code/ndt-loc/install/data-publisher/lib'
[0.785s] Level 1:colcon.colcon_core.environment:checking '/home/evan/code/ndt-loc/install/data-publisher/bin'
[0.785s] Level 1:colcon.colcon_core.environment:checking '/home/evan/code/ndt-loc/install/data-publisher/lib/pkgconfig/data-publisher.pc'
[0.785s] Level 1:colcon.colcon_core.environment:checking '/home/evan/code/ndt-loc/install/data-publisher/lib/python3.10/site-packages'
[0.785s] Level 1:colcon.colcon_core.environment:checking '/home/evan/code/ndt-loc/install/data-publisher/bin'
[0.787s] INFO:colcon.colcon_core.shell:Creating package script '/home/evan/code/ndt-loc/install/data-publisher/share/data-publisher/package.ps1'
[0.787s] INFO:colcon.colcon_core.shell:Creating package descriptor '/home/evan/code/ndt-loc/install/data-publisher/share/data-publisher/package.dsv'
[0.788s] INFO:colcon.colcon_core.shell:Creating package script '/home/evan/code/ndt-loc/install/data-publisher/share/data-publisher/package.sh'
[0.788s] INFO:colcon.colcon_core.shell:Creating package script '/home/evan/code/ndt-loc/install/data-publisher/share/data-publisher/package.bash'
[0.789s] INFO:colcon.colcon_core.shell:Creating package script '/home/evan/code/ndt-loc/install/data-publisher/share/data-publisher/package.zsh'
[0.789s] Level 1:colcon.colcon_core.environment:create_file_with_runtime_dependencies(/home/evan/code/ndt-loc/install/data-publisher/share/colcon-core/packages/data-publisher)
[16.058s] DEBUG:colcon.colcon_core.event_handler.log_command:Invoked command in '/home/evan/code/ndt-loc/build/a-loam' returned '0': CMAKE_PREFIX_PATH=${CMAKE_PREFIX_PATH}:/opt/ros/humble /usr/bin/cmake --build /home/evan/code/ndt-loc/build/a-loam -- -j4 -l4
[16.089s] DEBUG:colcon.colcon_core.event_handler.log_command:Invoking command in '/home/evan/code/ndt-loc/build/a-loam': CMAKE_PREFIX_PATH=${CMAKE_PREFIX_PATH}:/opt/ros/humble /usr/bin/cmake --install /home/evan/code/ndt-loc/build/a-loam
[16.104s] Level 1:colcon.colcon_core.environment:create_environment_scripts_only(a-loam)
[16.106s] Level 1:colcon.colcon_core.environment:checking '/home/evan/code/ndt-loc/install/a-loam' for CMake module files
[16.107s] Level 1:colcon.colcon_core.environment:checking '/home/evan/code/ndt-loc/install/a-loam' for CMake config files
[16.108s] DEBUG:colcon.colcon_core.event_handler.log_command:Invoked command in '/home/evan/code/ndt-loc/build/a-loam' returned '0': CMAKE_PREFIX_PATH=${CMAKE_PREFIX_PATH}:/opt/ros/humble /usr/bin/cmake --install /home/evan/code/ndt-loc/build/a-loam
[16.108s] Level 1:colcon.colcon_core.shell:create_environment_hook('a-loam', 'cmake_prefix_path')
[16.110s] INFO:colcon.colcon_core.shell:Creating environment hook '/home/evan/code/ndt-loc/install/a-loam/share/a-loam/hook/cmake_prefix_path.ps1'
[16.110s] INFO:colcon.colcon_core.shell:Creating environment descriptor '/home/evan/code/ndt-loc/install/a-loam/share/a-loam/hook/cmake_prefix_path.dsv'
[16.111s] INFO:colcon.colcon_core.shell:Creating environment hook '/home/evan/code/ndt-loc/install/a-loam/share/a-loam/hook/cmake_prefix_path.sh'
[16.111s] Level 1:colcon.colcon_core.environment:checking '/home/evan/code/ndt-loc/install/a-loam/lib'
[16.112s] Level 1:colcon.colcon_core.environment:checking '/home/evan/code/ndt-loc/install/a-loam/bin'
[16.112s] Level 1:colcon.colcon_core.environment:checking '/home/evan/code/ndt-loc/install/a-loam/lib/pkgconfig/a-loam.pc'
[16.112s] Level 1:colcon.colcon_core.environment:checking '/home/evan/code/ndt-loc/install/a-loam/lib/python3.10/site-packages'
[16.112s] Level 1:colcon.colcon_core.environment:checking '/home/evan/code/ndt-loc/install/a-loam/bin'
[16.114s] INFO:colcon.colcon_core.shell:Creating package script '/home/evan/code/ndt-loc/install/a-loam/share/a-loam/package.ps1'
[16.114s] INFO:colcon.colcon_core.shell:Creating package descriptor '/home/evan/code/ndt-loc/install/a-loam/share/a-loam/package.dsv'
[16.115s] INFO:colcon.colcon_core.shell:Creating package script '/home/evan/code/ndt-loc/install/a-loam/share/a-loam/package.sh'
[16.115s] INFO:colcon.colcon_core.shell:Creating package script '/home/evan/code/ndt-loc/install/a-loam/share/a-loam/package.bash'
[16.116s] INFO:colcon.colcon_core.shell:Creating package script '/home/evan/code/ndt-loc/install/a-loam/share/a-loam/package.zsh'
[16.116s] Level 1:colcon.colcon_core.environment:create_file_with_runtime_dependencies(/home/evan/code/ndt-loc/install/a-loam/share/colcon-core/packages/a-loam)
[16.147s] Level 1:colcon.colcon_core.environment:create_environment_scripts_only(a-loam)
[16.149s] Level 1:colcon.colcon_core.environment:checking '/home/evan/code/ndt-loc/install/a-loam' for CMake module files
[16.149s] Level 1:colcon.colcon_core.environment:checking '/home/evan/code/ndt-loc/install/a-loam' for CMake config files
[16.150s] Level 1:colcon.colcon_core.shell:create_environment_hook('a-loam', 'cmake_prefix_path')
[16.151s] INFO:colcon.colcon_core.shell:Creating environment hook '/home/evan/code/ndt-loc/install/a-loam/share/a-loam/hook/cmake_prefix_path.ps1'
[16.151s] INFO:colcon.colcon_core.shell:Creating environment descriptor '/home/evan/code/ndt-loc/install/a-loam/share/a-loam/hook/cmake_prefix_path.dsv'
[16.152s] INFO:colcon.colcon_core.shell:Creating environment hook '/home/evan/code/ndt-loc/install/a-loam/share/a-loam/hook/cmake_prefix_path.sh'
[16.152s] Level 1:colcon.colcon_core.environment:checking '/home/evan/code/ndt-loc/install/a-loam/lib'
[16.152s] Level 1:colcon.colcon_core.environment:checking '/home/evan/code/ndt-loc/install/a-loam/bin'
[16.152s] Level 1:colcon.colcon_core.environment:checking '/home/evan/code/ndt-loc/install/a-loam/lib/pkgconfig/a-loam.pc'
[16.153s] Level 1:colcon.colcon_core.environment:checking '/home/evan/code/ndt-loc/install/a-loam/lib/python3.10/site-packages'
[16.153s] Level 1:colcon.colcon_core.environment:checking '/home/evan/code/ndt-loc/install/a-loam/bin'
[16.154s] INFO:colcon.colcon_core.shell:Creating package script '/home/evan/code/ndt-loc/install/a-loam/share/a-loam/package.ps1'
[16.155s] INFO:colcon.colcon_core.shell:Creating package descriptor '/home/evan/code/ndt-loc/install/a-loam/share/a-loam/package.dsv'
[16.155s] INFO:colcon.colcon_core.shell:Creating package script '/home/evan/code/ndt-loc/install/a-loam/share/a-loam/package.sh'
[16.155s] INFO:colcon.colcon_core.shell:Creating package script '/home/evan/code/ndt-loc/install/a-loam/share/a-loam/package.bash'
[16.156s] INFO:colcon.colcon_core.shell:Creating package script '/home/evan/code/ndt-loc/install/a-loam/share/a-loam/package.zsh'
[16.156s] Level 1:colcon.colcon_core.environment:create_file_with_runtime_dependencies(/home/evan/code/ndt-loc/install/a-loam/share/colcon-core/packages/a-loam)
[16.156s] DEBUG:colcon.colcon_parallel_executor.executor.parallel:closing loop
[16.157s] DEBUG:colcon.colcon_parallel_executor.executor.parallel:loop closed
[16.157s] DEBUG:colcon.colcon_parallel_executor.executor.parallel:run_until_complete finished with '0'
[16.157s] DEBUG:colcon.colcon_core.event_reactor:joining thread
[16.163s] INFO:colcon.colcon_core.plugin_system:Skipping extension 'colcon_notification.desktop_notification.terminal_notifier': Not used on non-Darwin systems
[16.163s] INFO:colcon.colcon_core.plugin_system:Skipping extension 'colcon_notification.desktop_notification.win32': Not used on non-Windows systems
[16.163s] INFO:colcon.colcon_notification.desktop_notification:Sending desktop notification using 'notify2'
[16.177s] DEBUG:colcon.colcon_core.event_reactor:joined thread
[16.178s] INFO:colcon.colcon_core.shell:Creating prefix script '/home/evan/code/ndt-loc/install/local_setup.ps1'
[16.180s] INFO:colcon.colcon_core.shell:Creating prefix util module '/home/evan/code/ndt-loc/install/_local_setup_util_ps1.py'
[16.181s] INFO:colcon.colcon_core.shell:Creating prefix chain script '/home/evan/code/ndt-loc/install/setup.ps1'
[16.183s] INFO:colcon.colcon_core.shell:Creating prefix script '/home/evan/code/ndt-loc/install/local_setup.sh'
[16.183s] INFO:colcon.colcon_core.shell:Creating prefix util module '/home/evan/code/ndt-loc/install/_local_setup_util_sh.py'
[16.184s] INFO:colcon.colcon_core.shell:Creating prefix chain script '/home/evan/code/ndt-loc/install/setup.sh'
[16.186s] INFO:colcon.colcon_core.shell:Creating prefix script '/home/evan/code/ndt-loc/install/local_setup.bash'
[16.187s] INFO:colcon.colcon_core.shell:Creating prefix chain script '/home/evan/code/ndt-loc/install/setup.bash'
[16.189s] INFO:colcon.colcon_core.shell:Creating prefix script '/home/evan/code/ndt-loc/install/local_setup.zsh'
[16.189s] INFO:colcon.colcon_core.shell:Creating prefix chain script '/home/evan/code/ndt-loc/install/setup.zsh'
