[0.344s] Invoking command in '/home/evan/code/ndt-loc/build/map': CMAKE_PREFIX_PATH=${CMAKE_PREFIX_PATH}:/opt/ros/humble /usr/bin/cmake --build /home/evan/code/ndt-loc/build/map -- -j4 -l4
[0.406s] -- Found ament_cmake: 1.3.3 (/opt/ros/humble/share/ament_cmake/cmake)
[0.803s] -- Found rclcpp: 16.0.3 (/opt/ros/humble/share/rclcpp/cmake)
[0.865s] -- Found rosidl_generator_c: 3.1.4 (/opt/ros/humble/share/rosidl_generator_c/cmake)
[0.867s] -- Found rosidl_adapter: 3.1.4 (/opt/ros/humble/share/rosidl_adapter/cmake)
[0.874s] -- Found rosidl_generator_cpp: 3.1.4 (/opt/ros/humble/share/rosidl_generator_cpp/cmake)
[0.887s] -- Using all available rosidl_typesupport_c: rosidl_typesupport_fastrtps_c;rosidl_typesupport_introspection_c
[0.904s] -- Using all available rosidl_typesupport_cpp: rosidl_typesupport_fastrtps_cpp;rosidl_typesupport_introspection_cpp
[0.973s] -- Found rmw_implementation_cmake: 6.1.1 (/opt/ros/humble/share/rmw_implementation_cmake/cmake)
[0.975s] -- Found rmw_fastrtps_cpp: 6.2.2 (/opt/ros/humble/share/rmw_fastrtps_cpp/cmake)
[1.108s] -- Using RMW implementation 'rmw_fastrtps_cpp' as default
[1.296s] -- Found sensor_msgs: 4.2.3 (/opt/ros/humble/share/sensor_msgs/cmake)
[1.460s] -- Eigen found (include: /usr/include/eigen3, version: 3.4.0)
[1.491s] -- FLANN found (include: /usr/include, lib: /usr/lib/x86_64-linux-gnu/libflann_cpp.so)
[2.693s] -- OpenNI found (version: 1.5.4.0, include: /usr/include/ni, lib: /usr/lib/libOpenNI.so;libusb::libusb)
[2.699s] -- OpenNI2 found (version: 2.2.0.33, include: /usr/include/openni2, lib: /usr/lib/x86_64-linux-gnu/libOpenNI2.so;libusb::libusb)
[2.699s] [0m** WARNING ** io features related to pcap will be disabled[0m
[2.864s] -- Eigen found (include: /usr/include/eigen3, version: 3.4.0)
[2.871s] -- OpenNI found (version: 1.5.4.0, include: /usr/include/ni, lib: /usr/lib/libOpenNI.so;libusb::libusb)
[2.878s] -- OpenNI2 found (version: 2.2.0.33, include: /usr/include/openni2, lib: /usr/lib/x86_64-linux-gnu/libOpenNI2.so;libusb::libusb)
[3.031s] -- Found Qhull version 8.0.2
[3.193s] -- OpenNI found (version: 1.5.4.0, include: /usr/include/ni, lib: /usr/lib/libOpenNI.so;libusb::libusb)
[3.350s] -- looking for PCL_COMMON
[3.351s] -- looking for PCL_KDTREE
[3.351s] -- looking for PCL_OCTREE
[3.352s] -- looking for PCL_SEARCH
[3.352s] -- looking for PCL_SAMPLE_CONSENSUS
[3.352s] -- looking for PCL_FILTERS
[3.353s] -- looking for PCL_2D
[3.353s] -- looking for PCL_GEOMETRY
[3.354s] -- looking for PCL_IO
[3.354s] -- looking for PCL_FEATURES
[3.355s] -- looking for PCL_ML
[3.355s] -- looking for PCL_SEGMENTATION
[3.356s] -- looking for PCL_VISUALIZATION
[3.356s] -- looking for PCL_SURFACE
[3.357s] -- looking for PCL_REGISTRATION
[3.357s] -- looking for PCL_KEYPOINTS
[3.358s] -- looking for PCL_TRACKING
[3.358s] -- looking for PCL_RECOGNITION
[3.359s] -- looking for PCL_STEREO
[3.359s] -- looking for PCL_APPS
[3.360s] -- looking for PCL_IN_HAND_SCANNER
[3.361s] -- looking for PCL_MODELER
[3.361s] -- looking for PCL_POINT_CLOUD_EDITOR
[3.362s] -- looking for PCL_OUTOFCORE
[3.362s] -- looking for PCL_PEOPLE
[3.364s] -- Found pcl_conversions: 2.4.0 (/opt/ros/humble/share/pcl_conversions/cmake)
[3.523s] [31mCMake Error at /opt/ros/humble/share/ament_cmake_target_dependencies/cmake/ament_target_dependencies.cmake:77 (message):
[3.523s]   ament_target_dependencies() the passed package name 'pcl_common' was not
[3.523s]   found before
[3.523s] Call Stack (most recent call first):
[3.523s]   CMakeLists.txt:33 (ament_target_dependencies)
[3.523s] 
[3.523s] [0m
[3.523s] -- Configuring incomplete, errors occurred!
[3.524s] See also "/home/evan/code/ndt-loc/build/map/CMakeFiles/CMakeOutput.log".
[3.652s] gmake: *** [Makefile:448: cmake_check_build_system] Error 1
[3.655s] Invoked command in '/home/evan/code/ndt-loc/build/map' returned '2': CMAKE_PREFIX_PATH=${CMAKE_PREFIX_PATH}:/opt/ros/humble /usr/bin/cmake --build /home/evan/code/ndt-loc/build/map -- -j4 -l4
