[0.025s] Invoking command in '/home/evan/code/ndt-loc/build/map': CMAKE_PREFIX_PATH=${CMAKE_PREFIX_PATH}:/opt/ros/humble /usr/bin/cmake --build /home/evan/code/ndt-loc/build/map -- -j4 -l4
[0.110s] [35m[1mConsolidate compiler generated dependencies of target lidar_data_node[0m
[0.118s] [35m[1mConsolidate compiler generated dependencies of target front_end_node[0m
[0.151s] [ 25%] [32mBuilding CXX object CMakeFiles/lidar_data_node.dir/src/LidarData.cpp.o[0m
[0.235s] [ 50%] [32mBuilding CXX object CMakeFiles/front_end_node.dir/src/FrontEnd.cpp.o[0m
[16.342s] [ 75%] [32m[1mLinking CXX executable lidar_data_node[0m
[17.322s] [ 75%] Built target lidar_data_node
[29.441s] [100%] [32m[1mLinking CXX executable front_end_node[0m
[32.044s] [100%] Built target front_end_node
[32.057s] Invoked command in '/home/evan/code/ndt-loc/build/map' returned '0': CMAKE_PREFIX_PATH=${CMAKE_PREFIX_PATH}:/opt/ros/humble /usr/bin/cmake --build /home/evan/code/ndt-loc/build/map -- -j4 -l4
[32.090s] Invoking command in '/home/evan/code/ndt-loc/build/map': CMAKE_PREFIX_PATH=${CMAKE_PREFIX_PATH}:/opt/ros/humble /usr/bin/cmake --install /home/evan/code/ndt-loc/build/map
[32.098s] -- Install configuration: ""
[32.099s] -- Installing: /home/evan/code/ndt-loc/install/map/lib/map/lidar_data_node
[32.105s] -- Set runtime path of "/home/evan/code/ndt-loc/install/map/lib/map/lidar_data_node" to ""
[32.105s] -- Installing: /home/evan/code/ndt-loc/install/map/lib/map/front_end_node
[32.120s] -- Set runtime path of "/home/evan/code/ndt-loc/install/map/lib/map/front_end_node" to ""
[32.120s] -- Up-to-date: /home/evan/code/ndt-loc/install/map/share/ament_index/resource_index/package_run_dependencies/map
[32.120s] -- Installing: /home/evan/code/ndt-loc/install/map/share/ament_index/resource_index/parent_prefix_path/map
[32.120s] -- Up-to-date: /home/evan/code/ndt-loc/install/map/share/map/environment/ament_prefix_path.sh
[32.121s] -- Installing: /home/evan/code/ndt-loc/install/map/share/map/environment/ament_prefix_path.dsv
[32.121s] -- Up-to-date: /home/evan/code/ndt-loc/install/map/share/map/environment/path.sh
[32.121s] -- Installing: /home/evan/code/ndt-loc/install/map/share/map/environment/path.dsv
[32.121s] -- Up-to-date: /home/evan/code/ndt-loc/install/map/share/map/local_setup.bash
[32.121s] -- Up-to-date: /home/evan/code/ndt-loc/install/map/share/map/local_setup.sh
[32.121s] -- Up-to-date: /home/evan/code/ndt-loc/install/map/share/map/local_setup.zsh
[32.121s] -- Installing: /home/evan/code/ndt-loc/install/map/share/map/local_setup.dsv
[32.121s] -- Installing: /home/evan/code/ndt-loc/install/map/share/map/package.dsv
[32.121s] -- Up-to-date: /home/evan/code/ndt-loc/install/map/share/ament_index/resource_index/packages/map
[32.121s] -- Up-to-date: /home/evan/code/ndt-loc/install/map/share/map/cmake/ament_cmake_export_include_directories-extras.cmake
[32.121s] -- Up-to-date: /home/evan/code/ndt-loc/install/map/share/map/cmake/mapConfig.cmake
[32.122s] -- Up-to-date: /home/evan/code/ndt-loc/install/map/share/map/cmake/mapConfig-version.cmake
[32.122s] -- Up-to-date: /home/evan/code/ndt-loc/install/map/share/map/package.xml
[32.125s] Invoked command in '/home/evan/code/ndt-loc/build/map' returned '0': CMAKE_PREFIX_PATH=${CMAKE_PREFIX_PATH}:/opt/ros/humble /usr/bin/cmake --install /home/evan/code/ndt-loc/build/map
